automake-1.9.6/
automake-1.9.6/m4/
automake-1.9.6/m4/amversion.m4
automake-1.9.6/m4/auxdir.m4
automake-1.9.6/m4/init.m4
automake-1.9.6/m4/install-sh.m4
automake-1.9.6/m4/lead-dot.m4
automake-1.9.6/m4/missing.m4
automake-1.9.6/m4/mkdirp.m4
automake-1.9.6/m4/options.m4
automake-1.9.6/m4/runlog.m4
automake-1.9.6/m4/sanity.m4
automake-1.9.6/m4/strip.m4
automake-1.9.6/m4/tar.m4
automake-1.9.6/m4/as.m4
automake-1.9.6/m4/ccstdc.m4
automake-1.9.6/m4/cond.m4
automake-1.9.6/m4/depend.m4
automake-1.9.6/m4/depout.m4
automake-1.9.6/m4/dmalloc.m4
automake-1.9.6/m4/gcj.m4
automake-1.9.6/m4/header.m4
automake-1.9.6/m4/lex.m4
automake-1.9.6/m4/lispdir.m4
automake-1.9.6/m4/maintainer.m4
automake-1.9.6/m4/make.m4
automake-1.9.6/m4/minuso.m4
automake-1.9.6/m4/multi.m4
automake-1.9.6/m4/obsol-gt.m4
automake-1.9.6/m4/obsol-lt.m4
automake-1.9.6/m4/obsolete.m4
automake-1.9.6/m4/protos.m4
automake-1.9.6/m4/python.m4
automake-1.9.6/m4/regex.m4
automake-1.9.6/m4/Makefile.am
automake-1.9.6/m4/Makefile.in
automake-1.9.6/m4/dirlist
automake-1.9.6/m4/amversion.in
automake-1.9.6/tests/
automake-1.9.6/tests/README
automake-1.9.6/tests/Makefile.am
automake-1.9.6/tests/Makefile.in
automake-1.9.6/tests/aclocal.in
automake-1.9.6/tests/automake.in
automake-1.9.6/tests/defs.in
automake-1.9.6/tests/ChangeLog-old
automake-1.9.6/tests/aclibobj.test
automake-1.9.6/tests/aclocal.test
automake-1.9.6/tests/aclocal3.test
automake-1.9.6/tests/aclocal4.test
automake-1.9.6/tests/aclocal5.test
automake-1.9.6/tests/aclocal6.test
automake-1.9.6/tests/aclocal7.test
automake-1.9.6/tests/aclocal8.test
automake-1.9.6/tests/aclocal9.test
automake-1.9.6/tests/acloca10.test
automake-1.9.6/tests/acloca11.test
automake-1.9.6/tests/acloca12.test
automake-1.9.6/tests/acloca13.test
automake-1.9.6/tests/acloca14.test
automake-1.9.6/tests/acloca15.test
automake-1.9.6/tests/acloca16.test
automake-1.9.6/tests/acloca17.test
automake-1.9.6/tests/acloca19.test
automake-1.9.6/tests/acoutnoq.test
automake-1.9.6/tests/acoutpt.test
automake-1.9.6/tests/acoutpt2.test
automake-1.9.6/tests/acoutqnl.test
automake-1.9.6/tests/acoutbs.test
automake-1.9.6/tests/acsilent.test
automake-1.9.6/tests/acsubst.test
automake-1.9.6/tests/acsubst2.test
automake-1.9.6/tests/all.test
automake-1.9.6/tests/alloca.test
automake-1.9.6/tests/alloca2.test
automake-1.9.6/tests/alpha.test
automake-1.9.6/tests/alpha2.test
automake-1.9.6/tests/amassign.test
automake-1.9.6/tests/ammissing.test
automake-1.9.6/tests/ansi.test
automake-1.9.6/tests/ansi2.test
automake-1.9.6/tests/ansi3.test
automake-1.9.6/tests/ansi3b.test
automake-1.9.6/tests/ansi4.test
automake-1.9.6/tests/ansi5.test
automake-1.9.6/tests/ansi6.test
automake-1.9.6/tests/ansi7.test
automake-1.9.6/tests/ansi8.test
automake-1.9.6/tests/ansi9.test
automake-1.9.6/tests/ansi10.test
automake-1.9.6/tests/ar.test
automake-1.9.6/tests/ar2.test
automake-1.9.6/tests/asm.test
automake-1.9.6/tests/autohdr.test
automake-1.9.6/tests/autohdr2.test
automake-1.9.6/tests/autohdr3.test
automake-1.9.6/tests/autohdr4.test
automake-1.9.6/tests/auxdir.test
automake-1.9.6/tests/auxdir2.test
automake-1.9.6/tests/auxdir3.test
automake-1.9.6/tests/auxdir4.test
automake-1.9.6/tests/backsl.test
automake-1.9.6/tests/backsl2.test
automake-1.9.6/tests/backsl3.test
automake-1.9.6/tests/backsl4.test
automake-1.9.6/tests/badline.test
automake-1.9.6/tests/badprog.test
automake-1.9.6/tests/block.test
automake-1.9.6/tests/bsource.test
automake-1.9.6/tests/canon.test
automake-1.9.6/tests/canon2.test
automake-1.9.6/tests/canon3.test
automake-1.9.6/tests/canon4.test
automake-1.9.6/tests/canon5.test
automake-1.9.6/tests/ccnoco.test
automake-1.9.6/tests/check.test
automake-1.9.6/tests/check2.test
automake-1.9.6/tests/check3.test
automake-1.9.6/tests/check4.test
automake-1.9.6/tests/checkall.test
automake-1.9.6/tests/clean.test
automake-1.9.6/tests/clean2.test
automake-1.9.6/tests/colneq.test
automake-1.9.6/tests/colneq2.test
automake-1.9.6/tests/colon.test
automake-1.9.6/tests/colon2.test
automake-1.9.6/tests/colon3.test
automake-1.9.6/tests/colon4.test
automake-1.9.6/tests/colon5.test
automake-1.9.6/tests/colon6.test
automake-1.9.6/tests/colon7.test
automake-1.9.6/tests/comment.test
automake-1.9.6/tests/comment2.test
automake-1.9.6/tests/comment3.test
automake-1.9.6/tests/comment4.test
automake-1.9.6/tests/comment5.test
automake-1.9.6/tests/comment6.test
automake-1.9.6/tests/comment7.test
automake-1.9.6/tests/comment8.test
automake-1.9.6/tests/comment9.test
automake-1.9.6/tests/commen10.test
automake-1.9.6/tests/compile.test
automake-1.9.6/tests/compile_f90_c_cxx.test
automake-1.9.6/tests/compile_f_c_cxx.test
automake-1.9.6/tests/cond.test
automake-1.9.6/tests/cond2.test
automake-1.9.6/tests/cond3.test
automake-1.9.6/tests/cond4.test
automake-1.9.6/tests/cond5.test
automake-1.9.6/tests/cond6.test
automake-1.9.6/tests/cond7.test
automake-1.9.6/tests/cond8.test
automake-1.9.6/tests/cond9.test
automake-1.9.6/tests/cond10.test
automake-1.9.6/tests/cond11.test
automake-1.9.6/tests/cond13.test
automake-1.9.6/tests/cond14.test
automake-1.9.6/tests/cond15.test
automake-1.9.6/tests/cond16.test
automake-1.9.6/tests/cond17.test
automake-1.9.6/tests/cond18.test
automake-1.9.6/tests/cond19.test
automake-1.9.6/tests/cond20.test
automake-1.9.6/tests/cond21.test
automake-1.9.6/tests/cond22.test
automake-1.9.6/tests/cond23.test
automake-1.9.6/tests/cond24.test
automake-1.9.6/tests/cond25.test
automake-1.9.6/tests/cond26.test
automake-1.9.6/tests/cond27.test
automake-1.9.6/tests/cond28.test
automake-1.9.6/tests/cond29.test
automake-1.9.6/tests/cond30.test
automake-1.9.6/tests/cond31.test
automake-1.9.6/tests/cond32.test
automake-1.9.6/tests/cond33.test
automake-1.9.6/tests/cond34.test
automake-1.9.6/tests/cond35.test
automake-1.9.6/tests/cond36.test
automake-1.9.6/tests/cond37.test
automake-1.9.6/tests/cond38.test
automake-1.9.6/tests/condd.test
automake-1.9.6/tests/condhook.test
automake-1.9.6/tests/condinc.test
automake-1.9.6/tests/condinc2.test
automake-1.9.6/tests/condlib.test
automake-1.9.6/tests/condman.test
automake-1.9.6/tests/condman2.test
automake-1.9.6/tests/conf2.test
automake-1.9.6/tests/confdeps.test
automake-1.9.6/tests/conff.test
automake-1.9.6/tests/conff2.test
automake-1.9.6/tests/confh.test
automake-1.9.6/tests/confh4.test
automake-1.9.6/tests/confh5.test
automake-1.9.6/tests/config.test
automake-1.9.6/tests/confincl.test
automake-1.9.6/tests/conflnk.test
automake-1.9.6/tests/conflnk2.test
automake-1.9.6/tests/conflnk3.test
automake-1.9.6/tests/confsub.test
automake-1.9.6/tests/confvar.test
automake-1.9.6/tests/confvar2.test
automake-1.9.6/tests/copy.test
automake-1.9.6/tests/ctarget1.test
automake-1.9.6/tests/cxx.test
automake-1.9.6/tests/cxx2.test
automake-1.9.6/tests/cxxansi.test
automake-1.9.6/tests/cxxcpp.test
automake-1.9.6/tests/cxxlibobj.test
automake-1.9.6/tests/cxxlink.test
automake-1.9.6/tests/cxxnoc.test
automake-1.9.6/tests/cxxo.test
automake-1.9.6/tests/cygwin32.test
automake-1.9.6/tests/dash.test
automake-1.9.6/tests/defun.test
automake-1.9.6/tests/defun2.test
automake-1.9.6/tests/dejagnu.test
automake-1.9.6/tests/dejagnu2.test
automake-1.9.6/tests/dejagnu3.test
automake-1.9.6/tests/dejagnu4.test
automake-1.9.6/tests/dejagnu5.test
automake-1.9.6/tests/dejagnu6.test
automake-1.9.6/tests/dejagnu7.test
automake-1.9.6/tests/depacl2.test
automake-1.9.6/tests/depcomp.test
automake-1.9.6/tests/depcomp2.test
automake-1.9.6/tests/depcomp3.test
automake-1.9.6/tests/depcomp4.test
automake-1.9.6/tests/depcomp5.test
automake-1.9.6/tests/depdist.test
automake-1.9.6/tests/depend.test
automake-1.9.6/tests/depend2.test
automake-1.9.6/tests/depend3.test
automake-1.9.6/tests/depend4.test
automake-1.9.6/tests/destdir.test
automake-1.9.6/tests/dirforbid.test
automake-1.9.6/tests/dirlist.test
automake-1.9.6/tests/discover.test
automake-1.9.6/tests/distcom2.test
automake-1.9.6/tests/distcom3.test
automake-1.9.6/tests/distcom4.test
automake-1.9.6/tests/distcom5.test
automake-1.9.6/tests/distcom6.test
automake-1.9.6/tests/distcom7.test
automake-1.9.6/tests/distdir.test
automake-1.9.6/tests/distname.test
automake-1.9.6/tests/dollar.test
automake-1.9.6/tests/double.test
automake-1.9.6/tests/dup2.test
automake-1.9.6/tests/else.test
automake-1.9.6/tests/empty.test
automake-1.9.6/tests/empty2.test
automake-1.9.6/tests/empty3.test
automake-1.9.6/tests/empty4.test
automake-1.9.6/tests/exdir.test
automake-1.9.6/tests/exdir2.test
automake-1.9.6/tests/exeext.test
automake-1.9.6/tests/exeext2.test
automake-1.9.6/tests/exeext3.test
automake-1.9.6/tests/exeext4.test
automake-1.9.6/tests/exsource.test
automake-1.9.6/tests/ext.test
automake-1.9.6/tests/ext2.test
automake-1.9.6/tests/extra.test
automake-1.9.6/tests/extra3.test
automake-1.9.6/tests/extra4.test
automake-1.9.6/tests/extra5.test
automake-1.9.6/tests/extra6.test
automake-1.9.6/tests/extra7.test
automake-1.9.6/tests/f90only.test
automake-1.9.6/tests/flibs.test
automake-1.9.6/tests/fn99.test
automake-1.9.6/tests/fnoc.test
automake-1.9.6/tests/fo.test
automake-1.9.6/tests/fonly.test
automake-1.9.6/tests/fortdep.test
automake-1.9.6/tests/fpinst2.test
automake-1.9.6/tests/fpinstall.test
automake-1.9.6/tests/gcj.test
automake-1.9.6/tests/gcj2.test
automake-1.9.6/tests/gcj3.test
automake-1.9.6/tests/gcj4.test
automake-1.9.6/tests/gcj5.test
automake-1.9.6/tests/getopt.test
automake-1.9.6/tests/gettext.test
automake-1.9.6/tests/gettext2.test
automake-1.9.6/tests/gnumake.test
automake-1.9.6/tests/gnuwarn.test
automake-1.9.6/tests/gnuwarn2.test
automake-1.9.6/tests/gnits.test
automake-1.9.6/tests/gnits2.test
automake-1.9.6/tests/gnits3.test
automake-1.9.6/tests/header.test
automake-1.9.6/tests/help.test
automake-1.9.6/tests/hfs.test
automake-1.9.6/tests/hosts.test
automake-1.9.6/tests/implicit.test
automake-1.9.6/tests/include.test
automake-1.9.6/tests/include2.test
automake-1.9.6/tests/info.test
automake-1.9.6/tests/insh2.test
automake-1.9.6/tests/install2.test
automake-1.9.6/tests/installdir.test
automake-1.9.6/tests/instsh.test
automake-1.9.6/tests/instsh2.test
automake-1.9.6/tests/instdat.test
automake-1.9.6/tests/instdat2.test
automake-1.9.6/tests/instexec.test
automake-1.9.6/tests/insthook.test
automake-1.9.6/tests/instman.test
automake-1.9.6/tests/instman2.test
automake-1.9.6/tests/instspc.test
automake-1.9.6/tests/interp.test
automake-1.9.6/tests/interp2.test
automake-1.9.6/tests/java.test
automake-1.9.6/tests/java2.test
automake-1.9.6/tests/java3.test
automake-1.9.6/tests/javaprim.test
automake-1.9.6/tests/javasubst.test
automake-1.9.6/tests/ldadd.test
automake-1.9.6/tests/ldflags.test
automake-1.9.6/tests/lex.test
automake-1.9.6/tests/lex2.test
automake-1.9.6/tests/lex3.test
automake-1.9.6/tests/lex4.test
automake-1.9.6/tests/lex5.test
automake-1.9.6/tests/libobj2.test
automake-1.9.6/tests/libobj3.test
automake-1.9.6/tests/libobj4.test
automake-1.9.6/tests/libobj5.test
automake-1.9.6/tests/libobj7.test
automake-1.9.6/tests/libobj8.test
automake-1.9.6/tests/libobj10.test
automake-1.9.6/tests/libobj11.test
automake-1.9.6/tests/libobj12.test
automake-1.9.6/tests/libobj13.test
automake-1.9.6/tests/libobj14.test
automake-1.9.6/tests/library.test
automake-1.9.6/tests/library2.test
automake-1.9.6/tests/library3.test
automake-1.9.6/tests/libtool.test
automake-1.9.6/tests/libtool2.test
automake-1.9.6/tests/libtool3.test
automake-1.9.6/tests/libtool4.test
automake-1.9.6/tests/libtool5.test
automake-1.9.6/tests/libtool6.test
automake-1.9.6/tests/libtool7.test
automake-1.9.6/tests/libtool8.test
automake-1.9.6/tests/license.test
automake-1.9.6/tests/link_c_cxx.test
automake-1.9.6/tests/link_dist.test
automake-1.9.6/tests/link_f90_only.test
automake-1.9.6/tests/link_fc.test
automake-1.9.6/tests/link_fccxx.test
automake-1.9.6/tests/link_fcxx.test
automake-1.9.6/tests/link_f_only.test
automake-1.9.6/tests/lisp2.test
automake-1.9.6/tests/lisp3.test
automake-1.9.6/tests/lisp4.test
automake-1.9.6/tests/lisp5.test
automake-1.9.6/tests/lisp6.test
automake-1.9.6/tests/lisp7.test
automake-1.9.6/tests/lisp8.test
automake-1.9.6/tests/listval.test
automake-1.9.6/tests/location.test
automake-1.9.6/tests/longline.test
automake-1.9.6/tests/longlin2.test
automake-1.9.6/tests/ltcond.test
automake-1.9.6/tests/ltcond2.test
automake-1.9.6/tests/ltconv.test
automake-1.9.6/tests/ltdeps.test
automake-1.9.6/tests/ltlibobjs.test
automake-1.9.6/tests/ltlibsrc.test
automake-1.9.6/tests/maintclean.test
automake-1.9.6/tests/make.test
automake-1.9.6/tests/makej.test
automake-1.9.6/tests/makevars.test
automake-1.9.6/tests/man.test
automake-1.9.6/tests/man2.test
automake-1.9.6/tests/mclean.test
automake-1.9.6/tests/mdate.test
automake-1.9.6/tests/mdate2.test
automake-1.9.6/tests/mdate3.test
automake-1.9.6/tests/mdate4.test
automake-1.9.6/tests/missing.test
automake-1.9.6/tests/missing2.test
automake-1.9.6/tests/missing3.test
automake-1.9.6/tests/mkinstall.test
automake-1.9.6/tests/mkinst2.test
automake-1.9.6/tests/mkinst3.test
automake-1.9.6/tests/multlib.test
automake-1.9.6/tests/nobase.test
automake-1.9.6/tests/nodef.test
automake-1.9.6/tests/nodef2.test
automake-1.9.6/tests/nodep.test
automake-1.9.6/tests/nodepcomp.test
automake-1.9.6/tests/nodist.test
automake-1.9.6/tests/nodist2.test
automake-1.9.6/tests/nodist3.test
automake-1.9.6/tests/nogzip.test
automake-1.9.6/tests/nogzip2.test
automake-1.9.6/tests/noinst.test
automake-1.9.6/tests/noinstdir.test
automake-1.9.6/tests/nolink.test
automake-1.9.6/tests/nostdinc.test
automake-1.9.6/tests/number.test
automake-1.9.6/tests/obsolete.test
automake-1.9.6/tests/order.test
automake-1.9.6/tests/outdir.test
automake-1.9.6/tests/output.test
automake-1.9.6/tests/output2.test
automake-1.9.6/tests/output3.test
automake-1.9.6/tests/output4.test
automake-1.9.6/tests/output5.test
automake-1.9.6/tests/output6.test
automake-1.9.6/tests/output7.test
automake-1.9.6/tests/output8.test
automake-1.9.6/tests/output9.test
automake-1.9.6/tests/output10.test
automake-1.9.6/tests/overrid.test
automake-1.9.6/tests/parse.test
automake-1.9.6/tests/percent.test
automake-1.9.6/tests/percent2.test
automake-1.9.6/tests/phony.test
automake-1.9.6/tests/pluseq.test
automake-1.9.6/tests/pluseq2.test
automake-1.9.6/tests/pluseq3.test
automake-1.9.6/tests/pluseq4.test
automake-1.9.6/tests/pluseq5.test
automake-1.9.6/tests/pluseq6.test
automake-1.9.6/tests/pluseq7.test
automake-1.9.6/tests/pluseq8.test
automake-1.9.6/tests/pluseq9.test
automake-1.9.6/tests/pluseq10.test
automake-1.9.6/tests/postproc.test
automake-1.9.6/tests/ppf77.test
automake-1.9.6/tests/pr2.test
automake-1.9.6/tests/pr9.test
automake-1.9.6/tests/pr72.test
automake-1.9.6/tests/pr87.test
automake-1.9.6/tests/pr204.test
automake-1.9.6/tests/pr211.test
automake-1.9.6/tests/pr220.test
automake-1.9.6/tests/pr224.test
automake-1.9.6/tests/pr229.test
automake-1.9.6/tests/pr243.test
automake-1.9.6/tests/pr266.test
automake-1.9.6/tests/pr279.test
automake-1.9.6/tests/pr279-2.test
automake-1.9.6/tests/pr287.test
automake-1.9.6/tests/pr300-lib.test
automake-1.9.6/tests/pr300-ltlib.test
automake-1.9.6/tests/pr300-prog.test
automake-1.9.6/tests/pr307.test
automake-1.9.6/tests/prefix.test
automake-1.9.6/tests/primary.test
automake-1.9.6/tests/primary2.test
automake-1.9.6/tests/primary3.test
automake-1.9.6/tests/proginst.test
automake-1.9.6/tests/python.test
automake-1.9.6/tests/python2.test
automake-1.9.6/tests/python3.test
automake-1.9.6/tests/python4.test
automake-1.9.6/tests/python5.test
automake-1.9.6/tests/python6.test
automake-1.9.6/tests/python7.test
automake-1.9.6/tests/python8.test
automake-1.9.6/tests/python9.test
automake-1.9.6/tests/python10.test
automake-1.9.6/tests/python11.test
automake-1.9.6/tests/python12.test
automake-1.9.6/tests/recurs.test
automake-1.9.6/tests/recurs2.test
automake-1.9.6/tests/remake.test
automake-1.9.6/tests/remake2.test
automake-1.9.6/tests/remake3.test
automake-1.9.6/tests/remake4.test
automake-1.9.6/tests/remake5.test
automake-1.9.6/tests/regex.test
automake-1.9.6/tests/req.test
automake-1.9.6/tests/reqd.test
automake-1.9.6/tests/reqd2.test
automake-1.9.6/tests/rulepat.test
automake-1.9.6/tests/scripts.test
automake-1.9.6/tests/seenc.test
automake-1.9.6/tests/sinclude.test
automake-1.9.6/tests/srcsub.test
automake-1.9.6/tests/srcsub2.test
automake-1.9.6/tests/space.test
automake-1.9.6/tests/specflg.test
automake-1.9.6/tests/specflg2.test
automake-1.9.6/tests/specflg3.test
automake-1.9.6/tests/specflg6.test
automake-1.9.6/tests/specflg7.test
automake-1.9.6/tests/specflg8.test
automake-1.9.6/tests/specflg9.test
automake-1.9.6/tests/spell.test
automake-1.9.6/tests/spell2.test
automake-1.9.6/tests/spell3.test
automake-1.9.6/tests/spelling.test
automake-1.9.6/tests/spy.test
automake-1.9.6/tests/stamph2.test
automake-1.9.6/tests/stdlib.test
automake-1.9.6/tests/stdlib2.test
automake-1.9.6/tests/strip.test
automake-1.9.6/tests/subdir.test
automake-1.9.6/tests/subdir2.test
automake-1.9.6/tests/subdir3.test
automake-1.9.6/tests/subdir4.test
automake-1.9.6/tests/subdir5.test
automake-1.9.6/tests/subdir6.test
automake-1.9.6/tests/subdir7.test
automake-1.9.6/tests/subdir8.test
automake-1.9.6/tests/subdir9.test
automake-1.9.6/tests/subdirbuiltsources.test
automake-1.9.6/tests/subcond.test
automake-1.9.6/tests/subcond2.test
automake-1.9.6/tests/subcond3.test
automake-1.9.6/tests/subobj.test
automake-1.9.6/tests/subobj2.test
automake-1.9.6/tests/subobj3.test
automake-1.9.6/tests/subobj4.test
automake-1.9.6/tests/subobj5.test
automake-1.9.6/tests/subobj6.test
automake-1.9.6/tests/subobj7.test
automake-1.9.6/tests/subobj8.test
automake-1.9.6/tests/subobj9.test
automake-1.9.6/tests/subobjname.test
automake-1.9.6/tests/subpkg.test
automake-1.9.6/tests/subpkg2.test
automake-1.9.6/tests/subst.test
automake-1.9.6/tests/subst2.test
automake-1.9.6/tests/substref.test
automake-1.9.6/tests/substre2.test
automake-1.9.6/tests/substtarg.test
automake-1.9.6/tests/suffix.test
automake-1.9.6/tests/suffix2.test
automake-1.9.6/tests/suffix3.test
automake-1.9.6/tests/suffix4.test
automake-1.9.6/tests/suffix5.test
automake-1.9.6/tests/suffix6.test
automake-1.9.6/tests/suffix7.test
automake-1.9.6/tests/suffix8.test
automake-1.9.6/tests/suffix9.test
automake-1.9.6/tests/suffix10.test
automake-1.9.6/tests/suffix11.test
automake-1.9.6/tests/symlink.test
automake-1.9.6/tests/symlink2.test
automake-1.9.6/tests/symlink3.test
automake-1.9.6/tests/syntax.test
automake-1.9.6/tests/tags.test
automake-1.9.6/tests/tagsub.test
automake-1.9.6/tests/tar.test
automake-1.9.6/tests/tar2.test
automake-1.9.6/tests/tar3.test
automake-1.9.6/tests/target-cflags.test
automake-1.9.6/tests/targetclash.test
automake-1.9.6/tests/txinfo.test
automake-1.9.6/tests/txinfo2.test
automake-1.9.6/tests/txinfo3.test
automake-1.9.6/tests/txinfo4.test
automake-1.9.6/tests/txinfo5.test
automake-1.9.6/tests/txinfo6.test
automake-1.9.6/tests/txinfo7.test
automake-1.9.6/tests/txinfo8.test
automake-1.9.6/tests/txinfo9.test
automake-1.9.6/tests/txinfo10.test
automake-1.9.6/tests/txinfo13.test
automake-1.9.6/tests/txinfo16.test
automake-1.9.6/tests/txinfo17.test
automake-1.9.6/tests/txinfo18.test
automake-1.9.6/tests/txinfo19.test
automake-1.9.6/tests/txinfo20.test
automake-1.9.6/tests/txinfo21.test
automake-1.9.6/tests/txinfo22.test
automake-1.9.6/tests/txinfo23.test
automake-1.9.6/tests/txinfo24.test
automake-1.9.6/tests/txinfo25.test
automake-1.9.6/tests/txinfo26.test
automake-1.9.6/tests/txinfo27.test
automake-1.9.6/tests/txinfo28.test
automake-1.9.6/tests/txinfo29.test
automake-1.9.6/tests/txinfo30.test
automake-1.9.6/tests/transform.test
automake-1.9.6/tests/unused.test
automake-1.9.6/tests/vars.test
automake-1.9.6/tests/vars3.test
automake-1.9.6/tests/vartar.test
automake-1.9.6/tests/version.test
automake-1.9.6/tests/version2.test
automake-1.9.6/tests/version3.test
automake-1.9.6/tests/version4.test
automake-1.9.6/tests/version6.test
automake-1.9.6/tests/version7.test
automake-1.9.6/tests/vpath.test
automake-1.9.6/tests/vtexi.test
automake-1.9.6/tests/vtexi2.test
automake-1.9.6/tests/warnopts.test
automake-1.9.6/tests/werror.test
automake-1.9.6/tests/werror2.test
automake-1.9.6/tests/whoami.test
automake-1.9.6/tests/xsource.test
automake-1.9.6/tests/yacc.test
automake-1.9.6/tests/yacc2.test
automake-1.9.6/tests/yacc3.test
automake-1.9.6/tests/yacc4.test
automake-1.9.6/tests/yacc5.test
automake-1.9.6/tests/yacc6.test
automake-1.9.6/tests/yacc7.test
automake-1.9.6/tests/yacc8.test
automake-1.9.6/tests/yaccpp.test
automake-1.9.6/tests/yaccvpath.test
automake-1.9.6/README
automake-1.9.6/configure.ac
automake-1.9.6/aclocal.m4
automake-1.9.6/Makefile.am
automake-1.9.6/Makefile.in
automake-1.9.6/configure
automake-1.9.6/AUTHORS
automake-1.9.6/COPYING
automake-1.9.6/ChangeLog
automake-1.9.6/INSTALL
automake-1.9.6/NEWS
automake-1.9.6/THANKS
automake-1.9.6/TODO
automake-1.9.6/ChangeLog.96
automake-1.9.6/ChangeLog.98
automake-1.9.6/ChangeLog.00
automake-1.9.6/ChangeLog.01
automake-1.9.6/ChangeLog.02
automake-1.9.6/automake.in
automake-1.9.6/aclocal.in
automake-1.9.6/doc/
automake-1.9.6/doc/fdl.texi
automake-1.9.6/doc/Makefile.am
automake-1.9.6/doc/Makefile.in
automake-1.9.6/doc/stamp-vti
automake-1.9.6/doc/version.texi
automake-1.9.6/doc/automake.texi
automake-1.9.6/doc/automake.info
automake-1.9.6/doc/automake.info-1
automake-1.9.6/doc/automake.info-2
automake-1.9.6/lib/
automake-1.9.6/lib/COPYING
automake-1.9.6/lib/INSTALL
automake-1.9.6/lib/texinfo.tex
automake-1.9.6/lib/ansi2knr.c
automake-1.9.6/lib/ansi2knr.1
automake-1.9.6/lib/config-ml.in
automake-1.9.6/lib/config.guess
automake-1.9.6/lib/config.sub
automake-1.9.6/lib/install-sh
automake-1.9.6/lib/mdate-sh
automake-1.9.6/lib/missing
automake-1.9.6/lib/mkinstalldirs
automake-1.9.6/lib/elisp-comp
automake-1.9.6/lib/ylwrap
automake-1.9.6/lib/acinstall
automake-1.9.6/lib/depcomp
automake-1.9.6/lib/compile
automake-1.9.6/lib/py-compile
automake-1.9.6/lib/symlink-tree
automake-1.9.6/lib/Makefile.am
automake-1.9.6/lib/Makefile.in
automake-1.9.6/lib/gnupload
automake-1.9.6/lib/Automake/
automake-1.9.6/lib/Automake/ChannelDefs.pm
automake-1.9.6/lib/Automake/Channels.pm
automake-1.9.6/lib/Automake/Condition.pm
automake-1.9.6/lib/Automake/Configure_ac.pm
automake-1.9.6/lib/Automake/DisjConditions.pm
automake-1.9.6/lib/Automake/FileUtils.pm
automake-1.9.6/lib/Automake/General.pm
automake-1.9.6/lib/Automake/Item.pm
automake-1.9.6/lib/Automake/ItemDef.pm
automake-1.9.6/lib/Automake/Location.pm
automake-1.9.6/lib/Automake/Options.pm
automake-1.9.6/lib/Automake/Rule.pm
automake-1.9.6/lib/Automake/RuleDef.pm
automake-1.9.6/lib/Automake/Struct.pm
automake-1.9.6/lib/Automake/Variable.pm
automake-1.9.6/lib/Automake/VarDef.pm
automake-1.9.6/lib/Automake/Version.pm
automake-1.9.6/lib/Automake/XFile.pm
automake-1.9.6/lib/Automake/Wrap.pm
automake-1.9.6/lib/Automake/Makefile.am
automake-1.9.6/lib/Automake/Makefile.in
automake-1.9.6/lib/Automake/Config.in
automake-1.9.6/lib/Automake/tests/
automake-1.9.6/lib/Automake/tests/Makefile.am
automake-1.9.6/lib/Automake/tests/Makefile.in
automake-1.9.6/lib/Automake/tests/Condition.pl
automake-1.9.6/lib/Automake/tests/DisjConditions.pl
automake-1.9.6/lib/Automake/tests/Version.pl
automake-1.9.6/lib/Automake/tests/Wrap.pl
automake-1.9.6/lib/am/
automake-1.9.6/lib/am/ansi2knr.am
automake-1.9.6/lib/am/check.am
automake-1.9.6/lib/am/clean-hdr.am
automake-1.9.6/lib/am/clean.am
automake-1.9.6/lib/am/compile.am
automake-1.9.6/lib/am/configure.am
automake-1.9.6/lib/am/data.am
automake-1.9.6/lib/am/dejagnu.am
automake-1.9.6/lib/am/depend.am
automake-1.9.6/lib/am/depend2.am
automake-1.9.6/lib/am/distdir.am
automake-1.9.6/lib/am/footer.am
automake-1.9.6/lib/am/header-vars.am
automake-1.9.6/lib/am/header.am
automake-1.9.6/lib/am/install.am
automake-1.9.6/lib/am/inst-vars.am
automake-1.9.6/lib/am/java.am
automake-1.9.6/lib/am/lang-compile.am
automake-1.9.6/lib/am/lex.am
automake-1.9.6/lib/am/library.am
automake-1.9.6/lib/am/libs.am
automake-1.9.6/lib/am/libtool.am
automake-1.9.6/lib/am/lisp.am
automake-1.9.6/lib/am/ltlib.am
automake-1.9.6/lib/am/ltlibrary.am
automake-1.9.6/lib/am/mans-vars.am
automake-1.9.6/lib/am/mans.am
automake-1.9.6/lib/am/multilib.am
automake-1.9.6/lib/am/program.am
automake-1.9.6/lib/am/progs.am
automake-1.9.6/lib/am/python.am
automake-1.9.6/lib/am/remake-hdr.am
automake-1.9.6/lib/am/scripts.am
automake-1.9.6/lib/am/subdirs.am
automake-1.9.6/lib/am/tags.am
automake-1.9.6/lib/am/texi-vers.am
automake-1.9.6/lib/am/texibuild.am
automake-1.9.6/lib/am/texinfos.am
automake-1.9.6/lib/am/yacc.am
automake-1.9.6/lib/am/Makefile.am
automake-1.9.6/lib/am/Makefile.in
