Making install in .
make[1]: Entering directory `/mnt/sda1/aethernet/subversion/checkout/main/trunk/autobuild/packages/automake/automake-1.9.6/unpack/automake-1.9.6'
make[2]: Entering directory `/mnt/sda1/aethernet/subversion/checkout/main/trunk/autobuild/packages/automake/automake-1.9.6/unpack/automake-1.9.6'
test -z "/usr/bin" || mkdir -p -- "/usr/local/aethernet/subversion/checkout/main/trunk/autobuild/packages/automake/automake-1.9.6/unpack/automake-1.9.6/../../pkg/debian/usr/bin"
 /usr/bin/install -c 'automake' '/usr/local/aethernet/subversion/checkout/main/trunk/autobuild/packages/automake/automake-1.9.6/unpack/automake-1.9.6/../../pkg/debian/usr/bin/automake'
 /usr/bin/install -c 'aclocal' '/usr/local/aethernet/subversion/checkout/main/trunk/autobuild/packages/automake/automake-1.9.6/unpack/automake-1.9.6/../../pkg/debian/usr/bin/aclocal'
make  install-exec-hook
make[3]: Entering directory `/mnt/sda1/aethernet/subversion/checkout/main/trunk/autobuild/packages/automake/automake-1.9.6/unpack/automake-1.9.6'
 ln /usr/local/aethernet/subversion/checkout/main/trunk/autobuild/packages/automake/automake-1.9.6/unpack/automake-1.9.6/../../pkg/debian/usr/bin/automake /usr/local/aethernet/subversion/checkout/main/trunk/autobuild/packages/automake/automake-1.9.6/unpack/automake-1.9.6/../../pkg/debian/usr/bin/automake-1.9
 ln /usr/local/aethernet/subversion/checkout/main/trunk/autobuild/packages/automake/automake-1.9.6/unpack/automake-1.9.6/../../pkg/debian/usr/bin/aclocal /usr/local/aethernet/subversion/checkout/main/trunk/autobuild/packages/automake/automake-1.9.6/unpack/automake-1.9.6/../../pkg/debian/usr/bin/aclocal-1.9
make[3]: Leaving directory `/mnt/sda1/aethernet/subversion/checkout/main/trunk/autobuild/packages/automake/automake-1.9.6/unpack/automake-1.9.6'
make[2]: Nothing to be done for `install-data-am'.
make[2]: Leaving directory `/mnt/sda1/aethernet/subversion/checkout/main/trunk/autobuild/packages/automake/automake-1.9.6/unpack/automake-1.9.6'
make[1]: Leaving directory `/mnt/sda1/aethernet/subversion/checkout/main/trunk/autobuild/packages/automake/automake-1.9.6/unpack/automake-1.9.6'
Making install in doc
make[1]: Entering directory `/mnt/sda1/aethernet/subversion/checkout/main/trunk/autobuild/packages/automake/automake-1.9.6/unpack/automake-1.9.6/doc'
make[2]: Entering directory `/mnt/sda1/aethernet/subversion/checkout/main/trunk/autobuild/packages/automake/automake-1.9.6/unpack/automake-1.9.6/doc'
make[2]: Nothing to be done for `install-exec-am'.
test -z "/usr/share/info" || mkdir -p -- "/usr/local/aethernet/subversion/checkout/main/trunk/autobuild/packages/automake/automake-1.9.6/unpack/automake-1.9.6/../../pkg/debian/usr/share/info"
 /usr/bin/install -c -m 644 './automake.info' '/usr/local/aethernet/subversion/checkout/main/trunk/autobuild/packages/automake/automake-1.9.6/unpack/automake-1.9.6/../../pkg/debian/usr/share/info/automake.info'
 /usr/bin/install -c -m 644 './automake.info-1' '/usr/local/aethernet/subversion/checkout/main/trunk/autobuild/packages/automake/automake-1.9.6/unpack/automake-1.9.6/../../pkg/debian/usr/share/info/automake.info-1'
 /usr/bin/install -c -m 644 './automake.info-2' '/usr/local/aethernet/subversion/checkout/main/trunk/autobuild/packages/automake/automake-1.9.6/unpack/automake-1.9.6/../../pkg/debian/usr/share/info/automake.info-2'
 install-info --info-dir='/usr/local/aethernet/subversion/checkout/main/trunk/autobuild/packages/automake/automake-1.9.6/unpack/automake-1.9.6/../../pkg/debian/usr/share/info' '/usr/local/aethernet/subversion/checkout/main/trunk/autobuild/packages/automake/automake-1.9.6/unpack/automake-1.9.6/../../pkg/debian/usr/share/info/automake.info'
make[2]: Leaving directory `/mnt/sda1/aethernet/subversion/checkout/main/trunk/autobuild/packages/automake/automake-1.9.6/unpack/automake-1.9.6/doc'
make[1]: Leaving directory `/mnt/sda1/aethernet/subversion/checkout/main/trunk/autobuild/packages/automake/automake-1.9.6/unpack/automake-1.9.6/doc'
Making install in m4
make[1]: Entering directory `/mnt/sda1/aethernet/subversion/checkout/main/trunk/autobuild/packages/automake/automake-1.9.6/unpack/automake-1.9.6/m4'
make[2]: Entering directory `/mnt/sda1/aethernet/subversion/checkout/main/trunk/autobuild/packages/automake/automake-1.9.6/unpack/automake-1.9.6/m4'
make[2]: Nothing to be done for `install-exec-am'.
test -z "/usr/share/aclocal-1.9" || mkdir -p -- "/usr/local/aethernet/subversion/checkout/main/trunk/autobuild/packages/automake/automake-1.9.6/unpack/automake-1.9.6/../../pkg/debian/usr/share/aclocal-1.9"
 /usr/bin/install -c -m 644 '../m4/amversion.m4' '/usr/local/aethernet/subversion/checkout/main/trunk/autobuild/packages/automake/automake-1.9.6/unpack/automake-1.9.6/../../pkg/debian/usr/share/aclocal-1.9/amversion.m4'
 /usr/bin/install -c -m 644 'as.m4' '/usr/local/aethernet/subversion/checkout/main/trunk/autobuild/packages/automake/automake-1.9.6/unpack/automake-1.9.6/../../pkg/debian/usr/share/aclocal-1.9/as.m4'
 /usr/bin/install -c -m 644 'auxdir.m4' '/usr/local/aethernet/subversion/checkout/main/trunk/autobuild/packages/automake/automake-1.9.6/unpack/automake-1.9.6/../../pkg/debian/usr/share/aclocal-1.9/auxdir.m4'
 /usr/bin/install -c -m 644 'ccstdc.m4' '/usr/local/aethernet/subversion/checkout/main/trunk/autobuild/packages/automake/automake-1.9.6/unpack/automake-1.9.6/../../pkg/debian/usr/share/aclocal-1.9/ccstdc.m4'
 /usr/bin/install -c -m 644 'cond.m4' '/usr/local/aethernet/subversion/checkout/main/trunk/autobuild/packages/automake/automake-1.9.6/unpack/automake-1.9.6/../../pkg/debian/usr/share/aclocal-1.9/cond.m4'
 /usr/bin/install -c -m 644 'depend.m4' '/usr/local/aethernet/subversion/checkout/main/trunk/autobuild/packages/automake/automake-1.9.6/unpack/automake-1.9.6/../../pkg/debian/usr/share/aclocal-1.9/depend.m4'
 /usr/bin/install -c -m 644 'depout.m4' '/usr/local/aethernet/subversion/checkout/main/trunk/autobuild/packages/automake/automake-1.9.6/unpack/automake-1.9.6/../../pkg/debian/usr/share/aclocal-1.9/depout.m4'
 /usr/bin/install -c -m 644 'dmalloc.m4' '/usr/local/aethernet/subversion/checkout/main/trunk/autobuild/packages/automake/automake-1.9.6/unpack/automake-1.9.6/../../pkg/debian/usr/share/aclocal-1.9/dmalloc.m4'
 /usr/bin/install -c -m 644 'gcj.m4' '/usr/local/aethernet/subversion/checkout/main/trunk/autobuild/packages/automake/automake-1.9.6/unpack/automake-1.9.6/../../pkg/debian/usr/share/aclocal-1.9/gcj.m4'
 /usr/bin/install -c -m 644 'header.m4' '/usr/local/aethernet/subversion/checkout/main/trunk/autobuild/packages/automake/automake-1.9.6/unpack/automake-1.9.6/../../pkg/debian/usr/share/aclocal-1.9/header.m4'
 /usr/bin/install -c -m 644 'init.m4' '/usr/local/aethernet/subversion/checkout/main/trunk/autobuild/packages/automake/automake-1.9.6/unpack/automake-1.9.6/../../pkg/debian/usr/share/aclocal-1.9/init.m4'
 /usr/bin/install -c -m 644 'install-sh.m4' '/usr/local/aethernet/subversion/checkout/main/trunk/autobuild/packages/automake/automake-1.9.6/unpack/automake-1.9.6/../../pkg/debian/usr/share/aclocal-1.9/install-sh.m4'
 /usr/bin/install -c -m 644 'lead-dot.m4' '/usr/local/aethernet/subversion/checkout/main/trunk/autobuild/packages/automake/automake-1.9.6/unpack/automake-1.9.6/../../pkg/debian/usr/share/aclocal-1.9/lead-dot.m4'
 /usr/bin/install -c -m 644 'lex.m4' '/usr/local/aethernet/subversion/checkout/main/trunk/autobuild/packages/automake/automake-1.9.6/unpack/automake-1.9.6/../../pkg/debian/usr/share/aclocal-1.9/lex.m4'
 /usr/bin/install -c -m 644 'lispdir.m4' '/usr/local/aethernet/subversion/checkout/main/trunk/autobuild/packages/automake/automake-1.9.6/unpack/automake-1.9.6/../../pkg/debian/usr/share/aclocal-1.9/lispdir.m4'
 /usr/bin/install -c -m 644 'maintainer.m4' '/usr/local/aethernet/subversion/checkout/main/trunk/autobuild/packages/automake/automake-1.9.6/unpack/automake-1.9.6/../../pkg/debian/usr/share/aclocal-1.9/maintainer.m4'
 /usr/bin/install -c -m 644 'make.m4' '/usr/local/aethernet/subversion/checkout/main/trunk/autobuild/packages/automake/automake-1.9.6/unpack/automake-1.9.6/../../pkg/debian/usr/share/aclocal-1.9/make.m4'
 /usr/bin/install -c -m 644 'minuso.m4' '/usr/local/aethernet/subversion/checkout/main/trunk/autobuild/packages/automake/automake-1.9.6/unpack/automake-1.9.6/../../pkg/debian/usr/share/aclocal-1.9/minuso.m4'
 /usr/bin/install -c -m 644 'missing.m4' '/usr/local/aethernet/subversion/checkout/main/trunk/autobuild/packages/automake/automake-1.9.6/unpack/automake-1.9.6/../../pkg/debian/usr/share/aclocal-1.9/missing.m4'
 /usr/bin/install -c -m 644 'mkdirp.m4' '/usr/local/aethernet/subversion/checkout/main/trunk/autobuild/packages/automake/automake-1.9.6/unpack/automake-1.9.6/../../pkg/debian/usr/share/aclocal-1.9/mkdirp.m4'
 /usr/bin/install -c -m 644 'multi.m4' '/usr/local/aethernet/subversion/checkout/main/trunk/autobuild/packages/automake/automake-1.9.6/unpack/automake-1.9.6/../../pkg/debian/usr/share/aclocal-1.9/multi.m4'
 /usr/bin/install -c -m 644 'obsol-gt.m4' '/usr/local/aethernet/subversion/checkout/main/trunk/autobuild/packages/automake/automake-1.9.6/unpack/automake-1.9.6/../../pkg/debian/usr/share/aclocal-1.9/obsol-gt.m4'
 /usr/bin/install -c -m 644 'obsol-lt.m4' '/usr/local/aethernet/subversion/checkout/main/trunk/autobuild/packages/automake/automake-1.9.6/unpack/automake-1.9.6/../../pkg/debian/usr/share/aclocal-1.9/obsol-lt.m4'
 /usr/bin/install -c -m 644 'obsolete.m4' '/usr/local/aethernet/subversion/checkout/main/trunk/autobuild/packages/automake/automake-1.9.6/unpack/automake-1.9.6/../../pkg/debian/usr/share/aclocal-1.9/obsolete.m4'
 /usr/bin/install -c -m 644 'options.m4' '/usr/local/aethernet/subversion/checkout/main/trunk/autobuild/packages/automake/automake-1.9.6/unpack/automake-1.9.6/../../pkg/debian/usr/share/aclocal-1.9/options.m4'
 /usr/bin/install -c -m 644 'protos.m4' '/usr/local/aethernet/subversion/checkout/main/trunk/autobuild/packages/automake/automake-1.9.6/unpack/automake-1.9.6/../../pkg/debian/usr/share/aclocal-1.9/protos.m4'
 /usr/bin/install -c -m 644 'python.m4' '/usr/local/aethernet/subversion/checkout/main/trunk/autobuild/packages/automake/automake-1.9.6/unpack/automake-1.9.6/../../pkg/debian/usr/share/aclocal-1.9/python.m4'
 /usr/bin/install -c -m 644 'regex.m4' '/usr/local/aethernet/subversion/checkout/main/trunk/autobuild/packages/automake/automake-1.9.6/unpack/automake-1.9.6/../../pkg/debian/usr/share/aclocal-1.9/regex.m4'
 /usr/bin/install -c -m 644 'runlog.m4' '/usr/local/aethernet/subversion/checkout/main/trunk/autobuild/packages/automake/automake-1.9.6/unpack/automake-1.9.6/../../pkg/debian/usr/share/aclocal-1.9/runlog.m4'
 /usr/bin/install -c -m 644 'sanity.m4' '/usr/local/aethernet/subversion/checkout/main/trunk/autobuild/packages/automake/automake-1.9.6/unpack/automake-1.9.6/../../pkg/debian/usr/share/aclocal-1.9/sanity.m4'
 /usr/bin/install -c -m 644 'strip.m4' '/usr/local/aethernet/subversion/checkout/main/trunk/autobuild/packages/automake/automake-1.9.6/unpack/automake-1.9.6/../../pkg/debian/usr/share/aclocal-1.9/strip.m4'
 /usr/bin/install -c -m 644 'tar.m4' '/usr/local/aethernet/subversion/checkout/main/trunk/autobuild/packages/automake/automake-1.9.6/unpack/automake-1.9.6/../../pkg/debian/usr/share/aclocal-1.9/tar.m4'
make[2]: Leaving directory `/mnt/sda1/aethernet/subversion/checkout/main/trunk/autobuild/packages/automake/automake-1.9.6/unpack/automake-1.9.6/m4'
make[1]: Leaving directory `/mnt/sda1/aethernet/subversion/checkout/main/trunk/autobuild/packages/automake/automake-1.9.6/unpack/automake-1.9.6/m4'
Making install in lib
make[1]: Entering directory `/mnt/sda1/aethernet/subversion/checkout/main/trunk/autobuild/packages/automake/automake-1.9.6/unpack/automake-1.9.6/lib'
Making install in Automake
make[2]: Entering directory `/mnt/sda1/aethernet/subversion/checkout/main/trunk/autobuild/packages/automake/automake-1.9.6/unpack/automake-1.9.6/lib/Automake'
Making install in tests
make[3]: Entering directory `/mnt/sda1/aethernet/subversion/checkout/main/trunk/autobuild/packages/automake/automake-1.9.6/unpack/automake-1.9.6/lib/Automake/tests'
make[4]: Entering directory `/mnt/sda1/aethernet/subversion/checkout/main/trunk/autobuild/packages/automake/automake-1.9.6/unpack/automake-1.9.6/lib/Automake/tests'
make[4]: Nothing to be done for `install-exec-am'.
make[4]: Nothing to be done for `install-data-am'.
make[4]: Leaving directory `/mnt/sda1/aethernet/subversion/checkout/main/trunk/autobuild/packages/automake/automake-1.9.6/unpack/automake-1.9.6/lib/Automake/tests'
make[3]: Leaving directory `/mnt/sda1/aethernet/subversion/checkout/main/trunk/autobuild/packages/automake/automake-1.9.6/unpack/automake-1.9.6/lib/Automake/tests'
make[3]: Entering directory `/mnt/sda1/aethernet/subversion/checkout/main/trunk/autobuild/packages/automake/automake-1.9.6/unpack/automake-1.9.6/lib/Automake'
make[4]: Entering directory `/mnt/sda1/aethernet/subversion/checkout/main/trunk/autobuild/packages/automake/automake-1.9.6/unpack/automake-1.9.6/lib/Automake'
make[4]: Nothing to be done for `install-exec-am'.
test -z "/usr/share/automake-1.9/Automake" || mkdir -p -- "/usr/local/aethernet/subversion/checkout/main/trunk/autobuild/packages/automake/automake-1.9.6/unpack/automake-1.9.6/../../pkg/debian/usr/share/automake-1.9/Automake"
 /usr/bin/install -c -m 644 'ChannelDefs.pm' '/usr/local/aethernet/subversion/checkout/main/trunk/autobuild/packages/automake/automake-1.9.6/unpack/automake-1.9.6/../../pkg/debian/usr/share/automake-1.9/Automake/ChannelDefs.pm'
 /usr/bin/install -c -m 644 'Channels.pm' '/usr/local/aethernet/subversion/checkout/main/trunk/autobuild/packages/automake/automake-1.9.6/unpack/automake-1.9.6/../../pkg/debian/usr/share/automake-1.9/Automake/Channels.pm'
 /usr/bin/install -c -m 644 'Condition.pm' '/usr/local/aethernet/subversion/checkout/main/trunk/autobuild/packages/automake/automake-1.9.6/unpack/automake-1.9.6/../../pkg/debian/usr/share/automake-1.9/Automake/Condition.pm'
 /usr/bin/install -c -m 644 'Configure_ac.pm' '/usr/local/aethernet/subversion/checkout/main/trunk/autobuild/packages/automake/automake-1.9.6/unpack/automake-1.9.6/../../pkg/debian/usr/share/automake-1.9/Automake/Configure_ac.pm'
 /usr/bin/install -c -m 644 'DisjConditions.pm' '/usr/local/aethernet/subversion/checkout/main/trunk/autobuild/packages/automake/automake-1.9.6/unpack/automake-1.9.6/../../pkg/debian/usr/share/automake-1.9/Automake/DisjConditions.pm'
 /usr/bin/install -c -m 644 'FileUtils.pm' '/usr/local/aethernet/subversion/checkout/main/trunk/autobuild/packages/automake/automake-1.9.6/unpack/automake-1.9.6/../../pkg/debian/usr/share/automake-1.9/Automake/FileUtils.pm'
 /usr/bin/install -c -m 644 'General.pm' '/usr/local/aethernet/subversion/checkout/main/trunk/autobuild/packages/automake/automake-1.9.6/unpack/automake-1.9.6/../../pkg/debian/usr/share/automake-1.9/Automake/General.pm'
 /usr/bin/install -c -m 644 'Item.pm' '/usr/local/aethernet/subversion/checkout/main/trunk/autobuild/packages/automake/automake-1.9.6/unpack/automake-1.9.6/../../pkg/debian/usr/share/automake-1.9/Automake/Item.pm'
 /usr/bin/install -c -m 644 'ItemDef.pm' '/usr/local/aethernet/subversion/checkout/main/trunk/autobuild/packages/automake/automake-1.9.6/unpack/automake-1.9.6/../../pkg/debian/usr/share/automake-1.9/Automake/ItemDef.pm'
 /usr/bin/install -c -m 644 'Location.pm' '/usr/local/aethernet/subversion/checkout/main/trunk/autobuild/packages/automake/automake-1.9.6/unpack/automake-1.9.6/../../pkg/debian/usr/share/automake-1.9/Automake/Location.pm'
 /usr/bin/install -c -m 644 'Options.pm' '/usr/local/aethernet/subversion/checkout/main/trunk/autobuild/packages/automake/automake-1.9.6/unpack/automake-1.9.6/../../pkg/debian/usr/share/automake-1.9/Automake/Options.pm'
 /usr/bin/install -c -m 644 'Rule.pm' '/usr/local/aethernet/subversion/checkout/main/trunk/autobuild/packages/automake/automake-1.9.6/unpack/automake-1.9.6/../../pkg/debian/usr/share/automake-1.9/Automake/Rule.pm'
 /usr/bin/install -c -m 644 'RuleDef.pm' '/usr/local/aethernet/subversion/checkout/main/trunk/autobuild/packages/automake/automake-1.9.6/unpack/automake-1.9.6/../../pkg/debian/usr/share/automake-1.9/Automake/RuleDef.pm'
 /usr/bin/install -c -m 644 'Struct.pm' '/usr/local/aethernet/subversion/checkout/main/trunk/autobuild/packages/automake/automake-1.9.6/unpack/automake-1.9.6/../../pkg/debian/usr/share/automake-1.9/Automake/Struct.pm'
 /usr/bin/install -c -m 644 'Variable.pm' '/usr/local/aethernet/subversion/checkout/main/trunk/autobuild/packages/automake/automake-1.9.6/unpack/automake-1.9.6/../../pkg/debian/usr/share/automake-1.9/Automake/Variable.pm'
 /usr/bin/install -c -m 644 'VarDef.pm' '/usr/local/aethernet/subversion/checkout/main/trunk/autobuild/packages/automake/automake-1.9.6/unpack/automake-1.9.6/../../pkg/debian/usr/share/automake-1.9/Automake/VarDef.pm'
 /usr/bin/install -c -m 644 'Version.pm' '/usr/local/aethernet/subversion/checkout/main/trunk/autobuild/packages/automake/automake-1.9.6/unpack/automake-1.9.6/../../pkg/debian/usr/share/automake-1.9/Automake/Version.pm'
 /usr/bin/install -c -m 644 'XFile.pm' '/usr/local/aethernet/subversion/checkout/main/trunk/autobuild/packages/automake/automake-1.9.6/unpack/automake-1.9.6/../../pkg/debian/usr/share/automake-1.9/Automake/XFile.pm'
 /usr/bin/install -c -m 644 'Wrap.pm' '/usr/local/aethernet/subversion/checkout/main/trunk/autobuild/packages/automake/automake-1.9.6/unpack/automake-1.9.6/../../pkg/debian/usr/share/automake-1.9/Automake/Wrap.pm'
test -z "/usr/share/automake-1.9/Automake" || mkdir -p -- "/usr/local/aethernet/subversion/checkout/main/trunk/autobuild/packages/automake/automake-1.9.6/unpack/automake-1.9.6/../../pkg/debian/usr/share/automake-1.9/Automake"
 /usr/bin/install -c -m 644 'Config.pm' '/usr/local/aethernet/subversion/checkout/main/trunk/autobuild/packages/automake/automake-1.9.6/unpack/automake-1.9.6/../../pkg/debian/usr/share/automake-1.9/Automake/Config.pm'
make[4]: Leaving directory `/mnt/sda1/aethernet/subversion/checkout/main/trunk/autobuild/packages/automake/automake-1.9.6/unpack/automake-1.9.6/lib/Automake'
make[3]: Leaving directory `/mnt/sda1/aethernet/subversion/checkout/main/trunk/autobuild/packages/automake/automake-1.9.6/unpack/automake-1.9.6/lib/Automake'
make[2]: Leaving directory `/mnt/sda1/aethernet/subversion/checkout/main/trunk/autobuild/packages/automake/automake-1.9.6/unpack/automake-1.9.6/lib/Automake'
Making install in am
make[2]: Entering directory `/mnt/sda1/aethernet/subversion/checkout/main/trunk/autobuild/packages/automake/automake-1.9.6/unpack/automake-1.9.6/lib/am'
make[3]: Entering directory `/mnt/sda1/aethernet/subversion/checkout/main/trunk/autobuild/packages/automake/automake-1.9.6/unpack/automake-1.9.6/lib/am'
make[3]: Nothing to be done for `install-exec-am'.
test -z "/usr/share/automake-1.9/am" || mkdir -p -- "/usr/local/aethernet/subversion/checkout/main/trunk/autobuild/packages/automake/automake-1.9.6/unpack/automake-1.9.6/../../pkg/debian/usr/share/automake-1.9/am"
 /usr/bin/install -c -m 644 'ansi2knr.am' '/usr/local/aethernet/subversion/checkout/main/trunk/autobuild/packages/automake/automake-1.9.6/unpack/automake-1.9.6/../../pkg/debian/usr/share/automake-1.9/am/ansi2knr.am'
 /usr/bin/install -c -m 644 'check.am' '/usr/local/aethernet/subversion/checkout/main/trunk/autobuild/packages/automake/automake-1.9.6/unpack/automake-1.9.6/../../pkg/debian/usr/share/automake-1.9/am/check.am'
 /usr/bin/install -c -m 644 'clean-hdr.am' '/usr/local/aethernet/subversion/checkout/main/trunk/autobuild/packages/automake/automake-1.9.6/unpack/automake-1.9.6/../../pkg/debian/usr/share/automake-1.9/am/clean-hdr.am'
 /usr/bin/install -c -m 644 'clean.am' '/usr/local/aethernet/subversion/checkout/main/trunk/autobuild/packages/automake/automake-1.9.6/unpack/automake-1.9.6/../../pkg/debian/usr/share/automake-1.9/am/clean.am'
 /usr/bin/install -c -m 644 'compile.am' '/usr/local/aethernet/subversion/checkout/main/trunk/autobuild/packages/automake/automake-1.9.6/unpack/automake-1.9.6/../../pkg/debian/usr/share/automake-1.9/am/compile.am'
 /usr/bin/install -c -m 644 'configure.am' '/usr/local/aethernet/subversion/checkout/main/trunk/autobuild/packages/automake/automake-1.9.6/unpack/automake-1.9.6/../../pkg/debian/usr/share/automake-1.9/am/configure.am'
 /usr/bin/install -c -m 644 'data.am' '/usr/local/aethernet/subversion/checkout/main/trunk/autobuild/packages/automake/automake-1.9.6/unpack/automake-1.9.6/../../pkg/debian/usr/share/automake-1.9/am/data.am'
 /usr/bin/install -c -m 644 'dejagnu.am' '/usr/local/aethernet/subversion/checkout/main/trunk/autobuild/packages/automake/automake-1.9.6/unpack/automake-1.9.6/../../pkg/debian/usr/share/automake-1.9/am/dejagnu.am'
 /usr/bin/install -c -m 644 'depend.am' '/usr/local/aethernet/subversion/checkout/main/trunk/autobuild/packages/automake/automake-1.9.6/unpack/automake-1.9.6/../../pkg/debian/usr/share/automake-1.9/am/depend.am'
 /usr/bin/install -c -m 644 'depend2.am' '/usr/local/aethernet/subversion/checkout/main/trunk/autobuild/packages/automake/automake-1.9.6/unpack/automake-1.9.6/../../pkg/debian/usr/share/automake-1.9/am/depend2.am'
 /usr/bin/install -c -m 644 'distdir.am' '/usr/local/aethernet/subversion/checkout/main/trunk/autobuild/packages/automake/automake-1.9.6/unpack/automake-1.9.6/../../pkg/debian/usr/share/automake-1.9/am/distdir.am'
 /usr/bin/install -c -m 644 'footer.am' '/usr/local/aethernet/subversion/checkout/main/trunk/autobuild/packages/automake/automake-1.9.6/unpack/automake-1.9.6/../../pkg/debian/usr/share/automake-1.9/am/footer.am'
 /usr/bin/install -c -m 644 'header-vars.am' '/usr/local/aethernet/subversion/checkout/main/trunk/autobuild/packages/automake/automake-1.9.6/unpack/automake-1.9.6/../../pkg/debian/usr/share/automake-1.9/am/header-vars.am'
 /usr/bin/install -c -m 644 'header.am' '/usr/local/aethernet/subversion/checkout/main/trunk/autobuild/packages/automake/automake-1.9.6/unpack/automake-1.9.6/../../pkg/debian/usr/share/automake-1.9/am/header.am'
 /usr/bin/install -c -m 644 'install.am' '/usr/local/aethernet/subversion/checkout/main/trunk/autobuild/packages/automake/automake-1.9.6/unpack/automake-1.9.6/../../pkg/debian/usr/share/automake-1.9/am/install.am'
 /usr/bin/install -c -m 644 'inst-vars.am' '/usr/local/aethernet/subversion/checkout/main/trunk/autobuild/packages/automake/automake-1.9.6/unpack/automake-1.9.6/../../pkg/debian/usr/share/automake-1.9/am/inst-vars.am'
 /usr/bin/install -c -m 644 'java.am' '/usr/local/aethernet/subversion/checkout/main/trunk/autobuild/packages/automake/automake-1.9.6/unpack/automake-1.9.6/../../pkg/debian/usr/share/automake-1.9/am/java.am'
 /usr/bin/install -c -m 644 'lang-compile.am' '/usr/local/aethernet/subversion/checkout/main/trunk/autobuild/packages/automake/automake-1.9.6/unpack/automake-1.9.6/../../pkg/debian/usr/share/automake-1.9/am/lang-compile.am'
 /usr/bin/install -c -m 644 'lex.am' '/usr/local/aethernet/subversion/checkout/main/trunk/autobuild/packages/automake/automake-1.9.6/unpack/automake-1.9.6/../../pkg/debian/usr/share/automake-1.9/am/lex.am'
 /usr/bin/install -c -m 644 'library.am' '/usr/local/aethernet/subversion/checkout/main/trunk/autobuild/packages/automake/automake-1.9.6/unpack/automake-1.9.6/../../pkg/debian/usr/share/automake-1.9/am/library.am'
 /usr/bin/install -c -m 644 'libs.am' '/usr/local/aethernet/subversion/checkout/main/trunk/autobuild/packages/automake/automake-1.9.6/unpack/automake-1.9.6/../../pkg/debian/usr/share/automake-1.9/am/libs.am'
 /usr/bin/install -c -m 644 'libtool.am' '/usr/local/aethernet/subversion/checkout/main/trunk/autobuild/packages/automake/automake-1.9.6/unpack/automake-1.9.6/../../pkg/debian/usr/share/automake-1.9/am/libtool.am'
 /usr/bin/install -c -m 644 'lisp.am' '/usr/local/aethernet/subversion/checkout/main/trunk/autobuild/packages/automake/automake-1.9.6/unpack/automake-1.9.6/../../pkg/debian/usr/share/automake-1.9/am/lisp.am'
 /usr/bin/install -c -m 644 'ltlib.am' '/usr/local/aethernet/subversion/checkout/main/trunk/autobuild/packages/automake/automake-1.9.6/unpack/automake-1.9.6/../../pkg/debian/usr/share/automake-1.9/am/ltlib.am'
 /usr/bin/install -c -m 644 'ltlibrary.am' '/usr/local/aethernet/subversion/checkout/main/trunk/autobuild/packages/automake/automake-1.9.6/unpack/automake-1.9.6/../../pkg/debian/usr/share/automake-1.9/am/ltlibrary.am'
 /usr/bin/install -c -m 644 'mans-vars.am' '/usr/local/aethernet/subversion/checkout/main/trunk/autobuild/packages/automake/automake-1.9.6/unpack/automake-1.9.6/../../pkg/debian/usr/share/automake-1.9/am/mans-vars.am'
 /usr/bin/install -c -m 644 'mans.am' '/usr/local/aethernet/subversion/checkout/main/trunk/autobuild/packages/automake/automake-1.9.6/unpack/automake-1.9.6/../../pkg/debian/usr/share/automake-1.9/am/mans.am'
 /usr/bin/install -c -m 644 'multilib.am' '/usr/local/aethernet/subversion/checkout/main/trunk/autobuild/packages/automake/automake-1.9.6/unpack/automake-1.9.6/../../pkg/debian/usr/share/automake-1.9/am/multilib.am'
 /usr/bin/install -c -m 644 'program.am' '/usr/local/aethernet/subversion/checkout/main/trunk/autobuild/packages/automake/automake-1.9.6/unpack/automake-1.9.6/../../pkg/debian/usr/share/automake-1.9/am/program.am'
 /usr/bin/install -c -m 644 'progs.am' '/usr/local/aethernet/subversion/checkout/main/trunk/autobuild/packages/automake/automake-1.9.6/unpack/automake-1.9.6/../../pkg/debian/usr/share/automake-1.9/am/progs.am'
 /usr/bin/install -c -m 644 'python.am' '/usr/local/aethernet/subversion/checkout/main/trunk/autobuild/packages/automake/automake-1.9.6/unpack/automake-1.9.6/../../pkg/debian/usr/share/automake-1.9/am/python.am'
 /usr/bin/install -c -m 644 'remake-hdr.am' '/usr/local/aethernet/subversion/checkout/main/trunk/autobuild/packages/automake/automake-1.9.6/unpack/automake-1.9.6/../../pkg/debian/usr/share/automake-1.9/am/remake-hdr.am'
 /usr/bin/install -c -m 644 'scripts.am' '/usr/local/aethernet/subversion/checkout/main/trunk/autobuild/packages/automake/automake-1.9.6/unpack/automake-1.9.6/../../pkg/debian/usr/share/automake-1.9/am/scripts.am'
 /usr/bin/install -c -m 644 'subdirs.am' '/usr/local/aethernet/subversion/checkout/main/trunk/autobuild/packages/automake/automake-1.9.6/unpack/automake-1.9.6/../../pkg/debian/usr/share/automake-1.9/am/subdirs.am'
 /usr/bin/install -c -m 644 'tags.am' '/usr/local/aethernet/subversion/checkout/main/trunk/autobuild/packages/automake/automake-1.9.6/unpack/automake-1.9.6/../../pkg/debian/usr/share/automake-1.9/am/tags.am'
 /usr/bin/install -c -m 644 'texi-vers.am' '/usr/local/aethernet/subversion/checkout/main/trunk/autobuild/packages/automake/automake-1.9.6/unpack/automake-1.9.6/../../pkg/debian/usr/share/automake-1.9/am/texi-vers.am'
 /usr/bin/install -c -m 644 'texibuild.am' '/usr/local/aethernet/subversion/checkout/main/trunk/autobuild/packages/automake/automake-1.9.6/unpack/automake-1.9.6/../../pkg/debian/usr/share/automake-1.9/am/texibuild.am'
 /usr/bin/install -c -m 644 'texinfos.am' '/usr/local/aethernet/subversion/checkout/main/trunk/autobuild/packages/automake/automake-1.9.6/unpack/automake-1.9.6/../../pkg/debian/usr/share/automake-1.9/am/texinfos.am'
 /usr/bin/install -c -m 644 'yacc.am' '/usr/local/aethernet/subversion/checkout/main/trunk/autobuild/packages/automake/automake-1.9.6/unpack/automake-1.9.6/../../pkg/debian/usr/share/automake-1.9/am/yacc.am'
make[3]: Leaving directory `/mnt/sda1/aethernet/subversion/checkout/main/trunk/autobuild/packages/automake/automake-1.9.6/unpack/automake-1.9.6/lib/am'
make[2]: Leaving directory `/mnt/sda1/aethernet/subversion/checkout/main/trunk/autobuild/packages/automake/automake-1.9.6/unpack/automake-1.9.6/lib/am'
make[2]: Entering directory `/mnt/sda1/aethernet/subversion/checkout/main/trunk/autobuild/packages/automake/automake-1.9.6/unpack/automake-1.9.6/lib'
make[3]: Entering directory `/mnt/sda1/aethernet/subversion/checkout/main/trunk/autobuild/packages/automake/automake-1.9.6/unpack/automake-1.9.6/lib'
make[3]: Nothing to be done for `install-exec-am'.
test -z "/usr/share/automake-1.9" || mkdir -p -- "/usr/local/aethernet/subversion/checkout/main/trunk/autobuild/packages/automake/automake-1.9.6/unpack/automake-1.9.6/../../pkg/debian/usr/share/automake-1.9"
 /usr/bin/install -c -m 644 'COPYING' '/usr/local/aethernet/subversion/checkout/main/trunk/autobuild/packages/automake/automake-1.9.6/unpack/automake-1.9.6/../../pkg/debian/usr/share/automake-1.9/COPYING'
 /usr/bin/install -c -m 644 'INSTALL' '/usr/local/aethernet/subversion/checkout/main/trunk/autobuild/packages/automake/automake-1.9.6/unpack/automake-1.9.6/../../pkg/debian/usr/share/automake-1.9/INSTALL'
 /usr/bin/install -c -m 644 'texinfo.tex' '/usr/local/aethernet/subversion/checkout/main/trunk/autobuild/packages/automake/automake-1.9.6/unpack/automake-1.9.6/../../pkg/debian/usr/share/automake-1.9/texinfo.tex'
 /usr/bin/install -c -m 644 'ansi2knr.c' '/usr/local/aethernet/subversion/checkout/main/trunk/autobuild/packages/automake/automake-1.9.6/unpack/automake-1.9.6/../../pkg/debian/usr/share/automake-1.9/ansi2knr.c'
 /usr/bin/install -c -m 644 'ansi2knr.1' '/usr/local/aethernet/subversion/checkout/main/trunk/autobuild/packages/automake/automake-1.9.6/unpack/automake-1.9.6/../../pkg/debian/usr/share/automake-1.9/ansi2knr.1'
 /usr/bin/install -c -m 644 'config-ml.in' '/usr/local/aethernet/subversion/checkout/main/trunk/autobuild/packages/automake/automake-1.9.6/unpack/automake-1.9.6/../../pkg/debian/usr/share/automake-1.9/config-ml.in'
test -z "/usr/share/automake-1.9" || mkdir -p -- "/usr/local/aethernet/subversion/checkout/main/trunk/autobuild/packages/automake/automake-1.9.6/unpack/automake-1.9.6/../../pkg/debian/usr/share/automake-1.9"
 /usr/bin/install -c -m 644 'config.guess' '/usr/local/aethernet/subversion/checkout/main/trunk/autobuild/packages/automake/automake-1.9.6/unpack/automake-1.9.6/../../pkg/debian/usr/share/automake-1.9/config.guess'
 /usr/bin/install -c -m 644 'config.sub' '/usr/local/aethernet/subversion/checkout/main/trunk/autobuild/packages/automake/automake-1.9.6/unpack/automake-1.9.6/../../pkg/debian/usr/share/automake-1.9/config.sub'
 /usr/bin/install -c -m 644 'install-sh' '/usr/local/aethernet/subversion/checkout/main/trunk/autobuild/packages/automake/automake-1.9.6/unpack/automake-1.9.6/../../pkg/debian/usr/share/automake-1.9/install-sh'
 /usr/bin/install -c -m 644 'mdate-sh' '/usr/local/aethernet/subversion/checkout/main/trunk/autobuild/packages/automake/automake-1.9.6/unpack/automake-1.9.6/../../pkg/debian/usr/share/automake-1.9/mdate-sh'
 /usr/bin/install -c -m 644 'missing' '/usr/local/aethernet/subversion/checkout/main/trunk/autobuild/packages/automake/automake-1.9.6/unpack/automake-1.9.6/../../pkg/debian/usr/share/automake-1.9/missing'
 /usr/bin/install -c -m 644 'mkinstalldirs' '/usr/local/aethernet/subversion/checkout/main/trunk/autobuild/packages/automake/automake-1.9.6/unpack/automake-1.9.6/../../pkg/debian/usr/share/automake-1.9/mkinstalldirs'
 /usr/bin/install -c -m 644 'elisp-comp' '/usr/local/aethernet/subversion/checkout/main/trunk/autobuild/packages/automake/automake-1.9.6/unpack/automake-1.9.6/../../pkg/debian/usr/share/automake-1.9/elisp-comp'
 /usr/bin/install -c -m 644 'ylwrap' '/usr/local/aethernet/subversion/checkout/main/trunk/autobuild/packages/automake/automake-1.9.6/unpack/automake-1.9.6/../../pkg/debian/usr/share/automake-1.9/ylwrap'
 /usr/bin/install -c -m 644 'acinstall' '/usr/local/aethernet/subversion/checkout/main/trunk/autobuild/packages/automake/automake-1.9.6/unpack/automake-1.9.6/../../pkg/debian/usr/share/automake-1.9/acinstall'
 /usr/bin/install -c -m 644 'depcomp' '/usr/local/aethernet/subversion/checkout/main/trunk/autobuild/packages/automake/automake-1.9.6/unpack/automake-1.9.6/../../pkg/debian/usr/share/automake-1.9/depcomp'
 /usr/bin/install -c -m 644 'compile' '/usr/local/aethernet/subversion/checkout/main/trunk/autobuild/packages/automake/automake-1.9.6/unpack/automake-1.9.6/../../pkg/debian/usr/share/automake-1.9/compile'
 /usr/bin/install -c -m 644 'py-compile' '/usr/local/aethernet/subversion/checkout/main/trunk/autobuild/packages/automake/automake-1.9.6/unpack/automake-1.9.6/../../pkg/debian/usr/share/automake-1.9/py-compile'
 /usr/bin/install -c -m 644 'symlink-tree' '/usr/local/aethernet/subversion/checkout/main/trunk/autobuild/packages/automake/automake-1.9.6/unpack/automake-1.9.6/../../pkg/debian/usr/share/automake-1.9/symlink-tree'
make  install-data-hook
make[4]: Entering directory `/mnt/sda1/aethernet/subversion/checkout/main/trunk/autobuild/packages/automake/automake-1.9.6/unpack/automake-1.9.6/lib'
 chmod +x /usr/local/aethernet/subversion/checkout/main/trunk/autobuild/packages/automake/automake-1.9.6/unpack/automake-1.9.6/../../pkg/debian/usr/share/automake-1.9/config.guess
 chmod +x /usr/local/aethernet/subversion/checkout/main/trunk/autobuild/packages/automake/automake-1.9.6/unpack/automake-1.9.6/../../pkg/debian/usr/share/automake-1.9/config.sub
 chmod +x /usr/local/aethernet/subversion/checkout/main/trunk/autobuild/packages/automake/automake-1.9.6/unpack/automake-1.9.6/../../pkg/debian/usr/share/automake-1.9/install-sh
 chmod +x /usr/local/aethernet/subversion/checkout/main/trunk/autobuild/packages/automake/automake-1.9.6/unpack/automake-1.9.6/../../pkg/debian/usr/share/automake-1.9/mdate-sh
 chmod +x /usr/local/aethernet/subversion/checkout/main/trunk/autobuild/packages/automake/automake-1.9.6/unpack/automake-1.9.6/../../pkg/debian/usr/share/automake-1.9/missing
 chmod +x /usr/local/aethernet/subversion/checkout/main/trunk/autobuild/packages/automake/automake-1.9.6/unpack/automake-1.9.6/../../pkg/debian/usr/share/automake-1.9/mkinstalldirs
 chmod +x /usr/local/aethernet/subversion/checkout/main/trunk/autobuild/packages/automake/automake-1.9.6/unpack/automake-1.9.6/../../pkg/debian/usr/share/automake-1.9/elisp-comp
 chmod +x /usr/local/aethernet/subversion/checkout/main/trunk/autobuild/packages/automake/automake-1.9.6/unpack/automake-1.9.6/../../pkg/debian/usr/share/automake-1.9/ylwrap
 chmod +x /usr/local/aethernet/subversion/checkout/main/trunk/autobuild/packages/automake/automake-1.9.6/unpack/automake-1.9.6/../../pkg/debian/usr/share/automake-1.9/acinstall
 chmod +x /usr/local/aethernet/subversion/checkout/main/trunk/autobuild/packages/automake/automake-1.9.6/unpack/automake-1.9.6/../../pkg/debian/usr/share/automake-1.9/depcomp
 chmod +x /usr/local/aethernet/subversion/checkout/main/trunk/autobuild/packages/automake/automake-1.9.6/unpack/automake-1.9.6/../../pkg/debian/usr/share/automake-1.9/compile
 chmod +x /usr/local/aethernet/subversion/checkout/main/trunk/autobuild/packages/automake/automake-1.9.6/unpack/automake-1.9.6/../../pkg/debian/usr/share/automake-1.9/py-compile
 chmod +x /usr/local/aethernet/subversion/checkout/main/trunk/autobuild/packages/automake/automake-1.9.6/unpack/automake-1.9.6/../../pkg/debian/usr/share/automake-1.9/symlink-tree
make[4]: Leaving directory `/mnt/sda1/aethernet/subversion/checkout/main/trunk/autobuild/packages/automake/automake-1.9.6/unpack/automake-1.9.6/lib'
make[3]: Leaving directory `/mnt/sda1/aethernet/subversion/checkout/main/trunk/autobuild/packages/automake/automake-1.9.6/unpack/automake-1.9.6/lib'
make[2]: Leaving directory `/mnt/sda1/aethernet/subversion/checkout/main/trunk/autobuild/packages/automake/automake-1.9.6/unpack/automake-1.9.6/lib'
make[1]: Leaving directory `/mnt/sda1/aethernet/subversion/checkout/main/trunk/autobuild/packages/automake/automake-1.9.6/unpack/automake-1.9.6/lib'
Making install in tests
make[1]: Entering directory `/mnt/sda1/aethernet/subversion/checkout/main/trunk/autobuild/packages/automake/automake-1.9.6/unpack/automake-1.9.6/tests'
make[2]: Entering directory `/mnt/sda1/aethernet/subversion/checkout/main/trunk/autobuild/packages/automake/automake-1.9.6/unpack/automake-1.9.6/tests'
make[2]: Nothing to be done for `install-exec-am'.
make[2]: Nothing to be done for `install-data-am'.
make[2]: Leaving directory `/mnt/sda1/aethernet/subversion/checkout/main/trunk/autobuild/packages/automake/automake-1.9.6/unpack/automake-1.9.6/tests'
make[1]: Leaving directory `/mnt/sda1/aethernet/subversion/checkout/main/trunk/autobuild/packages/automake/automake-1.9.6/unpack/automake-1.9.6/tests'
