less-394/
less-394/input.c
less-394/regexp.h
less-394/edit.c
less-394/defines.o2
less-394/opttbl.c
less-394/less.nro
less-394/lessecho.nro
less-394/os.c
less-394/jump.c
less-394/brac.c
less-394/option.c
less-394/version.c
less-394/optfunc.c
less-394/position.c
less-394/INSTALL
less-394/ifile.c
less-394/charset.c
less-394/lesskey.nro
less-394/main.c
less-394/signal.c
less-394/regexp.c
less-394/less.h
less-394/less.hlp
less-394/Makefile.in
less-394/line.c
less-394/command.c
less-394/filename.c
less-394/mkinstalldirs
less-394/forwback.c
less-394/lessecho.man
less-394/search.c
less-394/mkfuncs.awk
less-394/option.h
less-394/configure
less-394/linenum.c
less-394/lglob.h
less-394/charset.h
less-394/cmdbuf.c
less-394/position.h
less-394/cmd.h
less-394/defines.ds
less-394/funcs.h
less-394/ttyin.c
less-394/README
less-394/lsystem.c
less-394/scrsize.c
less-394/tags.c
less-394/pckeys.h
less-394/NEWS
less-394/lesskey.c
less-394/Makefile.dsu
less-394/ch.c
less-394/configure.ac
less-394/defines.o9
less-394/lesskey.man
less-394/Makefile.dsg
less-394/Makefile.wnm
less-394/output.c
less-394/COPYING
less-394/help.c
less-394/lessecho.c
less-394/mkhelp.c
less-394/Makefile.wnb
less-394/defines.h.in
less-394/screen.c
less-394/decode.c
less-394/LICENSE
less-394/install.sh
less-394/lesskey.h
less-394/Makefile.aut
less-394/defines.wn
less-394/mark.c
less-394/Makefile.o9c
less-394/Makefile.o2e
less-394/Makefile.dsb
less-394/prompt.c
less-394/less.man
less-394/Makefile.o9u
