Found a patch, skipping...
Found a patch, skipping...
grub-0.97/
grub-0.97/util/
grub-0.97/util/Makefile.am
grub-0.97/util/Makefile.in
grub-0.97/util/grub-image.in
grub-0.97/util/grub-install.in
grub-0.97/util/grub-md5-crypt.in
grub-0.97/util/grub-set-default.in
grub-0.97/util/grub-terminfo.in
grub-0.97/util/mbchk.c
grub-0.97/util/mkbimage
grub-0.97/README
grub-0.97/acinclude.m4
grub-0.97/configure.ac
grub-0.97/aclocal.m4
grub-0.97/Makefile.am
grub-0.97/Makefile.in
grub-0.97/config.h.in
grub-0.97/configure
grub-0.97/AUTHORS
grub-0.97/COPYING
grub-0.97/ChangeLog
grub-0.97/INSTALL
grub-0.97/NEWS
grub-0.97/THANKS
grub-0.97/TODO
grub-0.97/compile
grub-0.97/config.guess
grub-0.97/config.sub
grub-0.97/depcomp
grub-0.97/install-sh
grub-0.97/missing
grub-0.97/mkinstalldirs
grub-0.97/BUGS
grub-0.97/MAINTENANCE
grub-0.97/netboot/
grub-0.97/netboot/Makefile.am
grub-0.97/netboot/Makefile.in
grub-0.97/netboot/cards.h
grub-0.97/netboot/config.c
grub-0.97/netboot/etherboot.h
grub-0.97/netboot/fsys_tftp.c
grub-0.97/netboot/linux-asm-io.h
grub-0.97/netboot/linux-asm-string.h
grub-0.97/netboot/main.c
grub-0.97/netboot/misc.c
grub-0.97/netboot/nic.h
grub-0.97/netboot/osdep.h
grub-0.97/netboot/pci.c
grub-0.97/netboot/pci.h
grub-0.97/netboot/timer.c
grub-0.97/netboot/timer.h
grub-0.97/netboot/3c509.c
grub-0.97/netboot/3c509.h
grub-0.97/netboot/3c595.c
grub-0.97/netboot/3c595.h
grub-0.97/netboot/3c90x.c
grub-0.97/netboot/cs89x0.c
grub-0.97/netboot/cs89x0.h
grub-0.97/netboot/davicom.c
grub-0.97/netboot/depca.c
grub-0.97/netboot/eepro.c
grub-0.97/netboot/eepro100.c
grub-0.97/netboot/epic100.c
grub-0.97/netboot/epic100.h
grub-0.97/netboot/fa311.c
grub-0.97/netboot/i82586.c
grub-0.97/netboot/lance.c
grub-0.97/netboot/natsemi.c
grub-0.97/netboot/ni5010.c
grub-0.97/netboot/ns8390.c
grub-0.97/netboot/ns8390.h
grub-0.97/netboot/otulip.c
grub-0.97/netboot/otulip.h
grub-0.97/netboot/rtl8139.c
grub-0.97/netboot/sis900.c
grub-0.97/netboot/sis900.h
grub-0.97/netboot/sk_g16.c
grub-0.97/netboot/sk_g16.h
grub-0.97/netboot/smc9000.c
grub-0.97/netboot/smc9000.h
grub-0.97/netboot/tiara.c
grub-0.97/netboot/tlan.c
grub-0.97/netboot/tulip.c
grub-0.97/netboot/via-rhine.c
grub-0.97/netboot/w89c840.c
grub-0.97/netboot/README.netboot
grub-0.97/netboot/3c90x.txt
grub-0.97/netboot/cs89x0.txt
grub-0.97/netboot/sis900.txt
grub-0.97/netboot/tulip.txt
grub-0.97/stage2/
grub-0.97/stage2/apic.h
grub-0.97/stage2/defs.h
grub-0.97/stage2/dir.h
grub-0.97/stage2/disk_inode.h
grub-0.97/stage2/disk_inode_ffs.h
grub-0.97/stage2/fat.h
grub-0.97/stage2/filesys.h
grub-0.97/stage2/freebsd.h
grub-0.97/stage2/fs.h
grub-0.97/stage2/hercules.h
grub-0.97/stage2/i386-elf.h
grub-0.97/stage2/imgact_aout.h
grub-0.97/stage2/iso9660.h
grub-0.97/stage2/jfs.h
grub-0.97/stage2/mb_header.h
grub-0.97/stage2/mb_info.h
grub-0.97/stage2/md5.h
grub-0.97/stage2/nbi.h
grub-0.97/stage2/pc_slice.h
grub-0.97/stage2/serial.h
grub-0.97/stage2/shared.h
grub-0.97/stage2/smp-imps.h
grub-0.97/stage2/term.h
grub-0.97/stage2/terminfo.h
grub-0.97/stage2/tparm.h
grub-0.97/stage2/ufs2.h
grub-0.97/stage2/vstafs.h
grub-0.97/stage2/xfs.h
grub-0.97/stage2/Makefile.am
grub-0.97/stage2/Makefile.in
grub-0.97/stage2/boot.c
grub-0.97/stage2/builtins.c
grub-0.97/stage2/char_io.c
grub-0.97/stage2/cmdline.c
grub-0.97/stage2/common.c
grub-0.97/stage2/disk_io.c
grub-0.97/stage2/fsys_ext2fs.c
grub-0.97/stage2/fsys_fat.c
grub-0.97/stage2/fsys_ffs.c
grub-0.97/stage2/fsys_iso9660.c
grub-0.97/stage2/fsys_jfs.c
grub-0.97/stage2/fsys_minix.c
grub-0.97/stage2/fsys_reiserfs.c
grub-0.97/stage2/fsys_ufs2.c
grub-0.97/stage2/fsys_vstafs.c
grub-0.97/stage2/fsys_xfs.c
grub-0.97/stage2/gunzip.c
grub-0.97/stage2/md5.c
grub-0.97/stage2/serial.c
grub-0.97/stage2/stage2.c
grub-0.97/stage2/terminfo.c
grub-0.97/stage2/tparm.c
grub-0.97/stage2/asm.S
grub-0.97/stage2/bios.c
grub-0.97/stage2/console.c
grub-0.97/stage2/hercules.c
grub-0.97/stage2/smp-imps.c
grub-0.97/stage2/start.S
grub-0.97/stage2/stage1_5.c
grub-0.97/stage2/start_eltorito.S
grub-0.97/stage2/nbloader.S
grub-0.97/stage2/pxeloader.S
grub-0.97/stage2/setjmp.S
grub-0.97/stage2/apm.S
grub-0.97/stage2/size_test
grub-0.97/stage1/
grub-0.97/stage1/Makefile.am
grub-0.97/stage1/Makefile.in
grub-0.97/stage1/stage1.S
grub-0.97/stage1/stage1.h
grub-0.97/lib/
grub-0.97/lib/Makefile.am
grub-0.97/lib/Makefile.in
grub-0.97/lib/getopt.c
grub-0.97/lib/getopt1.c
grub-0.97/lib/getopt.h
grub-0.97/lib/device.c
grub-0.97/lib/device.h
grub-0.97/grub/
grub-0.97/grub/Makefile.am
grub-0.97/grub/Makefile.in
grub-0.97/grub/main.c
grub-0.97/grub/asmstub.c
grub-0.97/docs/
grub-0.97/docs/internals.texi
grub-0.97/docs/boot.S.texi
grub-0.97/docs/kernel.c.texi
grub-0.97/docs/multiboot.h.texi
grub-0.97/docs/Makefile.am
grub-0.97/docs/Makefile.in
grub-0.97/docs/stamp-vti
grub-0.97/docs/version.texi
grub-0.97/docs/mdate-sh
grub-0.97/docs/texinfo.tex
grub-0.97/docs/boot.S
grub-0.97/docs/kernel.c
grub-0.97/docs/multiboot.h
grub-0.97/docs/grub.texi
grub-0.97/docs/multiboot.texi
grub-0.97/docs/menu.lst
grub-0.97/docs/grub.8
grub-0.97/docs/mbchk.1
grub-0.97/docs/grub-install.8
grub-0.97/docs/grub-md5-crypt.8
grub-0.97/docs/grub-terminfo.8
grub-0.97/docs/help2man
grub-0.97/docs/src2texi
grub-0.97/docs/grub.info
grub-0.97/docs/multiboot.info
