patching file configure
patching file configure.ac
patching file lib/device.c
patching file stage2/Makefile.am
patching file stage2/boot.c
patching file stage2/disk_io.c
patching file stage2/freebsd.h
patching file stage2/fsys_fat.c
patching file stage2/fsys_iso9660.c
patching file stage2/fsys_reiserfs.c
patching file stage2/fsys_vstafs.c
patching file stage2/fsys_xfs.c
patching file stage2/gunzip.c
patching file stage2/md5.c
patching file stage2/start_eltorito.S
patching file util/grub-install.in
patching file configure
patching file configure.ac
patching file netboot/3c509.h
patching file netboot/3c595.c
patching file netboot/3c90x.c
patching file netboot/3c90x.txt
patching file netboot/Makefile.am
patching file netboot/Makefile.in
patching file netboot/basemem.c
patching file netboot/big_bswap.h
patching file netboot/bootp.h
patching file netboot/byteswap.h
patching file netboot/cards.h
patching file netboot/config.c
patching file netboot/cpu.h
patching file netboot/cs89x0.c
patching file netboot/cs89x0.h
patching file netboot/cs89x0.txt
patching file netboot/davicom.c
patching file netboot/depca.c
patching file netboot/dev.h
patching file netboot/e1000.c
patching file netboot/e1000_hw.h
patching file netboot/eepro.c
patching file netboot/eepro100.c
patching file netboot/elf.h
patching file netboot/endian.h
patching file netboot/epic100.c
patching file netboot/etherboot.h
patching file netboot/fa311.c
patching file netboot/forcedeth.c
patching file netboot/fsys_tftp.c
patching file netboot/grub.h
patching file netboot/i386_byteswap.h
patching file netboot/i386_elf.h
patching file netboot/i386_endian.h
patching file netboot/i386_timer.c
patching file netboot/i82586.c
patching file netboot/if_arp.h
patching file netboot/if_ether.h
patching file netboot/igmp.h
patching file netboot/in.h
patching file netboot/io.h
patching file netboot/ip.h
patching file netboot/isa.h
patching file netboot/lance.c
patching file netboot/latch.h
patching file netboot/linux-asm-io.h
patching file netboot/linux-asm-string.h
patching file netboot/little_bswap.h
patching file netboot/main.c
patching file netboot/mii.h
patching file netboot/misc.c
patching file netboot/natsemi.c
patching file netboot/nfs.h
patching file netboot/ni5010.c
patching file netboot/nic.c
patching file netboot/nic.h
patching file netboot/ns83820.c
patching file netboot/ns8390.c
patching file netboot/osdep.h
patching file netboot/otulip.c
patching file netboot/otulip.h
patching file netboot/pci.c
patching file netboot/pci.h
patching file netboot/pci_ids.h
patching file netboot/pci_io.c
patching file netboot/pcnet32.c
patching file netboot/pic8259.c
patching file netboot/pic8259.h
patching file netboot/pnic.c
patching file netboot/pnic_api.h
patching file netboot/pxe.h
patching file netboot/r8169.c
patching file netboot/rtl8139.c
patching file netboot/segoff.h
patching file netboot/sis900.c
patching file netboot/sis900.h
patching file netboot/sis900.txt
patching file netboot/sk_g16.c
patching file netboot/sk_g16.h
patching file netboot/smc9000.c
patching file netboot/smc9000.h
patching file netboot/stdint.h
patching file netboot/tftp.h
patching file netboot/tg3.c
patching file netboot/tg3.h
patching file netboot/tiara.c
patching file netboot/timer.c
patching file netboot/timer.h
patching file netboot/tlan.c
patching file netboot/tlan.h
patching file netboot/tulip.c
patching file netboot/tulip.txt
patching file netboot/types.h
patching file netboot/udp.h
patching file netboot/via-rhine.c
patching file netboot/w89c840.c
patching file stage2/disk_io.c
