patch-2.5.4/
patch-2.5.4/m4/
patch-2.5.4/m4/ccstdc.m4
patch-2.5.4/m4/d-ino.m4
patch-2.5.4/m4/inttypes_h.m4
patch-2.5.4/m4/largefile.m4
patch-2.5.4/m4/malloc.m4
patch-2.5.4/m4/protos.m4
patch-2.5.4/m4/realloc.m4
patch-2.5.4/m4/utimbuf.m4
patch-2.5.4/pc/
patch-2.5.4/pc/djgpp/
patch-2.5.4/pc/djgpp/README
patch-2.5.4/pc/djgpp/config.sed
patch-2.5.4/pc/djgpp/configure.bat
patch-2.5.4/pc/djgpp/configure.sed
patch-2.5.4/pc/chdirsaf.c
patch-2.5.4/AUTHORS
patch-2.5.4/COPYING
patch-2.5.4/ChangeLog
patch-2.5.4/INSTALL
patch-2.5.4/Makefile.in
patch-2.5.4/NEWS
patch-2.5.4/README
patch-2.5.4/aclocal.m4
patch-2.5.4/ansi2knr.1
patch-2.5.4/ansi2knr.c
patch-2.5.4/config.guess
patch-2.5.4/config.hin
patch-2.5.4/config.sub
patch-2.5.4/configure
patch-2.5.4/configure.in
patch-2.5.4/install-sh
patch-2.5.4/mkinstalldirs
patch-2.5.4/patch.man
patch-2.5.4/addext.c
patch-2.5.4/argmatch.c
patch-2.5.4/backupfile.c
patch-2.5.4/basename.c
patch-2.5.4/error.c
patch-2.5.4/inp.c
patch-2.5.4/maketime.c
patch-2.5.4/mkdir.c
patch-2.5.4/partime.c
patch-2.5.4/patch.c
patch-2.5.4/pch.c
patch-2.5.4/quotearg.c
patch-2.5.4/quotesys.c
patch-2.5.4/rmdir.c
patch-2.5.4/util.c
patch-2.5.4/version.c
patch-2.5.4/xmalloc.c
patch-2.5.4/getopt.c
patch-2.5.4/getopt1.c
patch-2.5.4/malloc.c
patch-2.5.4/memchr.c
patch-2.5.4/realloc.c
patch-2.5.4/rename.c
patch-2.5.4/argmatch.h
patch-2.5.4/backupfile.h
patch-2.5.4/basename.h
patch-2.5.4/common.h
patch-2.5.4/error.h
patch-2.5.4/getopt.h
patch-2.5.4/inp.h
patch-2.5.4/maketime.h
patch-2.5.4/partime.h
patch-2.5.4/patchlevel.h
patch-2.5.4/pch.h
patch-2.5.4/quotearg.h
patch-2.5.4/quotesys.h
patch-2.5.4/util.h
patch-2.5.4/version.h
patch-2.5.4/xalloc.h
