  CHK     include/linux/version.h
  UPD     include/linux/version.h
  CHK     include/linux/utsrelease.h
  UPD     include/linux/utsrelease.h
  SYMLINK include/asm -> include/asm-i386
  CC      arch/i386/kernel/asm-offsets.s
  GEN     include/asm-i386/asm-offsets.h
  CC      scripts/mod/empty.o
  HOSTCC  scripts/mod/mk_elfconfig
  MKELF   scripts/mod/elfconfig.h
  HOSTCC  scripts/mod/file2alias.o
  HOSTCC  scripts/mod/modpost.o
  HOSTCC  scripts/mod/sumversion.o
  HOSTLD  scripts/mod/modpost
  HOSTCC  scripts/kallsyms
  HOSTCC  scripts/conmakehash
  HOSTCC  scripts/bin2c
  CC      init/main.o
  CHK     include/linux/compile.h
  UPD     include/linux/compile.h
  CC      init/version.o
  CC      init/do_mounts.o
  CC      init/do_mounts_rd.o
  CC      init/do_mounts_initrd.o
  LD      init/mounts.o
  CC      init/initramfs.o
  CC      init/calibrate.o
  LD      init/built-in.o
  HOSTCC  usr/gen_init_cpio
  GEN     usr/initramfs_data.cpio.gz
  AS      usr/initramfs_data.o
  LD      usr/built-in.o
  CC      arch/i386/kernel/process.o
  CC      arch/i386/kernel/signal.o
  AS      arch/i386/kernel/entry.o
  CC      arch/i386/kernel/traps.o
  CC      arch/i386/kernel/irq.o
  CC      arch/i386/kernel/ptrace.o
  CC      arch/i386/kernel/time.o
  CC      arch/i386/kernel/ioport.o
  CC      arch/i386/kernel/ldt.o
  CC      arch/i386/kernel/setup.o
  CC      arch/i386/kernel/i8259.o
  CC      arch/i386/kernel/sys_i386.o
  CC      arch/i386/kernel/pci-dma.o
  CC      arch/i386/kernel/i386_ksyms.o
  CC      arch/i386/kernel/i387.o
  CC      arch/i386/kernel/bootflag.o
  CC      arch/i386/kernel/e820.o
  CC      arch/i386/kernel/quirks.o
  CC      arch/i386/kernel/i8237.o
  CC      arch/i386/kernel/topology.o
  CC      arch/i386/kernel/alternative.o
  CC      arch/i386/kernel/i8253.o
  CC      arch/i386/kernel/tsc.o
  CC      arch/i386/kernel/acpi/boot.o
  CC      arch/i386/kernel/acpi/earlyquirk.o
  CC      arch/i386/kernel/acpi/cstate.o
  CC      arch/i386/kernel/acpi/processor.o
  LD      arch/i386/kernel/acpi/built-in.o
  CC      arch/i386/kernel/cpu/common.o
  CC      arch/i386/kernel/cpu/proc.o
  CC      arch/i386/kernel/cpu/amd.o
  CC      arch/i386/kernel/cpu/cyrix.o
  CC      arch/i386/kernel/cpu/centaur.o
  CC      arch/i386/kernel/cpu/transmeta.o
  CC      arch/i386/kernel/cpu/intel.o
  CC      arch/i386/kernel/cpu/intel_cacheinfo.o
  CC      arch/i386/kernel/cpu/rise.o
  CC      arch/i386/kernel/cpu/nexgen.o
  CC      arch/i386/kernel/cpu/umc.o
  CC      arch/i386/kernel/cpu/mcheck/mce.o
  CC      arch/i386/kernel/cpu/mcheck/k7.o
  CC      arch/i386/kernel/cpu/mcheck/p4.o
  CC      arch/i386/kernel/cpu/mcheck/p5.o
  CC      arch/i386/kernel/cpu/mcheck/p6.o
  CC      arch/i386/kernel/cpu/mcheck/winchip.o
  CC      arch/i386/kernel/cpu/mcheck/therm_throt.o
  CC      arch/i386/kernel/cpu/mcheck/non-fatal.o
  LD      arch/i386/kernel/cpu/mcheck/built-in.o
  CC      arch/i386/kernel/cpu/mtrr/main.o
  CC      arch/i386/kernel/cpu/mtrr/if.o
  CC      arch/i386/kernel/cpu/mtrr/generic.o
  CC      arch/i386/kernel/cpu/mtrr/state.o
  CC      arch/i386/kernel/cpu/mtrr/amd.o
  CC      arch/i386/kernel/cpu/mtrr/cyrix.o
  CC      arch/i386/kernel/cpu/mtrr/centaur.o
  LD      arch/i386/kernel/cpu/mtrr/built-in.o
  LD      arch/i386/kernel/cpu/built-in.o
  CC      arch/i386/kernel/reboot.o
  CC      arch/i386/kernel/smp.o
  CC      arch/i386/kernel/smpboot.o
  CC      arch/i386/kernel/tsc_sync.o
  AS      arch/i386/kernel/trampoline.o
  CC      arch/i386/kernel/mpparse.o
  CC      arch/i386/kernel/apic.o
  CC      arch/i386/kernel/nmi.o
  CC      arch/i386/kernel/io_apic.o
  CC      arch/i386/kernel/module.o
  CC      arch/i386/kernel/sysenter.o
  LDS     arch/i386/kernel/vsyscall.lds
  AS      arch/i386/kernel/vsyscall-int80.o
  AS      arch/i386/kernel/vsyscall-note.o
