dpkg-deb: building package `linux-2.6.21.3' in `debian.deb'.
 new debian package, version 2.0.
 size 3447290 bytes: control archive= 1686 bytes.
     235 bytes,    10 lines      control              
     789 bytes,    18 lines      copyright            
       6 bytes,     1 lines      debian-binary        
    1484 bytes,    61 lines   *  postinst             #!/bin/bash
     108 bytes,     3 lines   *  postrm               #!/bin/bash
     111 bytes,     3 lines   *  preinst              #!/bin/bash
     500 bytes,    17 lines   *  prerm                #!/bin/bash
 Package: linux-2.6.21.3
 Version: 2.6.21.3
 Section: unknown
 Priority: required
 Architecture: all
 Essential: no
 Depends: aaa-base
 Maintainer: Aethernet support team [support@aethernet.co.uk]
 Provides: linux
 Description: The Linux kernel
