file-4.17/README
file-4.17/acinclude.m4
file-4.17/configure.in
file-4.17/aclocal.m4
file-4.17/Makefile.am
file-4.17/Makefile.in
file-4.17/config.h.in
file-4.17/configure
file-4.17/ChangeLog
file-4.17/config.guess
file-4.17/config.sub
file-4.17/depcomp
file-4.17/install-sh
file-4.17/ltcf-c.sh
file-4.17/ltconfig
file-4.17/ltmain.sh
file-4.17/missing
file-4.17/mkinstalldirs
file-4.17/LEGAL.NOTICE
file-4.17/MAINT
file-4.17/PORTING
file-4.17/src/magic.h
file-4.17/src/Makefile.am
file-4.17/src/Makefile.in
file-4.17/src/magic.c
file-4.17/src/apprentice.c
file-4.17/src/softmagic.c
file-4.17/src/ascmagic.c
file-4.17/src/compress.c
file-4.17/src/is_tar.c
file-4.17/src/readelf.c
file-4.17/src/print.c
file-4.17/src/fsmagic.c
file-4.17/src/funcs.c
file-4.17/src/file.h
file-4.17/src/names.h
file-4.17/src/patchlevel.h
file-4.17/src/readelf.h
file-4.17/src/tar.h
file-4.17/src/apptype.c
file-4.17/src/file.c
file-4.17/src/test.c
file-4.17/magic/Magdir/acorn
file-4.17/magic/Magdir/adi
file-4.17/magic/Magdir/adventure
file-4.17/magic/Magdir/allegro
file-4.17/magic/Magdir/alliant
file-4.17/magic/Magdir/alpha
file-4.17/magic/Magdir/amanda
file-4.17/magic/Magdir/amigaos
file-4.17/magic/Magdir/animation
file-4.17/magic/Magdir/apl
file-4.17/magic/Magdir/apple
file-4.17/magic/Magdir/applix
file-4.17/magic/Magdir/archive
file-4.17/magic/Magdir/asterix
file-4.17/magic/Magdir/att3b
file-4.17/magic/Magdir/audio
file-4.17/magic/Magdir/basis
file-4.17/magic/Magdir/bflt
file-4.17/magic/Magdir/blender
file-4.17/magic/Magdir/blit
file-4.17/magic/Magdir/bout
file-4.17/magic/Magdir/bsdi
file-4.17/magic/Magdir/btsnoop
file-4.17/magic/Magdir/cad
file-4.17/magic/Magdir/c-lang
file-4.17/magic/Magdir/c64
file-4.17/magic/Magdir/cddb
file-4.17/magic/Magdir/chord
file-4.17/magic/Magdir/cisco
file-4.17/magic/Magdir/citrus
file-4.17/magic/Magdir/claris
file-4.17/magic/Magdir/clipper
file-4.17/magic/Magdir/cracklib
file-4.17/magic/Magdir/spec
file-4.17/magic/Magdir/commands
file-4.17/magic/Magdir/communications
file-4.17/magic/Magdir/compress
file-4.17/magic/Magdir/console
file-4.17/magic/Magdir/convex
file-4.17/magic/Magdir/ctags
file-4.17/magic/Magdir/dact
file-4.17/magic/Magdir/database
file-4.17/magic/Magdir/diamond
file-4.17/magic/Magdir/diff
file-4.17/magic/Magdir/digital
file-4.17/magic/Magdir/dolby
file-4.17/magic/Magdir/dump
file-4.17/magic/Magdir/editors
file-4.17/magic/Magdir/elf
file-4.17/magic/Magdir/encore
file-4.17/magic/Magdir/epoc
file-4.17/magic/Magdir/esri
file-4.17/magic/Magdir/fcs
file-4.17/magic/Magdir/filesystems
file-4.17/magic/Magdir/flash
file-4.17/magic/Magdir/fonts
file-4.17/magic/Magdir/frame
file-4.17/magic/Magdir/freebsd
file-4.17/magic/Magdir/fsav
file-4.17/magic/Magdir/games
file-4.17/magic/Magdir/geos
file-4.17/magic/Magdir/gcc
file-4.17/magic/Magdir/gimp
file-4.17/magic/Magdir/gnu
file-4.17/magic/Magdir/grace
file-4.17/magic/Magdir/gringotts
file-4.17/magic/Magdir/hitachi-sh
file-4.17/magic/Magdir/hp
file-4.17/magic/Magdir/human68k
file-4.17/magic/Magdir/ibm370
file-4.17/magic/Magdir/ibm6000
file-4.17/magic/Magdir/iff
file-4.17/magic/Magdir/images
file-4.17/magic/Magdir/intel
file-4.17/magic/Magdir/interleaf
file-4.17/magic/Magdir/island
file-4.17/magic/Magdir/ispell
file-4.17/magic/Magdir/java
file-4.17/magic/Magdir/jpeg
file-4.17/magic/Magdir/karma
file-4.17/magic/Magdir/lecter
file-4.17/magic/Magdir/lex
file-4.17/magic/Magdir/lif
file-4.17/magic/Magdir/linux
file-4.17/magic/Magdir/lisp
file-4.17/magic/Magdir/mach
file-4.17/magic/Magdir/macintosh
file-4.17/magic/Magdir/magic
file-4.17/magic/Magdir/mail.news
file-4.17/magic/Magdir/maple
file-4.17/magic/Magdir/mathematica
file-4.17/magic/Magdir/matroska
file-4.17/magic/Magdir/mcrypt
file-4.17/magic/Magdir/mime
file-4.17/magic/Magdir/mips
file-4.17/magic/Magdir/mirage
file-4.17/magic/Magdir/misctools
file-4.17/magic/Magdir/mkid
file-4.17/magic/Magdir/mlssa
file-4.17/magic/Magdir/mmdf
file-4.17/magic/Magdir/modem
file-4.17/magic/Magdir/motorola
file-4.17/magic/Magdir/msdos
file-4.17/magic/Magdir/msvc
file-4.17/magic/Magdir/mup
file-4.17/magic/Magdir/natinst
file-4.17/magic/Magdir/ncr
file-4.17/magic/Magdir/netbsd
file-4.17/magic/Magdir/netscape
file-4.17/magic/Magdir/news
file-4.17/magic/Magdir/nitpicker
file-4.17/magic/Magdir/ocaml
file-4.17/magic/Magdir/octave
file-4.17/magic/Magdir/olf
file-4.17/magic/Magdir/os2
file-4.17/magic/Magdir/os9
file-4.17/magic/Magdir/osf1
file-4.17/magic/Magdir/palm
file-4.17/magic/Magdir/parix
file-4.17/magic/Magdir/pbm
file-4.17/magic/Magdir/pdf
file-4.17/magic/Magdir/pdp
file-4.17/magic/Magdir/perl
file-4.17/magic/Magdir/pgp
file-4.17/magic/Magdir/pkgadd
file-4.17/magic/Magdir/plan9
file-4.17/magic/Magdir/plus5
file-4.17/magic/Magdir/printer
file-4.17/magic/Magdir/project
file-4.17/magic/Magdir/psdbms
file-4.17/magic/Magdir/psion
file-4.17/magic/Magdir/pulsar
file-4.17/magic/Magdir/pyramid
file-4.17/magic/Magdir/python
file-4.17/magic/Magdir/revision
file-4.17/magic/Magdir/riff
file-4.17/magic/Magdir/rpm
file-4.17/magic/Magdir/rtf
file-4.17/magic/Magdir/sc
file-4.17/magic/Magdir/sccs
file-4.17/magic/Magdir/sendmail
file-4.17/magic/Magdir/sequent
file-4.17/magic/Magdir/sgi
file-4.17/magic/Magdir/sgml
file-4.17/magic/Magdir/sharc
file-4.17/magic/Magdir/sinclair
file-4.17/magic/Magdir/sketch
file-4.17/magic/Magdir/smalltalk
file-4.17/magic/Magdir/sniffer
file-4.17/magic/Magdir/dyadic
file-4.17/magic/Magdir/scientific
file-4.17/magic/Magdir/softquad
file-4.17/magic/Magdir/spectrum
file-4.17/magic/Magdir/sql
file-4.17/magic/Magdir/sun
file-4.17/magic/Magdir/sysex
file-4.17/magic/Magdir/teapot
file-4.17/magic/Magdir/tex
file-4.17/magic/Magdir/terminfo
file-4.17/magic/Magdir/tgif
file-4.17/magic/Magdir/ti-8x
file-4.17/magic/Magdir/timezone
file-4.17/magic/Magdir/troff
file-4.17/magic/Magdir/tuxedo
file-4.17/magic/Magdir/typeset
file-4.17/magic/Magdir/unknown
file-4.17/magic/Magdir/uuencode
file-4.17/magic/Magdir/varied.out
file-4.17/magic/Magdir/varied.script
file-4.17/magic/Magdir/vax
file-4.17/magic/Magdir/vicar
file-4.17/magic/Magdir/virtutech
file-4.17/magic/Magdir/visx
file-4.17/magic/Magdir/vms
file-4.17/magic/Magdir/vmware
file-4.17/magic/Magdir/vorbis
file-4.17/magic/Magdir/vxl
file-4.17/magic/Magdir/wordprocessors
file-4.17/magic/Magdir/xdelta
file-4.17/magic/Magdir/xenix
file-4.17/magic/Magdir/xo65
file-4.17/magic/Magdir/xwindows
file-4.17/magic/Magdir/zilog
file-4.17/magic/Magdir/zyxel
file-4.17/magic/Makefile.am
file-4.17/magic/Makefile.in
file-4.17/magic/magic2mime
file-4.17/magic/Localstuff
file-4.17/magic/Header
file-4.17/magic/magic.mime
file-4.17/doc/Makefile.am
file-4.17/doc/Makefile.in
file-4.17/doc/file.man
file-4.17/doc/magic.man
file-4.17/doc/libmagic.man
file-4.17/python/README
file-4.17/python/Makefile.am
file-4.17/python/Makefile.in
file-4.17/python/example.py
file-4.17/python/py_magic.c
file-4.17/python/py_magic.h
file-4.17/python/setup.py
