e2fsprogs-1.39/
e2fsprogs-1.39/ABOUT-NLS
e2fsprogs-1.39/MCONFIG.in
e2fsprogs-1.39/configure
e2fsprogs-1.39/e2fsprogs.lsm
e2fsprogs-1.39/e2fsck/
e2fsprogs-1.39/e2fsck/flushb.c
e2fsprogs-1.39/e2fsck/dirinfo.c
e2fsprogs-1.39/e2fsck/swapfs.c
e2fsprogs-1.39/e2fsck/revoke.c
e2fsprogs-1.39/e2fsck/pass1.c
e2fsprogs-1.39/e2fsck/ea_refcount.c
e2fsprogs-1.39/e2fsck/CHANGES
e2fsprogs-1.39/e2fsck/argv_parse.c
e2fsprogs-1.39/e2fsck/profile_helpers.c
e2fsprogs-1.39/e2fsck/pass3.c
e2fsprogs-1.39/e2fsck/message.c
e2fsprogs-1.39/e2fsck/problemP.h
e2fsprogs-1.39/e2fsck/profile_helpers.h
e2fsprogs-1.39/e2fsck/badblocks.c
e2fsprogs-1.39/e2fsck/ChangeLog
e2fsprogs-1.39/e2fsck/super.c
e2fsprogs-1.39/e2fsck/rehash.c
e2fsprogs-1.39/e2fsck/prof_err.et
e2fsprogs-1.39/e2fsck/dict.h
e2fsprogs-1.39/e2fsck/pass5.c
e2fsprogs-1.39/e2fsck/emptydir.c
e2fsprogs-1.39/e2fsck/scantest.c
e2fsprogs-1.39/e2fsck/dx_dirinfo.c
e2fsprogs-1.39/e2fsck/e2fsck.h
e2fsprogs-1.39/e2fsck/argv_parse.h
e2fsprogs-1.39/e2fsck/unix.c
e2fsprogs-1.39/e2fsck/iscan.c
e2fsprogs-1.39/e2fsck/extend.c
e2fsprogs-1.39/e2fsck/pass1b.c
e2fsprogs-1.39/e2fsck/pass4.c
e2fsprogs-1.39/e2fsck/Makefile.in
e2fsprogs-1.39/e2fsck/pass2.c
e2fsprogs-1.39/e2fsck/mtrace.awk
e2fsprogs-1.39/e2fsck/util.c
e2fsprogs-1.39/e2fsck/profile.c
e2fsprogs-1.39/e2fsck/dict.c
e2fsprogs-1.39/e2fsck/e2fsck.8.in
e2fsprogs-1.39/e2fsck/e2fsck.c
e2fsprogs-1.39/e2fsck/recovery.c
e2fsprogs-1.39/e2fsck/mtrace.c
e2fsprogs-1.39/e2fsck/ehandler.c
e2fsprogs-1.39/e2fsck/journal.c
e2fsprogs-1.39/e2fsck/mtrace.h
e2fsprogs-1.39/e2fsck/problem.h
e2fsprogs-1.39/e2fsck/jfs_user.h
e2fsprogs-1.39/e2fsck/profile.h
e2fsprogs-1.39/e2fsck/e2fsck.conf.5.in
e2fsprogs-1.39/e2fsck/problem.c
e2fsprogs-1.39/e2fsck/region.c
e2fsprogs-1.39/debugfs/
e2fsprogs-1.39/debugfs/lsdel.c
e2fsprogs-1.39/debugfs/set_fields.c
e2fsprogs-1.39/debugfs/debugfs.c
e2fsprogs-1.39/debugfs/unused.c
e2fsprogs-1.39/debugfs/ls.c
e2fsprogs-1.39/debugfs/ChangeLog
e2fsprogs-1.39/debugfs/ncheck.c
e2fsprogs-1.39/debugfs/htree.c
e2fsprogs-1.39/debugfs/icheck.c
e2fsprogs-1.39/debugfs/Makefile.in
e2fsprogs-1.39/debugfs/util.c
e2fsprogs-1.39/debugfs/dump.c
e2fsprogs-1.39/debugfs/debug_cmds.ct
e2fsprogs-1.39/debugfs/debugfs.h
e2fsprogs-1.39/debugfs/debugfs.8.in
e2fsprogs-1.39/debugfs/jfs_user.h
e2fsprogs-1.39/debugfs/logdump.c
e2fsprogs-1.39/aclocal.m4
e2fsprogs-1.39/e2fsprogs.spec
e2fsprogs-1.39/wordwrap.pl
e2fsprogs-1.39/contrib/
e2fsprogs-1.39/contrib/dconf
e2fsprogs-1.39/contrib/build-rpm
e2fsprogs-1.39/contrib/ChangeLog
e2fsprogs-1.39/misc/
e2fsprogs-1.39/misc/filefrag.c
e2fsprogs-1.39/misc/tune2fs.c
e2fsprogs-1.39/misc/findsuper.c
e2fsprogs-1.39/misc/mklost+found.8.in
e2fsprogs-1.39/misc/mke2fs.conf.5.in
e2fsprogs-1.39/misc/filefrag.8.in
e2fsprogs-1.39/misc/uuidgen.1.in
e2fsprogs-1.39/misc/base_device.c
e2fsprogs-1.39/misc/e2label.8.in
e2fsprogs-1.39/misc/logsave.8.in
e2fsprogs-1.39/misc/dumpe2fs.8.in
e2fsprogs-1.39/misc/tune2fs.8.in
e2fsprogs-1.39/misc/e2image.8.in
e2fsprogs-1.39/misc/badblocks.c
e2fsprogs-1.39/misc/ChangeLog
e2fsprogs-1.39/misc/base_device.tst
e2fsprogs-1.39/misc/e2label.c
e2fsprogs-1.39/misc/e2initrd_helper.c
e2fsprogs-1.39/misc/mke2fs.8.in
e2fsprogs-1.39/misc/findfs.8.in
e2fsprogs-1.39/misc/fsck.8.in
e2fsprogs-1.39/misc/chattr.1.in
e2fsprogs-1.39/misc/mklost+found.c
e2fsprogs-1.39/misc/lsattr.c
e2fsprogs-1.39/misc/util.h
e2fsprogs-1.39/misc/logsave.c
e2fsprogs-1.39/misc/blkid.c
e2fsprogs-1.39/misc/dumpe2fs.c
e2fsprogs-1.39/misc/mke2fs.c
e2fsprogs-1.39/misc/Makefile.in
e2fsprogs-1.39/misc/nls-enable.h
e2fsprogs-1.39/misc/partinfo.c
e2fsprogs-1.39/misc/util.c
e2fsprogs-1.39/misc/badblocks.8.in
e2fsprogs-1.39/misc/e2image.c
e2fsprogs-1.39/misc/uuidgen.c
e2fsprogs-1.39/misc/blkid.8.in
e2fsprogs-1.39/misc/mke2fs.conf
e2fsprogs-1.39/misc/fsck.c
e2fsprogs-1.39/misc/lsattr.1.in
e2fsprogs-1.39/misc/fsck.h
e2fsprogs-1.39/misc/chattr.c
e2fsprogs-1.39/misc/jfs_user.h
e2fsprogs-1.39/lib/
e2fsprogs-1.39/lib/ext2fs/
e2fsprogs-1.39/lib/ext2fs/tst_bitops.c
e2fsprogs-1.39/lib/ext2fs/dirblock.c
e2fsprogs-1.39/lib/ext2fs/flushb.c
e2fsprogs-1.39/lib/ext2fs/test_io.c
e2fsprogs-1.39/lib/ext2fs/gen_bitmap.c
e2fsprogs-1.39/lib/ext2fs/check_desc.c
e2fsprogs-1.39/lib/ext2fs/namei.c
e2fsprogs-1.39/lib/ext2fs/swapfs.c
e2fsprogs-1.39/lib/ext2fs/alloc_sb.c
e2fsprogs-1.39/lib/ext2fs/kernel-list.h
e2fsprogs-1.39/lib/ext2fs/tst_byteswap.c
e2fsprogs-1.39/lib/ext2fs/dupfs.c
e2fsprogs-1.39/lib/ext2fs/cmp_bitmaps.c
e2fsprogs-1.39/lib/ext2fs/dblist.c
e2fsprogs-1.39/lib/ext2fs/lookup.c
e2fsprogs-1.39/lib/ext2fs/ext2_err.et.in
e2fsprogs-1.39/lib/ext2fs/openfs.c
e2fsprogs-1.39/lib/ext2fs/kernel-jbd.h
e2fsprogs-1.39/lib/ext2fs/rw_bitmaps.c
e2fsprogs-1.39/lib/ext2fs/freefs.c
e2fsprogs-1.39/lib/ext2fs/ext2fs.pc.in
e2fsprogs-1.39/lib/ext2fs/unix_io.c
e2fsprogs-1.39/lib/ext2fs/unlink.c
e2fsprogs-1.39/lib/ext2fs/newdir.c
e2fsprogs-1.39/lib/ext2fs/ismounted.c
e2fsprogs-1.39/lib/ext2fs/llseek.c
e2fsprogs-1.39/lib/ext2fs/jfs_compat.h
e2fsprogs-1.39/lib/ext2fs/brel_ma.c
e2fsprogs-1.39/lib/ext2fs/ext_attr.c
e2fsprogs-1.39/lib/ext2fs/tst_iscan.c
e2fsprogs-1.39/lib/ext2fs/ext2_io.h
e2fsprogs-1.39/lib/ext2fs/link.c
e2fsprogs-1.39/lib/ext2fs/getsectsize.c
e2fsprogs-1.39/lib/ext2fs/initialize.c
e2fsprogs-1.39/lib/ext2fs/sparse.c
e2fsprogs-1.39/lib/ext2fs/tst_badblocks.c
e2fsprogs-1.39/lib/ext2fs/brel.h
e2fsprogs-1.39/lib/ext2fs/block.c
e2fsprogs-1.39/lib/ext2fs/inode.c
e2fsprogs-1.39/lib/ext2fs/badblocks.c
e2fsprogs-1.39/lib/ext2fs/dosio.c
e2fsprogs-1.39/lib/ext2fs/ChangeLog
e2fsprogs-1.39/lib/ext2fs/tst_types.c
e2fsprogs-1.39/lib/ext2fs/read_bb.c
e2fsprogs-1.39/lib/ext2fs/read_bb_file.c
e2fsprogs-1.39/lib/ext2fs/irel.h
e2fsprogs-1.39/lib/ext2fs/dir_iterate.c
e2fsprogs-1.39/lib/ext2fs/ext2fsP.h
e2fsprogs-1.39/lib/ext2fs/valid_blk.c
e2fsprogs-1.39/lib/ext2fs/irel_ma.c
e2fsprogs-1.39/lib/ext2fs/bmap.c
e2fsprogs-1.39/lib/ext2fs/bitmaps.c
e2fsprogs-1.39/lib/ext2fs/alloc.c
e2fsprogs-1.39/lib/ext2fs/expanddir.c
e2fsprogs-1.39/lib/ext2fs/inline.c
e2fsprogs-1.39/lib/ext2fs/ext2_fs.h
e2fsprogs-1.39/lib/ext2fs/inode_io.c
e2fsprogs-1.39/lib/ext2fs/fileio.c
e2fsprogs-1.39/lib/ext2fs/bb_inode.c
e2fsprogs-1.39/lib/ext2fs/bitops.h
e2fsprogs-1.39/lib/ext2fs/imager.c
e2fsprogs-1.39/lib/ext2fs/rs_bitmap.c
e2fsprogs-1.39/lib/ext2fs/mkdir.c
e2fsprogs-1.39/lib/ext2fs/jfs_dat.h
e2fsprogs-1.39/lib/ext2fs/dblist_dir.c
e2fsprogs-1.39/lib/ext2fs/ext2fs.h
e2fsprogs-1.39/lib/ext2fs/ext2_ext_attr.h
e2fsprogs-1.39/lib/ext2fs/native.c
e2fsprogs-1.39/lib/ext2fs/Makefile.in
e2fsprogs-1.39/lib/ext2fs/bmove.c
e2fsprogs-1.39/lib/ext2fs/write_bb_file.c
e2fsprogs-1.39/lib/ext2fs/alloc_tables.c
e2fsprogs-1.39/lib/ext2fs/io_manager.c
e2fsprogs-1.39/lib/ext2fs/get_pathname.c
e2fsprogs-1.39/lib/ext2fs/closefs.c
e2fsprogs-1.39/lib/ext2fs/version.c
e2fsprogs-1.39/lib/ext2fs/alloc_stats.c
e2fsprogs-1.39/lib/ext2fs/tst_getsize.c
e2fsprogs-1.39/lib/ext2fs/tst_getsectsize.c
e2fsprogs-1.39/lib/ext2fs/finddev.c
e2fsprogs-1.39/lib/ext2fs/nt_io.c
e2fsprogs-1.39/lib/ext2fs/ind_block.c
e2fsprogs-1.39/lib/ext2fs/ext2_types.h.in
e2fsprogs-1.39/lib/ext2fs/mkjournal.c
e2fsprogs-1.39/lib/ext2fs/icount.c
e2fsprogs-1.39/lib/ext2fs/jfs_user.h
e2fsprogs-1.39/lib/ext2fs/res_gdt.c
e2fsprogs-1.39/lib/ext2fs/bb_compat.c
e2fsprogs-1.39/lib/ext2fs/bitops.c
e2fsprogs-1.39/lib/ext2fs/dosio.h
e2fsprogs-1.39/lib/ext2fs/dirhash.c
e2fsprogs-1.39/lib/ext2fs/getsize.c
e2fsprogs-1.39/lib/ext2fs/e2image.h
e2fsprogs-1.39/lib/Makefile.bsd-lib
e2fsprogs-1.39/lib/Makefile.profile
e2fsprogs-1.39/lib/ss/
e2fsprogs-1.39/lib/ss/mk_cmds.sh.in
e2fsprogs-1.39/lib/ss/request_tbl.c
e2fsprogs-1.39/lib/ss/ss.h
e2fsprogs-1.39/lib/ss/ss.pc.in
e2fsprogs-1.39/lib/ss/help.c
e2fsprogs-1.39/lib/ss/get_readline.c
e2fsprogs-1.39/lib/ss/requests.c
e2fsprogs-1.39/lib/ss/prompt.c
e2fsprogs-1.39/lib/ss/listen.c
e2fsprogs-1.39/lib/ss/error.c
e2fsprogs-1.39/lib/ss/pager.c
e2fsprogs-1.39/lib/ss/ChangeLog
e2fsprogs-1.39/lib/ss/execute_cmd.c
e2fsprogs-1.39/lib/ss/mit-sipb-copyright.h
e2fsprogs-1.39/lib/ss/test_ss.c
e2fsprogs-1.39/lib/ss/list_rqs.c
e2fsprogs-1.39/lib/ss/std_rqs.ct
e2fsprogs-1.39/lib/ss/mk_cmds.1
e2fsprogs-1.39/lib/ss/Makefile.in
e2fsprogs-1.39/lib/ss/ct_c.sed
e2fsprogs-1.39/lib/ss/invocation.c
e2fsprogs-1.39/lib/ss/data.c
e2fsprogs-1.39/lib/ss/ss_err.et
e2fsprogs-1.39/lib/ss/ss_internal.h
e2fsprogs-1.39/lib/ss/parse.c
e2fsprogs-1.39/lib/ss/ct_c.awk
e2fsprogs-1.39/lib/ChangeLog
e2fsprogs-1.39/lib/fpopen.c
e2fsprogs-1.39/lib/Makefile.library
e2fsprogs-1.39/lib/Makefile.elf-lib
e2fsprogs-1.39/lib/uuid/
e2fsprogs-1.39/lib/uuid/uuid_unparse.3.in
e2fsprogs-1.39/lib/uuid/pack.c
e2fsprogs-1.39/lib/uuid/uuid_copy.3.in
e2fsprogs-1.39/lib/uuid/uuid_is_null.3.in
e2fsprogs-1.39/lib/uuid/gen_uuid.c
e2fsprogs-1.39/lib/uuid/isnull.c
e2fsprogs-1.39/lib/uuid/clear.c
e2fsprogs-1.39/lib/uuid/gen_uuid_nt.c
e2fsprogs-1.39/lib/uuid/uuid_compare.3.in
e2fsprogs-1.39/lib/uuid/uuidP.h
e2fsprogs-1.39/lib/uuid/uuid_time.c
e2fsprogs-1.39/lib/uuid/ChangeLog
e2fsprogs-1.39/lib/uuid/uuid.h
e2fsprogs-1.39/lib/uuid/COPYING
e2fsprogs-1.39/lib/uuid/configure.in
e2fsprogs-1.39/lib/uuid/uuid_types.h.in
e2fsprogs-1.39/lib/uuid/copy.c
e2fsprogs-1.39/lib/uuid/unparse.c
e2fsprogs-1.39/lib/uuid/compare.c
e2fsprogs-1.39/lib/uuid/tst_uuid.c
e2fsprogs-1.39/lib/uuid/Makefile.in
e2fsprogs-1.39/lib/uuid/unpack.c
e2fsprogs-1.39/lib/uuid/uuid_clear.3.in
e2fsprogs-1.39/lib/uuid/uuid_time.3.in
e2fsprogs-1.39/lib/uuid/uuid.3.in
e2fsprogs-1.39/lib/uuid/uuid_parse.3.in
e2fsprogs-1.39/lib/uuid/parse.c
e2fsprogs-1.39/lib/uuid/uuid.pc.in
e2fsprogs-1.39/lib/uuid/uuid_generate.3.in
e2fsprogs-1.39/lib/e2p/
e2fsprogs-1.39/lib/e2p/mntopts.c
e2fsprogs-1.39/lib/e2p/pe.c
e2fsprogs-1.39/lib/e2p/hashstr.c
e2fsprogs-1.39/lib/e2p/pf.c
e2fsprogs-1.39/lib/e2p/ls.c
e2fsprogs-1.39/lib/e2p/fsetflags.c
e2fsprogs-1.39/lib/e2p/fgetflags.c
e2fsprogs-1.39/lib/e2p/ChangeLog
e2fsprogs-1.39/lib/e2p/iod.c
e2fsprogs-1.39/lib/e2p/setversion.c
e2fsprogs-1.39/lib/e2p/fgetversion.c
e2fsprogs-1.39/lib/e2p/ps.c
e2fsprogs-1.39/lib/e2p/e2p.pc.in
e2fsprogs-1.39/lib/e2p/Makefile.in
e2fsprogs-1.39/lib/e2p/setflags.c
e2fsprogs-1.39/lib/e2p/e2p.h
e2fsprogs-1.39/lib/e2p/getflags.c
e2fsprogs-1.39/lib/e2p/getversion.c
e2fsprogs-1.39/lib/e2p/fsetversion.c
e2fsprogs-1.39/lib/e2p/uuid.c
e2fsprogs-1.39/lib/e2p/parse_num.c
e2fsprogs-1.39/lib/e2p/feature.c
e2fsprogs-1.39/lib/e2p/ostype.c
e2fsprogs-1.39/lib/Makefile.checker
e2fsprogs-1.39/lib/et/
e2fsprogs-1.39/lib/et/test_cases/
e2fsprogs-1.39/lib/et/test_cases/heimdal2.c
e2fsprogs-1.39/lib/et/test_cases/heimdal3.et
e2fsprogs-1.39/lib/et/test_cases/continuation.h
e2fsprogs-1.39/lib/et/test_cases/heimdal2.h
e2fsprogs-1.39/lib/et/test_cases/simple.c
e2fsprogs-1.39/lib/et/test_cases/imap_err.c
e2fsprogs-1.39/lib/et/test_cases/continuation.et
e2fsprogs-1.39/lib/et/test_cases/simple.h
e2fsprogs-1.39/lib/et/test_cases/heimdal2.et
e2fsprogs-1.39/lib/et/test_cases/imap_err.et
e2fsprogs-1.39/lib/et/test_cases/imap_err.h
e2fsprogs-1.39/lib/et/test_cases/heimdal3.h
e2fsprogs-1.39/lib/et/test_cases/heimdal.h
e2fsprogs-1.39/lib/et/test_cases/continuation.c
e2fsprogs-1.39/lib/et/test_cases/simple.et
e2fsprogs-1.39/lib/et/test_cases/heimdal.et
e2fsprogs-1.39/lib/et/test_cases/heimdal3.c
e2fsprogs-1.39/lib/et/test_cases/heimdal.c
e2fsprogs-1.39/lib/et/com_err.c
e2fsprogs-1.39/lib/et/error_message.c
e2fsprogs-1.39/lib/et/com_err.h
e2fsprogs-1.39/lib/et/et_c.awk
e2fsprogs-1.39/lib/et/compile_et.sh.in
e2fsprogs-1.39/lib/et/et_h.awk
e2fsprogs-1.39/lib/et/ChangeLog
e2fsprogs-1.39/lib/et/init_et.c
e2fsprogs-1.39/lib/et/compile_et.1
e2fsprogs-1.39/lib/et/internal.h
e2fsprogs-1.39/lib/et/com_err.texinfo
e2fsprogs-1.39/lib/et/et_name.c
e2fsprogs-1.39/lib/et/com_err.3
e2fsprogs-1.39/lib/et/com_err.pc.in
e2fsprogs-1.39/lib/et/Makefile.in
e2fsprogs-1.39/lib/et/com_right.c
e2fsprogs-1.39/lib/et/error_table.h
e2fsprogs-1.39/lib/et/texinfo.tex
e2fsprogs-1.39/lib/et/vfprintf.c
e2fsprogs-1.39/lib/Makefile.darwin-lib
e2fsprogs-1.39/lib/blkid/
e2fsprogs-1.39/lib/blkid/cache.c
e2fsprogs-1.39/lib/blkid/test_probe.in
e2fsprogs-1.39/lib/blkid/blkidP.h
e2fsprogs-1.39/lib/blkid/devno.c
e2fsprogs-1.39/lib/blkid/probe.h
e2fsprogs-1.39/lib/blkid/libblkid.3.in
e2fsprogs-1.39/lib/blkid/llseek.c
e2fsprogs-1.39/lib/blkid/resolve.c
e2fsprogs-1.39/lib/blkid/probe.c
e2fsprogs-1.39/lib/blkid/ChangeLog
e2fsprogs-1.39/lib/blkid/tst_types.c
e2fsprogs-1.39/lib/blkid/blkid_types.h.in
e2fsprogs-1.39/lib/blkid/save.c
e2fsprogs-1.39/lib/blkid/tests/
e2fsprogs-1.39/lib/blkid/tests/reiser4.results
e2fsprogs-1.39/lib/blkid/tests/ext2.img.bz2
e2fsprogs-1.39/lib/blkid/tests/reiser3.img.bz2
e2fsprogs-1.39/lib/blkid/tests/reiser4.img.bz2
e2fsprogs-1.39/lib/blkid/tests/fat.img.bz2
e2fsprogs-1.39/lib/blkid/tests/romfs.results
e2fsprogs-1.39/lib/blkid/tests/cramfs.results
e2fsprogs-1.39/lib/blkid/tests/jfs.results
e2fsprogs-1.39/lib/blkid/tests/iso.img.bz2
e2fsprogs-1.39/lib/blkid/tests/swap1.img.bz2
e2fsprogs-1.39/lib/blkid/tests/cramfs.img.bz2
e2fsprogs-1.39/lib/blkid/tests/ocfs2.img.bz2
e2fsprogs-1.39/lib/blkid/tests/ext3.results
e2fsprogs-1.39/lib/blkid/tests/xfs.img.bz2
e2fsprogs-1.39/lib/blkid/tests/jbd.results
e2fsprogs-1.39/lib/blkid/tests/jbd.img.bz2
e2fsprogs-1.39/lib/blkid/tests/fat32_label_64MB.img.bz2
e2fsprogs-1.39/lib/blkid/tests/romfs.img.bz2
e2fsprogs-1.39/lib/blkid/tests/ext2.results
e2fsprogs-1.39/lib/blkid/tests/swap1.results
e2fsprogs-1.39/lib/blkid/tests/minix.results
e2fsprogs-1.39/lib/blkid/tests/xfs.results
e2fsprogs-1.39/lib/blkid/tests/fat32_label_64MB.results
e2fsprogs-1.39/lib/blkid/tests/small-fat32.img.bz2
e2fsprogs-1.39/lib/blkid/tests/swap0.img.bz2
e2fsprogs-1.39/lib/blkid/tests/jfs.img.bz2
e2fsprogs-1.39/lib/blkid/tests/reiser3.results
e2fsprogs-1.39/lib/blkid/tests/fat.results
e2fsprogs-1.39/lib/blkid/tests/small-fat32.results
e2fsprogs-1.39/lib/blkid/tests/minix.img.bz2
e2fsprogs-1.39/lib/blkid/tests/ext3.img.bz2
e2fsprogs-1.39/lib/blkid/tests/ocfs2.results
e2fsprogs-1.39/lib/blkid/tests/iso.results
e2fsprogs-1.39/lib/blkid/tests/swap0.results
e2fsprogs-1.39/lib/blkid/dev.c
e2fsprogs-1.39/lib/blkid/tag.c
e2fsprogs-1.39/lib/blkid/blkid.h
e2fsprogs-1.39/lib/blkid/Makefile.in
e2fsprogs-1.39/lib/blkid/list.h
e2fsprogs-1.39/lib/blkid/devname.c
e2fsprogs-1.39/lib/blkid/version.c
e2fsprogs-1.39/lib/blkid/read.c
e2fsprogs-1.39/lib/blkid/blkid.pc.in
e2fsprogs-1.39/lib/blkid/getsize.c
e2fsprogs-1.39/lib/Makefile.solaris-lib
e2fsprogs-1.39/INSTALL.elfbin
e2fsprogs-1.39/debian/
e2fsprogs-1.39/debian/e2fslibs.copyright
e2fsprogs-1.39/debian/libcomerr2.copyright
e2fsprogs-1.39/debian/rules
e2fsprogs-1.39/debian/e2fsck-static.lintian-overrides
e2fsprogs-1.39/debian/libblkid.copyright
e2fsprogs-1.39/debian/changelog
e2fsprogs-1.39/debian/comerr-dev.files
e2fsprogs-1.39/debian/control
e2fsprogs-1.39/debian/libss2.copyright
e2fsprogs-1.39/debian/e2fsprogs.docs
e2fsprogs-1.39/debian/e2fsprogs.copyright
e2fsprogs-1.39/debian/initrd.ext3-add-journal
e2fsprogs-1.39/debian/e2fsprogs.preinst
e2fsprogs-1.39/debian/libss2.files
e2fsprogs-1.39/debian/e2fslibs-dev.doc-base
e2fsprogs-1.39/debian/e2fslibs.files
e2fsprogs-1.39/debian/e2fsck-static.files
e2fsprogs-1.39/debian/ss-dev.examples
e2fsprogs-1.39/debian/shlibs.local
e2fsprogs-1.39/debian/e2fsprogs.shlibs.local
e2fsprogs-1.39/debian/e2fslibs-dev.files
e2fsprogs-1.39/debian/libblkid-dev.files
e2fsprogs-1.39/debian/libuuid1.files
e2fsprogs-1.39/debian/e2fsprogs.files
e2fsprogs-1.39/debian/comerr-dev.doc-base
e2fsprogs-1.39/debian/ss-dev.files
e2fsprogs-1.39/debian/initrd-tools.e2fsprogs
e2fsprogs-1.39/debian/uuid-dev.files
e2fsprogs-1.39/debian/attic/
e2fsprogs-1.39/debian/attic/libs/
e2fsprogs-1.39/debian/attic/libs/rules
e2fsprogs-1.39/debian/attic/libs/e2fslibsg.files
e2fsprogs-1.39/debian/attic/libs/control
e2fsprogs-1.39/debian/attic/libs/ss2g.files
e2fsprogs-1.39/debian/attic/libs/comerr2g.files
e2fsprogs-1.39/debian/attic/e2fslibsg-dev.menu
e2fsprogs-1.39/debian/attic/comerrg-dev.menu
e2fsprogs-1.39/debian/attic/comerrg-dev.info
e2fsprogs-1.39/debian/attic/e2fslibsg-dev.info
e2fsprogs-1.39/debian/compat
e2fsprogs-1.39/debian/libuuid1.copyright
e2fsprogs-1.39/debian/comerr-dev.examples
e2fsprogs-1.39/debian/libcomerr2.files
e2fsprogs-1.39/debian/e2fsprogs-udeb.shlibs.local
e2fsprogs-1.39/debian/libblkid1.files
e2fsprogs-1.39/install-utils/
e2fsprogs-1.39/install-utils/compile_manpages
e2fsprogs-1.39/install-utils/ChangeLog
e2fsprogs-1.39/install-utils/convfstab
e2fsprogs-1.39/install-utils/remove_preformat_manpages
e2fsprogs-1.39/ext2ed/
e2fsprogs-1.39/ext2ed/blockbitmap_com.c
e2fsprogs-1.39/ext2ed/ext2ed.8.in
e2fsprogs-1.39/ext2ed/ext2_com.c
e2fsprogs-1.39/ext2ed/super_com.c
e2fsprogs-1.39/ext2ed/general_com.c
e2fsprogs-1.39/ext2ed/ext2.descriptors
e2fsprogs-1.39/ext2ed/ChangeLog
e2fsprogs-1.39/ext2ed/ext2ed.conf.in
e2fsprogs-1.39/ext2ed/inodebitmap_com.c
e2fsprogs-1.39/ext2ed/inode_com.c
e2fsprogs-1.39/ext2ed/group_com.c
e2fsprogs-1.39/ext2ed/file_com.c
e2fsprogs-1.39/ext2ed/doc/
e2fsprogs-1.39/ext2ed/doc/user-guide.sgml
e2fsprogs-1.39/ext2ed/doc/ext2ed-design.sgml
e2fsprogs-1.39/ext2ed/doc/ChangeLog
e2fsprogs-1.39/ext2ed/doc/ext2fs-overview.sgml
e2fsprogs-1.39/ext2ed/disk.c
e2fsprogs-1.39/ext2ed/dir_com.c
e2fsprogs-1.39/ext2ed/Makefile.in
e2fsprogs-1.39/ext2ed/win.c
e2fsprogs-1.39/ext2ed/main.c
e2fsprogs-1.39/ext2ed/README
e2fsprogs-1.39/ext2ed/init.c
e2fsprogs-1.39/ext2ed/COPYRIGHT
e2fsprogs-1.39/ext2ed/ext2ed.h
e2fsprogs-1.39/ChangeLog
e2fsprogs-1.39/config/
e2fsprogs-1.39/config/config.guess
e2fsprogs-1.39/config/config.rpath
e2fsprogs-1.39/config/install-sh
e2fsprogs-1.39/config/parse-types.sh
e2fsprogs-1.39/config/config.sub
e2fsprogs-1.39/config/mkinstalldirs
e2fsprogs-1.39/SUBMITTING-PATCHES
e2fsprogs-1.39/tests/
e2fsprogs-1.39/tests/f_illitable/
e2fsprogs-1.39/tests/f_illitable/image.gz
e2fsprogs-1.39/tests/f_illitable/expect.2
e2fsprogs-1.39/tests/f_illitable/name
e2fsprogs-1.39/tests/f_illitable/expect.1
e2fsprogs-1.39/tests/f_dup2/
e2fsprogs-1.39/tests/f_dup2/image.gz
e2fsprogs-1.39/tests/f_dup2/expect.2
e2fsprogs-1.39/tests/f_dup2/name
e2fsprogs-1.39/tests/f_dup2/expect.1
e2fsprogs-1.39/tests/progs/
e2fsprogs-1.39/tests/progs/test_rel_cmds.ct
e2fsprogs-1.39/tests/progs/hold_inode.c
e2fsprogs-1.39/tests/progs/test_icount.c
e2fsprogs-1.39/tests/progs/ChangeLog
e2fsprogs-1.39/tests/progs/test_icount_cmds.ct
e2fsprogs-1.39/tests/progs/Makefile.in
e2fsprogs-1.39/tests/progs/test_icount.h
e2fsprogs-1.39/tests/progs/test_rel.c
e2fsprogs-1.39/tests/progs/random_exercise.c
e2fsprogs-1.39/tests/progs/test_data/
e2fsprogs-1.39/tests/progs/test_data/opt.setup
e2fsprogs-1.39/tests/progs/test_data/ima.setup
e2fsprogs-1.39/tests/progs/test_data/test.brel
e2fsprogs-1.39/tests/progs/test_data/test.icount
e2fsprogs-1.39/tests/progs/test_data/test.irel
e2fsprogs-1.39/tests/progs/test_data/bma.setup
e2fsprogs-1.39/tests/progs/test_data/expect.brel
e2fsprogs-1.39/tests/progs/test_data/normal.setup
e2fsprogs-1.39/tests/progs/test_data/expect.icount
e2fsprogs-1.39/tests/progs/test_data/expect.irel
e2fsprogs-1.39/tests/progs/test_rel.h
e2fsprogs-1.39/tests/f_ext_journal/
e2fsprogs-1.39/tests/f_ext_journal/journal.gz
e2fsprogs-1.39/tests/f_ext_journal/image.gz
e2fsprogs-1.39/tests/f_ext_journal/expect.2
e2fsprogs-1.39/tests/f_ext_journal/script
e2fsprogs-1.39/tests/f_ext_journal/expect.1
e2fsprogs-1.39/tests/m_dasd_bs/
e2fsprogs-1.39/tests/m_dasd_bs/script
e2fsprogs-1.39/tests/m_dasd_bs/expect.1
e2fsprogs-1.39/tests/f_reconnect/
e2fsprogs-1.39/tests/f_reconnect/image.gz
e2fsprogs-1.39/tests/f_reconnect/expect.2
e2fsprogs-1.39/tests/f_reconnect/name
e2fsprogs-1.39/tests/f_reconnect/expect.1
e2fsprogs-1.39/tests/f_lpffile/
e2fsprogs-1.39/tests/f_lpffile/image.gz
e2fsprogs-1.39/tests/f_lpffile/expect.2
e2fsprogs-1.39/tests/f_lpffile/name
e2fsprogs-1.39/tests/f_lpffile/expect.1
e2fsprogs-1.39/tests/f_badjourblks/
e2fsprogs-1.39/tests/f_badjourblks/image.gz
e2fsprogs-1.39/tests/f_badjourblks/expect.2
e2fsprogs-1.39/tests/f_badjourblks/name
e2fsprogs-1.39/tests/f_badjourblks/expect.1
e2fsprogs-1.39/tests/f_big_sparse/
e2fsprogs-1.39/tests/f_big_sparse/image.gz
e2fsprogs-1.39/tests/f_big_sparse/expect.2
e2fsprogs-1.39/tests/f_big_sparse/name
e2fsprogs-1.39/tests/f_big_sparse/expect.1
e2fsprogs-1.39/tests/f_mke2fs2b/
e2fsprogs-1.39/tests/f_mke2fs2b/image.gz
e2fsprogs-1.39/tests/f_mke2fs2b/expect.2
e2fsprogs-1.39/tests/f_mke2fs2b/name
e2fsprogs-1.39/tests/f_mke2fs2b/expect.1
e2fsprogs-1.39/tests/f_h_normal/
e2fsprogs-1.39/tests/f_h_normal/image.gz
e2fsprogs-1.39/tests/f_h_normal/expect.2
e2fsprogs-1.39/tests/f_h_normal/script
e2fsprogs-1.39/tests/f_h_normal/name
e2fsprogs-1.39/tests/f_h_normal/expect.1
e2fsprogs-1.39/tests/f_swapfs/
e2fsprogs-1.39/tests/f_swapfs/image.gz
e2fsprogs-1.39/tests/f_swapfs/debugfs.cmd
e2fsprogs-1.39/tests/f_swapfs/image
e2fsprogs-1.39/tests/f_swapfs/script
e2fsprogs-1.39/tests/f_swapfs/name
e2fsprogs-1.39/tests/f_swapfs/expect
e2fsprogs-1.39/tests/f_imagic_fs/
e2fsprogs-1.39/tests/f_imagic_fs/expect.2
e2fsprogs-1.39/tests/f_imagic_fs/script
e2fsprogs-1.39/tests/f_imagic_fs/name
e2fsprogs-1.39/tests/f_imagic_fs/expect.1
e2fsprogs-1.39/tests/f_dup_de/
e2fsprogs-1.39/tests/f_dup_de/image.gz
e2fsprogs-1.39/tests/f_dup_de/expect.2
e2fsprogs-1.39/tests/f_dup_de/script
e2fsprogs-1.39/tests/f_dup_de/name
e2fsprogs-1.39/tests/f_dup_de/expect.1
e2fsprogs-1.39/tests/f_dup_de/expect-nohtree.1
e2fsprogs-1.39/tests/f_dup_de/expect-nohtree.2
e2fsprogs-1.39/tests/f_preen/
e2fsprogs-1.39/tests/f_preen/image.gz
e2fsprogs-1.39/tests/f_preen/expect.2
e2fsprogs-1.39/tests/f_preen/script
e2fsprogs-1.39/tests/f_preen/name
e2fsprogs-1.39/tests/f_preen/expect.1
e2fsprogs-1.39/tests/f_filetype/
e2fsprogs-1.39/tests/f_filetype/image.gz
e2fsprogs-1.39/tests/f_filetype/expect.2
e2fsprogs-1.39/tests/f_filetype/name
e2fsprogs-1.39/tests/f_filetype/expect.1
e2fsprogs-1.39/tests/f_badorphan/
e2fsprogs-1.39/tests/f_badorphan/image.gz
e2fsprogs-1.39/tests/f_badorphan/expect.2
e2fsprogs-1.39/tests/f_badorphan/name
e2fsprogs-1.39/tests/f_badorphan/expect.1
e2fsprogs-1.39/tests/f_lpf/
e2fsprogs-1.39/tests/f_lpf/image.gz
e2fsprogs-1.39/tests/f_lpf/expect.2
e2fsprogs-1.39/tests/f_lpf/name
e2fsprogs-1.39/tests/f_lpf/expect.1
e2fsprogs-1.39/tests/m_large_file/
e2fsprogs-1.39/tests/m_large_file/script
e2fsprogs-1.39/tests/m_large_file/expect.1
e2fsprogs-1.39/tests/f_bbfile/
e2fsprogs-1.39/tests/f_bbfile/image.gz
e2fsprogs-1.39/tests/f_bbfile/expect.2
e2fsprogs-1.39/tests/f_bbfile/name
e2fsprogs-1.39/tests/f_bbfile/expect.1
e2fsprogs-1.39/tests/defaults/
e2fsprogs-1.39/tests/defaults/e_script
e2fsprogs-1.39/tests/defaults/f_script
e2fsprogs-1.39/tests/e_icount_normal/
e2fsprogs-1.39/tests/e_icount_normal/name
e2fsprogs-1.39/tests/f_orphan/
e2fsprogs-1.39/tests/f_orphan/image.gz
e2fsprogs-1.39/tests/f_orphan/expect.2
e2fsprogs-1.39/tests/f_orphan/name
e2fsprogs-1.39/tests/f_orphan/expect.1
e2fsprogs-1.39/tests/f_lpf2/
e2fsprogs-1.39/tests/f_lpf2/image.gz
e2fsprogs-1.39/tests/f_lpf2/expect.2
e2fsprogs-1.39/tests/f_lpf2/name
e2fsprogs-1.39/tests/f_lpf2/expect.1
e2fsprogs-1.39/tests/d_loaddump/
e2fsprogs-1.39/tests/d_loaddump/script
e2fsprogs-1.39/tests/d_loaddump/name
e2fsprogs-1.39/tests/d_loaddump/expect
e2fsprogs-1.39/tests/f_badprimary/
e2fsprogs-1.39/tests/f_badprimary/image.gz
e2fsprogs-1.39/tests/f_badprimary/expect.2
e2fsprogs-1.39/tests/f_badprimary/name
e2fsprogs-1.39/tests/f_badprimary/expect.1
e2fsprogs-1.39/tests/f_bad_disconnected_inode/
e2fsprogs-1.39/tests/f_bad_disconnected_inode/image.gz
e2fsprogs-1.39/tests/f_bad_disconnected_inode/expect.2
e2fsprogs-1.39/tests/f_bad_disconnected_inode/name
e2fsprogs-1.39/tests/f_bad_disconnected_inode/expect.1
e2fsprogs-1.39/tests/ChangeLog
e2fsprogs-1.39/tests/m_meta_bg/
e2fsprogs-1.39/tests/m_meta_bg/script
e2fsprogs-1.39/tests/m_meta_bg/expect.1
e2fsprogs-1.39/tests/f_recnect_bad/
e2fsprogs-1.39/tests/f_recnect_bad/image.gz
e2fsprogs-1.39/tests/f_recnect_bad/expect.2
e2fsprogs-1.39/tests/f_recnect_bad/name
e2fsprogs-1.39/tests/f_recnect_bad/expect.1
e2fsprogs-1.39/tests/f_dupdot/
e2fsprogs-1.39/tests/f_dupdot/image.gz
e2fsprogs-1.39/tests/f_dupdot/expect.2
e2fsprogs-1.39/tests/f_dupdot/name
e2fsprogs-1.39/tests/f_dupdot/expect.1
e2fsprogs-1.39/tests/f_h_badnode/
e2fsprogs-1.39/tests/f_h_badnode/image.gz
e2fsprogs-1.39/tests/f_h_badnode/expect.2
e2fsprogs-1.39/tests/f_h_badnode/script
e2fsprogs-1.39/tests/f_h_badnode/name
e2fsprogs-1.39/tests/f_h_badnode/expect.1
e2fsprogs-1.39/tests/f_salvage_dir/
e2fsprogs-1.39/tests/f_salvage_dir/image.gz
e2fsprogs-1.39/tests/f_salvage_dir/expect.2
e2fsprogs-1.39/tests/f_salvage_dir/name
e2fsprogs-1.39/tests/f_salvage_dir/expect.1
e2fsprogs-1.39/tests/r_resize_inode/
e2fsprogs-1.39/tests/r_resize_inode/script
e2fsprogs-1.39/tests/r_resize_inode/expect
e2fsprogs-1.39/tests/f_dupsuper/
e2fsprogs-1.39/tests/f_dupsuper/image.gz
e2fsprogs-1.39/tests/f_dupsuper/expect.2
e2fsprogs-1.39/tests/f_dupsuper/name
e2fsprogs-1.39/tests/f_dupsuper/expect.1
e2fsprogs-1.39/tests/f_messy_inode/
e2fsprogs-1.39/tests/f_messy_inode/image.gz
e2fsprogs-1.39/tests/f_messy_inode/expect.2
e2fsprogs-1.39/tests/f_messy_inode/name
e2fsprogs-1.39/tests/f_messy_inode/expect.1
e2fsprogs-1.39/tests/f_illbbitmap/
e2fsprogs-1.39/tests/f_illbbitmap/image.gz
e2fsprogs-1.39/tests/f_illbbitmap/expect.2
e2fsprogs-1.39/tests/f_illbbitmap/name
e2fsprogs-1.39/tests/f_illbbitmap/expect.1
e2fsprogs-1.39/tests/f_dup_resize/
e2fsprogs-1.39/tests/f_dup_resize/expect.2
e2fsprogs-1.39/tests/f_dup_resize/script
e2fsprogs-1.39/tests/f_dup_resize/name
e2fsprogs-1.39/tests/f_dup_resize/expect.1
e2fsprogs-1.39/tests/f_dup3/
e2fsprogs-1.39/tests/f_dup3/image.gz
e2fsprogs-1.39/tests/f_dup3/expect.2
e2fsprogs-1.39/tests/f_dup3/name
e2fsprogs-1.39/tests/f_dup3/expect.1
e2fsprogs-1.39/tests/run_mke2fs
e2fsprogs-1.39/tests/f_lotsbad/
e2fsprogs-1.39/tests/f_lotsbad/image.gz
e2fsprogs-1.39/tests/f_lotsbad/expect.2
e2fsprogs-1.39/tests/f_lotsbad/name
e2fsprogs-1.39/tests/f_lotsbad/expect.1
e2fsprogs-1.39/tests/f_dup/
e2fsprogs-1.39/tests/f_dup/image.gz
e2fsprogs-1.39/tests/f_dup/expect.2
e2fsprogs-1.39/tests/f_dup/name
e2fsprogs-1.39/tests/f_dup/expect.1
e2fsprogs-1.39/tests/f_special_ea/
e2fsprogs-1.39/tests/f_special_ea/image.gz
e2fsprogs-1.39/tests/f_special_ea/script
e2fsprogs-1.39/tests/f_special_ea/name
e2fsprogs-1.39/tests/f_special_ea/expect.1
e2fsprogs-1.39/tests/f_h_reindex/
e2fsprogs-1.39/tests/f_h_reindex/image.gz
e2fsprogs-1.39/tests/f_h_reindex/expect.1.gz
e2fsprogs-1.39/tests/f_h_reindex/expect.2
e2fsprogs-1.39/tests/f_h_reindex/script
e2fsprogs-1.39/tests/f_h_reindex/name
e2fsprogs-1.39/tests/f_baddir/
e2fsprogs-1.39/tests/f_baddir/image.gz
e2fsprogs-1.39/tests/f_baddir/expect.2
e2fsprogs-1.39/tests/f_baddir/name
e2fsprogs-1.39/tests/f_baddir/expect.1
e2fsprogs-1.39/tests/f_16384_block/
e2fsprogs-1.39/tests/f_16384_block/image.gz
e2fsprogs-1.39/tests/f_16384_block/expect.2
e2fsprogs-1.39/tests/f_16384_block/name
e2fsprogs-1.39/tests/f_16384_block/expect.1
e2fsprogs-1.39/tests/m_std/
e2fsprogs-1.39/tests/m_std/script
e2fsprogs-1.39/tests/m_std/expect.1
e2fsprogs-1.39/tests/test_config
e2fsprogs-1.39/tests/e_icount_opt/
e2fsprogs-1.39/tests/e_icount_opt/name
e2fsprogs-1.39/tests/f_overfsblks/
e2fsprogs-1.39/tests/f_overfsblks/image.gz
e2fsprogs-1.39/tests/f_overfsblks/expect.2
e2fsprogs-1.39/tests/f_overfsblks/name
e2fsprogs-1.39/tests/f_overfsblks/expect.1
e2fsprogs-1.39/tests/f_hurd/
e2fsprogs-1.39/tests/f_hurd/image.gz
e2fsprogs-1.39/tests/f_hurd/expect.2
e2fsprogs-1.39/tests/f_hurd/name
e2fsprogs-1.39/tests/f_hurd/expect.1
e2fsprogs-1.39/tests/f_bitmaps/
e2fsprogs-1.39/tests/f_bitmaps/image.gz
e2fsprogs-1.39/tests/f_bitmaps/expect.2
e2fsprogs-1.39/tests/f_bitmaps/name
e2fsprogs-1.39/tests/f_bitmaps/expect.1
e2fsprogs-1.39/tests/f_extra_journal/
e2fsprogs-1.39/tests/f_extra_journal/image.gz
e2fsprogs-1.39/tests/f_extra_journal/expect.2
e2fsprogs-1.39/tests/f_extra_journal/name
e2fsprogs-1.39/tests/f_extra_journal/expect.1
e2fsprogs-1.39/tests/f_journal/
e2fsprogs-1.39/tests/f_journal/image.gz
e2fsprogs-1.39/tests/f_journal/expect.2
e2fsprogs-1.39/tests/f_journal/name
e2fsprogs-1.39/tests/f_journal/expect.1
e2fsprogs-1.39/tests/r_move_itable/
e2fsprogs-1.39/tests/r_move_itable/script
e2fsprogs-1.39/tests/r_move_itable/expect
e2fsprogs-1.39/tests/f_illibitmap/
e2fsprogs-1.39/tests/f_illibitmap/image.gz
e2fsprogs-1.39/tests/f_illibitmap/expect.2
e2fsprogs-1.39/tests/f_illibitmap/name
e2fsprogs-1.39/tests/f_illibitmap/expect.1
e2fsprogs-1.39/tests/f_crashdisk/
e2fsprogs-1.39/tests/f_crashdisk/image.gz
e2fsprogs-1.39/tests/f_crashdisk/script
e2fsprogs-1.39/tests/f_crashdisk/name
e2fsprogs-1.39/tests/f_crashdisk/expect.1
e2fsprogs-1.39/tests/f_bad_local_jnl/
e2fsprogs-1.39/tests/f_bad_local_jnl/image.gz
e2fsprogs-1.39/tests/f_bad_local_jnl/expect.2
e2fsprogs-1.39/tests/f_bad_local_jnl/name
e2fsprogs-1.39/tests/f_bad_local_jnl/expect.1
e2fsprogs-1.39/tests/f_miss_blk_bmap/
e2fsprogs-1.39/tests/f_miss_blk_bmap/image.gz
e2fsprogs-1.39/tests/f_miss_blk_bmap/expect.2
e2fsprogs-1.39/tests/f_miss_blk_bmap/name
e2fsprogs-1.39/tests/f_miss_blk_bmap/expect.1
e2fsprogs-1.39/tests/Makefile.in
e2fsprogs-1.39/tests/f_clear_xattr/
e2fsprogs-1.39/tests/f_clear_xattr/image.gz
e2fsprogs-1.39/tests/f_clear_xattr/expect.2
e2fsprogs-1.39/tests/f_clear_xattr/name
e2fsprogs-1.39/tests/f_clear_xattr/expect.1
e2fsprogs-1.39/tests/e_brel_bma/
e2fsprogs-1.39/tests/e_brel_bma/script
e2fsprogs-1.39/tests/e_brel_bma/name
e2fsprogs-1.39/tests/f_okgroup/
e2fsprogs-1.39/tests/f_okgroup/image.gz
e2fsprogs-1.39/tests/f_okgroup/expect.2
e2fsprogs-1.39/tests/f_okgroup/name
e2fsprogs-1.39/tests/f_okgroup/expect.1
e2fsprogs-1.39/tests/f_summary_counts/
e2fsprogs-1.39/tests/f_summary_counts/image.gz
e2fsprogs-1.39/tests/f_summary_counts/expect.2
e2fsprogs-1.39/tests/f_summary_counts/script
e2fsprogs-1.39/tests/f_summary_counts/name
e2fsprogs-1.39/tests/f_summary_counts/expect.1
e2fsprogs-1.39/tests/test_script.in
e2fsprogs-1.39/tests/f_miss_journal/
e2fsprogs-1.39/tests/f_miss_journal/image.gz
e2fsprogs-1.39/tests/f_miss_journal/expect.2
e2fsprogs-1.39/tests/f_miss_journal/name
e2fsprogs-1.39/tests/f_miss_journal/expect.1
e2fsprogs-1.39/tests/f_dirlink/
e2fsprogs-1.39/tests/f_dirlink/image.gz
e2fsprogs-1.39/tests/f_dirlink/expect.2
e2fsprogs-1.39/tests/f_dirlink/name
e2fsprogs-1.39/tests/f_dirlink/expect.1
e2fsprogs-1.39/tests/m_raid_opt/
e2fsprogs-1.39/tests/m_raid_opt/script
e2fsprogs-1.39/tests/m_raid_opt/expect.1
e2fsprogs-1.39/tests/f_resize_inode/
e2fsprogs-1.39/tests/f_resize_inode/script
e2fsprogs-1.39/tests/f_resize_inode/expect
e2fsprogs-1.39/tests/f_zero_group/
e2fsprogs-1.39/tests/f_zero_group/image.gz
e2fsprogs-1.39/tests/f_zero_group/expect.2
e2fsprogs-1.39/tests/f_zero_group/name
e2fsprogs-1.39/tests/f_zero_group/expect.1
e2fsprogs-1.39/tests/f_imagic/
e2fsprogs-1.39/tests/f_imagic/image.gz
e2fsprogs-1.39/tests/f_imagic/expect.2
e2fsprogs-1.39/tests/f_imagic/name
e2fsprogs-1.39/tests/f_imagic/expect.1
e2fsprogs-1.39/tests/e_irel_ima/
e2fsprogs-1.39/tests/e_irel_ima/script
e2fsprogs-1.39/tests/e_irel_ima/name
e2fsprogs-1.39/tests/f_dupfsblks/
e2fsprogs-1.39/tests/f_dupfsblks/image.gz
e2fsprogs-1.39/tests/f_dupfsblks/expect.2
e2fsprogs-1.39/tests/f_dupfsblks/name
e2fsprogs-1.39/tests/f_dupfsblks/expect.1
e2fsprogs-1.39/tests/f_misstable/
e2fsprogs-1.39/tests/f_misstable/image.gz
e2fsprogs-1.39/tests/f_misstable/expect.2
e2fsprogs-1.39/tests/f_misstable/name
e2fsprogs-1.39/tests/f_misstable/expect.1
e2fsprogs-1.39/tests/f_selinux/
e2fsprogs-1.39/tests/f_selinux/image.gz
e2fsprogs-1.39/tests/f_selinux/expect.2
e2fsprogs-1.39/tests/f_selinux/name
e2fsprogs-1.39/tests/f_selinux/expect.1
e2fsprogs-1.39/tests/f_badsymlinks/
e2fsprogs-1.39/tests/f_badsymlinks/image.gz
e2fsprogs-1.39/tests/f_badsymlinks/expect.2
e2fsprogs-1.39/tests/f_badsymlinks/name
e2fsprogs-1.39/tests/f_badsymlinks/expect.1
e2fsprogs-1.39/tests/f_noroot/
e2fsprogs-1.39/tests/f_noroot/image.gz
e2fsprogs-1.39/tests/f_noroot/expect.2
e2fsprogs-1.39/tests/f_noroot/name
e2fsprogs-1.39/tests/f_noroot/expect.1
e2fsprogs-1.39/tests/f_end-bitmap/
e2fsprogs-1.39/tests/f_end-bitmap/image.gz
e2fsprogs-1.39/tests/f_end-bitmap/expect.2
e2fsprogs-1.39/tests/f_end-bitmap/name
e2fsprogs-1.39/tests/f_end-bitmap/expect.1
e2fsprogs-1.39/tests/f_badbblocks/
e2fsprogs-1.39/tests/f_badbblocks/image.gz
e2fsprogs-1.39/tests/f_badbblocks/expect.2
e2fsprogs-1.39/tests/f_badbblocks/name
e2fsprogs-1.39/tests/f_badbblocks/expect.1
e2fsprogs-1.39/tests/README
e2fsprogs-1.39/tests/f_8192_block/
e2fsprogs-1.39/tests/f_8192_block/image.gz
e2fsprogs-1.39/tests/f_8192_block/expect.2
e2fsprogs-1.39/tests/f_8192_block/name
e2fsprogs-1.39/tests/f_8192_block/expect.1
e2fsprogs-1.39/tests/f_bbinode/
e2fsprogs-1.39/tests/f_bbinode/image.gz
e2fsprogs-1.39/tests/f_bbinode/expect.2
e2fsprogs-1.39/tests/f_bbinode/name
e2fsprogs-1.39/tests/f_bbinode/expect.1
e2fsprogs-1.39/tests/f_badtable/
e2fsprogs-1.39/tests/f_badtable/image.gz
e2fsprogs-1.39/tests/f_badtable/expect.2
e2fsprogs-1.39/tests/f_badtable/name
e2fsprogs-1.39/tests/f_badtable/expect.1
e2fsprogs-1.39/tests/filter_dumpe2fs
e2fsprogs-1.39/tests/f_expand/
e2fsprogs-1.39/tests/f_expand/image.gz
e2fsprogs-1.39/tests/f_expand/expect.1.gz
e2fsprogs-1.39/tests/f_expand/expect.2
e2fsprogs-1.39/tests/f_expand/name
e2fsprogs-1.39/tests/f_holedir/
e2fsprogs-1.39/tests/f_holedir/image.gz
e2fsprogs-1.39/tests/f_holedir/expect.2
e2fsprogs-1.39/tests/f_holedir/name
e2fsprogs-1.39/tests/f_holedir/expect.1
e2fsprogs-1.39/tests/f_zero_super/
e2fsprogs-1.39/tests/f_zero_super/image.gz
e2fsprogs-1.39/tests/f_zero_super/expect.2
e2fsprogs-1.39/tests/f_zero_super/name
e2fsprogs-1.39/tests/f_zero_super/expect.1
e2fsprogs-1.39/tests/f_valid_ea_in_inode/
e2fsprogs-1.39/tests/f_valid_ea_in_inode/image.gz
e2fsprogs-1.39/tests/f_valid_ea_in_inode/script
e2fsprogs-1.39/tests/f_valid_ea_in_inode/name
e2fsprogs-1.39/tests/f_valid_ea_in_inode/expect.1
e2fsprogs-1.39/tests/f_h_badroot/
e2fsprogs-1.39/tests/f_h_badroot/image.gz
e2fsprogs-1.39/tests/f_h_badroot/expect.2
e2fsprogs-1.39/tests/f_h_badroot/script
e2fsprogs-1.39/tests/f_h_badroot/name
e2fsprogs-1.39/tests/f_h_badroot/expect.1
e2fsprogs-1.39/tests/f_baddotdir/
e2fsprogs-1.39/tests/f_baddotdir/image.gz
e2fsprogs-1.39/tests/f_baddotdir/expect.2
e2fsprogs-1.39/tests/f_baddotdir/name
e2fsprogs-1.39/tests/f_baddotdir/expect.1
e2fsprogs-1.39/tests/f_badinode/
e2fsprogs-1.39/tests/f_badinode/image.gz
e2fsprogs-1.39/tests/f_badinode/expect.2
e2fsprogs-1.39/tests/f_badinode/name
e2fsprogs-1.39/tests/f_badinode/expect.1
e2fsprogs-1.39/tests/m_no_opt/
e2fsprogs-1.39/tests/m_no_opt/script
e2fsprogs-1.39/tests/m_no_opt/expect.1
e2fsprogs-1.39/tests/run_e2fsck
e2fsprogs-1.39/tests/f_badroot/
e2fsprogs-1.39/tests/f_badroot/image.gz
e2fsprogs-1.39/tests/f_badroot/expect.2
e2fsprogs-1.39/tests/f_badroot/name
e2fsprogs-1.39/tests/f_badroot/expect.1
e2fsprogs-1.39/COPYING
e2fsprogs-1.39/configure.in
e2fsprogs-1.39/.missing-copyright
e2fsprogs-1.39/version.h
e2fsprogs-1.39/.head-Changelog
e2fsprogs-1.39/depfix.sed
e2fsprogs-1.39/RELEASE-NOTES
e2fsprogs-1.39/doc/
e2fsprogs-1.39/doc/libext2fs.texinfo
e2fsprogs-1.39/doc/ChangeLog
e2fsprogs-1.39/doc/draft-leach-uuids-guids-01.txt
e2fsprogs-1.39/doc/Makefile.in
e2fsprogs-1.39/doc/libblkid.txt
e2fsprogs-1.39/doc/texinfo.tex
e2fsprogs-1.39/include/
e2fsprogs-1.39/include/nonunix/
e2fsprogs-1.39/include/nonunix/utime.h
e2fsprogs-1.39/include/nonunix/grp.h
e2fsprogs-1.39/include/nonunix/termios.h
e2fsprogs-1.39/include/nonunix/dirent.h
e2fsprogs-1.39/include/nonunix/asm/
e2fsprogs-1.39/include/nonunix/asm/types.h
e2fsprogs-1.39/include/nonunix/unistd.h
e2fsprogs-1.39/include/nonunix/sys/
e2fsprogs-1.39/include/nonunix/sys/socket.h
e2fsprogs-1.39/include/nonunix/sys/file.h
e2fsprogs-1.39/include/nonunix/sys/resource.h
e2fsprogs-1.39/include/nonunix/sys/wait.h
e2fsprogs-1.39/include/nonunix/sys/param.h
e2fsprogs-1.39/include/nonunix/sys/ioctl.h
e2fsprogs-1.39/include/nonunix/sys/time.h
e2fsprogs-1.39/include/nonunix/ChangeLog
e2fsprogs-1.39/include/nonunix/linux/
e2fsprogs-1.39/include/nonunix/linux/types.h
e2fsprogs-1.39/include/nonunix/getopt.h
e2fsprogs-1.39/include/nonunix/pwd.h
e2fsprogs-1.39/include/nonunix/config.h
e2fsprogs-1.39/INSTALL
e2fsprogs-1.39/SHLIBS
e2fsprogs-1.39/Makefile.in
e2fsprogs-1.39/resize/
e2fsprogs-1.39/resize/resize2fs.8.in
e2fsprogs-1.39/resize/online.c
e2fsprogs-1.39/resize/test_extent.in
e2fsprogs-1.39/resize/ChangeLog
e2fsprogs-1.39/resize/extent.c
e2fsprogs-1.39/resize/sim_progress.c
e2fsprogs-1.39/resize/resize2fs.h
e2fsprogs-1.39/resize/resize2fs.c
e2fsprogs-1.39/resize/Makefile.in
e2fsprogs-1.39/resize/main.c
e2fsprogs-1.39/resize/test_extent.c
e2fsprogs-1.39/intl/
e2fsprogs-1.39/intl/plural.y
e2fsprogs-1.39/intl/finddomain.c
e2fsprogs-1.39/intl/printf.c
e2fsprogs-1.39/intl/config.charset
e2fsprogs-1.39/intl/libgettext.h
e2fsprogs-1.39/intl/l10nflist.c
e2fsprogs-1.39/intl/loadinfo.h
e2fsprogs-1.39/intl/bindtextdom.c
e2fsprogs-1.39/intl/log.c
e2fsprogs-1.39/intl/gmo.h
e2fsprogs-1.39/intl/textdomain.c
e2fsprogs-1.39/intl/printf-parse.h
e2fsprogs-1.39/intl/hash-string.h
e2fsprogs-1.39/intl/plural-exp.h
e2fsprogs-1.39/intl/intl-compat.c
e2fsprogs-1.39/intl/vasnprintf.h
e2fsprogs-1.39/intl/plural-exp.c
e2fsprogs-1.39/intl/gettext.c
e2fsprogs-1.39/intl/ChangeLog
e2fsprogs-1.39/intl/localcharset.h
e2fsprogs-1.39/intl/localcharset.c
e2fsprogs-1.39/intl/ref-del.sin
e2fsprogs-1.39/intl/vasnwprintf.h
e2fsprogs-1.39/intl/localealias.c
e2fsprogs-1.39/intl/VERSION
e2fsprogs-1.39/intl/libgnuintl.h.in
e2fsprogs-1.39/intl/xsize.h
e2fsprogs-1.39/intl/relocatable.c
e2fsprogs-1.39/intl/ngettext.c
e2fsprogs-1.39/intl/printf-args.h
e2fsprogs-1.39/intl/wprintf-parse.h
e2fsprogs-1.39/intl/os2compat.c
e2fsprogs-1.39/intl/os2compat.h
e2fsprogs-1.39/intl/eval-plural.h
e2fsprogs-1.39/intl/osdep.c
e2fsprogs-1.39/intl/dgettext.c
e2fsprogs-1.39/intl/dcngettext.c
e2fsprogs-1.39/intl/plural.c
e2fsprogs-1.39/intl/explodename.c
e2fsprogs-1.39/intl/dngettext.c
e2fsprogs-1.39/intl/printf-parse.c
e2fsprogs-1.39/intl/Makefile.in
e2fsprogs-1.39/intl/gettextP.h
e2fsprogs-1.39/intl/printf-args.c
e2fsprogs-1.39/intl/dcgettext.c
e2fsprogs-1.39/intl/loadmsgcat.c
e2fsprogs-1.39/intl/locale.alias
e2fsprogs-1.39/intl/relocatable.h
e2fsprogs-1.39/intl/ref-add.sin
e2fsprogs-1.39/intl/localename.c
e2fsprogs-1.39/intl/dcigettext.c
e2fsprogs-1.39/intl/vasnprintf.c
e2fsprogs-1.39/.release-checklist
e2fsprogs-1.39/e2fsprogs.spec.in
e2fsprogs-1.39/README
e2fsprogs-1.39/.fix-Changelog
e2fsprogs-1.39/.hgtags
e2fsprogs-1.39/util/
e2fsprogs-1.39/util/subset.exclude
e2fsprogs-1.39/util/copy_sparse.c
e2fsprogs-1.39/util/ChangeLog
e2fsprogs-1.39/util/all.exclude
e2fsprogs-1.39/util/libecho.c
e2fsprogs-1.39/util/subst.conf.in
e2fsprogs-1.39/util/Makefile.in
e2fsprogs-1.39/util/gen-tarball.in
e2fsprogs-1.39/util/gcc-wall-cleanup
e2fsprogs-1.39/util/subst.c
e2fsprogs-1.39/po/
e2fsprogs-1.39/po/de.gmo
e2fsprogs-1.39/po/at-expand.pl
e2fsprogs-1.39/po/nl.gmo
e2fsprogs-1.39/po/es.po
e2fsprogs-1.39/po/de.po
e2fsprogs-1.39/po/rw.po
e2fsprogs-1.39/po/fr.po
e2fsprogs-1.39/po/quot.sed
e2fsprogs-1.39/po/boldquot.sed
e2fsprogs-1.39/po/nl.po
e2fsprogs-1.39/po/en@quot.header
e2fsprogs-1.39/po/sv.po
e2fsprogs-1.39/po/it.po
e2fsprogs-1.39/po/Makevars
e2fsprogs-1.39/po/insert-header.sin
e2fsprogs-1.39/po/remove-potcdate.sin
e2fsprogs-1.39/po/es.gmo
e2fsprogs-1.39/po/ChangeLog
e2fsprogs-1.39/po/rw.gmo
e2fsprogs-1.39/po/cs.gmo
e2fsprogs-1.39/po/Rules-quot
e2fsprogs-1.39/po/Makefile.in.in
e2fsprogs-1.39/po/pl.po
e2fsprogs-1.39/po/POTFILES.in
e2fsprogs-1.39/po/e2fsprogs.pot
e2fsprogs-1.39/po/LINGUAS
e2fsprogs-1.39/po/sv.gmo
e2fsprogs-1.39/po/tr.po
e2fsprogs-1.39/po/tr.gmo
e2fsprogs-1.39/po/it.gmo
e2fsprogs-1.39/po/pl.gmo
e2fsprogs-1.39/po/en@boldquot.header
e2fsprogs-1.39/po/cs.po
e2fsprogs-1.39/po/fr.gmo
