make[1]: Entering directory `/mnt/sda1/aethernet/subversion/checkout/main/trunk/autobuild/packages/e2fsprogs/e2fsprogs-1.39/unpack/e2fsprogs-1.39/build'
cd ./util ; make subst
make[2]: Entering directory `/mnt/sda1/aethernet/subversion/checkout/main/trunk/autobuild/packages/e2fsprogs/e2fsprogs-1.39/unpack/e2fsprogs-1.39/build/util'
	CC ../../util/subst.c
	LD subst
make[2]: Leaving directory `/mnt/sda1/aethernet/subversion/checkout/main/trunk/autobuild/packages/e2fsprogs/e2fsprogs-1.39/unpack/e2fsprogs-1.39/build/util'
cd .; CONFIG_FILES=./lib/ext2fs/ext2_types.h ./config.status
config.status: creating ./lib/ext2fs/ext2_types.h
config.status: executing default-1 commands
make[1]: Leaving directory `/mnt/sda1/aethernet/subversion/checkout/main/trunk/autobuild/packages/e2fsprogs/e2fsprogs-1.39/unpack/e2fsprogs-1.39/build'
make[1]: Entering directory `/mnt/sda1/aethernet/subversion/checkout/main/trunk/autobuild/packages/e2fsprogs/e2fsprogs-1.39/unpack/e2fsprogs-1.39/build'
cd .; CONFIG_FILES=./lib/blkid/blkid_types.h ./config.status
config.status: creating ./lib/blkid/blkid_types.h
config.status: executing default-1 commands
make[1]: Leaving directory `/mnt/sda1/aethernet/subversion/checkout/main/trunk/autobuild/packages/e2fsprogs/e2fsprogs-1.39/unpack/e2fsprogs-1.39/build'
make[1]: Entering directory `/mnt/sda1/aethernet/subversion/checkout/main/trunk/autobuild/packages/e2fsprogs/e2fsprogs-1.39/unpack/e2fsprogs-1.39/build'
cd .; CONFIG_FILES=./lib/uuid/uuid_types.h ./config.status
config.status: creating ./lib/uuid/uuid_types.h
config.status: executing default-1 commands
make[1]: Leaving directory `/mnt/sda1/aethernet/subversion/checkout/main/trunk/autobuild/packages/e2fsprogs/e2fsprogs-1.39/unpack/e2fsprogs-1.39/build'
make libs
make[1]: Entering directory `/mnt/sda1/aethernet/subversion/checkout/main/trunk/autobuild/packages/e2fsprogs/e2fsprogs-1.39/unpack/e2fsprogs-1.39/build'
make[2]: Entering directory `/mnt/sda1/aethernet/subversion/checkout/main/trunk/autobuild/packages/e2fsprogs/e2fsprogs-1.39/unpack/e2fsprogs-1.39/build'
make[2]: `lib/ext2fs/ext2_types.h' is up to date.
make[2]: Leaving directory `/mnt/sda1/aethernet/subversion/checkout/main/trunk/autobuild/packages/e2fsprogs/e2fsprogs-1.39/unpack/e2fsprogs-1.39/build'
make[2]: Entering directory `/mnt/sda1/aethernet/subversion/checkout/main/trunk/autobuild/packages/e2fsprogs/e2fsprogs-1.39/unpack/e2fsprogs-1.39/build'
make[2]: `lib/blkid/blkid_types.h' is up to date.
make[2]: Leaving directory `/mnt/sda1/aethernet/subversion/checkout/main/trunk/autobuild/packages/e2fsprogs/e2fsprogs-1.39/unpack/e2fsprogs-1.39/build'
make[2]: Entering directory `/mnt/sda1/aethernet/subversion/checkout/main/trunk/autobuild/packages/e2fsprogs/e2fsprogs-1.39/unpack/e2fsprogs-1.39/build'
make[2]: `lib/uuid/uuid_types.h' is up to date.
make[2]: Leaving directory `/mnt/sda1/aethernet/subversion/checkout/main/trunk/autobuild/packages/e2fsprogs/e2fsprogs-1.39/unpack/e2fsprogs-1.39/build'
making all in lib/et
make[2]: Entering directory `/mnt/sda1/aethernet/subversion/checkout/main/trunk/autobuild/packages/e2fsprogs/e2fsprogs-1.39/unpack/e2fsprogs-1.39/build/lib/et'
	SUBST compile_et
make[3]: Entering directory `/mnt/sda1/aethernet/subversion/checkout/main/trunk/autobuild/packages/e2fsprogs/e2fsprogs-1.39/unpack/e2fsprogs-1.39/build/lib/et'
	MKDIR elfshared
make[3]: Leaving directory `/mnt/sda1/aethernet/subversion/checkout/main/trunk/autobuild/packages/e2fsprogs/e2fsprogs-1.39/unpack/e2fsprogs-1.39/build/lib/et'
	CC ../../../lib/et/error_message.c
	CC ../../../lib/et/et_name.c
	CC ../../../lib/et/init_et.c
	CC ../../../lib/et/com_err.c
	CC ../../../lib/et/com_right.c
	GEN_LIB libcom_err.a
	GEN_ELF_SOLIB libcom_err.so.2.1
make[2]: Leaving directory `/mnt/sda1/aethernet/subversion/checkout/main/trunk/autobuild/packages/e2fsprogs/e2fsprogs-1.39/unpack/e2fsprogs-1.39/build/lib/et'
making all in lib/ss
make[2]: Entering directory `/mnt/sda1/aethernet/subversion/checkout/main/trunk/autobuild/packages/e2fsprogs/e2fsprogs-1.39/unpack/e2fsprogs-1.39/build/lib/ss'
	SUBST mk_cmds
make[3]: Entering directory `/mnt/sda1/aethernet/subversion/checkout/main/trunk/autobuild/packages/e2fsprogs/e2fsprogs-1.39/unpack/e2fsprogs-1.39/build/lib/ss'
	MKDIR elfshared
make[3]: Leaving directory `/mnt/sda1/aethernet/subversion/checkout/main/trunk/autobuild/packages/e2fsprogs/e2fsprogs-1.39/unpack/e2fsprogs-1.39/build/lib/ss'
	COMPILE_ET ss_err.et
	CC ss_err.c
	MK_CMDS std_rqs.c
	CC std_rqs.c
	CC ../../../lib/ss/invocation.c
	CC ../../../lib/ss/help.c
	CC ../../../lib/ss/execute_cmd.c
	CC ../../../lib/ss/listen.c
	CC ../../../lib/ss/parse.c
	CC ../../../lib/ss/error.c
	CC ../../../lib/ss/prompt.c
	CC ../../../lib/ss/request_tbl.c
	CC ../../../lib/ss/list_rqs.c
	CC ../../../lib/ss/pager.c
	CC ../../../lib/ss/requests.c
	CC ../../../lib/ss/data.c
	CC ../../../lib/ss/get_readline.c
	GEN_LIB libss.a
	GEN_ELF_SOLIB libss.so.2.0
make[2]: Leaving directory `/mnt/sda1/aethernet/subversion/checkout/main/trunk/autobuild/packages/e2fsprogs/e2fsprogs-1.39/unpack/e2fsprogs-1.39/build/lib/ss'
making all in lib/e2p
make[2]: Entering directory `/mnt/sda1/aethernet/subversion/checkout/main/trunk/autobuild/packages/e2fsprogs/e2fsprogs-1.39/unpack/e2fsprogs-1.39/build/lib/e2p'
make[3]: Entering directory `/mnt/sda1/aethernet/subversion/checkout/main/trunk/autobuild/packages/e2fsprogs/e2fsprogs-1.39/unpack/e2fsprogs-1.39/build/lib/e2p'
	MKDIR elfshared
make[3]: Leaving directory `/mnt/sda1/aethernet/subversion/checkout/main/trunk/autobuild/packages/e2fsprogs/e2fsprogs-1.39/unpack/e2fsprogs-1.39/build/lib/e2p'
	CC ../../../lib/e2p/feature.c
	CC ../../../lib/e2p/fgetflags.c
	CC ../../../lib/e2p/fsetflags.c
	CC ../../../lib/e2p/fgetversion.c
	CC ../../../lib/e2p/fsetversion.c
	CC ../../../lib/e2p/getflags.c
	CC ../../../lib/e2p/getversion.c
	CC ../../../lib/e2p/hashstr.c
	CC ../../../lib/e2p/iod.c
	CC ../../../lib/e2p/ls.c
	CC ../../../lib/e2p/mntopts.c
	CC ../../../lib/e2p/parse_num.c
	CC ../../../lib/e2p/pe.c
	CC ../../../lib/e2p/pf.c
	CC ../../../lib/e2p/ps.c
	CC ../../../lib/e2p/setflags.c
	CC ../../../lib/e2p/setversion.c
	CC ../../../lib/e2p/uuid.c
	CC ../../../lib/e2p/ostype.c
	GEN_LIB libe2p.a
	GEN_ELF_SOLIB libe2p.so.2.3
make[2]: Leaving directory `/mnt/sda1/aethernet/subversion/checkout/main/trunk/autobuild/packages/e2fsprogs/e2fsprogs-1.39/unpack/e2fsprogs-1.39/build/lib/e2p'
making all in lib/ext2fs
make[2]: Entering directory `/mnt/sda1/aethernet/subversion/checkout/main/trunk/autobuild/packages/e2fsprogs/e2fsprogs-1.39/unpack/e2fsprogs-1.39/build/lib/ext2fs'
make[3]: Entering directory `/mnt/sda1/aethernet/subversion/checkout/main/trunk/autobuild/packages/e2fsprogs/e2fsprogs-1.39/unpack/e2fsprogs-1.39/build/lib/ext2fs'
	MKDIR elfshared
make[3]: Leaving directory `/mnt/sda1/aethernet/subversion/checkout/main/trunk/autobuild/packages/e2fsprogs/e2fsprogs-1.39/unpack/e2fsprogs-1.39/build/lib/ext2fs'
	SUBST ext2_err.et
	COMPILE_ET ext2_err.et
	CC ../../../lib/ext2fs/bb_compat.c
	CC ../../../lib/ext2fs/cmp_bitmaps.c
	CC ../../../lib/ext2fs/fileio.c
	CC ../../../lib/ext2fs/inode_io.c
	CC ../../../lib/ext2fs/namei.c
	CC ../../../lib/ext2fs/write_bb_file.c
	CC ../../../lib/ext2fs/rs_bitmap.c
	CC ../../../lib/ext2fs/dupfs.c
	CC ../../../lib/ext2fs/test_io.c
	CC ../../../lib/ext2fs/imager.c
	CC ext2_err.c
	CC ../../../lib/ext2fs/alloc.c
	CC ../../../lib/ext2fs/alloc_sb.c
	CC ../../../lib/ext2fs/alloc_stats.c
	CC ../../../lib/ext2fs/alloc_tables.c
	CC ../../../lib/ext2fs/badblocks.c
	CC ../../../lib/ext2fs/bb_inode.c
	CC ../../../lib/ext2fs/bitmaps.c
	CC ../../../lib/ext2fs/bitops.c
	CC ../../../lib/ext2fs/block.c
	CC ../../../lib/ext2fs/bmap.c
	CC ../../../lib/ext2fs/check_desc.c
	CC ../../../lib/ext2fs/closefs.c
	CC ../../../lib/ext2fs/dblist.c
	CC ../../../lib/ext2fs/dblist_dir.c
	CC ../../../lib/ext2fs/dirblock.c
	CC ../../../lib/ext2fs/dirhash.c
	CC ../../../lib/ext2fs/dir_iterate.c
	CC ../../../lib/ext2fs/expanddir.c
	CC ../../../lib/ext2fs/ext_attr.c
	CC ../../../lib/ext2fs/finddev.c
	CC ../../../lib/ext2fs/flushb.c
	CC ../../../lib/ext2fs/freefs.c
	CC ../../../lib/ext2fs/gen_bitmap.c
	CC ../../../lib/ext2fs/get_pathname.c
	CC ../../../lib/ext2fs/getsize.c
	CC ../../../lib/ext2fs/getsectsize.c
	CC ../../../lib/ext2fs/icount.c
	CC ../../../lib/ext2fs/ind_block.c
	CC ../../../lib/ext2fs/initialize.c
	CC ../../../lib/ext2fs/inline.c
	CC ../../../lib/ext2fs/inode.c
	CC ../../../lib/ext2fs/io_manager.c
	CC ../../../lib/ext2fs/ismounted.c
	CC ../../../lib/ext2fs/link.c
	CC ../../../lib/ext2fs/llseek.c
	CC ../../../lib/ext2fs/lookup.c
	CC ../../../lib/ext2fs/mkdir.c
	CC ../../../lib/ext2fs/mkjournal.c
	CC ../../../lib/ext2fs/native.c
	CC ../../../lib/ext2fs/newdir.c
	CC ../../../lib/ext2fs/openfs.c
	CC ../../../lib/ext2fs/read_bb.c
	CC ../../../lib/ext2fs/read_bb_file.c
	CC ../../../lib/ext2fs/res_gdt.c
	CC ../../../lib/ext2fs/rw_bitmaps.c
	CC ../../../lib/ext2fs/swapfs.c
	CC ../../../lib/ext2fs/unix_io.c
	CC ../../../lib/ext2fs/unlink.c
	CC ../../../lib/ext2fs/valid_blk.c
	CC ../../../lib/ext2fs/version.c
	GEN_LIB libext2fs.a
	GEN_ELF_SOLIB libext2fs.so.2.4
make[2]: Leaving directory `/mnt/sda1/aethernet/subversion/checkout/main/trunk/autobuild/packages/e2fsprogs/e2fsprogs-1.39/unpack/e2fsprogs-1.39/build/lib/ext2fs'
making all in lib/uuid
make[2]: Entering directory `/mnt/sda1/aethernet/subversion/checkout/main/trunk/autobuild/packages/e2fsprogs/e2fsprogs-1.39/unpack/e2fsprogs-1.39/build/lib/uuid'
make[3]: Entering directory `/mnt/sda1/aethernet/subversion/checkout/main/trunk/autobuild/packages/e2fsprogs/e2fsprogs-1.39/unpack/e2fsprogs-1.39/build/lib/uuid'
	MKDIR elfshared
make[3]: Leaving directory `/mnt/sda1/aethernet/subversion/checkout/main/trunk/autobuild/packages/e2fsprogs/e2fsprogs-1.39/unpack/e2fsprogs-1.39/build/lib/uuid'
	CC ../../../lib/uuid/clear.c
	CC ../../../lib/uuid/compare.c
	CC ../../../lib/uuid/copy.c
	CC ../../../lib/uuid/gen_uuid.c
	CC ../../../lib/uuid/isnull.c
	CC ../../../lib/uuid/pack.c
	CC ../../../lib/uuid/parse.c
	CC ../../../lib/uuid/unpack.c
	CC ../../../lib/uuid/unparse.c
	CC ../../../lib/uuid/uuid_time.c
	GEN_LIB libuuid.a
	GEN_ELF_SOLIB libuuid.so.1.2
	CC tst_uuid.o
	LD tst_uuid
	LD uuid_time
	SUBST uuid.3
	SUBST uuid_clear.3
	SUBST uuid_compare.3
	SUBST uuid_copy.3
	SUBST uuid_generate.3
	SUBST uuid_is_null.3
	SUBST uuid_parse.3
	SUBST uuid_time.3
	SUBST uuid_unparse.3
make[2]: Leaving directory `/mnt/sda1/aethernet/subversion/checkout/main/trunk/autobuild/packages/e2fsprogs/e2fsprogs-1.39/unpack/e2fsprogs-1.39/build/lib/uuid'
making all in lib/blkid
make[2]: Entering directory `/mnt/sda1/aethernet/subversion/checkout/main/trunk/autobuild/packages/e2fsprogs/e2fsprogs-1.39/unpack/e2fsprogs-1.39/build/lib/blkid'
make[3]: Entering directory `/mnt/sda1/aethernet/subversion/checkout/main/trunk/autobuild/packages/e2fsprogs/e2fsprogs-1.39/unpack/e2fsprogs-1.39/build/lib/blkid'
	MKDIR elfshared
make[3]: Leaving directory `/mnt/sda1/aethernet/subversion/checkout/main/trunk/autobuild/packages/e2fsprogs/e2fsprogs-1.39/unpack/e2fsprogs-1.39/build/lib/blkid'
	CC ../../../lib/blkid/cache.c
	CC ../../../lib/blkid/dev.c
	CC ../../../lib/blkid/devname.c
	CC ../../../lib/blkid/devno.c
	CC ../../../lib/blkid/getsize.c
	CC ../../../lib/blkid/llseek.c
	CC ../../../lib/blkid/probe.c
	CC ../../../lib/blkid/read.c
	CC ../../../lib/blkid/resolve.c
	CC ../../../lib/blkid/save.c
	CC ../../../lib/blkid/tag.c
	CC ../../../lib/blkid/version.c
	GEN_LIB libblkid.a
	GEN_ELF_SOLIB libblkid.so.1.0
	SUBST libblkid.3
make[2]: Leaving directory `/mnt/sda1/aethernet/subversion/checkout/main/trunk/autobuild/packages/e2fsprogs/e2fsprogs-1.39/unpack/e2fsprogs-1.39/build/lib/blkid'
making all in intl
make[2]: Entering directory `/mnt/sda1/aethernet/subversion/checkout/main/trunk/autobuild/packages/e2fsprogs/e2fsprogs-1.39/unpack/e2fsprogs-1.39/build/intl'
make[2]: Nothing to be done for `all'.
make[2]: Leaving directory `/mnt/sda1/aethernet/subversion/checkout/main/trunk/autobuild/packages/e2fsprogs/e2fsprogs-1.39/unpack/e2fsprogs-1.39/build/intl'
make[1]: Leaving directory `/mnt/sda1/aethernet/subversion/checkout/main/trunk/autobuild/packages/e2fsprogs/e2fsprogs-1.39/unpack/e2fsprogs-1.39/build'
make progs
make[1]: Entering directory `/mnt/sda1/aethernet/subversion/checkout/main/trunk/autobuild/packages/e2fsprogs/e2fsprogs-1.39/unpack/e2fsprogs-1.39/build'
make[2]: Entering directory `/mnt/sda1/aethernet/subversion/checkout/main/trunk/autobuild/packages/e2fsprogs/e2fsprogs-1.39/unpack/e2fsprogs-1.39/build'
make[2]: `lib/ext2fs/ext2_types.h' is up to date.
make[2]: Leaving directory `/mnt/sda1/aethernet/subversion/checkout/main/trunk/autobuild/packages/e2fsprogs/e2fsprogs-1.39/unpack/e2fsprogs-1.39/build'
make[2]: Entering directory `/mnt/sda1/aethernet/subversion/checkout/main/trunk/autobuild/packages/e2fsprogs/e2fsprogs-1.39/unpack/e2fsprogs-1.39/build'
make[2]: `lib/blkid/blkid_types.h' is up to date.
make[2]: Leaving directory `/mnt/sda1/aethernet/subversion/checkout/main/trunk/autobuild/packages/e2fsprogs/e2fsprogs-1.39/unpack/e2fsprogs-1.39/build'
make[2]: Entering directory `/mnt/sda1/aethernet/subversion/checkout/main/trunk/autobuild/packages/e2fsprogs/e2fsprogs-1.39/unpack/e2fsprogs-1.39/build'
make[2]: `lib/uuid/uuid_types.h' is up to date.
make[2]: Leaving directory `/mnt/sda1/aethernet/subversion/checkout/main/trunk/autobuild/packages/e2fsprogs/e2fsprogs-1.39/unpack/e2fsprogs-1.39/build'
making all in e2fsck
make[2]: Entering directory `/mnt/sda1/aethernet/subversion/checkout/main/trunk/autobuild/packages/e2fsprogs/e2fsprogs-1.39/unpack/e2fsprogs-1.39/build/e2fsck'
	CC ../../e2fsck/dict.c
	COMPILE_ET prof_err.et
	CC ../../e2fsck/unix.c
	CC ../../e2fsck/e2fsck.c
	CC ../../e2fsck/super.c
	CC ../../e2fsck/pass1.c
	CC ../../e2fsck/pass1b.c
	CC ../../e2fsck/pass2.c
	CC ../../e2fsck/pass3.c
	CC ../../e2fsck/pass4.c
	CC ../../e2fsck/pass5.c
	CC ../../e2fsck/journal.c
	CC ../../e2fsck/swapfs.c
	CC ../../e2fsck/badblocks.c
	CC ../../e2fsck/util.c
	CC ../../e2fsck/dirinfo.c
	CC ../../e2fsck/dx_dirinfo.c
	CC ../../e2fsck/ehandler.c
	CC ../../e2fsck/problem.c
	CC ../../e2fsck/message.c
	CC ../../e2fsck/recovery.c
	CC ../../e2fsck/region.c
	CC ../../e2fsck/revoke.c
	CC ../../e2fsck/ea_refcount.c
	CC ../../e2fsck/rehash.c
	CC ../../e2fsck/profile.c
	CC prof_err.c
	LD e2fsck.static
	CP e2fsck
	LD e2fsck.shared
	SUBST e2fsck.8
	SUBST e2fsck.conf.5
make[2]: Leaving directory `/mnt/sda1/aethernet/subversion/checkout/main/trunk/autobuild/packages/e2fsprogs/e2fsprogs-1.39/unpack/e2fsprogs-1.39/build/e2fsck'
making all in debugfs
make[2]: Entering directory `/mnt/sda1/aethernet/subversion/checkout/main/trunk/autobuild/packages/e2fsprogs/e2fsprogs-1.39/unpack/e2fsprogs-1.39/build/debugfs'
	MK_CMDS debug_cmds.c
	CC debug_cmds.c
	CC ../../debugfs/debugfs.c
	CC ../../debugfs/util.c
	CC ../../debugfs/ncheck.c
	CC ../../debugfs/icheck.c
	CC ../../debugfs/ls.c
	CC ../../debugfs/lsdel.c
	CC ../../debugfs/dump.c
	CC ../../debugfs/set_fields.c
	CC ../../debugfs/logdump.c
	CC ../../debugfs/htree.c
	CC ../../debugfs/unused.c
	LD debugfs
	SUBST debugfs.8
make[2]: Leaving directory `/mnt/sda1/aethernet/subversion/checkout/main/trunk/autobuild/packages/e2fsprogs/e2fsprogs-1.39/unpack/e2fsprogs-1.39/build/debugfs'
making all in misc
make[2]: Entering directory `/mnt/sda1/aethernet/subversion/checkout/main/trunk/autobuild/packages/e2fsprogs/e2fsprogs-1.39/unpack/e2fsprogs-1.39/build/misc'
	CC ../../misc/mke2fs.c
	CC ../../misc/util.c
	LD mke2fs
	CC ../../misc/badblocks.c
	LD badblocks
	CC ../../misc/tune2fs.c
	LD tune2fs
	CC ../../misc/dumpe2fs.c
	LD dumpe2fs
	CC ../../misc/blkid.c
	LD blkid
	CC ../../misc/logsave.c
	LD logsave
	CC ../../misc/e2image.c
	LD e2image
	CC ../../misc/fsck.c
	CC ../../misc/base_device.c
	LD fsck
	CC ../../misc/chattr.c
	LD chattr
	CC ../../misc/lsattr.c
	LD lsattr
	CC ../../misc/uuidgen.c
	LD uuidgen
	CC ../../misc/mklost+found.c
	LD mklost+found
	CC ../../misc/filefrag.c
	LD filefrag
	SUBST tune2fs.8
	SUBST mklost+found.8
	SUBST mke2fs.8
	SUBST dumpe2fs.8
	SUBST badblocks.8
	SUBST e2label.8
	SUBST findfs.8
	SUBST blkid.8
	SUBST e2image.8
	SUBST logsave.8
	SUBST filefrag.8
	SUBST fsck.8
	SUBST chattr.1
	SUBST lsattr.1
	SUBST uuidgen.1
	SUBST mke2fs.conf.5
	CC ../../misc/e2initrd_helper.c
	LD e2initrd_helper
make[2]: Leaving directory `/mnt/sda1/aethernet/subversion/checkout/main/trunk/autobuild/packages/e2fsprogs/e2fsprogs-1.39/unpack/e2fsprogs-1.39/build/misc'
making all in resize
make[2]: Entering directory `/mnt/sda1/aethernet/subversion/checkout/main/trunk/autobuild/packages/e2fsprogs/e2fsprogs-1.39/unpack/e2fsprogs-1.39/build/resize'
	CC ../../resize/extent.c
	CC ../../resize/resize2fs.c
	CC ../../resize/main.c
	CC ../../resize/online.c
	CC ../../resize/sim_progress.c
	LD resize2fs
	CC ../../resize/test_extent.c
	LD test_extent
	SUBST resize2fs.8
make[2]: Leaving directory `/mnt/sda1/aethernet/subversion/checkout/main/trunk/autobuild/packages/e2fsprogs/e2fsprogs-1.39/unpack/e2fsprogs-1.39/build/resize'
making all in tests/progs
make[2]: Entering directory `/mnt/sda1/aethernet/subversion/checkout/main/trunk/autobuild/packages/e2fsprogs/e2fsprogs-1.39/unpack/e2fsprogs-1.39/build/tests/progs'
	CC ../../../tests/progs/test_icount.c
	MK_CMDS test_icount_cmds.c
	CC test_icount_cmds.c
	LD test_icount
make[2]: Leaving directory `/mnt/sda1/aethernet/subversion/checkout/main/trunk/autobuild/packages/e2fsprogs/e2fsprogs-1.39/unpack/e2fsprogs-1.39/build/tests/progs'
making all in po
make[2]: Entering directory `/mnt/sda1/aethernet/subversion/checkout/main/trunk/autobuild/packages/e2fsprogs/e2fsprogs-1.39/unpack/e2fsprogs-1.39/build/po'
make[2]: Nothing to be done for `all'.
make[2]: Leaving directory `/mnt/sda1/aethernet/subversion/checkout/main/trunk/autobuild/packages/e2fsprogs/e2fsprogs-1.39/unpack/e2fsprogs-1.39/build/po'
make[1]: Leaving directory `/mnt/sda1/aethernet/subversion/checkout/main/trunk/autobuild/packages/e2fsprogs/e2fsprogs-1.39/unpack/e2fsprogs-1.39/build'
make docs
make[1]: Entering directory `/mnt/sda1/aethernet/subversion/checkout/main/trunk/autobuild/packages/e2fsprogs/e2fsprogs-1.39/unpack/e2fsprogs-1.39/build'
make[2]: Entering directory `/mnt/sda1/aethernet/subversion/checkout/main/trunk/autobuild/packages/e2fsprogs/e2fsprogs-1.39/unpack/e2fsprogs-1.39/build/doc'
	MAKEINFO libext2fs.info
make[2]: Leaving directory `/mnt/sda1/aethernet/subversion/checkout/main/trunk/autobuild/packages/e2fsprogs/e2fsprogs-1.39/unpack/e2fsprogs-1.39/build/doc'
make[1]: Leaving directory `/mnt/sda1/aethernet/subversion/checkout/main/trunk/autobuild/packages/e2fsprogs/e2fsprogs-1.39/unpack/e2fsprogs-1.39/build'
