dpkg-deb: building package `e2fsprogs-1.39' in `debian.deb'.
 new debian package, version 2.0.
 size 2337032 bytes: control archive= 986 bytes.
     271 bytes,    10 lines      control              
     789 bytes,    18 lines      copyright            
       6 bytes,     1 lines      debian-binary        
     110 bytes,     3 lines   *  postinst             #!/bin/bash
     108 bytes,     3 lines   *  postrm               #!/bin/bash
     111 bytes,     3 lines   *  preinst              #!/bin/bash
     109 bytes,     3 lines   *  prerm                #!/bin/bash
 Package: e2fsprogs-1.39
 Version: 1.39
 Section: unknown
 Priority: required
 Architecture: all
 Essential: no
 Depends: aaa-base
 Maintainer: Aethernet support team [support@aethernet.co.uk]
 Provides: e2fsprogs
 Description: Utilities for handling the ext2 and ext3 filesystems
