libtool-1.5.22/
libtool-1.5.22/README
libtool-1.5.22/acinclude.m4
libtool-1.5.22/configure.ac
libtool-1.5.22/aclocal.m4
libtool-1.5.22/Makefile.am
libtool-1.5.22/Makefile.in
libtool-1.5.22/configure
libtool-1.5.22/AUTHORS
libtool-1.5.22/COPYING
libtool-1.5.22/ChangeLog
libtool-1.5.22/INSTALL
libtool-1.5.22/NEWS
libtool-1.5.22/THANKS
libtool-1.5.22/TODO
libtool-1.5.22/compile
libtool-1.5.22/config.guess
libtool-1.5.22/config.sub
libtool-1.5.22/install-sh
libtool-1.5.22/ltmain.sh
libtool-1.5.22/missing
libtool-1.5.22/libtool.m4
libtool-1.5.22/ltdl.m4
libtool-1.5.22/bootstrap
libtool-1.5.22/libtoolize.in
libtool-1.5.22/ltmain.in
libtool-1.5.22/mkstamp
libtool-1.5.22/ChangeLog.0
libtool-1.5.22/ChangeLog.1
libtool-1.5.22/libltdl/
libtool-1.5.22/libltdl/README
libtool-1.5.22/libltdl/acinclude.m4
libtool-1.5.22/libltdl/configure.ac
libtool-1.5.22/libltdl/aclocal.m4
libtool-1.5.22/libltdl/ltdl.h
libtool-1.5.22/libltdl/Makefile.am
libtool-1.5.22/libltdl/Makefile.in
libtool-1.5.22/libltdl/config-h.in
libtool-1.5.22/libltdl/configure
libtool-1.5.22/libltdl/COPYING.LIB
libtool-1.5.22/libltdl/config.guess
libtool-1.5.22/libltdl/config.sub
libtool-1.5.22/libltdl/install-sh
libtool-1.5.22/libltdl/ltmain.sh
libtool-1.5.22/libltdl/missing
libtool-1.5.22/libltdl/ltdl.c
libtool-1.5.22/doc/
libtool-1.5.22/doc/PLATFORMS
libtool-1.5.22/doc/fdl.texi
libtool-1.5.22/doc/Makefile.am
libtool-1.5.22/doc/Makefile.in
libtool-1.5.22/doc/stamp-vti
libtool-1.5.22/doc/version.texi
libtool-1.5.22/doc/mdate-sh
libtool-1.5.22/doc/texinfo.tex
libtool-1.5.22/doc/libtool.texi
libtool-1.5.22/doc/libtool.info
libtool-1.5.22/doc/libtool.info.orig
libtool-1.5.22/tests/
libtool-1.5.22/tests/Makefile.am
libtool-1.5.22/tests/Makefile.in
libtool-1.5.22/tests/defs
libtool-1.5.22/tests/cdemo-static.test
libtool-1.5.22/tests/cdemo-make.test
libtool-1.5.22/tests/cdemo-exec.test
libtool-1.5.22/tests/demo-static.test
libtool-1.5.22/tests/demo-make.test
libtool-1.5.22/tests/demo-exec.test
libtool-1.5.22/tests/demo-inst.test
libtool-1.5.22/tests/demo-unst.test
libtool-1.5.22/tests/depdemo-static.test
libtool-1.5.22/tests/depdemo-make.test
libtool-1.5.22/tests/depdemo-exec.test
libtool-1.5.22/tests/depdemo-inst.test
libtool-1.5.22/tests/depdemo-unst.test
libtool-1.5.22/tests/mdemo-static.test
libtool-1.5.22/tests/mdemo-make.test
libtool-1.5.22/tests/mdemo-exec.test
libtool-1.5.22/tests/mdemo-inst.test
libtool-1.5.22/tests/mdemo-unst.test
libtool-1.5.22/tests/cdemo-conf.test
libtool-1.5.22/tests/demo-conf.test
libtool-1.5.22/tests/deplibs.test
libtool-1.5.22/tests/depdemo-conf.test
libtool-1.5.22/tests/mdemo-conf.test
libtool-1.5.22/tests/dryrun.test
libtool-1.5.22/tests/demo-nofast.test
libtool-1.5.22/tests/demo-pic.test
libtool-1.5.22/tests/demo-nopic.test
libtool-1.5.22/tests/depdemo-nofast.test
libtool-1.5.22/tests/cdemo-shared.test
libtool-1.5.22/tests/demo-shared.test
libtool-1.5.22/tests/hardcode.test
libtool-1.5.22/tests/build-relink.test
libtool-1.5.22/tests/noinst-link.test
libtool-1.5.22/tests/depdemo-shared.test
libtool-1.5.22/tests/build-relink2.test
libtool-1.5.22/tests/mdemo-shared.test
libtool-1.5.22/tests/assign.test
libtool-1.5.22/tests/link.test
libtool-1.5.22/tests/link-2.test
libtool-1.5.22/tests/nomode.test
libtool-1.5.22/tests/quote.test
libtool-1.5.22/tests/sh.test
libtool-1.5.22/tests/suffix.test
libtool-1.5.22/tests/pdemo-conf.test
libtool-1.5.22/tests/pdemo-make.test
libtool-1.5.22/tests/pdemo-exec.test
libtool-1.5.22/tests/pdemo-inst.test
libtool-1.5.22/tests/mdemo2-conf.test
libtool-1.5.22/tests/mdemo2-make.test
libtool-1.5.22/tests/mdemo2-exec.test
libtool-1.5.22/tests/duplicate_members.test
libtool-1.5.22/tests/link-order.test
libtool-1.5.22/tests/tagdemo-static.test
libtool-1.5.22/tests/tagdemo-make.test
libtool-1.5.22/tests/tagdemo-exec.test
libtool-1.5.22/tests/tagdemo-conf.test
libtool-1.5.22/tests/tagdemo-shared.test
libtool-1.5.22/tests/f77demo-static.test
libtool-1.5.22/tests/f77demo-make.test
libtool-1.5.22/tests/f77demo-exec.test
libtool-1.5.22/tests/f77demo-conf.test
libtool-1.5.22/tests/f77demo-shared.test
libtool-1.5.22/cdemo/
libtool-1.5.22/cdemo/README
libtool-1.5.22/cdemo/acinclude.m4
libtool-1.5.22/cdemo/configure.ac
libtool-1.5.22/cdemo/aclocal.m4
libtool-1.5.22/cdemo/foo.h
libtool-1.5.22/cdemo/Makefile.am
libtool-1.5.22/cdemo/Makefile.in
libtool-1.5.22/cdemo/configure
libtool-1.5.22/cdemo/foo.c
libtool-1.5.22/cdemo/main.c
libtool-1.5.22/pdemo/
libtool-1.5.22/pdemo/acinclude.m4
libtool-1.5.22/pdemo/configure.ac
libtool-1.5.22/pdemo/aclocal.m4
libtool-1.5.22/pdemo/foo.h
libtool-1.5.22/pdemo/Makefile.am
libtool-1.5.22/pdemo/Makefile.in
libtool-1.5.22/pdemo/configure
libtool-1.5.22/pdemo/longer_file_name_hello.c
libtool-1.5.22/pdemo/longer_file_name_foo.c
libtool-1.5.22/pdemo/longer_file_name_hell1.c
libtool-1.5.22/pdemo/longer_file_name_hell2.c
libtool-1.5.22/pdemo/longer_file_name_foo2.c
libtool-1.5.22/pdemo/longer_file_name_main.c
libtool-1.5.22/pdemo/longer_file_name_dlmain.c
libtool-1.5.22/demo/
libtool-1.5.22/demo/README
libtool-1.5.22/demo/acinclude.m4
libtool-1.5.22/demo/configure.ac
libtool-1.5.22/demo/aclocal.m4
libtool-1.5.22/demo/foo.h
libtool-1.5.22/demo/Makefile.am
libtool-1.5.22/demo/Makefile.in
libtool-1.5.22/demo/configure
libtool-1.5.22/demo/hello.c
libtool-1.5.22/demo/foo.c
libtool-1.5.22/demo/hell1.c
libtool-1.5.22/demo/hell2.c
libtool-1.5.22/demo/main.c
libtool-1.5.22/demo/dlmain.c
libtool-1.5.22/depdemo/
libtool-1.5.22/depdemo/README
libtool-1.5.22/depdemo/acinclude.m4
libtool-1.5.22/depdemo/configure.ac
libtool-1.5.22/depdemo/aclocal.m4
libtool-1.5.22/depdemo/Makefile.am
libtool-1.5.22/depdemo/Makefile.in
libtool-1.5.22/depdemo/configure
libtool-1.5.22/depdemo/main.c
libtool-1.5.22/depdemo/sysdep.h
libtool-1.5.22/depdemo/l1/
libtool-1.5.22/depdemo/l1/Makefile.am
libtool-1.5.22/depdemo/l1/Makefile.in
libtool-1.5.22/depdemo/l1/l1.c
libtool-1.5.22/depdemo/l1/l1.h
libtool-1.5.22/depdemo/l2/
libtool-1.5.22/depdemo/l2/Makefile.am
libtool-1.5.22/depdemo/l2/Makefile.in
libtool-1.5.22/depdemo/l2/l2.c
libtool-1.5.22/depdemo/l2/l2.h
libtool-1.5.22/depdemo/l3/
libtool-1.5.22/depdemo/l3/Makefile.am
libtool-1.5.22/depdemo/l3/Makefile.in
libtool-1.5.22/depdemo/l3/l3.c
libtool-1.5.22/depdemo/l3/l3.h
libtool-1.5.22/depdemo/l4/
libtool-1.5.22/depdemo/l4/Makefile.am
libtool-1.5.22/depdemo/l4/Makefile.in
libtool-1.5.22/depdemo/l4/l4.c
libtool-1.5.22/depdemo/l4/l4.h
libtool-1.5.22/mdemo/
libtool-1.5.22/mdemo/README
libtool-1.5.22/mdemo/acinclude.m4
libtool-1.5.22/mdemo/configure.ac
libtool-1.5.22/mdemo/aclocal.m4
libtool-1.5.22/mdemo/foo.h
libtool-1.5.22/mdemo/Makefile.am
libtool-1.5.22/mdemo/Makefile.in
libtool-1.5.22/mdemo/configure
libtool-1.5.22/mdemo/foo1.c
libtool-1.5.22/mdemo/foo2.c
libtool-1.5.22/mdemo/mlib.c
libtool-1.5.22/mdemo/sub.c
libtool-1.5.22/mdemo/main.c
libtool-1.5.22/mdemo2/
libtool-1.5.22/mdemo2/README
libtool-1.5.22/mdemo2/acinclude.m4
libtool-1.5.22/mdemo2/configure.ac
libtool-1.5.22/mdemo2/aclocal.m4
libtool-1.5.22/mdemo2/Makefile.am
libtool-1.5.22/mdemo2/Makefile.in
libtool-1.5.22/mdemo2/configure
libtool-1.5.22/mdemo2/main.c
libtool-1.5.22/tagdemo/
libtool-1.5.22/tagdemo/README
libtool-1.5.22/tagdemo/acinclude.m4
libtool-1.5.22/tagdemo/configure.ac
libtool-1.5.22/tagdemo/aclocal.m4
libtool-1.5.22/tagdemo/foo.h
libtool-1.5.22/tagdemo/baz.h
libtool-1.5.22/tagdemo/Makefile.am
libtool-1.5.22/tagdemo/Makefile.in
libtool-1.5.22/tagdemo/configure
libtool-1.5.22/tagdemo/baz.cpp
libtool-1.5.22/tagdemo/foo.cpp
libtool-1.5.22/tagdemo/main.cpp
libtool-1.5.22/f77demo/
libtool-1.5.22/f77demo/README
libtool-1.5.22/f77demo/acinclude.m4
libtool-1.5.22/f77demo/configure.ac
libtool-1.5.22/f77demo/aclocal.m4
libtool-1.5.22/f77demo/foo.h
libtool-1.5.22/f77demo/Makefile.am
libtool-1.5.22/f77demo/Makefile.in
libtool-1.5.22/f77demo/config-h.in
libtool-1.5.22/f77demo/configure
libtool-1.5.22/f77demo/foof.f
libtool-1.5.22/f77demo/fooc.c
libtool-1.5.22/f77demo/cprogram.c
libtool-1.5.22/f77demo/fprogram.f
