psmisc-22.2/
psmisc-22.2/config/
psmisc-22.2/config/config.guess
psmisc-22.2/config/config.rpath
psmisc-22.2/config/config.sub
psmisc-22.2/config/depcomp
psmisc-22.2/config/install-sh
psmisc-22.2/config/missing
psmisc-22.2/config/mkinstalldirs
psmisc-22.2/m4/
psmisc-22.2/m4/gettext.m4
psmisc-22.2/m4/iconv.m4
psmisc-22.2/m4/lib-ld.m4
psmisc-22.2/m4/lib-link.m4
psmisc-22.2/m4/lib-prefix.m4
psmisc-22.2/m4/nls.m4
psmisc-22.2/m4/po.m4
psmisc-22.2/m4/progtest.m4
psmisc-22.2/po/
psmisc-22.2/po/Makefile.in.in
psmisc-22.2/po/remove-potcdate.sin
psmisc-22.2/po/quot.sed
psmisc-22.2/po/boldquot.sed
psmisc-22.2/po/en@quot.header
psmisc-22.2/po/en@boldquot.header
psmisc-22.2/po/insert-header.sin
psmisc-22.2/po/Rules-quot
psmisc-22.2/po/Makevars
psmisc-22.2/po/POTFILES.in
psmisc-22.2/po/psmisc.pot
psmisc-22.2/po/stamp-po
psmisc-22.2/po/bg.po
psmisc-22.2/po/ca.po
psmisc-22.2/po/de.po
psmisc-22.2/po/eu.po
psmisc-22.2/po/fi.po
psmisc-22.2/po/fr.po
psmisc-22.2/po/it.po
psmisc-22.2/po/nb.po
psmisc-22.2/po/nl.po
psmisc-22.2/po/pl.po
psmisc-22.2/po/pt.po
psmisc-22.2/po/ro.po
psmisc-22.2/po/sv.po
psmisc-22.2/po/vi.po
psmisc-22.2/po/bg.gmo
psmisc-22.2/po/ca.gmo
psmisc-22.2/po/de.gmo
psmisc-22.2/po/eu.gmo
psmisc-22.2/po/fi.gmo
psmisc-22.2/po/fr.gmo
psmisc-22.2/po/it.gmo
psmisc-22.2/po/nb.gmo
psmisc-22.2/po/nl.gmo
psmisc-22.2/po/pl.gmo
psmisc-22.2/po/pt.gmo
psmisc-22.2/po/ro.gmo
psmisc-22.2/po/sv.gmo
psmisc-22.2/po/vi.gmo
psmisc-22.2/po/ChangeLog
psmisc-22.2/po/LINGUAS
psmisc-22.2/README
psmisc-22.2/configure.in
psmisc-22.2/aclocal.m4
psmisc-22.2/Makefile.am
psmisc-22.2/Makefile.in
psmisc-22.2/config.h.in
psmisc-22.2/configure
psmisc-22.2/ABOUT-NLS
psmisc-22.2/AUTHORS
psmisc-22.2/COPYING
psmisc-22.2/ChangeLog
psmisc-22.2/INSTALL
psmisc-22.2/NEWS
psmisc-22.2/doc/
psmisc-22.2/doc/Makefile.am
psmisc-22.2/doc/Makefile.in
psmisc-22.2/doc/fuser.1
psmisc-22.2/doc/killall.1
psmisc-22.2/doc/pstree.1
psmisc-22.2/src/
psmisc-22.2/src/Makefile.am
psmisc-22.2/src/Makefile.in
psmisc-22.2/src/fuser.c
psmisc-22.2/src/comm.h
psmisc-22.2/src/signals.c
psmisc-22.2/src/signals.h
psmisc-22.2/src/i18n.h
psmisc-22.2/src/fuser.h
psmisc-22.2/src/killall.c
psmisc-22.2/src/oldfuser.c
psmisc-22.2/src/loop.h
psmisc-22.2/src/pstree.c
psmisc-22.2/src/signames.c
psmisc-22.2/icons/
psmisc-22.2/icons/Makefile.am
psmisc-22.2/icons/Makefile.in
psmisc-22.2/icons/psmisc16.gif
psmisc-22.2/icons/psmisc32.gif
psmisc-22.2/icons/pstree16.xpm
psmisc-22.2/icons/pstree32.xpm
