make  all-recursive
make[1]: Entering directory `/mnt/sda1/aethernet/subversion/checkout/main/trunk/autobuild/packages/psmisc/psmisc-22.2/unpack/psmisc-22.2'
Making all in doc
make[2]: Entering directory `/mnt/sda1/aethernet/subversion/checkout/main/trunk/autobuild/packages/psmisc/psmisc-22.2/unpack/psmisc-22.2/doc'
make[2]: Nothing to be done for `all'.
make[2]: Leaving directory `/mnt/sda1/aethernet/subversion/checkout/main/trunk/autobuild/packages/psmisc/psmisc-22.2/unpack/psmisc-22.2/doc'
Making all in src
make[2]: Entering directory `/mnt/sda1/aethernet/subversion/checkout/main/trunk/autobuild/packages/psmisc/psmisc-22.2/unpack/psmisc-22.2/src'
export LC_ALL=C ; \
	gcc -E -dM signames.c |\
	tr -s '\t ' ' ' | sort -n -k 3 | sed \
's:#define SIG\([A-Z]\+[0-9]*\) \([0-9]\+\) *\(\|/\*.*\)$:{\ \2,"\1" },:p;d' | \
	  grep -v '[0-9][0-9][0-9]' >signames.h || \
	  { rm -f signames.h; exit 1; }
grep '^{ 1,"HUP" },$' signames.h >/dev/null || \
	  { rm -f signames.h; exit 1; }
make  all-am
make[3]: Entering directory `/mnt/sda1/aethernet/subversion/checkout/main/trunk/autobuild/packages/psmisc/psmisc-22.2/unpack/psmisc-22.2/src'
if gcc -DHAVE_CONFIG_H -I. -I. -I..    -Wall -DLOCALEDIR=\"/usr/share/locale\" -g -O2 -MT fuser.o -MD -MP -MF ".deps/fuser.Tpo" -c -o fuser.o fuser.c; \
then mv -f ".deps/fuser.Tpo" ".deps/fuser.Po"; else rm -f ".deps/fuser.Tpo"; exit 1; fi
if gcc -DHAVE_CONFIG_H -I. -I. -I..    -Wall -DLOCALEDIR=\"/usr/share/locale\" -g -O2 -MT signals.o -MD -MP -MF ".deps/signals.Tpo" -c -o signals.o signals.c; \
then mv -f ".deps/signals.Tpo" ".deps/signals.Po"; else rm -f ".deps/signals.Tpo"; exit 1; fi
gcc -Wall -DLOCALEDIR=\"/usr/share/locale\" -g -O2   -o fuser  fuser.o signals.o  
if gcc -DHAVE_CONFIG_H -I. -I. -I..    -Wall -DLOCALEDIR=\"/usr/share/locale\" -g -O2 -MT killall.o -MD -MP -MF ".deps/killall.Tpo" -c -o killall.o killall.c; \
then mv -f ".deps/killall.Tpo" ".deps/killall.Po"; else rm -f ".deps/killall.Tpo"; exit 1; fi
gcc -Wall -DLOCALEDIR=\"/usr/share/locale\" -g -O2   -o killall  killall.o signals.o  
if gcc -DHAVE_CONFIG_H -I. -I. -I..    -Wall -DLOCALEDIR=\"/usr/share/locale\" -g -O2 -MT pstree.o -MD -MP -MF ".deps/pstree.Tpo" -c -o pstree.o pstree.c; \
then mv -f ".deps/pstree.Tpo" ".deps/pstree.Po"; else rm -f ".deps/pstree.Tpo"; exit 1; fi
gcc -Wall -DLOCALEDIR=\"/usr/share/locale\" -g -O2   -o pstree  pstree.o -lncurses  
if gcc -DHAVE_CONFIG_H -I. -I. -I..    -Wall -DLOCALEDIR=\"/usr/share/locale\" -g -O2 -MT oldfuser.o -MD -MP -MF ".deps/oldfuser.Tpo" -c -o oldfuser.o oldfuser.c; \
then mv -f ".deps/oldfuser.Tpo" ".deps/oldfuser.Po"; else rm -f ".deps/oldfuser.Tpo"; exit 1; fi
gcc -Wall -DLOCALEDIR=\"/usr/share/locale\" -g -O2   -o oldfuser  oldfuser.o signals.o  
make[3]: Leaving directory `/mnt/sda1/aethernet/subversion/checkout/main/trunk/autobuild/packages/psmisc/psmisc-22.2/unpack/psmisc-22.2/src'
make[2]: Leaving directory `/mnt/sda1/aethernet/subversion/checkout/main/trunk/autobuild/packages/psmisc/psmisc-22.2/unpack/psmisc-22.2/src'
Making all in po
make[2]: Entering directory `/mnt/sda1/aethernet/subversion/checkout/main/trunk/autobuild/packages/psmisc/psmisc-22.2/unpack/psmisc-22.2/po'
make[2]: Nothing to be done for `all'.
make[2]: Leaving directory `/mnt/sda1/aethernet/subversion/checkout/main/trunk/autobuild/packages/psmisc/psmisc-22.2/unpack/psmisc-22.2/po'
Making all in icons
make[2]: Entering directory `/mnt/sda1/aethernet/subversion/checkout/main/trunk/autobuild/packages/psmisc/psmisc-22.2/unpack/psmisc-22.2/icons'
make[2]: Nothing to be done for `all'.
make[2]: Leaving directory `/mnt/sda1/aethernet/subversion/checkout/main/trunk/autobuild/packages/psmisc/psmisc-22.2/unpack/psmisc-22.2/icons'
make[2]: Entering directory `/mnt/sda1/aethernet/subversion/checkout/main/trunk/autobuild/packages/psmisc/psmisc-22.2/unpack/psmisc-22.2'
make[2]: Nothing to be done for `all-am'.
make[2]: Leaving directory `/mnt/sda1/aethernet/subversion/checkout/main/trunk/autobuild/packages/psmisc/psmisc-22.2/unpack/psmisc-22.2'
make[1]: Leaving directory `/mnt/sda1/aethernet/subversion/checkout/main/trunk/autobuild/packages/psmisc/psmisc-22.2/unpack/psmisc-22.2'
