gunzip 1.3.5
(2002-09-30)
usage: gunzip [-cdfhlLnNrtvV19] [-S suffix] [file ...]
 -c --stdout      write on standard output, keep original files unchanged
 -d --decompress  decompress
 -f --force       force overwrite of output file and compress links
 -h --help        give this help
 -l --list        list compressed file contents
 -L --license     display software license
 -n --no-name     do not save or restore the original name and time stamp
 -N --name        save or restore the original name and time stamp
 -q --quiet       suppress all warnings
 -r --recursive   operate recursively on directories
 -S .suf  --suffix .suf     use suffix .suf on compressed files
 -t --test        test compressed file integrity
 -v --verbose     verbose mode
 -V --version     display version number
 -1 --fast        compress faster
 -9 --best        compress better
 file...          files to (de)compress. If none given, use standard input.
Report bugs to <bug-gzip@gnu.org>.
gzip-1.3.5/
gzip-1.3.5/m4/
gzip-1.3.5/m4/shell.m4
gzip-1.3.5/amiga/
gzip-1.3.5/amiga/match.a
gzip-1.3.5/amiga/Makefile.gcc
gzip-1.3.5/amiga/Makefile.sasc
gzip-1.3.5/amiga/tailor.c
gzip-1.3.5/amiga/utime.h
gzip-1.3.5/atari/
gzip-1.3.5/atari/Makefile.st
gzip-1.3.5/msdos/
gzip-1.3.5/msdos/match.asm
gzip-1.3.5/msdos/tailor.c
gzip-1.3.5/msdos/gzip.prj
gzip-1.3.5/msdos/doturboc.bat
gzip-1.3.5/msdos/Makefile.msc
gzip-1.3.5/msdos/Makefile.bor
gzip-1.3.5/msdos/Makefile.djg
gzip-1.3.5/nt/
gzip-1.3.5/nt/Makefile.nt
gzip-1.3.5/os2/
gzip-1.3.5/os2/gzip.def
gzip-1.3.5/os2/Makefile.os2
gzip-1.3.5/os2/gzip16.def
gzip-1.3.5/primos/
gzip-1.3.5/primos/include/
gzip-1.3.5/primos/include/errno.h
gzip-1.3.5/primos/include/fcntl.h
gzip-1.3.5/primos/include/stdlib.h
gzip-1.3.5/primos/include/sysStat.h
gzip-1.3.5/primos/include/sysTypes.h
gzip-1.3.5/primos/build.cpl
gzip-1.3.5/primos/readme
gzip-1.3.5/primos/primos.c
gzip-1.3.5/primos/ci.opts
gzip-1.3.5/sample/
gzip-1.3.5/sample/makecrc.c
gzip-1.3.5/sample/ztouch
gzip-1.3.5/sample/add.c
gzip-1.3.5/sample/sub.c
gzip-1.3.5/sample/zread.c
gzip-1.3.5/sample/zfile
gzip-1.3.5/vms/
gzip-1.3.5/vms/Makefile.mms
gzip-1.3.5/vms/gzip.hlp
gzip-1.3.5/vms/vms.c
gzip-1.3.5/vms/Readme.vms
gzip-1.3.5/vms/Makefile.vms
gzip-1.3.5/vms/Makefile.gcc
gzip-1.3.5/vms/makegzip.com
gzip-1.3.5/README
gzip-1.3.5/fdl.texi
gzip-1.3.5/AUTHORS
gzip-1.3.5/COPYING
gzip-1.3.5/ChangeLog
gzip-1.3.5/INSTALL
gzip-1.3.5/Makefile.am
gzip-1.3.5/Makefile.in
gzip-1.3.5/NEWS
gzip-1.3.5/README-alpha
gzip-1.3.5/THANKS
gzip-1.3.5/TODO
gzip-1.3.5/aclocal.m4
gzip-1.3.5/config.h.in
gzip-1.3.5/configure
gzip-1.3.5/configure.in
gzip-1.3.5/depcomp
gzip-1.3.5/install-sh
gzip-1.3.5/match.c
gzip-1.3.5/mdate-sh
gzip-1.3.5/missing
gzip-1.3.5/mkinstalldirs
gzip-1.3.5/rpmatch.c
gzip-1.3.5/stamp-vti
gzip-1.3.5/texinfo.tex
gzip-1.3.5/version.texi
gzip-1.3.5/bits.c
gzip-1.3.5/crypt.c
gzip-1.3.5/deflate.c
gzip-1.3.5/getopt.c
gzip-1.3.5/getopt1.c
gzip-1.3.5/gzip.c
gzip-1.3.5/inflate.c
gzip-1.3.5/lzw.c
gzip-1.3.5/trees.c
gzip-1.3.5/unlzh.c
gzip-1.3.5/unlzw.c
gzip-1.3.5/unpack.c
gzip-1.3.5/unzip.c
gzip-1.3.5/util.c
gzip-1.3.5/yesno.c
gzip-1.3.5/zip.c
gzip-1.3.5/gzip.texi
gzip-1.3.5/gunzip.1
gzip-1.3.5/gzexe.1
gzip-1.3.5/gzip.1
gzip-1.3.5/zcat.1
gzip-1.3.5/zcmp.1
gzip-1.3.5/zdiff.1
gzip-1.3.5/zforce.1
gzip-1.3.5/zgrep.1
gzip-1.3.5/zless.1
gzip-1.3.5/zmore.1
gzip-1.3.5/znew.1
gzip-1.3.5/algorithm.doc
gzip-1.3.5/crypt.h
gzip-1.3.5/getopt.h
gzip-1.3.5/gzexe.in
gzip-1.3.5/gzip.doc
gzip-1.3.5/gzip.h
gzip-1.3.5/lzw.h
gzip-1.3.5/revision.h
gzip-1.3.5/tailor.h
gzip-1.3.5/zdiff.in
gzip-1.3.5/zforce.in
gzip-1.3.5/zgrep.in
gzip-1.3.5/zless.in
gzip-1.3.5/zmore.in
gzip-1.3.5/znew.in
gzip-1.3.5/gzip.info
