checking for a BSD-compatible install... /usr/bin/install -c
checking whether build environment is sane... yes
checking for gawk... gawk
checking whether make sets ${MAKE}... yes
checking for gcc... gcc
checking for C compiler default output... a.out
checking whether the C compiler works... yes
checking whether we are cross compiling... no
checking for suffix of executables... 
checking for suffix of object files... o
checking whether we are using the GNU C compiler... yes
checking whether gcc accepts -g... yes
checking for gcc option to accept ANSI C... none needed
checking for style of include used by make... GNU
checking dependency style of gcc... gcc3
checking how to run the C preprocessor... gcc -E
checking whether ln -s works... yes
checking for a POSIX-compliant shell... /bin/sh
checking for egrep... grep -E
checking for AIX... no
checking for ANSI C header files... yes
checking for sys/types.h... yes
checking for sys/stat.h... yes
checking for stdlib.h... yes
checking for string.h... yes
checking for memory.h... yes
checking for strings.h... yes
checking for inttypes.h... yes
checking for stdint.h... yes
checking for unistd.h... yes
checking minix/config.h usability... no
checking minix/config.h presence... no
checking for minix/config.h... no
checking for special C compiler options needed for large files... no
checking for _FILE_OFFSET_BITS value needed for large files... 64
checking for _LARGE_FILES value needed for large files... no
checking for underline in external names... no
checking for assembler... yes
checking for strerror in -lcposix... no
checking for an ANSI C-conforming const... yes
checking for ANSI C header files... (cached) yes
checking fcntl.h usability... yes
checking fcntl.h presence... yes
checking for fcntl.h... yes
checking limits.h usability... yes
checking limits.h presence... yes
checking for limits.h... yes
checking for memory.h... (cached) yes
checking sys/utime.h usability... no
checking sys/utime.h presence... no
checking for sys/utime.h... no
checking time.h usability... yes
checking time.h presence... yes
checking for time.h... yes
checking utime.h usability... yes
checking utime.h presence... yes
checking for utime.h... yes
checking for lstat... yes
checking for utime... yes
checking for rpmatch... yes
checking for dirent.h that defines DIR... yes
checking for library containing opendir... none required
checking return type of signal handlers... void
checking for size_t... yes
checking for off_t... yes
checking whether #! works in shell scripts... yes
configure: creating ./config.status
config.status: creating Makefile
config.status: creating config.h
config.status: executing depfiles commands
