sysvinit-2.86/
sysvinit-2.86/README
sysvinit-2.86/contrib/
sysvinit-2.86/contrib/start-stop-daemon.README
sysvinit-2.86/contrib/start-stop-daemon.c
sysvinit-2.86/contrib/TODO
sysvinit-2.86/contrib/alexander.viro
sysvinit-2.86/contrib/zefram-patches
sysvinit-2.86/doc/
sysvinit-2.86/doc/Propaganda
sysvinit-2.86/doc/Install
sysvinit-2.86/doc/bootlogd.README
sysvinit-2.86/doc/Changelog
sysvinit-2.86/doc/sysvinit-2.85.lsm
sysvinit-2.86/doc/sysvinit-2.86.lsm
sysvinit-2.86/man/
sysvinit-2.86/man/halt.8
sysvinit-2.86/man/init.8
sysvinit-2.86/man/initscript.5
sysvinit-2.86/man/inittab.5
sysvinit-2.86/man/killall5.8
sysvinit-2.86/man/last.1
sysvinit-2.86/man/lastb.1
sysvinit-2.86/man/mesg.1
sysvinit-2.86/man/pidof.8
sysvinit-2.86/man/reboot.8
sysvinit-2.86/man/runlevel.8
sysvinit-2.86/man/shutdown.8
sysvinit-2.86/man/sulogin.8
sysvinit-2.86/man/telinit.8
sysvinit-2.86/man/wall.1
sysvinit-2.86/man/poweroff.8
sysvinit-2.86/man/bootlogd.8.todo
sysvinit-2.86/man/bootlogd.8
sysvinit-2.86/man/mountpoint.1
sysvinit-2.86/obsolete/
sysvinit-2.86/obsolete/powerd.README
sysvinit-2.86/obsolete/powerd.c
sysvinit-2.86/obsolete/powerd.cfg
sysvinit-2.86/obsolete/powerd.8
sysvinit-2.86/obsolete/README.RIGHT.NOW
sysvinit-2.86/obsolete/utmpdump.c.OLD
sysvinit-2.86/obsolete/bootlogd.init
sysvinit-2.86/src/
sysvinit-2.86/src/init.c
sysvinit-2.86/src/initreq.h
sysvinit-2.86/src/paths.h
sysvinit-2.86/src/Makefile
sysvinit-2.86/src/dowall.c
sysvinit-2.86/src/halt.c
sysvinit-2.86/src/initscript.sample
sysvinit-2.86/src/killall5.c
sysvinit-2.86/src/utmp.c
sysvinit-2.86/src/mesg.c
sysvinit-2.86/src/reboot.h
sysvinit-2.86/src/runlevel.c
sysvinit-2.86/src/shutdown.c
sysvinit-2.86/src/sulogin.c
sysvinit-2.86/src/utmpdump.c
sysvinit-2.86/src/wall.c
sysvinit-2.86/src/ifdown.c
sysvinit-2.86/src/set.h
sysvinit-2.86/src/init.h
sysvinit-2.86/src/last.c
sysvinit-2.86/src/oldutmp.h
sysvinit-2.86/src/bootlogd.c
sysvinit-2.86/src/hddown.c
sysvinit-2.86/src/mountpoint.c
sysvinit-2.86/COPYRIGHT
sysvinit-2.86/build
