make -r PARALLELMFLAGS="" CVSOPTS="" -C ../unpack/glibc-2.3.6 objdir=`pwd` localedata/install-locales
make[1]: Entering directory `/home/kris/svn/autobuild/packages/glibc/glibc-2.3.6-localedata/unpack/glibc-2.3.6'
make  -C localedata install-locales
make[2]: Entering directory `/home/kris/svn/autobuild/packages/glibc/glibc-2.3.6-localedata/unpack/glibc-2.3.6/localedata'
.././scripts/mkinstalldirs /home/kris/svn/autobuild/packages/glibc/glibc-2.3.6-localedata/install/../pkg/debian/usr/lib/locale
aa_DJ.UTF-8... done
aa_DJ.ISO-8859-1... done
aa_ER.UTF-8... done
aa_ER.UTF-8@saaho... done
aa_ET.UTF-8... done
af_ZA.UTF-8... done
af_ZA.ISO-8859-1... done
am_ET.UTF-8... done
an_ES.UTF-8... done
an_ES.ISO-8859-15... done
ar_AE.UTF-8... done
ar_AE.ISO-8859-6... done
ar_BH.UTF-8... done
ar_BH.ISO-8859-6... done
ar_DZ.UTF-8... done
ar_DZ.ISO-8859-6... done
ar_EG.UTF-8... done
ar_EG.ISO-8859-6... done
ar_IN.UTF-8... done
ar_IQ.UTF-8... done
ar_IQ.ISO-8859-6... done
ar_JO.UTF-8... done
ar_JO.ISO-8859-6... done
ar_KW.UTF-8... done
ar_KW.ISO-8859-6... done
ar_LB.UTF-8... done
ar_LB.ISO-8859-6... done
ar_LY.UTF-8... done
ar_LY.ISO-8859-6... done
ar_MA.UTF-8... done
ar_MA.ISO-8859-6... done
ar_OM.UTF-8... done
ar_OM.ISO-8859-6... done
ar_QA.UTF-8... done
ar_QA.ISO-8859-6... done
ar_SA.UTF-8... done
ar_SA.ISO-8859-6... done
ar_SD.UTF-8... done
ar_SD.ISO-8859-6... done
ar_SY.UTF-8... done
ar_SY.ISO-8859-6... done
ar_TN.UTF-8... done
ar_TN.ISO-8859-6... done
ar_YE.UTF-8... done
ar_YE.ISO-8859-6... done
az_AZ.UTF-8... done
be_BY.UTF-8... done
be_BY.CP1251... done
bg_BG.UTF-8... done
bg_BG.CP1251... done
bn_BD.UTF-8... done
bn_IN.UTF-8... done
br_FR.UTF-8... done
br_FR.ISO-8859-1... done
br_FR.ISO-8859-15@euro... done
bs_BA.UTF-8... done
bs_BA.ISO-8859-2... done
byn_ER.UTF-8... done
ca_ES.UTF-8... done
ca_ES.ISO-8859-1... done
ca_ES.ISO-8859-15@euro... done
cs_CZ.UTF-8... done
cs_CZ.ISO-8859-2... done
cy_GB.UTF-8... done
cy_GB.ISO-8859-14... done
da_DK.UTF-8... done
da_DK.ISO-8859-1... done
de_AT.UTF-8... done
de_AT.ISO-8859-1... done
de_AT.ISO-8859-15@euro... done
de_BE.UTF-8... done
de_BE.ISO-8859-1... done
de_BE.ISO-8859-15@euro... done
de_CH.UTF-8... done
de_CH.ISO-8859-1... done
de_DE.UTF-8... done
de_DE.ISO-8859-1... done
de_DE.ISO-8859-15@euro... done
de_LU.UTF-8... done
de_LU.ISO-8859-1... done
de_LU.ISO-8859-15@euro... done
el_GR.UTF-8... done
el_GR.ISO-8859-7... done
en_AU.UTF-8... done
en_AU.ISO-8859-1... done
en_BW.UTF-8... done
en_BW.ISO-8859-1... done
en_CA.UTF-8... done
en_CA.ISO-8859-1... done
en_DK.UTF-8... done
en_DK.ISO-8859-1... done
en_GB.UTF-8... done
en_GB.ISO-8859-1... done
en_HK.UTF-8... done
en_HK.ISO-8859-1... done
en_IE.UTF-8... done
en_IE.ISO-8859-1... done
en_IE.ISO-8859-15@euro... done
en_IN.UTF-8... done
en_NZ.UTF-8... done
en_NZ.ISO-8859-1... done
en_PH.UTF-8... done
en_PH.ISO-8859-1... done
en_SG.UTF-8... done
en_SG.ISO-8859-1... done
en_US.UTF-8... done
en_US.ISO-8859-1... done
en_ZA.UTF-8... done
en_ZA.ISO-8859-1... done
en_ZW.UTF-8... done
en_ZW.ISO-8859-1... done
es_AR.UTF-8... done
es_AR.ISO-8859-1... done
es_BO.UTF-8... done
es_BO.ISO-8859-1... done
es_CL.UTF-8... done
es_CL.ISO-8859-1... done
es_CO.UTF-8... done
es_CO.ISO-8859-1... done
es_CR.UTF-8... done
es_CR.ISO-8859-1... done
es_DO.UTF-8... done
es_DO.ISO-8859-1... done
es_EC.UTF-8... done
es_EC.ISO-8859-1... done
es_ES.UTF-8... done
es_ES.ISO-8859-1... done
es_ES.ISO-8859-15@euro... done
es_GT.UTF-8... done
es_GT.ISO-8859-1... done
es_HN.UTF-8... done
es_HN.ISO-8859-1... done
es_MX.UTF-8... done
es_MX.ISO-8859-1... done
es_NI.UTF-8... done
es_NI.ISO-8859-1... done
es_PA.UTF-8... done
es_PA.ISO-8859-1... done
es_PE.UTF-8... done
es_PE.ISO-8859-1... done
es_PR.UTF-8... done
es_PR.ISO-8859-1... done
es_PY.UTF-8... done
es_PY.ISO-8859-1... done
es_SV.UTF-8... done
es_SV.ISO-8859-1... done
es_US.UTF-8... done
es_US.ISO-8859-1... done
es_UY.UTF-8... done
es_UY.ISO-8859-1... done
es_VE.UTF-8... done
es_VE.ISO-8859-1... done
et_EE.UTF-8... done
et_EE.ISO-8859-1... done
et_EE.ISO-8859-15... done
eu_ES.UTF-8... done
eu_ES.ISO-8859-1... done
eu_ES.ISO-8859-15@euro... done
fa_IR.UTF-8... done
fi_FI.UTF-8... done
fi_FI.ISO-8859-1... done
fi_FI.ISO-8859-15@euro... done
fo_FO.UTF-8... done
fo_FO.ISO-8859-1... done
fr_BE.UTF-8... done
fr_BE.ISO-8859-1... done
fr_BE.ISO-8859-15@euro... done
fr_CA.UTF-8... done
fr_CA.ISO-8859-1... done
fr_CH.UTF-8... done
fr_CH.ISO-8859-1... done
fr_FR.UTF-8... done
fr_FR.ISO-8859-1... done
fr_FR.ISO-8859-15@euro... done
fr_LU.UTF-8... done
fr_LU.ISO-8859-1... done
fr_LU.ISO-8859-15@euro... done
ga_IE.UTF-8... done
ga_IE.ISO-8859-1... done
ga_IE.ISO-8859-15@euro... done
gd_GB.UTF-8... done
gd_GB.ISO-8859-15... done
gez_ER.UTF-8... done
gez_ER.UTF-8@abegede... done
gez_ET.UTF-8... done
gez_ET.UTF-8@abegede... done
gl_ES.UTF-8... done
gl_ES.ISO-8859-1... done
gl_ES.ISO-8859-15@euro... done
gu_IN.UTF-8... done
gv_GB.UTF-8... done
gv_GB.ISO-8859-1... done
he_IL.UTF-8... done
he_IL.ISO-8859-8... done
hi_IN.UTF-8... done
hr_HR.UTF-8... done
hr_HR.ISO-8859-2... done
hu_HU.UTF-8... done
hu_HU.ISO-8859-2... done
id_ID.UTF-8... done
id_ID.ISO-8859-1... done
is_IS.UTF-8... done
is_IS.ISO-8859-1... done
it_CH.UTF-8... done
it_CH.ISO-8859-1... done
it_IT.UTF-8... done
it_IT.ISO-8859-1... done
it_IT.ISO-8859-15@euro... done
iw_IL.UTF-8... done
iw_IL.ISO-8859-8... done
ja_JP.EUC-JP... done
ja_JP.UTF-8... done
ka_GE.UTF-8... done
ka_GE.GEORGIAN-PS... done
kk_KZ.UTF-8... done
kk_KZ.PT154... done
kl_GL.UTF-8... done
kl_GL.ISO-8859-1... done
kn_IN.UTF-8... done
ko_KR.EUC-KR... done
ko_KR.UTF-8... done
kw_GB.UTF-8... done
kw_GB.ISO-8859-1... done
lg_UG.UTF-8... done
lg_UG.ISO-8859-10... done
lo_LA.UTF-8... done
lt_LT.UTF-8... done
lt_LT.ISO-8859-13... done
lv_LV.UTF-8... done
lv_LV.ISO-8859-13... done
mi_NZ.UTF-8... done
mi_NZ.ISO-8859-13... done
mk_MK.UTF-8... done
mk_MK.ISO-8859-5... done
ml_IN.UTF-8... done
mn_MN.UTF-8... done
mr_IN.UTF-8... done
ms_MY.UTF-8... done
ms_MY.ISO-8859-1... done
mt_MT.UTF-8... done
mt_MT.ISO-8859-3... done
nb_NO.UTF-8... done
nb_NO.ISO-8859-1... done
ne_NP.UTF-8... done
nl_BE.UTF-8... done
nl_BE.ISO-8859-1... done
nl_BE.ISO-8859-15@euro... done
nl_NL.UTF-8... done
nl_NL.ISO-8859-1... done
nl_NL.ISO-8859-15@euro... done
nn_NO.UTF-8... done
nn_NO.ISO-8859-1... done
oc_FR.UTF-8... done
oc_FR.ISO-8859-1... done
om_ET.UTF-8... done
om_KE.UTF-8... done
om_KE.ISO-8859-1... done
pa_IN.UTF-8... done
pl_PL.UTF-8... done
pl_PL.ISO-8859-2... done
pt_BR.UTF-8... done
pt_BR.ISO-8859-1... done
pt_PT.UTF-8... done
pt_PT.ISO-8859-1... done
pt_PT.ISO-8859-15@euro... done
ro_RO.UTF-8... done
ro_RO.ISO-8859-2... done
ru_RU.KOI8-R... done
ru_RU.UTF-8... done
ru_RU.ISO-8859-5... done
ru_UA.UTF-8... done
ru_UA.KOI8-U... done
se_NO.UTF-8... done
sid_ET.UTF-8... done
sk_SK.UTF-8... done
sk_SK.ISO-8859-2... done
sl_SI.UTF-8... done
sl_SI.ISO-8859-2... done
so_DJ.UTF-8... done
so_DJ.ISO-8859-1... done
so_ET.UTF-8... done
so_KE.UTF-8... done
so_KE.ISO-8859-1... done
so_SO.UTF-8... done
so_SO.ISO-8859-1... done
sq_AL.UTF-8... done
sq_AL.ISO-8859-1... done
sr_CS.UTF-8... done
sr_CS.ISO-8859-5... done
st_ZA.UTF-8... done
st_ZA.ISO-8859-1... done
sv_FI.UTF-8... done
sv_FI.ISO-8859-1... done
sv_FI.ISO-8859-15@euro... done
sv_SE.UTF-8... done
sv_SE.ISO-8859-1... done
ta_IN.UTF-8... done
te_IN.UTF-8... done
tg_TJ.UTF-8... done
tg_TJ.KOI8-T... done
th_TH.UTF-8... done
th_TH.TIS-620... done
ti_ER.UTF-8... done
ti_ET.UTF-8... done
tig_ER.UTF-8... done
tl_PH.UTF-8... done
tl_PH.ISO-8859-1... done
tr_TR.UTF-8... done
tr_TR.ISO-8859-9... done
tt_RU.UTF-8... done
uk_UA.UTF-8... done
uk_UA.KOI8-U... done
ur_PK.UTF-8... done
uz_UZ.ISO-8859-1... done
uz_UZ.UTF-8@cyrillic... done
vi_VN.UTF-8... done
wa_BE.ISO-8859-1... done
wa_BE.ISO-8859-15@euro... done
wa_BE.UTF-8... done
xh_ZA.UTF-8... done
xh_ZA.ISO-8859-1... done
yi_US.UTF-8... done
yi_US.CP1255... done
zh_CN.GB18030... done
zh_CN.GBK... done
zh_CN.UTF-8... done
zh_CN.GB2312... done
zh_HK.UTF-8... done
zh_HK.BIG5-HKSCS... done
zh_SG.UTF-8... done
zh_SG.GBK... done
zh_SG.GB2312... done
zh_TW.EUC-TW... done
zh_TW.UTF-8... done
zh_TW.BIG5... done
zu_ZA.UTF-8... done
zu_ZA.ISO-8859-1... done
make[2]: Leaving directory `/home/kris/svn/autobuild/packages/glibc/glibc-2.3.6-localedata/unpack/glibc-2.3.6/localedata'
make[1]: Leaving directory `/home/kris/svn/autobuild/packages/glibc/glibc-2.3.6-localedata/unpack/glibc-2.3.6'
