Found a patch, skipping...
Found a patch, skipping...
inetutils-1.4.2/
inetutils-1.4.2/headers/
inetutils-1.4.2/headers/ChangeLog
inetutils-1.4.2/headers/Makefile.am
inetutils-1.4.2/headers/Makefile.in
inetutils-1.4.2/headers/crypt.h
inetutils-1.4.2/headers/err.h
inetutils-1.4.2/headers/getopt.h
inetutils-1.4.2/headers/obstack.h
inetutils-1.4.2/headers/osockaddr.h
inetutils-1.4.2/headers/paths.h
inetutils-1.4.2/headers/poll.h
inetutils-1.4.2/headers/syslog-int.h
inetutils-1.4.2/headers/tftpsubs.h
inetutils-1.4.2/headers/confpaths.h.in
inetutils-1.4.2/headers/stamp-h.in
inetutils-1.4.2/headers/arpa/
inetutils-1.4.2/headers/arpa/ftp.h
inetutils-1.4.2/headers/arpa/telnet.h
inetutils-1.4.2/headers/arpa/tftp.h
inetutils-1.4.2/headers/protocols/
inetutils-1.4.2/headers/protocols/talkd.h
inetutils-1.4.2/README
inetutils-1.4.2/AUTHORS
inetutils-1.4.2/COPYING
inetutils-1.4.2/ChangeLog
inetutils-1.4.2/INSTALL
inetutils-1.4.2/Makefile.am
inetutils-1.4.2/Makefile.in
inetutils-1.4.2/NEWS
inetutils-1.4.2/THANKS
inetutils-1.4.2/TODO
inetutils-1.4.2/acinclude.m4
inetutils-1.4.2/aclocal.m4
inetutils-1.4.2/config.guess
inetutils-1.4.2/config.hin
inetutils-1.4.2/config.sub
inetutils-1.4.2/configure
inetutils-1.4.2/configure.ac
inetutils-1.4.2/depcomp
inetutils-1.4.2/install-sh
inetutils-1.4.2/missing
inetutils-1.4.2/mkinstalldirs
inetutils-1.4.2/README-alpha
inetutils-1.4.2/paths
inetutils-1.4.2/ChangeLog.0
inetutils-1.4.2/libinetutils/
inetutils-1.4.2/libinetutils/argcv.h
inetutils-1.4.2/libinetutils/snprintf.h
inetutils-1.4.2/libinetutils/pathmax.h
inetutils-1.4.2/libinetutils/regex.h
inetutils-1.4.2/libinetutils/getopt.h
inetutils-1.4.2/libinetutils/obstack.h
inetutils-1.4.2/libinetutils/setenv.h
inetutils-1.4.2/libinetutils/gettext.h
inetutils-1.4.2/libinetutils/xalloc.h
inetutils-1.4.2/libinetutils/xgetcwd.h
inetutils-1.4.2/libinetutils/ChangeLog
inetutils-1.4.2/libinetutils/Makefile.am
inetutils-1.4.2/libinetutils/Makefile.in
inetutils-1.4.2/libinetutils/__progname.c
inetutils-1.4.2/libinetutils/err.c
inetutils-1.4.2/libinetutils/forkpty.c
inetutils-1.4.2/libinetutils/getopt.c
inetutils-1.4.2/libinetutils/getopt1.c
inetutils-1.4.2/libinetutils/getpass.c
inetutils-1.4.2/libinetutils/getusershell.c
inetutils-1.4.2/libinetutils/herror.c
inetutils-1.4.2/libinetutils/hstrerror.c
inetutils-1.4.2/libinetutils/iruserok.c
inetutils-1.4.2/libinetutils/login.c
inetutils-1.4.2/libinetutils/login_tty.c
inetutils-1.4.2/libinetutils/logout.c
inetutils-1.4.2/libinetutils/logwtmp.c
inetutils-1.4.2/libinetutils/malloc.c
inetutils-1.4.2/libinetutils/memcmp.c
inetutils-1.4.2/libinetutils/memcpy.c
inetutils-1.4.2/libinetutils/memmove.c
inetutils-1.4.2/libinetutils/memset.c
inetutils-1.4.2/libinetutils/obstack.c
inetutils-1.4.2/libinetutils/openpty.c
inetutils-1.4.2/libinetutils/poll.c
inetutils-1.4.2/libinetutils/realloc.c
inetutils-1.4.2/libinetutils/regex.c
inetutils-1.4.2/libinetutils/revoke.c
inetutils-1.4.2/libinetutils/ruserok.c
inetutils-1.4.2/libinetutils/setenv.c
inetutils-1.4.2/libinetutils/snprintf.c
inetutils-1.4.2/libinetutils/strcasecmp.c
inetutils-1.4.2/libinetutils/strdup.c
inetutils-1.4.2/libinetutils/strerror.c
inetutils-1.4.2/libinetutils/strsignal.c
inetutils-1.4.2/libinetutils/stub_tgetent.c
inetutils-1.4.2/libinetutils/waitpid.c
inetutils-1.4.2/libinetutils/argcv.c
inetutils-1.4.2/libinetutils/cleansess.c
inetutils-1.4.2/libinetutils/daemon.c
inetutils-1.4.2/libinetutils/des_rw.c
inetutils-1.4.2/libinetutils/kcmd.c
inetutils-1.4.2/libinetutils/krcmd.c
inetutils-1.4.2/libinetutils/localhost.c
inetutils-1.4.2/libinetutils/logwtmpko.c
inetutils-1.4.2/libinetutils/setsig.c
inetutils-1.4.2/libinetutils/tftpsubs.c
inetutils-1.4.2/libinetutils/ttymsg.c
inetutils-1.4.2/libinetutils/xmalloc.c
inetutils-1.4.2/libinetutils/xstrdup.c
inetutils-1.4.2/libinetutils/xgetcwd.c
inetutils-1.4.2/libinetutils/utmp_init.c
inetutils-1.4.2/libinetutils/utmp_logout.c
inetutils-1.4.2/libtelnet/
inetutils-1.4.2/libtelnet/auth-proto.h
inetutils-1.4.2/libtelnet/auth.h
inetutils-1.4.2/libtelnet/enc-proto.h
inetutils-1.4.2/libtelnet/encrypt.h
inetutils-1.4.2/libtelnet/key-proto.h
inetutils-1.4.2/libtelnet/misc-proto.h
inetutils-1.4.2/libtelnet/misc.h
inetutils-1.4.2/libtelnet/ChangeLog
inetutils-1.4.2/libtelnet/Makefile.am
inetutils-1.4.2/libtelnet/Makefile.in
inetutils-1.4.2/libtelnet/auth.c
inetutils-1.4.2/libtelnet/enc_des.c
inetutils-1.4.2/libtelnet/encrypt.c
inetutils-1.4.2/libtelnet/forward.c
inetutils-1.4.2/libtelnet/genget.c
inetutils-1.4.2/libtelnet/getent.c
inetutils-1.4.2/libtelnet/kerberos.c
inetutils-1.4.2/libtelnet/kerberos5.c
inetutils-1.4.2/libtelnet/misc.c
inetutils-1.4.2/libtelnet/read_passwd.c
inetutils-1.4.2/glob/
inetutils-1.4.2/glob/COPYING.LIB
inetutils-1.4.2/glob/ChangeLog
inetutils-1.4.2/glob/Makefile.am
inetutils-1.4.2/glob/Makefile.in
inetutils-1.4.2/glob/configure.in
inetutils-1.4.2/glob/glob.c
inetutils-1.4.2/glob/glob.h
inetutils-1.4.2/glob/fnmatch.c
inetutils-1.4.2/glob/fnmatch.h
inetutils-1.4.2/glob/configure.bat
inetutils-1.4.2/glob/SMakefile
inetutils-1.4.2/inetd/
inetutils-1.4.2/inetd/ChangeLog
inetutils-1.4.2/inetd/Makefile.am
inetutils-1.4.2/inetd/Makefile.in
inetutils-1.4.2/inetd/TODO
inetutils-1.4.2/inetd/inetd.c
inetutils-1.4.2/inetd/inetd.8
inetutils-1.4.2/telnetd/
inetutils-1.4.2/telnetd/telnetd.h
inetutils-1.4.2/telnetd/ChangeLog
inetutils-1.4.2/telnetd/Makefile.am
inetutils-1.4.2/telnetd/Makefile.in
inetutils-1.4.2/telnetd/telnetd.c
inetutils-1.4.2/telnetd/pty.c
inetutils-1.4.2/telnetd/term.c
inetutils-1.4.2/telnetd/utility.c
inetutils-1.4.2/telnetd/state.c
inetutils-1.4.2/telnetd/termstat.c
inetutils-1.4.2/telnetd/slc.c
inetutils-1.4.2/telnetd/telnetd.8
inetutils-1.4.2/libls/
inetutils-1.4.2/libls/extern.h
inetutils-1.4.2/libls/ls.h
inetutils-1.4.2/libls/bsdport.h
inetutils-1.4.2/libls/fts.h
inetutils-1.4.2/libls/ChangeLog
inetutils-1.4.2/libls/Makefile.am
inetutils-1.4.2/libls/Makefile.in
inetutils-1.4.2/libls/cmp.c
inetutils-1.4.2/libls/stat_flags.c
inetutils-1.4.2/libls/ls.c
inetutils-1.4.2/libls/print.c
inetutils-1.4.2/libls/util.c
inetutils-1.4.2/libls/bsdport.c
inetutils-1.4.2/libls/fts.c
inetutils-1.4.2/libls/ls.1
inetutils-1.4.2/ftpd/
inetutils-1.4.2/ftpd/extern.h
inetutils-1.4.2/ftpd/ChangeLog
inetutils-1.4.2/ftpd/Makefile.am
inetutils-1.4.2/ftpd/Makefile.in
inetutils-1.4.2/ftpd/ftpcmd.c
inetutils-1.4.2/ftpd/ftpcmd.y
inetutils-1.4.2/ftpd/ftpd.c
inetutils-1.4.2/ftpd/logwtmp.c
inetutils-1.4.2/ftpd/popen.c
inetutils-1.4.2/ftpd/pam.c
inetutils-1.4.2/ftpd/auth.c
inetutils-1.4.2/ftpd/conf.c
inetutils-1.4.2/ftpd/server_mode.c
inetutils-1.4.2/ftpd/ftpd.8
inetutils-1.4.2/rshd/
inetutils-1.4.2/rshd/ChangeLog
inetutils-1.4.2/rshd/Makefile.am
inetutils-1.4.2/rshd/Makefile.in
inetutils-1.4.2/rshd/rshd.c
inetutils-1.4.2/rshd/rshd.8
inetutils-1.4.2/rlogind/
inetutils-1.4.2/rlogind/ChangeLog
inetutils-1.4.2/rlogind/Makefile.am
inetutils-1.4.2/rlogind/Makefile.in
inetutils-1.4.2/rlogind/rlogind.c
inetutils-1.4.2/rlogind/rlogind.8
inetutils-1.4.2/uucpd/
inetutils-1.4.2/uucpd/ChangeLog
inetutils-1.4.2/uucpd/Makefile.am
inetutils-1.4.2/uucpd/Makefile.in
inetutils-1.4.2/uucpd/uucpd.c
inetutils-1.4.2/rexecd/
inetutils-1.4.2/rexecd/ChangeLog
inetutils-1.4.2/rexecd/Makefile.am
inetutils-1.4.2/rexecd/Makefile.in
inetutils-1.4.2/rexecd/rexecd.c
inetutils-1.4.2/rexecd/rexecd.8
inetutils-1.4.2/syslogd/
inetutils-1.4.2/syslogd/ChangeLog
inetutils-1.4.2/syslogd/Makefile.am
inetutils-1.4.2/syslogd/Makefile.in
inetutils-1.4.2/syslogd/syslogd.c
inetutils-1.4.2/syslogd/syslog.conf.5
inetutils-1.4.2/syslogd/syslogd.8
inetutils-1.4.2/tftpd/
inetutils-1.4.2/tftpd/ChangeLog
inetutils-1.4.2/tftpd/Makefile.am
inetutils-1.4.2/tftpd/Makefile.in
inetutils-1.4.2/tftpd/tftpd.c
inetutils-1.4.2/tftpd/tftpd.8
inetutils-1.4.2/talkd/
inetutils-1.4.2/talkd/ChangeLog
inetutils-1.4.2/talkd/Makefile.am
inetutils-1.4.2/talkd/Makefile.in
inetutils-1.4.2/talkd/acl.c
inetutils-1.4.2/talkd/announce.c
inetutils-1.4.2/talkd/print.c
inetutils-1.4.2/talkd/process.c
inetutils-1.4.2/talkd/table.c
inetutils-1.4.2/talkd/talkd.c
inetutils-1.4.2/talkd/intalkd.h
inetutils-1.4.2/talkd/talkd.8
inetutils-1.4.2/telnet/
inetutils-1.4.2/telnet/defines.h
inetutils-1.4.2/telnet/externs.h
inetutils-1.4.2/telnet/fdset.h
inetutils-1.4.2/telnet/general.h
inetutils-1.4.2/telnet/ring.h
inetutils-1.4.2/telnet/types.h
inetutils-1.4.2/telnet/ChangeLog
inetutils-1.4.2/telnet/Makefile.am
inetutils-1.4.2/telnet/Makefile.in
inetutils-1.4.2/telnet/authenc.c
inetutils-1.4.2/telnet/commands.c
inetutils-1.4.2/telnet/main.c
inetutils-1.4.2/telnet/network.c
inetutils-1.4.2/telnet/ring.c
inetutils-1.4.2/telnet/sys_bsd.c
inetutils-1.4.2/telnet/telnet.c
inetutils-1.4.2/telnet/terminal.c
inetutils-1.4.2/telnet/tn3270.c
inetutils-1.4.2/telnet/utilities.c
inetutils-1.4.2/telnet/telnet.1
inetutils-1.4.2/ftp/
inetutils-1.4.2/ftp/extern.h
inetutils-1.4.2/ftp/ftp_var.h
inetutils-1.4.2/ftp/ChangeLog
inetutils-1.4.2/ftp/Makefile.am
inetutils-1.4.2/ftp/Makefile.in
inetutils-1.4.2/ftp/cmds.c
inetutils-1.4.2/ftp/cmdtab.c
inetutils-1.4.2/ftp/domacro.c
inetutils-1.4.2/ftp/ftp.c
inetutils-1.4.2/ftp/main.c
inetutils-1.4.2/ftp/ruserpass.c
inetutils-1.4.2/ftp/ftp.1
inetutils-1.4.2/rsh/
inetutils-1.4.2/rsh/ChangeLog
inetutils-1.4.2/rsh/Makefile.am
inetutils-1.4.2/rsh/Makefile.in
inetutils-1.4.2/rsh/rsh.c
inetutils-1.4.2/rsh/rsh.1
inetutils-1.4.2/rcp/
inetutils-1.4.2/rcp/extern.h
inetutils-1.4.2/rcp/ChangeLog
inetutils-1.4.2/rcp/Makefile.am
inetutils-1.4.2/rcp/Makefile.in
inetutils-1.4.2/rcp/rcp.c
inetutils-1.4.2/rcp/util.c
inetutils-1.4.2/rcp/rcp.1
inetutils-1.4.2/rlogin/
inetutils-1.4.2/rlogin/ChangeLog
inetutils-1.4.2/rlogin/Makefile.am
inetutils-1.4.2/rlogin/Makefile.in
inetutils-1.4.2/rlogin/rlogin.c
inetutils-1.4.2/rlogin/rlogin.1
inetutils-1.4.2/tftp/
inetutils-1.4.2/tftp/extern.h
inetutils-1.4.2/tftp/ChangeLog
inetutils-1.4.2/tftp/Makefile.am
inetutils-1.4.2/tftp/Makefile.in
inetutils-1.4.2/tftp/main.c
inetutils-1.4.2/tftp/tftp.c
inetutils-1.4.2/tftp/tftp.1
inetutils-1.4.2/logger/
inetutils-1.4.2/logger/ChangeLog
inetutils-1.4.2/logger/Makefile.am
inetutils-1.4.2/logger/Makefile.in
inetutils-1.4.2/logger/logger.c
inetutils-1.4.2/logger/logger.1
inetutils-1.4.2/gwhois/
inetutils-1.4.2/gwhois/README
inetutils-1.4.2/gwhois/data.h
inetutils-1.4.2/gwhois/as_del.h
inetutils-1.4.2/gwhois/ip_del.h
inetutils-1.4.2/gwhois/tld_serv.h
inetutils-1.4.2/gwhois/whois.h
inetutils-1.4.2/gwhois/ChangeLog
inetutils-1.4.2/gwhois/Makefile.am
inetutils-1.4.2/gwhois/Makefile.in
inetutils-1.4.2/gwhois/TODO
inetutils-1.4.2/gwhois/whois.c
inetutils-1.4.2/gwhois/as_del_list
inetutils-1.4.2/gwhois/ip_del_list
inetutils-1.4.2/gwhois/tld_serv_list
inetutils-1.4.2/gwhois/make_as_del.pl
inetutils-1.4.2/gwhois/make_ip_del.pl
inetutils-1.4.2/gwhois/make_tld_serv.pl
inetutils-1.4.2/talk/
inetutils-1.4.2/talk/talk.h
inetutils-1.4.2/talk/talk_ctl.h
inetutils-1.4.2/talk/ChangeLog
inetutils-1.4.2/talk/Makefile.am
inetutils-1.4.2/talk/Makefile.in
inetutils-1.4.2/talk/ctl.c
inetutils-1.4.2/talk/ctl_transact.c
inetutils-1.4.2/talk/display.c
inetutils-1.4.2/talk/get_addrs.c
inetutils-1.4.2/talk/get_names.c
inetutils-1.4.2/talk/init_disp.c
inetutils-1.4.2/talk/invite.c
inetutils-1.4.2/talk/io.c
inetutils-1.4.2/talk/look_up.c
inetutils-1.4.2/talk/msgs.c
inetutils-1.4.2/talk/talk.c
inetutils-1.4.2/talk/talk.1
inetutils-1.4.2/libicmp/
inetutils-1.4.2/libicmp/icmp.h
inetutils-1.4.2/libicmp/ping.h
inetutils-1.4.2/libicmp/ChangeLog
inetutils-1.4.2/libicmp/Makefile.am
inetutils-1.4.2/libicmp/Makefile.in
inetutils-1.4.2/libicmp/TODO
inetutils-1.4.2/libicmp/libping.c
inetutils-1.4.2/libicmp/icmp_echo.c
inetutils-1.4.2/libicmp/icmp_timestamp.c
inetutils-1.4.2/libicmp/icmp_address.c
inetutils-1.4.2/libicmp/icmp_cksum.c
inetutils-1.4.2/ping/
inetutils-1.4.2/ping/ChangeLog
inetutils-1.4.2/ping/Makefile.am
inetutils-1.4.2/ping/Makefile.in
inetutils-1.4.2/ping/TODO
inetutils-1.4.2/ping/ping.c
inetutils-1.4.2/ping/ping_echo.c
inetutils-1.4.2/ping/ping_address.c
inetutils-1.4.2/ping/ping_router.c
inetutils-1.4.2/ping/ping_timestamp.c
inetutils-1.4.2/ping/ping_impl.h
inetutils-1.4.2/ping/ping.8
inetutils-1.4.2/doc/
inetutils-1.4.2/doc/ftp.texi
inetutils-1.4.2/doc/ftpd.texi
inetutils-1.4.2/doc/inetd.texi
inetutils-1.4.2/doc/logger.texi
inetutils-1.4.2/doc/ping.texi
inetutils-1.4.2/doc/rlogin.texi
inetutils-1.4.2/doc/rlogind.texi
inetutils-1.4.2/doc/rcp.texi
inetutils-1.4.2/doc/rexecd.texi
inetutils-1.4.2/doc/rsh.texi
inetutils-1.4.2/doc/rshd.texi
inetutils-1.4.2/doc/syslogd.texi
inetutils-1.4.2/doc/talk.texi
inetutils-1.4.2/doc/talkd.texi
inetutils-1.4.2/doc/tftp.texi
inetutils-1.4.2/doc/ChangeLog
inetutils-1.4.2/doc/Makefile.am
inetutils-1.4.2/doc/Makefile.in
inetutils-1.4.2/doc/mdate-sh
inetutils-1.4.2/doc/stamp-vti
inetutils-1.4.2/doc/texinfo.tex
inetutils-1.4.2/doc/version.texi
inetutils-1.4.2/doc/inetutils.texi
inetutils-1.4.2/doc/rfc/
inetutils-1.4.2/doc/rfc/Makefile.am
inetutils-1.4.2/doc/rfc/Makefile.in
inetutils-1.4.2/doc/rfc/rfc1282.txt
inetutils-1.4.2/doc/inetutils.info
inetutils-1.4.2/doc/inetutils.info-1
inetutils-1.4.2/doc/inetutils.info-2
inetutils-1.4.2/doc/inetutils.info-3
