checking build system type... i686-pc-linux-gnu
checking host system type... i686-pc-linux-gnu
checking target system type... i686-pc-linux-gnu
checking for a BSD-compatible install... /usr/bin/install -c
checking whether build environment is sane... yes
checking for gawk... gawk
checking whether make sets $(MAKE)... yes
checking for style of include used by make... GNU
checking for gcc... gcc
checking for C compiler default output... a.out
checking whether the C compiler works... yes
checking whether we are cross compiling... no
checking for suffix of executables... 
checking for suffix of object files... o
checking whether we are using the GNU C compiler... yes
checking whether gcc accepts -g... yes
checking for gcc option to accept ANSI C... none needed
checking dependency style of gcc... gcc3
checking how to run the C preprocessor... gcc -E
checking for egrep... grep -E
checking for AIX... no
checking for ar... ar
checking for strerror in -lcposix... no
checking for ANSI C header files... yes
checking for sys/types.h... yes
checking for sys/stat.h... yes
checking for stdlib.h... yes
checking for string.h... yes
checking for memory.h... yes
checking for strings.h... yes
checking for inttypes.h... yes
checking for stdint.h... yes
checking for unistd.h... yes
checking minix/config.h usability... no
checking minix/config.h presence... no
checking for minix/config.h... no
checking for rm... /bin/rm
checking for gcc... (cached) gcc
checking whether we are using the GNU C compiler... (cached) yes
checking whether gcc accepts -g... (cached) yes
checking for gcc option to accept ANSI C... (cached) none needed
checking dependency style of gcc... (cached) gcc3
checking how to run the C preprocessor... gcc -E
checking for a BSD-compatible install... /usr/bin/install -c
checking whether make sets $(MAKE)... (cached) yes
checking for ranlib... ranlib
checking for bison... bison -y
checking for __P... yes
checking for revoke in -lbsd... no
checking for inet_ntoa in -lnsl... yes
checking for gethostname in -lresolv... yes
checking for getpeername in -lsocket... no
checking for opiegenerator in -lopie... no
checking for gzdopen in -lz... yes
checking for rl_bind_key in -lreadline... yes
checking for crypt in -lcrypt... yes
checking for initscr in -lncurses... yes
checking for ncurses include dir... none
checking for logout in -lutil... yes
checking for ANSI C header files... (cached) yes
checking whether time.h and sys/time.h may both be included... yes
checking for dirent.h that defines DIR... yes
checking for library containing opendir... none required
checking arpa/nameser.h usability... yes
checking arpa/nameser.h presence... yes
checking for arpa/nameser.h... yes
checking des.h usability... no
checking des.h presence... no
checking for des.h... no
checking errno.h usability... yes
checking errno.h presence... yes
checking for errno.h... yes
checking fcntl.h usability... yes
checking fcntl.h presence... yes
checking for fcntl.h... yes
checking features.h usability... yes
checking features.h presence... yes
checking for features.h... yes
checking glob.h usability... yes
checking glob.h presence... yes
checking for glob.h... yes
checking krb.h usability... no
checking krb.h presence... no
checking for krb.h... no
checking for memory.h... (cached) yes
checking malloc.h usability... yes
checking malloc.h presence... yes
checking for malloc.h... yes
checking netinet/in_systm.h usability... yes
checking netinet/in_systm.h presence... yes
checking for netinet/in_systm.h... yes
checking netinet/ip.h usability... yes
checking netinet/ip.h presence... yes
checking for netinet/ip.h... yes
checking netinet/ip_icmp.h usability... yes
checking netinet/ip_icmp.h presence... yes
checking for netinet/ip_icmp.h... yes
checking netinet/ip_var.h usability... no
checking netinet/ip_var.h presence... no
checking for netinet/ip_var.h... no
checking security/pam_appl.h usability... yes
checking security/pam_appl.h presence... yes
checking for security/pam_appl.h... yes
checking shadow.h usability... yes
checking shadow.h presence... yes
checking for shadow.h... yes
checking stdarg.h usability... yes
checking stdarg.h presence... yes
checking for stdarg.h... yes
checking for stdlib.h... (cached) yes
checking for string.h... (cached) yes
checking stropts.h usability... yes
checking stropts.h presence... yes
checking for stropts.h... yes
checking sys/tty.h usability... no
checking sys/tty.h presence... no
checking for sys/tty.h... no
checking sys/utsname.h usability... yes
checking sys/utsname.h presence... yes
checking for sys/utsname.h... yes
checking sys/ptyvar.h usability... no
checking sys/ptyvar.h presence... no
checking for sys/ptyvar.h... no
checking sys/msgbuf.h usability... no
checking sys/msgbuf.h presence... no
checking for sys/msgbuf.h... no
checking sys/filio.h usability... no
checking sys/filio.h presence... no
checking for sys/filio.h... no
checking sys/ioctl_compat.h usability... no
checking sys/ioctl_compat.h presence... no
checking for sys/ioctl_compat.h... no
checking sys/cdefs.h usability... yes
checking sys/cdefs.h presence... yes
checking for sys/cdefs.h... yes
checking sys/stream.h usability... no
checking sys/stream.h presence... no
checking for sys/stream.h... no
checking sys/mkdev.h usability... no
checking sys/mkdev.h presence... no
checking for sys/mkdev.h... no
checking sys/sockio.h usability... no
checking sys/sockio.h presence... no
checking for sys/sockio.h... no
checking sys/sysmacros.h usability... yes
checking sys/sysmacros.h presence... yes
checking for sys/sysmacros.h... yes
checking sys/param.h usability... yes
checking sys/param.h presence... yes
checking for sys/param.h... yes
checking sys/file.h usability... yes
checking sys/file.h presence... yes
checking for sys/file.h... yes
checking sys/proc.h usability... no
checking sys/proc.h presence... no
checking for sys/proc.h... no
checking sys/select.h usability... yes
checking sys/select.h presence... yes
checking for sys/select.h... yes
checking sys/time.h usability... yes
checking sys/time.h presence... yes
checking for sys/time.h... yes
checking sys/wait.h usability... yes
checking sys/wait.h presence... yes
checking for sys/wait.h... yes
checking sys/resource.h usability... yes
checking sys/resource.h presence... yes
checking for sys/resource.h... yes
checking for stropts.h... (cached) yes
checking tcpd.h usability... no
checking tcpd.h presence... no
checking for tcpd.h... no
checking termio.h usability... yes
checking termio.h presence... yes
checking for termio.h... yes
checking termios.h usability... yes
checking termios.h presence... yes
checking for termios.h... yes
checking utmp.h usability... yes
checking utmp.h presence... yes
checking for utmp.h... yes
checking utmpx.h usability... yes
checking utmpx.h presence... yes
checking for utmpx.h... yes
checking for unistd.h... (cached) yes
checking vis.h usability... no
checking vis.h presence... no
checking for vis.h... no
checking poll.h usability... yes
checking poll.h presence... yes
checking for poll.h... yes
checking return type of signal handlers... void
checking for struct osockaddr... yes
checking for struct if_nameindex... yes
checking for sig_t... yes
checking for sigset_t... yes
checking for sig_atomic_t... yes
checking for sa_family_t... yes
checking for cc_t... yes
checking for struct sockaddr_in.sin_len... no
checking for struct lastlog... yes
checking for struct utmp.ut_type... yes
checking for struct utmp.ut_pid... yes
checking for struct utmp.ut_id... yes
checking for struct utmp.ut_user... yes
checking for struct utmp.ut_host... yes
checking for struct utmp.ut_tv... yes
checking for struct utmp.ut_exit... yes
checking for struct utmpx.ut_tv... yes
checking for stuct ifreq.ifr_index... no
checking for struct ifreq.ifr_netmask... yes
checking for struct ifreq.ifr_broadaddr... yes
checking for struct sockaddr.sa_len... no
checking for struct hostent.h_addr_list... yes
checking for struct stat.st_blksize... yes
checking for gcc option to accept ANSI C... none needed
checking for function prototypes... yes
checking for ANSI C header files... (cached) yes
checking for string.h... (cached) yes
checking for an ANSI C-conforming const... yes
checking whether gcc weak references work... yes
checking whether pragma weak references work... yes
checking whether closedir returns void... no
checking for working alloca.h... yes
checking for alloca... yes
checking for function prototypes... yes
checking whether setvbuf arguments are reversed... no
checking for pid_t... yes
checking for unistd.h... (cached) yes
checking vfork.h usability... no
checking vfork.h presence... no
checking for vfork.h... no
checking for fork... yes
checking for vfork... yes
checking for working fork... yes
checking for working vfork... (cached) yes
checking for working strcoll... yes
checking for stdlib.h... (cached) yes
checking for unistd.h... (cached) yes
checking for getpagesize... yes
checking for working mmap... yes
checking for stdlib.h... (cached) yes
checking for GNU libc compatible malloc... yes
checking for stdlib.h... (cached) yes
checking for GNU libc compatible realloc... yes
checking for bcopy... yes
checking for bcmp... yes
checking for bzero... yes
checking for cfsetspeed... yes
checking for cgetent... no
checking for dirfd... yes
checking for fchdir... yes
checking for flock... yes
checking for fpathconf... yes
checking for ftruncate... yes
checking for getcwd... yes
checking for getmsg... yes
checking for getspnam... yes
checking for initgroups... yes
checking for initsetproctitle... no
checking for killpg... yes
checking for mkstemp... yes
checking for ptsname... yes
checking for setegid... yes
checking for seteuid... yes
checking for setpgid... yes
checking for setsid... yes
checking for setregid... yes
checking for setreuid... yes
checking for setresgid... yes
checking for setresuid... yes
checking for setutent_r... no
checking for sigaction... yes
checking for sigvec... yes
checking for strchr... yes
checking for setproctitle... no
checking for tcgetattr... yes
checking for tzset... yes
checking for utimes... yes
checking for utime... yes
checking for uname... yes
checking for updwtmp... yes
checking for updwtmpx... yes
checking for vhangup... yes
checking for wait3... yes
checking for wait4... yes
checking for getpass... yes
checking for getusershell... yes
checking for herror... yes
checking for memcmp... yes
checking for memcpy... yes
checking for memmove... yes
checking for memset... yes
checking for setenv... yes
checking for strdup... yes
checking for strcasecmp... yes
checking for strsignal... yes
checking for waitpid... yes
checking for poll... yes
checking for login... yes
checking for logout... yes
checking for logwtmp... yes
checking for openpty... yes
checking for forkpty... yes
checking for ruserok... yes
checking for iruserok... yes
checking for login_tty... yes
checking for crypt... yes
checking for revoke... no
checking for working re_compile_pattern... yes
checking for _obstack_free... yes
checking for setpgid... (cached) yes
checking for getopt_long... yes
checking for poll... (cached) yes
checking for verrx... yes
checking for __progname... yes
checking for snprintf... yes
checking for vsnprintf... yes
checking for strerror... yes
checking for hstrerror... yes
checking whether hstrerror is declared... yes
checking whether sys_siglist is declared... no
checking whether crypt is declared... no
checking for EWOULDBLOCK... yes
checking whether errno is declared... yes
checking for syslog internal macros... yes
checking for CODE... yes
checking whether prioritynames is declared... yes
checking whether fclose is declared... yes
checking whether pclose is declared... yes
checking whether getcwd is declared... yes
checking whether getlogin is declared... yes
checking whether getpass is declared... yes
checking whether getusershell is declared... yes
checking whether ttyname is declared... yes
checking whether strerror is declared... yes
checking whether strchr is declared... yes
checking whether getgrnam is declared... yes
checking whether initgroups is declared... yes
checking whether htons is declared... yes
checking whether environ is declared... no
checking for h_errno... yes
checking whether h_errno is declared... yes
checking for SEEK_ macros... yes
checking for _FILENO macros... yes
checking for fd_set macros... yes
checking paths.h usability... yes
checking paths.h presence... yes
checking for paths.h... yes
checking for value of PATH_BSHELL... from _PATH_BSHELL in <paths.h>
checking for value of PATH_CONSOLE... from _PATH_CONSOLE in <paths.h>
checking for value of PATH_CP... /bin/cp
checking for value of PATH_DEFPATH... from _PATH_DEFPATH in <paths.h>
checking for value of PATH_DEV... from _PATH_DEV in <paths.h>
checking for value of PATH_TTY_PFX... from _PATH_DEV in <paths.h>
checking for value of PATH_DEVNULL... from _PATH_DEVNULL in <paths.h>
checking for value of PATH_FTPLOGINMESG... (default) /etc/motd
checking for value of PATH_FTPUSERS... (default) $(sysconfdir)/ftpusers
checking for value of PATH_FTPCHROOT... (default) $(sysconfdir)/ftpchroot
checking for value of PATH_FTPWELCOME... (default) $(sysconfdir)/ftpwelcome
checking for value of PATH_FTPDPID... (default) $(localstatedir)/run/ftpd.pid
checking for value of PATH_INETDCONF... (default) $(sysconfdir)/inetd.conf
checking for value of PATH_INETDDIR... (default) $(sysconfdir)/inetd.d
checking for value of PATH_UTMP... from _PATH_UTMP in <paths.h>
checking for value of PATH_UTMPX... (default) $(localstatedir)/run/utmpx
checking for value of PATH_WTMP... from _PATH_WTMP in <paths.h>
checking for value of PATH_WTMPX... (default) $(localstatedir)/log/wtmpx
checking for value of PATH_LASTLOG... from _PATH_LASTLOG in <paths.h>
checking for value of PATH_LOG... from _PATH_LOG in <syslog.h>
checking for value of PATH_KLOG... from _PATH_KLOG in <paths.h>
checking for value of PATH_LOGCONF... (default) $(sysconfdir)/syslog.conf
checking for value of PATH_LOGIN... /bin/login
checking for value of PATH_LOGPID... (default) $(localstatedir)/run/syslog.pid
checking for value of PATH_NOLOGIN... from _PATH_NOLOGIN in <paths.h>
checking for value of PATH_RLOGIN... (default) $(bindir)/rlogin
checking for value of PATH_RSH... (default) $(bindir)/rsh
checking for value of PATH_TMP... from _PATH_TMP in <paths.h>
checking for value of PATH_TTY... from _PATH_TTY in <paths.h>
checking for value of PATH_UUCICO... (default) $(libexecdir)/uucp/uucico
checking for value of PATH_HEQUIV... from _PATH_HEQUIV in <netdb.h>
configure: creating ./config.status
config.status: creating Makefile
config.status: creating libinetutils/Makefile
config.status: creating libtelnet/Makefile
config.status: creating glob/Makefile
config.status: creating libicmp/Makefile
config.status: creating ping/Makefile
config.status: creating ftp/Makefile
config.status: creating ftpd/Makefile
config.status: creating inetd/Makefile
config.status: creating rcp/Makefile
config.status: creating rexecd/Makefile
config.status: creating rlogin/Makefile
config.status: creating rlogind/Makefile
config.status: creating rsh/Makefile
config.status: creating rshd/Makefile
config.status: creating logger/Makefile
config.status: creating syslogd/Makefile
config.status: creating talk/Makefile
config.status: creating talkd/Makefile
config.status: creating telnet/Makefile
config.status: creating telnetd/Makefile
config.status: creating tftp/Makefile
config.status: creating tftpd/Makefile
config.status: creating uucpd/Makefile
config.status: creating gwhois/Makefile
config.status: creating libls/Makefile
config.status: creating include/confpaths.h
config.status: creating headers/Makefile
config.status: creating doc/Makefile
config.status: creating doc/rfc/Makefile
config.status: creating config.h
config.status: linking ./glob/glob.h to include/glob.h
config.status: linking ./glob/fnmatch.h to include/fnmatch.h
config.status: linking ./headers/crypt.h to include/crypt.h
config.status: linking ./headers/arpa/telnet.h to include/arpa/telnet.h
config.status: linking ./headers/arpa/ftp.h to include/arpa/ftp.h
config.status: linking ./headers/arpa/tftp.h to include/arpa/tftp.h
config.status: linking ./headers/protocols/talkd.h to include/protocols/talkd.h
config.status: linking ./headers/tftpsubs.h to include/tftpsubs.h
config.status: executing depfiles commands
