dpkg-deb: building package `binutils-2.16.1' in `debian.deb'.
 new debian package, version 2.0.
 size 6237878 bytes: control archive= 997 bytes.
     280 bytes,    10 lines      control              
     789 bytes,    18 lines      copyright            
       6 bytes,     1 lines      debian-binary        
     110 bytes,     3 lines   *  postinst             #!/bin/bash
     108 bytes,     3 lines   *  postrm               #!/bin/bash
     111 bytes,     3 lines   *  preinst              #!/bin/bash
     109 bytes,     3 lines   *  prerm                #!/bin/bash
 Package: binutils-2.16.1
 Version: 2.16.1
 Section: unknown
 Priority: required
 Architecture: all
 Essential: no
 Depends: aaa-base
 Maintainer: Aethernet support team [support@aethernet.co.uk]
 Provides: binutils
 Description: Linker, assembler and other tools for handling object files
