lzo-2.02/
lzo-2.02/Makefile.am
lzo-2.02/COPYING
lzo-2.02/examples/
lzo-2.02/examples/portab_a.h
lzo-2.02/examples/Makefile.am
lzo-2.02/examples/simple.c
lzo-2.02/examples/Makefile.in
lzo-2.02/examples/precomp.c
lzo-2.02/examples/overlap.c
lzo-2.02/examples/dict.c
lzo-2.02/examples/precomp2.c
lzo-2.02/examples/portab.h
lzo-2.02/examples/lzopack.c
lzo-2.02/lzotest/
lzo-2.02/lzotest/mygetopt.h
lzo-2.02/lzotest/Makefile.am
lzo-2.02/lzotest/wrapmisc.h
lzo-2.02/lzotest/Makefile.in
lzo-2.02/lzotest/mygetopt.ch
lzo-2.02/lzotest/asm.h
lzo-2.02/lzotest/wrap.h
lzo-2.02/lzotest/lzotest.c
lzo-2.02/lzotest/db.h
lzo-2.02/autoconf/
lzo-2.02/autoconf/compile
lzo-2.02/autoconf/config.sub
lzo-2.02/autoconf/ltmain.sh
lzo-2.02/autoconf/depcomp
lzo-2.02/autoconf/shtool
lzo-2.02/autoconf/config.guess
lzo-2.02/autoconf/install-sh
lzo-2.02/autoconf/config.rpath
lzo-2.02/autoconf/ylwrap
lzo-2.02/autoconf/missing
lzo-2.02/autoconf/py-compile
lzo-2.02/autoconf/mkinstalldirs
lzo-2.02/autoconf/mdate-sh
lzo-2.02/configure
lzo-2.02/asm/
lzo-2.02/asm/i386/
lzo-2.02/asm/i386/obj/
lzo-2.02/asm/i386/obj/win32/
lzo-2.02/asm/i386/obj/win32/lzo1y_f1.obj
lzo-2.02/asm/i386/obj/win32/lzo1x_s1.obj
lzo-2.02/asm/i386/obj/win32/lzo1f_f1.obj
lzo-2.02/asm/i386/obj/win32/lzo1y_s1.obj
lzo-2.02/asm/i386/obj/win32/lzo1y_s2.obj
lzo-2.02/asm/i386/obj/win32/lzo1c_s2.obj
lzo-2.02/asm/i386/obj/win32/lzo1f_f2.obj
lzo-2.02/asm/i386/obj/win32/lzo1x_f2.obj
lzo-2.02/asm/i386/obj/win32/lzo1x_f1.obj
lzo-2.02/asm/i386/obj/win32/lzo1y_f2.obj
lzo-2.02/asm/i386/obj/win32/lzo1c_s1.obj
lzo-2.02/asm/i386/obj/win32/lzo1x_s2.obj
lzo-2.02/asm/i386/obj/elf32/
lzo-2.02/asm/i386/obj/elf32/lzo1c_s1.o
lzo-2.02/asm/i386/obj/elf32/lzo1y_s1.o
lzo-2.02/asm/i386/obj/elf32/lzo1x_f1.o
lzo-2.02/asm/i386/obj/elf32/lzo1x_s2.o
lzo-2.02/asm/i386/obj/elf32/lzo1c_s2.o
lzo-2.02/asm/i386/obj/elf32/lzo1f_f2.o
lzo-2.02/asm/i386/obj/elf32/lzo1y_f1.o
lzo-2.02/asm/i386/obj/elf32/lzo1x_f2.o
lzo-2.02/asm/i386/obj/elf32/lzo1y_f2.o
lzo-2.02/asm/i386/obj/elf32/lzo1y_s2.o
lzo-2.02/asm/i386/obj/elf32/lzo1f_f1.o
lzo-2.02/asm/i386/obj/elf32/lzo1x_s1.o
lzo-2.02/asm/i386/obj/coff32/
lzo-2.02/asm/i386/obj/coff32/lzo1c_s1.o
lzo-2.02/asm/i386/obj/coff32/lzo1y_s1.o
lzo-2.02/asm/i386/obj/coff32/lzo1x_f1.o
lzo-2.02/asm/i386/obj/coff32/lzo1x_s2.o
lzo-2.02/asm/i386/obj/coff32/lzo1c_s2.o
lzo-2.02/asm/i386/obj/coff32/lzo1f_f2.o
lzo-2.02/asm/i386/obj/coff32/lzo1y_f1.o
lzo-2.02/asm/i386/obj/coff32/lzo1x_f2.o
lzo-2.02/asm/i386/obj/coff32/lzo1y_f2.o
lzo-2.02/asm/i386/obj/coff32/lzo1y_s2.o
lzo-2.02/asm/i386/obj/coff32/lzo1f_f1.o
lzo-2.02/asm/i386/obj/coff32/lzo1x_s1.o
lzo-2.02/asm/i386/obj/omf32/
lzo-2.02/asm/i386/obj/omf32/lzo1y_f1.obj
lzo-2.02/asm/i386/obj/omf32/lzo1x_s1.obj
lzo-2.02/asm/i386/obj/omf32/lzo1f_f1.obj
lzo-2.02/asm/i386/obj/omf32/lzo1y_s1.obj
lzo-2.02/asm/i386/obj/omf32/lzo1y_s2.obj
lzo-2.02/asm/i386/obj/omf32/lzo1c_s2.obj
lzo-2.02/asm/i386/obj/omf32/lzo1f_f2.obj
lzo-2.02/asm/i386/obj/omf32/lzo1x_f2.obj
lzo-2.02/asm/i386/obj/omf32/lzo1x_f1.obj
lzo-2.02/asm/i386/obj/omf32/lzo1y_f2.obj
lzo-2.02/asm/i386/obj/omf32/lzo1c_s1.obj
lzo-2.02/asm/i386/obj/omf32/lzo1x_s2.obj
lzo-2.02/asm/i386/00README.TXT
lzo-2.02/asm/i386/src_nasm/
lzo-2.02/asm/i386/src_nasm/lzo1f_f2.asm
lzo-2.02/asm/i386/src_nasm/lzo1c_s1.asm
lzo-2.02/asm/i386/src_nasm/all/
lzo-2.02/asm/i386/src_nasm/all/asm_all.asm
lzo-2.02/asm/i386/src_nasm/lzo1y_s2.asm
lzo-2.02/asm/i386/src_nasm/lzo1y_f2.asm
lzo-2.02/asm/i386/src_nasm/lzo1f_f1.asm
lzo-2.02/asm/i386/src_nasm/lzo1x_s2.asm
lzo-2.02/asm/i386/src_nasm/asminit.def
lzo-2.02/asm/i386/src_nasm/lzo1x_f1.asm
lzo-2.02/asm/i386/src_nasm/lzo1y_f1.asm
lzo-2.02/asm/i386/src_nasm/lzo1y_s1.asm
lzo-2.02/asm/i386/src_nasm/lzo1c_s2.asm
lzo-2.02/asm/i386/src_nasm/lzo1x_f2.asm
lzo-2.02/asm/i386/src_nasm/lzo1x_s1.asm
lzo-2.02/asm/i386/src/
lzo-2.02/asm/i386/src/leave.ash
lzo-2.02/asm/i386/src/lzo1y_f2.S
lzo-2.02/asm/i386/src/lzo1c_s1.S
lzo-2.02/asm/i386/src/lzo1x_f1.S
lzo-2.02/asm/i386/src/enter.ash
lzo-2.02/asm/i386/src/lzo1y_f1.S
lzo-2.02/asm/i386/src/lzo1x_s2.S
lzo-2.02/asm/i386/src/lzo1c_d.ash
lzo-2.02/asm/i386/src/lzo1f_f2.S
lzo-2.02/asm/i386/src/lzo1x_d.ash
lzo-2.02/asm/i386/src/lzo1f_f1.S
lzo-2.02/asm/i386/src/lzo1x_s1.S
lzo-2.02/asm/i386/src/lzo_asm.h
lzo-2.02/asm/i386/src/lzo1c_s2.S
lzo-2.02/asm/i386/src/lzo1x_f2.S
lzo-2.02/asm/i386/src/lzo1f_d.ash
lzo-2.02/asm/i386/src/lzo1y_s1.S
lzo-2.02/asm/i386/src/lzo1y_s2.S
lzo-2.02/asm/i386/src_masm/
lzo-2.02/asm/i386/src_masm/lzo1f_f2.asm
lzo-2.02/asm/i386/src_masm/lzo1c_s1.asm
lzo-2.02/asm/i386/src_masm/all/
lzo-2.02/asm/i386/src_masm/all/asm_all.asm
lzo-2.02/asm/i386/src_masm/lzo1y_s2.asm
lzo-2.02/asm/i386/src_masm/lzo1y_f2.asm
lzo-2.02/asm/i386/src_masm/lzo1f_f1.asm
lzo-2.02/asm/i386/src_masm/lzo1x_s2.asm
lzo-2.02/asm/i386/src_masm/asminit.def
lzo-2.02/asm/i386/src_masm/lzo1x_f1.asm
lzo-2.02/asm/i386/src_masm/lzo1y_f1.asm
lzo-2.02/asm/i386/src_masm/lzo1y_s1.asm
lzo-2.02/asm/i386/src_masm/lzo1c_s2.asm
lzo-2.02/asm/i386/src_masm/lzo1x_f2.asm
lzo-2.02/asm/i386/src_masm/lzo1x_s1.asm
lzo-2.02/asm/i386/src_gas/
lzo-2.02/asm/i386/src_gas/lzo1y_f2.S
lzo-2.02/asm/i386/src_gas/lzo1c_s1.S
lzo-2.02/asm/i386/src_gas/all/
lzo-2.02/asm/i386/src_gas/all/asm_all.S
lzo-2.02/asm/i386/src_gas/asminit.def
lzo-2.02/asm/i386/src_gas/lzo1x_f1.S
lzo-2.02/asm/i386/src_gas/lzo1y_f1.S
lzo-2.02/asm/i386/src_gas/lzo1x_s2.S
lzo-2.02/asm/i386/src_gas/lzo1f_f2.S
lzo-2.02/asm/i386/src_gas/lzo1f_f1.S
lzo-2.02/asm/i386/src_gas/lzo1x_s1.S
lzo-2.02/asm/i386/src_gas/lzo1c_s2.S
lzo-2.02/asm/i386/src_gas/lzo1x_f2.S
lzo-2.02/asm/i386/src_gas/lzo1y_s1.S
lzo-2.02/asm/i386/src_gas/lzo1y_s2.S
lzo-2.02/NEWS
lzo-2.02/README
lzo-2.02/Makefile.in
lzo-2.02/doc/
lzo-2.02/doc/LZO.FAQ
lzo-2.02/doc/LZOTEST.TXT
lzo-2.02/doc/LZO.TXT
lzo-2.02/doc/LZOAPI.TXT
lzo-2.02/aclocal.m4
lzo-2.02/src/
lzo-2.02/src/stats1a.h
lzo-2.02/src/config1y.h
lzo-2.02/src/lzo1b_7.c
lzo-2.02/src/lzo1y_1.c
lzo-2.02/src/lzo1x_9x.c
lzo-2.02/src/lzo1_d.ch
lzo-2.02/src/lzo_crc.c
lzo-2.02/src/Makefile.am
lzo-2.02/src/lzo2a_d2.c
lzo-2.02/src/lzo1x_1k.c
lzo-2.02/src/compr1b.h
lzo-2.02/src/lzo1b_9.c
lzo-2.02/src/lzo1_99.c
lzo-2.02/src/lzo1y_d2.c
lzo-2.02/src/lzo1x_d3.c
lzo-2.02/src/lzo1b_5.c
lzo-2.02/src/config1z.h
lzo-2.02/src/lzo1c_7.c
lzo-2.02/src/lzo1a_99.c
lzo-2.02/src/lzo1b_c.ch
lzo-2.02/src/lzo_dict.h
lzo-2.02/src/Makefile.in
lzo-2.02/src/lzo1y_o.c
lzo-2.02/src/lzo1c_9x.c
lzo-2.02/src/lzo1b_3.c
lzo-2.02/src/lzo1x_d.ch
lzo-2.02/src/lzo1b_d2.c
lzo-2.02/src/lzo_dll.ch
lzo-2.02/src/lzo1b_4.c
lzo-2.02/src/lzo1c_xx.c
lzo-2.02/src/lzo1c_99.c
lzo-2.02/src/lzo1b_tm.ch
lzo-2.02/src/lzo_swd.ch
lzo-2.02/src/lzo_init.c
lzo-2.02/src/lzo1c_3.c
lzo-2.02/src/lzo1b_r.ch
lzo-2.02/src/lzo_ptr.h
lzo-2.02/src/lzo1x_c.ch
lzo-2.02/src/lzo1b_d1.c
lzo-2.02/src/miniacc.h
lzo-2.02/src/lzo1b_cc.h
lzo-2.02/src/lzo1c_8.c
lzo-2.02/src/lzo1b_99.c
lzo-2.02/src/lzo1c_cc.c
lzo-2.02/src/lzo1x_o.c
lzo-2.02/src/lzo1c_d1.c
lzo-2.02/src/lzo1y_d1.c
lzo-2.02/src/lzo1b_9x.c
lzo-2.02/src/stats1c.h
lzo-2.02/src/lzo1y_d3.c
lzo-2.02/src/lzo1_cm.ch
lzo-2.02/src/lzo_ptr.c
lzo-2.02/src/lzo1f_d2.c
lzo-2.02/src/lzo_conf.h
lzo-2.02/src/lzo2a_9x.c
lzo-2.02/src/lzo1z_d3.c
lzo-2.02/src/lzo1b_8.c
lzo-2.02/src/config1c.h
lzo-2.02/src/lzo1a.c
lzo-2.02/src/lzo1c_d2.c
lzo-2.02/src/config1a.h
lzo-2.02/src/lzo1f_1.c
lzo-2.02/src/lzo2a_d1.c
lzo-2.02/src/lzo1c_rr.c
lzo-2.02/src/lzo1b_cc.c
lzo-2.02/src/lzo_mchw.ch
lzo-2.02/src/lzo1b_6.c
lzo-2.02/src/lzo1y_9x.c
lzo-2.02/src/lzo1x_1l.c
lzo-2.02/src/lzo1x_oo.ch
lzo-2.02/src/lzo1c_5.c
lzo-2.02/src/lzo1f_9x.c
lzo-2.02/src/lzo1a_cm.ch
lzo-2.02/src/lzo1x_1.c
lzo-2.02/src/lzo1b_rr.c
lzo-2.02/src/lzo1b_2.c
lzo-2.02/src/lzo1z_d2.c
lzo-2.02/src/lzo1x_d2.c
lzo-2.02/src/lzo1b_cm.ch
lzo-2.02/src/lzo1z_d1.c
lzo-2.02/src/config1b.h
lzo-2.02/src/lzo1x_d1.c
lzo-2.02/src/lzo_util.c
lzo-2.02/src/lzo1a_cr.ch
lzo-2.02/src/lzo1b_xx.c
lzo-2.02/src/config1f.h
lzo-2.02/src/lzo_str.c
lzo-2.02/src/lzo1c_cc.h
lzo-2.02/src/lzo1f_d1.c
lzo-2.02/src/lzo1b_cr.ch
lzo-2.02/src/lzo1z_9x.c
lzo-2.02/src/lzo1c_6.c
lzo-2.02/src/compr1c.h
lzo-2.02/src/config1.h
lzo-2.02/src/lzo1.c
lzo-2.02/src/lzo1c_1.c
lzo-2.02/src/config2a.h
lzo-2.02/src/lzo1c_2.c
lzo-2.02/src/lzo1c_9.c
lzo-2.02/src/lzo1b_1.c
lzo-2.02/src/lzo2a_d.ch
lzo-2.02/src/lzo1b_d.ch
lzo-2.02/src/lzo1b_de.h
lzo-2.02/src/stats1b.h
lzo-2.02/src/lzo1b_sm.ch
lzo-2.02/src/config1x.h
lzo-2.02/src/lzo1c_4.c
lzo-2.02/src/lzo1x_1o.c
lzo-2.02/src/lzo1f_d.ch
lzo-2.02/src/lzo1a_de.h
lzo-2.02/util/
lzo-2.02/util/shortf.pl
lzo-2.02/util/uncompr.pl
lzo-2.02/util/overlap.sh
lzo-2.02/util/checkasm.sh
lzo-2.02/util/table.pl
lzo-2.02/util/check.sh
lzo-2.02/util/notime.pl
lzo-2.02/include/
lzo-2.02/include/Makefile.am
lzo-2.02/include/Makefile.in
lzo-2.02/include/lzo/
lzo-2.02/include/lzo/lzodefs.h
lzo-2.02/include/lzo/Makefile.am
lzo-2.02/include/lzo/lzo1b.h
lzo-2.02/include/lzo/Makefile.in
lzo-2.02/include/lzo/lzo1y.h
lzo-2.02/include/lzo/lzoconf.h
lzo-2.02/include/lzo/lzo1.h
lzo-2.02/include/lzo/lzo_asm.h
lzo-2.02/include/lzo/lzoutil.h
lzo-2.02/include/lzo/lzo1z.h
lzo-2.02/include/lzo/lzo1f.h
lzo-2.02/include/lzo/lzo2a.h
lzo-2.02/include/lzo/lzo1x.h
lzo-2.02/include/lzo/lzo1c.h
lzo-2.02/include/lzo/lzo1a.h
lzo-2.02/config.hin
lzo-2.02/BUGS
lzo-2.02/tests/
lzo-2.02/tests/Makefile.am
lzo-2.02/tests/align.c
lzo-2.02/tests/Makefile.in
lzo-2.02/tests/promote.c
lzo-2.02/tests/sizes.c
lzo-2.02/tests/chksum.c
lzo-2.02/THANKS
lzo-2.02/AUTHORS
lzo-2.02/INSTALL
lzo-2.02/configure.ac
lzo-2.02/ChangeLog
lzo-2.02/minilzo/
lzo-2.02/minilzo/Makefile.am
lzo-2.02/minilzo/Makefile.in
lzo-2.02/minilzo/README.LZO
lzo-2.02/minilzo/testmini.c
lzo-2.02/minilzo/Makefile.minilzo
lzo-2.02/minilzo/minilzo.h
lzo-2.02/minilzo/minilzo.c
lzo-2.02/B/
lzo-2.02/B/clean.bat
lzo-2.02/B/done.bat
lzo-2.02/B/00README.TXT
lzo-2.02/B/os2_16/
lzo-2.02/B/os2_16/mc.bat
lzo-2.02/B/os2_16/wc.bat
lzo-2.02/B/win16/
lzo-2.02/B/win16/vc.bat
lzo-2.02/B/win16/bc.bat
lzo-2.02/B/win16/mc.bat
lzo-2.02/B/win16/wc.bat
lzo-2.02/B/win16/dm.bat
lzo-2.02/B/win16/sc.bat
lzo-2.02/B/win32/
lzo-2.02/B/win32/vc.bat
lzo-2.02/B/win32/pellesc.bat
lzo-2.02/B/win32/rsxnt.bat
lzo-2.02/B/win32/cygwin.rsp
lzo-2.02/B/win32/vc_dll.def
lzo-2.02/B/win32/ic.bat
lzo-2.02/B/win32/vc_dll.bat
lzo-2.02/B/win32/mingw.bat
lzo-2.02/B/win32/bc.bat
lzo-2.02/B/win32/pgi.bat
lzo-2.02/B/win32/cygwin.bat
lzo-2.02/B/win32/bc.rsp
lzo-2.02/B/win32/wc.bat
lzo-2.02/B/win32/lccwin32.bat
lzo-2.02/B/win32/pw32.bat
lzo-2.02/B/win32/dm.bat
lzo-2.02/B/win32/wc.rsp
lzo-2.02/B/win32/mwerks.bat
lzo-2.02/B/win32/vc.rsp
lzo-2.02/B/win32/sc.bat
lzo-2.02/B/win64/
lzo-2.02/B/win64/vc.bat
lzo-2.02/B/win64/vc_dll.def
lzo-2.02/B/win64/ic.bat
lzo-2.02/B/win64/ic_dll.bat
lzo-2.02/B/win64/vc_dll.bat
lzo-2.02/B/win64/vc.rsp
lzo-2.02/B/unset.bat
lzo-2.02/B/prepare.bat
lzo-2.02/B/generic/
lzo-2.02/B/generic/build.sh
lzo-2.02/B/generic/build_freestanding.sh
lzo-2.02/B/generic/build_gcc.sh
lzo-2.02/B/generic/Makefile
lzo-2.02/B/generic/clean.sh
lzo-2.02/B/src.rsp
lzo-2.02/B/os2/
lzo-2.02/B/os2/emx.bat
lzo-2.02/B/os2/zc.bat
lzo-2.02/B/os2/wc.bat
lzo-2.02/B/dos32/
lzo-2.02/B/dos32/highc.bat
lzo-2.02/B/dos32/dj2.bat
lzo-2.02/B/dos32/dj2.opt
lzo-2.02/B/dos32/emx.bat
lzo-2.02/B/dos32/zc.bat
lzo-2.02/B/dos32/wc.bat
lzo-2.02/B/dos32/ndp.bat
lzo-2.02/B/dos32/highc.rsp
lzo-2.02/B/dos32/dm.bat
lzo-2.02/B/dos32/ndp.rsp
lzo-2.02/B/dos32/bc_pp.bat
lzo-2.02/B/dos32/sc.bat
lzo-2.02/B/dos16/
lzo-2.02/B/dos16/vc.bat
lzo-2.02/B/dos16/qc.bat
lzo-2.02/B/dos16/bc.bat
lzo-2.02/B/dos16/mc_qc.bat
lzo-2.02/B/dos16/mc.bat
lzo-2.02/B/dos16/vc_qc.bat
lzo-2.02/B/dos16/bc.rsp
lzo-2.02/B/dos16/wc.bat
lzo-2.02/B/dos16/tc.bat
lzo-2.02/B/dos16/dm.bat
lzo-2.02/B/dos16/wc.rsp
lzo-2.02/B/dos16/bc_pp.bat
lzo-2.02/B/dos16/sc.bat
lzo-2.02/B/dos16/bc_286.bat
