configure: Configuring LZO 2.02
checking build system type... i686-pc-linux-gnu
checking host system type... i686-pc-linux-gnu
checking target system type... i686-pc-linux-gnu
checking whether to enable maintainer-specific portions of Makefiles... no
checking for gcc... gcc
checking for C compiler default output file name... a.out
checking whether the C compiler works... yes
checking whether we are cross compiling... no
checking for suffix of executables... 
checking for suffix of object files... o
checking whether we are using the GNU C compiler... yes
checking whether gcc accepts -g... yes
checking for gcc option to accept ANSI C... none needed
checking how to run the C preprocessor... gcc -E
checking whether the C preprocessor needs special flags... none needed
checking for an ANSI C-conforming const... yes
checking whether byte ordering is bigendian... no
checking for special C compiler options needed for large files... no
checking for _FILE_OFFSET_BITS value needed for large files... 64
checking for _LARGE_FILES value needed for large files... no
checking for a BSD-compatible install... /usr/bin/install -c
checking whether build environment is sane... yes
checking for gawk... gawk
checking whether make sets $(MAKE)... yes
checking for style of include used by make... GNU
checking dependency style of gcc... gcc3
checking for a sed that does not truncate output... /bin/sed
checking for egrep... grep -E
checking for ld used by gcc... /usr/bin/ld
checking if the linker (/usr/bin/ld) is GNU ld... yes
checking for /usr/bin/ld option to reload object files... -r
checking for BSD-compatible nm... /usr/bin/nm -B
checking whether ln -s works... yes
checking how to recognise dependent libraries... pass_all
checking for ANSI C header files... yes
checking for sys/types.h... yes
checking for sys/stat.h... yes
checking for stdlib.h... yes
checking for string.h... yes
checking for memory.h... yes
checking for strings.h... yes
checking for inttypes.h... yes
checking for stdint.h... yes
checking for unistd.h... yes
checking dlfcn.h usability... yes
checking dlfcn.h presence... yes
checking for dlfcn.h... yes
checking for g++... g++
checking whether we are using the GNU C++ compiler... yes
checking whether g++ accepts -g... yes
checking dependency style of g++... gcc3
checking how to run the C++ preprocessor... g++ -E
checking for g77... no
checking for f77... no
checking for xlf... no
checking for frt... no
checking for pgf77... no
checking for fort77... no
checking for fl32... no
checking for af77... no
checking for f90... no
checking for xlf90... no
checking for pgf90... no
checking for epcf90... no
checking for f95... no
checking for fort... no
checking for xlf95... no
checking for ifc... no
checking for efc... no
checking for pgf95... no
checking for lf95... no
checking for gfortran... no
checking whether we are using the GNU Fortran 77 compiler... no
checking whether  accepts -g... no
checking the maximum length of command line arguments... 32768
checking command to parse /usr/bin/nm -B output from gcc object... ok
checking for objdir... .libs
checking for ar... ar
checking for ranlib... ranlib
checking for strip... strip
checking if gcc static flag  works... yes
checking if gcc supports -fno-rtti -fno-exceptions... no
checking for gcc option to produce PIC... -fPIC
checking if gcc PIC flag -fPIC works... yes
checking if gcc supports -c -o file.o... yes
checking whether the gcc linker (/usr/bin/ld) supports shared libraries... yes
checking whether -lc should be explicitly linked in... no
checking dynamic linker characteristics... GNU/Linux ld.so
checking how to hardcode library paths into programs... immediate
checking whether stripping libraries is possible... yes
checking if libtool supports shared libraries... yes
checking whether to build shared libraries... yes
checking whether to build static libraries... yes
configure: creating libtool
appending configuration tag "CXX" to libtool
checking for ld used by g++... /usr/bin/ld
checking if the linker (/usr/bin/ld) is GNU ld... yes
checking whether the g++ linker (/usr/bin/ld) supports shared libraries... yes
checking for g++ option to produce PIC... -fPIC
checking if g++ PIC flag -fPIC works... yes
checking if g++ supports -c -o file.o... yes
checking whether the g++ linker (/usr/bin/ld) supports shared libraries... yes
checking dynamic linker characteristics... GNU/Linux ld.so
checking how to hardcode library paths into programs... immediate
checking whether stripping libraries is possible... yes
appending configuration tag "F77" to libtool
checking whether to build assembly versions... yes
checking whether time.h and sys/time.h may both be included... yes
checking assert.h usability... yes
checking assert.h presence... yes
checking for assert.h... yes
checking ctype.h usability... yes
checking ctype.h presence... yes
checking for ctype.h... yes
checking dirent.h usability... yes
checking dirent.h presence... yes
checking for dirent.h... yes
checking errno.h usability... yes
checking errno.h presence... yes
checking for errno.h... yes
checking fcntl.h usability... yes
checking fcntl.h presence... yes
checking for fcntl.h... yes
checking float.h usability... yes
checking float.h presence... yes
checking for float.h... yes
checking limits.h usability... yes
checking limits.h presence... yes
checking for limits.h... yes
checking malloc.h usability... yes
checking malloc.h presence... yes
checking for malloc.h... yes
checking for memory.h... (cached) yes
checking setjmp.h usability... yes
checking setjmp.h presence... yes
checking for setjmp.h... yes
checking signal.h usability... yes
checking signal.h presence... yes
checking for signal.h... yes
checking stdarg.h usability... yes
checking stdarg.h presence... yes
checking for stdarg.h... yes
checking stddef.h usability... yes
checking stddef.h presence... yes
checking for stddef.h... yes
checking for stdint.h... (cached) yes
checking stdio.h usability... yes
checking stdio.h presence... yes
checking for stdio.h... yes
checking for stdlib.h... (cached) yes
checking for string.h... (cached) yes
checking for strings.h... (cached) yes
checking time.h usability... yes
checking time.h presence... yes
checking for time.h... yes
checking for unistd.h... (cached) yes
checking utime.h usability... yes
checking utime.h presence... yes
checking for utime.h... yes
checking for sys/stat.h... (cached) yes
checking sys/time.h usability... yes
checking sys/time.h presence... yes
checking for sys/time.h... yes
checking for sys/types.h... (cached) yes
checking sys/wait.h usability... yes
checking sys/wait.h presence... yes
checking for sys/wait.h... yes
checking whether limits.h is sane... yes
checking for off_t... yes
checking for ptrdiff_t... yes
checking for size_t... yes
checking return type of signal handlers... void
checking for short... yes
checking size of short... 2
checking for int... yes
checking size of int... 4
checking for long... yes
checking size of long... 4
checking for long long... yes
checking size of long long... 8
checking for __int16... no
checking size of __int16... 0
checking for __int32... no
checking size of __int32... 0
checking for __int64... no
checking size of __int64... 0
checking for void *... yes
checking size of void *... 4
checking for size_t... (cached) yes
checking size of size_t... 4
checking for ptrdiff_t... (cached) yes
checking size of ptrdiff_t... 4
checking for __int32... (cached) no
checking size of __int32... (cached) 0
checking for intmax_t... yes
checking size of intmax_t... 8
checking for uintmax_t... yes
checking size of uintmax_t... 8
checking for intptr_t... yes
checking size of intptr_t... 4
checking for uintptr_t... yes
checking size of uintptr_t... 4
checking for float... yes
checking size of float... 4
checking for double... yes
checking size of double... 8
checking for long double... yes
checking size of long double... 12
checking for dev_t... yes
checking size of dev_t... 8
checking for fpos_t... yes
checking size of fpos_t... 16
checking for mode_t... yes
checking size of mode_t... 4
checking for off_t... (cached) yes
checking size of off_t... 8
checking for ssize_t... yes
checking size of ssize_t... 4
checking for time_t... yes
checking size of time_t... 4
checking for access... yes
checking for alloca... no
checking for atexit... yes
checking for atoi... yes
checking for atol... yes
checking for chmod... yes
checking for chown... yes
checking for ctime... yes
checking for difftime... yes
checking for fstat... yes
checking for gettimeofday... yes
checking for gmtime... yes
checking for localtime... yes
checking for longjmp... yes
checking for lstat... yes
checking for memcmp... yes
checking for memcpy... yes
checking for memmove... yes
checking for memset... yes
checking for mktime... yes
checking for qsort... yes
checking for raise... yes
checking for setjmp... yes
checking for signal... yes
checking for snprintf... yes
checking for strcasecmp... yes
checking for strchr... yes
checking for strdup... yes
checking for strerror... yes
checking for strftime... yes
checking for stricmp... no
checking for strncasecmp... yes
checking for strnicmp... no
checking for strrchr... yes
checking for strstr... yes
checking for time... yes
checking for umask... yes
checking for utime... yes
checking for vsnprintf... yes
checking whether your compiler passes the ACC conformance test... yes
configure: creating ./config.status
config.status: creating Makefile
config.status: creating examples/Makefile
config.status: creating include/Makefile
config.status: creating include/lzo/Makefile
config.status: creating lzotest/Makefile
config.status: creating minilzo/Makefile
config.status: creating src/Makefile
config.status: creating tests/Makefile
config.status: creating config.h
config.status: executing depfiles commands

   LZO configuration summary
   -------------------------
   LZO version                : 2.02
   configured for host        : i686-pc-linux-gnu
   source code location       : .
   compiler                   : gcc
   preprocessor flags         : -DLZO_HAVE_CONFIG_H -DLZO_USE_ASM
   compiler flags             : -g -O2
   build static library       : yes
   build shared library       : yes
   enable i386 assembly code  : yes [asm/i386/src_gas]


   LZO 2.02 configured.

   Copyright (C) 1996-2005 Markus Franz Xaver Johannes Oberhumer
   All Rights Reserved.

   The LZO library is free software; you can redistribute it and/or
   modify it under the terms of the GNU General Public License,
   version 2, as published by the Free Software Foundation.

   The LZO library is distributed in the hope that it will be useful,
   but WITHOUT ANY WARRANTY; without even the implied warranty of
   MERCHANTABILITY or FITNESS FOR A PARTICULAR PURPOSE.  See the
   GNU General Public License for more details.

   Markus F.X.J. Oberhumer
   <markus@oberhumer.com>
   http://www.oberhumer.com/opensource/lzo/


Type `make' to build LZO. Type `make install' to install LZO.
After installing LZO, please read the accompanied documentation.

