Usage: configure [options] [host]
Options: [defaults in brackets after descriptions]
Configuration:
  --cache-file=FILE       cache test results in FILE
  --help                  print this message
  --no-create             do not create output files
  --quiet, --silent       do not print `checking...' messages
  --version               print the version of autoconf that created configure
Directory and file names:
  --prefix=PREFIX         install architecture-independent files in PREFIX
                          [/usr/local]
  --exec-prefix=EPREFIX   install architecture-dependent files in EPREFIX
                          [same as prefix]
  --bindir=DIR            user executables in DIR [EPREFIX/bin]
  --sbindir=DIR           system admin executables in DIR [EPREFIX/sbin]
  --libexecdir=DIR        program executables in DIR [EPREFIX/libexec]
  --datadir=DIR           read-only architecture-independent data in DIR
                          [PREFIX/share]
  --sysconfdir=DIR        read-only single-machine data in DIR [PREFIX/etc]
  --sharedstatedir=DIR    modifiable architecture-independent data in DIR
                          [PREFIX/com]
  --localstatedir=DIR     modifiable single-machine data in DIR [PREFIX/var]
  --libdir=DIR            object code libraries in DIR [EPREFIX/lib]
  --includedir=DIR        C header files in DIR [PREFIX/include]
  --oldincludedir=DIR     C header files for non-gcc in DIR [/usr/include]
  --infodir=DIR           info documentation in DIR [PREFIX/info]
  --mandir=DIR            man documentation in DIR [PREFIX/man]
  --srcdir=DIR            find the sources in DIR [configure dir or ..]
  --program-prefix=PREFIX prepend PREFIX to installed program names
  --program-suffix=SUFFIX append SUFFIX to installed program names
  --program-transform-name=PROGRAM
                          run sed PROGRAM on installed program names
Host type:
  --build=BUILD           configure for building on BUILD [BUILD=HOST]
  --host=HOST             configure for HOST [guessed]
  --target=TARGET         configure for TARGET [TARGET=HOST]
Features and packages:
  --disable-FEATURE       do not include FEATURE (same as --enable-FEATURE=no)
  --enable-FEATURE[=ARG]  include FEATURE [ARG=yes]
  --with-PACKAGE[=ARG]    use PACKAGE [ARG=yes]
  --without-PACKAGE       do not use PACKAGE (same as --with-PACKAGE=no)
  --x-includes=DIR        X include files are in DIR
  --x-libraries=DIR       X library files are in DIR
--enable and --with options recognized:
  --enable-libada        Builds libada directory
  --with-mpfr-dir=PATH    Specify source directory for MPFR library
  --with-mpfr=PATH        Specify directory for installed MPFR library
  --with-gmp-dir=PATH     Specify source directory for GMP library
  --with-gmp=PATH         Specify directory for installed GMP library
  --enable-bootstrap[=lean]     Enable bootstrapping [no]
  --enable-serial-[{host,target,build}-]configure
                          Force sequential configuration of
                          sub-packages for the host, target or build
			  machine, or all sub-packages
  --enable-maintainer-mode enable make rules and dependencies not useful
                          (and sometimes confusing) to the casual installer
  --enable-werror         enable -Werror in bootstrap stage2 and later
