create hard link `usr/bin/cc' to `usr/bin/gcc'
removed `usr/share/info/dir'
removed `usr/share/locale/da/LC_MESSAGES/gcc.mo'
removed `usr/share/locale/da/LC_MESSAGES/cpplib.mo'
removed directory: `usr/share/locale/da/LC_MESSAGES'
removed directory: `usr/share/locale/da'
removed `usr/share/locale/el/LC_MESSAGES/gcc.mo'
removed `usr/share/locale/el/LC_MESSAGES/cpplib.mo'
removed directory: `usr/share/locale/el/LC_MESSAGES'
removed directory: `usr/share/locale/el'
removed `usr/share/locale/nl/LC_MESSAGES/gcc.mo'
removed `usr/share/locale/nl/LC_MESSAGES/cpplib.mo'
removed directory: `usr/share/locale/nl/LC_MESSAGES'
removed directory: `usr/share/locale/nl'
removed `usr/share/locale/de/LC_MESSAGES/gcc.mo'
removed `usr/share/locale/de/LC_MESSAGES/cpplib.mo'
removed directory: `usr/share/locale/de/LC_MESSAGES'
removed directory: `usr/share/locale/de'
removed `usr/share/locale/zh_CN/LC_MESSAGES/gcc.mo'
removed directory: `usr/share/locale/zh_CN/LC_MESSAGES'
removed directory: `usr/share/locale/zh_CN'
removed `usr/share/locale/vi/LC_MESSAGES/cpplib.mo'
removed directory: `usr/share/locale/vi/LC_MESSAGES'
removed directory: `usr/share/locale/vi'
removed `usr/share/locale/ja/LC_MESSAGES/gcc.mo'
removed `usr/share/locale/ja/LC_MESSAGES/cpplib.mo'
removed directory: `usr/share/locale/ja/LC_MESSAGES'
removed directory: `usr/share/locale/ja'
removed `usr/share/locale/be/LC_MESSAGES/gcc.mo'
removed `usr/share/locale/be/LC_MESSAGES/cpplib.mo'
removed directory: `usr/share/locale/be/LC_MESSAGES'
removed directory: `usr/share/locale/be'
removed `usr/share/locale/es/LC_MESSAGES/gcc.mo'
removed `usr/share/locale/es/LC_MESSAGES/cpplib.mo'
removed directory: `usr/share/locale/es/LC_MESSAGES'
removed directory: `usr/share/locale/es'
removed `usr/share/locale/ca/LC_MESSAGES/gcc.mo'
removed `usr/share/locale/ca/LC_MESSAGES/cpplib.mo'
removed directory: `usr/share/locale/ca/LC_MESSAGES'
removed directory: `usr/share/locale/ca'
removed `usr/share/locale/rw/LC_MESSAGES/gcc.mo'
removed `usr/share/locale/rw/LC_MESSAGES/cpplib.mo'
removed directory: `usr/share/locale/rw/LC_MESSAGES'
removed directory: `usr/share/locale/rw'
removed `usr/share/locale/sv/LC_MESSAGES/gcc.mo'
removed `usr/share/locale/sv/LC_MESSAGES/cpplib.mo'
removed directory: `usr/share/locale/sv/LC_MESSAGES'
removed directory: `usr/share/locale/sv'
removed `usr/share/locale/tr/LC_MESSAGES/gcc.mo'
removed `usr/share/locale/tr/LC_MESSAGES/cpplib.mo'
removed directory: `usr/share/locale/tr/LC_MESSAGES'
removed directory: `usr/share/locale/tr'
removed `usr/share/locale/fr/LC_MESSAGES/gcc.mo'
removed `usr/share/locale/fr/LC_MESSAGES/cpplib.mo'
removed directory: `usr/share/locale/fr/LC_MESSAGES'
removed directory: `usr/share/locale/fr'
removed directory: `usr/share/locale'
