dpkg-deb: building package `gcc-4.0.3' in `debian.deb'.
 new debian package, version 2.0.
 size 27774934 bytes: control archive= 991 bytes.
     293 bytes,    12 lines      control              
     789 bytes,    18 lines      copyright            
       6 bytes,     1 lines      debian-binary        
     110 bytes,     3 lines   *  postinst             #!/bin/bash
     108 bytes,     3 lines   *  postrm               #!/bin/bash
     111 bytes,     3 lines   *  preinst              #!/bin/bash
     109 bytes,     3 lines   *  prerm                #!/bin/bash
 Package: gcc-4.0.3
 Version: 4.0.3
 Section: unknown
 Priority: required
 Architecture: all
 Essential: no
 Depends: aaa-base
 Conflicts: gcc-runtime-4.0.3
 Replaces: gcc-runtime-4.0.3
 Maintainer: Aethernet support team [support@aethernet.co.uk]
 Provides: gcc
 Description: The GNU compiler collection
