findutils-4.2.27/
findutils-4.2.27/gnulib/
findutils-4.2.27/gnulib/m4/
findutils-4.2.27/gnulib/m4/alloca.m4
findutils-4.2.27/gnulib/m4/atexit.m4
findutils-4.2.27/gnulib/m4/canonicalize.m4
findutils-4.2.27/gnulib/m4/closeout.m4
findutils-4.2.27/gnulib/m4/codeset.m4
findutils-4.2.27/gnulib/m4/d-ino.m4
findutils-4.2.27/gnulib/m4/dirname.m4
findutils-4.2.27/gnulib/m4/dos.m4
findutils-4.2.27/gnulib/m4/error.m4
findutils-4.2.27/gnulib/m4/exitfail.m4
findutils-4.2.27/gnulib/m4/extensions.m4
findutils-4.2.27/gnulib/m4/fileblocks.m4
findutils-4.2.27/gnulib/m4/filemode.m4
findutils-4.2.27/gnulib/m4/filenamecat.m4
findutils-4.2.27/gnulib/m4/fnmatch.m4
findutils-4.2.27/gnulib/m4/fpending.m4
findutils-4.2.27/gnulib/m4/fstypename.m4
findutils-4.2.27/gnulib/m4/getcwd-path-max.m4
findutils-4.2.27/gnulib/m4/getcwd.m4
findutils-4.2.27/gnulib/m4/getdelim.m4
findutils-4.2.27/gnulib/m4/getline.m4
findutils-4.2.27/gnulib/m4/getopt.m4
findutils-4.2.27/gnulib/m4/gettext.m4
findutils-4.2.27/gnulib/m4/gnulib-comp.m4
findutils-4.2.27/gnulib/m4/human.m4
findutils-4.2.27/gnulib/m4/iconv.m4
findutils-4.2.27/gnulib/m4/idcache.m4
findutils-4.2.27/gnulib/m4/intmax_t.m4
findutils-4.2.27/gnulib/m4/inttypes_h.m4
findutils-4.2.27/gnulib/m4/lib-ld.m4
findutils-4.2.27/gnulib/m4/lib-link.m4
findutils-4.2.27/gnulib/m4/lib-prefix.m4
findutils-4.2.27/gnulib/m4/longlong.m4
findutils-4.2.27/gnulib/m4/ls-mntd-fs.m4
findutils-4.2.27/gnulib/m4/lstat.m4
findutils-4.2.27/gnulib/m4/mbchar.m4
findutils-4.2.27/gnulib/m4/mbiter.m4
findutils-4.2.27/gnulib/m4/mbrtowc.m4
findutils-4.2.27/gnulib/m4/mbstate_t.m4
findutils-4.2.27/gnulib/m4/memchr.m4
findutils-4.2.27/gnulib/m4/memcmp.m4
findutils-4.2.27/gnulib/m4/mempcpy.m4
findutils-4.2.27/gnulib/m4/memset.m4
findutils-4.2.27/gnulib/m4/mktime.m4
findutils-4.2.27/gnulib/m4/modechange.m4
findutils-4.2.27/gnulib/m4/mountlist.m4
findutils-4.2.27/gnulib/m4/nls.m4
findutils-4.2.27/gnulib/m4/onceonly_2_57.m4
findutils-4.2.27/gnulib/m4/pathmax.m4
findutils-4.2.27/gnulib/m4/po.m4
findutils-4.2.27/gnulib/m4/progtest.m4
findutils-4.2.27/gnulib/m4/quote.m4
findutils-4.2.27/gnulib/m4/quotearg.m4
findutils-4.2.27/gnulib/m4/readlink.m4
findutils-4.2.27/gnulib/m4/regex.m4
findutils-4.2.27/gnulib/m4/restrict.m4
findutils-4.2.27/gnulib/m4/rpmatch.m4
findutils-4.2.27/gnulib/m4/savedir.m4
findutils-4.2.27/gnulib/m4/ssize_t.m4
findutils-4.2.27/gnulib/m4/stat-macros.m4
findutils-4.2.27/gnulib/m4/stdbool.m4
findutils-4.2.27/gnulib/m4/stdint_h.m4
findutils-4.2.27/gnulib/m4/stdio-safer.m4
findutils-4.2.27/gnulib/m4/stpcpy.m4
findutils-4.2.27/gnulib/m4/strdup.m4
findutils-4.2.27/gnulib/m4/strftime.m4
findutils-4.2.27/gnulib/m4/strstr.m4
findutils-4.2.27/gnulib/m4/strtoimax.m4
findutils-4.2.27/gnulib/m4/strtol.m4
findutils-4.2.27/gnulib/m4/strtoll.m4
findutils-4.2.27/gnulib/m4/strtoul.m4
findutils-4.2.27/gnulib/m4/strtoull.m4
findutils-4.2.27/gnulib/m4/strtoumax.m4
findutils-4.2.27/gnulib/m4/time_r.m4
findutils-4.2.27/gnulib/m4/tm_gmtoff.m4
findutils-4.2.27/gnulib/m4/uintmax_t.m4
findutils-4.2.27/gnulib/m4/ulonglong.m4
findutils-4.2.27/gnulib/m4/unistd-safer.m4
findutils-4.2.27/gnulib/m4/xalloc.m4
findutils-4.2.27/gnulib/m4/xgetcwd.m4
findutils-4.2.27/gnulib/m4/xreadlink.m4
findutils-4.2.27/gnulib/m4/xstrtol.m4
findutils-4.2.27/gnulib/m4/xstrtoumax.m4
findutils-4.2.27/gnulib/m4/yesno.m4
findutils-4.2.27/gnulib/Makefile.am
findutils-4.2.27/gnulib/Makefile.in
findutils-4.2.27/gnulib/lib/
findutils-4.2.27/gnulib/lib/Makefile.am
findutils-4.2.27/gnulib/lib/Makefile.in
findutils-4.2.27/gnulib/lib/__fpending.c
findutils-4.2.27/gnulib/lib/__fpending.h
findutils-4.2.27/gnulib/lib/alloca.c
findutils-4.2.27/gnulib/lib/atexit.c
findutils-4.2.27/gnulib/lib/canonicalize.c
findutils-4.2.27/gnulib/lib/canonicalize.h
findutils-4.2.27/gnulib/lib/closeout.c
findutils-4.2.27/gnulib/lib/closeout.h
findutils-4.2.27/gnulib/lib/dirname.c
findutils-4.2.27/gnulib/lib/dirname.h
findutils-4.2.27/gnulib/lib/dup-safer.c
findutils-4.2.27/gnulib/lib/error.c
findutils-4.2.27/gnulib/lib/error.h
findutils-4.2.27/gnulib/lib/exitfail.c
findutils-4.2.27/gnulib/lib/exitfail.h
findutils-4.2.27/gnulib/lib/fd-safer.c
findutils-4.2.27/gnulib/lib/fileblocks.c
findutils-4.2.27/gnulib/lib/filemode.c
findutils-4.2.27/gnulib/lib/filemode.h
findutils-4.2.27/gnulib/lib/filenamecat.c
findutils-4.2.27/gnulib/lib/filenamecat.h
findutils-4.2.27/gnulib/lib/fnmatch.c
findutils-4.2.27/gnulib/lib/fopen-safer.c
findutils-4.2.27/gnulib/lib/getcwd.c
findutils-4.2.27/gnulib/lib/getcwd.h
findutils-4.2.27/gnulib/lib/getdelim.c
findutils-4.2.27/gnulib/lib/getdelim.h
findutils-4.2.27/gnulib/lib/getline.c
findutils-4.2.27/gnulib/lib/getline.h
findutils-4.2.27/gnulib/lib/getopt.c
findutils-4.2.27/gnulib/lib/getopt1.c
findutils-4.2.27/gnulib/lib/human.c
findutils-4.2.27/gnulib/lib/human.h
findutils-4.2.27/gnulib/lib/idcache.c
findutils-4.2.27/gnulib/lib/intprops.h
findutils-4.2.27/gnulib/lib/lstat.c
findutils-4.2.27/gnulib/lib/malloc.c
findutils-4.2.27/gnulib/lib/memchr.c
findutils-4.2.27/gnulib/lib/memcmp.c
findutils-4.2.27/gnulib/lib/mempcpy.c
findutils-4.2.27/gnulib/lib/mempcpy.h
findutils-4.2.27/gnulib/lib/memset.c
findutils-4.2.27/gnulib/lib/mktime.c
findutils-4.2.27/gnulib/lib/modechange.c
findutils-4.2.27/gnulib/lib/modechange.h
findutils-4.2.27/gnulib/lib/mountlist.c
findutils-4.2.27/gnulib/lib/mountlist.h
findutils-4.2.27/gnulib/lib/pathmax.h
findutils-4.2.27/gnulib/lib/pipe-safer.c
findutils-4.2.27/gnulib/lib/quote.c
findutils-4.2.27/gnulib/lib/quote.h
findutils-4.2.27/gnulib/lib/quotearg.c
findutils-4.2.27/gnulib/lib/quotearg.h
findutils-4.2.27/gnulib/lib/readlink.c
findutils-4.2.27/gnulib/lib/realloc.c
findutils-4.2.27/gnulib/lib/regcomp.c
findutils-4.2.27/gnulib/lib/regex.c
findutils-4.2.27/gnulib/lib/regex.h
findutils-4.2.27/gnulib/lib/regex_internal.c
findutils-4.2.27/gnulib/lib/regex_internal.h
findutils-4.2.27/gnulib/lib/regexec.c
findutils-4.2.27/gnulib/lib/rpmatch.c
findutils-4.2.27/gnulib/lib/savedir.c
findutils-4.2.27/gnulib/lib/savedir.h
findutils-4.2.27/gnulib/lib/stat-macros.h
findutils-4.2.27/gnulib/lib/stdio--.h
findutils-4.2.27/gnulib/lib/stdio-safer.h
findutils-4.2.27/gnulib/lib/stpcpy.c
findutils-4.2.27/gnulib/lib/strdup.c
findutils-4.2.27/gnulib/lib/strdup.h
findutils-4.2.27/gnulib/lib/strftime.c
findutils-4.2.27/gnulib/lib/strftime.h
findutils-4.2.27/gnulib/lib/strstr.c
findutils-4.2.27/gnulib/lib/strtoimax.c
findutils-4.2.27/gnulib/lib/strtol.c
findutils-4.2.27/gnulib/lib/strtoll.c
findutils-4.2.27/gnulib/lib/strtoul.c
findutils-4.2.27/gnulib/lib/strtoull.c
findutils-4.2.27/gnulib/lib/strtoumax.c
findutils-4.2.27/gnulib/lib/time_r.c
findutils-4.2.27/gnulib/lib/unistd--.h
findutils-4.2.27/gnulib/lib/unistd-safer.h
findutils-4.2.27/gnulib/lib/xalloc.h
findutils-4.2.27/gnulib/lib/xgetcwd.c
findutils-4.2.27/gnulib/lib/xgetcwd.h
findutils-4.2.27/gnulib/lib/xmalloc.c
findutils-4.2.27/gnulib/lib/xstrtol.c
findutils-4.2.27/gnulib/lib/xstrtol.h
findutils-4.2.27/gnulib/lib/xstrtoul.c
findutils-4.2.27/gnulib/lib/yesno.c
findutils-4.2.27/gnulib/lib/yesno.h
findutils-4.2.27/gnulib/lib/argmatch.h
findutils-4.2.27/gnulib/lib/argmatch.c
findutils-4.2.27/gnulib/lib/cycle-check.c
findutils-4.2.27/gnulib/lib/cycle-check.h
findutils-4.2.27/gnulib/lib/dev-ino.h
findutils-4.2.27/gnulib/lib/basename.c
findutils-4.2.27/gnulib/lib/stripslash.c
findutils-4.2.27/gnulib/lib/exit.h
findutils-4.2.27/gnulib/lib/gettext.h
findutils-4.2.27/gnulib/lib/mbchar.h
findutils-4.2.27/gnulib/lib/mbchar.c
findutils-4.2.27/gnulib/lib/mbuiter.h
findutils-4.2.27/gnulib/lib/stpcpy.h
findutils-4.2.27/gnulib/lib/strnlen1.h
findutils-4.2.27/gnulib/lib/strnlen1.c
findutils-4.2.27/gnulib/lib/strstr.h
findutils-4.2.27/gnulib/lib/time_r.h
findutils-4.2.27/gnulib/lib/xalloc-die.c
findutils-4.2.27/gnulib/lib/xreadlink.h
findutils-4.2.27/gnulib/lib/xreadlink.c
findutils-4.2.27/gnulib/lib/xstrtoumax.c
findutils-4.2.27/gnulib/lib/alloca_.h
findutils-4.2.27/gnulib/lib/fnmatch_.h
findutils-4.2.27/gnulib/lib/fnmatch_loop.c
findutils-4.2.27/gnulib/lib/getopt_.h
findutils-4.2.27/gnulib/lib/getopt_int.h
findutils-4.2.27/gnulib/lib/stdbool_.h
findutils-4.2.27/m4/
findutils-4.2.27/m4/findlib.m4
findutils-4.2.27/m4/nullsort.m4
findutils-4.2.27/m4/Makefile.am
findutils-4.2.27/m4/Makefile.in
findutils-4.2.27/m4/order-bad.bin
findutils-4.2.27/m4/order-good.bin
findutils-4.2.27/po/
findutils-4.2.27/po/Makefile.in.in
findutils-4.2.27/po/remove-potcdate.sin
findutils-4.2.27/po/quot.sed
findutils-4.2.27/po/boldquot.sed
findutils-4.2.27/po/en@quot.header
findutils-4.2.27/po/en@boldquot.header
findutils-4.2.27/po/insert-header.sin
findutils-4.2.27/po/Rules-quot
findutils-4.2.27/po/Makevars
findutils-4.2.27/po/POTFILES.in
findutils-4.2.27/po/be.po
findutils-4.2.27/po/ca.po
findutils-4.2.27/po/da.po
findutils-4.2.27/po/de.po
findutils-4.2.27/po/el.po
findutils-4.2.27/po/eo.po
findutils-4.2.27/po/es.po
findutils-4.2.27/po/et.po
findutils-4.2.27/po/fi.po
findutils-4.2.27/po/fr.po
findutils-4.2.27/po/ga.po
findutils-4.2.27/po/gl.po
findutils-4.2.27/po/hr.po
findutils-4.2.27/po/hu.po
findutils-4.2.27/po/id.po
findutils-4.2.27/po/it.po
findutils-4.2.27/po/ja.po
findutils-4.2.27/po/ko.po
findutils-4.2.27/po/lg.po
findutils-4.2.27/po/ms.po
findutils-4.2.27/po/nl.po
findutils-4.2.27/po/pl.po
findutils-4.2.27/po/pt.po
findutils-4.2.27/po/pt_BR.po
findutils-4.2.27/po/ro.po
findutils-4.2.27/po/ru.po
findutils-4.2.27/po/sk.po
findutils-4.2.27/po/sl.po
findutils-4.2.27/po/sr.po
findutils-4.2.27/po/sv.po
findutils-4.2.27/po/tr.po
findutils-4.2.27/po/vi.po
findutils-4.2.27/po/zh_CN.po
findutils-4.2.27/po/zh_TW.po
findutils-4.2.27/po/rw.po
findutils-4.2.27/po/be.gmo
findutils-4.2.27/po/ca.gmo
findutils-4.2.27/po/da.gmo
findutils-4.2.27/po/de.gmo
findutils-4.2.27/po/el.gmo
findutils-4.2.27/po/eo.gmo
findutils-4.2.27/po/es.gmo
findutils-4.2.27/po/et.gmo
findutils-4.2.27/po/fi.gmo
findutils-4.2.27/po/fr.gmo
findutils-4.2.27/po/ga.gmo
findutils-4.2.27/po/gl.gmo
findutils-4.2.27/po/hr.gmo
findutils-4.2.27/po/hu.gmo
findutils-4.2.27/po/id.gmo
findutils-4.2.27/po/it.gmo
findutils-4.2.27/po/ja.gmo
findutils-4.2.27/po/ko.gmo
findutils-4.2.27/po/lg.gmo
findutils-4.2.27/po/ms.gmo
findutils-4.2.27/po/nl.gmo
findutils-4.2.27/po/pl.gmo
findutils-4.2.27/po/pt.gmo
findutils-4.2.27/po/pt_BR.gmo
findutils-4.2.27/po/ro.gmo
findutils-4.2.27/po/ru.gmo
findutils-4.2.27/po/sk.gmo
findutils-4.2.27/po/sl.gmo
findutils-4.2.27/po/sr.gmo
findutils-4.2.27/po/sv.gmo
findutils-4.2.27/po/tr.gmo
findutils-4.2.27/po/vi.gmo
findutils-4.2.27/po/zh_CN.gmo
findutils-4.2.27/po/zh_TW.gmo
findutils-4.2.27/po/rw.gmo
findutils-4.2.27/po/findutils.pot
findutils-4.2.27/po/stamp-po
findutils-4.2.27/po/ChangeLog
findutils-4.2.27/README
findutils-4.2.27/configure.in
findutils-4.2.27/aclocal.m4
findutils-4.2.27/Makefile.am
findutils-4.2.27/Makefile.in
findutils-4.2.27/config.h.in
findutils-4.2.27/configure
findutils-4.2.27/ABOUT-NLS
findutils-4.2.27/AUTHORS
findutils-4.2.27/COPYING
findutils-4.2.27/ChangeLog
findutils-4.2.27/INSTALL
findutils-4.2.27/NEWS
findutils-4.2.27/README-alpha
findutils-4.2.27/THANKS
findutils-4.2.27/TODO
findutils-4.2.27/config.guess
findutils-4.2.27/config.rpath
findutils-4.2.27/config.sub
findutils-4.2.27/depcomp
findutils-4.2.27/install-sh
findutils-4.2.27/ltmain.sh
findutils-4.2.27/missing
findutils-4.2.27/mkinstalldirs
findutils-4.2.27/stamp-h.in
findutils-4.2.27/lib/
findutils-4.2.27/lib/Makefile.am
findutils-4.2.27/lib/Makefile.in
findutils-4.2.27/lib/modetype.h
findutils-4.2.27/lib/nextelem.h
findutils-4.2.27/lib/printquoted.h
findutils-4.2.27/lib/listfile.h
findutils-4.2.27/lib/regextype.h
findutils-4.2.27/lib/listfile.c
findutils-4.2.27/lib/nextelem.c
findutils-4.2.27/lib/extendbuf.c
findutils-4.2.27/lib/buildcmd.c
findutils-4.2.27/lib/savedirinfo.c
findutils-4.2.27/lib/forcefindlib.c
findutils-4.2.27/lib/qmark.c
findutils-4.2.27/lib/printquoted.c
findutils-4.2.27/lib/regextype.c
findutils-4.2.27/lib/regexprops.c
findutils-4.2.27/lib/wait.h
findutils-4.2.27/lib/extendbuf.h
findutils-4.2.27/lib/savedirinfo.h
findutils-4.2.27/lib/buildcmd.h
findutils-4.2.27/lib/waitpid.c
findutils-4.2.27/find/
findutils-4.2.27/find/Makefile.am
findutils-4.2.27/find/Makefile.in
findutils-4.2.27/find/find.c
findutils-4.2.27/find/fstype.c
findutils-4.2.27/find/parser.c
findutils-4.2.27/find/pred.c
findutils-4.2.27/find/tree.c
findutils-4.2.27/find/util.c
findutils-4.2.27/find/version.c
findutils-4.2.27/find/defs.h
findutils-4.2.27/find/find.1
findutils-4.2.27/find/testsuite/
findutils-4.2.27/find/testsuite/config/
findutils-4.2.27/find/testsuite/config/unix.exp
findutils-4.2.27/find/testsuite/find.gnu/
findutils-4.2.27/find/testsuite/find.gnu/comma.exp
findutils-4.2.27/find/testsuite/find.gnu/delete.exp
findutils-4.2.27/find/testsuite/find.gnu/depth.exp
findutils-4.2.27/find/testsuite/find.gnu/depth-d.exp
findutils-4.2.27/find/testsuite/find.gnu/empty.exp
findutils-4.2.27/find/testsuite/find.gnu/execdir-one.exp
findutils-4.2.27/find/testsuite/find.gnu/execdir-root-only.exp
findutils-4.2.27/find/testsuite/find.gnu/exec-many-rtn-failure.exp
findutils-4.2.27/find/testsuite/find.gnu/exec-many-rtn-success.exp
findutils-4.2.27/find/testsuite/find.gnu/exec-one-rtn-fail.exp
findutils-4.2.27/find/testsuite/find.gnu/exec-one-rtn-success.exp
findutils-4.2.27/find/testsuite/find.gnu/follow-basic.exp
findutils-4.2.27/find/testsuite/find.gnu/false.exp
findutils-4.2.27/find/testsuite/find.gnu/gnuand.exp
findutils-4.2.27/find/testsuite/find.gnu/gnunot.exp
findutils-4.2.27/find/testsuite/find.gnu/gnu-or.exp
findutils-4.2.27/find/testsuite/find.gnu/ilname.exp
findutils-4.2.27/find/testsuite/find.gnu/iname.exp
findutils-4.2.27/find/testsuite/find.gnu/inum.exp
findutils-4.2.27/find/testsuite/find.gnu/ipath.exp
findutils-4.2.27/find/testsuite/find.gnu/iregex1.exp
findutils-4.2.27/find/testsuite/find.gnu/iwholename.exp
findutils-4.2.27/find/testsuite/find.gnu/lname.exp
findutils-4.2.27/find/testsuite/find.gnu/name-opt.exp
findutils-4.2.27/find/testsuite/find.gnu/name-period.exp
findutils-4.2.27/find/testsuite/find.gnu/path.exp
findutils-4.2.27/find/testsuite/find.gnu/print0.exp
findutils-4.2.27/find/testsuite/find.gnu/perm.exp
findutils-4.2.27/find/testsuite/find.gnu/perm-slash.exp
findutils-4.2.27/find/testsuite/find.gnu/posix-dflt.exp
findutils-4.2.27/find/testsuite/find.gnu/posix-h.exp
findutils-4.2.27/find/testsuite/find.gnu/posix-l.exp
findutils-4.2.27/find/testsuite/find.gnu/printf.exp
findutils-4.2.27/find/testsuite/find.gnu/printf-symlink.exp
findutils-4.2.27/find/testsuite/find.gnu/printf-h.exp
findutils-4.2.27/find/testsuite/find.gnu/prune-default-print.exp
findutils-4.2.27/find/testsuite/find.gnu/regex1.exp
findutils-4.2.27/find/testsuite/find.gnu/regex2.exp
findutils-4.2.27/find/testsuite/find.gnu/samefile-copy.exp
findutils-4.2.27/find/testsuite/find.gnu/samefile-link.exp
findutils-4.2.27/find/testsuite/find.gnu/samefile-same.exp
findutils-4.2.27/find/testsuite/find.gnu/samefile-symlink.exp
findutils-4.2.27/find/testsuite/find.gnu/true.exp
findutils-4.2.27/find/testsuite/find.gnu/wholename.exp
findutils-4.2.27/find/testsuite/find.gnu/xtype-symlink.exp
findutils-4.2.27/find/testsuite/find.gnu/sv-bug-12230.exp
findutils-4.2.27/find/testsuite/find.gnu/quit.exp
findutils-4.2.27/find/testsuite/find.gnu/xtype.exp
findutils-4.2.27/find/testsuite/find.gnu/follow-arg-parent-symlink.exp
findutils-4.2.27/find/testsuite/find.gnu/comma.xo
findutils-4.2.27/find/testsuite/find.gnu/delete.xo
findutils-4.2.27/find/testsuite/find.gnu/depth.xo
findutils-4.2.27/find/testsuite/find.gnu/depth-d.xo
findutils-4.2.27/find/testsuite/find.gnu/empty.xo
findutils-4.2.27/find/testsuite/find.gnu/execdir-one.xo
findutils-4.2.27/find/testsuite/find.gnu/execdir-root-only.xo
findutils-4.2.27/find/testsuite/find.gnu/exec-many-rtn-failure.xo
findutils-4.2.27/find/testsuite/find.gnu/exec-many-rtn-success.xo
findutils-4.2.27/find/testsuite/find.gnu/exec-one-rtn-fail.xo
findutils-4.2.27/find/testsuite/find.gnu/exec-one-rtn-success.xo
findutils-4.2.27/find/testsuite/find.gnu/false.xo
findutils-4.2.27/find/testsuite/find.gnu/follow-basic.xo
findutils-4.2.27/find/testsuite/find.gnu/gnuand.xo
findutils-4.2.27/find/testsuite/find.gnu/gnunot.xo
findutils-4.2.27/find/testsuite/find.gnu/gnu-or.xo
findutils-4.2.27/find/testsuite/find.gnu/ilname.xo
findutils-4.2.27/find/testsuite/find.gnu/iname.xo
findutils-4.2.27/find/testsuite/find.gnu/inum.xo
findutils-4.2.27/find/testsuite/find.gnu/ipath.xo
findutils-4.2.27/find/testsuite/find.gnu/iregex1.xo
findutils-4.2.27/find/testsuite/find.gnu/iwholename.xo
findutils-4.2.27/find/testsuite/find.gnu/lname.xo
findutils-4.2.27/find/testsuite/find.gnu/name-opt.xo
findutils-4.2.27/find/testsuite/find.gnu/name-period.xo
findutils-4.2.27/find/testsuite/find.gnu/path.xo
findutils-4.2.27/find/testsuite/find.gnu/perm.xo
findutils-4.2.27/find/testsuite/find.gnu/perm-slash.xo
findutils-4.2.27/find/testsuite/find.gnu/posix-dflt.xo
findutils-4.2.27/find/testsuite/find.gnu/posix-h.xo
findutils-4.2.27/find/testsuite/find.gnu/posix-l.xo
findutils-4.2.27/find/testsuite/find.gnu/printf-symlink.xo
findutils-4.2.27/find/testsuite/find.gnu/printf-h.xo
findutils-4.2.27/find/testsuite/find.gnu/printf.xo
findutils-4.2.27/find/testsuite/find.gnu/print0.xo
findutils-4.2.27/find/testsuite/find.gnu/prune-default-print.xo
findutils-4.2.27/find/testsuite/find.gnu/regex1.xo
findutils-4.2.27/find/testsuite/find.gnu/regex2.xo
findutils-4.2.27/find/testsuite/find.gnu/samefile-copy.xo
findutils-4.2.27/find/testsuite/find.gnu/samefile-link.xo
findutils-4.2.27/find/testsuite/find.gnu/samefile-same.xo
findutils-4.2.27/find/testsuite/find.gnu/samefile-symlink.xo
findutils-4.2.27/find/testsuite/find.gnu/true.xo
findutils-4.2.27/find/testsuite/find.gnu/wholename.xo
findutils-4.2.27/find/testsuite/find.gnu/xtype-symlink.xo
findutils-4.2.27/find/testsuite/find.gnu/quit.xo
findutils-4.2.27/find/testsuite/find.gnu/xtype.xo
findutils-4.2.27/find/testsuite/find.gnu/follow-arg-parent-symlink.xo
findutils-4.2.27/find/testsuite/find.posix/
findutils-4.2.27/find/testsuite/find.posix/links.exp
findutils-4.2.27/find/testsuite/find.posix/sv-bug-11175.exp
findutils-4.2.27/find/testsuite/find.posix/sv-bug-12181.exp
findutils-4.2.27/find/testsuite/find.posix/depth1.exp
findutils-4.2.27/find/testsuite/find.posix/sizes.exp
findutils-4.2.27/find/testsuite/find.posix/name.exp
findutils-4.2.27/find/testsuite/find.posix/perm-vanilla.exp
findutils-4.2.27/find/testsuite/find.posix/posixnot.exp
findutils-4.2.27/find/testsuite/find.posix/prune.exp
findutils-4.2.27/find/testsuite/find.posix/grouping.exp
findutils-4.2.27/find/testsuite/find.posix/and.exp
findutils-4.2.27/find/testsuite/find.posix/exec-one.exp
findutils-4.2.27/find/testsuite/find.posix/links.xo
findutils-4.2.27/find/testsuite/find.posix/sv-bug-11175.xo
findutils-4.2.27/find/testsuite/find.posix/sv-bug-12181.xo
findutils-4.2.27/find/testsuite/find.posix/depth1.xo
findutils-4.2.27/find/testsuite/find.posix/sizes.xo
findutils-4.2.27/find/testsuite/find.posix/name.xo
findutils-4.2.27/find/testsuite/find.posix/perm-vanilla.xo
findutils-4.2.27/find/testsuite/find.posix/prune.xo
findutils-4.2.27/find/testsuite/find.posix/posixnot.xo
findutils-4.2.27/find/testsuite/find.posix/grouping.xo
findutils-4.2.27/find/testsuite/find.posix/and.xo
findutils-4.2.27/find/testsuite/find.posix/exec-one.xo
findutils-4.2.27/find/testsuite/Makefile.am
findutils-4.2.27/find/testsuite/Makefile.in
findutils-4.2.27/xargs/
findutils-4.2.27/xargs/Makefile.am
findutils-4.2.27/xargs/Makefile.in
findutils-4.2.27/xargs/xargs.c
findutils-4.2.27/xargs/xargs.1
findutils-4.2.27/xargs/testsuite/
findutils-4.2.27/xargs/testsuite/config/
findutils-4.2.27/xargs/testsuite/config/unix.exp
findutils-4.2.27/xargs/testsuite/inputs/
findutils-4.2.27/xargs/testsuite/inputs/16383-ys.xi
findutils-4.2.27/xargs/testsuite/inputs/32767-ys.xi
findutils-4.2.27/xargs/testsuite/inputs/blank.xi
findutils-4.2.27/xargs/testsuite/inputs/eof_-0.xi
findutils-4.2.27/xargs/testsuite/inputs/EOFb.xi
findutils-4.2.27/xargs/testsuite/inputs/EOFe.xi
findutils-4.2.27/xargs/testsuite/inputs/eofstr.xi
findutils-4.2.27/xargs/testsuite/inputs/eof_.xi
findutils-4.2.27/xargs/testsuite/inputs/eof1.xi
findutils-4.2.27/xargs/testsuite/inputs/EOF.xi
findutils-4.2.27/xargs/testsuite/inputs/ett.xi
findutils-4.2.27/xargs/testsuite/inputs/files0.xi
findutils-4.2.27/xargs/testsuite/inputs/files.xi
findutils-4.2.27/xargs/testsuite/inputs/foobar.xi
findutils-4.2.27/xargs/testsuite/inputs/ftt.xi
findutils-4.2.27/xargs/testsuite/inputs/helloworld.xi
findutils-4.2.27/xargs/testsuite/inputs/items-0.xi
findutils-4.2.27/xargs/testsuite/inputs/items.xi
findutils-4.2.27/xargs/testsuite/inputs/ldata-0.xi
findutils-4.2.27/xargs/testsuite/inputs/ldatab-0.xi
findutils-4.2.27/xargs/testsuite/inputs/ldatab.xi
findutils-4.2.27/xargs/testsuite/inputs/ldata.xi
findutils-4.2.27/xargs/testsuite/inputs/lines.xi
findutils-4.2.27/xargs/testsuite/inputs/noeof-0.xi
findutils-4.2.27/xargs/testsuite/inputs/noeof.xi
findutils-4.2.27/xargs/testsuite/inputs/Pdata.xi
findutils-4.2.27/xargs/testsuite/inputs/quotes.xi
findutils-4.2.27/xargs/testsuite/inputs/space.xi
findutils-4.2.27/xargs/testsuite/inputs/stairs-0.xi
findutils-4.2.27/xargs/testsuite/inputs/stairs2-0.xi
findutils-4.2.27/xargs/testsuite/inputs/stairs2.xi
findutils-4.2.27/xargs/testsuite/inputs/stairs.xi
findutils-4.2.27/xargs/testsuite/inputs/stt.xi
findutils-4.2.27/xargs/testsuite/inputs/unmatched2.xi
findutils-4.2.27/xargs/testsuite/inputs/unmatched.xi
findutils-4.2.27/xargs/testsuite/xargs.gnu/
findutils-4.2.27/xargs/testsuite/xargs.gnu/0n3.exp
findutils-4.2.27/xargs/testsuite/xargs.gnu/delim-o.exp
findutils-4.2.27/xargs/testsuite/xargs.gnu/E_-0.exp
findutils-4.2.27/xargs/testsuite/xargs.gnu/empty_def-r.exp
findutils-4.2.27/xargs/testsuite/xargs.gnu/empty-r.exp
findutils-4.2.27/xargs/testsuite/xargs.gnu/idef-0.exp
findutils-4.2.27/xargs/testsuite/xargs.gnu/idef-s26-0.exp
findutils-4.2.27/xargs/testsuite/xargs.gnu/l1-0.exp
findutils-4.2.27/xargs/testsuite/xargs.gnu/l1_2-0.exp
findutils-4.2.27/xargs/testsuite/xargs.gnu/L2-0.exp
findutils-4.2.27/xargs/testsuite/xargs.gnu/L2_2-0.exp
findutils-4.2.27/xargs/testsuite/xargs.gnu/L3-0.exp
findutils-4.2.27/xargs/testsuite/xargs.gnu/n1-0.exp
findutils-4.2.27/xargs/testsuite/xargs.gnu/n2-0.exp
findutils-4.2.27/xargs/testsuite/xargs.gnu/n2-s26-0.exp
findutils-4.2.27/xargs/testsuite/xargs.gnu/n2-s26-x-0.exp
findutils-4.2.27/xargs/testsuite/xargs.gnu/n3-0.exp
findutils-4.2.27/xargs/testsuite/xargs.gnu/n3-s36-0.exp
findutils-4.2.27/xargs/testsuite/xargs.gnu/noeof-0.exp
findutils-4.2.27/xargs/testsuite/xargs.gnu/nothing.exp
findutils-4.2.27/xargs/testsuite/xargs.gnu/P3-n1-IARG.exp
findutils-4.2.27/xargs/testsuite/xargs.gnu/r.exp
findutils-4.2.27/xargs/testsuite/xargs.gnu/s118-0.exp
findutils-4.2.27/xargs/testsuite/xargs.gnu/s19-0.exp
findutils-4.2.27/xargs/testsuite/xargs.gnu/s19_2-0.exp
findutils-4.2.27/xargs/testsuite/xargs.gnu/s20-0.exp
findutils-4.2.27/xargs/testsuite/xargs.gnu/s30-0.exp
findutils-4.2.27/xargs/testsuite/xargs.gnu/space-0.exp
findutils-4.2.27/xargs/testsuite/xargs.gnu/space-r.exp
findutils-4.2.27/xargs/testsuite/xargs.gnu/space-t-0.exp
findutils-4.2.27/xargs/testsuite/xargs.gnu/0n3.xo
findutils-4.2.27/xargs/testsuite/xargs.gnu/E_-0.xo
findutils-4.2.27/xargs/testsuite/xargs.gnu/delim-o.xo
findutils-4.2.27/xargs/testsuite/xargs.gnu/idef-0.xo
findutils-4.2.27/xargs/testsuite/xargs.gnu/idef-s26-0.xo
findutils-4.2.27/xargs/testsuite/xargs.gnu/l1-0.xo
findutils-4.2.27/xargs/testsuite/xargs.gnu/l1_2-0.xo
findutils-4.2.27/xargs/testsuite/xargs.gnu/L2-0.xo
findutils-4.2.27/xargs/testsuite/xargs.gnu/L2_2-0.xo
findutils-4.2.27/xargs/testsuite/xargs.gnu/L3-0.xo
findutils-4.2.27/xargs/testsuite/xargs.gnu/n1-0.xo
findutils-4.2.27/xargs/testsuite/xargs.gnu/n2-0.xo
findutils-4.2.27/xargs/testsuite/xargs.gnu/n2-s26-0.xo
findutils-4.2.27/xargs/testsuite/xargs.gnu/n2-s26-x-0.xo
findutils-4.2.27/xargs/testsuite/xargs.gnu/n3-0.xo
findutils-4.2.27/xargs/testsuite/xargs.gnu/n3-s36-0.xo
findutils-4.2.27/xargs/testsuite/xargs.gnu/noeof-0.xo
findutils-4.2.27/xargs/testsuite/xargs.gnu/nothing.xo
findutils-4.2.27/xargs/testsuite/xargs.gnu/P3-n1-IARG.xo
findutils-4.2.27/xargs/testsuite/xargs.gnu/r.xo
findutils-4.2.27/xargs/testsuite/xargs.gnu/s118-0.xo
findutils-4.2.27/xargs/testsuite/xargs.gnu/s19-0.xo
findutils-4.2.27/xargs/testsuite/xargs.gnu/s20-0.xo
findutils-4.2.27/xargs/testsuite/xargs.gnu/s30-0.xo
findutils-4.2.27/xargs/testsuite/xargs.gnu/space-0.xo
findutils-4.2.27/xargs/testsuite/xargs.gnu/space-t-0.xo
findutils-4.2.27/xargs/testsuite/xargs.gnu/space-t-0.xe
findutils-4.2.27/xargs/testsuite/xargs.posix/
findutils-4.2.27/xargs/testsuite/xargs.posix/EEOFb.exp
findutils-4.2.27/xargs/testsuite/xargs.posix/EEOFe.exp
findutils-4.2.27/xargs/testsuite/xargs.posix/EEOF.exp
findutils-4.2.27/xargs/testsuite/xargs.posix/E_.exp
findutils-4.2.27/xargs/testsuite/xargs.posix/E_-IARG.exp
findutils-4.2.27/xargs/testsuite/xargs.posix/arg_max_32bit_linux_bug.exp
findutils-4.2.27/xargs/testsuite/xargs.posix/arg_max_64bit_linux_bug.exp
findutils-4.2.27/xargs/testsuite/xargs.posix/childfail.exp
findutils-4.2.27/xargs/testsuite/xargs.posix/empty_def.exp
findutils-4.2.27/xargs/testsuite/xargs.posix/empty.exp
findutils-4.2.27/xargs/testsuite/xargs.posix/hithere.exp
findutils-4.2.27/xargs/testsuite/xargs.posix/IARG-E_.exp
findutils-4.2.27/xargs/testsuite/xargs.posix/IARG.exp
findutils-4.2.27/xargs/testsuite/xargs.posix/IARG-s15.exp
findutils-4.2.27/xargs/testsuite/xargs.posix/L2_2.exp
findutils-4.2.27/xargs/testsuite/xargs.posix/uc_L2.exp
findutils-4.2.27/xargs/testsuite/xargs.posix/L2-n2.exp
findutils-4.2.27/xargs/testsuite/xargs.posix/L3.exp
findutils-4.2.27/xargs/testsuite/xargs.posix/n1.exp
findutils-4.2.27/xargs/testsuite/xargs.posix/n2.exp
findutils-4.2.27/xargs/testsuite/xargs.posix/n2-s26.exp
findutils-4.2.27/xargs/testsuite/xargs.posix/n2-s26-x.exp
findutils-4.2.27/xargs/testsuite/xargs.posix/n3.exp
findutils-4.2.27/xargs/testsuite/xargs.posix/n3-s36.exp
findutils-4.2.27/xargs/testsuite/xargs.posix/noeof.exp
findutils-4.2.27/xargs/testsuite/xargs.posix/quotes.exp
findutils-4.2.27/xargs/testsuite/xargs.posix/rc-123.exp
findutils-4.2.27/xargs/testsuite/xargs.posix/rc-124.exp
findutils-4.2.27/xargs/testsuite/xargs.posix/rc-125.exp
findutils-4.2.27/xargs/testsuite/xargs.posix/rc-126.exp
findutils-4.2.27/xargs/testsuite/xargs.posix/rc-127.exp
findutils-4.2.27/xargs/testsuite/xargs.posix/s118.exp
findutils-4.2.27/xargs/testsuite/xargs.posix/s19_2.exp
findutils-4.2.27/xargs/testsuite/xargs.posix/s19.exp
findutils-4.2.27/xargs/testsuite/xargs.posix/s20.exp
findutils-4.2.27/xargs/testsuite/xargs.posix/s30.exp
findutils-4.2.27/xargs/testsuite/xargs.posix/s470.exp
findutils-4.2.27/xargs/testsuite/xargs.posix/s47.exp
findutils-4.2.27/xargs/testsuite/xargs.posix/s48.exp
findutils-4.2.27/xargs/testsuite/xargs.posix/s6.exp
findutils-4.2.27/xargs/testsuite/xargs.posix/savannah-11865.exp
findutils-4.2.27/xargs/testsuite/xargs.posix/space.exp
findutils-4.2.27/xargs/testsuite/xargs.posix/space-I.exp
findutils-4.2.27/xargs/testsuite/xargs.posix/unmatched2.exp
findutils-4.2.27/xargs/testsuite/xargs.posix/unmatched.exp
findutils-4.2.27/xargs/testsuite/xargs.posix/unmatched-n2-x.exp
findutils-4.2.27/xargs/testsuite/xargs.posix/EEOFb.xo
findutils-4.2.27/xargs/testsuite/xargs.posix/EEOFe.xo
findutils-4.2.27/xargs/testsuite/xargs.posix/EEOF.xo
findutils-4.2.27/xargs/testsuite/xargs.posix/E_-IARG.xo
findutils-4.2.27/xargs/testsuite/xargs.posix/empty_def.xo
findutils-4.2.27/xargs/testsuite/xargs.posix/empty.xo
findutils-4.2.27/xargs/testsuite/xargs.posix/E_.xo
findutils-4.2.27/xargs/testsuite/xargs.posix/hithere.xo
findutils-4.2.27/xargs/testsuite/xargs.posix/IARG-E_.xo
findutils-4.2.27/xargs/testsuite/xargs.posix/IARG-s15.xo
findutils-4.2.27/xargs/testsuite/xargs.posix/IARG.xo
findutils-4.2.27/xargs/testsuite/xargs.posix/L2_2.xo
findutils-4.2.27/xargs/testsuite/xargs.posix/L2-n2.xo
findutils-4.2.27/xargs/testsuite/xargs.posix/uc_L2.xo
findutils-4.2.27/xargs/testsuite/xargs.posix/L3.xo
findutils-4.2.27/xargs/testsuite/xargs.posix/n1.xo
findutils-4.2.27/xargs/testsuite/xargs.posix/n2-s26.xo
findutils-4.2.27/xargs/testsuite/xargs.posix/n2-s26-x.xo
findutils-4.2.27/xargs/testsuite/xargs.posix/n2.xo
findutils-4.2.27/xargs/testsuite/xargs.posix/n3-s36.xo
findutils-4.2.27/xargs/testsuite/xargs.posix/n3.xo
findutils-4.2.27/xargs/testsuite/xargs.posix/noeof.xo
findutils-4.2.27/xargs/testsuite/xargs.posix/quotes.xo
findutils-4.2.27/xargs/testsuite/xargs.posix/rc-123.xo
findutils-4.2.27/xargs/testsuite/xargs.posix/s118.xo
findutils-4.2.27/xargs/testsuite/xargs.posix/s19.xo
findutils-4.2.27/xargs/testsuite/xargs.posix/s20.xo
findutils-4.2.27/xargs/testsuite/xargs.posix/s30.xo
findutils-4.2.27/xargs/testsuite/xargs.posix/s470.xo
findutils-4.2.27/xargs/testsuite/xargs.posix/s47.xo
findutils-4.2.27/xargs/testsuite/xargs.posix/s48.xo
findutils-4.2.27/xargs/testsuite/xargs.posix/savannah-11865.xo
findutils-4.2.27/xargs/testsuite/xargs.posix/space.xo
findutils-4.2.27/xargs/testsuite/xargs.posix/unmatched2.xo
findutils-4.2.27/xargs/testsuite/xargs.posix/unmatched.xo
findutils-4.2.27/xargs/testsuite/xargs.sysv/
findutils-4.2.27/xargs/testsuite/xargs.sysv/eEOF.exp
findutils-4.2.27/xargs/testsuite/xargs.sysv/e.exp
findutils-4.2.27/xargs/testsuite/xargs.sysv/empty_def-t.exp
findutils-4.2.27/xargs/testsuite/xargs.sysv/empty-t.exp
findutils-4.2.27/xargs/testsuite/xargs.sysv/eof1.exp
findutils-4.2.27/xargs/testsuite/xargs.sysv/iARG.exp
findutils-4.2.27/xargs/testsuite/xargs.sysv/idef.exp
findutils-4.2.27/xargs/testsuite/xargs.sysv/idef-s26.exp
findutils-4.2.27/xargs/testsuite/xargs.sysv/iquotes.exp
findutils-4.2.27/xargs/testsuite/xargs.sysv/l1_2.exp
findutils-4.2.27/xargs/testsuite/xargs.sysv/l1.exp
findutils-4.2.27/xargs/testsuite/xargs.sysv/l1n4.exp
findutils-4.2.27/xargs/testsuite/xargs.sysv/lc_l2.exp
findutils-4.2.27/xargs/testsuite/xargs.sysv/s30-t.exp
findutils-4.2.27/xargs/testsuite/xargs.sysv/space-t.exp
findutils-4.2.27/xargs/testsuite/xargs.sysv/trace.exp
findutils-4.2.27/xargs/testsuite/xargs.sysv/eEOF.xo
findutils-4.2.27/xargs/testsuite/xargs.sysv/empty_def-t.xo
findutils-4.2.27/xargs/testsuite/xargs.sysv/empty-t.xo
findutils-4.2.27/xargs/testsuite/xargs.sysv/eof1.xo
findutils-4.2.27/xargs/testsuite/xargs.sysv/e.xo
findutils-4.2.27/xargs/testsuite/xargs.sysv/iARG.xo
findutils-4.2.27/xargs/testsuite/xargs.sysv/idef-s26.xo
findutils-4.2.27/xargs/testsuite/xargs.sysv/idef.xo
findutils-4.2.27/xargs/testsuite/xargs.sysv/iquotes.xo
findutils-4.2.27/xargs/testsuite/xargs.sysv/l1_2.xo
findutils-4.2.27/xargs/testsuite/xargs.sysv/l1n4.xo
findutils-4.2.27/xargs/testsuite/xargs.sysv/l1.xo
findutils-4.2.27/xargs/testsuite/xargs.sysv/lc_l2.xo
findutils-4.2.27/xargs/testsuite/xargs.sysv/s30-t.xo
findutils-4.2.27/xargs/testsuite/xargs.sysv/space-t.xo
findutils-4.2.27/xargs/testsuite/xargs.sysv/trace.xo
findutils-4.2.27/xargs/testsuite/xargs.sysv/empty_def-t.xe
findutils-4.2.27/xargs/testsuite/xargs.sysv/empty-t.xe
findutils-4.2.27/xargs/testsuite/xargs.sysv/s30-t.xe
findutils-4.2.27/xargs/testsuite/xargs.sysv/space-t.xe
findutils-4.2.27/xargs/testsuite/xargs.sysv/trace.xe
findutils-4.2.27/xargs/testsuite/Makefile.am
findutils-4.2.27/xargs/testsuite/Makefile.in
findutils-4.2.27/locate/
findutils-4.2.27/locate/Makefile.am
findutils-4.2.27/locate/Makefile.in
findutils-4.2.27/locate/bigram.c
findutils-4.2.27/locate/code.c
findutils-4.2.27/locate/frcode.c
findutils-4.2.27/locate/locate.c
findutils-4.2.27/locate/locatedb.h
findutils-4.2.27/locate/updatedb.sh
findutils-4.2.27/locate/locate.1
findutils-4.2.27/locate/updatedb.1
findutils-4.2.27/locate/locatedb.5
findutils-4.2.27/locate/testsuite/
findutils-4.2.27/locate/testsuite/config/
findutils-4.2.27/locate/testsuite/config/unix.exp
findutils-4.2.27/locate/testsuite/locate.gnu/
findutils-4.2.27/locate/testsuite/locate.gnu/ignore_case1.exp
findutils-4.2.27/locate/testsuite/locate.gnu/ignore_case2.exp
findutils-4.2.27/locate/testsuite/locate.gnu/ignore_case3.exp
findutils-4.2.27/locate/testsuite/locate.gnu/regex1.exp
findutils-4.2.27/locate/testsuite/locate.gnu/exists1.exp
findutils-4.2.27/locate/testsuite/locate.gnu/exists2.exp
findutils-4.2.27/locate/testsuite/locate.gnu/exists3.exp
findutils-4.2.27/locate/testsuite/locate.gnu/notexists1.exp
findutils-4.2.27/locate/testsuite/locate.gnu/notexists2.exp
findutils-4.2.27/locate/testsuite/locate.gnu/notexists3.exp
findutils-4.2.27/locate/testsuite/locate.gnu/ignore_case1.xo
findutils-4.2.27/locate/testsuite/locate.gnu/ignore_case2.xo
findutils-4.2.27/locate/testsuite/locate.gnu/ignore_case3.xo
findutils-4.2.27/locate/testsuite/locate.gnu/exists1.xo
findutils-4.2.27/locate/testsuite/locate.gnu/exists2.xo
findutils-4.2.27/locate/testsuite/locate.gnu/exists3.xo
findutils-4.2.27/locate/testsuite/locate.gnu/notexists1.xo
findutils-4.2.27/locate/testsuite/locate.gnu/notexists2.xo
findutils-4.2.27/locate/testsuite/locate.gnu/notexists3.xo
findutils-4.2.27/locate/testsuite/Makefile.am
findutils-4.2.27/locate/testsuite/Makefile.in
findutils-4.2.27/doc/
findutils-4.2.27/doc/perm.texi
findutils-4.2.27/doc/regexprops.texi
findutils-4.2.27/doc/Makefile.am
findutils-4.2.27/doc/Makefile.in
findutils-4.2.27/doc/stamp-vti
findutils-4.2.27/doc/version.texi
findutils-4.2.27/doc/mdate-sh
findutils-4.2.27/doc/texinfo.tex
findutils-4.2.27/doc/find.texi
findutils-4.2.27/doc/find.info
