`usr/bin/cat' -> `bin/cat'
`usr/bin/chgrp' -> `bin/chgrp'
`usr/bin/chmod' -> `bin/chmod'
`usr/bin/chown' -> `bin/chown'
`usr/bin/cp' -> `bin/cp'
`usr/bin/date' -> `bin/date'
`usr/bin/dd' -> `bin/dd'
`usr/bin/df' -> `bin/df'
`usr/bin/echo' -> `bin/echo'
`usr/bin/false' -> `bin/false'
`usr/bin/hostname' -> `bin/hostname'
`usr/bin/ln' -> `bin/ln'
`usr/bin/ls' -> `bin/ls'
`usr/bin/mkdir' -> `bin/mkdir'
`usr/bin/mknod' -> `bin/mknod'
`usr/bin/mv' -> `bin/mv'
`usr/bin/pwd' -> `bin/pwd'
`usr/bin/rm' -> `bin/rm'
`usr/bin/rmdir' -> `bin/rmdir'
`usr/bin/stty' -> `bin/stty'
`usr/bin/sync' -> `bin/sync'
`usr/bin/true' -> `bin/true'
`usr/bin/uname' -> `bin/uname'
`usr/bin/chroot' -> `usr/sbin/chroot'
`usr/bin/head' -> `bin/head'
`usr/bin/sleep' -> `bin/sleep'
`usr/bin/nice' -> `bin/nice'
removed `usr/share/info/dir'
