./iproute2-2.6.16-060323/
./iproute2-2.6.16-060323/ChangeLog
./iproute2-2.6.16-060323/COPYING
./iproute2-2.6.16-060323/doc/
./iproute2-2.6.16-060323/doc/actions/
./iproute2-2.6.16-060323/doc/actions/actions-general
./iproute2-2.6.16-060323/doc/actions/dummy-README
./iproute2-2.6.16-060323/doc/actions/gact-usage
./iproute2-2.6.16-060323/doc/actions/mirred-usage
./iproute2-2.6.16-060323/doc/Makefile
./iproute2-2.6.16-060323/doc/Plan
./iproute2-2.6.16-060323/doc/SNAPSHOT.tex
./iproute2-2.6.16-060323/doc/api-ip6-flowlabels.tex
./iproute2-2.6.16-060323/doc/arpd.sgml
./iproute2-2.6.16-060323/doc/do-psnup
./iproute2-2.6.16-060323/doc/ip-cref.tex
./iproute2-2.6.16-060323/doc/ip-tunnels.tex
./iproute2-2.6.16-060323/doc/nstat.sgml
./iproute2-2.6.16-060323/doc/preamble.tex
./iproute2-2.6.16-060323/doc/rtstat.sgml
./iproute2-2.6.16-060323/doc/ss.sgml
./iproute2-2.6.16-060323/etc/
./iproute2-2.6.16-060323/etc/iproute2/
./iproute2-2.6.16-060323/etc/iproute2/ematch_map
./iproute2-2.6.16-060323/etc/iproute2/rt_dsfield
./iproute2-2.6.16-060323/etc/iproute2/rt_protos
./iproute2-2.6.16-060323/etc/iproute2/rt_realms
./iproute2-2.6.16-060323/etc/iproute2/rt_scopes
./iproute2-2.6.16-060323/etc/iproute2/rt_tables
./iproute2-2.6.16-060323/Makefile
./iproute2-2.6.16-060323/README
./iproute2-2.6.16-060323/README.decnet
./iproute2-2.6.16-060323/README.distribution
./iproute2-2.6.16-060323/README.iproute2+tc
./iproute2-2.6.16-060323/README.lnstat
./iproute2-2.6.16-060323/RELNOTES
./iproute2-2.6.16-060323/configure
./iproute2-2.6.16-060323/examples/
./iproute2-2.6.16-060323/examples/diffserv/
./iproute2-2.6.16-060323/examples/diffserv/Edge1
./iproute2-2.6.16-060323/examples/diffserv/Edge2
./iproute2-2.6.16-060323/examples/diffserv/README
./iproute2-2.6.16-060323/examples/diffserv/Edge31-ca-u32
./iproute2-2.6.16-060323/examples/diffserv/Edge31-cb-chains
./iproute2-2.6.16-060323/examples/diffserv/Edge32-ca-u32
./iproute2-2.6.16-060323/examples/diffserv/Edge32-cb-chains
./iproute2-2.6.16-060323/examples/diffserv/Edge32-cb-u32
./iproute2-2.6.16-060323/examples/diffserv/afcbq
./iproute2-2.6.16-060323/examples/diffserv/ef-prio
./iproute2-2.6.16-060323/examples/diffserv/efcbq
./iproute2-2.6.16-060323/examples/diffserv/regression-testing
./iproute2-2.6.16-060323/examples/README.cbq
./iproute2-2.6.16-060323/examples/SYN-DoS.rate.limit
./iproute2-2.6.16-060323/examples/cbq.init-v0.7.3
./iproute2-2.6.16-060323/examples/cbqinit.eth1
./iproute2-2.6.16-060323/examples/dhcp-client-script
./iproute2-2.6.16-060323/include/
./iproute2-2.6.16-060323/include/libiptc/
./iproute2-2.6.16-060323/include/libiptc/ipt_kernel_headers.h
./iproute2-2.6.16-060323/include/libiptc/libip6tc.h
./iproute2-2.6.16-060323/include/libiptc/libiptc.h
./iproute2-2.6.16-060323/include/SNAPSHOT.h
./iproute2-2.6.16-060323/include/ip6tables.h
./iproute2-2.6.16-060323/include/iptables.h
./iproute2-2.6.16-060323/include/iptables_common.h
./iproute2-2.6.16-060323/include/libnetlink.h
./iproute2-2.6.16-060323/include/ll_map.h
./iproute2-2.6.16-060323/include/rt_names.h
./iproute2-2.6.16-060323/include/rtm_map.h
./iproute2-2.6.16-060323/include/utils.h
./iproute2-2.6.16-060323/include/linux/
./iproute2-2.6.16-060323/include/linux/netfilter_ipv4/
./iproute2-2.6.16-060323/include/linux/netfilter_ipv4/ip_tables.h
./iproute2-2.6.16-060323/include/linux/gen_stats.h
./iproute2-2.6.16-060323/include/linux/inet_diag.h
./iproute2-2.6.16-060323/include/linux/ip_mp_alg.h
./iproute2-2.6.16-060323/include/linux/netlink.h
./iproute2-2.6.16-060323/include/linux/pkt_cls.h
./iproute2-2.6.16-060323/include/linux/pkt_sched.h
./iproute2-2.6.16-060323/include/linux/rtnetlink.h
./iproute2-2.6.16-060323/include/linux/socket.h
./iproute2-2.6.16-060323/include/linux/tcp.h
./iproute2-2.6.16-060323/include/linux/xfrm.h
./iproute2-2.6.16-060323/include/linux/tc_act/
./iproute2-2.6.16-060323/include/linux/tc_act/tc_defact.h
./iproute2-2.6.16-060323/include/linux/tc_act/tc_gact.h
./iproute2-2.6.16-060323/include/linux/tc_act/tc_ipt.h
./iproute2-2.6.16-060323/include/linux/tc_act/tc_mirred.h
./iproute2-2.6.16-060323/include/linux/tc_act/tc_pedit.h
./iproute2-2.6.16-060323/include/linux/tc_ematch/
./iproute2-2.6.16-060323/include/linux/tc_ematch/tc_em_cmp.h
./iproute2-2.6.16-060323/include/linux/tc_ematch/tc_em_meta.h
./iproute2-2.6.16-060323/include/linux/tc_ematch/tc_em_nbyte.h
./iproute2-2.6.16-060323/include/net/
./iproute2-2.6.16-060323/include/net/tcp_states.h
./iproute2-2.6.16-060323/ip/
./iproute2-2.6.16-060323/ip/Makefile
./iproute2-2.6.16-060323/ip/ifcfg
./iproute2-2.6.16-060323/ip/ip.c
./iproute2-2.6.16-060323/ip/ip_common.h
./iproute2-2.6.16-060323/ip/ipaddress.c
./iproute2-2.6.16-060323/ip/iplink.c
./iproute2-2.6.16-060323/ip/ipmaddr.c
./iproute2-2.6.16-060323/ip/ipmonitor.c
./iproute2-2.6.16-060323/ip/ipmroute.c
./iproute2-2.6.16-060323/ip/ipneigh.c
./iproute2-2.6.16-060323/ip/ipntable.c
./iproute2-2.6.16-060323/ip/ipprefix.c
./iproute2-2.6.16-060323/ip/iproute.c
./iproute2-2.6.16-060323/ip/iprule.c
./iproute2-2.6.16-060323/ip/iptunnel.c
./iproute2-2.6.16-060323/ip/ipxfrm.c
./iproute2-2.6.16-060323/ip/routef
./iproute2-2.6.16-060323/ip/routel
./iproute2-2.6.16-060323/ip/rtm_map.c
./iproute2-2.6.16-060323/ip/rtmon.c
./iproute2-2.6.16-060323/ip/rtpr
./iproute2-2.6.16-060323/ip/xfrm.h
./iproute2-2.6.16-060323/ip/xfrm_monitor.c
./iproute2-2.6.16-060323/ip/xfrm_policy.c
./iproute2-2.6.16-060323/ip/xfrm_state.c
./iproute2-2.6.16-060323/lib/
./iproute2-2.6.16-060323/lib/Makefile
./iproute2-2.6.16-060323/lib/dnet_ntop.c
./iproute2-2.6.16-060323/lib/dnet_pton.c
./iproute2-2.6.16-060323/lib/inet_proto.c
./iproute2-2.6.16-060323/lib/ipx_ntop.c
./iproute2-2.6.16-060323/lib/ipx_pton.c
./iproute2-2.6.16-060323/lib/libnetlink.c
./iproute2-2.6.16-060323/lib/ll_addr.c
./iproute2-2.6.16-060323/lib/ll_map.c
./iproute2-2.6.16-060323/lib/ll_proto.c
./iproute2-2.6.16-060323/lib/ll_types.c
./iproute2-2.6.16-060323/lib/rt_names.c
./iproute2-2.6.16-060323/lib/utils.c
./iproute2-2.6.16-060323/man/
./iproute2-2.6.16-060323/man/man3/
./iproute2-2.6.16-060323/man/man3/libnetlink.3
./iproute2-2.6.16-060323/man/man8/
./iproute2-2.6.16-060323/man/man8/tc-cbq.8
./iproute2-2.6.16-060323/man/man8/ip.8
./iproute2-2.6.16-060323/man/man8/tc-cbq-details.8
./iproute2-2.6.16-060323/man/man8/tc-htb.8
./iproute2-2.6.16-060323/man/man8/tc-pbfifo.8
./iproute2-2.6.16-060323/man/man8/tc-pfifo.8
./iproute2-2.6.16-060323/man/man8/tc-pfifo_fast.8
./iproute2-2.6.16-060323/man/man8/tc-prio.8
./iproute2-2.6.16-060323/man/man8/tc-red.8
./iproute2-2.6.16-060323/man/man8/tc-sfq.8
./iproute2-2.6.16-060323/man/man8/tc-tbf.8
./iproute2-2.6.16-060323/man/man8/tc.8
./iproute2-2.6.16-060323/misc/
./iproute2-2.6.16-060323/misc/Makefile
./iproute2-2.6.16-060323/misc/arpd.c
./iproute2-2.6.16-060323/misc/ifstat.c
./iproute2-2.6.16-060323/misc/lnstat.c
./iproute2-2.6.16-060323/misc/lnstat.h
./iproute2-2.6.16-060323/misc/lnstat_util.c
./iproute2-2.6.16-060323/misc/netbug
./iproute2-2.6.16-060323/misc/nstat.c
./iproute2-2.6.16-060323/misc/rtacct.c
./iproute2-2.6.16-060323/misc/ss.c
./iproute2-2.6.16-060323/misc/ssfilter.h
./iproute2-2.6.16-060323/misc/ssfilter.y
./iproute2-2.6.16-060323/netem/
./iproute2-2.6.16-060323/netem/Makefile
./iproute2-2.6.16-060323/netem/README.distribution
./iproute2-2.6.16-060323/netem/experimental.dat
./iproute2-2.6.16-060323/netem/maketable.c
./iproute2-2.6.16-060323/netem/normal.c
./iproute2-2.6.16-060323/netem/pareto.c
./iproute2-2.6.16-060323/netem/paretonormal.c
./iproute2-2.6.16-060323/tc/
./iproute2-2.6.16-060323/tc/Makefile
./iproute2-2.6.16-060323/tc/README.last
./iproute2-2.6.16-060323/tc/em_cmp.c
./iproute2-2.6.16-060323/tc/em_meta.c
./iproute2-2.6.16-060323/tc/em_nbyte.c
./iproute2-2.6.16-060323/tc/em_u32.c
./iproute2-2.6.16-060323/tc/emp_ematch.l
./iproute2-2.6.16-060323/tc/emp_ematch.y
./iproute2-2.6.16-060323/tc/f_basic.c
./iproute2-2.6.16-060323/tc/f_fw.c
./iproute2-2.6.16-060323/tc/f_route.c
./iproute2-2.6.16-060323/tc/f_rsvp.c
./iproute2-2.6.16-060323/tc/f_tcindex.c
./iproute2-2.6.16-060323/tc/f_u32.c
./iproute2-2.6.16-060323/tc/m_action.c
./iproute2-2.6.16-060323/tc/m_ematch.c
./iproute2-2.6.16-060323/tc/m_ematch.h
./iproute2-2.6.16-060323/tc/m_estimator.c
./iproute2-2.6.16-060323/tc/m_gact.c
./iproute2-2.6.16-060323/tc/m_ipt.c
./iproute2-2.6.16-060323/tc/m_mirred.c
./iproute2-2.6.16-060323/tc/m_pedit.c
./iproute2-2.6.16-060323/tc/m_pedit.h
./iproute2-2.6.16-060323/tc/m_police.c
./iproute2-2.6.16-060323/tc/p_icmp.c
./iproute2-2.6.16-060323/tc/p_ip.c
./iproute2-2.6.16-060323/tc/p_tcp.c
./iproute2-2.6.16-060323/tc/p_udp.c
./iproute2-2.6.16-060323/tc/q_atm.c
./iproute2-2.6.16-060323/tc/q_cbq.c
./iproute2-2.6.16-060323/tc/q_dsmark.c
./iproute2-2.6.16-060323/tc/q_fifo.c
./iproute2-2.6.16-060323/tc/q_gred.c
./iproute2-2.6.16-060323/tc/q_hfsc.c
./iproute2-2.6.16-060323/tc/q_htb.c
./iproute2-2.6.16-060323/tc/q_ingress.c
./iproute2-2.6.16-060323/tc/q_netem.c
./iproute2-2.6.16-060323/tc/q_prio.c
./iproute2-2.6.16-060323/tc/q_red.c
./iproute2-2.6.16-060323/tc/q_sfq.c
./iproute2-2.6.16-060323/tc/q_tbf.c
./iproute2-2.6.16-060323/tc/tc.c
./iproute2-2.6.16-060323/tc/tc_cbq.c
./iproute2-2.6.16-060323/tc/tc_cbq.h
./iproute2-2.6.16-060323/tc/tc_class.c
./iproute2-2.6.16-060323/tc/tc_common.h
./iproute2-2.6.16-060323/tc/tc_core.c
./iproute2-2.6.16-060323/tc/tc_core.h
./iproute2-2.6.16-060323/tc/tc_estimator.c
./iproute2-2.6.16-060323/tc/tc_filter.c
./iproute2-2.6.16-060323/tc/tc_qdisc.c
./iproute2-2.6.16-060323/tc/tc_red.c
./iproute2-2.6.16-060323/tc/tc_red.h
./iproute2-2.6.16-060323/tc/tc_util.c
./iproute2-2.6.16-060323/tc/tc_util.h
./iproute2-2.6.16-060323/testsuite/
./iproute2-2.6.16-060323/testsuite/configs/
./iproute2-2.6.16-060323/testsuite/configs/all-no-act
./iproute2-2.6.16-060323/testsuite/configs/all-2.4
./iproute2-2.6.16-060323/testsuite/configs/all-police-act
./iproute2-2.6.16-060323/testsuite/Makefile
./iproute2-2.6.16-060323/testsuite/iproute2/
./iproute2-2.6.16-060323/testsuite/iproute2/Makefile
./iproute2-2.6.16-060323/testsuite/lib/
./iproute2-2.6.16-060323/testsuite/lib/generic.sh
./iproute2-2.6.16-060323/testsuite/tests/
./iproute2-2.6.16-060323/testsuite/tests/dsmark.t
./iproute2-2.6.16-060323/testsuite/tests/cbq.t
./iproute2-2.6.16-060323/testsuite/tests/cls-testbed.t
./iproute2-2.6.16-060323/testsuite/tests/policer
