removed `usr/share/doc/iproute2/ss.sgml'
removed `usr/share/doc/iproute2/examples/cbq.init-v0.7.3'
removed `usr/share/doc/iproute2/examples/diffserv/Edge32-cb-chains'
removed `usr/share/doc/iproute2/examples/diffserv/Edge2'
removed `usr/share/doc/iproute2/examples/diffserv/README'
removed `usr/share/doc/iproute2/examples/diffserv/Edge31-ca-u32'
removed `usr/share/doc/iproute2/examples/diffserv/afcbq'
removed `usr/share/doc/iproute2/examples/diffserv/Edge32-ca-u32'
removed `usr/share/doc/iproute2/examples/diffserv/efcbq'
removed `usr/share/doc/iproute2/examples/diffserv/Edge31-cb-chains'
removed `usr/share/doc/iproute2/examples/diffserv/ef-prio'
removed `usr/share/doc/iproute2/examples/diffserv/regression-testing'
removed `usr/share/doc/iproute2/examples/diffserv/Edge32-cb-u32'
removed `usr/share/doc/iproute2/examples/diffserv/Edge1'
removed directory: `usr/share/doc/iproute2/examples/diffserv'
removed `usr/share/doc/iproute2/examples/dhcp-client-script'
removed `usr/share/doc/iproute2/examples/README.cbq'
removed `usr/share/doc/iproute2/examples/README.iproute2+tc'
removed `usr/share/doc/iproute2/examples/SYN-DoS.rate.limit'
removed `usr/share/doc/iproute2/examples/cbqinit.eth1'
removed directory: `usr/share/doc/iproute2/examples'
removed `usr/share/doc/iproute2/ip-tunnels.tex'
removed `usr/share/doc/iproute2/preamble.tex'
removed `usr/share/doc/iproute2/api-ip6-flowlabels.tex'
removed `usr/share/doc/iproute2/ip-cref.tex'
removed `usr/share/doc/iproute2/SNAPSHOT.tex'
removed `usr/share/doc/iproute2/arpd.sgml'
removed `usr/share/doc/iproute2/nstat.sgml'
removed `usr/share/doc/iproute2/rtstat.sgml'
removed directory: `usr/share/doc/iproute2'
removed directory: `usr/share/doc'
removed `sbin/rtstat'
create hard link `sbin/rtstat' to `sbin/lnstat'
removed `sbin/ctstat'
create hard link `sbin/ctstat' to `sbin/lnstat'
