Found a patch, skipping...
readline-5.1/
readline-5.1/doc/
readline-5.1/doc/Makefile.in
readline-5.1/doc/texinfo.tex
readline-5.1/doc/version.texi
readline-5.1/doc/fdl.texi
readline-5.1/doc/rlman.texi
readline-5.1/doc/rltech.texi
readline-5.1/doc/rluser.texi
readline-5.1/doc/rluserman.texi
readline-5.1/doc/history.texi
readline-5.1/doc/hstech.texi
readline-5.1/doc/hsuser.texi
readline-5.1/doc/readline.3
readline-5.1/doc/history.3
readline-5.1/doc/texi2dvi
readline-5.1/doc/texi2html
readline-5.1/doc/readline.ps
readline-5.1/doc/history.ps
readline-5.1/doc/rluserman.ps
readline-5.1/doc/readline.dvi
readline-5.1/doc/history.dvi
readline-5.1/doc/rluserman.dvi
readline-5.1/doc/readline.info
readline-5.1/doc/history.info
readline-5.1/doc/rluserman.info
readline-5.1/doc/readline.html
readline-5.1/doc/history.html
readline-5.1/doc/rluserman.html
readline-5.1/doc/readline.0
readline-5.1/doc/history.0
readline-5.1/doc/readline_3.ps
readline-5.1/doc/history_3.ps
readline-5.1/doc/history.pdf
readline-5.1/doc/readline.pdf
readline-5.1/doc/rluserman.pdf
readline-5.1/examples/
readline-5.1/examples/rlfe/
readline-5.1/examples/rlfe/ChangeLog
readline-5.1/examples/rlfe/Makefile.in
readline-5.1/examples/rlfe/README
readline-5.1/examples/rlfe/config.h.in
readline-5.1/examples/rlfe/configure
readline-5.1/examples/rlfe/configure.in
readline-5.1/examples/rlfe/extern.h
readline-5.1/examples/rlfe/os.h
readline-5.1/examples/rlfe/pty.c
readline-5.1/examples/rlfe/rlfe.c
readline-5.1/examples/rlfe/screen.h
readline-5.1/examples/Makefile.in
readline-5.1/examples/excallback.c
readline-5.1/examples/fileman.c
readline-5.1/examples/manexamp.c
readline-5.1/examples/readlinebuf.h
readline-5.1/examples/rl-fgets.c
readline-5.1/examples/rlcat.c
readline-5.1/examples/rltest.c
readline-5.1/examples/rl.c
readline-5.1/examples/rlptytest.c
readline-5.1/examples/rlversion.c
readline-5.1/examples/histexamp.c
readline-5.1/examples/Inputrc
readline-5.1/support/
readline-5.1/support/config.guess
readline-5.1/support/config.rpath
readline-5.1/support/config.sub
readline-5.1/support/install.sh
readline-5.1/support/mkdirs
readline-5.1/support/mkdist
readline-5.1/support/mkinstalldirs
readline-5.1/support/shobj-conf
readline-5.1/support/shlib-install
readline-5.1/support/wcwidth.c
readline-5.1/shlib/
readline-5.1/shlib/Makefile.in
readline-5.1/COPYING
readline-5.1/README
readline-5.1/MANIFEST
readline-5.1/INSTALL
readline-5.1/CHANGELOG
readline-5.1/CHANGES
readline-5.1/NEWS
readline-5.1/USAGE
readline-5.1/aclocal.m4
readline-5.1/config.h.in
readline-5.1/configure
readline-5.1/configure.in
readline-5.1/Makefile.in
readline-5.1/ansi_stdlib.h
readline-5.1/chardefs.h
readline-5.1/history.h
readline-5.1/histlib.h
readline-5.1/keymaps.h
readline-5.1/posixdir.h
readline-5.1/posixjmp.h
readline-5.1/readline.h
readline-5.1/posixstat.h
readline-5.1/rlconf.h
readline-5.1/rldefs.h
readline-5.1/rlmbutil.h
readline-5.1/rlprivate.h
readline-5.1/rlshell.h
readline-5.1/rlstdc.h
readline-5.1/rltty.h
readline-5.1/rltypedefs.h
readline-5.1/rlwinsize.h
readline-5.1/tcap.h
readline-5.1/tilde.h
readline-5.1/xmalloc.h
readline-5.1/bind.c
readline-5.1/callback.c
readline-5.1/compat.c
readline-5.1/complete.c
readline-5.1/display.c
readline-5.1/emacs_keymap.c
readline-5.1/funmap.c
readline-5.1/input.c
readline-5.1/isearch.c
readline-5.1/keymaps.c
readline-5.1/kill.c
readline-5.1/macro.c
readline-5.1/mbutil.c
readline-5.1/misc.c
readline-5.1/nls.c
readline-5.1/parens.c
readline-5.1/readline.c
readline-5.1/rltty.c
readline-5.1/savestring.c
readline-5.1/search.c
readline-5.1/shell.c
readline-5.1/signals.c
readline-5.1/terminal.c
readline-5.1/text.c
readline-5.1/tilde.c
readline-5.1/undo.c
readline-5.1/util.c
readline-5.1/vi_keymap.c
readline-5.1/vi_mode.c
readline-5.1/xmalloc.c
readline-5.1/history.c
readline-5.1/histexpand.c
readline-5.1/histfile.c
readline-5.1/histsearch.c
