dpkg-deb: building package `readline-5.1' in `debian.deb'.
 new debian package, version 2.0.
 size 598156 bytes: control archive= 989 bytes.
     278 bytes,    10 lines      control              
     789 bytes,    18 lines      copyright            
       6 bytes,     1 lines      debian-binary        
     110 bytes,     3 lines   *  postinst             #!/bin/bash
     108 bytes,     3 lines   *  postrm               #!/bin/bash
     111 bytes,     3 lines   *  preinst              #!/bin/bash
     109 bytes,     3 lines   *  prerm                #!/bin/bash
 Package: readline-5.1
 Version: 5.1
 Section: unknown
 Priority: required
 Architecture: all
 Essential: no
 Depends: aaa-base
 Maintainer: Aethernet support team [support@aethernet.co.uk]
 Provides: readline
 Description: A set of libraries that offers command-line editing and history
