nbd-2.9.11/
nbd-2.9.11/install-sh
nbd-2.9.11/nbd-server.1.sgml
nbd-2.9.11/nbd-server.5.sgml
nbd-2.9.11/CodingStyle
nbd-2.9.11/nbd-tester-client.c
nbd-2.9.11/config.h.in
nbd-2.9.11/nbd-server.1.in
nbd-2.9.11/Makefile.am
nbd-2.9.11/INSTALL
nbd-2.9.11/configure
nbd-2.9.11/Doxyfile.in
nbd-2.9.11/nbd-server.5.in
nbd-2.9.11/winnbd/
nbd-2.9.11/winnbd/nbdsrvr.cpp
nbd-2.9.11/winnbd/README
nbd-2.9.11/winnbd/NBDSvrWin2000.zip
nbd-2.9.11/winnbd/nbdsrvr.dsw
nbd-2.9.11/winnbd/license.txt
nbd-2.9.11/winnbd/readme.txt
nbd-2.9.11/winnbd/nbdsrvr.dsp
nbd-2.9.11/nbd-client.8.sgml
nbd-2.9.11/nbd-server.c
nbd-2.9.11/simple_test
nbd-2.9.11/Makefile.in
nbd-2.9.11/configure.ac
nbd-2.9.11/missing
nbd-2.9.11/nbd-client.c
nbd-2.9.11/README
nbd-2.9.11/aclocal.m4
nbd-2.9.11/nbd-client.8
nbd-2.9.11/gznbd/
nbd-2.9.11/gznbd/Makefile
nbd-2.9.11/gznbd/gznbd.c
nbd-2.9.11/config.guess
nbd-2.9.11/depcomp
nbd-2.9.11/lfs.h
nbd-2.9.11/cliserv.h
nbd-2.9.11/config.sub
