checking for a BSD-compatible install... /usr/bin/install -c
checking whether build environment is sane... yes
checking for a thread-safe mkdir -p... /bin/mkdir -p
checking for gawk... gawk
checking whether make sets $(MAKE)... yes
checking whether to enable maintainer-specific portions of Makefiles... no
checking whether Large File Support should be enabled... yes
checking whether syslog logging is requested... yes
checking whether a debugging version is requested... no
checking for klcc... not found
checking for gcc... gcc
checking for C compiler default output file name... a.out
checking whether the C compiler works... yes
checking whether we are cross compiling... no
checking for suffix of executables... 
checking for suffix of object files... o
checking whether we are using the GNU C compiler... yes
checking whether gcc accepts -g... yes
checking for gcc option to accept ISO C89... none needed
checking for style of include used by make... GNU
checking dependency style of gcc... gcc3
checking how to run the C preprocessor... gcc -E
checking for a BSD-compatible install... /usr/bin/install -c
checking build system type... i686-pc-linux-gnu
checking host system type... i686-pc-linux-gnu
checking for grep that handles long lines and -e... /bin/grep
checking for egrep... /bin/grep -E
checking for ANSI C header files... yes
checking for sys/types.h... yes
checking for sys/stat.h... yes
checking for stdlib.h... yes
checking for string.h... yes
checking for memory.h... yes
checking for strings.h... yes
checking for inttypes.h... yes
checking for stdint.h... yes
checking for unistd.h... yes
checking whether byte ordering is bigendian... no
checking for inline... inline
checking for an ANSI C-conforming const... yes
checking for unsigned short int... yes
checking size of unsigned short int... 2
checking for unsigned int... yes
checking size of unsigned int... 4
checking for unsigned long int... yes
checking size of unsigned long int... 4
checking for unsigned long long int... yes
checking size of unsigned long long int... 8
checking for llseek... yes
checking for alarm... yes
checking for gethostbyname... yes
checking for inet_ntoa... yes
checking for memset... yes
checking for socket... yes
checking for strerror... yes
checking for strstr... yes
checking for pid_t... yes
checking vfork.h usability... no
checking vfork.h presence... no
checking for vfork.h... no
checking for fork... yes
checking for vfork... yes
checking for working fork... yes
checking for working vfork... (cached) yes
checking for function prototypes... yes
checking whether setvbuf arguments are reversed... no
checking whether client should be built... yes
checking where to find a working nbd.h... <linux/nbd.h>
checking for library containing bind... none required
checking for library containing inet_ntoa... none required
checking for library containing daemon... none required
checking for sys/mount.h... yes
checking arpa/inet.h usability... yes
checking arpa/inet.h presence... yes
checking for arpa/inet.h... yes
checking fcntl.h usability... yes
checking fcntl.h presence... yes
checking for fcntl.h... yes
checking netdb.h usability... yes
checking netdb.h presence... yes
checking for netdb.h... yes
checking netinet/in.h usability... yes
checking netinet/in.h presence... yes
checking for netinet/in.h... yes
checking sys/ioctl.h usability... yes
checking sys/ioctl.h presence... yes
checking for sys/ioctl.h... yes
checking sys/socket.h usability... yes
checking sys/socket.h presence... yes
checking for sys/socket.h... yes
checking syslog.h usability... yes
checking syslog.h presence... yes
checking for syslog.h... yes
checking for pkg-config... /usr/local/pkg/pkg-config-0.23/bin/pkg-config
checking pkg-config is at least version 0.16... yes
checking for GLIB - version >= 2.6.0... yes (version 2.15.5)
checking for sys/wait.h that is POSIX.1 compatible... yes
checking for off_t... yes
checking for pid_t... (cached) yes
configure: creating ./config.status
config.status: creating Makefile
config.status: creating Doxyfile
config.status: creating nbd-server.1
config.status: creating nbd-server.5
config.status: creating config.h
config.status: executing depfiles commands
