procps-3.2.6/
procps-3.2.6/AUTHORS
procps-3.2.6/BUGS
procps-3.2.6/NEWS
procps-3.2.6/README
procps-3.2.6/TODO
procps-3.2.6/COPYING
procps-3.2.6/COPYING.LIB
procps-3.2.6/Makefile
procps-3.2.6/procps.lsm
procps-3.2.6/procps.spec
procps-3.2.6/v
procps-3.2.6/t
procps-3.2.6/README.top
procps-3.2.6/CodingStyle
procps-3.2.6/sysctl.conf
procps-3.2.6/minimal.c
procps-3.2.6/uptime.1
procps-3.2.6/tload.1
procps-3.2.6/free.1
procps-3.2.6/w.1
procps-3.2.6/top.1
procps-3.2.6/watch.1
procps-3.2.6/skill.1
procps-3.2.6/kill.1
procps-3.2.6/snice.1
procps-3.2.6/pgrep.1
procps-3.2.6/pkill.1
procps-3.2.6/pmap.1
procps-3.2.6/sysctl.conf.5
procps-3.2.6/vmstat.8
procps-3.2.6/sysctl.8
procps-3.2.6/slabtop.1
procps-3.2.6/pwdx.1
procps-3.2.6/dummy.c
procps-3.2.6/uptime.c
procps-3.2.6/tload.c
procps-3.2.6/free.c
procps-3.2.6/w.c
procps-3.2.6/top.c
procps-3.2.6/vmstat.c
procps-3.2.6/watch.c
procps-3.2.6/skill.c
procps-3.2.6/sysctl.c
procps-3.2.6/pgrep.c
procps-3.2.6/top.h
procps-3.2.6/pmap.c
procps-3.2.6/slabtop.c
procps-3.2.6/pwdx.c
procps-3.2.6/proc/
procps-3.2.6/proc/alloc.c
procps-3.2.6/proc/devname.c
procps-3.2.6/proc/escape.c
procps-3.2.6/proc/ksym.c
procps-3.2.6/proc/pwcache.c
procps-3.2.6/proc/readproc.c
procps-3.2.6/proc/sig.c
procps-3.2.6/proc/slab.c
procps-3.2.6/proc/sysinfo.c
procps-3.2.6/proc/version.c
procps-3.2.6/proc/whattime.c
procps-3.2.6/proc/alloc.h
procps-3.2.6/proc/devname.h
procps-3.2.6/proc/escape.h
procps-3.2.6/proc/procps.h
procps-3.2.6/proc/pwcache.h
procps-3.2.6/proc/readproc.h
procps-3.2.6/proc/sig.h
procps-3.2.6/proc/slab.h
procps-3.2.6/proc/sysinfo.h
procps-3.2.6/proc/version.h
procps-3.2.6/proc/wchan.h
procps-3.2.6/proc/whattime.h
procps-3.2.6/proc/COPYING
procps-3.2.6/proc/module.mk
procps-3.2.6/proc/library.map
procps-3.2.6/ps/
procps-3.2.6/ps/display.c
procps-3.2.6/ps/global.c
procps-3.2.6/ps/help.c
procps-3.2.6/ps/output.c
procps-3.2.6/ps/parser.c
procps-3.2.6/ps/select.c
procps-3.2.6/ps/sortformat.c
procps-3.2.6/ps/COPYING
procps-3.2.6/ps/HACKING
procps-3.2.6/ps/TRANSLATION
procps-3.2.6/ps/common.h
procps-3.2.6/ps/module.mk
procps-3.2.6/ps/it
procps-3.2.6/ps/p
procps-3.2.6/ps/ps.1
procps-3.2.6/ps/regression
