dpkg-deb: building package `procps-3.2.6' in `debian.deb'.
 new debian package, version 2.0.
 size 179400 bytes: control archive= 972 bytes.
     248 bytes,    10 lines      control              
     789 bytes,    18 lines      copyright            
       6 bytes,     1 lines      debian-binary        
     110 bytes,     3 lines   *  postinst             #!/bin/bash
     108 bytes,     3 lines   *  postrm               #!/bin/bash
     111 bytes,     3 lines   *  preinst              #!/bin/bash
     109 bytes,     3 lines   *  prerm                #!/bin/bash
 Package: procps-3.2.6
 Version: 3.2.6
 Section: unknown
 Priority: required
 Architecture: all
 Essential: no
 Depends: aaa-base
 Maintainer: Aethernet support team [support@aethernet.co.uk]
 Provides: procps
 Description: Programs for monitoring processes
