m4-1.4.4/
m4-1.4.4/aclocal.m4
m4-1.4.4/BACKLOG
m4-1.4.4/c-boxes.el
m4-1.4.4/ChangeLog
m4-1.4.4/checks/
m4-1.4.4/checks/01.define
m4-1.4.4/checks/02.arguments
m4-1.4.4/checks/03.arguments
m4-1.4.4/checks/04.arguments
m4-1.4.4/checks/05.arguments
m4-1.4.4/checks/06.pseudo_argu
m4-1.4.4/checks/07.pseudo_argu
m4-1.4.4/checks/08.pseudo_argu
m4-1.4.4/checks/09.pseudo_argu
m4-1.4.4/checks/10.pseudo_argu
m4-1.4.4/checks/11.undefine
m4-1.4.4/checks/12.defn
m4-1.4.4/checks/13.pushdef
m4-1.4.4/checks/14.pushdef
m4-1.4.4/checks/15.indir
m4-1.4.4/checks/16.ifdef
m4-1.4.4/checks/17.ifelse
m4-1.4.4/checks/18.ifelse
m4-1.4.4/checks/19.loops
m4-1.4.4/checks/20.loops
m4-1.4.4/checks/21.dumpdef
m4-1.4.4/checks/22.trace
m4-1.4.4/checks/23.dnl
m4-1.4.4/checks/24.changequote
m4-1.4.4/checks/25.changequote
m4-1.4.4/checks/26.changequote
m4-1.4.4/checks/27.changecom
m4-1.4.4/checks/28.changecom
m4-1.4.4/checks/29.m4wrap
m4-1.4.4/checks/30.include
m4-1.4.4/checks/31.include
m4-1.4.4/checks/32.include
m4-1.4.4/checks/33.divert
m4-1.4.4/checks/34.divert
m4-1.4.4/checks/35.undivert
m4-1.4.4/checks/36.undivert
m4-1.4.4/checks/37.undivert
m4-1.4.4/checks/38.divnum
m4-1.4.4/checks/39.cleardiv
m4-1.4.4/checks/40.cleardiv
m4-1.4.4/checks/41.len
m4-1.4.4/checks/42.index_macro
m4-1.4.4/checks/43.regexp
m4-1.4.4/checks/44.regexp
m4-1.4.4/checks/45.substr
m4-1.4.4/checks/46.translit
m4-1.4.4/checks/47.patsubst
m4-1.4.4/checks/48.patsubst
m4-1.4.4/checks/49.format
m4-1.4.4/checks/50.incr
m4-1.4.4/checks/51.eval
m4-1.4.4/checks/52.eval
m4-1.4.4/checks/53.esyscmd
m4-1.4.4/checks/54.sysval
m4-1.4.4/checks/55.errprint
m4-1.4.4/checks/56.errprint
m4-1.4.4/checks/57.m4exit
m4-1.4.4/checks/check-them
m4-1.4.4/checks/foo
m4-1.4.4/checks/get-them
m4-1.4.4/checks/incl.m4
m4-1.4.4/checks/Makefile.in
m4-1.4.4/checks/stamp-checks
m4-1.4.4/config-h.in
m4-1.4.4/configure
m4-1.4.4/configure.ac
m4-1.4.4/COPYING
m4-1.4.4/doc/
m4-1.4.4/doc/m4.info
m4-1.4.4/doc/m4.texinfo
m4-1.4.4/doc/Makefile.in
m4-1.4.4/doc/stamp-vti
m4-1.4.4/doc/texinfo.tex
m4-1.4.4/doc/version.texi
m4-1.4.4/examples/
m4-1.4.4/examples/capitalize.m4
m4-1.4.4/examples/comments.m4
m4-1.4.4/examples/ddivert.m4
m4-1.4.4/examples/debug.m4
m4-1.4.4/examples/esyscmd.m4
m4-1.4.4/examples/exp.m4
m4-1.4.4/examples/file.m4
m4-1.4.4/examples/foreach.m4
m4-1.4.4/examples/forloop.m4
m4-1.4.4/examples/fstab.m4
m4-1.4.4/examples/hanoi.m4
m4-1.4.4/examples/incl-test.m4
m4-1.4.4/examples/include.m4
m4-1.4.4/examples/indir.m4
m4-1.4.4/examples/Makefile.in
m4-1.4.4/examples/misc.m4
m4-1.4.4/examples/multiquotes.m4
m4-1.4.4/examples/patsubst.m4
m4-1.4.4/examples/pushpop.m4
m4-1.4.4/examples/regexp.m4
m4-1.4.4/examples/reverse.m4
m4-1.4.4/examples/stackovf.sh
m4-1.4.4/examples/sync-lines.m4
m4-1.4.4/examples/sysv-args.m4
m4-1.4.4/examples/trace.m4
m4-1.4.4/examples/translit.m4
m4-1.4.4/examples/undivert.incl
m4-1.4.4/examples/undivert.m4
m4-1.4.4/examples/wrap.m4
m4-1.4.4/INSTALL
m4-1.4.4/install-sh
m4-1.4.4/lib/
m4-1.4.4/lib/alloca.c
m4-1.4.4/lib/COPYING.LIB
m4-1.4.4/lib/error.c
m4-1.4.4/lib/getopt.c
m4-1.4.4/lib/getopt.h
m4-1.4.4/lib/getopt1.c
m4-1.4.4/lib/Makefile.in
m4-1.4.4/lib/obstack.c
m4-1.4.4/lib/obstack.h
m4-1.4.4/lib/regex.c
m4-1.4.4/lib/regex.h
m4-1.4.4/lib/strtol.c
m4-1.4.4/lib/TAGS
m4-1.4.4/lib/xmalloc.c
m4-1.4.4/lib/xstrdup.c
m4-1.4.4/Makefile.in
m4-1.4.4/Makefile.maint
m4-1.4.4/mkinstalldirs
m4-1.4.4/NEWS
m4-1.4.4/README
m4-1.4.4/src/
m4-1.4.4/src/ansi2knr.1
m4-1.4.4/src/ansi2knr.c
m4-1.4.4/src/builtin.c
m4-1.4.4/src/debug.c
m4-1.4.4/src/eval.c
m4-1.4.4/src/format.c
m4-1.4.4/src/freeze.c
m4-1.4.4/src/input.c
m4-1.4.4/src/m4.c
m4-1.4.4/src/m4.h
m4-1.4.4/src/macro.c
m4-1.4.4/src/Makefile.in
m4-1.4.4/src/output.c
m4-1.4.4/src/path.c
m4-1.4.4/src/stackovf.c
m4-1.4.4/src/symtab.c
m4-1.4.4/src/TAGS
m4-1.4.4/stamp-h.in
m4-1.4.4/THANKS
m4-1.4.4/TODO
