checking for gawk... gawk
checking for gcc... gcc
checking for C compiler default output file name... a.out
checking whether the C compiler works... yes
checking whether we are cross compiling... no
checking for suffix of executables... 
checking for suffix of object files... o
checking whether we are using the GNU C compiler... yes
checking whether gcc accepts -g... yes
checking for gcc option to accept ANSI C... none needed
checking for a BSD-compatible install... /usr/bin/install -c
checking whether make sets $(MAKE)... yes
checking for ranlib... ranlib
checking how to run the C preprocessor... gcc -E
checking for egrep... grep -E
checking for AIX... no
checking for library containing strerror... none required
checking for ANSI C header files... yes
checking for sys/types.h... yes
checking for sys/stat.h... yes
checking for stdlib.h... yes
checking for string.h... yes
checking for memory.h... yes
checking for strings.h... yes
checking for inttypes.h... yes
checking for stdint.h... yes
checking for unistd.h... yes
checking minix/config.h usability... no
checking minix/config.h presence... no
checking for minix/config.h... no
checking for gcc option to accept ANSI C... (cached) 
checking for function prototypes... yes
checking for an ANSI C-conforming const... yes
checking limits.h usability... yes
checking limits.h presence... yes
checking for limits.h... yes
checking for memory.h... (cached) yes
checking siginfo.h usability... no
checking siginfo.h presence... no
checking for siginfo.h... no
checking for string.h... (cached) yes
checking for unistd.h... (cached) yes
checking signal.h usability... yes
checking signal.h presence... yes
checking for signal.h... yes
checking for ANSI C header files... (cached) yes
checking return type of signal handlers... void
checking for size_t... yes
checking for mkstemp... yes
checking for sigaction... yes
checking for sigaltstack... yes
checking for sigstack... yes
checking for sigvec... yes
checking for strerror... yes
checking for tmpfile... yes
checking for working alloca.h... yes
checking for alloca... yes
checking for vprintf... yes
checking for _doprnt... no
checking for strtol... yes
checking ecvt declaration... yes
checking if stack overflow is detectable... yes
checking if changeword is wanted... no
checking if malloc debugging is wanted... no
configure: creating ./config.status
config.status: creating stamp-h
config.status: creating Makefile
config.status: creating doc/Makefile
config.status: creating lib/Makefile
config.status: creating src/Makefile
config.status: creating checks/Makefile
config.status: creating examples/Makefile
config.status: creating config.h
