`sh  cflags "optimize='-O2'" miniperlmain.o`  miniperlmain.c
`sh  cflags "optimize='-O2'" perl.o`  perl.c
`sh  cflags "optimize='-O2'" gv.o`  gv.c
`sh  cflags "optimize='-O2'" toke.o`  toke.c
`sh  cflags "optimize='-O2'" perly.o`  perly.c
`sh  cflags "optimize='-O2'" op.o`  op.c
`sh  cflags "optimize='-O2'" pad.o`  pad.c
`sh  cflags "optimize='-O2'" regcomp.o`  regcomp.c
`sh  cflags "optimize='-O2'" dump.o`  dump.c
`sh  cflags "optimize='-O2'" util.o`  util.c
`sh  cflags "optimize='-O2'" mg.o`  mg.c
`sh  cflags "optimize='-O2'" reentr.o`  reentr.c
`sh  cflags "optimize='-O2'" hv.o`  hv.c
`sh  cflags "optimize='-O2'" av.o`  av.c
`sh  cflags "optimize='-O2'" run.o`  run.c
`sh  cflags "optimize='-O2'" pp_hot.o`  pp_hot.c
`sh  cflags "optimize='-O2'" sv.o`  sv.c
`sh  cflags "optimize='-O2'" pp.o`  pp.c
`sh  cflags "optimize='-O2'" scope.o`  scope.c
`sh  cflags "optimize='-O2'" pp_ctl.o`  pp_ctl.c
`sh  cflags "optimize='-O2'" pp_sys.o`  pp_sys.c
`sh  cflags "optimize='-O2'" doop.o`  doop.c
`sh  cflags "optimize='-O2'" doio.o`  doio.c
`sh  cflags "optimize='-O2'" regexec.o`  regexec.c
`sh  cflags "optimize='-O2'" utf8.o`  utf8.c
`sh  cflags "optimize='-O2'" taint.o`  taint.c
`sh  cflags "optimize='-O2'" deb.o`  deb.c
`sh  cflags "optimize='-O2'" universal.o`  universal.c
`sh  cflags "optimize='-O2'" xsutils.o`  xsutils.c
`sh  cflags "optimize='-O2'" globals.o`  globals.c
`sh  cflags "optimize='-O2'" perlio.o`  perlio.c
`sh  cflags "optimize='-O2'" perlapi.o`  perlapi.c
`sh  cflags "optimize='-O2'" numeric.o`  numeric.c
`sh  cflags "optimize='-O2'" locale.o`  locale.c
`sh  cflags "optimize='-O2'" pp_pack.o`  pp_pack.c
`sh  cflags "optimize='-O2'" pp_sort.o`  pp_sort.c
rm -f libperl.a
/usr/bin/ar rcu libperl.a perl.o  gv.o toke.o perly.o op.o pad.o regcomp.o dump.o util.o mg.o reentr.o hv.o av.o run.o pp_hot.o sv.o pp.o scope.o pp_ctl.o pp_sys.o doop.o doio.o regexec.o utf8.o taint.o deb.o universal.o xsutils.o globals.o perlio.o perlapi.o numeric.o locale.o pp_pack.o pp_sort.o 
`sh  cflags "optimize='-O2'" opmini.o`  -DPERL_EXTERNAL_GLOB opmini.c
cc  -o miniperl \
    miniperlmain.o opmini.o libperl.a -lnsl -ldl -lm -lcrypt -lutil -lc 
./miniperl -w -Ilib -MExporter -e '<?>' || make minitest
./miniperl -Ilib configpm --heavy=lib/Config_heavy.pl lib/Config.pm
./miniperl -Ilib lib/lib_pm.PL
Extracting lib.pm (with variable substitutions)
	AutoSplitting perl library
./miniperl -Ilib -e 'use AutoSplit; \
autosplit_lib_modules(@ARGV)' lib/*.pm
./miniperl -Ilib -e 'use AutoSplit; \
autosplit_lib_modules(@ARGV)' lib/*/*.pm
make lib/re.pm
make[1]: Entering directory `/mnt/sda1/aethernet/subversion/checkout/main/trunk/autobuild/packages/perl/perl-5.8.8/unpack/perl-5.8.8'
cp ext/re/re.pm lib/re.pm
make[1]: Leaving directory `/mnt/sda1/aethernet/subversion/checkout/main/trunk/autobuild/packages/perl/perl-5.8.8/unpack/perl-5.8.8'
./miniperl minimod.pl > lib/ExtUtils/Miniperl.pm
cd lib/unicore &&  ../../miniperl -I../../lib mktables -w
touch uni.data
`sh  cflags "optimize='-O2'" perlmain.o`  perlmain.c

	Making DynaLoader (static)
Writing Makefile for DynaLoader
make[1]: Entering directory `/mnt/sda1/aethernet/subversion/checkout/main/trunk/autobuild/packages/perl/perl-5.8.8/unpack/perl-5.8.8/ext/DynaLoader'
make[1]: Leaving directory `/mnt/sda1/aethernet/subversion/checkout/main/trunk/autobuild/packages/perl/perl-5.8.8/unpack/perl-5.8.8/ext/DynaLoader'
make[1]: Entering directory `/mnt/sda1/aethernet/subversion/checkout/main/trunk/autobuild/packages/perl/perl-5.8.8/unpack/perl-5.8.8/ext/DynaLoader'
../../miniperl "-I../../lib" "-I../../lib" DynaLoader_pm.PL DynaLoader.pm
../../miniperl "-I../../lib" "-I../../lib" XSLoader_pm.PL XSLoader.pm
cp XSLoader.pm ../../lib/XSLoader.pm
cp DynaLoader.pm ../../lib/DynaLoader.pm
AutoSplitting ../../lib/DynaLoader.pm (../../lib/auto/DynaLoader)
rm -f DynaLoader.xs
cp dl_dlopen.xs DynaLoader.xs
../../miniperl "-I../../lib" "-I../../lib" ../../lib/ExtUtils/xsubpp -noprototypes -typemap ../../lib/ExtUtils/typemap DynaLoader.xs > DynaLoader.xsc && mv DynaLoader.xsc DynaLoader.c
cc -c   -fno-strict-aliasing -pipe -Wdeclaration-after-statement -D_LARGEFILE_SOURCE -D_FILE_OFFSET_BITS=64 -O2   -DVERSION=\"1.05\" -DXS_VERSION=\"1.05\"  "-I../.."  -DPERL_CORE -DLIBC="" DynaLoader.c
rm -rf ../../lib/auto/DynaLoader/DynaLoader.a
/usr/bin/ar cr ../../lib/auto/DynaLoader/DynaLoader.a DynaLoader.o && : ../../lib/auto/DynaLoader/DynaLoader.a
chmod 755 ../../lib/auto/DynaLoader/DynaLoader.a
make[1]: Leaving directory `/mnt/sda1/aethernet/subversion/checkout/main/trunk/autobuild/packages/perl/perl-5.8.8/unpack/perl-5.8.8/ext/DynaLoader'
cc -o perl   -Wl,-E perlmain.o lib/auto/DynaLoader/DynaLoader.a  libperl.a `cat ext.libs` -lnsl -ldl -lm -lcrypt -lutil -lc 
cd x2p;  make s2p
make[1]: Entering directory `/mnt/sda1/aethernet/subversion/checkout/main/trunk/autobuild/packages/perl/perl-5.8.8/unpack/perl-5.8.8/x2p'
../miniperl -I../lib s2p.PL
Extracting s2p (with variable substitutions)
Linking s2p to psed.
make[1]: Leaving directory `/mnt/sda1/aethernet/subversion/checkout/main/trunk/autobuild/packages/perl/perl-5.8.8/unpack/perl-5.8.8/x2p'
./miniperl -I`pwd`/lib pod/pod2html.PL
Extracting pod2html (with variable substitutions)
./miniperl -I`pwd`/lib pod/pod2latex.PL
Extracting pod2latex (with variable substitutions)
./miniperl -I`pwd`/lib pod/pod2man.PL
Extracting pod2man (with variable substitutions)
./miniperl -I`pwd`/lib pod/pod2text.PL
Extracting pod2text (with variable substitutions)
./miniperl -I`pwd`/lib pod/pod2usage.PL
Extracting pod2usage (with variable substitutions)
./miniperl -I`pwd`/lib pod/podchecker.PL
Extracting podchecker (with variable substitutions)
./miniperl -I`pwd`/lib pod/podselect.PL
Extracting podselect (with variable substitutions)
 
	Making utilities
make[1]: Entering directory `/mnt/sda1/aethernet/subversion/checkout/main/trunk/autobuild/packages/perl/perl-5.8.8/unpack/perl-5.8.8/utils'
../miniperl -I../lib c2ph.PL
Extracting c2ph (with variable substitutions)
Linking c2ph to pstruct.
../miniperl -I../lib cpan.PL
Extracting cpan (with variable substitutions)
../miniperl -I../lib h2ph.PL
Extracting h2ph (with variable substitutions)
../miniperl -I../lib h2xs.PL
Extracting h2xs (with variable substitutions)
../miniperl -I../lib instmodsh.PL
Extracting instmodsh (with variable substitutions)
../miniperl -I../lib perlbug.PL
Extracting perlbug (with variable substitutions)
../miniperl -I../lib perldoc.PL
Extracting "perldoc" (with variable substitutions)
../miniperl -I../lib perlivp.PL
Extracting perlivp (with variable substitutions)
../miniperl -I../lib pl2pm.PL
Extracting pl2pm (with variable substitutions)
../miniperl -I../lib prove.PL
Extracting prove (with variable substitutions)
../miniperl -I../lib splain.PL
Extracting splain (with variable substitutions)
../miniperl -I../lib perlcc.PL
Extracting perlcc (with variable substitutions)
../miniperl -I../lib dprofpp.PL
Extracting dprofpp (with variable substitutions)
../miniperl -I../lib libnetcfg.PL
Extracting libnetcfg (with variable substitutions)
../miniperl -I../lib piconv.PL
Extracting piconv (with variable substitutions)
../miniperl -I../lib enc2xs.PL
Extracting enc2xs (with variable substitutions)
../miniperl -I../lib xsubpp.PL
Extracting xsubpp (with variable substitutions)
make[1]: Leaving directory `/mnt/sda1/aethernet/subversion/checkout/main/trunk/autobuild/packages/perl/perl-5.8.8/unpack/perl-5.8.8/utils'
 
	Making x2p stuff
make[1]: Entering directory `/mnt/sda1/aethernet/subversion/checkout/main/trunk/autobuild/packages/perl/perl-5.8.8/unpack/perl-5.8.8/x2p'
`sh  cflags "optimize='-O2'" hash.o` -DPERL_FOR_X2P hash.c
`sh  cflags "optimize='-O2'" str.o` -DPERL_FOR_X2P str.c
`sh  cflags "optimize='-O2'" util.o` -DPERL_FOR_X2P util.c
`sh  cflags "optimize='-O2'" walk.o` -DPERL_FOR_X2P walk.c
`sh  cflags "optimize='-O2'" a2p.o` a2p.c
cc -o a2p  hash.o  str.o util.o walk.o a2p.o -lnsl -ldl -lm -lcrypt -lutil -lc
../miniperl -I../lib find2perl.PL
Extracting find2perl (with variable substitutions)
 
make[1]: Leaving directory `/mnt/sda1/aethernet/subversion/checkout/main/trunk/autobuild/packages/perl/perl-5.8.8/unpack/perl-5.8.8/x2p'

	Making B (dynamic)
Writing Makefile for B::C
Writing Makefile for B
make[1]: Entering directory `/mnt/sda1/aethernet/subversion/checkout/main/trunk/autobuild/packages/perl/perl-5.8.8/unpack/perl-5.8.8/ext/B'
make[1]: Leaving directory `/mnt/sda1/aethernet/subversion/checkout/main/trunk/autobuild/packages/perl/perl-5.8.8/unpack/perl-5.8.8/ext/B'
make[1]: Entering directory `/mnt/sda1/aethernet/subversion/checkout/main/trunk/autobuild/packages/perl/perl-5.8.8/unpack/perl-5.8.8/ext/B'
cp B/Stash.pm ../../lib/B/Stash.pm
cp B/Asmdata.pm ../../lib/B/Asmdata.pm
cp B/C.pm ../../lib/B/C.pm
cp B/Deparse.pm ../../lib/B/Deparse.pm
cp B/Debug.pm ../../lib/B/Debug.pm
cp B/cc_harness ../../lib/B/cc_harness
cp B.pm ../../lib/B.pm
cp B/Bblock.pm ../../lib/B/Bblock.pm
cp B/Assembler.pm ../../lib/B/Assembler.pm
cp B/Terse.pm ../../lib/B/Terse.pm
cp B/CC.pm ../../lib/B/CC.pm
cp O.pm ../../lib/O.pm
cp B/Concise.pm ../../lib/B/Concise.pm
cp B/Lint.pm ../../lib/B/Lint.pm
cp B/Bytecode.pm ../../lib/B/Bytecode.pm
cp B/Showlex.pm ../../lib/B/Showlex.pm
cp B/Disassembler.pm ../../lib/B/Disassembler.pm
cp B/assemble ../../lib/B/assemble
cp B/Xref.pm ../../lib/B/Xref.pm
cp B/Stackobj.pm ../../lib/B/Stackobj.pm
cp B/disassemble ../../lib/B/disassemble
cp B/makeliblinks ../../lib/B/makeliblinks
make[2]: Entering directory `/mnt/sda1/aethernet/subversion/checkout/main/trunk/autobuild/packages/perl/perl-5.8.8/unpack/perl-5.8.8/ext/B/C'
../../../miniperl "-I../../../lib" "-I../../../lib" ../../../lib/ExtUtils/xsubpp  -typemap ../../../lib/ExtUtils/typemap  C.xs > C.xsc && mv C.xsc C.c
cc -c   -fno-strict-aliasing -pipe -Wdeclaration-after-statement -D_LARGEFILE_SOURCE -D_FILE_OFFSET_BITS=64 -O2   -DVERSION=\"1.04_01\" -DXS_VERSION=\"1.04_01\" -fpic "-I../../.."   C.c
Running Mkbootstrap for B::C ()
chmod 644 C.bs
rm -f ../../../lib/auto/B/C/C.so
cc  -shared C.o  -o ../../../lib/auto/B/C/C.so 	\
     	\
  
chmod 755 ../../../lib/auto/B/C/C.so
cp C.bs ../../../lib/auto/B/C/C.bs
chmod 644 ../../../lib/auto/B/C/C.bs
make[2]: Leaving directory `/mnt/sda1/aethernet/subversion/checkout/main/trunk/autobuild/packages/perl/perl-5.8.8/unpack/perl-5.8.8/ext/B/C'
../../miniperl "-I../../lib" "-I../../lib" ../../lib/ExtUtils/xsubpp  -typemap ../../lib/ExtUtils/typemap -typemap typemap  B.xs > B.xsc && mv B.xsc B.c
../../miniperl "-I../../lib" "-I../../lib" "-I../../lib" "-I../../lib" defsubs_h.PL defsubs.h
Extracting defsubs.h...
cc -c   -fno-strict-aliasing -pipe -Wdeclaration-after-statement -D_LARGEFILE_SOURCE -D_FILE_OFFSET_BITS=64 -O2   -DVERSION=\"1.09_01\" -DXS_VERSION=\"1.09_01\" -fpic "-I../.."   B.c
Running Mkbootstrap for B ()
chmod 644 B.bs
rm -f ../../lib/auto/B/B.so
cc  -shared B.o  -o ../../lib/auto/B/B.so 	\
     	\
  
chmod 755 ../../lib/auto/B/B.so
cp B.bs ../../lib/auto/B/B.bs
chmod 644 ../../lib/auto/B/B.bs
make[1]: Leaving directory `/mnt/sda1/aethernet/subversion/checkout/main/trunk/autobuild/packages/perl/perl-5.8.8/unpack/perl-5.8.8/ext/B'

	Making ByteLoader (dynamic)
Writing Makefile for ByteLoader
make[1]: Entering directory `/mnt/sda1/aethernet/subversion/checkout/main/trunk/autobuild/packages/perl/perl-5.8.8/unpack/perl-5.8.8/ext/ByteLoader'
make[1]: Leaving directory `/mnt/sda1/aethernet/subversion/checkout/main/trunk/autobuild/packages/perl/perl-5.8.8/unpack/perl-5.8.8/ext/ByteLoader'
make[1]: Entering directory `/mnt/sda1/aethernet/subversion/checkout/main/trunk/autobuild/packages/perl/perl-5.8.8/unpack/perl-5.8.8/ext/ByteLoader'
cp ByteLoader.pm ../../lib/ByteLoader.pm
cc -c   -fno-strict-aliasing -pipe -Wdeclaration-after-statement -D_LARGEFILE_SOURCE -D_FILE_OFFSET_BITS=64 -O2   -DVERSION=\"0.06\" -DXS_VERSION=\"0.06\" -fpic "-I../.."   byterun.c
../../miniperl "-I../../lib" "-I../../lib" ../../lib/ExtUtils/xsubpp -noprototypes -typemap ../../lib/ExtUtils/typemap  ByteLoader.xs > ByteLoader.xsc && mv ByteLoader.xsc ByteLoader.c
cc -c   -fno-strict-aliasing -pipe -Wdeclaration-after-statement -D_LARGEFILE_SOURCE -D_FILE_OFFSET_BITS=64 -O2   -DVERSION=\"0.06\" -DXS_VERSION=\"0.06\" -fpic "-I../.."   ByteLoader.c
Running Mkbootstrap for ByteLoader ()
chmod 644 ByteLoader.bs
rm -f ../../lib/auto/ByteLoader/ByteLoader.so
cc  -shared byterun.o ByteLoader.o  -o ../../lib/auto/ByteLoader/ByteLoader.so 	\
     	\
  
chmod 755 ../../lib/auto/ByteLoader/ByteLoader.so
cp ByteLoader.bs ../../lib/auto/ByteLoader/ByteLoader.bs
chmod 644 ../../lib/auto/ByteLoader/ByteLoader.bs
make[1]: Leaving directory `/mnt/sda1/aethernet/subversion/checkout/main/trunk/autobuild/packages/perl/perl-5.8.8/unpack/perl-5.8.8/ext/ByteLoader'

	Making Cwd (dynamic)
Writing Makefile for Cwd
make[1]: Entering directory `/mnt/sda1/aethernet/subversion/checkout/main/trunk/autobuild/packages/perl/perl-5.8.8/unpack/perl-5.8.8/ext/Cwd'
make[1]: Leaving directory `/mnt/sda1/aethernet/subversion/checkout/main/trunk/autobuild/packages/perl/perl-5.8.8/unpack/perl-5.8.8/ext/Cwd'
make[1]: Entering directory `/mnt/sda1/aethernet/subversion/checkout/main/trunk/autobuild/packages/perl/perl-5.8.8/unpack/perl-5.8.8/ext/Cwd'
../../miniperl "-I../../lib" "-I../../lib" ../../lib/ExtUtils/xsubpp  -typemap ../../lib/ExtUtils/typemap  Cwd.xs > Cwd.xsc && mv Cwd.xsc Cwd.c
cc -c   -fno-strict-aliasing -pipe -Wdeclaration-after-statement -D_LARGEFILE_SOURCE -D_FILE_OFFSET_BITS=64 -O2   -DVERSION=\"3.12\" -DXS_VERSION=\"3.12\" -fpic "-I../.."   Cwd.c
Running Mkbootstrap for Cwd ()
chmod 644 Cwd.bs
rm -f ../../lib/auto/Cwd/Cwd.so
cc  -shared Cwd.o  -o ../../lib/auto/Cwd/Cwd.so 	\
     	\
  
chmod 755 ../../lib/auto/Cwd/Cwd.so
cp Cwd.bs ../../lib/auto/Cwd/Cwd.bs
chmod 644 ../../lib/auto/Cwd/Cwd.bs
make[1]: Leaving directory `/mnt/sda1/aethernet/subversion/checkout/main/trunk/autobuild/packages/perl/perl-5.8.8/unpack/perl-5.8.8/ext/Cwd'

	Making Data::Dumper (dynamic)
Writing Makefile for Data::Dumper
make[1]: Entering directory `/mnt/sda1/aethernet/subversion/checkout/main/trunk/autobuild/packages/perl/perl-5.8.8/unpack/perl-5.8.8/ext/Data/Dumper'
make[1]: Leaving directory `/mnt/sda1/aethernet/subversion/checkout/main/trunk/autobuild/packages/perl/perl-5.8.8/unpack/perl-5.8.8/ext/Data/Dumper'
make[1]: Entering directory `/mnt/sda1/aethernet/subversion/checkout/main/trunk/autobuild/packages/perl/perl-5.8.8/unpack/perl-5.8.8/ext/Data/Dumper'
cp Dumper.pm ../../../lib/Data/Dumper.pm
../../../miniperl "-I../../../lib" "-I../../../lib" ../../../lib/ExtUtils/xsubpp  -typemap ../../../lib/ExtUtils/typemap  Dumper.xs > Dumper.xsc && mv Dumper.xsc Dumper.c
cc -c   -fno-strict-aliasing -pipe -Wdeclaration-after-statement -D_LARGEFILE_SOURCE -D_FILE_OFFSET_BITS=64 -O2   -DVERSION=\"2.121_08\" -DXS_VERSION=\"2.121_08\" -fpic "-I../../.."   Dumper.c
Running Mkbootstrap for Data::Dumper ()
chmod 644 Dumper.bs
rm -f ../../../lib/auto/Data/Dumper/Dumper.so
cc  -shared Dumper.o  -o ../../../lib/auto/Data/Dumper/Dumper.so 	\
     	\
  
chmod 755 ../../../lib/auto/Data/Dumper/Dumper.so
cp Dumper.bs ../../../lib/auto/Data/Dumper/Dumper.bs
chmod 644 ../../../lib/auto/Data/Dumper/Dumper.bs
make[1]: Leaving directory `/mnt/sda1/aethernet/subversion/checkout/main/trunk/autobuild/packages/perl/perl-5.8.8/unpack/perl-5.8.8/ext/Data/Dumper'

	Making Devel::DProf (dynamic)
Writing Makefile for Devel::DProf
make[1]: Entering directory `/mnt/sda1/aethernet/subversion/checkout/main/trunk/autobuild/packages/perl/perl-5.8.8/unpack/perl-5.8.8/ext/Devel/DProf'
make[1]: Leaving directory `/mnt/sda1/aethernet/subversion/checkout/main/trunk/autobuild/packages/perl/perl-5.8.8/unpack/perl-5.8.8/ext/Devel/DProf'
make[1]: Entering directory `/mnt/sda1/aethernet/subversion/checkout/main/trunk/autobuild/packages/perl/perl-5.8.8/unpack/perl-5.8.8/ext/Devel/DProf'
cp DProf.pm ../../../lib/Devel/DProf.pm
../../../miniperl "-I../../../lib" "-I../../../lib" ../../../lib/ExtUtils/xsubpp -noprototypes -typemap ../../../lib/ExtUtils/typemap  DProf.xs > DProf.xsc && mv DProf.xsc DProf.c
cc -c   -fno-strict-aliasing -pipe -Wdeclaration-after-statement -D_LARGEFILE_SOURCE -D_FILE_OFFSET_BITS=64 -O2   -DVERSION=\"20050603.00\" -DXS_VERSION=\"20050603.00\" -fpic "-I../../.."  -DPERLDBf_NONAME=0x40 -DPERLDBf_GOTO=0x80 -DG_NODEBUG=32 -DPL_NEEDED DProf.c
Running Mkbootstrap for Devel::DProf ()
chmod 644 DProf.bs
rm -f ../../../lib/auto/Devel/DProf/DProf.so
cc  -shared DProf.o  -o ../../../lib/auto/Devel/DProf/DProf.so 	\
     	\
  
chmod 755 ../../../lib/auto/Devel/DProf/DProf.so
cp DProf.bs ../../../lib/auto/Devel/DProf/DProf.bs
chmod 644 ../../../lib/auto/Devel/DProf/DProf.bs
make[1]: Leaving directory `/mnt/sda1/aethernet/subversion/checkout/main/trunk/autobuild/packages/perl/perl-5.8.8/unpack/perl-5.8.8/ext/Devel/DProf'

	Making Devel::PPPort (dynamic)
Checking if your kit is complete...
Looks good
Writing Makefile for Devel::PPPort
make[1]: Entering directory `/mnt/sda1/aethernet/subversion/checkout/main/trunk/autobuild/packages/perl/perl-5.8.8/unpack/perl-5.8.8/ext/Devel/PPPort'
make[1]: Leaving directory `/mnt/sda1/aethernet/subversion/checkout/main/trunk/autobuild/packages/perl/perl-5.8.8/unpack/perl-5.8.8/ext/Devel/PPPort'
make[1]: Entering directory `/mnt/sda1/aethernet/subversion/checkout/main/trunk/autobuild/packages/perl/perl-5.8.8/unpack/perl-5.8.8/ext/Devel/PPPort'
cp PPPort.pm ../../../lib/Devel/PPPort.pm
../../../miniperl "-I../../../lib" "-I../../../lib" ../../../lib/ExtUtils/xsubpp -noprototypes -typemap ../../../lib/ExtUtils/typemap -typemap typemap  PPPort.xs > PPPort.xsc && mv PPPort.xsc PPPort.c
../../../miniperl "-I../../../lib" "-I../../../lib" "-I../../../lib" "-I../../../lib" ppport_h.PL ppport.h
cc -c   -fno-strict-aliasing -pipe -Wdeclaration-after-statement -D_LARGEFILE_SOURCE -D_FILE_OFFSET_BITS=64 -O2   -DVERSION=\"3.06_01\" -DXS_VERSION=\"3.06_01\" -fpic "-I../../.."   PPPort.c
cc -c   -fno-strict-aliasing -pipe -Wdeclaration-after-statement -D_LARGEFILE_SOURCE -D_FILE_OFFSET_BITS=64 -O2   -DVERSION=\"3.06_01\" -DXS_VERSION=\"3.06_01\" -fpic "-I../../.."   module2.c
cc -c   -fno-strict-aliasing -pipe -Wdeclaration-after-statement -D_LARGEFILE_SOURCE -D_FILE_OFFSET_BITS=64 -O2   -DVERSION=\"3.06_01\" -DXS_VERSION=\"3.06_01\" -fpic "-I../../.."   module3.c
Running Mkbootstrap for Devel::PPPort ()
chmod 644 PPPort.bs
rm -f ../../../lib/auto/Devel/PPPort/PPPort.so
cc  -shared PPPort.o module2.o module3.o  -o ../../../lib/auto/Devel/PPPort/PPPort.so 	\
     	\
  
chmod 755 ../../../lib/auto/Devel/PPPort/PPPort.so
cp PPPort.bs ../../../lib/auto/Devel/PPPort/PPPort.bs
chmod 644 ../../../lib/auto/Devel/PPPort/PPPort.bs
make[1]: Leaving directory `/mnt/sda1/aethernet/subversion/checkout/main/trunk/autobuild/packages/perl/perl-5.8.8/unpack/perl-5.8.8/ext/Devel/PPPort'

	Making Devel::Peek (dynamic)
Writing Makefile for Devel::Peek
make[1]: Entering directory `/mnt/sda1/aethernet/subversion/checkout/main/trunk/autobuild/packages/perl/perl-5.8.8/unpack/perl-5.8.8/ext/Devel/Peek'
make[1]: Leaving directory `/mnt/sda1/aethernet/subversion/checkout/main/trunk/autobuild/packages/perl/perl-5.8.8/unpack/perl-5.8.8/ext/Devel/Peek'
make[1]: Entering directory `/mnt/sda1/aethernet/subversion/checkout/main/trunk/autobuild/packages/perl/perl-5.8.8/unpack/perl-5.8.8/ext/Devel/Peek'
cp Peek.pm ../../../lib/Devel/Peek.pm
../../../miniperl "-I../../../lib" "-I../../../lib" ../../../lib/ExtUtils/xsubpp -noprototypes -typemap ../../../lib/ExtUtils/typemap  Peek.xs > Peek.xsc && mv Peek.xsc Peek.c
cc -c   -fno-strict-aliasing -pipe -Wdeclaration-after-statement -D_LARGEFILE_SOURCE -D_FILE_OFFSET_BITS=64 -O2   -DVERSION=\"1.03\" -DXS_VERSION=\"1.03\" -fpic "-I../../.."   Peek.c
Running Mkbootstrap for Devel::Peek ()
chmod 644 Peek.bs
rm -f ../../../lib/auto/Devel/Peek/Peek.so
cc  -shared Peek.o  -o ../../../lib/auto/Devel/Peek/Peek.so 	\
     	\
  
chmod 755 ../../../lib/auto/Devel/Peek/Peek.so
cp Peek.bs ../../../lib/auto/Devel/Peek/Peek.bs
chmod 644 ../../../lib/auto/Devel/Peek/Peek.bs
make[1]: Leaving directory `/mnt/sda1/aethernet/subversion/checkout/main/trunk/autobuild/packages/perl/perl-5.8.8/unpack/perl-5.8.8/ext/Devel/Peek'

	Making Digest::MD5 (dynamic)
Perl's config says that U32 access must not be aligned.
Writing Makefile for Digest::MD5
make[1]: Entering directory `/mnt/sda1/aethernet/subversion/checkout/main/trunk/autobuild/packages/perl/perl-5.8.8/unpack/perl-5.8.8/ext/Digest/MD5'
make[1]: Leaving directory `/mnt/sda1/aethernet/subversion/checkout/main/trunk/autobuild/packages/perl/perl-5.8.8/unpack/perl-5.8.8/ext/Digest/MD5'
make[1]: Entering directory `/mnt/sda1/aethernet/subversion/checkout/main/trunk/autobuild/packages/perl/perl-5.8.8/unpack/perl-5.8.8/ext/Digest/MD5'
cp MD5.pm ../../../lib/Digest/MD5.pm
../../../miniperl "-I../../../lib" "-I../../../lib" ../../../lib/ExtUtils/xsubpp  -typemap ../../../lib/ExtUtils/typemap -typemap typemap  MD5.xs > MD5.xsc && mv MD5.xsc MD5.c
cc -c   -fno-strict-aliasing -pipe -Wdeclaration-after-statement -D_LARGEFILE_SOURCE -D_FILE_OFFSET_BITS=64 -O2   -DVERSION=\"2.36\" -DXS_VERSION=\"2.36\" -fpic "-I../../.."   MD5.c
Running Mkbootstrap for Digest::MD5 ()
chmod 644 MD5.bs
rm -f ../../../lib/auto/Digest/MD5/MD5.so
cc  -shared MD5.o  -o ../../../lib/auto/Digest/MD5/MD5.so 	\
     	\
  
chmod 755 ../../../lib/auto/Digest/MD5/MD5.so
cp MD5.bs ../../../lib/auto/Digest/MD5/MD5.bs
chmod 644 ../../../lib/auto/Digest/MD5/MD5.bs
make[1]: Leaving directory `/mnt/sda1/aethernet/subversion/checkout/main/trunk/autobuild/packages/perl/perl-5.8.8/unpack/perl-5.8.8/ext/Digest/MD5'

	Making Encode (dynamic)
Checking if your kit is complete...
Looks good
Writing Makefile for Encode::Byte
Writing Makefile for Encode::CN
Writing Makefile for Encode::EBCDIC
Writing Makefile for Encode::JP
Writing Makefile for Encode::KR
Writing Makefile for Encode::Symbol
Writing Makefile for Encode::TW
Writing Makefile for Encode::Unicode
Writing Makefile for Encode
make[1]: Entering directory `/mnt/sda1/aethernet/subversion/checkout/main/trunk/autobuild/packages/perl/perl-5.8.8/unpack/perl-5.8.8/ext/Encode'
make[1]: Leaving directory `/mnt/sda1/aethernet/subversion/checkout/main/trunk/autobuild/packages/perl/perl-5.8.8/unpack/perl-5.8.8/ext/Encode'
make[1]: Entering directory `/mnt/sda1/aethernet/subversion/checkout/main/trunk/autobuild/packages/perl/perl-5.8.8/unpack/perl-5.8.8/ext/Encode'
cp lib/Encode/JP/H2Z.pm ../../lib/Encode/JP/H2Z.pm
cp lib/Encode/JP/JIS7.pm ../../lib/Encode/JP/JIS7.pm
cp lib/Encode/Alias.pm ../../lib/Encode/Alias.pm
cp Encode/README.e2x ../../lib/Encode/README.e2x
cp lib/Encode/MIME/Header/ISO_2022_JP.pm ../../lib/Encode/MIME/Header/ISO_2022_JP.pm
cp lib/Encode/Unicode/UTF7.pm ../../lib/Encode/Unicode/UTF7.pm
cp lib/Encode/PerlIO.pod ../../lib/Encode/PerlIO.pod
cp Encode.pm ../../lib/Encode.pm
cp Encode/Makefile_PL.e2x ../../lib/Encode/Makefile_PL.e2x
cp Encode/Changes.e2x ../../lib/Encode/Changes.e2x
cp lib/Encode/Encoding.pm ../../lib/Encode/Encoding.pm
cp Encode/encode.h ../../lib/Encode/encode.h
cp Encode/ConfigLocal_PM.e2x ../../lib/Encode/ConfigLocal_PM.e2x
cp encoding.pm ../../lib/encoding.pm
cp lib/Encode/Guess.pm ../../lib/Encode/Guess.pm
cp lib/Encode/KR/2022_KR.pm ../../lib/Encode/KR/2022_KR.pm
cp Encode/_T.e2x ../../lib/Encode/_T.e2x
cp lib/Encode/Supported.pod ../../lib/Encode/Supported.pod
cp lib/Encode/Config.pm ../../lib/Encode/Config.pm
cp lib/Encode/Encoder.pm ../../lib/Encode/Encoder.pm
cp lib/Encode/MIME/Header.pm ../../lib/Encode/MIME/Header.pm
cp lib/Encode/CN/HZ.pm ../../lib/Encode/CN/HZ.pm
cp Encode/_PM.e2x ../../lib/Encode/_PM.e2x
cp lib/Encode/CJKConstants.pm ../../lib/Encode/CJKConstants.pm
make[2]: Entering directory `/mnt/sda1/aethernet/subversion/checkout/main/trunk/autobuild/packages/perl/perl-5.8.8/unpack/perl-5.8.8/ext/Encode/Byte'
cp Byte.pm ../../../lib/Encode/Byte.pm
../../../miniperl "-I../../../lib" ../bin/enc2xs -"Q" -"O" -o byte_t.c -f byte_t.fnm
Reading iso-8859-2 (iso-8859-2)
Reading iso-8859-3 (iso-8859-3)
Reading iso-8859-4 (iso-8859-4)
Reading iso-8859-5 (iso-8859-5)
Reading iso-8859-6 (iso-8859-6)
Reading iso-8859-7 (iso-8859-7)
Reading iso-8859-8 (iso-8859-8)
Reading iso-8859-9 (iso-8859-9)
Reading iso-8859-10 (iso-8859-10)
Reading iso-8859-11 (iso-8859-11)
Reading iso-8859-13 (iso-8859-13)
Reading iso-8859-14 (iso-8859-14)
Reading iso-8859-15 (iso-8859-15)
Reading iso-8859-16 (iso-8859-16)
Reading AdobeStandardEncoding (AdobeStandardEncoding)
Reading cp1006 (cp1006)
Reading cp1250 (cp1250)
Reading cp1251 (cp1251)
Reading cp1252 (cp1252)
Reading cp1253 (cp1253)
Reading cp1254 (cp1254)
Reading cp1255 (cp1255)
Reading cp1256 (cp1256)
Reading cp1257 (cp1257)
Reading cp1258 (cp1258)
Reading cp424 (cp424)
Reading cp437 (cp437)
Reading cp737 (cp737)
Reading cp775 (cp775)
Reading cp850 (cp850)
Reading cp852 (cp852)
Reading cp855 (cp855)
Reading cp856 (cp856)
Reading cp857 (cp857)
Reading cp860 (cp860)
Reading cp861 (cp861)
Reading cp862 (cp862)
Reading cp863 (cp863)
Reading cp864 (cp864)
Reading cp865 (cp865)
Reading cp866 (cp866)
Reading cp869 (cp869)
Reading cp874 (cp874)
Reading gsm0338 (gsm0338)
Reading hp-roman8 (hp-roman8)
Reading koi8-f (koi8-f)
Reading koi8-r (koi8-r)
Reading koi8-u (koi8-u)
Reading MacArabic (MacArabic)
Reading MacCentralEurRoman (MacCentralEurRoman)
Reading MacCroatian (MacCroatian)
Reading MacCyrillic (MacCyrillic)
Reading MacFarsi (MacFarsi)
Reading MacGreek (MacGreek)
Reading MacHebrew (MacHebrew)
Reading MacIcelandic (MacIcelandic)
Reading MacRomanian (MacRomanian)
Reading MacRumanian (MacRumanian)
Reading MacRoman (MacRoman)
Reading MacSami (MacSami)
Reading MacThai (MacThai)
Reading MacTurkish (MacTurkish)
Reading MacUkrainian (MacUkrainian)
Reading nextstep (nextstep)
Reading viscii (viscii)
../../../miniperl "-I../../../lib" "-I../../../lib" ../../../lib/ExtUtils/xsubpp  -nolinenumbers -typemap ../../../lib/ExtUtils/typemap  Byte.xs > Byte.xsc && mv Byte.xsc Byte.c
cc -c  -I../Encode -fno-strict-aliasing -pipe -Wdeclaration-after-statement -D_LARGEFILE_SOURCE -D_FILE_OFFSET_BITS=64 -O2   -DVERSION=\"2.00\" -DXS_VERSION=\"2.00\" -fpic "-I../../.."   Byte.c
cc -c  -I../Encode -fno-strict-aliasing -pipe -Wdeclaration-after-statement -D_LARGEFILE_SOURCE -D_FILE_OFFSET_BITS=64 -O2   -DVERSION=\"2.00\" -DXS_VERSION=\"2.00\" -fpic "-I../../.."   byte_t.c
Running Mkbootstrap for Encode::Byte ()
chmod 644 Byte.bs
rm -f ../../../lib/auto/Encode/Byte/Byte.so
cc  -shared Byte.o byte_t.o  -o ../../../lib/auto/Encode/Byte/Byte.so 	\
     	\
  
chmod 755 ../../../lib/auto/Encode/Byte/Byte.so
cp Byte.bs ../../../lib/auto/Encode/Byte/Byte.bs
chmod 644 ../../../lib/auto/Encode/Byte/Byte.bs
make[2]: Leaving directory `/mnt/sda1/aethernet/subversion/checkout/main/trunk/autobuild/packages/perl/perl-5.8.8/unpack/perl-5.8.8/ext/Encode/Byte'
make[2]: Entering directory `/mnt/sda1/aethernet/subversion/checkout/main/trunk/autobuild/packages/perl/perl-5.8.8/unpack/perl-5.8.8/ext/Encode/CN'
cp CN.pm ../../../lib/Encode/CN.pm
../../../miniperl "-I../../../lib" ../bin/enc2xs -"Q" -o gb_02_t.c -f gb_02_t.fnm
Reading gb12345-raw (gb12345-raw)
../../../miniperl "-I../../../lib" ../bin/enc2xs -"Q" -o eu_01_t.c -f eu_01_t.fnm
Reading euc-cn (euc-cn)
../../../miniperl "-I../../../lib" ../bin/enc2xs -"Q" -o cp_00_t.c -f cp_00_t.fnm
Reading cp936 (cp936)
../../../miniperl "-I../../../lib" ../bin/enc2xs -"Q" -o ir_04_t.c -f ir_04_t.fnm
Reading iso-ir-165 (iso-ir-165)
../../../miniperl "-I../../../lib" ../bin/enc2xs -"Q" -o ma_05_t.c -f ma_05_t.fnm
Reading MacChineseSimp (MacChineseSimp)
../../../miniperl "-I../../../lib" ../bin/enc2xs -"Q" -o gb_03_t.c -f gb_03_t.fnm
Reading gb2312-raw (gb2312-raw)
../../../miniperl "-I../../../lib" "-I../../../lib" ../../../lib/ExtUtils/xsubpp -noprototypes -nolinenumbers -typemap ../../../lib/ExtUtils/typemap  CN.xs > CN.xsc && mv CN.xsc CN.c
cc -c  -I../Encode -fno-strict-aliasing -pipe -Wdeclaration-after-statement -D_LARGEFILE_SOURCE -D_FILE_OFFSET_BITS=64 -O2   -DVERSION=\"2.00\" -DXS_VERSION=\"2.00\" -fpic "-I../../.."   CN.c
cc -c  -I../Encode -fno-strict-aliasing -pipe -Wdeclaration-after-statement -D_LARGEFILE_SOURCE -D_FILE_OFFSET_BITS=64 -O2   -DVERSION=\"2.00\" -DXS_VERSION=\"2.00\" -fpic "-I../../.."   cp_00_t.c
cc -c  -I../Encode -fno-strict-aliasing -pipe -Wdeclaration-after-statement -D_LARGEFILE_SOURCE -D_FILE_OFFSET_BITS=64 -O2   -DVERSION=\"2.00\" -DXS_VERSION=\"2.00\" -fpic "-I../../.."   eu_01_t.c
cc -c  -I../Encode -fno-strict-aliasing -pipe -Wdeclaration-after-statement -D_LARGEFILE_SOURCE -D_FILE_OFFSET_BITS=64 -O2   -DVERSION=\"2.00\" -DXS_VERSION=\"2.00\" -fpic "-I../../.."   gb_02_t.c
cc -c  -I../Encode -fno-strict-aliasing -pipe -Wdeclaration-after-statement -D_LARGEFILE_SOURCE -D_FILE_OFFSET_BITS=64 -O2   -DVERSION=\"2.00\" -DXS_VERSION=\"2.00\" -fpic "-I../../.."   gb_03_t.c
cc -c  -I../Encode -fno-strict-aliasing -pipe -Wdeclaration-after-statement -D_LARGEFILE_SOURCE -D_FILE_OFFSET_BITS=64 -O2   -DVERSION=\"2.00\" -DXS_VERSION=\"2.00\" -fpic "-I../../.."   ir_04_t.c
cc -c  -I../Encode -fno-strict-aliasing -pipe -Wdeclaration-after-statement -D_LARGEFILE_SOURCE -D_FILE_OFFSET_BITS=64 -O2   -DVERSION=\"2.00\" -DXS_VERSION=\"2.00\" -fpic "-I../../.."   ma_05_t.c
Running Mkbootstrap for Encode::CN ()
chmod 644 CN.bs
rm -f ../../../lib/auto/Encode/CN/CN.so
cc  -shared CN.o cp_00_t.o eu_01_t.o gb_02_t.o gb_03_t.o ir_04_t.o ma_05_t.o  -o ../../../lib/auto/Encode/CN/CN.so 	\
     	\
  
chmod 755 ../../../lib/auto/Encode/CN/CN.so
cp CN.bs ../../../lib/auto/Encode/CN/CN.bs
chmod 644 ../../../lib/auto/Encode/CN/CN.bs
make[2]: Leaving directory `/mnt/sda1/aethernet/subversion/checkout/main/trunk/autobuild/packages/perl/perl-5.8.8/unpack/perl-5.8.8/ext/Encode/CN'
make[2]: Entering directory `/mnt/sda1/aethernet/subversion/checkout/main/trunk/autobuild/packages/perl/perl-5.8.8/unpack/perl-5.8.8/ext/Encode/EBCDIC'
cp EBCDIC.pm ../../../lib/Encode/EBCDIC.pm
../../../miniperl "-I../../../lib" ../bin/enc2xs -"Q" -"O" -o ebcdic_t.c -f ebcdic_t.fnm
Reading cp37 (cp37)
Reading cp1026 (cp1026)
Reading cp1047 (cp1047)
Reading cp500 (cp500)
Reading cp875 (cp875)
Reading posix-bc (posix-bc)
../../../miniperl "-I../../../lib" "-I../../../lib" ../../../lib/ExtUtils/xsubpp  -nolinenumbers -typemap ../../../lib/ExtUtils/typemap  EBCDIC.xs > EBCDIC.xsc && mv EBCDIC.xsc EBCDIC.c
cc -c  -I../Encode -fno-strict-aliasing -pipe -Wdeclaration-after-statement -D_LARGEFILE_SOURCE -D_FILE_OFFSET_BITS=64 -O2   -DVERSION=\"2.00\" -DXS_VERSION=\"2.00\" -fpic "-I../../.."   EBCDIC.c
cc -c  -I../Encode -fno-strict-aliasing -pipe -Wdeclaration-after-statement -D_LARGEFILE_SOURCE -D_FILE_OFFSET_BITS=64 -O2   -DVERSION=\"2.00\" -DXS_VERSION=\"2.00\" -fpic "-I../../.."   ebcdic_t.c
Running Mkbootstrap for Encode::EBCDIC ()
chmod 644 EBCDIC.bs
rm -f ../../../lib/auto/Encode/EBCDIC/EBCDIC.so
cc  -shared EBCDIC.o ebcdic_t.o  -o ../../../lib/auto/Encode/EBCDIC/EBCDIC.so 	\
     	\
  
chmod 755 ../../../lib/auto/Encode/EBCDIC/EBCDIC.so
cp EBCDIC.bs ../../../lib/auto/Encode/EBCDIC/EBCDIC.bs
chmod 644 ../../../lib/auto/Encode/EBCDIC/EBCDIC.bs
make[2]: Leaving directory `/mnt/sda1/aethernet/subversion/checkout/main/trunk/autobuild/packages/perl/perl-5.8.8/unpack/perl-5.8.8/ext/Encode/EBCDIC'
make[2]: Entering directory `/mnt/sda1/aethernet/subversion/checkout/main/trunk/autobuild/packages/perl/perl-5.8.8/unpack/perl-5.8.8/ext/Encode/JP'
cp JP.pm ../../../lib/Encode/JP.pm
../../../miniperl "-I../../../lib" ../bin/enc2xs -"Q" -o ji_02_t.c -f ji_02_t.fnm
Reading jis0201-raw (jis0201-raw)
../../../miniperl "-I../../../lib" ../bin/enc2xs -"Q" -o ji_03_t.c -f ji_03_t.fnm
Reading jis0208-raw (jis0208-raw)
../../../miniperl "-I../../../lib" ../bin/enc2xs -"Q" -o eu_01_t.c -f eu_01_t.fnm
Reading euc-jp (euc-jp)
../../../miniperl "-I../../../lib" ../bin/enc2xs -"Q" -o cp_00_t.c -f cp_00_t.fnm
Reading cp932 (cp932)
../../../miniperl "-I../../../lib" ../bin/enc2xs -"Q" -o ji_04_t.c -f ji_04_t.fnm
Reading jis0212-raw (jis0212-raw)
../../../miniperl "-I../../../lib" ../bin/enc2xs -"Q" -o sh_06_t.c -f sh_06_t.fnm
Reading shiftjis (shiftjis)
../../../miniperl "-I../../../lib" ../bin/enc2xs -"Q" -o ma_05_t.c -f ma_05_t.fnm
Reading MacJapanese (MacJapanese)
../../../miniperl "-I../../../lib" "-I../../../lib" ../../../lib/ExtUtils/xsubpp  -nolinenumbers -typemap ../../../lib/ExtUtils/typemap  JP.xs > JP.xsc && mv JP.xsc JP.c
cc -c  -I../Encode -fno-strict-aliasing -pipe -Wdeclaration-after-statement -D_LARGEFILE_SOURCE -D_FILE_OFFSET_BITS=64 -O2   -DVERSION=\"2.01\" -DXS_VERSION=\"2.01\" -fpic "-I../../.."   JP.c
cc -c  -I../Encode -fno-strict-aliasing -pipe -Wdeclaration-after-statement -D_LARGEFILE_SOURCE -D_FILE_OFFSET_BITS=64 -O2   -DVERSION=\"2.01\" -DXS_VERSION=\"2.01\" -fpic "-I../../.."   cp_00_t.c
cc -c  -I../Encode -fno-strict-aliasing -pipe -Wdeclaration-after-statement -D_LARGEFILE_SOURCE -D_FILE_OFFSET_BITS=64 -O2   -DVERSION=\"2.01\" -DXS_VERSION=\"2.01\" -fpic "-I../../.."   eu_01_t.c
cc -c  -I../Encode -fno-strict-aliasing -pipe -Wdeclaration-after-statement -D_LARGEFILE_SOURCE -D_FILE_OFFSET_BITS=64 -O2   -DVERSION=\"2.01\" -DXS_VERSION=\"2.01\" -fpic "-I../../.."   ji_02_t.c
cc -c  -I../Encode -fno-strict-aliasing -pipe -Wdeclaration-after-statement -D_LARGEFILE_SOURCE -D_FILE_OFFSET_BITS=64 -O2   -DVERSION=\"2.01\" -DXS_VERSION=\"2.01\" -fpic "-I../../.."   ji_03_t.c
cc -c  -I../Encode -fno-strict-aliasing -pipe -Wdeclaration-after-statement -D_LARGEFILE_SOURCE -D_FILE_OFFSET_BITS=64 -O2   -DVERSION=\"2.01\" -DXS_VERSION=\"2.01\" -fpic "-I../../.."   ji_04_t.c
cc -c  -I../Encode -fno-strict-aliasing -pipe -Wdeclaration-after-statement -D_LARGEFILE_SOURCE -D_FILE_OFFSET_BITS=64 -O2   -DVERSION=\"2.01\" -DXS_VERSION=\"2.01\" -fpic "-I../../.."   ma_05_t.c
cc -c  -I../Encode -fno-strict-aliasing -pipe -Wdeclaration-after-statement -D_LARGEFILE_SOURCE -D_FILE_OFFSET_BITS=64 -O2   -DVERSION=\"2.01\" -DXS_VERSION=\"2.01\" -fpic "-I../../.."   sh_06_t.c
Running Mkbootstrap for Encode::JP ()
chmod 644 JP.bs
rm -f ../../../lib/auto/Encode/JP/JP.so
cc  -shared JP.o cp_00_t.o eu_01_t.o ji_02_t.o ji_03_t.o ji_04_t.o ma_05_t.o sh_06_t.o  -o ../../../lib/auto/Encode/JP/JP.so 	\
     	\
  
chmod 755 ../../../lib/auto/Encode/JP/JP.so
cp JP.bs ../../../lib/auto/Encode/JP/JP.bs
chmod 644 ../../../lib/auto/Encode/JP/JP.bs
make[2]: Leaving directory `/mnt/sda1/aethernet/subversion/checkout/main/trunk/autobuild/packages/perl/perl-5.8.8/unpack/perl-5.8.8/ext/Encode/JP'
make[2]: Entering directory `/mnt/sda1/aethernet/subversion/checkout/main/trunk/autobuild/packages/perl/perl-5.8.8/unpack/perl-5.8.8/ext/Encode/KR'
cp KR.pm ../../../lib/Encode/KR.pm
../../../miniperl "-I../../../lib" ../bin/enc2xs -"Q" -o ma_04_t.c -f ma_04_t.fnm
Reading MacKorean (MacKorean)
../../../miniperl "-I../../../lib" ../bin/enc2xs -"Q" -o ks_03_t.c -f ks_03_t.fnm
Reading ksc5601-raw (ksc5601-raw)
../../../miniperl "-I../../../lib" ../bin/enc2xs -"Q" -o jo_02_t.c -f jo_02_t.fnm
Reading johab (johab)
../../../miniperl "-I../../../lib" ../bin/enc2xs -"Q" -o eu_01_t.c -f eu_01_t.fnm
Reading euc-kr (euc-kr)
../../../miniperl "-I../../../lib" ../bin/enc2xs -"Q" -o cp_00_t.c -f cp_00_t.fnm
Reading cp949 (cp949)
../../../miniperl "-I../../../lib" "-I../../../lib" ../../../lib/ExtUtils/xsubpp  -nolinenumbers -typemap ../../../lib/ExtUtils/typemap  KR.xs > KR.xsc && mv KR.xsc KR.c
cc -c  -I../Encode -fno-strict-aliasing -pipe -Wdeclaration-after-statement -D_LARGEFILE_SOURCE -D_FILE_OFFSET_BITS=64 -O2   -DVERSION=\"2.00\" -DXS_VERSION=\"2.00\" -fpic "-I../../.."   KR.c
cc -c  -I../Encode -fno-strict-aliasing -pipe -Wdeclaration-after-statement -D_LARGEFILE_SOURCE -D_FILE_OFFSET_BITS=64 -O2   -DVERSION=\"2.00\" -DXS_VERSION=\"2.00\" -fpic "-I../../.."   cp_00_t.c
cc -c  -I../Encode -fno-strict-aliasing -pipe -Wdeclaration-after-statement -D_LARGEFILE_SOURCE -D_FILE_OFFSET_BITS=64 -O2   -DVERSION=\"2.00\" -DXS_VERSION=\"2.00\" -fpic "-I../../.."   eu_01_t.c
cc -c  -I../Encode -fno-strict-aliasing -pipe -Wdeclaration-after-statement -D_LARGEFILE_SOURCE -D_FILE_OFFSET_BITS=64 -O2   -DVERSION=\"2.00\" -DXS_VERSION=\"2.00\" -fpic "-I../../.."   jo_02_t.c
cc -c  -I../Encode -fno-strict-aliasing -pipe -Wdeclaration-after-statement -D_LARGEFILE_SOURCE -D_FILE_OFFSET_BITS=64 -O2   -DVERSION=\"2.00\" -DXS_VERSION=\"2.00\" -fpic "-I../../.."   ks_03_t.c
cc -c  -I../Encode -fno-strict-aliasing -pipe -Wdeclaration-after-statement -D_LARGEFILE_SOURCE -D_FILE_OFFSET_BITS=64 -O2   -DVERSION=\"2.00\" -DXS_VERSION=\"2.00\" -fpic "-I../../.."   ma_04_t.c
Running Mkbootstrap for Encode::KR ()
chmod 644 KR.bs
rm -f ../../../lib/auto/Encode/KR/KR.so
cc  -shared KR.o cp_00_t.o eu_01_t.o jo_02_t.o ks_03_t.o ma_04_t.o  -o ../../../lib/auto/Encode/KR/KR.so 	\
     	\
  
chmod 755 ../../../lib/auto/Encode/KR/KR.so
cp KR.bs ../../../lib/auto/Encode/KR/KR.bs
chmod 644 ../../../lib/auto/Encode/KR/KR.bs
make[2]: Leaving directory `/mnt/sda1/aethernet/subversion/checkout/main/trunk/autobuild/packages/perl/perl-5.8.8/unpack/perl-5.8.8/ext/Encode/KR'
make[2]: Entering directory `/mnt/sda1/aethernet/subversion/checkout/main/trunk/autobuild/packages/perl/perl-5.8.8/unpack/perl-5.8.8/ext/Encode/Symbol'
cp Symbol.pm ../../../lib/Encode/Symbol.pm
../../../miniperl "-I../../../lib" ../bin/enc2xs -"Q" -"O" -o symbol_t.c -f symbol_t.fnm
Reading AdobeSymbol (AdobeSymbol)
Reading AdobeZdingbat (AdobeZdingbat)
Reading dingbats (dingbats)
Reading MacDingbats (MacDingbats)
Reading MacSymbol (MacSymbol)
Reading symbol (symbol)
../../../miniperl "-I../../../lib" "-I../../../lib" ../../../lib/ExtUtils/xsubpp  -nolinenumbers -typemap ../../../lib/ExtUtils/typemap  Symbol.xs > Symbol.xsc && mv Symbol.xsc Symbol.c
cc -c  -I../Encode -fno-strict-aliasing -pipe -Wdeclaration-after-statement -D_LARGEFILE_SOURCE -D_FILE_OFFSET_BITS=64 -O2   -DVERSION=\"2.00\" -DXS_VERSION=\"2.00\" -fpic "-I../../.."   Symbol.c
cc -c  -I../Encode -fno-strict-aliasing -pipe -Wdeclaration-after-statement -D_LARGEFILE_SOURCE -D_FILE_OFFSET_BITS=64 -O2   -DVERSION=\"2.00\" -DXS_VERSION=\"2.00\" -fpic "-I../../.."   symbol_t.c
Running Mkbootstrap for Encode::Symbol ()
chmod 644 Symbol.bs
rm -f ../../../lib/auto/Encode/Symbol/Symbol.so
cc  -shared Symbol.o symbol_t.o  -o ../../../lib/auto/Encode/Symbol/Symbol.so 	\
     	\
  
chmod 755 ../../../lib/auto/Encode/Symbol/Symbol.so
cp Symbol.bs ../../../lib/auto/Encode/Symbol/Symbol.bs
chmod 644 ../../../lib/auto/Encode/Symbol/Symbol.bs
make[2]: Leaving directory `/mnt/sda1/aethernet/subversion/checkout/main/trunk/autobuild/packages/perl/perl-5.8.8/unpack/perl-5.8.8/ext/Encode/Symbol'
make[2]: Entering directory `/mnt/sda1/aethernet/subversion/checkout/main/trunk/autobuild/packages/perl/perl-5.8.8/unpack/perl-5.8.8/ext/Encode/TW'
cp TW.pm ../../../lib/Encode/TW.pm
../../../miniperl "-I../../../lib" ../bin/enc2xs -"Q" -o bi_01_t.c -f bi_01_t.fnm
Reading big5-hkscs (big5-hkscs)
../../../miniperl "-I../../../lib" ../bin/enc2xs -"Q" -o ma_03_t.c -f ma_03_t.fnm
Reading MacChineseTrad (MacChineseTrad)
../../../miniperl "-I../../../lib" ../bin/enc2xs -"Q" -o cp_02_t.c -f cp_02_t.fnm
Reading cp950 (cp950)
../../../miniperl "-I../../../lib" ../bin/enc2xs -"Q" -o bi_00_t.c -f bi_00_t.fnm
Reading big5-eten (big5-eten)
../../../miniperl "-I../../../lib" "-I../../../lib" ../../../lib/ExtUtils/xsubpp  -nolinenumbers -typemap ../../../lib/ExtUtils/typemap  TW.xs > TW.xsc && mv TW.xsc TW.c
cc -c  -I../Encode -fno-strict-aliasing -pipe -Wdeclaration-after-statement -D_LARGEFILE_SOURCE -D_FILE_OFFSET_BITS=64 -O2   -DVERSION=\"2.00\" -DXS_VERSION=\"2.00\" -fpic "-I../../.."   TW.c
cc -c  -I../Encode -fno-strict-aliasing -pipe -Wdeclaration-after-statement -D_LARGEFILE_SOURCE -D_FILE_OFFSET_BITS=64 -O2   -DVERSION=\"2.00\" -DXS_VERSION=\"2.00\" -fpic "-I../../.."   bi_00_t.c
cc -c  -I../Encode -fno-strict-aliasing -pipe -Wdeclaration-after-statement -D_LARGEFILE_SOURCE -D_FILE_OFFSET_BITS=64 -O2   -DVERSION=\"2.00\" -DXS_VERSION=\"2.00\" -fpic "-I../../.."   bi_01_t.c
cc -c  -I../Encode -fno-strict-aliasing -pipe -Wdeclaration-after-statement -D_LARGEFILE_SOURCE -D_FILE_OFFSET_BITS=64 -O2   -DVERSION=\"2.00\" -DXS_VERSION=\"2.00\" -fpic "-I../../.."   cp_02_t.c
cc -c  -I../Encode -fno-strict-aliasing -pipe -Wdeclaration-after-statement -D_LARGEFILE_SOURCE -D_FILE_OFFSET_BITS=64 -O2   -DVERSION=\"2.00\" -DXS_VERSION=\"2.00\" -fpic "-I../../.."   ma_03_t.c
Running Mkbootstrap for Encode::TW ()
chmod 644 TW.bs
rm -f ../../../lib/auto/Encode/TW/TW.so
cc  -shared TW.o bi_00_t.o bi_01_t.o cp_02_t.o ma_03_t.o  -o ../../../lib/auto/Encode/TW/TW.so 	\
     	\
  
chmod 755 ../../../lib/auto/Encode/TW/TW.so
cp TW.bs ../../../lib/auto/Encode/TW/TW.bs
chmod 644 ../../../lib/auto/Encode/TW/TW.bs
make[2]: Leaving directory `/mnt/sda1/aethernet/subversion/checkout/main/trunk/autobuild/packages/perl/perl-5.8.8/unpack/perl-5.8.8/ext/Encode/TW'
make[2]: Entering directory `/mnt/sda1/aethernet/subversion/checkout/main/trunk/autobuild/packages/perl/perl-5.8.8/unpack/perl-5.8.8/ext/Encode/Unicode'
cp Unicode.pm ../../../lib/Encode/Unicode.pm
../../../miniperl "-I../../../lib" "-I../../../lib" ../../../lib/ExtUtils/xsubpp  -typemap ../../../lib/ExtUtils/typemap  Unicode.xs > Unicode.xsc && mv Unicode.xsc Unicode.c
cc -c  -I../Encode -fno-strict-aliasing -pipe -Wdeclaration-after-statement -D_LARGEFILE_SOURCE -D_FILE_OFFSET_BITS=64 -O2   -DVERSION=\"2.02\" -DXS_VERSION=\"2.02\" -fpic "-I../../.."   Unicode.c
Running Mkbootstrap for Encode::Unicode ()
chmod 644 Unicode.bs
rm -f ../../../lib/auto/Encode/Unicode/Unicode.so
cc  -shared Unicode.o  -o ../../../lib/auto/Encode/Unicode/Unicode.so 	\
     	\
  
chmod 755 ../../../lib/auto/Encode/Unicode/Unicode.so
cp Unicode.bs ../../../lib/auto/Encode/Unicode/Unicode.bs
chmod 644 ../../../lib/auto/Encode/Unicode/Unicode.bs
make[2]: Leaving directory `/mnt/sda1/aethernet/subversion/checkout/main/trunk/autobuild/packages/perl/perl-5.8.8/unpack/perl-5.8.8/ext/Encode/Unicode'
../../miniperl "-I../../lib" "-I../../lib" ../../lib/ExtUtils/xsubpp  -typemap ../../lib/ExtUtils/typemap  Encode.xs > Encode.xsc && mv Encode.xsc Encode.c
../../miniperl "-I../../lib" bin/enc2xs -"Q" -"O" -o def_t.c -f def_t.fnm
Reading iso-8859-1 (iso-8859-1)
Reading ascii (ascii)
Reading ascii-ctrl (ascii-ctrl)
Reading null (null)
cc -c  -I./Encode -fno-strict-aliasing -pipe -Wdeclaration-after-statement -D_LARGEFILE_SOURCE -D_FILE_OFFSET_BITS=64 -O2   -DVERSION=\"2.12\" -DXS_VERSION=\"2.12\" -fpic "-I../.."   Encode.c
cc -c  -I./Encode -fno-strict-aliasing -pipe -Wdeclaration-after-statement -D_LARGEFILE_SOURCE -D_FILE_OFFSET_BITS=64 -O2   -DVERSION=\"2.12\" -DXS_VERSION=\"2.12\" -fpic "-I../.."   def_t.c
cc -c  -I./Encode -fno-strict-aliasing -pipe -Wdeclaration-after-statement -D_LARGEFILE_SOURCE -D_FILE_OFFSET_BITS=64 -O2   -DVERSION=\"2.12\" -DXS_VERSION=\"2.12\" -fpic "-I../.."   encengine.c
Running Mkbootstrap for Encode ()
chmod 644 Encode.bs
rm -f ../../lib/auto/Encode/Encode.so
cc  -shared Encode.o def_t.o encengine.o  -o ../../lib/auto/Encode/Encode.so 	\
     	\
  
chmod 755 ../../lib/auto/Encode/Encode.so
cp Encode.bs ../../lib/auto/Encode/Encode.bs
chmod 644 ../../lib/auto/Encode/Encode.bs
cp bin/piconv blib/script/piconv
../../miniperl "-I../../lib" "-I../../lib" "-MExtUtils::MY" -e "MY->fixin(shift)" blib/script/piconv
cp bin/enc2xs blib/script/enc2xs
../../miniperl "-I../../lib" "-I../../lib" "-MExtUtils::MY" -e "MY->fixin(shift)" blib/script/enc2xs
Manifying blib/man1/piconv.1
Manifying blib/man1/enc2xs.1
make[1]: Leaving directory `/mnt/sda1/aethernet/subversion/checkout/main/trunk/autobuild/packages/perl/perl-5.8.8/unpack/perl-5.8.8/ext/Encode'

	Making Fcntl (dynamic)
Writing Makefile for Fcntl
make[1]: Entering directory `/mnt/sda1/aethernet/subversion/checkout/main/trunk/autobuild/packages/perl/perl-5.8.8/unpack/perl-5.8.8/ext/Fcntl'
make[1]: Leaving directory `/mnt/sda1/aethernet/subversion/checkout/main/trunk/autobuild/packages/perl/perl-5.8.8/unpack/perl-5.8.8/ext/Fcntl'
make[1]: Entering directory `/mnt/sda1/aethernet/subversion/checkout/main/trunk/autobuild/packages/perl/perl-5.8.8/unpack/perl-5.8.8/ext/Fcntl'
cp Fcntl.pm ../../lib/Fcntl.pm
../../miniperl "-I../../lib" "-I../../lib" ../../lib/ExtUtils/xsubpp -noprototypes -typemap ../../lib/ExtUtils/typemap  Fcntl.xs > Fcntl.xsc && mv Fcntl.xsc Fcntl.c
cc -c   -fno-strict-aliasing -pipe -Wdeclaration-after-statement -D_LARGEFILE_SOURCE -D_FILE_OFFSET_BITS=64 -O2   -DVERSION=\"1.05\" -DXS_VERSION=\"1.05\" -fpic "-I../.."   Fcntl.c
Running Mkbootstrap for Fcntl ()
chmod 644 Fcntl.bs
rm -f ../../lib/auto/Fcntl/Fcntl.so
cc  -shared Fcntl.o  -o ../../lib/auto/Fcntl/Fcntl.so 	\
     	\
  
chmod 755 ../../lib/auto/Fcntl/Fcntl.so
cp Fcntl.bs ../../lib/auto/Fcntl/Fcntl.bs
chmod 644 ../../lib/auto/Fcntl/Fcntl.bs
make[1]: Leaving directory `/mnt/sda1/aethernet/subversion/checkout/main/trunk/autobuild/packages/perl/perl-5.8.8/unpack/perl-5.8.8/ext/Fcntl'

	Making File::Glob (dynamic)
Writing Makefile for File::Glob
make[1]: Entering directory `/mnt/sda1/aethernet/subversion/checkout/main/trunk/autobuild/packages/perl/perl-5.8.8/unpack/perl-5.8.8/ext/File/Glob'
make[1]: Leaving directory `/mnt/sda1/aethernet/subversion/checkout/main/trunk/autobuild/packages/perl/perl-5.8.8/unpack/perl-5.8.8/ext/File/Glob'
make[1]: Entering directory `/mnt/sda1/aethernet/subversion/checkout/main/trunk/autobuild/packages/perl/perl-5.8.8/unpack/perl-5.8.8/ext/File/Glob'
cp Glob.pm ../../../lib/File/Glob.pm
cc -c   -fno-strict-aliasing -pipe -Wdeclaration-after-statement -D_LARGEFILE_SOURCE -D_FILE_OFFSET_BITS=64 -O2   -DVERSION=\"1.05\" -DXS_VERSION=\"1.05\" -fpic "-I../../.."   bsd_glob.c
../../../miniperl "-I../../../lib" "-I../../../lib" ../../../lib/ExtUtils/xsubpp  -typemap ../../../lib/ExtUtils/typemap  Glob.xs > Glob.xsc && mv Glob.xsc Glob.c
cc -c   -fno-strict-aliasing -pipe -Wdeclaration-after-statement -D_LARGEFILE_SOURCE -D_FILE_OFFSET_BITS=64 -O2   -DVERSION=\"1.05\" -DXS_VERSION=\"1.05\" -fpic "-I../../.."   Glob.c
Running Mkbootstrap for File::Glob ()
chmod 644 Glob.bs
rm -f ../../../lib/auto/File/Glob/Glob.so
cc  -shared bsd_glob.o Glob.o  -o ../../../lib/auto/File/Glob/Glob.so 	\
     	\
  
chmod 755 ../../../lib/auto/File/Glob/Glob.so
cp Glob.bs ../../../lib/auto/File/Glob/Glob.bs
chmod 644 ../../../lib/auto/File/Glob/Glob.bs
make[1]: Leaving directory `/mnt/sda1/aethernet/subversion/checkout/main/trunk/autobuild/packages/perl/perl-5.8.8/unpack/perl-5.8.8/ext/File/Glob'

	Making Filter::Util::Call (dynamic)
Writing Makefile for Filter::Util::Call
make[1]: Entering directory `/mnt/sda1/aethernet/subversion/checkout/main/trunk/autobuild/packages/perl/perl-5.8.8/unpack/perl-5.8.8/ext/Filter/Util/Call'
make[1]: Leaving directory `/mnt/sda1/aethernet/subversion/checkout/main/trunk/autobuild/packages/perl/perl-5.8.8/unpack/perl-5.8.8/ext/Filter/Util/Call'
make[1]: Entering directory `/mnt/sda1/aethernet/subversion/checkout/main/trunk/autobuild/packages/perl/perl-5.8.8/unpack/perl-5.8.8/ext/Filter/Util/Call'
cp Call.pm ../../../../lib/Filter/Util/Call.pm
../../../../miniperl "-I../../../../lib" "-I../../../../lib" ../../../../lib/ExtUtils/xsubpp  -typemap ../../../../lib/ExtUtils/typemap  Call.xs > Call.xsc && mv Call.xsc Call.c
cc -c   -fno-strict-aliasing -pipe -Wdeclaration-after-statement -D_LARGEFILE_SOURCE -D_FILE_OFFSET_BITS=64 -O2   -DVERSION=\"1.0601\" -DXS_VERSION=\"1.0601\" -fpic "-I../../../.."   Call.c
Running Mkbootstrap for Filter::Util::Call ()
chmod 644 Call.bs
rm -f ../../../../lib/auto/Filter/Util/Call/Call.so
cc  -shared Call.o  -o ../../../../lib/auto/Filter/Util/Call/Call.so 	\
     	\
  
chmod 755 ../../../../lib/auto/Filter/Util/Call/Call.so
cp Call.bs ../../../../lib/auto/Filter/Util/Call/Call.bs
chmod 644 ../../../../lib/auto/Filter/Util/Call/Call.bs
make[1]: Leaving directory `/mnt/sda1/aethernet/subversion/checkout/main/trunk/autobuild/packages/perl/perl-5.8.8/unpack/perl-5.8.8/ext/Filter/Util/Call'

	Making I18N::Langinfo (dynamic)
Writing Makefile for I18N::Langinfo
make[1]: Entering directory `/mnt/sda1/aethernet/subversion/checkout/main/trunk/autobuild/packages/perl/perl-5.8.8/unpack/perl-5.8.8/ext/I18N/Langinfo'
make[1]: Leaving directory `/mnt/sda1/aethernet/subversion/checkout/main/trunk/autobuild/packages/perl/perl-5.8.8/unpack/perl-5.8.8/ext/I18N/Langinfo'
make[1]: Entering directory `/mnt/sda1/aethernet/subversion/checkout/main/trunk/autobuild/packages/perl/perl-5.8.8/unpack/perl-5.8.8/ext/I18N/Langinfo'
cp Langinfo.pm ../../../lib/I18N/Langinfo.pm
AutoSplitting ../../../lib/I18N/Langinfo.pm (../../../lib/auto/I18N/Langinfo)
../../../miniperl "-I../../../lib" "-I../../../lib" ../../../lib/ExtUtils/xsubpp  -typemap ../../../lib/ExtUtils/typemap  Langinfo.xs > Langinfo.xsc && mv Langinfo.xsc Langinfo.c
cc -c   -fno-strict-aliasing -pipe -Wdeclaration-after-statement -D_LARGEFILE_SOURCE -D_FILE_OFFSET_BITS=64 -O2   -DVERSION=\"0.02\" -DXS_VERSION=\"0.02\" -fpic "-I../../.."   Langinfo.c
Running Mkbootstrap for I18N::Langinfo ()
chmod 644 Langinfo.bs
rm -f ../../../lib/auto/I18N/Langinfo/Langinfo.so
cc  -shared Langinfo.o  -o ../../../lib/auto/I18N/Langinfo/Langinfo.so 	\
     	\
  
chmod 755 ../../../lib/auto/I18N/Langinfo/Langinfo.so
cp Langinfo.bs ../../../lib/auto/I18N/Langinfo/Langinfo.bs
chmod 644 ../../../lib/auto/I18N/Langinfo/Langinfo.bs
make[1]: Leaving directory `/mnt/sda1/aethernet/subversion/checkout/main/trunk/autobuild/packages/perl/perl-5.8.8/unpack/perl-5.8.8/ext/I18N/Langinfo'

	Making IO (dynamic)
Writing Makefile for IO
make[1]: Entering directory `/mnt/sda1/aethernet/subversion/checkout/main/trunk/autobuild/packages/perl/perl-5.8.8/unpack/perl-5.8.8/ext/IO'
make[1]: Leaving directory `/mnt/sda1/aethernet/subversion/checkout/main/trunk/autobuild/packages/perl/perl-5.8.8/unpack/perl-5.8.8/ext/IO'
make[1]: Entering directory `/mnt/sda1/aethernet/subversion/checkout/main/trunk/autobuild/packages/perl/perl-5.8.8/unpack/perl-5.8.8/ext/IO'
cp lib/IO/Pipe.pm ../../lib/IO/Pipe.pm
cp lib/IO/File.pm ../../lib/IO/File.pm
cp lib/IO/Select.pm ../../lib/IO/Select.pm
cp lib/IO/Socket/INET.pm ../../lib/IO/Socket/INET.pm
cp lib/IO/Socket.pm ../../lib/IO/Socket.pm
cp lib/IO/Poll.pm ../../lib/IO/Poll.pm
cp lib/IO/Socket/UNIX.pm ../../lib/IO/Socket/UNIX.pm
cp lib/IO/Handle.pm ../../lib/IO/Handle.pm
cp lib/IO/Dir.pm ../../lib/IO/Dir.pm
cp lib/IO/Seekable.pm ../../lib/IO/Seekable.pm
cp IO.pm ../../lib/IO.pm
../../miniperl "-I../../lib" "-I../../lib" ../../lib/ExtUtils/xsubpp  -typemap ../../lib/ExtUtils/typemap  IO.xs > IO.xsc && mv IO.xsc IO.c
cc -c   -fno-strict-aliasing -pipe -Wdeclaration-after-statement -D_LARGEFILE_SOURCE -D_FILE_OFFSET_BITS=64 -O2   -DVERSION=\"1.22\" -DXS_VERSION=\"1.22\" -fpic "-I../.."   IO.c
cc -c   -fno-strict-aliasing -pipe -Wdeclaration-after-statement -D_LARGEFILE_SOURCE -D_FILE_OFFSET_BITS=64 -O2   -DVERSION=\"1.22\" -DXS_VERSION=\"1.22\" -fpic "-I../.."   poll.c
Running Mkbootstrap for IO ()
chmod 644 IO.bs
rm -f ../../lib/auto/IO/IO.so
cc  -shared IO.o poll.o  -o ../../lib/auto/IO/IO.so 	\
     	\
  
chmod 755 ../../lib/auto/IO/IO.so
cp IO.bs ../../lib/auto/IO/IO.bs
chmod 644 ../../lib/auto/IO/IO.bs
make[1]: Leaving directory `/mnt/sda1/aethernet/subversion/checkout/main/trunk/autobuild/packages/perl/perl-5.8.8/unpack/perl-5.8.8/ext/IO'

	Making IPC::SysV (dynamic)
Checking if your kit is complete...
Looks good
Writing Makefile for IPC::SysV
make[1]: Entering directory `/mnt/sda1/aethernet/subversion/checkout/main/trunk/autobuild/packages/perl/perl-5.8.8/unpack/perl-5.8.8/ext/IPC/SysV'
make[1]: Leaving directory `/mnt/sda1/aethernet/subversion/checkout/main/trunk/autobuild/packages/perl/perl-5.8.8/unpack/perl-5.8.8/ext/IPC/SysV'
make[1]: Entering directory `/mnt/sda1/aethernet/subversion/checkout/main/trunk/autobuild/packages/perl/perl-5.8.8/unpack/perl-5.8.8/ext/IPC/SysV'
cp Msg.pm ../../../lib/IPC/Msg.pm
cp Semaphore.pm ../../../lib/IPC/Semaphore.pm
cp SysV.pm ../../../lib/IPC/SysV.pm
../../../miniperl "-I../../../lib" "-I../../../lib" ../../../lib/ExtUtils/xsubpp  -typemap ../../../lib/ExtUtils/typemap  SysV.xs > SysV.xsc && mv SysV.xsc SysV.c
cc -c   -fno-strict-aliasing -pipe -Wdeclaration-after-statement -D_LARGEFILE_SOURCE -D_FILE_OFFSET_BITS=64 -O2   -DVERSION=\"1.04\" -DXS_VERSION=\"1.04\" -fpic "-I../../.."   SysV.c
Running Mkbootstrap for IPC::SysV ()
chmod 644 SysV.bs
rm -f ../../../lib/auto/IPC/SysV/SysV.so
cc  -shared SysV.o  -o ../../../lib/auto/IPC/SysV/SysV.so 	\
     	\
  
chmod 755 ../../../lib/auto/IPC/SysV/SysV.so
cp SysV.bs ../../../lib/auto/IPC/SysV/SysV.bs
chmod 644 ../../../lib/auto/IPC/SysV/SysV.bs
make[1]: Leaving directory `/mnt/sda1/aethernet/subversion/checkout/main/trunk/autobuild/packages/perl/perl-5.8.8/unpack/perl-5.8.8/ext/IPC/SysV'

	Making List::Util (dynamic)
Writing Makefile for List::Util
make[1]: Entering directory `/mnt/sda1/aethernet/subversion/checkout/main/trunk/autobuild/packages/perl/perl-5.8.8/unpack/perl-5.8.8/ext/List/Util'
make[1]: Leaving directory `/mnt/sda1/aethernet/subversion/checkout/main/trunk/autobuild/packages/perl/perl-5.8.8/unpack/perl-5.8.8/ext/List/Util'
make[1]: Entering directory `/mnt/sda1/aethernet/subversion/checkout/main/trunk/autobuild/packages/perl/perl-5.8.8/unpack/perl-5.8.8/ext/List/Util'
cp lib/List/Util.pm ../../../lib/List/Util.pm
cp lib/Scalar/Util.pm ../../../lib/Scalar/Util.pm
../../../miniperl "-I../../../lib" "-I../../../lib" ../../../lib/ExtUtils/xsubpp  -typemap ../../../lib/ExtUtils/typemap  Util.xs > Util.xsc && mv Util.xsc Util.c
cc -c   -fno-strict-aliasing -pipe -Wdeclaration-after-statement -D_LARGEFILE_SOURCE -D_FILE_OFFSET_BITS=64 -O2   -DVERSION=\"1.18\" -DXS_VERSION=\"1.18\" -fpic "-I../../.."  -DPERL_EXT Util.c
Running Mkbootstrap for List::Util ()
chmod 644 Util.bs
rm -f ../../../lib/auto/List/Util/Util.so
cc  -shared Util.o  -o ../../../lib/auto/List/Util/Util.so 	\
     	\
  
chmod 755 ../../../lib/auto/List/Util/Util.so
cp Util.bs ../../../lib/auto/List/Util/Util.bs
chmod 644 ../../../lib/auto/List/Util/Util.bs
make[1]: Leaving directory `/mnt/sda1/aethernet/subversion/checkout/main/trunk/autobuild/packages/perl/perl-5.8.8/unpack/perl-5.8.8/ext/List/Util'

	Making MIME::Base64 (dynamic)
Writing Makefile for MIME::Base64
make[1]: Entering directory `/mnt/sda1/aethernet/subversion/checkout/main/trunk/autobuild/packages/perl/perl-5.8.8/unpack/perl-5.8.8/ext/MIME/Base64'
make[1]: Leaving directory `/mnt/sda1/aethernet/subversion/checkout/main/trunk/autobuild/packages/perl/perl-5.8.8/unpack/perl-5.8.8/ext/MIME/Base64'
make[1]: Entering directory `/mnt/sda1/aethernet/subversion/checkout/main/trunk/autobuild/packages/perl/perl-5.8.8/unpack/perl-5.8.8/ext/MIME/Base64'
cp QuotedPrint.pm ../../../lib/MIME/QuotedPrint.pm
cp Base64.pm ../../../lib/MIME/Base64.pm
../../../miniperl "-I../../../lib" "-I../../../lib" ../../../lib/ExtUtils/xsubpp  -typemap ../../../lib/ExtUtils/typemap  Base64.xs > Base64.xsc && mv Base64.xsc Base64.c
cc -c   -fno-strict-aliasing -pipe -Wdeclaration-after-statement -D_LARGEFILE_SOURCE -D_FILE_OFFSET_BITS=64 -O2   -DVERSION=\"3.07\" -DXS_VERSION=\"3.07\" -fpic "-I../../.."   Base64.c
Running Mkbootstrap for MIME::Base64 ()
chmod 644 Base64.bs
rm -f ../../../lib/auto/MIME/Base64/Base64.so
cc  -shared Base64.o  -o ../../../lib/auto/MIME/Base64/Base64.so 	\
     	\
  
chmod 755 ../../../lib/auto/MIME/Base64/Base64.so
cp Base64.bs ../../../lib/auto/MIME/Base64/Base64.bs
chmod 644 ../../../lib/auto/MIME/Base64/Base64.bs
make[1]: Leaving directory `/mnt/sda1/aethernet/subversion/checkout/main/trunk/autobuild/packages/perl/perl-5.8.8/unpack/perl-5.8.8/ext/MIME/Base64'

	Making Opcode (dynamic)
Writing Makefile for Opcode
make[1]: Entering directory `/mnt/sda1/aethernet/subversion/checkout/main/trunk/autobuild/packages/perl/perl-5.8.8/unpack/perl-5.8.8/ext/Opcode'
make[1]: Leaving directory `/mnt/sda1/aethernet/subversion/checkout/main/trunk/autobuild/packages/perl/perl-5.8.8/unpack/perl-5.8.8/ext/Opcode'
make[1]: Entering directory `/mnt/sda1/aethernet/subversion/checkout/main/trunk/autobuild/packages/perl/perl-5.8.8/unpack/perl-5.8.8/ext/Opcode'
cp Safe.pm ../../lib/Safe.pm
cp Opcode.pm ../../lib/Opcode.pm
cp ops.pm ../../lib/ops.pm
../../miniperl "-I../../lib" "-I../../lib" ../../lib/ExtUtils/xsubpp  -typemap ../../lib/ExtUtils/typemap  Opcode.xs > Opcode.xsc && mv Opcode.xsc Opcode.c
cc -c   -fno-strict-aliasing -pipe -Wdeclaration-after-statement -D_LARGEFILE_SOURCE -D_FILE_OFFSET_BITS=64 -O2   -DVERSION=\"1.06\" -DXS_VERSION=\"1.03\" -fpic "-I../.."   Opcode.c
Running Mkbootstrap for Opcode ()
chmod 644 Opcode.bs
rm -f ../../lib/auto/Opcode/Opcode.so
cc  -shared Opcode.o  -o ../../lib/auto/Opcode/Opcode.so 	\
     	\
  
chmod 755 ../../lib/auto/Opcode/Opcode.so
cp Opcode.bs ../../lib/auto/Opcode/Opcode.bs
chmod 644 ../../lib/auto/Opcode/Opcode.bs
make[1]: Leaving directory `/mnt/sda1/aethernet/subversion/checkout/main/trunk/autobuild/packages/perl/perl-5.8.8/unpack/perl-5.8.8/ext/Opcode'

	Making POSIX (dynamic)
Writing Makefile for POSIX
make[1]: Entering directory `/mnt/sda1/aethernet/subversion/checkout/main/trunk/autobuild/packages/perl/perl-5.8.8/unpack/perl-5.8.8/ext/POSIX'
make[1]: Leaving directory `/mnt/sda1/aethernet/subversion/checkout/main/trunk/autobuild/packages/perl/perl-5.8.8/unpack/perl-5.8.8/ext/POSIX'
make[1]: Entering directory `/mnt/sda1/aethernet/subversion/checkout/main/trunk/autobuild/packages/perl/perl-5.8.8/unpack/perl-5.8.8/ext/POSIX'
cp POSIX.pod ../../lib/POSIX.pod
cp POSIX.pm ../../lib/POSIX.pm
AutoSplitting ../../lib/POSIX.pm (../../lib/auto/POSIX)
../../miniperl "-I../../lib" "-I../../lib" ../../lib/ExtUtils/xsubpp -noprototypes -typemap ../../lib/ExtUtils/typemap -typemap typemap  POSIX.xs > POSIX.xsc && mv POSIX.xsc POSIX.c
cc -c   -fno-strict-aliasing -pipe -Wdeclaration-after-statement -D_LARGEFILE_SOURCE -D_FILE_OFFSET_BITS=64 -DSTRUCT_TM_HASZONE -DHINT_SC_EXIST -O2   -DVERSION=\"1.09\" -DXS_VERSION=\"1.09\" -fpic "-I../.."   POSIX.c
Running Mkbootstrap for POSIX ()
chmod 644 POSIX.bs
rm -f ../../lib/auto/POSIX/POSIX.so
cc  -shared POSIX.o  -o ../../lib/auto/POSIX/POSIX.so 	\
   -lm  	\
  
chmod 755 ../../lib/auto/POSIX/POSIX.so
cp POSIX.bs ../../lib/auto/POSIX/POSIX.bs
chmod 644 ../../lib/auto/POSIX/POSIX.bs
make[1]: Leaving directory `/mnt/sda1/aethernet/subversion/checkout/main/trunk/autobuild/packages/perl/perl-5.8.8/unpack/perl-5.8.8/ext/POSIX'

	Making PerlIO::encoding (dynamic)
Checking if your kit is complete...
Looks good
Writing Makefile for PerlIO::encoding
make[1]: Entering directory `/mnt/sda1/aethernet/subversion/checkout/main/trunk/autobuild/packages/perl/perl-5.8.8/unpack/perl-5.8.8/ext/PerlIO/encoding'
make[1]: Leaving directory `/mnt/sda1/aethernet/subversion/checkout/main/trunk/autobuild/packages/perl/perl-5.8.8/unpack/perl-5.8.8/ext/PerlIO/encoding'
make[1]: Entering directory `/mnt/sda1/aethernet/subversion/checkout/main/trunk/autobuild/packages/perl/perl-5.8.8/unpack/perl-5.8.8/ext/PerlIO/encoding'
cp encoding.pm ../../../lib/PerlIO/encoding.pm
../../../miniperl "-I../../../lib" "-I../../../lib" ../../../lib/ExtUtils/xsubpp  -typemap ../../../lib/ExtUtils/typemap  encoding.xs > encoding.xsc && mv encoding.xsc encoding.c
cc -c   -fno-strict-aliasing -pipe -Wdeclaration-after-statement -D_LARGEFILE_SOURCE -D_FILE_OFFSET_BITS=64 -O2   -DVERSION=\"0.09\" -DXS_VERSION=\"0.09\" -fpic "-I../../.."   encoding.c
Running Mkbootstrap for PerlIO::encoding ()
chmod 644 encoding.bs
rm -f ../../../lib/auto/PerlIO/encoding/encoding.so
cc  -shared encoding.o  -o ../../../lib/auto/PerlIO/encoding/encoding.so 	\
     	\
  
chmod 755 ../../../lib/auto/PerlIO/encoding/encoding.so
cp encoding.bs ../../../lib/auto/PerlIO/encoding/encoding.bs
chmod 644 ../../../lib/auto/PerlIO/encoding/encoding.bs
make[1]: Leaving directory `/mnt/sda1/aethernet/subversion/checkout/main/trunk/autobuild/packages/perl/perl-5.8.8/unpack/perl-5.8.8/ext/PerlIO/encoding'

	Making PerlIO::scalar (dynamic)
Writing Makefile for PerlIO::scalar
make[1]: Entering directory `/mnt/sda1/aethernet/subversion/checkout/main/trunk/autobuild/packages/perl/perl-5.8.8/unpack/perl-5.8.8/ext/PerlIO/scalar'
make[1]: Leaving directory `/mnt/sda1/aethernet/subversion/checkout/main/trunk/autobuild/packages/perl/perl-5.8.8/unpack/perl-5.8.8/ext/PerlIO/scalar'
make[1]: Entering directory `/mnt/sda1/aethernet/subversion/checkout/main/trunk/autobuild/packages/perl/perl-5.8.8/unpack/perl-5.8.8/ext/PerlIO/scalar'
cp scalar.pm ../../../lib/PerlIO/scalar.pm
../../../miniperl "-I../../../lib" "-I../../../lib" ../../../lib/ExtUtils/xsubpp  -typemap ../../../lib/ExtUtils/typemap  scalar.xs > scalar.xsc && mv scalar.xsc scalar.c
cc -c   -fno-strict-aliasing -pipe -Wdeclaration-after-statement -D_LARGEFILE_SOURCE -D_FILE_OFFSET_BITS=64 -O2   -DVERSION=\"0.04\" -DXS_VERSION=\"0.04\" -fpic "-I../../.."   scalar.c
Running Mkbootstrap for PerlIO::scalar ()
chmod 644 scalar.bs
rm -f ../../../lib/auto/PerlIO/scalar/scalar.so
cc  -shared scalar.o  -o ../../../lib/auto/PerlIO/scalar/scalar.so 	\
     	\
  
chmod 755 ../../../lib/auto/PerlIO/scalar/scalar.so
cp scalar.bs ../../../lib/auto/PerlIO/scalar/scalar.bs
chmod 644 ../../../lib/auto/PerlIO/scalar/scalar.bs
make[1]: Leaving directory `/mnt/sda1/aethernet/subversion/checkout/main/trunk/autobuild/packages/perl/perl-5.8.8/unpack/perl-5.8.8/ext/PerlIO/scalar'

	Making PerlIO::via (dynamic)
Writing Makefile for PerlIO::via
make[1]: Entering directory `/mnt/sda1/aethernet/subversion/checkout/main/trunk/autobuild/packages/perl/perl-5.8.8/unpack/perl-5.8.8/ext/PerlIO/via'
make[1]: Leaving directory `/mnt/sda1/aethernet/subversion/checkout/main/trunk/autobuild/packages/perl/perl-5.8.8/unpack/perl-5.8.8/ext/PerlIO/via'
make[1]: Entering directory `/mnt/sda1/aethernet/subversion/checkout/main/trunk/autobuild/packages/perl/perl-5.8.8/unpack/perl-5.8.8/ext/PerlIO/via'
cp via.pm ../../../lib/PerlIO/via.pm
../../../miniperl "-I../../../lib" "-I../../../lib" ../../../lib/ExtUtils/xsubpp  -typemap ../../../lib/ExtUtils/typemap  via.xs > via.xsc && mv via.xsc via.c
cc -c   -fno-strict-aliasing -pipe -Wdeclaration-after-statement -D_LARGEFILE_SOURCE -D_FILE_OFFSET_BITS=64 -O2   -DVERSION=\"0.03\" -DXS_VERSION=\"0.03\" -fpic "-I../../.."   via.c
Running Mkbootstrap for PerlIO::via ()
chmod 644 via.bs
rm -f ../../../lib/auto/PerlIO/via/via.so
cc  -shared via.o  -o ../../../lib/auto/PerlIO/via/via.so 	\
     	\
  
chmod 755 ../../../lib/auto/PerlIO/via/via.so
cp via.bs ../../../lib/auto/PerlIO/via/via.bs
chmod 644 ../../../lib/auto/PerlIO/via/via.bs
make[1]: Leaving directory `/mnt/sda1/aethernet/subversion/checkout/main/trunk/autobuild/packages/perl/perl-5.8.8/unpack/perl-5.8.8/ext/PerlIO/via'

	Making SDBM_File (dynamic)
Writing Makefile for sdbm
Writing Makefile for SDBM_File
make[1]: Entering directory `/mnt/sda1/aethernet/subversion/checkout/main/trunk/autobuild/packages/perl/perl-5.8.8/unpack/perl-5.8.8/ext/SDBM_File'
make[1]: Leaving directory `/mnt/sda1/aethernet/subversion/checkout/main/trunk/autobuild/packages/perl/perl-5.8.8/unpack/perl-5.8.8/ext/SDBM_File'
make[1]: Entering directory `/mnt/sda1/aethernet/subversion/checkout/main/trunk/autobuild/packages/perl/perl-5.8.8/unpack/perl-5.8.8/ext/SDBM_File'
cp SDBM_File.pm ../../lib/SDBM_File.pm
cd sdbm && make all
make[2]: Entering directory `/mnt/sda1/aethernet/subversion/checkout/main/trunk/autobuild/packages/perl/perl-5.8.8/unpack/perl-5.8.8/ext/SDBM_File/sdbm'
cc -c  -I../../.. -fno-strict-aliasing -pipe -Wdeclaration-after-statement -D_LARGEFILE_SOURCE -D_FILE_OFFSET_BITS=64 -O2   -DVERSION=\"\" -DXS_VERSION=\"\" -fpic "-I../../.."  -DSDBM -DDUFF sdbm.c
cc -c  -I../../.. -fno-strict-aliasing -pipe -Wdeclaration-after-statement -D_LARGEFILE_SOURCE -D_FILE_OFFSET_BITS=64 -O2   -DVERSION=\"\" -DXS_VERSION=\"\" -fpic "-I../../.."  -DSDBM -DDUFF pair.c
cc -c  -I../../.. -fno-strict-aliasing -pipe -Wdeclaration-after-statement -D_LARGEFILE_SOURCE -D_FILE_OFFSET_BITS=64 -O2   -DVERSION=\"\" -DXS_VERSION=\"\" -fpic "-I../../.."  -DSDBM -DDUFF hash.c
rm -rf libsdbm.a
/usr/bin/ar cr libsdbm.a sdbm.o pair.o hash.o && : libsdbm.a
chmod 755 libsdbm.a
make[2]: Leaving directory `/mnt/sda1/aethernet/subversion/checkout/main/trunk/autobuild/packages/perl/perl-5.8.8/unpack/perl-5.8.8/ext/SDBM_File/sdbm'
make[2]: Entering directory `/mnt/sda1/aethernet/subversion/checkout/main/trunk/autobuild/packages/perl/perl-5.8.8/unpack/perl-5.8.8/ext/SDBM_File/sdbm'
make[2]: Leaving directory `/mnt/sda1/aethernet/subversion/checkout/main/trunk/autobuild/packages/perl/perl-5.8.8/unpack/perl-5.8.8/ext/SDBM_File/sdbm'
../../miniperl "-I../../lib" "-I../../lib" ../../lib/ExtUtils/xsubpp -noprototypes -typemap ../../lib/ExtUtils/typemap -typemap typemap  SDBM_File.xs > SDBM_File.xsc && mv SDBM_File.xsc SDBM_File.c
cc -c   -fno-strict-aliasing -pipe -Wdeclaration-after-statement -D_LARGEFILE_SOURCE -D_FILE_OFFSET_BITS=64 -O2  -DPERL_EXTMALLOC_DEF -Dmalloc=Perl_malloc -Dfree=Perl_mfree -Drealloc=Perl_realloc -Dcalloc=Perl_calloc -DVERSION=\"1.05\" -DXS_VERSION=\"1.05\" -fpic "-I../.."   SDBM_File.c
Running Mkbootstrap for SDBM_File ()
chmod 644 SDBM_File.bs
rm -f ../../lib/auto/SDBM_File/SDBM_File.so
cc  -shared SDBM_File.o  -o ../../lib/auto/SDBM_File/SDBM_File.so sdbm/libsdbm.a	\
     	\
  
chmod 755 ../../lib/auto/SDBM_File/SDBM_File.so
cp SDBM_File.bs ../../lib/auto/SDBM_File/SDBM_File.bs
chmod 644 ../../lib/auto/SDBM_File/SDBM_File.bs
make[1]: Leaving directory `/mnt/sda1/aethernet/subversion/checkout/main/trunk/autobuild/packages/perl/perl-5.8.8/unpack/perl-5.8.8/ext/SDBM_File'

	Making Socket (dynamic)
Writing Makefile for Socket
make[1]: Entering directory `/mnt/sda1/aethernet/subversion/checkout/main/trunk/autobuild/packages/perl/perl-5.8.8/unpack/perl-5.8.8/ext/Socket'
make[1]: Leaving directory `/mnt/sda1/aethernet/subversion/checkout/main/trunk/autobuild/packages/perl/perl-5.8.8/unpack/perl-5.8.8/ext/Socket'
make[1]: Entering directory `/mnt/sda1/aethernet/subversion/checkout/main/trunk/autobuild/packages/perl/perl-5.8.8/unpack/perl-5.8.8/ext/Socket'
cp Socket.pm ../../lib/Socket.pm
../../miniperl "-I../../lib" "-I../../lib" ../../lib/ExtUtils/xsubpp -noprototypes -typemap ../../lib/ExtUtils/typemap  Socket.xs > Socket.xsc && mv Socket.xsc Socket.c
cc -c   -fno-strict-aliasing -pipe -Wdeclaration-after-statement -D_LARGEFILE_SOURCE -D_FILE_OFFSET_BITS=64 -O2   -DVERSION=\"1.78\" -DXS_VERSION=\"1.78\" -fpic "-I../.."   Socket.c
Running Mkbootstrap for Socket ()
chmod 644 Socket.bs
rm -f ../../lib/auto/Socket/Socket.so
cc  -shared Socket.o  -o ../../lib/auto/Socket/Socket.so 	\
     	\
  
chmod 755 ../../lib/auto/Socket/Socket.so
cp Socket.bs ../../lib/auto/Socket/Socket.bs
chmod 644 ../../lib/auto/Socket/Socket.bs
make[1]: Leaving directory `/mnt/sda1/aethernet/subversion/checkout/main/trunk/autobuild/packages/perl/perl-5.8.8/unpack/perl-5.8.8/ext/Socket'

	Making Storable (dynamic)
Checking if your kit is complete...
Looks good
Writing Makefile for Storable
make[1]: Entering directory `/mnt/sda1/aethernet/subversion/checkout/main/trunk/autobuild/packages/perl/perl-5.8.8/unpack/perl-5.8.8/ext/Storable'
make[1]: Leaving directory `/mnt/sda1/aethernet/subversion/checkout/main/trunk/autobuild/packages/perl/perl-5.8.8/unpack/perl-5.8.8/ext/Storable'
make[1]: Entering directory `/mnt/sda1/aethernet/subversion/checkout/main/trunk/autobuild/packages/perl/perl-5.8.8/unpack/perl-5.8.8/ext/Storable'
cp Storable.pm ../../lib/Storable.pm
AutoSplitting ../../lib/Storable.pm (../../lib/auto/Storable)
../../miniperl "-I../../lib" "-I../../lib" ../../lib/ExtUtils/xsubpp  -typemap ../../lib/ExtUtils/typemap  Storable.xs > Storable.xsc && mv Storable.xsc Storable.c
cc -c   -fno-strict-aliasing -pipe -Wdeclaration-after-statement -D_LARGEFILE_SOURCE -D_FILE_OFFSET_BITS=64 -O2   -DVERSION=\"2.15\" -DXS_VERSION=\"2.15\" -fpic "-I../.."   Storable.c
Running Mkbootstrap for Storable ()
chmod 644 Storable.bs
rm -f ../../lib/auto/Storable/Storable.so
cc  -shared Storable.o  -o ../../lib/auto/Storable/Storable.so 	\
     	\
  
chmod 755 ../../lib/auto/Storable/Storable.so
cp Storable.bs ../../lib/auto/Storable/Storable.bs
chmod 644 ../../lib/auto/Storable/Storable.bs
make[1]: Leaving directory `/mnt/sda1/aethernet/subversion/checkout/main/trunk/autobuild/packages/perl/perl-5.8.8/unpack/perl-5.8.8/ext/Storable'

	Making Sys::Hostname (dynamic)
Writing Makefile for Sys::Hostname
make[1]: Entering directory `/mnt/sda1/aethernet/subversion/checkout/main/trunk/autobuild/packages/perl/perl-5.8.8/unpack/perl-5.8.8/ext/Sys/Hostname'
make[1]: Leaving directory `/mnt/sda1/aethernet/subversion/checkout/main/trunk/autobuild/packages/perl/perl-5.8.8/unpack/perl-5.8.8/ext/Sys/Hostname'
make[1]: Entering directory `/mnt/sda1/aethernet/subversion/checkout/main/trunk/autobuild/packages/perl/perl-5.8.8/unpack/perl-5.8.8/ext/Sys/Hostname'
cp Hostname.pm ../../../lib/Sys/Hostname.pm
AutoSplitting ../../../lib/Sys/Hostname.pm (../../../lib/auto/Sys/Hostname)
../../../miniperl "-I../../../lib" "-I../../../lib" ../../../lib/ExtUtils/xsubpp -noprototypes -typemap ../../../lib/ExtUtils/typemap  Hostname.xs > Hostname.xsc && mv Hostname.xsc Hostname.c
cc -c   -fno-strict-aliasing -pipe -Wdeclaration-after-statement -D_LARGEFILE_SOURCE -D_FILE_OFFSET_BITS=64 -O2   -DVERSION=\"1.11\" -DXS_VERSION=\"1.11\" -fpic "-I../../.."   Hostname.c
Running Mkbootstrap for Sys::Hostname ()
chmod 644 Hostname.bs
rm -f ../../../lib/auto/Sys/Hostname/Hostname.so
cc  -shared Hostname.o  -o ../../../lib/auto/Sys/Hostname/Hostname.so 	\
     	\
  
chmod 755 ../../../lib/auto/Sys/Hostname/Hostname.so
cp Hostname.bs ../../../lib/auto/Sys/Hostname/Hostname.bs
chmod 644 ../../../lib/auto/Sys/Hostname/Hostname.bs
make[1]: Leaving directory `/mnt/sda1/aethernet/subversion/checkout/main/trunk/autobuild/packages/perl/perl-5.8.8/unpack/perl-5.8.8/ext/Sys/Hostname'

	Making Sys::Syslog (dynamic)
Writing Makefile for Sys::Syslog
make[1]: Entering directory `/mnt/sda1/aethernet/subversion/checkout/main/trunk/autobuild/packages/perl/perl-5.8.8/unpack/perl-5.8.8/ext/Sys/Syslog'
make[1]: Leaving directory `/mnt/sda1/aethernet/subversion/checkout/main/trunk/autobuild/packages/perl/perl-5.8.8/unpack/perl-5.8.8/ext/Sys/Syslog'
make[1]: Entering directory `/mnt/sda1/aethernet/subversion/checkout/main/trunk/autobuild/packages/perl/perl-5.8.8/unpack/perl-5.8.8/ext/Sys/Syslog'
cp Syslog.pm ../../../lib/Sys/Syslog.pm
../../../miniperl "-I../../../lib" "-I../../../lib" ../../../lib/ExtUtils/xsubpp -noprototypes -typemap ../../../lib/ExtUtils/typemap  Syslog.xs > Syslog.xsc && mv Syslog.xsc Syslog.c
cc -c   -fno-strict-aliasing -pipe -Wdeclaration-after-statement -D_LARGEFILE_SOURCE -D_FILE_OFFSET_BITS=64 -O2   -DVERSION=\"0.13\" -DXS_VERSION=\"0.13\" -fpic "-I../../.."   Syslog.c
Running Mkbootstrap for Sys::Syslog ()
chmod 644 Syslog.bs
rm -f ../../../lib/auto/Sys/Syslog/Syslog.so
cc  -shared Syslog.o  -o ../../../lib/auto/Sys/Syslog/Syslog.so 	\
     	\
  
chmod 755 ../../../lib/auto/Sys/Syslog/Syslog.so
cp Syslog.bs ../../../lib/auto/Sys/Syslog/Syslog.bs
chmod 644 ../../../lib/auto/Sys/Syslog/Syslog.bs
make[1]: Leaving directory `/mnt/sda1/aethernet/subversion/checkout/main/trunk/autobuild/packages/perl/perl-5.8.8/unpack/perl-5.8.8/ext/Sys/Syslog'

	Making Time::HiRes (dynamic)
Configuring Time::HiRes...
Have syscall()... looking for syscall.h... found <syscall.h>.
Looking for gettimeofday()... found.
Looking for setitimer()... found.
Looking for getitimer()... found.
You have interval timers (both setitimer and getitimer).
Looking for ualarm()... found.
Looking for usleep()... found.
Looking for nanosleep()... testing... found.
You can mix subsecond sleeps with signals, if you want to.
(It's still not portable, though.)
Looking for clock_gettime()... found (via syscall).
Looking for clock_getres()... found (via syscall).
Looking for clock_nanosleep()... NOT found.
Looking for clock()... found.
Writing Makefile for Time::HiRes
make[1]: Entering directory `/mnt/sda1/aethernet/subversion/checkout/main/trunk/autobuild/packages/perl/perl-5.8.8/unpack/perl-5.8.8/ext/Time/HiRes'
make[1]: Leaving directory `/mnt/sda1/aethernet/subversion/checkout/main/trunk/autobuild/packages/perl/perl-5.8.8/unpack/perl-5.8.8/ext/Time/HiRes'
make[1]: Entering directory `/mnt/sda1/aethernet/subversion/checkout/main/trunk/autobuild/packages/perl/perl-5.8.8/unpack/perl-5.8.8/ext/Time/HiRes'
cp HiRes.pm ../../../lib/Time/HiRes.pm
../../../miniperl "-I../../../lib" "-I../../../lib" ../../../lib/ExtUtils/xsubpp  -typemap ../../../lib/ExtUtils/typemap -typemap typemap  HiRes.xs > HiRes.xsc && mv HiRes.xsc HiRes.c
cc -c   -fno-strict-aliasing -pipe -Wdeclaration-after-statement -D_LARGEFILE_SOURCE -D_FILE_OFFSET_BITS=64 -O2   -DVERSION=\"1.86\" -DXS_VERSION=\"1.86\" -fpic "-I../../.."  -DTIME_HIRES_NANOSLEEP -DTIME_HIRES_CLOCK_GETTIME -DTIME_HIRES_CLOCK_GETTIME_SYSCALL -DTIME_HIRES_CLOCK_GETRES -DTIME_HIRES_CLOCK_GETRES_SYSCALL -DTIME_HIRES_CLOCK -DATLEASTFIVEOHOHFIVE HiRes.c
Running Mkbootstrap for Time::HiRes ()
chmod 644 HiRes.bs
rm -f ../../../lib/auto/Time/HiRes/HiRes.so
cc  -shared HiRes.o  -o ../../../lib/auto/Time/HiRes/HiRes.so 	\
     	\
  
chmod 755 ../../../lib/auto/Time/HiRes/HiRes.so
cp HiRes.bs ../../../lib/auto/Time/HiRes/HiRes.bs
chmod 644 ../../../lib/auto/Time/HiRes/HiRes.bs
make[1]: Leaving directory `/mnt/sda1/aethernet/subversion/checkout/main/trunk/autobuild/packages/perl/perl-5.8.8/unpack/perl-5.8.8/ext/Time/HiRes'

	Making Unicode::Normalize (dynamic)
Writing Makefile for Unicode::Normalize
make[1]: Entering directory `/mnt/sda1/aethernet/subversion/checkout/main/trunk/autobuild/packages/perl/perl-5.8.8/unpack/perl-5.8.8/ext/Unicode/Normalize'
make[1]: Leaving directory `/mnt/sda1/aethernet/subversion/checkout/main/trunk/autobuild/packages/perl/perl-5.8.8/unpack/perl-5.8.8/ext/Unicode/Normalize'
make[1]: Entering directory `/mnt/sda1/aethernet/subversion/checkout/main/trunk/autobuild/packages/perl/perl-5.8.8/unpack/perl-5.8.8/ext/Unicode/Normalize'
cp Normalize.pm ../../../lib/Unicode/Normalize.pm
../../../miniperl "-I../../../lib" "-I../../../lib" ../../../lib/ExtUtils/xsubpp  -typemap ../../../lib/ExtUtils/typemap  Normalize.xs > Normalize.xsc && mv Normalize.xsc Normalize.c
cc -c   -fno-strict-aliasing -pipe -Wdeclaration-after-statement -D_LARGEFILE_SOURCE -D_FILE_OFFSET_BITS=64 -O2   -DVERSION=\"0.32\" -DXS_VERSION=\"0.32\" -fpic "-I../../.."   Normalize.c
Running Mkbootstrap for Unicode::Normalize ()
chmod 644 Normalize.bs
rm -f ../../../lib/auto/Unicode/Normalize/Normalize.so
cc  -shared Normalize.o  -o ../../../lib/auto/Unicode/Normalize/Normalize.so 	\
     	\
  
chmod 755 ../../../lib/auto/Unicode/Normalize/Normalize.so
cp Normalize.bs ../../../lib/auto/Unicode/Normalize/Normalize.bs
chmod 644 ../../../lib/auto/Unicode/Normalize/Normalize.bs
Manifying blib/man3/Unicode::Normalize.3
make[1]: Leaving directory `/mnt/sda1/aethernet/subversion/checkout/main/trunk/autobuild/packages/perl/perl-5.8.8/unpack/perl-5.8.8/ext/Unicode/Normalize'

	Making XS::APItest (dynamic)
Checking if your kit is complete...
Looks good
Writing Makefile for XS::APItest
make[1]: Entering directory `/mnt/sda1/aethernet/subversion/checkout/main/trunk/autobuild/packages/perl/perl-5.8.8/unpack/perl-5.8.8/ext/XS/APItest'
make[1]: Leaving directory `/mnt/sda1/aethernet/subversion/checkout/main/trunk/autobuild/packages/perl/perl-5.8.8/unpack/perl-5.8.8/ext/XS/APItest'
make[1]: Entering directory `/mnt/sda1/aethernet/subversion/checkout/main/trunk/autobuild/packages/perl/perl-5.8.8/unpack/perl-5.8.8/ext/XS/APItest'
cp APItest.pm ../../../lib/XS/APItest.pm
../../../miniperl "-I../../../lib" "-I../../../lib" ../../../lib/ExtUtils/xsubpp  -typemap ../../../lib/ExtUtils/typemap  APItest.xs > APItest.xsc && mv APItest.xsc APItest.c
cc -c  -I. -fno-strict-aliasing -pipe -Wdeclaration-after-statement -D_LARGEFILE_SOURCE -D_FILE_OFFSET_BITS=64 -O2   -DVERSION=\"0.08\" -DXS_VERSION=\"0.08\" -fpic "-I../../.."   APItest.c
Running Mkbootstrap for XS::APItest ()
chmod 644 APItest.bs
rm -f ../../../lib/auto/XS/APItest/APItest.so
cc  -shared APItest.o  -o ../../../lib/auto/XS/APItest/APItest.so 	\
     	\
  
chmod 755 ../../../lib/auto/XS/APItest/APItest.so
cp APItest.bs ../../../lib/auto/XS/APItest/APItest.bs
chmod 644 ../../../lib/auto/XS/APItest/APItest.bs
make[1]: Leaving directory `/mnt/sda1/aethernet/subversion/checkout/main/trunk/autobuild/packages/perl/perl-5.8.8/unpack/perl-5.8.8/ext/XS/APItest'

	Making XS::Typemap (dynamic)
Writing Makefile for XS::Typemap
make[1]: Entering directory `/mnt/sda1/aethernet/subversion/checkout/main/trunk/autobuild/packages/perl/perl-5.8.8/unpack/perl-5.8.8/ext/XS/Typemap'
make[1]: Leaving directory `/mnt/sda1/aethernet/subversion/checkout/main/trunk/autobuild/packages/perl/perl-5.8.8/unpack/perl-5.8.8/ext/XS/Typemap'
make[1]: Entering directory `/mnt/sda1/aethernet/subversion/checkout/main/trunk/autobuild/packages/perl/perl-5.8.8/unpack/perl-5.8.8/ext/XS/Typemap'
cp Typemap.pm ../../../lib/XS/Typemap.pm
cc -c   -fno-strict-aliasing -pipe -Wdeclaration-after-statement -D_LARGEFILE_SOURCE -D_FILE_OFFSET_BITS=64 -O2   -DVERSION=\"0.02\" -DXS_VERSION=\"0.02\" -fpic "-I../../.."   stdio.c
../../../miniperl "-I../../../lib" "-I../../../lib" ../../../lib/ExtUtils/xsubpp  -typemap ../../../lib/ExtUtils/typemap -typemap typemap  Typemap.xs > Typemap.xsc && mv Typemap.xsc Typemap.c
cc -c   -fno-strict-aliasing -pipe -Wdeclaration-after-statement -D_LARGEFILE_SOURCE -D_FILE_OFFSET_BITS=64 -O2   -DVERSION=\"0.02\" -DXS_VERSION=\"0.02\" -fpic "-I../../.."   Typemap.c
Running Mkbootstrap for XS::Typemap ()
chmod 644 Typemap.bs
rm -f ../../../lib/auto/XS/Typemap/Typemap.so
cc  -shared stdio.o  Typemap.o  -o ../../../lib/auto/XS/Typemap/Typemap.so 	\
     	\
  
chmod 755 ../../../lib/auto/XS/Typemap/Typemap.so
cp Typemap.bs ../../../lib/auto/XS/Typemap/Typemap.bs
chmod 644 ../../../lib/auto/XS/Typemap/Typemap.bs
make[1]: Leaving directory `/mnt/sda1/aethernet/subversion/checkout/main/trunk/autobuild/packages/perl/perl-5.8.8/unpack/perl-5.8.8/ext/XS/Typemap'

	Making attrs (dynamic)
Writing Makefile for attrs
make[1]: Entering directory `/mnt/sda1/aethernet/subversion/checkout/main/trunk/autobuild/packages/perl/perl-5.8.8/unpack/perl-5.8.8/ext/attrs'
make[1]: Leaving directory `/mnt/sda1/aethernet/subversion/checkout/main/trunk/autobuild/packages/perl/perl-5.8.8/unpack/perl-5.8.8/ext/attrs'
make[1]: Entering directory `/mnt/sda1/aethernet/subversion/checkout/main/trunk/autobuild/packages/perl/perl-5.8.8/unpack/perl-5.8.8/ext/attrs'
cp attrs.pm ../../lib/attrs.pm
../../miniperl "-I../../lib" "-I../../lib" ../../lib/ExtUtils/xsubpp -noprototypes -typemap ../../lib/ExtUtils/typemap  attrs.xs > attrs.xsc && mv attrs.xsc attrs.c
cc -c   -fno-strict-aliasing -pipe -Wdeclaration-after-statement -D_LARGEFILE_SOURCE -D_FILE_OFFSET_BITS=64 -O2   -DVERSION=\"1.02\" -DXS_VERSION=\"1.02\" -fpic "-I../.."   attrs.c
Running Mkbootstrap for attrs ()
chmod 644 attrs.bs
rm -f ../../lib/auto/attrs/attrs.so
cc  -shared attrs.o  -o ../../lib/auto/attrs/attrs.so 	\
     	\
  
chmod 755 ../../lib/auto/attrs/attrs.so
cp attrs.bs ../../lib/auto/attrs/attrs.bs
chmod 644 ../../lib/auto/attrs/attrs.bs
make[1]: Leaving directory `/mnt/sda1/aethernet/subversion/checkout/main/trunk/autobuild/packages/perl/perl-5.8.8/unpack/perl-5.8.8/ext/attrs'

	Making re (dynamic)
Writing Makefile for re
make[1]: Entering directory `/mnt/sda1/aethernet/subversion/checkout/main/trunk/autobuild/packages/perl/perl-5.8.8/unpack/perl-5.8.8/ext/re'
make[1]: Leaving directory `/mnt/sda1/aethernet/subversion/checkout/main/trunk/autobuild/packages/perl/perl-5.8.8/unpack/perl-5.8.8/ext/re'
make[1]: Entering directory `/mnt/sda1/aethernet/subversion/checkout/main/trunk/autobuild/packages/perl/perl-5.8.8/unpack/perl-5.8.8/ext/re'
Skip ../../lib/re.pm (unchanged)
rm -f re_exec.c
cp ../../regexec.c re_exec.c
cc -c   -fno-strict-aliasing -pipe -Wdeclaration-after-statement -D_LARGEFILE_SOURCE -D_FILE_OFFSET_BITS=64 -O2   -DVERSION=\"0.05\" -DXS_VERSION=\"0.05\" -fpic "-I../.."  -DPERL_EXT_RE_BUILD -DPERL_EXT_RE_DEBUG -DPERL_EXT re_exec.c
rm -f re_comp.c
cp ../../regcomp.c re_comp.c
cc -c   -fno-strict-aliasing -pipe -Wdeclaration-after-statement -D_LARGEFILE_SOURCE -D_FILE_OFFSET_BITS=64 -O2   -DVERSION=\"0.05\" -DXS_VERSION=\"0.05\" -fpic "-I../.."  -DPERL_EXT_RE_BUILD -DPERL_EXT_RE_DEBUG -DPERL_EXT re_comp.c
../../miniperl "-I../../lib" "-I../../lib" ../../lib/ExtUtils/xsubpp -noprototypes -typemap ../../lib/ExtUtils/typemap  re.xs > re.xsc && mv re.xsc re.c
cc -c   -fno-strict-aliasing -pipe -Wdeclaration-after-statement -D_LARGEFILE_SOURCE -D_FILE_OFFSET_BITS=64 -O2   -DVERSION=\"0.05\" -DXS_VERSION=\"0.05\" -fpic "-I../.."  -DPERL_EXT_RE_BUILD -DPERL_EXT_RE_DEBUG -DPERL_EXT re.c
Running Mkbootstrap for re ()
chmod 644 re.bs
rm -f ../../lib/auto/re/re.so
cc  -shared re_exec.o re_comp.o re.o  -o ../../lib/auto/re/re.so 	\
     	\
  
chmod 755 ../../lib/auto/re/re.so
cp re.bs ../../lib/auto/re/re.bs
chmod 644 ../../lib/auto/re/re.bs
make[1]: Leaving directory `/mnt/sda1/aethernet/subversion/checkout/main/trunk/autobuild/packages/perl/perl-5.8.8/unpack/perl-5.8.8/ext/re'

	Making threads (dynamic)
Writing Makefile for threads
make[1]: Entering directory `/mnt/sda1/aethernet/subversion/checkout/main/trunk/autobuild/packages/perl/perl-5.8.8/unpack/perl-5.8.8/ext/threads'
make[1]: Leaving directory `/mnt/sda1/aethernet/subversion/checkout/main/trunk/autobuild/packages/perl/perl-5.8.8/unpack/perl-5.8.8/ext/threads'
make[1]: Entering directory `/mnt/sda1/aethernet/subversion/checkout/main/trunk/autobuild/packages/perl/perl-5.8.8/unpack/perl-5.8.8/ext/threads'
cp threads.pm ../../lib/threads.pm
../../miniperl "-I../../lib" "-I../../lib" ../../lib/ExtUtils/xsubpp  -typemap ../../lib/ExtUtils/typemap -typemap typemap  threads.xs > threads.xsc && mv threads.xsc threads.c
cc -c   -fno-strict-aliasing -pipe -Wdeclaration-after-statement -D_LARGEFILE_SOURCE -D_FILE_OFFSET_BITS=64 -O2   -DVERSION=\"1.07\" -DXS_VERSION=\"1.07\" -fpic "-I../.."   threads.c
Running Mkbootstrap for threads ()
chmod 644 threads.bs
rm -f ../../lib/auto/threads/threads.so
cc  -shared threads.o  -o ../../lib/auto/threads/threads.so 	\
     	\
  
chmod 755 ../../lib/auto/threads/threads.so
cp threads.bs ../../lib/auto/threads/threads.bs
chmod 644 ../../lib/auto/threads/threads.bs
make[1]: Leaving directory `/mnt/sda1/aethernet/subversion/checkout/main/trunk/autobuild/packages/perl/perl-5.8.8/unpack/perl-5.8.8/ext/threads'

	Making threads::shared (dynamic)
Writing Makefile for threads::shared
make[1]: Entering directory `/mnt/sda1/aethernet/subversion/checkout/main/trunk/autobuild/packages/perl/perl-5.8.8/unpack/perl-5.8.8/ext/threads/shared'
make[1]: Leaving directory `/mnt/sda1/aethernet/subversion/checkout/main/trunk/autobuild/packages/perl/perl-5.8.8/unpack/perl-5.8.8/ext/threads/shared'
make[1]: Entering directory `/mnt/sda1/aethernet/subversion/checkout/main/trunk/autobuild/packages/perl/perl-5.8.8/unpack/perl-5.8.8/ext/threads/shared'
cp shared.pm ../../../lib/threads/shared.pm
../../../miniperl "-I../../../lib" "-I../../../lib" ../../../lib/ExtUtils/xsubpp  -typemap ../../../lib/ExtUtils/typemap -typemap typemap  shared.xs > shared.xsc && mv shared.xsc shared.c
cc -c   -fno-strict-aliasing -pipe -Wdeclaration-after-statement -D_LARGEFILE_SOURCE -D_FILE_OFFSET_BITS=64 -O2   -DVERSION=\"0.94\" -DXS_VERSION=\"0.94\" -fpic "-I../../.."   shared.c
Running Mkbootstrap for threads::shared ()
chmod 644 shared.bs
rm -f ../../../lib/auto/threads/shared/shared.so
cc  -shared shared.o  -o ../../../lib/auto/threads/shared/shared.so 	\
     	\
  
chmod 755 ../../../lib/auto/threads/shared/shared.so
cp shared.bs ../../../lib/auto/threads/shared/shared.bs
chmod 644 ../../../lib/auto/threads/shared/shared.bs
make[1]: Leaving directory `/mnt/sda1/aethernet/subversion/checkout/main/trunk/autobuild/packages/perl/perl-5.8.8/unpack/perl-5.8.8/ext/threads/shared'

	Making Errno (nonxs)
Writing Makefile for Errno
make[1]: Entering directory `/mnt/sda1/aethernet/subversion/checkout/main/trunk/autobuild/packages/perl/perl-5.8.8/unpack/perl-5.8.8/ext/Errno'
make[1]: Leaving directory `/mnt/sda1/aethernet/subversion/checkout/main/trunk/autobuild/packages/perl/perl-5.8.8/unpack/perl-5.8.8/ext/Errno'
make[1]: Entering directory `/mnt/sda1/aethernet/subversion/checkout/main/trunk/autobuild/packages/perl/perl-5.8.8/unpack/perl-5.8.8/ext/Errno'
../../miniperl "-I../../lib" "-I../../lib" Errno_pm.PL Errno.pm
cp Errno.pm ../../lib/Errno.pm
make[1]: Leaving directory `/mnt/sda1/aethernet/subversion/checkout/main/trunk/autobuild/packages/perl/perl-5.8.8/unpack/perl-5.8.8/ext/Errno'
 
	Everything is up to date. Type 'make test' to run test suite.
