dpkg-deb: building package `glibc-2.3.6' in `debian.deb'.
 new debian package, version 2.0.
 size 19068090 bytes: control archive= 1988 bytes.
     231 bytes,    10 lines      control              
     789 bytes,    18 lines      copyright            
       6 bytes,     1 lines      debian-binary        
    2663 bytes,   127 lines   *  postinst             #!/bin/bash
     108 bytes,     3 lines   *  postrm               #!/bin/bash
     111 bytes,     3 lines   *  preinst              #!/bin/bash
     475 bytes,    17 lines   *  prerm                #!/bin/bash
 Package: glibc-2.3.6
 Version: 2.3.6
 Section: unknown
 Priority: required
 Architecture: all
 Essential: no
 Depends: aaa-base
 Maintainer: Aethernet support team [support@aethernet.co.uk]
 Provides: glibc
 Description: The main C library
