  CHK     include/linux/version.h
  UPD     include/linux/version.h
  CHK     include/linux/utsrelease.h
  UPD     include/linux/utsrelease.h
  SYMLINK include/asm -> include/asm-i386
  CC      arch/i386/kernel/asm-offsets.s
  GEN     include/asm-i386/asm-offsets.h
  CC      scripts/mod/empty.o
  HOSTCC  scripts/mod/mk_elfconfig
  MKELF   scripts/mod/elfconfig.h
  HOSTCC  scripts/mod/file2alias.o
  HOSTCC  scripts/mod/modpost.o
  HOSTCC  scripts/mod/sumversion.o
  HOSTLD  scripts/mod/modpost
  HOSTCC  scripts/kallsyms
  HOSTCC  scripts/conmakehash
  HOSTCC  scripts/bin2c
  CC      init/main.o
  CHK     include/linux/compile.h
  UPD     include/linux/compile.h
  CC      init/version.o
  CC      init/do_mounts.o
  CC      init/do_mounts_rd.o
  CC      init/do_mounts_md.o
  LD      init/mounts.o
  CC      init/initramfs.o
  CC      init/calibrate.o
  LD      init/built-in.o
  HOSTCC  usr/gen_init_cpio
  GEN     usr/initramfs_data.cpio.gz
  AS      usr/initramfs_data.o
  LD      usr/built-in.o
  CC      arch/i386/kernel/process.o
  CC      arch/i386/kernel/semaphore.o
  CC      arch/i386/kernel/signal.o
  AS      arch/i386/kernel/entry.o
  CC      arch/i386/kernel/traps.o
  CC      arch/i386/kernel/irq.o
  CC      arch/i386/kernel/ptrace.o
  CC      arch/i386/kernel/time.o
  CC      arch/i386/kernel/ioport.o
  CC      arch/i386/kernel/ldt.o
  CC      arch/i386/kernel/setup.o
  CC      arch/i386/kernel/i8259.o
  CC      arch/i386/kernel/sys_i386.o
  CC      arch/i386/kernel/pci-dma.o
  CC      arch/i386/kernel/i386_ksyms.o
  CC      arch/i386/kernel/i387.o
  CC      arch/i386/kernel/bootflag.o
  CC      arch/i386/kernel/quirks.o
  CC      arch/i386/kernel/i8237.o
  CC      arch/i386/kernel/topology.o
  CC      arch/i386/kernel/alternative.o
  CC      arch/i386/kernel/i8253.o
  CC      arch/i386/kernel/tsc.o
  CC      arch/i386/kernel/acpi/boot.o
  CC      arch/i386/kernel/acpi/sleep.o
  AS      arch/i386/kernel/acpi/wakeup.o
  LD      arch/i386/kernel/acpi/built-in.o
  CC      arch/i386/kernel/cpu/common.o
  CC      arch/i386/kernel/cpu/proc.o
  CC      arch/i386/kernel/cpu/amd.o
  CC      arch/i386/kernel/cpu/cyrix.o
  CC      arch/i386/kernel/cpu/centaur.o
  CC      arch/i386/kernel/cpu/transmeta.o
  CC      arch/i386/kernel/cpu/intel.o
  CC      arch/i386/kernel/cpu/intel_cacheinfo.o
  CC      arch/i386/kernel/cpu/rise.o
  CC      arch/i386/kernel/cpu/nexgen.o
  CC      arch/i386/kernel/cpu/umc.o
  CC      arch/i386/kernel/cpu/mcheck/mce.o
  CC      arch/i386/kernel/cpu/mcheck/k7.o
  CC      arch/i386/kernel/cpu/mcheck/p4.o
  CC      arch/i386/kernel/cpu/mcheck/p5.o
  CC      arch/i386/kernel/cpu/mcheck/p6.o
  CC      arch/i386/kernel/cpu/mcheck/winchip.o
  CC      arch/i386/kernel/cpu/mcheck/non-fatal.o
  LD      arch/i386/kernel/cpu/mcheck/built-in.o
  CC      arch/i386/kernel/cpu/mtrr/main.o
  CC      arch/i386/kernel/cpu/mtrr/if.o
  CC      arch/i386/kernel/cpu/mtrr/generic.o
  CC      arch/i386/kernel/cpu/mtrr/state.o
  CC      arch/i386/kernel/cpu/mtrr/amd.o
  CC      arch/i386/kernel/cpu/mtrr/cyrix.o
  CC      arch/i386/kernel/cpu/mtrr/centaur.o
  LD      arch/i386/kernel/cpu/mtrr/built-in.o
  LD      arch/i386/kernel/cpu/built-in.o
  CC      arch/i386/kernel/reboot.o
  CC      arch/i386/kernel/module.o
  CC      arch/i386/kernel/sysenter.o
  LDS     arch/i386/kernel/vsyscall.lds
  AS      arch/i386/kernel/vsyscall-int80.o
  AS      arch/i386/kernel/vsyscall-note.o
  SYSCALL arch/i386/kernel/vsyscall-int80.so
  AS      arch/i386/kernel/vsyscall-sysenter.o
  SYSCALL arch/i386/kernel/vsyscall-sysenter.so
  AS      arch/i386/kernel/vsyscall.o
  CC      arch/i386/kernel/time_hpet.o
  CC      arch/i386/kernel/doublefault.o
  CC      arch/i386/kernel/vm86.o
  CC      arch/i386/kernel/early_printk.o
  CC      arch/i386/kernel/hpet.o
  SYSCALL arch/i386/kernel/vsyscall-syms.o
  LD      arch/i386/kernel/built-in.o
  AS      arch/i386/kernel/head.o
  CC      arch/i386/kernel/init_task.o
  LDS     arch/i386/kernel/vmlinux.lds
  CC      arch/i386/mm/init.o
  CC      arch/i386/mm/pgtable.o
  CC      arch/i386/mm/fault.o
  CC      arch/i386/mm/ioremap.o
  CC      arch/i386/mm/extable.o
  CC      arch/i386/mm/pageattr.o
  CC      arch/i386/mm/mmap.o
  CC      arch/i386/mm/highmem.o
  LD      arch/i386/mm/built-in.o
  CC      arch/i386/mach-default/setup.o
  LD      arch/i386/mach-default/built-in.o
  LD      arch/i386/crypto/built-in.o
  CC      kernel/sched.o
  CC      kernel/fork.o
  CC      kernel/exec_domain.o
  CC      kernel/panic.o
  CC      kernel/printk.o
  CC      kernel/profile.o
  CC      kernel/exit.o
  CC      kernel/itimer.o
  CC      kernel/time.o
  CC      kernel/softirq.o
  CC      kernel/resource.o
  CC      kernel/sysctl.o
  CC      kernel/capability.o
  CC      kernel/ptrace.o
  CC      kernel/timer.o
  CC      kernel/user.o
  CC      kernel/signal.o
  CC      kernel/sys.o
  CC      kernel/kmod.o
  CC      kernel/workqueue.o
  CC      kernel/pid.o
  CC      kernel/rcupdate.o
  CC      kernel/extable.o
  CC      kernel/params.o
  CC      kernel/posix-timers.o
  CC      kernel/kthread.o
  CC      kernel/wait.o
  CC      kernel/kfifo.o
  CC      kernel/sys_ni.o
  CC      kernel/posix-cpu-timers.o
  CC      kernel/mutex.o
  CC      kernel/hrtimer.o
  CC      kernel/rwsem.o
  CC      kernel/irq/handle.o
  CC      kernel/irq/manage.o
  CC      kernel/irq/spurious.o
  CC      kernel/irq/resend.o
  CC      kernel/irq/chip.o
  CC      kernel/irq/autoprobe.o
  CC      kernel/irq/proc.o
  LD      kernel/irq/built-in.o
  CC      kernel/power/main.o
  CC      kernel/power/process.o
  CC      kernel/power/console.o
  CC      kernel/power/pm.o
  CC      kernel/power/swsusp.o
  CC      kernel/power/disk.o
  CC      kernel/power/snapshot.o
  CC      kernel/power/swap.o
  CC      kernel/power/user.o
  LD      kernel/power/built-in.o
  CC      kernel/time/clocksource.o
  CC      kernel/time/jiffies.o
  LD      kernel/time/built-in.o
  CC      kernel/futex.o
  CC      kernel/rtmutex.o
  CC      kernel/dma.o
  CC      kernel/uid16.o
  CC      kernel/module.o
  CC      kernel/kallsyms.o
  GZIP    kernel/config_data.gz
  IKCFG   kernel/config_data.h
  CC      kernel/configs.o
  CC      kernel/ksysfs.o
  CC      kernel/seccomp.o
  LD      kernel/built-in.o
  CC      mm/bootmem.o
  CC      mm/filemap.o
  CC      mm/mempool.o
  CC      mm/oom_kill.o
  CC      mm/fadvise.o
  CC      mm/page_alloc.o
  CC      mm/page-writeback.o
  CC      mm/pdflush.o
  CC      mm/readahead.o
  CC      mm/swap.o
  CC      mm/truncate.o
  CC      mm/vmscan.o
  CC      mm/prio_tree.o
  CC      mm/util.o
  CC      mm/mmzone.o
  CC      mm/vmstat.o
  CC      mm/fremap.o
  CC      mm/highmem.o
  CC      mm/madvise.o
  CC      mm/memory.o
  CC      mm/mincore.o
  CC      mm/mlock.o
  CC      mm/mmap.o
  CC      mm/mprotect.o
  CC      mm/mremap.o
  CC      mm/msync.o
  CC      mm/rmap.o
  CC      mm/vmalloc.o
  CC      mm/page_io.o
  CC      mm/swap_state.o
  CC      mm/swapfile.o
  CC      mm/thrash.o
  CC      mm/shmem.o
  CC      mm/slab.o
  CC      mm/filemap_xip.o
  LD      mm/built-in.o
  CC      fs/open.o
  CC      fs/read_write.o
  CC      fs/file_table.o
  CC      fs/buffer.o
  CC      fs/bio.o
  CC      fs/super.o
  CC      fs/block_dev.o
  CC      fs/char_dev.o
  CC      fs/stat.o
  CC      fs/exec.o
  CC      fs/pipe.o
  CC      fs/namei.o
  CC      fs/fcntl.o
  CC      fs/ioctl.o
  CC      fs/readdir.o
  CC      fs/select.o
  CC      fs/fifo.o
  CC      fs/locks.o
  CC      fs/dcache.o
  CC      fs/inode.o
  CC      fs/attr.o
  CC      fs/bad_inode.o
  CC      fs/file.o
  CC      fs/filesystems.o
  CC      fs/namespace.o
  CC      fs/aio.o
  CC      fs/seq_file.o
  CC      fs/xattr.o
  CC      fs/libfs.o
  CC      fs/fs-writeback.o
  CC      fs/mpage.o
  CC      fs/direct-io.o
  CC      fs/ioprio.o
  CC      fs/pnode.o
  CC      fs/drop_caches.o
  CC      fs/splice.o
  CC      fs/sync.o
  CC      fs/inotify.o
  CC      fs/inotify_user.o
  CC      fs/eventpoll.o
  CC      fs/nfsctl.o
  CC      fs/binfmt_misc.o
  CC      fs/binfmt_script.o
  CC      fs/binfmt_elf.o
  CC      fs/mbcache.o
  CC      fs/posix_acl.o
  CC      fs/xattr_acl.o
  CC      fs/devpts/inode.o
  LD      fs/devpts/devpts.o
  LD      fs/devpts/built-in.o
  CC      fs/exportfs/expfs.o
  LD      fs/exportfs/exportfs.o
  LD      fs/exportfs/built-in.o
  CC      fs/ext2/balloc.o
  CC      fs/ext2/dir.o
  CC      fs/ext2/file.o
  CC      fs/ext2/fsync.o
  CC      fs/ext2/ialloc.o
  CC      fs/ext2/inode.o
  CC      fs/ext2/ioctl.o
  CC      fs/ext2/namei.o
  CC      fs/ext2/super.o
  CC      fs/ext2/symlink.o
  CC      fs/ext2/xattr.o
  CC      fs/ext2/xattr_user.o
  CC      fs/ext2/xattr_trusted.o
  CC      fs/ext2/acl.o
  CC      fs/ext2/xattr_security.o
  CC      fs/ext2/xip.o
  LD      fs/ext2/ext2.o
  LD      fs/ext2/built-in.o
  CC      fs/ext3/balloc.o
  CC      fs/ext3/bitmap.o
  CC      fs/ext3/dir.o
  CC      fs/ext3/file.o
  CC      fs/ext3/fsync.o
  CC      fs/ext3/ialloc.o
  CC      fs/ext3/inode.o
  CC      fs/ext3/ioctl.o
  CC      fs/ext3/namei.o
  CC      fs/ext3/super.o
  CC      fs/ext3/symlink.o
  CC      fs/ext3/hash.o
  CC      fs/ext3/resize.o
  CC      fs/ext3/xattr.o
  CC      fs/ext3/xattr_user.o
  CC      fs/ext3/xattr_trusted.o
  CC      fs/ext3/acl.o
  CC      fs/ext3/xattr_security.o
  LD      fs/ext3/ext3.o
  LD      fs/ext3/built-in.o
  CC      fs/fuse/dev.o
  CC      fs/fuse/dir.o
  CC      fs/fuse/file.o
  CC      fs/fuse/inode.o
  CC      fs/fuse/control.o
  LD      fs/fuse/fuse.o
  LD      fs/fuse/built-in.o
  CC      fs/isofs/namei.o
  CC      fs/isofs/inode.o
  CC      fs/isofs/dir.o
  CC      fs/isofs/util.o
  CC      fs/isofs/rock.o
  CC      fs/isofs/export.o
  CC      fs/isofs/joliet.o
  LD      fs/isofs/isofs.o
  LD      fs/isofs/built-in.o
  CC      fs/jbd/transaction.o
  CC      fs/jbd/commit.o
  CC      fs/jbd/recovery.o
  CC      fs/jbd/checkpoint.o
  CC      fs/jbd/revoke.o
  CC      fs/jbd/journal.o
  LD      fs/jbd/jbd.o
  LD      fs/jbd/built-in.o
  CC      fs/lockd/clntlock.o
  CC      fs/lockd/clntproc.o
  CC      fs/lockd/host.o
  CC      fs/lockd/svc.o
  CC      fs/lockd/svclock.o
  CC      fs/lockd/svcshare.o
  CC      fs/lockd/svcproc.o
  CC      fs/lockd/svcsubs.o
  CC      fs/lockd/mon.o
  CC      fs/lockd/xdr.o
  CC      fs/lockd/xdr4.o
  CC      fs/lockd/svc4proc.o
  LD      fs/lockd/lockd.o
  LD      fs/lockd/built-in.o
  CC      fs/nfs/dir.o
  CC      fs/nfs/file.o
  CC      fs/nfs/inode.o
  CC      fs/nfs/super.o
  CC      fs/nfs/nfs2xdr.o
  CC      fs/nfs/pagelist.o
  CC      fs/nfs/proc.o
  CC      fs/nfs/read.o
  CC      fs/nfs/symlink.o
  CC      fs/nfs/unlink.o
  CC      fs/nfs/write.o
  CC      fs/nfs/namespace.o
  CC      fs/nfs/nfsroot.o
  CC      fs/nfs/mount_clnt.o
  CC      fs/nfs/nfs3proc.o
  CC      fs/nfs/nfs3xdr.o
  CC      fs/nfs/sysctl.o
  LD      fs/nfs/nfs.o
  LD      fs/nfs/built-in.o
  LD      fs/nfs_common/built-in.o
  CC      fs/nfsd/nfssvc.o
  CC      fs/nfsd/nfsctl.o
  CC      fs/nfsd/nfsproc.o
  CC      fs/nfsd/nfsfh.o
  CC      fs/nfsd/vfs.o
  CC      fs/nfsd/export.o
  CC      fs/nfsd/auth.o
  CC      fs/nfsd/lockd.o
  CC      fs/nfsd/nfscache.o
  CC      fs/nfsd/nfsxdr.o
  CC      fs/nfsd/stats.o
  CC      fs/nfsd/nfs3proc.o
  CC      fs/nfsd/nfs3xdr.o
  LD      fs/nfsd/nfsd.o
  LD      fs/nfsd/built-in.o
  CC      fs/nls/nls_base.o
  CC      fs/nls/nls_cp437.o
  CC      fs/nls/nls_cp850.o
  CC      fs/nls/nls_ascii.o
  CC      fs/nls/nls_iso8859-1.o
  CC      fs/nls/nls_utf8.o
  LD      fs/nls/built-in.o
  CC      fs/partitions/check.o
  CC      fs/partitions/msdos.o
  LD      fs/partitions/built-in.o
  CC      fs/proc/mmu.o
  CC      fs/proc/task_mmu.o
  CC      fs/proc/inode.o
  CC      fs/proc/root.o
  CC      fs/proc/base.o
  CC      fs/proc/generic.o
  CC      fs/proc/array.o
  CC      fs/proc/kmsg.o
  CC      fs/proc/proc_tty.o
  CC      fs/proc/proc_misc.o
  CC      fs/proc/kcore.o
  LD      fs/proc/proc.o
  LD      fs/proc/built-in.o
  CC      fs/ramfs/inode.o
  CC      fs/ramfs/file-mmu.o
  LD      fs/ramfs/ramfs.o
  LD      fs/ramfs/built-in.o
  CC      fs/romfs/inode.o
  LD      fs/romfs/romfs.o
  LD      fs/romfs/built-in.o
  CC      fs/sysfs/inode.o
  CC      fs/sysfs/file.o
  CC      fs/sysfs/dir.o
  CC      fs/sysfs/symlink.o
  CC      fs/sysfs/mount.o
  CC      fs/sysfs/bin.o
  CC      fs/sysfs/group.o
  LD      fs/sysfs/built-in.o
  CC      fs/udf/balloc.o
  CC      fs/udf/dir.o
  CC      fs/udf/file.o
  CC      fs/udf/ialloc.o
  CC      fs/udf/inode.o
  CC      fs/udf/lowlevel.o
  CC      fs/udf/namei.o
  CC      fs/udf/partition.o
  CC      fs/udf/super.o
  CC      fs/udf/truncate.o
  CC      fs/udf/symlink.o
  CC      fs/udf/fsync.o
  CC      fs/udf/crc.o
  CC      fs/udf/directory.o
  CC      fs/udf/misc.o
  CC      fs/udf/udftime.o
  CC      fs/udf/unicode.o
  LD      fs/udf/udf.o
  LD      fs/udf/built-in.o
  CC      fs/xfs/quota/xfs_dquot.o
  CC      fs/xfs/quota/xfs_dquot_item.o
  CC      fs/xfs/quota/xfs_trans_dquot.o
  CC      fs/xfs/quota/xfs_qm_syscalls.o
  CC      fs/xfs/quota/xfs_qm_bhv.o
  CC      fs/xfs/quota/xfs_qm.o
  CC      fs/xfs/quota/xfs_qm_stats.o
  CC      fs/xfs/xfs_rtalloc.o
  CC      fs/xfs/xfs_acl.o
  CC      fs/xfs/linux-2.6/xfs_stats.o
  CC      fs/xfs/linux-2.6/xfs_sysctl.o
  CC      fs/xfs/xfs_alloc.o
  CC      fs/xfs/xfs_alloc_btree.o
  CC      fs/xfs/xfs_attr.o
  CC      fs/xfs/xfs_attr_leaf.o
  CC      fs/xfs/xfs_behavior.o
  CC      fs/xfs/xfs_bit.o
  CC      fs/xfs/xfs_bmap.o
  CC      fs/xfs/xfs_bmap_btree.o
  CC      fs/xfs/xfs_btree.o
  CC      fs/xfs/xfs_buf_item.o
  CC      fs/xfs/xfs_da_btree.o
  CC      fs/xfs/xfs_dir2.o
  CC      fs/xfs/xfs_dir2_block.o
  CC      fs/xfs/xfs_dir2_data.o
  CC      fs/xfs/xfs_dir2_leaf.o
  CC      fs/xfs/xfs_dir2_node.o
  CC      fs/xfs/xfs_dir2_sf.o
  CC      fs/xfs/xfs_error.o
  CC      fs/xfs/xfs_extfree_item.o
  CC      fs/xfs/xfs_fsops.o
  CC      fs/xfs/xfs_ialloc.o
  CC      fs/xfs/xfs_ialloc_btree.o
  CC      fs/xfs/xfs_iget.o
  CC      fs/xfs/xfs_inode.o
  CC      fs/xfs/xfs_inode_item.o
  CC      fs/xfs/xfs_iocore.o
  CC      fs/xfs/xfs_iomap.o
  CC      fs/xfs/xfs_itable.o
  CC      fs/xfs/xfs_dfrag.o
  CC      fs/xfs/xfs_log.o
  CC      fs/xfs/xfs_log_recover.o
  CC      fs/xfs/xfs_mount.o
  CC      fs/xfs/xfs_rename.o
  CC      fs/xfs/xfs_trans.o
  CC      fs/xfs/xfs_trans_ail.o
  CC      fs/xfs/xfs_trans_buf.o
  CC      fs/xfs/xfs_trans_extfree.o
  CC      fs/xfs/xfs_trans_inode.o
  CC      fs/xfs/xfs_trans_item.o
  CC      fs/xfs/xfs_utils.o
  CC      fs/xfs/xfs_vfsops.o
  CC      fs/xfs/xfs_vnodeops.o
  CC      fs/xfs/xfs_rw.o
  CC      fs/xfs/xfs_dmops.o
  CC      fs/xfs/xfs_qmops.o
  CC      fs/xfs/linux-2.6/kmem.o
  CC      fs/xfs/linux-2.6/xfs_aops.o
  CC      fs/xfs/linux-2.6/xfs_buf.o
  CC      fs/xfs/linux-2.6/xfs_export.o
  CC      fs/xfs/linux-2.6/xfs_file.o
  CC      fs/xfs/linux-2.6/xfs_fs_subr.o
  CC      fs/xfs/linux-2.6/xfs_globals.o
  CC      fs/xfs/linux-2.6/xfs_ioctl.o
  CC      fs/xfs/linux-2.6/xfs_iops.o
  CC      fs/xfs/linux-2.6/xfs_lrw.o
  CC      fs/xfs/linux-2.6/xfs_super.o
  CC      fs/xfs/linux-2.6/xfs_vfs.o
  CC      fs/xfs/linux-2.6/xfs_vnode.o
  CC      fs/xfs/support/debug.o
  CC      fs/xfs/support/move.o
  CC      fs/xfs/support/uuid.o
  LD      fs/xfs/xfs.o
  LD      fs/xfs/built-in.o
  CC      fs/quota.o
  CC      fs/dnotify.o
  LD      fs/built-in.o
  CC      ipc/util.o
  CC      ipc/msgutil.o
  CC      ipc/msg.o
  CC      ipc/sem.o
  CC      ipc/shm.o
  LD      ipc/built-in.o
  CC      security/commoncap.o
  LD      security/built-in.o
  CC      crypto/api.o
  CC      crypto/scatterwalk.o
  CC      crypto/cipher.o
  CC      crypto/digest.o
  CC      crypto/compress.o
  CC      crypto/proc.o
  CC      crypto/hmac.o
  CC      crypto/md5.o
  CC      crypto/sha1.o
  CC      crypto/sha256.o
  CC      crypto/sha512.o
  CC      crypto/des.o
  CC      crypto/blowfish.o
  CC      crypto/aes.o
  CC      crypto/deflate.o
  CC      crypto/crc32c.o
  LD      crypto/built-in.o
  CC      block/elevator.o
  CC      block/ll_rw_blk.o
  CC      block/ioctl.o
  CC      block/genhd.o
  CC      block/scsi_ioctl.o
  CC      block/noop-iosched.o
  CC      block/as-iosched.o
  LD      block/built-in.o
  CC      drivers/acpi/tables.o
  CC      drivers/acpi/blacklist.o
  CC      drivers/acpi/osl.o
  CC      drivers/acpi/utils.o
  CC      drivers/acpi/dispatcher/dsfield.o
  CC      drivers/acpi/dispatcher/dsmthdat.o
  CC      drivers/acpi/dispatcher/dsopcode.o
  CC      drivers/acpi/dispatcher/dswexec.o
  CC      drivers/acpi/dispatcher/dswscope.o
  CC      drivers/acpi/dispatcher/dsmethod.o
  CC      drivers/acpi/dispatcher/dsobject.o
  CC      drivers/acpi/dispatcher/dsutils.o
  CC      drivers/acpi/dispatcher/dswload.o
  CC      drivers/acpi/dispatcher/dswstate.o
  CC      drivers/acpi/dispatcher/dsinit.o
  LD      drivers/acpi/dispatcher/built-in.o
  CC      drivers/acpi/events/evevent.o
  CC      drivers/acpi/events/evregion.o
  CC      drivers/acpi/events/evsci.o
  CC      drivers/acpi/events/evxfevnt.o
  CC      drivers/acpi/events/evmisc.o
  CC      drivers/acpi/events/evrgnini.o
  CC      drivers/acpi/events/evxface.o
  CC      drivers/acpi/events/evxfregn.o
  CC      drivers/acpi/events/evgpe.o
  CC      drivers/acpi/events/evgpeblk.o
  LD      drivers/acpi/events/built-in.o
  CC      drivers/acpi/executer/exconfig.o
  CC      drivers/acpi/executer/exfield.o
  CC      drivers/acpi/executer/exnames.o
  CC      drivers/acpi/executer/exoparg6.o
  CC      drivers/acpi/executer/exresolv.o
  CC      drivers/acpi/executer/exstorob.o
  CC      drivers/acpi/executer/exconvrt.o
  CC      drivers/acpi/executer/exfldio.o
  CC      drivers/acpi/executer/exoparg1.o
  CC      drivers/acpi/executer/exprep.o
  CC      drivers/acpi/executer/exresop.o
  CC      drivers/acpi/executer/exsystem.o
  CC      drivers/acpi/executer/excreate.o
  CC      drivers/acpi/executer/exmisc.o
  CC      drivers/acpi/executer/exoparg2.o
  CC      drivers/acpi/executer/exregion.o
  CC      drivers/acpi/executer/exstore.o
  CC      drivers/acpi/executer/exutils.o
  CC      drivers/acpi/executer/exdump.o
  CC      drivers/acpi/executer/exmutex.o
  CC      drivers/acpi/executer/exoparg3.o
  CC      drivers/acpi/executer/exresnte.o
  CC      drivers/acpi/executer/exstoren.o
  LD      drivers/acpi/executer/built-in.o
  CC      drivers/acpi/hardware/hwacpi.o
  CC      drivers/acpi/hardware/hwgpe.o
  CC      drivers/acpi/hardware/hwregs.o
  CC      drivers/acpi/hardware/hwsleep.o
  LD      drivers/acpi/hardware/built-in.o
  CC      drivers/acpi/namespace/nsaccess.o
  CC      drivers/acpi/namespace/nsload.o
  CC      drivers/acpi/namespace/nssearch.o
  CC      drivers/acpi/namespace/nsxfeval.o
  CC      drivers/acpi/namespace/nsalloc.o
  CC      drivers/acpi/namespace/nseval.o
  CC      drivers/acpi/namespace/nsnames.o
  CC      drivers/acpi/namespace/nsutils.o
  CC      drivers/acpi/namespace/nsxfname.o
  CC      drivers/acpi/namespace/nsdump.o
  CC      drivers/acpi/namespace/nsinit.o
  CC      drivers/acpi/namespace/nsobject.o
  CC      drivers/acpi/namespace/nswalk.o
  CC      drivers/acpi/namespace/nsxfobj.o
  CC      drivers/acpi/namespace/nsparse.o
  LD      drivers/acpi/namespace/built-in.o
  CC      drivers/acpi/parser/psargs.o
  CC      drivers/acpi/parser/psparse.o
  CC      drivers/acpi/parser/psloop.o
  CC      drivers/acpi/parser/pstree.o
  CC      drivers/acpi/parser/pswalk.o
  CC      drivers/acpi/parser/psopcode.o
  CC      drivers/acpi/parser/psscope.o
  CC      drivers/acpi/parser/psutils.o
  CC      drivers/acpi/parser/psxface.o
  LD      drivers/acpi/parser/built-in.o
  CC      drivers/acpi/resources/rsaddr.o
  CC      drivers/acpi/resources/rscreate.o
  CC      drivers/acpi/resources/rsinfo.o
  CC      drivers/acpi/resources/rsio.o
  CC      drivers/acpi/resources/rslist.o
  CC      drivers/acpi/resources/rsmisc.o
  CC      drivers/acpi/resources/rsxface.o
  CC      drivers/acpi/resources/rscalc.o
  CC      drivers/acpi/resources/rsirq.o
  CC      drivers/acpi/resources/rsmemory.o
  CC      drivers/acpi/resources/rsutils.o
  LD      drivers/acpi/resources/built-in.o
  CC      drivers/acpi/sleep/poweroff.o
  CC      drivers/acpi/sleep/wakeup.o
  CC      drivers/acpi/sleep/main.o
  CC      drivers/acpi/sleep/proc.o
  LD      drivers/acpi/sleep/built-in.o
  CC      drivers/acpi/tables/tbconvrt.o
  CC      drivers/acpi/tables/tbget.o
  CC      drivers/acpi/tables/tbrsdt.o
  CC      drivers/acpi/tables/tbxface.o
  CC      drivers/acpi/tables/tbgetall.o
  CC      drivers/acpi/tables/tbinstal.o
  CC      drivers/acpi/tables/tbutils.o
  CC      drivers/acpi/tables/tbxfroot.o
  LD      drivers/acpi/tables/built-in.o
  CC      drivers/acpi/utilities/utalloc.o
  CC      drivers/acpi/utilities/utdebug.o
  CC      drivers/acpi/utilities/uteval.o
  CC      drivers/acpi/utilities/utinit.o
  CC      drivers/acpi/utilities/utmisc.o
  CC      drivers/acpi/utilities/utxface.o
  CC      drivers/acpi/utilities/utcopy.o
  CC      drivers/acpi/utilities/utdelete.o
  CC      drivers/acpi/utilities/utglobal.o
  CC      drivers/acpi/utilities/utmath.o
  CC      drivers/acpi/utilities/utobject.o
  CC      drivers/acpi/utilities/utstate.o
  CC      drivers/acpi/utilities/utmutex.o
  CC      drivers/acpi/utilities/utcache.o
  CC      drivers/acpi/utilities/utresrc.o
  LD      drivers/acpi/utilities/built-in.o
  CC      drivers/acpi/bus.o
  CC      drivers/acpi/glue.o
  CC      drivers/acpi/ec.o
  CC      drivers/acpi/pci_root.o
  CC      drivers/acpi/pci_link.o
  CC      drivers/acpi/pci_irq.o
  CC      drivers/acpi/pci_bind.o
  CC      drivers/acpi/power.o
  CC      drivers/acpi/system.o
  CC      drivers/acpi/event.o
  CC      drivers/acpi/scan.o
  CC      drivers/acpi/motherboard.o
  CC      drivers/acpi/cm_sbs.o
  LD      drivers/acpi/built-in.o
  CC      drivers/base/core.o
  CC      drivers/base/sys.o
  CC      drivers/base/bus.o
  CC      drivers/base/dd.o
  CC      drivers/base/driver.o
  CC      drivers/base/class.o
  CC      drivers/base/platform.o
  CC      drivers/base/cpu.o
  CC      drivers/base/firmware.o
  CC      drivers/base/init.o
  CC      drivers/base/map.o
  CC      drivers/base/dmapool.o
  CC      drivers/base/attribute_container.o
  CC      drivers/base/transport_class.o
  CC      drivers/base/power/shutdown.o
  CC      drivers/base/power/main.o
  CC      drivers/base/power/suspend.o
  CC      drivers/base/power/resume.o
  CC      drivers/base/power/runtime.o
  CC      drivers/base/power/sysfs.o
  LD      drivers/base/power/built-in.o
  CC      drivers/base/firmware_class.o
  LD      drivers/base/built-in.o
  CC      drivers/block/rd.o
  CC      drivers/block/loop.o
  LD      drivers/block/built-in.o
  CC      drivers/cdrom/cdrom.o
  LD      drivers/cdrom/built-in.o
  CC      drivers/char/mem.o
  CC      drivers/char/random.o
  CC      drivers/char/tty_io.o
  CC      drivers/char/n_tty.o
  CC      drivers/char/tty_ioctl.o
  CC      drivers/char/pty.o
  CC      drivers/char/misc.o
  CC      drivers/char/vt_ioctl.o
  CC      drivers/char/vc_screen.o
  CC      drivers/char/consolemap.o
  CONMK   drivers/char/consolemap_deftbl.c
  CC      drivers/char/consolemap_deftbl.o
  CC      drivers/char/selection.o
  CC      drivers/char/keyboard.o
  CC      drivers/char/vt.o
  SHIPPED drivers/char/defkeymap.c
  CC      drivers/char/defkeymap.o
  CC      drivers/char/rtc.o
  LD      drivers/char/built-in.o
  CC      drivers/clocksource/acpi_pm.o
  LD      drivers/clocksource/built-in.o
  LD      drivers/crypto/built-in.o
  CC      drivers/firmware/dmi_scan.o
  LD      drivers/firmware/built-in.o
  CC      drivers/i2c/i2c-core.o
  LD      drivers/i2c/algos/built-in.o
  CC      drivers/i2c/busses/i2c-piix4.o
  LD      drivers/i2c/busses/built-in.o
  LD      drivers/i2c/chips/built-in.o
  LD      drivers/i2c/built-in.o
  LD      drivers/ide/arm/built-in.o
  LD      drivers/ide/legacy/built-in.o
  LD      drivers/ide/mips/built-in.o
  CC      drivers/ide/pci/amd74xx.o
  CC      drivers/ide/pci/piix.o
  CC      drivers/ide/pci/generic.o
  LD      drivers/ide/pci/built-in.o
  CC      drivers/ide/ide.o
  CC      drivers/ide/ide-io.o
  CC      drivers/ide/ide-iops.o
  CC      drivers/ide/ide-lib.o
  CC      drivers/ide/ide-probe.o
  CC      drivers/ide/ide-taskfile.o
  CC      drivers/ide/setup-pci.o
  CC      drivers/ide/ide-dma.o
  CC      drivers/ide/ide-proc.o
  LD      drivers/ide/ide-core.o
  CC      drivers/ide/ide-generic.o
  CC      drivers/ide/ide-disk.o
  CC      drivers/ide/ide-cd.o
  LD      drivers/ide/built-in.o
  CC      drivers/input/input.o
  CC      drivers/input/mousedev.o
  CC      drivers/input/keyboard/atkbd.o
  LD      drivers/input/keyboard/built-in.o
  LD      drivers/input/built-in.o
  CC      drivers/input/serio/serio.o
  CC      drivers/input/serio/i8042.o
  CC      drivers/input/serio/libps2.o
  LD      drivers/input/serio/built-in.o
  CC      drivers/md/raid0.o
  CC      drivers/md/raid1.o
  CC      drivers/md/dm-log.o
  CC      drivers/md/dm-raid1.o
  CC      drivers/md/dm.o
  CC      drivers/md/dm-table.o
  CC      drivers/md/dm-target.o
  CC      drivers/md/dm-linear.o
  CC      drivers/md/dm-stripe.o
  CC      drivers/md/dm-ioctl.o
  CC      drivers/md/dm-io.o
  CC      drivers/md/kcopyd.o
  CC      drivers/md/dm-snap.o
  CC      drivers/md/dm-exception-store.o
  CC      drivers/md/md.o
  CC      drivers/md/bitmap.o
  LD      drivers/md/md-mod.o
  LD      drivers/md/dm-mod.o
  LD      drivers/md/dm-snapshot.o
  LD      drivers/md/dm-mirror.o
  LD      drivers/md/built-in.o
  LD      drivers/media/common/built-in.o
  LD      drivers/media/built-in.o
  LD      drivers/mfd/built-in.o
  LD      drivers/misc/built-in.o
  CC      drivers/net/mii.o
  CC      drivers/net/Space.o
  CC      drivers/net/loopback.o
  CC      drivers/net/8139cp.o
  CC      drivers/net/tun.o
  LD      drivers/net/built-in.o
  CC      drivers/pci/access.o
  CC      drivers/pci/bus.o
  CC      drivers/pci/probe.o
  CC      drivers/pci/remove.o
  CC      drivers/pci/pci.o
  CC      drivers/pci/quirks.o
  CC      drivers/pci/pci-driver.o
  CC      drivers/pci/search.o
  CC      drivers/pci/pci-sysfs.o
  CC      drivers/pci/rom.o
  CC      drivers/pci/setup-res.o
  CC      drivers/pci/proc.o
  CC      drivers/pci/pcie/portdrv_core.o
  CC      drivers/pci/pcie/portdrv_pci.o
  CC      drivers/pci/pcie/portdrv_bus.o
  LD      drivers/pci/pcie/pcieportdrv.o
  LD      drivers/pci/pcie/built-in.o
  CC      drivers/pci/hotplug.o
  CC      drivers/pci/setup-bus.o
  CC      drivers/pci/pci-acpi.o
  LD      drivers/pci/built-in.o
  CC      drivers/pnp/core.o
  CC      drivers/pnp/card.o
  CC      drivers/pnp/driver.o
  CC      drivers/pnp/resource.o
  CC      drivers/pnp/manager.o
  CC      drivers/pnp/support.o
  CC      drivers/pnp/interface.o
  CC      drivers/pnp/quirks.o
  CC      drivers/pnp/system.o
  CC      drivers/pnp/pnpacpi/core.o
  CC      drivers/pnp/pnpacpi/rsparser.o
  LD      drivers/pnp/pnpacpi/built-in.o
  LD      drivers/pnp/built-in.o
  CC      drivers/scsi/libata-core.o
  CC      drivers/scsi/libata-scsi.o
  CC      drivers/scsi/libata-bmdma.o
  CC      drivers/scsi/libata-eh.o
  CC      drivers/scsi/scsi.o
  CC      drivers/scsi/hosts.o
  CC      drivers/scsi/scsi_ioctl.o
  CC      drivers/scsi/constants.o
  CC      drivers/scsi/scsicam.o
  CC      drivers/scsi/scsi_error.o
  CC      drivers/scsi/scsi_lib.o
  CC      drivers/scsi/scsi_scan.o
  CC      drivers/scsi/scsi_sysfs.o
  CC      drivers/scsi/scsi_devinfo.o
  CC      drivers/scsi/scsi_sysctl.o
  CC      drivers/scsi/scsi_proc.o
  CC      drivers/scsi/sd.o
  LD      drivers/scsi/scsi_mod.o
  CC      drivers/scsi/scsi_transport_spi.o
  LD      drivers/scsi/libata.o
  CC      drivers/scsi/ata_piix.o
  LD      drivers/scsi/sd_mod.o
  CC      drivers/scsi/sg.o
  LD      drivers/scsi/built-in.o
  CC      drivers/serial/serial_core.o
  CC      drivers/serial/8250.o
  CC      drivers/serial/8250_pnp.o
  CC      drivers/serial/8250_pci.o
  CC      drivers/serial/8250_early.o
  LD      drivers/serial/built-in.o
  CC      drivers/usb/core/usb.o
  CC      drivers/usb/core/hub.o
  CC      drivers/usb/core/hcd.o
  CC      drivers/usb/core/urb.o
  CC      drivers/usb/core/message.o
  CC      drivers/usb/core/driver.o
  CC      drivers/usb/core/config.o
  CC      drivers/usb/core/file.o
  CC      drivers/usb/core/buffer.o
  CC      drivers/usb/core/sysfs.o
  CC      drivers/usb/core/endpoint.o
  CC      drivers/usb/core/devio.o
  CC      drivers/usb/core/notify.o
  CC      drivers/usb/core/hcd-pci.o
  CC      drivers/usb/core/inode.o
  CC      drivers/usb/core/devices.o
  LD      drivers/usb/core/usbcore.o
  LD      drivers/usb/core/built-in.o
  CC      drivers/usb/host/pci-quirks.o
  CC      drivers/usb/host/ehci-hcd.o
  CC      drivers/usb/host/ohci-hcd.o
  CC      drivers/usb/host/uhci-hcd.o
  LD      drivers/usb/host/built-in.o
  CC      drivers/usb/input/hid-core.o
  CC      drivers/usb/input/hid-input.o
  LD      drivers/usb/input/usbhid.o
  LD      drivers/usb/input/built-in.o
  CC      drivers/usb/storage/scsiglue.o
  CC      drivers/usb/storage/protocol.o
  CC      drivers/usb/storage/transport.o
  CC      drivers/usb/storage/usb.o
  CC      drivers/usb/storage/initializers.o
  LD      drivers/usb/storage/usb-storage.o
  LD      drivers/usb/storage/built-in.o
  LD      drivers/usb/built-in.o
  CC      drivers/video/fb_notify.o
  LD      drivers/video/backlight/built-in.o
  CC      drivers/video/console/dummycon.o
  CC      drivers/video/console/vgacon.o
  LD      drivers/video/console/built-in.o
  LD      drivers/video/built-in.o
  LD      drivers/built-in.o
  LD      sound/built-in.o
  CC      arch/i386/pci/i386.o
  CC      arch/i386/pci/init.o
  CC      arch/i386/pci/pcbios.o
  CC      arch/i386/pci/mmconfig.o
  CC      arch/i386/pci/direct.o
  CC      arch/i386/pci/fixup.o
  CC      arch/i386/pci/acpi.o
  CC      arch/i386/pci/legacy.o
  CC      arch/i386/pci/irq.o
  CC      arch/i386/pci/common.o
  LD      arch/i386/pci/built-in.o
  CC      arch/i386/power/cpu.o
  AS      arch/i386/power/swsusp.o
  LD      arch/i386/power/built-in.o
  CC      net/socket.o
  CC      net/802/sysctl_net_802.o
  CC      net/802/p8022.o
  CC      net/802/psnap.o
  LD      net/802/built-in.o
  CC      net/8021q/vlan.o
  CC      net/8021q/vlan_dev.o
  CC      net/8021q/vlanproc.o
  LD      net/8021q/8021q.o
  LD      net/8021q/built-in.o
  CC      net/bridge/br.o
  CC      net/bridge/br_device.o
  CC      net/bridge/br_fdb.o
  CC      net/bridge/br_forward.o
  CC      net/bridge/br_if.o
  CC      net/bridge/br_input.o
  CC      net/bridge/br_ioctl.o
  CC      net/bridge/br_notify.o
  CC      net/bridge/br_stp.o
  CC      net/bridge/br_stp_bpdu.o
  CC      net/bridge/br_stp_if.o
  CC      net/bridge/br_stp_timer.o
  CC      net/bridge/br_netlink.o
  CC      net/bridge/br_sysfs_if.o
  CC      net/bridge/br_sysfs_br.o
  LD      net/bridge/bridge.o
  LD      net/bridge/built-in.o
  CC      net/core/sock.o
  CC      net/core/request_sock.o
  CC      net/core/skbuff.o
  CC      net/core/iovec.o
  CC      net/core/datagram.o
  CC      net/core/stream.o
  CC      net/core/scm.o
  CC      net/core/gen_stats.o
  CC      net/core/gen_estimator.o
  CC      net/core/sysctl_net_core.o
  CC      net/core/dev.o
  CC      net/core/ethtool.o
  CC      net/core/dev_mcast.o
  CC      net/core/dst.o
  CC      net/core/netevent.o
  CC      net/core/neighbour.o
  CC      net/core/rtnetlink.o
  CC      net/core/utils.o
  CC      net/core/link_watch.o
  CC      net/core/filter.o
  CC      net/core/net-sysfs.o
  LD      net/core/built-in.o
  CC      net/ethernet/eth.o
  LD      net/ethernet/built-in.o
  CC      net/ipv4/route.o
  CC      net/ipv4/inetpeer.o
  CC      net/ipv4/protocol.o
  CC      net/ipv4/ip_input.o
  CC      net/ipv4/ip_fragment.o
  CC      net/ipv4/ip_forward.o
  CC      net/ipv4/ip_options.o
  CC      net/ipv4/ip_output.o
  CC      net/ipv4/ip_sockglue.o
  CC      net/ipv4/inet_hashtables.o
  CC      net/ipv4/inet_timewait_sock.o
  CC      net/ipv4/inet_connection_sock.o
  CC      net/ipv4/tcp.o
  CC      net/ipv4/tcp_input.o
  CC      net/ipv4/tcp_output.o
  CC      net/ipv4/tcp_timer.o
  CC      net/ipv4/tcp_ipv4.o
  CC      net/ipv4/tcp_minisocks.o
  CC      net/ipv4/tcp_cong.o
  CC      net/ipv4/datagram.o
  CC      net/ipv4/raw.o
  CC      net/ipv4/udp.o
  CC      net/ipv4/arp.o
  CC      net/ipv4/icmp.o
  CC      net/ipv4/devinet.o
  CC      net/ipv4/af_inet.o
  CC      net/ipv4/igmp.o
  CC      net/ipv4/sysctl_net_ipv4.o
  CC      net/ipv4/fib_frontend.o
  CC      net/ipv4/fib_semantics.o
  CC      net/ipv4/fib_hash.o
  CC      net/ipv4/proc.o
  CC      net/ipv4/syncookies.o
  CC      net/ipv4/ipconfig.o
  CC      net/ipv4/netfilter.o
  CC      net/ipv4/netfilter/ip_tables.o
  CC      net/ipv4/netfilter/iptable_filter.o
  CC      net/ipv4/netfilter/iptable_mangle.o
  CC      net/ipv4/netfilter/iptable_raw.o
  CC      net/ipv4/netfilter/ipt_hashlimit.o
  CC      net/ipv4/netfilter/ipt_iprange.o
  CC      net/ipv4/netfilter/ipt_owner.o
  CC      net/ipv4/netfilter/ipt_tos.o
  CC      net/ipv4/netfilter/ipt_recent.o
  CC      net/ipv4/netfilter/ipt_ecn.o
  CC      net/ipv4/netfilter/ipt_dscp.o
  CC      net/ipv4/netfilter/ipt_ah.o
  CC      net/ipv4/netfilter/ipt_ttl.o
  CC      net/ipv4/netfilter/ipt_addrtype.o
  CC      net/ipv4/netfilter/ipt_REJECT.o
  CC      net/ipv4/netfilter/ipt_TOS.o
  CC      net/ipv4/netfilter/ipt_ECN.o
  CC      net/ipv4/netfilter/ipt_DSCP.o
  CC      net/ipv4/netfilter/ipt_LOG.o
  CC      net/ipv4/netfilter/ipt_ULOG.o
  CC      net/ipv4/netfilter/ipt_TCPMSS.o
  CC      net/ipv4/netfilter/ipt_CLUSTERIP.o
  CC      net/ipv4/netfilter/ipt_TTL.o
  CC      net/ipv4/netfilter/arp_tables.o
  CC      net/ipv4/netfilter/arpt_mangle.o
  CC      net/ipv4/netfilter/arptable_filter.o
  CC      net/ipv4/netfilter/ip_queue.o
  CC      net/ipv4/netfilter/nf_conntrack_l3proto_ipv4.o
  CC      net/ipv4/netfilter/nf_conntrack_proto_icmp.o
  LD      net/ipv4/netfilter/nf_conntrack_ipv4.o
  LD      net/ipv4/netfilter/built-in.o
  CC      net/ipv4/inet_diag.o
  CC      net/ipv4/tcp_diag.o
  CC      net/ipv4/tcp_bic.o
  LD      net/ipv4/built-in.o
  CC      net/llc/llc_core.o
  CC      net/llc/llc_input.o
  CC      net/llc/llc_output.o
  LD      net/llc/llc.o
  LD      net/llc/built-in.o
  CC      net/netfilter/core.o
  CC      net/netfilter/nf_log.o
  CC      net/netfilter/nf_queue.o
  CC      net/netfilter/nf_sockopt.o
  CC      net/netfilter/nf_conntrack_core.o
  CC      net/netfilter/nf_conntrack_standalone.o
  CC      net/netfilter/nf_conntrack_l3proto_generic.o
  CC      net/netfilter/nf_conntrack_proto_generic.o
  CC      net/netfilter/nf_conntrack_proto_tcp.o
  CC      net/netfilter/nf_conntrack_proto_udp.o
  LD      net/netfilter/netfilter.o
  CC      net/netfilter/nfnetlink.o
  CC      net/netfilter/nfnetlink_queue.o
  CC      net/netfilter/nfnetlink_log.o
  LD      net/netfilter/nf_conntrack.o
  CC      net/netfilter/nf_conntrack_proto_sctp.o
  CC      net/netfilter/nf_conntrack_netlink.o
  CC      net/netfilter/nf_conntrack_ftp.o
  CC      net/netfilter/x_tables.o
  CC      net/netfilter/xt_tcpudp.o
  CC      net/netfilter/xt_CLASSIFY.o
  CC      net/netfilter/xt_CONNMARK.o
  CC      net/netfilter/xt_MARK.o
  CC      net/netfilter/xt_NFQUEUE.o
  CC      net/netfilter/xt_NOTRACK.o
  CC      net/netfilter/xt_comment.o
  CC      net/netfilter/xt_connbytes.o
  CC      net/netfilter/xt_connmark.o
  CC      net/netfilter/xt_conntrack.o
  CC      net/netfilter/xt_dccp.o
  CC      net/netfilter/xt_esp.o
  CC      net/netfilter/xt_helper.o
  CC      net/netfilter/xt_length.o
  CC      net/netfilter/xt_limit.o
  CC      net/netfilter/xt_mac.o
  CC      net/netfilter/xt_mark.o
  CC      net/netfilter/xt_multiport.o
  CC      net/netfilter/xt_pkttype.o
  CC      net/netfilter/xt_quota.o
  CC      net/netfilter/xt_realm.o
  CC      net/netfilter/xt_sctp.o
  CC      net/netfilter/xt_state.o
  CC      net/netfilter/xt_statistic.o
  CC      net/netfilter/xt_string.o
  CC      net/netfilter/xt_tcpmss.o
  LD      net/netfilter/built-in.o
  CC      net/netlink/af_netlink.o
  CC      net/netlink/attr.o
  CC      net/netlink/genetlink.o
  LD      net/netlink/built-in.o
  CC      net/packet/af_packet.o
  LD      net/packet/built-in.o
  CC      net/sched/sch_generic.o
  LD      net/sched/built-in.o
  CC      net/sunrpc/clnt.o
  CC      net/sunrpc/xprt.o
  CC      net/sunrpc/socklib.o
  CC      net/sunrpc/xprtsock.o
  CC      net/sunrpc/sched.o
  CC      net/sunrpc/auth.o
  CC      net/sunrpc/auth_null.o
  CC      net/sunrpc/auth_unix.o
  CC      net/sunrpc/svc.o
  CC      net/sunrpc/svcsock.o
  CC      net/sunrpc/svcauth.o
  CC      net/sunrpc/svcauth_unix.o
  CC      net/sunrpc/pmap_clnt.o
  CC      net/sunrpc/timer.o
  CC      net/sunrpc/xdr.o
  CC      net/sunrpc/sunrpc_syms.o
  CC      net/sunrpc/cache.o
  CC      net/sunrpc/rpc_pipe.o
  CC      net/sunrpc/stats.o
  CC      net/sunrpc/sysctl.o
  LD      net/sunrpc/sunrpc.o
  LD      net/sunrpc/built-in.o
  CC      net/unix/af_unix.o
  CC      net/unix/garbage.o
  CC      net/unix/sysctl_net_unix.o
  LD      net/unix/unix.o
  LD      net/unix/built-in.o
  CC      net/sysctl_net.o
  LD      net/built-in.o
  CC      lib/sort.o
  CC      lib/parser.o
  CC      lib/halfmd4.o
  CC      lib/iomap_copy.o
  CC      lib/debug_locks.o
  CC      lib/plist.o
  CC      lib/crc-ccitt.o
  CC      lib/crc16.o
  HOSTCC  lib/gen_crc32table
  GEN     lib/crc32table.h
  CC      lib/crc32.o
  CC      lib/libcrc32c.o
  CC      lib/iomap.o
  CC      lib/zlib_deflate/deflate.o
  CC      lib/zlib_deflate/deftree.o
  CC      lib/zlib_deflate/deflate_syms.o
  LD      lib/zlib_deflate/zlib_deflate.o
  LD      lib/zlib_deflate/built-in.o
  CC      lib/zlib_inflate/inffast.o
  CC      lib/zlib_inflate/inflate.o
  CC      lib/zlib_inflate/inftrees.o
  CC      lib/zlib_inflate/inflate_syms.o
  LD      lib/zlib_inflate/zlib_inflate.o
  LD      lib/zlib_inflate/built-in.o
  CC      lib/textsearch.o
  CC      lib/ts_kmp.o
  CC      lib/ts_bm.o
  CC      lib/ts_fsm.o
  LD      lib/built-in.o
  CC      lib/bitmap.o
  CC      lib/bust_spinlocks.o
  CC      lib/cmdline.o
  CC      lib/ctype.o
  CC      lib/dec_and_lock.o
  CC      lib/div64.o
  CC      lib/dump_stack.o
  CC      lib/errno.o
  CC      lib/extable.o
  CC      lib/hweight.o
  CC      lib/idr.o
  CC      lib/int_sqrt.o
  CC      lib/klist.o
  CC      lib/kobject.o
  CC      lib/kobject_uevent.o
  CC      lib/kref.o
  CC      lib/prio_tree.o
  CC      lib/radix-tree.o
  CC      lib/rbtree.o
  CC      lib/rwsem.o
  CC      lib/semaphore-sleepers.o
  CC      lib/sha1.o
  CC      lib/string.o
  CC      lib/vsprintf.o
  AR      lib/lib.a
  LD      arch/i386/lib/built-in.o
  CC      arch/i386/lib/bitops.o
  AS      arch/i386/lib/checksum.o
  CC      arch/i386/lib/delay.o
  AS      arch/i386/lib/getuser.o
  CC      arch/i386/lib/memcpy.o
  AS      arch/i386/lib/putuser.o
  CC      arch/i386/lib/strstr.o
  CC      arch/i386/lib/usercopy.o
  AR      arch/i386/lib/lib.a
  GEN     .version
  CHK     include/linux/compile.h
  UPD     include/linux/compile.h
  CC      init/version.o
  LD      init/built-in.o
  LD      .tmp_vmlinux1
  KSYM    .tmp_kallsyms1.S
  AS      .tmp_kallsyms1.o
  LD      .tmp_vmlinux2
  KSYM    .tmp_kallsyms2.S
  AS      .tmp_kallsyms2.o
  LD      vmlinux
  SYSMAP System.map
  SYSMAP .tmp_System.map
  AS      arch/i386/boot/bootsect.o
  LD      arch/i386/boot/bootsect
  AS      arch/i386/boot/setup.o
  LD      arch/i386/boot/setup
  AS      arch/i386/boot/compressed/head.o
  CC      arch/i386/boot/compressed/misc.o
  OBJCOPY arch/i386/boot/compressed/vmlinux.bin
  GZIP    arch/i386/boot/compressed/vmlinux.bin.gz
  LD      arch/i386/boot/compressed/piggy.o
  LD      arch/i386/boot/compressed/vmlinux
  OBJCOPY arch/i386/boot/vmlinux.bin
  HOSTCC  arch/i386/boot/tools/build
  BUILD   arch/i386/boot/bzImage
Kernel: arch/i386/boot/bzImage is ready  (#1)
  Building modules, stage 2.
  MODPOST
