../../source/linux-2.6.36.4.tar.bz2, not a patch file, skipping...
Applying ../../source/unionfs-2.5.11_for_2.6.36.4.diff...
patching file Documentation/filesystems/00-INDEX
Reversed (or previously applied) patch detected!  Skipping patch.
1 out of 1 hunk ignored -- saving rejects to file Documentation/filesystems/00-INDEX.rej
The next patch would create the file Documentation/filesystems/unionfs/00-INDEX,
which already exists!  Skipping patch.
1 out of 1 hunk ignored -- saving rejects to file Documentation/filesystems/unionfs/00-INDEX.rej
The next patch would create the file Documentation/filesystems/unionfs/concepts.txt,
which already exists!  Skipping patch.
1 out of 1 hunk ignored -- saving rejects to file Documentation/filesystems/unionfs/concepts.txt.rej
The next patch would create the file Documentation/filesystems/unionfs/issues.txt,
which already exists!  Skipping patch.
1 out of 1 hunk ignored -- saving rejects to file Documentation/filesystems/unionfs/issues.txt.rej
The next patch would create the file Documentation/filesystems/unionfs/rename.txt,
which already exists!  Skipping patch.
1 out of 1 hunk ignored -- saving rejects to file Documentation/filesystems/unionfs/rename.txt.rej
The next patch would create the file Documentation/filesystems/unionfs/usage.txt,
which already exists!  Skipping patch.
1 out of 1 hunk ignored -- saving rejects to file Documentation/filesystems/unionfs/usage.txt.rej
patching file MAINTAINERS
Reversed (or previously applied) patch detected!  Skipping patch.
1 out of 1 hunk ignored -- saving rejects to file MAINTAINERS.rej
patching file fs/Kconfig
Reversed (or previously applied) patch detected!  Skipping patch.
1 out of 1 hunk ignored -- saving rejects to file fs/Kconfig.rej
patching file fs/Makefile
Reversed (or previously applied) patch detected!  Skipping patch.
1 out of 1 hunk ignored -- saving rejects to file fs/Makefile.rej
patching file fs/namei.c
Reversed (or previously applied) patch detected!  Skipping patch.
1 out of 1 hunk ignored -- saving rejects to file fs/namei.c.rej
patching file fs/splice.c
Reversed (or previously applied) patch detected!  Skipping patch.
7 out of 7 hunks ignored -- saving rejects to file fs/splice.c.rej
patching file fs/stack.c
Reversed (or previously applied) patch detected!  Skipping patch.
1 out of 1 hunk ignored -- saving rejects to file fs/stack.c.rej
The next patch would create the file fs/unionfs/Kconfig,
which already exists!  Skipping patch.
1 out of 1 hunk ignored -- saving rejects to file fs/unionfs/Kconfig.rej
The next patch would create the file fs/unionfs/Makefile,
which already exists!  Skipping patch.
1 out of 1 hunk ignored -- saving rejects to file fs/unionfs/Makefile.rej
The next patch would create the file fs/unionfs/commonfops.c,
which already exists!  Skipping patch.
1 out of 1 hunk ignored -- saving rejects to file fs/unionfs/commonfops.c.rej
The next patch would create the file fs/unionfs/copyup.c,
which already exists!  Skipping patch.
1 out of 1 hunk ignored -- saving rejects to file fs/unionfs/copyup.c.rej
The next patch would create the file fs/unionfs/debug.c,
which already exists!  Skipping patch.
1 out of 1 hunk ignored -- saving rejects to file fs/unionfs/debug.c.rej
The next patch would create the file fs/unionfs/dentry.c,
which already exists!  Skipping patch.
1 out of 1 hunk ignored -- saving rejects to file fs/unionfs/dentry.c.rej
The next patch would create the file fs/unionfs/dirfops.c,
which already exists!  Skipping patch.
1 out of 1 hunk ignored -- saving rejects to file fs/unionfs/dirfops.c.rej
The next patch would create the file fs/unionfs/dirhelper.c,
which already exists!  Skipping patch.
1 out of 1 hunk ignored -- saving rejects to file fs/unionfs/dirhelper.c.rej
The next patch would create the file fs/unionfs/fanout.h,
which already exists!  Skipping patch.
1 out of 1 hunk ignored -- saving rejects to file fs/unionfs/fanout.h.rej
The next patch would create the file fs/unionfs/file.c,
which already exists!  Skipping patch.
1 out of 1 hunk ignored -- saving rejects to file fs/unionfs/file.c.rej
The next patch would create the file fs/unionfs/inode.c,
which already exists!  Skipping patch.
1 out of 1 hunk ignored -- saving rejects to file fs/unionfs/inode.c.rej
The next patch would create the file fs/unionfs/lookup.c,
which already exists!  Skipping patch.
1 out of 1 hunk ignored -- saving rejects to file fs/unionfs/lookup.c.rej
The next patch would create the file fs/unionfs/main.c,
which already exists!  Skipping patch.
1 out of 1 hunk ignored -- saving rejects to file fs/unionfs/main.c.rej
The next patch would create the file fs/unionfs/mmap.c,
which already exists!  Skipping patch.
1 out of 1 hunk ignored -- saving rejects to file fs/unionfs/mmap.c.rej
The next patch would create the file fs/unionfs/rdstate.c,
which already exists!  Skipping patch.
1 out of 1 hunk ignored -- saving rejects to file fs/unionfs/rdstate.c.rej
The next patch would create the file fs/unionfs/rename.c,
which already exists!  Skipping patch.
1 out of 1 hunk ignored -- saving rejects to file fs/unionfs/rename.c.rej
The next patch would create the file fs/unionfs/sioq.c,
which already exists!  Skipping patch.
1 out of 1 hunk ignored -- saving rejects to file fs/unionfs/sioq.c.rej
The next patch would create the file fs/unionfs/sioq.h,
which already exists!  Skipping patch.
1 out of 1 hunk ignored -- saving rejects to file fs/unionfs/sioq.h.rej
The next patch would create the file fs/unionfs/subr.c,
which already exists!  Skipping patch.
1 out of 1 hunk ignored -- saving rejects to file fs/unionfs/subr.c.rej
The next patch would create the file fs/unionfs/super.c,
which already exists!  Skipping patch.
1 out of 1 hunk ignored -- saving rejects to file fs/unionfs/super.c.rej
The next patch would create the file fs/unionfs/union.h,
which already exists!  Skipping patch.
1 out of 1 hunk ignored -- saving rejects to file fs/unionfs/union.h.rej
The next patch would create the file fs/unionfs/unlink.c,
which already exists!  Skipping patch.
1 out of 1 hunk ignored -- saving rejects to file fs/unionfs/unlink.c.rej
The next patch would create the file fs/unionfs/whiteout.c,
which already exists!  Skipping patch.
1 out of 1 hunk ignored -- saving rejects to file fs/unionfs/whiteout.c.rej
The next patch would create the file fs/unionfs/xattr.c,
which already exists!  Skipping patch.
1 out of 1 hunk ignored -- saving rejects to file fs/unionfs/xattr.c.rej
patching file include/linux/fs_stack.h
Reversed (or previously applied) patch detected!  Skipping patch.
1 out of 1 hunk ignored -- saving rejects to file include/linux/fs_stack.h.rej
patching file include/linux/magic.h
Reversed (or previously applied) patch detected!  Skipping patch.
1 out of 1 hunk ignored -- saving rejects to file include/linux/magic.h.rej
patching file include/linux/namei.h
Reversed (or previously applied) patch detected!  Skipping patch.
1 out of 1 hunk ignored -- saving rejects to file include/linux/namei.h.rej
patching file include/linux/splice.h
Reversed (or previously applied) patch detected!  Skipping patch.
1 out of 1 hunk ignored -- saving rejects to file include/linux/splice.h.rej
The next patch would create the file include/linux/union_fs.h,
which already exists!  Skipping patch.
1 out of 1 hunk ignored -- saving rejects to file include/linux/union_fs.h.rej
patching file security/security.c
Reversed (or previously applied) patch detected!  Skipping patch.
1 out of 1 hunk ignored -- saving rejects to file security/security.c.rej
