sed-4.1.5/
sed-4.1.5/ABOUT-NLS
sed-4.1.5/AUTHORS
sed-4.1.5/BUGS
sed-4.1.5/COPYING
sed-4.1.5/COPYING.DOC
sed-4.1.5/ChangeLog
sed-4.1.5/INSTALL
sed-4.1.5/Makefile.am
sed-4.1.5/Makefile.in
sed-4.1.5/NEWS
sed-4.1.5/README
sed-4.1.5/README-alpha
sed-4.1.5/README.boot
sed-4.1.5/THANKS
sed-4.1.5/aclocal.m4
sed-4.1.5/basicdefs.h
sed-4.1.5/bootstrap.sh
sed-4.1.5/bootstrap.sh.in
sed-4.1.5/config/
sed-4.1.5/config/codeset.m4
sed-4.1.5/config/config.guess
sed-4.1.5/config/config.rpath
sed-4.1.5/config/config.sub
sed-4.1.5/config/depcomp
sed-4.1.5/config/getline.m4
sed-4.1.5/config/gettext-ver.m4
sed-4.1.5/config/gettext.m4
sed-4.1.5/config/glibc21.m4
sed-4.1.5/config/help2man
sed-4.1.5/config/iconv.m4
sed-4.1.5/config/install-sh
sed-4.1.5/config/lcmessage.m4
sed-4.1.5/config/lib-ld.m4
sed-4.1.5/config/lib-link.m4
sed-4.1.5/config/lib-prefix.m4
sed-4.1.5/config/mdate-sh
sed-4.1.5/config/missing
sed-4.1.5/config/progtest.m4
sed-4.1.5/config/stdbool.m4
sed-4.1.5/config/strverscmp.m4
sed-4.1.5/config/texi2dvi
sed-4.1.5/config/texinfo.tex
sed-4.1.5/config_h.in
sed-4.1.5/configure
sed-4.1.5/configure.ac
sed-4.1.5/doc/
sed-4.1.5/doc/Makefile.am
sed-4.1.5/doc/Makefile.in
sed-4.1.5/doc/config.texi
sed-4.1.5/doc/groupify.sed
sed-4.1.5/doc/sed-in.texi
sed-4.1.5/doc/sed.1
sed-4.1.5/doc/sed.info
sed-4.1.5/doc/sed.info-1
sed-4.1.5/doc/sed.info-2
sed-4.1.5/doc/sed.texi
sed-4.1.5/doc/sed.x
sed-4.1.5/doc/stamp-vti
sed-4.1.5/doc/version.texi
sed-4.1.5/intl/
sed-4.1.5/intl/ChangeLog
sed-4.1.5/intl/Makefile.in
sed-4.1.5/intl/VERSION
sed-4.1.5/intl/bindtextdom.c
sed-4.1.5/intl/config.charset
sed-4.1.5/intl/dcgettext.c
sed-4.1.5/intl/dcigettext.c
sed-4.1.5/intl/dcngettext.c
sed-4.1.5/intl/dgettext.c
sed-4.1.5/intl/dngettext.c
sed-4.1.5/intl/eval-plural.h
sed-4.1.5/intl/explodename.c
sed-4.1.5/intl/finddomain.c
sed-4.1.5/intl/gettext.c
sed-4.1.5/intl/gettextP.h
sed-4.1.5/intl/gmo.h
sed-4.1.5/intl/hash-string.h
sed-4.1.5/intl/intl-compat.c
sed-4.1.5/intl/l10nflist.c
sed-4.1.5/intl/libgnuintl.h
sed-4.1.5/intl/loadinfo.h
sed-4.1.5/intl/loadmsgcat.c
sed-4.1.5/intl/localcharset.c
sed-4.1.5/intl/locale.alias
sed-4.1.5/intl/localealias.c
sed-4.1.5/intl/localename.c
sed-4.1.5/intl/ngettext.c
sed-4.1.5/intl/os2compat.c
sed-4.1.5/intl/os2compat.h
sed-4.1.5/intl/osdep.c
sed-4.1.5/intl/plural-exp.c
sed-4.1.5/intl/plural-exp.h
sed-4.1.5/intl/plural.c
sed-4.1.5/intl/plural.y
sed-4.1.5/intl/ref-add.sin
sed-4.1.5/intl/ref-del.sin
sed-4.1.5/intl/textdomain.c
sed-4.1.5/lib/
sed-4.1.5/lib/Makefile.am
sed-4.1.5/lib/Makefile.in
sed-4.1.5/lib/alloca.c
sed-4.1.5/lib/getline.c
sed-4.1.5/lib/getopt.c
sed-4.1.5/lib/getopt.h
sed-4.1.5/lib/getopt1.c
sed-4.1.5/lib/memchr.c
sed-4.1.5/lib/memcmp.c
sed-4.1.5/lib/memmove.c
sed-4.1.5/lib/mkstemp.c
sed-4.1.5/lib/obstack.c
sed-4.1.5/lib/obstack.h
sed-4.1.5/lib/regcomp.c
sed-4.1.5/lib/regex.c
sed-4.1.5/lib/regex_.h
sed-4.1.5/lib/regex_internal.c
sed-4.1.5/lib/regex_internal.h
sed-4.1.5/lib/regexec.c
sed-4.1.5/lib/stdbool_.h
sed-4.1.5/lib/strerror.c
sed-4.1.5/lib/strverscmp.c
sed-4.1.5/lib/strverscmp.h
sed-4.1.5/lib/utils.c
sed-4.1.5/lib/utils.h
sed-4.1.5/po/
sed-4.1.5/po/ChangeLog
sed-4.1.5/po/LINGUAS
sed-4.1.5/po/Makefile.in.in
sed-4.1.5/po/Makevars
sed-4.1.5/po/POTFILES.in
sed-4.1.5/po/Rules-quot
sed-4.1.5/po/af.gmo
sed-4.1.5/po/af.po
sed-4.1.5/po/boldquot.sed
sed-4.1.5/po/ca.gmo
sed-4.1.5/po/ca.po
sed-4.1.5/po/cs.gmo
sed-4.1.5/po/cs.po
sed-4.1.5/po/da.gmo
sed-4.1.5/po/da.po
sed-4.1.5/po/de.gmo
sed-4.1.5/po/de.po
sed-4.1.5/po/el.gmo
sed-4.1.5/po/el.po
sed-4.1.5/po/en@boldquot.header
sed-4.1.5/po/en@quot.header
sed-4.1.5/po/eo.gmo
sed-4.1.5/po/eo.po
sed-4.1.5/po/es.gmo
sed-4.1.5/po/es.po
sed-4.1.5/po/et.gmo
sed-4.1.5/po/et.po
sed-4.1.5/po/fi.gmo
sed-4.1.5/po/fi.po
sed-4.1.5/po/fr.gmo
sed-4.1.5/po/fr.po
sed-4.1.5/po/ga.gmo
sed-4.1.5/po/ga.po
sed-4.1.5/po/gl.gmo
sed-4.1.5/po/gl.po
sed-4.1.5/po/he.gmo
sed-4.1.5/po/he.po
sed-4.1.5/po/hr.gmo
sed-4.1.5/po/hr.po
sed-4.1.5/po/hu.gmo
sed-4.1.5/po/hu.po
sed-4.1.5/po/id.gmo
sed-4.1.5/po/id.po
sed-4.1.5/po/insert-header.sin
sed-4.1.5/po/it.gmo
sed-4.1.5/po/it.po
sed-4.1.5/po/ja.gmo
sed-4.1.5/po/ja.po
sed-4.1.5/po/ko.gmo
sed-4.1.5/po/ko.po
sed-4.1.5/po/nl.gmo
sed-4.1.5/po/nl.po
sed-4.1.5/po/pl.gmo
sed-4.1.5/po/pl.po
sed-4.1.5/po/pt_BR.gmo
sed-4.1.5/po/pt_BR.po
sed-4.1.5/po/quot.sed
sed-4.1.5/po/ro.gmo
sed-4.1.5/po/ro.po
sed-4.1.5/po/ru.gmo
sed-4.1.5/po/ru.po
sed-4.1.5/po/sed.pot
sed-4.1.5/po/sk.gmo
sed-4.1.5/po/sk.po
sed-4.1.5/po/sl.gmo
sed-4.1.5/po/sl.po
sed-4.1.5/po/sr.gmo
sed-4.1.5/po/sr.po
sed-4.1.5/po/sv.gmo
sed-4.1.5/po/sv.po
sed-4.1.5/po/tr.gmo
sed-4.1.5/po/tr.po
sed-4.1.5/po/zh_CN.gmo
sed-4.1.5/po/zh_CN.po
sed-4.1.5/sed/
sed-4.1.5/sed/Makefile.am
sed-4.1.5/sed/Makefile.in
sed-4.1.5/sed/compile.c
sed-4.1.5/sed/execute.c
sed-4.1.5/sed/fmt.c
sed-4.1.5/sed/mbcs.c
sed-4.1.5/sed/regexp.c
sed-4.1.5/sed/sed.c
sed-4.1.5/sed/sed.h
sed-4.1.5/testsuite/
sed-4.1.5/testsuite/0range.good
sed-4.1.5/testsuite/0range.inp
sed-4.1.5/testsuite/0range.sed
sed-4.1.5/testsuite/8bit.good
sed-4.1.5/testsuite/8bit.inp
sed-4.1.5/testsuite/8bit.sed
sed-4.1.5/testsuite/8to7.good
sed-4.1.5/testsuite/8to7.inp
sed-4.1.5/testsuite/8to7.sed
sed-4.1.5/testsuite/BOOST.tests
sed-4.1.5/testsuite/Makefile.am
sed-4.1.5/testsuite/Makefile.in
sed-4.1.5/testsuite/Makefile.tests
sed-4.1.5/testsuite/PCRE.tests
sed-4.1.5/testsuite/SPENCER.tests
sed-4.1.5/testsuite/allsub.good
sed-4.1.5/testsuite/allsub.inp
sed-4.1.5/testsuite/allsub.sed
sed-4.1.5/testsuite/appquit.good
sed-4.1.5/testsuite/appquit.inp
sed-4.1.5/testsuite/appquit.sed
sed-4.1.5/testsuite/binary.good
sed-4.1.5/testsuite/binary.inp
sed-4.1.5/testsuite/binary.sed
sed-4.1.5/testsuite/binary2.sed
sed-4.1.5/testsuite/binary3.sed
sed-4.1.5/testsuite/bkslashes.good
sed-4.1.5/testsuite/bkslashes.inp
sed-4.1.5/testsuite/bkslashes.sed
sed-4.1.5/testsuite/bsd.good
sed-4.1.5/testsuite/bsd.sh
sed-4.1.5/testsuite/bug-regex10.c
sed-4.1.5/testsuite/bug-regex11.c
sed-4.1.5/testsuite/bug-regex12.c
sed-4.1.5/testsuite/bug-regex13.c
sed-4.1.5/testsuite/bug-regex14.c
sed-4.1.5/testsuite/bug-regex15.c
sed-4.1.5/testsuite/bug-regex16.c
sed-4.1.5/testsuite/bug-regex21.c
sed-4.1.5/testsuite/bug-regex7.c
sed-4.1.5/testsuite/bug-regex8.c
sed-4.1.5/testsuite/bug-regex9.c
sed-4.1.5/testsuite/classes.good
sed-4.1.5/testsuite/classes.inp
sed-4.1.5/testsuite/classes.sed
sed-4.1.5/testsuite/cv-vars.good
sed-4.1.5/testsuite/cv-vars.inp
sed-4.1.5/testsuite/cv-vars.sed
sed-4.1.5/testsuite/dc.good
sed-4.1.5/testsuite/dc.inp
sed-4.1.5/testsuite/dc.sed
sed-4.1.5/testsuite/distrib.good
sed-4.1.5/testsuite/distrib.inp
sed-4.1.5/testsuite/distrib.sed
sed-4.1.5/testsuite/distrib.sh
sed-4.1.5/testsuite/dollar.good
sed-4.1.5/testsuite/dollar.inp
sed-4.1.5/testsuite/dollar.sed
sed-4.1.5/testsuite/empty.good
sed-4.1.5/testsuite/empty.inp
sed-4.1.5/testsuite/empty.sed
sed-4.1.5/testsuite/enable.good
sed-4.1.5/testsuite/enable.inp
sed-4.1.5/testsuite/enable.sed
sed-4.1.5/testsuite/eval.good
sed-4.1.5/testsuite/eval.inp
sed-4.1.5/testsuite/eval.sed
sed-4.1.5/testsuite/factor.good
sed-4.1.5/testsuite/factor.inp
sed-4.1.5/testsuite/factor.sed
sed-4.1.5/testsuite/fasts.good
sed-4.1.5/testsuite/fasts.inp
sed-4.1.5/testsuite/fasts.sed
sed-4.1.5/testsuite/flipcase.good
sed-4.1.5/testsuite/flipcase.inp
sed-4.1.5/testsuite/flipcase.sed
sed-4.1.5/testsuite/head.good
sed-4.1.5/testsuite/head.inp
sed-4.1.5/testsuite/head.sed
sed-4.1.5/testsuite/inclib.good
sed-4.1.5/testsuite/inclib.inp
sed-4.1.5/testsuite/inclib.sed
sed-4.1.5/testsuite/insens.good
sed-4.1.5/testsuite/insens.inp
sed-4.1.5/testsuite/insens.sed
sed-4.1.5/testsuite/khadafy.good
sed-4.1.5/testsuite/khadafy.inp
sed-4.1.5/testsuite/khadafy.sed
sed-4.1.5/testsuite/linecnt.good
sed-4.1.5/testsuite/linecnt.inp
sed-4.1.5/testsuite/linecnt.sed
sed-4.1.5/testsuite/mac-mf.good
sed-4.1.5/testsuite/mac-mf.inp
sed-4.1.5/testsuite/mac-mf.sed
sed-4.1.5/testsuite/madding.good
sed-4.1.5/testsuite/madding.inp
sed-4.1.5/testsuite/madding.sed
sed-4.1.5/testsuite/manis.good
sed-4.1.5/testsuite/manis.inp
sed-4.1.5/testsuite/manis.sed
sed-4.1.5/testsuite/middle.good
sed-4.1.5/testsuite/middle.inp
sed-4.1.5/testsuite/middle.sed
sed-4.1.5/testsuite/modulo.good
sed-4.1.5/testsuite/modulo.inp
sed-4.1.5/testsuite/modulo.sed
sed-4.1.5/testsuite/newjis.good
sed-4.1.5/testsuite/newjis.inp
sed-4.1.5/testsuite/newjis.sed
sed-4.1.5/testsuite/noeol.good
sed-4.1.5/testsuite/noeol.inp
sed-4.1.5/testsuite/noeol.sed
sed-4.1.5/testsuite/noeolw.1good
sed-4.1.5/testsuite/noeolw.2good
sed-4.1.5/testsuite/noeolw.good
sed-4.1.5/testsuite/noeolw.sed
sed-4.1.5/testsuite/numsub.good
sed-4.1.5/testsuite/numsub.inp
sed-4.1.5/testsuite/numsub.sed
sed-4.1.5/testsuite/numsub2.good
sed-4.1.5/testsuite/numsub2.inp
sed-4.1.5/testsuite/numsub2.sed
sed-4.1.5/testsuite/numsub3.good
sed-4.1.5/testsuite/numsub3.inp
sed-4.1.5/testsuite/numsub3.sed
sed-4.1.5/testsuite/numsub4.good
sed-4.1.5/testsuite/numsub4.inp
sed-4.1.5/testsuite/numsub4.sed
sed-4.1.5/testsuite/numsub5.good
sed-4.1.5/testsuite/numsub5.inp
sed-4.1.5/testsuite/numsub5.sed
sed-4.1.5/testsuite/ptestcases.h
sed-4.1.5/testsuite/readin.good
sed-4.1.5/testsuite/readin.in2
sed-4.1.5/testsuite/readin.inp
sed-4.1.5/testsuite/readin.sed
sed-4.1.5/testsuite/recall.good
sed-4.1.5/testsuite/recall.inp
sed-4.1.5/testsuite/recall.sed
sed-4.1.5/testsuite/recall2.good
sed-4.1.5/testsuite/recall2.inp
sed-4.1.5/testsuite/recall2.sed
sed-4.1.5/testsuite/runptests.c
sed-4.1.5/testsuite/runtest
sed-4.1.5/testsuite/runtests.c
sed-4.1.5/testsuite/sep.good
sed-4.1.5/testsuite/sep.inp
sed-4.1.5/testsuite/sep.sed
sed-4.1.5/testsuite/space.good
sed-4.1.5/testsuite/space.inp
sed-4.1.5/testsuite/space.sed
sed-4.1.5/testsuite/subwrite.inp
sed-4.1.5/testsuite/subwrite.sed
sed-4.1.5/testsuite/subwrt1.good
sed-4.1.5/testsuite/subwrt2.good
sed-4.1.5/testsuite/testcases.h
sed-4.1.5/testsuite/tst-boost.c
sed-4.1.5/testsuite/tst-pcre.c
sed-4.1.5/testsuite/tst-regex2.c
sed-4.1.5/testsuite/tst-rxspencer.c
sed-4.1.5/testsuite/uniq.good
sed-4.1.5/testsuite/uniq.inp
sed-4.1.5/testsuite/uniq.sed
sed-4.1.5/testsuite/version.gin
sed-4.1.5/testsuite/writeout.inp
sed-4.1.5/testsuite/writeout.sed
sed-4.1.5/testsuite/wrtout1.good
sed-4.1.5/testsuite/wrtout2.good
sed-4.1.5/testsuite/xabcx.good
sed-4.1.5/testsuite/xabcx.inp
sed-4.1.5/testsuite/xabcx.sed
sed-4.1.5/testsuite/xbxcx.good
sed-4.1.5/testsuite/xbxcx.inp
sed-4.1.5/testsuite/xbxcx.sed
sed-4.1.5/testsuite/xbxcx3.good
sed-4.1.5/testsuite/xbxcx3.inp
sed-4.1.5/testsuite/xbxcx3.sed
sed-4.1.5/testsuite/xemacs.good
sed-4.1.5/testsuite/xemacs.inp
sed-4.1.5/testsuite/xemacs.sed
sed-4.1.5/testsuite/y-bracket.good
sed-4.1.5/testsuite/y-bracket.inp
sed-4.1.5/testsuite/y-bracket.sed
sed-4.1.5/testsuite/y-newline.good
sed-4.1.5/testsuite/y-newline.inp
sed-4.1.5/testsuite/y-newline.sed
