checking for a BSD-compatible install... /usr/bin/install -c
checking whether build environment is sane... yes
checking for gawk... gawk
checking whether make sets $(MAKE)... yes
checking for gcc... gcc
checking for C compiler default output file name... a.out
checking whether the C compiler works... yes
checking whether we are cross compiling... no
checking for suffix of executables... 
checking for suffix of object files... o
checking whether we are using the GNU C compiler... yes
checking whether gcc accepts -g... yes
checking for gcc option to accept ANSI C... none needed
checking for style of include used by make... GNU
checking dependency style of gcc... gcc3
checking for ranlib... ranlib
checking how to run the C preprocessor... gcc -E
checking for egrep... grep -E
checking for AIX... no
checking for ANSI C header files... yes
checking for sys/types.h... yes
checking for sys/stat.h... yes
checking for stdlib.h... yes
checking for string.h... yes
checking for memory.h... yes
checking for strings.h... yes
checking for inttypes.h... yes
checking for stdint.h... yes
checking for unistd.h... yes
checking minix/config.h usability... no
checking minix/config.h presence... no
checking for minix/config.h... no
checking for library containing strerror... none required
checking for special C compiler options needed for large files... no
checking for _FILE_OFFSET_BITS value needed for large files... 64
checking for _LARGE_FILES value needed for large files... no
checking for long file names... yes
checking whether -lcP is needed... no
checking for dirent.h that defines DIR... yes
checking for library containing opendir... none required
checking for io.h... no
checking for limits.h... yes
checking for locale.h... yes
checking for stdarg.h... yes
checking for alloca.h... yes
checking for stddef.h... yes
checking for errno.h... yes
checking for wchar.h... yes
checking for wctype.h... yes
checking for sys/file.h... yes
checking for mcheck.h... yes
checking for an ANSI C-conforming const... yes
checking for size_t... yes
checking for ssize_t... yes
checking for stdbool.h that conforms to C99... yes
checking for _Bool... yes
checking for working alloca.h... yes
checking for alloca... yes
checking for vprintf... yes
checking for _doprnt... no
checking for getline... yes
checking for working getline function... yes
checking for obstacks... yes
checking whether mbrtowc and mbstate_t are properly declared... yes
checking for mbstate_t... yes
checking for strverscmp... yes
checking for memchr... yes
checking for memcmp... yes
checking for memmove... yes
checking for strerror... yes
checking for mkstemp... yes
checking for isatty... yes
checking for bcopy... yes
checking for bzero... yes
checking for isascii... yes
checking for memcpy... yes
checking for memset... yes
checking for strchr... yes
checking for strtoul... yes
checking for popen... yes
checking for pathconf... yes
checking for isblank... yes
checking for fchown... yes
checking for fchmod... yes
checking for setlocale... yes
checking for wcrtomb... yes
checking for wcscoll... yes
checking for btowc... yes
checking how to build HTML documentation... with makeinfo
checking for msgfmt... /usr/bin/msgfmt
checking for gmsgfmt... /usr/bin/msgfmt
checking for xgettext... /usr/bin/xgettext
checking for msgmerge... /usr/bin/msgmerge
checking build system type... i686-pc-linux-gnu
checking host system type... i686-pc-linux-gnu
checking for inline... inline
checking for off_t... yes
checking for stdlib.h... (cached) yes
checking for unistd.h... (cached) yes
checking for getpagesize... yes
checking for working mmap... yes
checking whether we are using the GNU C Library 2.1 or newer... yes
checking for ld used by GCC... /usr/bin/ld
checking if the linker (/usr/bin/ld) is GNU ld... yes
checking for shared library run path origin... done
checking for iconv... yes
checking argz.h usability... yes
checking argz.h presence... yes
checking for argz.h... yes
checking for limits.h... (cached) yes
checking for locale.h... (cached) yes
checking nl_types.h usability... yes
checking nl_types.h presence... yes
checking for nl_types.h... yes
checking malloc.h usability... yes
checking malloc.h presence... yes
checking for malloc.h... yes
checking for stddef.h... (cached) yes
checking for stdlib.h... (cached) yes
checking for string.h... (cached) yes
checking for unistd.h... (cached) yes
checking sys/param.h usability... yes
checking sys/param.h presence... yes
checking for sys/param.h... yes
checking for feof_unlocked... yes
checking for fgets_unlocked... yes
checking for getc_unlocked... yes
checking for getcwd... yes
checking for getegid... yes
checking for geteuid... yes
checking for getgid... yes
checking for getuid... yes
checking for mempcpy... yes
checking for munmap... yes
checking for putenv... yes
checking for setenv... yes
checking for setlocale... (cached) yes
checking for stpcpy... yes
checking for strcasecmp... yes
checking for strdup... yes
checking for strtoul... (cached) yes
checking for tsearch... yes
checking for __argz_count... yes
checking for __argz_stringify... yes
checking for __argz_next... yes
checking for iconv declaration... 
         extern size_t iconv (iconv_t cd, char * *inbuf, size_t *inbytesleft, char * *outbuf, size_t *outbytesleft);
checking for nl_langinfo and CODESET... yes
checking for LC_MESSAGES... yes
checking for bison... bison
checking version of bison... 2.2, ok
checking whether NLS is requested... yes
checking whether included gettext is requested... no
checking for GNU gettext in libc... yes
configure: creating ./config.status
config.status: creating bootstrap.sh
config.status: creating Makefile
config.status: creating doc/Makefile
config.status: creating lib/Makefile
config.status: creating sed/Makefile
config.status: creating testsuite/Makefile
config.status: creating po/Makefile.in
config.status: creating intl/Makefile
config.status: creating config.h
config.status: linking ./lib/regex_.h to lib/regex.h
config.status: executing depfiles commands
config.status: executing default-1 commands
config.status: creating po/POTFILES
config.status: creating po/Makefile
config.status: executing gettext-fix commands
