Found a patch, skipping...
Found a patch, skipping...
texinfo-4.8/
texinfo-4.8/djgpp/
texinfo-4.8/djgpp/README
texinfo-4.8/djgpp/config.bat
texinfo-4.8/djgpp/config.sed
texinfo-4.8/djgpp/config.site
texinfo-4.8/intl/
texinfo-4.8/intl/Makefile.in
texinfo-4.8/intl/ChangeLog
texinfo-4.8/intl/config.charset
texinfo-4.8/intl/locale.alias
texinfo-4.8/intl/ref-add.sin
texinfo-4.8/intl/ref-del.sin
texinfo-4.8/intl/gmo.h
texinfo-4.8/intl/gettextP.h
texinfo-4.8/intl/hash-string.h
texinfo-4.8/intl/loadinfo.h
texinfo-4.8/intl/plural-exp.h
texinfo-4.8/intl/eval-plural.h
texinfo-4.8/intl/localcharset.h
texinfo-4.8/intl/relocatable.h
texinfo-4.8/intl/xsize.h
texinfo-4.8/intl/printf-args.h
texinfo-4.8/intl/printf-args.c
texinfo-4.8/intl/printf-parse.h
texinfo-4.8/intl/wprintf-parse.h
texinfo-4.8/intl/printf-parse.c
texinfo-4.8/intl/vasnprintf.h
texinfo-4.8/intl/vasnwprintf.h
texinfo-4.8/intl/vasnprintf.c
texinfo-4.8/intl/os2compat.h
texinfo-4.8/intl/libgnuintl.h.in
texinfo-4.8/intl/bindtextdom.c
texinfo-4.8/intl/dcgettext.c
texinfo-4.8/intl/dgettext.c
texinfo-4.8/intl/gettext.c
texinfo-4.8/intl/finddomain.c
texinfo-4.8/intl/loadmsgcat.c
texinfo-4.8/intl/localealias.c
texinfo-4.8/intl/textdomain.c
texinfo-4.8/intl/l10nflist.c
texinfo-4.8/intl/explodename.c
texinfo-4.8/intl/dcigettext.c
texinfo-4.8/intl/dcngettext.c
texinfo-4.8/intl/dngettext.c
texinfo-4.8/intl/ngettext.c
texinfo-4.8/intl/plural.y
texinfo-4.8/intl/plural-exp.c
texinfo-4.8/intl/localcharset.c
texinfo-4.8/intl/relocatable.c
texinfo-4.8/intl/localename.c
texinfo-4.8/intl/log.c
texinfo-4.8/intl/printf.c
texinfo-4.8/intl/osdep.c
texinfo-4.8/intl/os2compat.c
texinfo-4.8/intl/intl-compat.c
texinfo-4.8/intl/plural.c
texinfo-4.8/intl/VERSION
texinfo-4.8/m4/
texinfo-4.8/m4/codeset.m4
texinfo-4.8/m4/gettext.m4
texinfo-4.8/m4/glibc21.m4
texinfo-4.8/m4/iconv.m4
texinfo-4.8/m4/intdiv0.m4
texinfo-4.8/m4/intmax.m4
texinfo-4.8/m4/inttypes-pri.m4
texinfo-4.8/m4/inttypes.m4
texinfo-4.8/m4/inttypes_h.m4
texinfo-4.8/m4/lcmessage.m4
texinfo-4.8/m4/lib-ld.m4
texinfo-4.8/m4/lib-link.m4
texinfo-4.8/m4/lib-prefix.m4
texinfo-4.8/m4/longdouble.m4
texinfo-4.8/m4/longlong.m4
texinfo-4.8/m4/mkstemp.m4
texinfo-4.8/m4/nls.m4
texinfo-4.8/m4/onceonly_2_57.m4
texinfo-4.8/m4/po.m4
texinfo-4.8/m4/printf-posix.m4
texinfo-4.8/m4/progtest.m4
texinfo-4.8/m4/signed.m4
texinfo-4.8/m4/size_max.m4
texinfo-4.8/m4/stdint_h.m4
texinfo-4.8/m4/strcase.m4
texinfo-4.8/m4/uintmax_t.m4
texinfo-4.8/m4/ulonglong.m4
texinfo-4.8/m4/wchar_t.m4
texinfo-4.8/m4/wint_t.m4
texinfo-4.8/m4/xsize.m4
texinfo-4.8/m4/Makefile.am
texinfo-4.8/m4/Makefile.in
texinfo-4.8/m4/ChangeLog
texinfo-4.8/m4/check-decl.m4
texinfo-4.8/m4/isc-posix.m4
texinfo-4.8/m4/onceonly.m4
texinfo-4.8/m4/prereq.m4
texinfo-4.8/po/
texinfo-4.8/po/Makefile.in.in
texinfo-4.8/po/remove-potcdate.sin
texinfo-4.8/po/quot.sed
texinfo-4.8/po/boldquot.sed
texinfo-4.8/po/en@quot.header
texinfo-4.8/po/en@boldquot.header
texinfo-4.8/po/insert-header.sin
texinfo-4.8/po/Rules-quot
texinfo-4.8/po/Makevars
texinfo-4.8/po/POTFILES.in
texinfo-4.8/po/texinfo.pot
texinfo-4.8/po/stamp-po
texinfo-4.8/po/cs.po
texinfo-4.8/po/da.po
texinfo-4.8/po/de.po
texinfo-4.8/po/de_AT.po
texinfo-4.8/po/eo.po
texinfo-4.8/po/fr.po
texinfo-4.8/po/he.po
texinfo-4.8/po/hr.po
texinfo-4.8/po/ja.po
texinfo-4.8/po/nl.po
texinfo-4.8/po/nb.po
texinfo-4.8/po/no.po
texinfo-4.8/po/pl.po
texinfo-4.8/po/ro.po
texinfo-4.8/po/ru.po
texinfo-4.8/po/sv.po
texinfo-4.8/po/tr.po
texinfo-4.8/po/zh_CN.po
texinfo-4.8/po/zh_TW.po
texinfo-4.8/po/cs.gmo
texinfo-4.8/po/da.gmo
texinfo-4.8/po/de.gmo
texinfo-4.8/po/de_AT.gmo
texinfo-4.8/po/eo.gmo
texinfo-4.8/po/fr.gmo
texinfo-4.8/po/he.gmo
texinfo-4.8/po/hr.gmo
texinfo-4.8/po/ja.gmo
texinfo-4.8/po/nl.gmo
texinfo-4.8/po/nb.gmo
texinfo-4.8/po/no.gmo
texinfo-4.8/po/pl.gmo
texinfo-4.8/po/ro.gmo
texinfo-4.8/po/ru.gmo
texinfo-4.8/po/sv.gmo
texinfo-4.8/po/tr.gmo
texinfo-4.8/po/zh_CN.gmo
texinfo-4.8/po/zh_TW.gmo
texinfo-4.8/po/ChangeLog
texinfo-4.8/po/LINGUAS
texinfo-4.8/README
texinfo-4.8/configure.ac
texinfo-4.8/aclocal.m4
texinfo-4.8/Makefile.am
texinfo-4.8/Makefile.in
texinfo-4.8/config.in
texinfo-4.8/configure
texinfo-4.8/ABOUT-NLS
texinfo-4.8/AUTHORS
texinfo-4.8/COPYING
texinfo-4.8/ChangeLog
texinfo-4.8/INSTALL
texinfo-4.8/NEWS
texinfo-4.8/TODO
texinfo-4.8/config.guess
texinfo-4.8/config.rpath
texinfo-4.8/config.sub
texinfo-4.8/depcomp
texinfo-4.8/install-sh
texinfo-4.8/missing
texinfo-4.8/mkinstalldirs
texinfo-4.8/ChangeLog.46
texinfo-4.8/INSTALL.generic
texinfo-4.8/INTRODUCTION
texinfo-4.8/README.dev
texinfo-4.8/lib/
texinfo-4.8/lib/README
texinfo-4.8/lib/Makefile.am
texinfo-4.8/lib/Makefile.in
texinfo-4.8/lib/alloca.c
texinfo-4.8/lib/memcpy.c
texinfo-4.8/lib/memmove.c
texinfo-4.8/lib/mkstemp.c
texinfo-4.8/lib/strcasecmp.c
texinfo-4.8/lib/strdup.c
texinfo-4.8/lib/strerror.c
texinfo-4.8/lib/strncasecmp.c
texinfo-4.8/lib/tempname.c
texinfo-4.8/lib/getopt.c
texinfo-4.8/lib/getopt.h
texinfo-4.8/lib/getopt1.c
texinfo-4.8/lib/getopt_.h
texinfo-4.8/lib/getopt_int.h
texinfo-4.8/lib/gettext.h
texinfo-4.8/lib/strcase.h
texinfo-4.8/lib/strdup.h
texinfo-4.8/lib/substring.c
texinfo-4.8/lib/system.h
texinfo-4.8/lib/xalloc.h
texinfo-4.8/lib/xexit.c
texinfo-4.8/lib/xmalloc.c
texinfo-4.8/lib/xstrdup.c
texinfo-4.8/info/
texinfo-4.8/info/README
texinfo-4.8/info/Makefile.am
texinfo-4.8/info/Makefile.in
texinfo-4.8/info/dir.c
texinfo-4.8/info/display.c
texinfo-4.8/info/display.h
texinfo-4.8/info/doc.h
texinfo-4.8/info/dribble.c
texinfo-4.8/info/dribble.h
texinfo-4.8/info/echo-area.c
texinfo-4.8/info/echo-area.h
texinfo-4.8/info/filesys.c
texinfo-4.8/info/filesys.h
texinfo-4.8/info/footnotes.c
texinfo-4.8/info/footnotes.h
texinfo-4.8/info/gc.c
texinfo-4.8/info/gc.h
texinfo-4.8/info/indices.c
texinfo-4.8/info/indices.h
texinfo-4.8/info/info-utils.c
texinfo-4.8/info/info-utils.h
texinfo-4.8/info/info.c
texinfo-4.8/info/info.h
texinfo-4.8/info/infodoc.c
texinfo-4.8/info/infomap.c
texinfo-4.8/info/infomap.h
texinfo-4.8/info/m-x.c
texinfo-4.8/info/man.c
texinfo-4.8/info/man.h
texinfo-4.8/info/nodemenu.c
texinfo-4.8/info/nodes.c
texinfo-4.8/info/nodes.h
texinfo-4.8/info/search.c
texinfo-4.8/info/search.h
texinfo-4.8/info/session.c
texinfo-4.8/info/session.h
texinfo-4.8/info/signals.c
texinfo-4.8/info/signals.h
texinfo-4.8/info/termdep.h
texinfo-4.8/info/terminal.c
texinfo-4.8/info/terminal.h
texinfo-4.8/info/tilde.c
texinfo-4.8/info/tilde.h
texinfo-4.8/info/variables.c
texinfo-4.8/info/variables.h
texinfo-4.8/info/window.c
texinfo-4.8/info/window.h
texinfo-4.8/info/infokey.c
texinfo-4.8/info/infokey.h
texinfo-4.8/info/key.h
texinfo-4.8/info/makedoc.c
texinfo-4.8/info/pcterm.c
texinfo-4.8/makeinfo/
texinfo-4.8/makeinfo/README
texinfo-4.8/makeinfo/Makefile.am
texinfo-4.8/makeinfo/Makefile.in
texinfo-4.8/makeinfo/cmds.c
texinfo-4.8/makeinfo/cmds.h
texinfo-4.8/makeinfo/defun.c
texinfo-4.8/makeinfo/defun.h
texinfo-4.8/makeinfo/files.c
texinfo-4.8/makeinfo/files.h
texinfo-4.8/makeinfo/float.c
texinfo-4.8/makeinfo/float.h
texinfo-4.8/makeinfo/footnote.c
texinfo-4.8/makeinfo/footnote.h
texinfo-4.8/makeinfo/html.c
texinfo-4.8/makeinfo/html.h
texinfo-4.8/makeinfo/index.c
texinfo-4.8/makeinfo/index.h
texinfo-4.8/makeinfo/insertion.c
texinfo-4.8/makeinfo/insertion.h
texinfo-4.8/makeinfo/lang.c
texinfo-4.8/makeinfo/lang.h
texinfo-4.8/makeinfo/macro.c
texinfo-4.8/makeinfo/macro.h
texinfo-4.8/makeinfo/makeinfo.c
texinfo-4.8/makeinfo/makeinfo.h
texinfo-4.8/makeinfo/multi.c
texinfo-4.8/makeinfo/multi.h
texinfo-4.8/makeinfo/node.c
texinfo-4.8/makeinfo/node.h
texinfo-4.8/makeinfo/sectioning.c
texinfo-4.8/makeinfo/sectioning.h
texinfo-4.8/makeinfo/toc.c
texinfo-4.8/makeinfo/toc.h
texinfo-4.8/makeinfo/xml.c
texinfo-4.8/makeinfo/xml.h
texinfo-4.8/makeinfo/xref.c
texinfo-4.8/makeinfo/xref.h
texinfo-4.8/makeinfo/tests/
texinfo-4.8/makeinfo/tests/Makefile.am
texinfo-4.8/makeinfo/tests/Makefile.in
texinfo-4.8/makeinfo/tests/accent
texinfo-4.8/makeinfo/tests/accentenc
texinfo-4.8/makeinfo/tests/cond
texinfo-4.8/makeinfo/tests/copying
texinfo-4.8/makeinfo/tests/defxcond
texinfo-4.8/makeinfo/tests/html-docdesc
texinfo-4.8/makeinfo/tests/html-extrali
texinfo-4.8/makeinfo/tests/html-min
texinfo-4.8/makeinfo/tests/html-manuals
texinfo-4.8/makeinfo/tests/html-para
texinfo-4.8/makeinfo/tests/html-title
texinfo-4.8/makeinfo/tests/html-top
texinfo-4.8/makeinfo/tests/include-value
texinfo-4.8/makeinfo/tests/macro-at
texinfo-4.8/makeinfo/tests/menu-whitespace
texinfo-4.8/makeinfo/tests/no-headers
texinfo-4.8/makeinfo/tests/node-expand
texinfo-4.8/makeinfo/tests/node-value
texinfo-4.8/makeinfo/tests/node-whitespace
texinfo-4.8/makeinfo/tests/top
texinfo-4.8/makeinfo/tests/twofiles
texinfo-4.8/makeinfo/tests/accent.txi
texinfo-4.8/makeinfo/tests/accentenc.txi
texinfo-4.8/makeinfo/tests/accent-text.txi
texinfo-4.8/makeinfo/tests/cond.txi
texinfo-4.8/makeinfo/tests/copying.txi
texinfo-4.8/makeinfo/tests/defxcond.txi
texinfo-4.8/makeinfo/tests/html-docdesc.txi
texinfo-4.8/makeinfo/tests/html-extrali.txi
texinfo-4.8/makeinfo/tests/html-min.txi
texinfo-4.8/makeinfo/tests/html-para.txi
texinfo-4.8/makeinfo/tests/html-title.txi
texinfo-4.8/makeinfo/tests/html-top.txi
texinfo-4.8/makeinfo/tests/include-value.txi
texinfo-4.8/makeinfo/tests/incl-incl.txi
texinfo-4.8/makeinfo/tests/macro-at.txi
texinfo-4.8/makeinfo/tests/menu-whitespace.txi
texinfo-4.8/makeinfo/tests/node-expand.txi
texinfo-4.8/makeinfo/tests/node-value.txi
texinfo-4.8/makeinfo/tests/node-whitespace.txi
texinfo-4.8/makeinfo/tests/top.txi
texinfo-4.8/util/
texinfo-4.8/util/README
texinfo-4.8/util/texinfo.dtd
texinfo-4.8/util/texinfo.xsl
texinfo-4.8/util/Makefile.am
texinfo-4.8/util/Makefile.in
texinfo-4.8/util/install-info.c
texinfo-4.8/util/texindex.c
texinfo-4.8/util/deref.c
texinfo-4.8/util/dir-example
texinfo-4.8/util/fix-info-dir
texinfo-4.8/util/fixfonts
texinfo-4.8/util/fixref.gawk
texinfo-4.8/util/gdoc
texinfo-4.8/util/gen-dir-node
texinfo-4.8/util/gendocs.sh
texinfo-4.8/util/gendocs_template
texinfo-4.8/util/infosrch
texinfo-4.8/util/install-info-html
texinfo-4.8/util/outline.gawk
texinfo-4.8/util/prepinfo.awk
texinfo-4.8/util/tex3patch
texinfo-4.8/util/texi-docstring-magic.el
texinfo-4.8/util/texi2dvi
texinfo-4.8/util/texi2pdf
texinfo-4.8/util/txitextest
texinfo-4.8/util/texinfo-cat.in
texinfo-4.8/doc/
texinfo-4.8/doc/README
texinfo-4.8/doc/texinfo.txi
texinfo-4.8/doc/info-stnd.texi
texinfo-4.8/doc/info.texi
texinfo-4.8/doc/Makefile.am
texinfo-4.8/doc/Makefile.in
texinfo-4.8/doc/stamp-1
texinfo-4.8/doc/stamp-vti
texinfo-4.8/doc/version-stnd.texi
texinfo-4.8/doc/version.texi
texinfo-4.8/doc/mdate-sh
texinfo-4.8/doc/texinfo.tex
texinfo-4.8/doc/epsf.tex
texinfo-4.8/doc/pdfcolor.tex
texinfo-4.8/doc/fdl.texi
texinfo-4.8/doc/info.1
texinfo-4.8/doc/infokey.1
texinfo-4.8/doc/install-info.1
texinfo-4.8/doc/makeinfo.1
texinfo-4.8/doc/texindex.1
texinfo-4.8/doc/texi2dvi.1
texinfo-4.8/doc/info.5
texinfo-4.8/doc/texinfo.5
texinfo-4.8/doc/txi-cs.tex
texinfo-4.8/doc/txi-de.tex
texinfo-4.8/doc/txi-en.tex
texinfo-4.8/doc/txi-es.tex
texinfo-4.8/doc/txi-fr.tex
texinfo-4.8/doc/txi-it.tex
texinfo-4.8/doc/txi-nl.tex
texinfo-4.8/doc/txi-no.tex
texinfo-4.8/doc/txi-pl.tex
texinfo-4.8/doc/txi-pt.tex
texinfo-4.8/doc/txi-tr.tex
