checking for a BSD-compatible install... /usr/bin/install -c
checking whether build environment is sane... yes
checking for gawk... gawk
checking whether make sets $(MAKE)... yes
checking whether to enable maintainer-specific portions of Makefiles... no
checking for gcc... gcc
checking for C compiler default output file name... a.out
checking whether the C compiler works... yes
checking whether we are cross compiling... no
checking for suffix of executables... 
checking for suffix of object files... o
checking whether we are using the GNU C compiler... yes
checking whether gcc accepts -g... yes
checking for gcc option to accept ANSI C... none needed
checking for style of include used by make... GNU
checking dependency style of gcc... gcc3
checking how to run the C preprocessor... gcc -E
checking for egrep... grep -E
checking whether gcc needs -traditional... no
checking for a BSD-compatible install... /usr/bin/install -c
checking whether make sets $(MAKE)... (cached) yes
checking for ranlib... ranlib
checking for library containing strerror... none required
checking for ANSI C header files... yes
checking for sys/types.h... yes
checking for sys/stat.h... yes
checking for stdlib.h... yes
checking for string.h... yes
checking for memory.h... yes
checking for strings.h... yes
checking for inttypes.h... yes
checking for stdint.h... yes
checking for unistd.h... yes
checking minix/config.h usability... no
checking minix/config.h presence... no
checking for minix/config.h... no
checking for sigblock... yes
checking whether stat file-mode macros are broken... no
checking for ANSI C header files... (cached) yes
checking fcntl.h usability... yes
checking fcntl.h presence... yes
checking for fcntl.h... yes
checking io.h usability... no
checking io.h presence... no
checking for io.h... no
checking limits.h usability... yes
checking limits.h presence... yes
checking for limits.h... yes
checking pwd.h usability... yes
checking pwd.h presence... yes
checking for pwd.h... yes
checking for string.h... (cached) yes
checking for strings.h... (cached) yes
checking termcap.h usability... yes
checking termcap.h presence... yes
checking for termcap.h... yes
checking termio.h usability... yes
checking termio.h presence... yes
checking for termio.h... yes
checking termios.h usability... yes
checking termios.h presence... yes
checking for termios.h... yes
checking for unistd.h... (cached) yes
checking sys/fcntl.h usability... yes
checking sys/fcntl.h presence... yes
checking for sys/fcntl.h... yes
checking sys/file.h usability... yes
checking sys/file.h presence... yes
checking for sys/file.h... yes
checking sys/stream.h usability... no
checking sys/stream.h presence... no
checking for sys/stream.h... no
checking sys/time.h usability... yes
checking sys/time.h presence... yes
checking for sys/time.h... yes
checking sys/ttold.h usability... no
checking sys/ttold.h presence... no
checking for sys/ttold.h... no
checking sys/wait.h usability... yes
checking sys/wait.h presence... yes
checking for sys/wait.h... yes
checking for sys/ptem.h... no
checking POSIX termios... yes
checking whether termios.h defines TIOCGWINSZ... no
checking whether sys/ioctl.h defines TIOCGWINSZ... yes
checking for off_t... yes
checking return type of signal handlers... void
checking for an ANSI C-conforming const... yes
checking whether struct tm is in sys/time.h or time.h... time.h
checking whether memchr is declared... yes
checking whether strcoll is declared... yes
checking whether strerror is declared... yes
checking for working alloca.h... yes
checking for alloca... yes
checking for working strcoll... yes
checking for vprintf... yes
checking for _doprnt... no
checking for bzero... yes
checking for getcwd... yes
checking for memset... yes
checking for setvbuf... yes
checking for sigaction... yes
checking for sigprocmask... yes
checking for sigsetmask... yes
checking for strchr... yes
checking for memcpy... yes
checking for memmove... yes
checking for strdup... yes
checking for strerror... yes
checking for strcasecmp... yes
checking for strncasecmp... yes
checking build system type... i686-pc-linux-gnu
checking for tgetent in -lncurses... yes
checking for library with termcap variables... 
checking ncurses/termcap.h usability... no
checking ncurses/termcap.h presence... no
checking for ncurses/termcap.h... no
checking for fcntl.h... (cached) yes
checking for sys/time.h... (cached) yes
checking for unistd.h... (cached) yes
checking whether getenv is declared... yes
checking for inttypes.h... yes
checking for stdint.h... yes
checking for unsigned long long... yes
checking for mkstemp... yes
checking for mkstemp limitations... no
checking host system type... i686-pc-linux-gnu
checking whether NLS is requested... yes
checking for msgfmt... /usr/bin/msgfmt
checking for gmsgfmt... /usr/bin/msgfmt
checking for xgettext... /usr/bin/xgettext
checking for msgmerge... /usr/bin/msgmerge
checking for signed... yes
checking for inline... inline
checking for size_t... yes
checking for long long... yes
checking for long double... yes
checking for wchar_t... yes
checking for wint_t... yes
checking for intmax_t... yes
checking whether printf() supports POSIX/XSI format strings... yes
checking for stdlib.h... (cached) yes
checking for unistd.h... (cached) yes
checking for getpagesize... yes
checking for working mmap... yes
checking whether we are using the GNU C Library 2.1 or newer... yes
checking whether integer division by zero raises SIGFPE... yes
checking for inttypes.h... yes
checking whether the inttypes.h PRIxNN macros are broken... no
checking for stdint.h... (cached) yes
checking for SIZE_MAX... yes
checking for stdint.h... (cached) yes
checking for ld used by GCC... /usr/bin/ld
checking if the linker (/usr/bin/ld) is GNU ld... yes
checking for shared library run path origin... done
checking for ptrdiff_t... yes
checking argz.h usability... yes
checking argz.h presence... yes
checking for argz.h... yes
checking for limits.h... (cached) yes
checking locale.h usability... yes
checking locale.h presence... yes
checking for locale.h... yes
checking nl_types.h usability... yes
checking nl_types.h presence... yes
checking for nl_types.h... yes
checking malloc.h usability... yes
checking malloc.h presence... yes
checking for malloc.h... yes
checking stddef.h usability... yes
checking stddef.h presence... yes
checking for stddef.h... yes
checking for stdlib.h... (cached) yes
checking for string.h... (cached) yes
checking for unistd.h... (cached) yes
checking sys/param.h usability... yes
checking sys/param.h presence... yes
checking for sys/param.h... yes
checking for asprintf... yes
checking for fwprintf... yes
checking for getcwd... (cached) yes
checking for getegid... yes
checking for geteuid... yes
checking for getgid... yes
checking for getuid... yes
checking for mempcpy... yes
checking for munmap... yes
checking for putenv... yes
checking for setenv... yes
checking for setlocale... yes
checking for snprintf... yes
checking for stpcpy... yes
checking for strcasecmp... (cached) yes
checking for strdup... (cached) yes
checking for strtoul... yes
checking for tsearch... yes
checking for wcslen... yes
checking for __argz_count... yes
checking for __argz_stringify... yes
checking for __argz_next... yes
checking for __fsetlocking... yes
checking whether _snprintf is declared... no
checking whether _snwprintf is declared... no
checking whether feof_unlocked is declared... yes
checking whether fgets_unlocked is declared... no
checking whether getc_unlocked is declared... yes
checking for iconv... yes
checking for iconv declaration... 
         extern size_t iconv (iconv_t cd, char * *inbuf, size_t *inbytesleft, char * *outbuf, size_t *outbytesleft);
checking for nl_langinfo and CODESET... yes
checking for LC_MESSAGES... yes
checking for bison... bison
checking version of bison... 2.2, ok
checking whether NLS is requested... yes
checking whether included gettext is requested... no
checking for GNU gettext in libc... yes
checking whether to use NLS... yes
checking where the gettext function comes from... libc
configure: creating ./config.status
config.status: creating Makefile
config.status: creating doc/Makefile
config.status: creating info/Makefile
config.status: creating intl/Makefile
config.status: creating lib/Makefile
config.status: creating m4/Makefile
config.status: creating makeinfo/Makefile
config.status: creating makeinfo/tests/Makefile
config.status: creating po/Makefile.in
config.status: creating util/Makefile
config.status: creating config.h
config.status: executing depfiles commands
config.status: executing default-1 commands
config.status: creating po/POTFILES
config.status: creating po/Makefile
