dpkg-deb: building package `texinfo-4.8' in `debian.deb'.
 new debian package, version 2.0.
 size 752308 bytes: control archive= 987 bytes.
     268 bytes,    10 lines      control              
     789 bytes,    18 lines      copyright            
       6 bytes,     1 lines      debian-binary        
     110 bytes,     3 lines   *  postinst             #!/bin/bash
     108 bytes,     3 lines   *  postrm               #!/bin/bash
     111 bytes,     3 lines   *  preinst              #!/bin/bash
     109 bytes,     3 lines   *  prerm                #!/bin/bash
 Package: texinfo-4.8
 Version: 4.8
 Section: unknown
 Priority: required
 Architecture: all
 Essential: no
 Depends: aaa-base
 Maintainer: Aethernet support team [support@aethernet.co.uk]
 Provides: texinfo
 Description: Programs for reading, writing and converting info pages
