`include/asm-i386/8253pit.h' -> `../../pkg/debian/usr/include/asm/8253pit.h'
`include/asm-i386/a.out.h' -> `../../pkg/debian/usr/include/asm/a.out.h'
`include/asm-i386/agp.h' -> `../../pkg/debian/usr/include/asm/agp.h'
`include/asm-i386/apic.h' -> `../../pkg/debian/usr/include/asm/apic.h'
`include/asm-i386/apicdef.h' -> `../../pkg/debian/usr/include/asm/apicdef.h'
`include/asm-i386/arch_hooks.h' -> `../../pkg/debian/usr/include/asm/arch_hooks.h'
`include/asm-i386/atomic.h' -> `../../pkg/debian/usr/include/asm/atomic.h'
`include/asm-i386/bitops.h' -> `../../pkg/debian/usr/include/asm/bitops.h'
`include/asm-i386/boot.h' -> `../../pkg/debian/usr/include/asm/boot.h'
`include/asm-i386/byteorder.h' -> `../../pkg/debian/usr/include/asm/byteorder.h'
`include/asm-i386/cache.h' -> `../../pkg/debian/usr/include/asm/cache.h'
`include/asm-i386/cacheflush.h' -> `../../pkg/debian/usr/include/asm/cacheflush.h'
`include/asm-i386/checksum.h' -> `../../pkg/debian/usr/include/asm/checksum.h'
`include/asm-i386/cpu.h' -> `../../pkg/debian/usr/include/asm/cpu.h'
`include/asm-i386/cpufeature.h' -> `../../pkg/debian/usr/include/asm/cpufeature.h'
`include/asm-i386/debugreg.h' -> `../../pkg/debian/usr/include/asm/debugreg.h'
`include/asm-i386/desc.h' -> `../../pkg/debian/usr/include/asm/desc.h'
`include/asm-i386/dma.h' -> `../../pkg/debian/usr/include/asm/dma.h'
`include/asm-i386/e820.h' -> `../../pkg/debian/usr/include/asm/e820.h'
`include/asm-i386/elf.h' -> `../../pkg/debian/usr/include/asm/elf.h'
`include/asm-i386/errno.h' -> `../../pkg/debian/usr/include/asm/errno.h'
`include/asm-i386/fcntl.h' -> `../../pkg/debian/usr/include/asm/fcntl.h'
`include/asm-i386/fixmap.h' -> `../../pkg/debian/usr/include/asm/fixmap.h'
`include/asm-i386/floppy.h' -> `../../pkg/debian/usr/include/asm/floppy.h'
`include/asm-i386/genapic.h' -> `../../pkg/debian/usr/include/asm/genapic.h'
`include/asm-i386/hardirq.h' -> `../../pkg/debian/usr/include/asm/hardirq.h'
`include/asm-i386/hdreg.h' -> `../../pkg/debian/usr/include/asm/hdreg.h'
`include/asm-i386/hw_irq.h' -> `../../pkg/debian/usr/include/asm/hw_irq.h'
`include/asm-i386/i8259.h' -> `../../pkg/debian/usr/include/asm/i8259.h'
`include/asm-i386/init.h' -> `../../pkg/debian/usr/include/asm/init.h'
`include/asm-i386/io.h' -> `../../pkg/debian/usr/include/asm/io.h'
`include/asm-i386/io_apic.h' -> `../../pkg/debian/usr/include/asm/io_apic.h'
`include/asm-i386/ioctl.h' -> `../../pkg/debian/usr/include/asm/ioctl.h'
`include/asm-i386/ioctls.h' -> `../../pkg/debian/usr/include/asm/ioctls.h'
`include/asm-i386/ipc.h' -> `../../pkg/debian/usr/include/asm/ipc.h'
`include/asm-i386/ipcbuf.h' -> `../../pkg/debian/usr/include/asm/ipcbuf.h'
`include/asm-i386/irq.h' -> `../../pkg/debian/usr/include/asm/irq.h'
`include/asm-i386/kdebug.h' -> `../../pkg/debian/usr/include/asm/kdebug.h'
`include/asm-i386/kprobes.h' -> `../../pkg/debian/usr/include/asm/kprobes.h'
`include/asm-i386/ldt.h' -> `../../pkg/debian/usr/include/asm/ldt.h'
`include/asm-i386/linkage.h' -> `../../pkg/debian/usr/include/asm/linkage.h'
`include/asm-i386/mach-bigsmp' -> `../../pkg/debian/usr/include/asm/mach-bigsmp'
`include/asm-i386/mach-bigsmp/mach_apic.h' -> `../../pkg/debian/usr/include/asm/mach-bigsmp/mach_apic.h'
`include/asm-i386/mach-bigsmp/mach_apicdef.h' -> `../../pkg/debian/usr/include/asm/mach-bigsmp/mach_apicdef.h'
`include/asm-i386/mach-bigsmp/mach_ipi.h' -> `../../pkg/debian/usr/include/asm/mach-bigsmp/mach_ipi.h'
`include/asm-i386/mach-bigsmp/mach_mpspec.h' -> `../../pkg/debian/usr/include/asm/mach-bigsmp/mach_mpspec.h'
`include/asm-i386/mach-default' -> `../../pkg/debian/usr/include/asm/mach-default'
`include/asm-i386/mach-default/setup_arch_post.h' -> `../../pkg/debian/usr/include/asm/mach-default/setup_arch_post.h'
`include/asm-i386/mach-default/mach_apic.h' -> `../../pkg/debian/usr/include/asm/mach-default/mach_apic.h'
`include/asm-i386/mach-default/io_ports.h' -> `../../pkg/debian/usr/include/asm/mach-default/io_ports.h'
`include/asm-i386/mach-default/mach_apicdef.h' -> `../../pkg/debian/usr/include/asm/mach-default/mach_apicdef.h'
`include/asm-i386/mach-default/mach_ipi.h' -> `../../pkg/debian/usr/include/asm/mach-default/mach_ipi.h'
`include/asm-i386/mach-default/mach_time.h' -> `../../pkg/debian/usr/include/asm/mach-default/mach_time.h'
`include/asm-i386/mach-default/pci-functions.h' -> `../../pkg/debian/usr/include/asm/mach-default/pci-functions.h'
`include/asm-i386/mach-default/bios_ebda.h' -> `../../pkg/debian/usr/include/asm/mach-default/bios_ebda.h'
`include/asm-i386/mach-default/mach_timer.h' -> `../../pkg/debian/usr/include/asm/mach-default/mach_timer.h'
`include/asm-i386/mach-default/mach_mpparse.h' -> `../../pkg/debian/usr/include/asm/mach-default/mach_mpparse.h'
`include/asm-i386/mach-default/do_timer.h' -> `../../pkg/debian/usr/include/asm/mach-default/do_timer.h'
`include/asm-i386/mach-default/apm.h' -> `../../pkg/debian/usr/include/asm/mach-default/apm.h'
`include/asm-i386/mach-default/mach_mpspec.h' -> `../../pkg/debian/usr/include/asm/mach-default/mach_mpspec.h'
`include/asm-i386/mach-default/irq_vectors.h' -> `../../pkg/debian/usr/include/asm/mach-default/irq_vectors.h'
`include/asm-i386/mach-default/mach_traps.h' -> `../../pkg/debian/usr/include/asm/mach-default/mach_traps.h'
`include/asm-i386/mach-default/mach_reboot.h' -> `../../pkg/debian/usr/include/asm/mach-default/mach_reboot.h'
`include/asm-i386/mach-default/setup_arch_pre.h' -> `../../pkg/debian/usr/include/asm/mach-default/setup_arch_pre.h'
`include/asm-i386/mach-default/mach_wakecpu.h' -> `../../pkg/debian/usr/include/asm/mach-default/mach_wakecpu.h'
`include/asm-i386/mach-default/smpboot_hooks.h' -> `../../pkg/debian/usr/include/asm/mach-default/smpboot_hooks.h'
`include/asm-i386/mach-default/entry_arch.h' -> `../../pkg/debian/usr/include/asm/mach-default/entry_arch.h'
`include/asm-i386/mach-es7000' -> `../../pkg/debian/usr/include/asm/mach-es7000'
`include/asm-i386/mach-es7000/mach_apic.h' -> `../../pkg/debian/usr/include/asm/mach-es7000/mach_apic.h'
`include/asm-i386/mach-es7000/mach_apicdef.h' -> `../../pkg/debian/usr/include/asm/mach-es7000/mach_apicdef.h'
`include/asm-i386/mach-es7000/mach_ipi.h' -> `../../pkg/debian/usr/include/asm/mach-es7000/mach_ipi.h'
`include/asm-i386/mach-es7000/mach_mpparse.h' -> `../../pkg/debian/usr/include/asm/mach-es7000/mach_mpparse.h'
`include/asm-i386/mach-es7000/mach_mpspec.h' -> `../../pkg/debian/usr/include/asm/mach-es7000/mach_mpspec.h'
`include/asm-i386/mach-es7000/mach_wakecpu.h' -> `../../pkg/debian/usr/include/asm/mach-es7000/mach_wakecpu.h'
`include/asm-i386/mach-generic' -> `../../pkg/debian/usr/include/asm/mach-generic'
`include/asm-i386/mach-generic/mach_apic.h' -> `../../pkg/debian/usr/include/asm/mach-generic/mach_apic.h'
`include/asm-i386/mach-generic/mach_apicdef.h' -> `../../pkg/debian/usr/include/asm/mach-generic/mach_apicdef.h'
`include/asm-i386/mach-generic/mach_ipi.h' -> `../../pkg/debian/usr/include/asm/mach-generic/mach_ipi.h'
`include/asm-i386/mach-generic/mach_mpparse.h' -> `../../pkg/debian/usr/include/asm/mach-generic/mach_mpparse.h'
`include/asm-i386/mach-generic/mach_mpspec.h' -> `../../pkg/debian/usr/include/asm/mach-generic/mach_mpspec.h'
`include/asm-i386/mach-numaq' -> `../../pkg/debian/usr/include/asm/mach-numaq'
`include/asm-i386/mach-numaq/mach_apic.h' -> `../../pkg/debian/usr/include/asm/mach-numaq/mach_apic.h'
`include/asm-i386/mach-numaq/mach_apicdef.h' -> `../../pkg/debian/usr/include/asm/mach-numaq/mach_apicdef.h'
`include/asm-i386/mach-numaq/mach_ipi.h' -> `../../pkg/debian/usr/include/asm/mach-numaq/mach_ipi.h'
`include/asm-i386/mach-numaq/mach_mpparse.h' -> `../../pkg/debian/usr/include/asm/mach-numaq/mach_mpparse.h'
`include/asm-i386/mach-numaq/mach_mpspec.h' -> `../../pkg/debian/usr/include/asm/mach-numaq/mach_mpspec.h'
`include/asm-i386/mach-numaq/mach_wakecpu.h' -> `../../pkg/debian/usr/include/asm/mach-numaq/mach_wakecpu.h'
`include/asm-i386/mach-summit' -> `../../pkg/debian/usr/include/asm/mach-summit'
`include/asm-i386/mach-summit/mach_apic.h' -> `../../pkg/debian/usr/include/asm/mach-summit/mach_apic.h'
`include/asm-i386/mach-summit/mach_apicdef.h' -> `../../pkg/debian/usr/include/asm/mach-summit/mach_apicdef.h'
`include/asm-i386/mach-summit/mach_ipi.h' -> `../../pkg/debian/usr/include/asm/mach-summit/mach_ipi.h'
`include/asm-i386/mach-summit/mach_mpparse.h' -> `../../pkg/debian/usr/include/asm/mach-summit/mach_mpparse.h'
`include/asm-i386/mach-summit/mach_mpspec.h' -> `../../pkg/debian/usr/include/asm/mach-summit/mach_mpspec.h'
`include/asm-i386/mach-visws' -> `../../pkg/debian/usr/include/asm/mach-visws'
`include/asm-i386/mach-visws/setup_arch_post.h' -> `../../pkg/debian/usr/include/asm/mach-visws/setup_arch_post.h'
`include/asm-i386/mach-visws/mach_apic.h' -> `../../pkg/debian/usr/include/asm/mach-visws/mach_apic.h'
`include/asm-i386/mach-visws/mach_apicdef.h' -> `../../pkg/debian/usr/include/asm/mach-visws/mach_apicdef.h'
`include/asm-i386/mach-visws/cobalt.h' -> `../../pkg/debian/usr/include/asm/mach-visws/cobalt.h'
`include/asm-i386/mach-visws/do_timer.h' -> `../../pkg/debian/usr/include/asm/mach-visws/do_timer.h'
`include/asm-i386/mach-visws/piix4.h' -> `../../pkg/debian/usr/include/asm/mach-visws/piix4.h'
`include/asm-i386/mach-visws/irq_vectors.h' -> `../../pkg/debian/usr/include/asm/mach-visws/irq_vectors.h'
`include/asm-i386/mach-visws/lithium.h' -> `../../pkg/debian/usr/include/asm/mach-visws/lithium.h'
`include/asm-i386/mach-visws/setup_arch_pre.h' -> `../../pkg/debian/usr/include/asm/mach-visws/setup_arch_pre.h'
`include/asm-i386/mach-visws/smpboot_hooks.h' -> `../../pkg/debian/usr/include/asm/mach-visws/smpboot_hooks.h'
`include/asm-i386/mach-visws/entry_arch.h' -> `../../pkg/debian/usr/include/asm/mach-visws/entry_arch.h'
`include/asm-i386/mach-voyager' -> `../../pkg/debian/usr/include/asm/mach-voyager'
`include/asm-i386/mach-voyager/setup_arch_post.h' -> `../../pkg/debian/usr/include/asm/mach-voyager/setup_arch_post.h'
`include/asm-i386/mach-voyager/do_timer.h' -> `../../pkg/debian/usr/include/asm/mach-voyager/do_timer.h'
`include/asm-i386/mach-voyager/irq_vectors.h' -> `../../pkg/debian/usr/include/asm/mach-voyager/irq_vectors.h'
`include/asm-i386/mach-voyager/setup_arch_pre.h' -> `../../pkg/debian/usr/include/asm/mach-voyager/setup_arch_pre.h'
`include/asm-i386/mach-voyager/entry_arch.h' -> `../../pkg/debian/usr/include/asm/mach-voyager/entry_arch.h'
`include/asm-i386/math_emu.h' -> `../../pkg/debian/usr/include/asm/math_emu.h'
`include/asm-i386/mca.h' -> `../../pkg/debian/usr/include/asm/mca.h'
`include/asm-i386/mca_dma.h' -> `../../pkg/debian/usr/include/asm/mca_dma.h'
`include/asm-i386/mman.h' -> `../../pkg/debian/usr/include/asm/mman.h'
`include/asm-i386/mmu.h' -> `../../pkg/debian/usr/include/asm/mmu.h'
`include/asm-i386/mmu_context.h' -> `../../pkg/debian/usr/include/asm/mmu_context.h'
`include/asm-i386/mmx.h' -> `../../pkg/debian/usr/include/asm/mmx.h'
`include/asm-i386/module.h' -> `../../pkg/debian/usr/include/asm/module.h'
`include/asm-i386/mpspec.h' -> `../../pkg/debian/usr/include/asm/mpspec.h'
`include/asm-i386/mpspec_def.h' -> `../../pkg/debian/usr/include/asm/mpspec_def.h'
`include/asm-i386/msgbuf.h' -> `../../pkg/debian/usr/include/asm/msgbuf.h'
`include/asm-i386/msr.h' -> `../../pkg/debian/usr/include/asm/msr.h'
`include/asm-i386/mtrr.h' -> `../../pkg/debian/usr/include/asm/mtrr.h'
`include/asm-i386/namei.h' -> `../../pkg/debian/usr/include/asm/namei.h'
`include/asm-i386/nmi.h' -> `../../pkg/debian/usr/include/asm/nmi.h'
`include/asm-i386/node.h' -> `../../pkg/debian/usr/include/asm/node.h'
`include/asm-i386/numaq.h' -> `../../pkg/debian/usr/include/asm/numaq.h'
`include/asm-i386/numnodes.h' -> `../../pkg/debian/usr/include/asm/numnodes.h'
`include/asm-i386/page.h' -> `../../pkg/debian/usr/include/asm/page.h'
`include/asm-i386/param.h' -> `../../pkg/debian/usr/include/asm/param.h'
`include/asm-i386/parport.h' -> `../../pkg/debian/usr/include/asm/parport.h'
`include/asm-i386/pgalloc.h' -> `../../pkg/debian/usr/include/asm/pgalloc.h'
`include/asm-i386/poll.h' -> `../../pkg/debian/usr/include/asm/poll.h'
`include/asm-i386/posix_types.h' -> `../../pkg/debian/usr/include/asm/posix_types.h'
`include/asm-i386/processor.h' -> `../../pkg/debian/usr/include/asm/processor.h'
`include/asm-i386/ptrace.h' -> `../../pkg/debian/usr/include/asm/ptrace.h'
`include/asm-i386/rwlock.h' -> `../../pkg/debian/usr/include/asm/rwlock.h'
`include/asm-i386/segment.h' -> `../../pkg/debian/usr/include/asm/segment.h'
`include/asm-i386/semaphore.h' -> `../../pkg/debian/usr/include/asm/semaphore.h'
`include/asm-i386/sembuf.h' -> `../../pkg/debian/usr/include/asm/sembuf.h'
`include/asm-i386/serial.h' -> `../../pkg/debian/usr/include/asm/serial.h'
`include/asm-i386/shmbuf.h' -> `../../pkg/debian/usr/include/asm/shmbuf.h'
`include/asm-i386/shmparam.h' -> `../../pkg/debian/usr/include/asm/shmparam.h'
`include/asm-i386/sigcontext.h' -> `../../pkg/debian/usr/include/asm/sigcontext.h'
`include/asm-i386/siginfo.h' -> `../../pkg/debian/usr/include/asm/siginfo.h'
`include/asm-i386/socket.h' -> `../../pkg/debian/usr/include/asm/socket.h'
`include/asm-i386/sockios.h' -> `../../pkg/debian/usr/include/asm/sockios.h'
`include/asm-i386/spinlock.h' -> `../../pkg/debian/usr/include/asm/spinlock.h'
`include/asm-i386/srat.h' -> `../../pkg/debian/usr/include/asm/srat.h'
`include/asm-i386/stat.h' -> `../../pkg/debian/usr/include/asm/stat.h'
`include/asm-i386/suspend.h' -> `../../pkg/debian/usr/include/asm/suspend.h'
`include/asm-i386/system.h' -> `../../pkg/debian/usr/include/asm/system.h'
`include/asm-i386/termbits.h' -> `../../pkg/debian/usr/include/asm/termbits.h'
`include/asm-i386/termios.h' -> `../../pkg/debian/usr/include/asm/termios.h'
`include/asm-i386/timer.h' -> `../../pkg/debian/usr/include/asm/timer.h'
`include/asm-i386/timex.h' -> `../../pkg/debian/usr/include/asm/timex.h'
`include/asm-i386/tlbflush.h' -> `../../pkg/debian/usr/include/asm/tlbflush.h'
`include/asm-i386/types.h' -> `../../pkg/debian/usr/include/asm/types.h'
`include/asm-i386/ucontext.h' -> `../../pkg/debian/usr/include/asm/ucontext.h'
`include/asm-i386/unaligned.h' -> `../../pkg/debian/usr/include/asm/unaligned.h'
`include/asm-i386/unistd.h' -> `../../pkg/debian/usr/include/asm/unistd.h'
`include/asm-i386/user.h' -> `../../pkg/debian/usr/include/asm/user.h'
`include/asm-i386/vga.h' -> `../../pkg/debian/usr/include/asm/vga.h'
`include/asm-i386/vic.h' -> `../../pkg/debian/usr/include/asm/vic.h'
`include/asm-i386/vm86.h' -> `../../pkg/debian/usr/include/asm/vm86.h'
`include/asm-i386/voyager.h' -> `../../pkg/debian/usr/include/asm/voyager.h'
`include/linux' -> `../../pkg/debian/usr/include/linux'
`include/linux/atmppp.h' -> `../../pkg/debian/usr/include/linux/atmppp.h'
`include/linux/ppp_defs.h' -> `../../pkg/debian/usr/include/linux/ppp_defs.h'
`include/linux/usbdevice_fs.h' -> `../../pkg/debian/usr/include/linux/usbdevice_fs.h'
`include/linux/adfs_fs.h' -> `../../pkg/debian/usr/include/linux/adfs_fs.h'
`include/linux/mbcache.h' -> `../../pkg/debian/usr/include/linux/mbcache.h'
`include/linux/pktcdvd.h' -> `../../pkg/debian/usr/include/linux/pktcdvd.h'
`include/linux/pfkeyv2.h' -> `../../pkg/debian/usr/include/linux/pfkeyv2.h'
`include/linux/hayesesp.h' -> `../../pkg/debian/usr/include/linux/hayesesp.h'
`include/linux/syscalls.h' -> `../../pkg/debian/usr/include/linux/syscalls.h'
`include/linux/loop.h' -> `../../pkg/debian/usr/include/linux/loop.h'
`include/linux/usb.h' -> `../../pkg/debian/usr/include/linux/usb.h'
`include/linux/qnxtypes.h' -> `../../pkg/debian/usr/include/linux/qnxtypes.h'
`include/linux/swap.h' -> `../../pkg/debian/usr/include/linux/swap.h'
`include/linux/sdlasfm.h' -> `../../pkg/debian/usr/include/linux/sdlasfm.h'
`include/linux/if_arcnet.h' -> `../../pkg/debian/usr/include/linux/if_arcnet.h'
`include/linux/udf_fs_i.h' -> `../../pkg/debian/usr/include/linux/udf_fs_i.h'
`include/linux/jffs2_fs_sb.h' -> `../../pkg/debian/usr/include/linux/jffs2_fs_sb.h'
`include/linux/fd1772.h' -> `../../pkg/debian/usr/include/linux/fd1772.h'
`include/linux/atm_he.h' -> `../../pkg/debian/usr/include/linux/atm_he.h'
`include/linux/nls.h' -> `../../pkg/debian/usr/include/linux/nls.h'
`include/linux/gameport.h' -> `../../pkg/debian/usr/include/linux/gameport.h'
`include/linux/i2c-id.h' -> `../../pkg/debian/usr/include/linux/i2c-id.h'
`include/linux/numa.h' -> `../../pkg/debian/usr/include/linux/numa.h'
`include/linux/atmsap.h' -> `../../pkg/debian/usr/include/linux/atmsap.h'
`include/linux/udp.h' -> `../../pkg/debian/usr/include/linux/udp.h'
`include/linux/fb.h' -> `../../pkg/debian/usr/include/linux/fb.h'
`include/linux/serial_reg.h' -> `../../pkg/debian/usr/include/linux/serial_reg.h'
`include/linux/synclink.h' -> `../../pkg/debian/usr/include/linux/synclink.h'
`include/linux/ax25.h' -> `../../pkg/debian/usr/include/linux/ax25.h'
`include/linux/umem.h' -> `../../pkg/debian/usr/include/linux/umem.h'
`include/linux/ticable.h' -> `../../pkg/debian/usr/include/linux/ticable.h'
`include/linux/patchkey.h' -> `../../pkg/debian/usr/include/linux/patchkey.h'
`include/linux/if_wanpipe.h' -> `../../pkg/debian/usr/include/linux/if_wanpipe.h'
`include/linux/rose.h' -> `../../pkg/debian/usr/include/linux/rose.h'
`include/linux/sem.h' -> `../../pkg/debian/usr/include/linux/sem.h'
`include/linux/if_fc.h' -> `../../pkg/debian/usr/include/linux/if_fc.h'
`include/linux/dqblk_xfs.h' -> `../../pkg/debian/usr/include/linux/dqblk_xfs.h'
`include/linux/binfmts.h' -> `../../pkg/debian/usr/include/linux/binfmts.h'
`include/linux/msdos_fs.h' -> `../../pkg/debian/usr/include/linux/msdos_fs.h'
`include/linux/atmclip.h' -> `../../pkg/debian/usr/include/linux/atmclip.h'
`include/linux/ip.h' -> `../../pkg/debian/usr/include/linux/ip.h'
`include/linux/if_packet.h' -> `../../pkg/debian/usr/include/linux/if_packet.h'
`include/linux/ncp.h' -> `../../pkg/debian/usr/include/linux/ncp.h'
`include/linux/backing-dev.h' -> `../../pkg/debian/usr/include/linux/backing-dev.h'
`include/linux/xattr_acl.h' -> `../../pkg/debian/usr/include/linux/xattr_acl.h'
`include/linux/efs_fs.h' -> `../../pkg/debian/usr/include/linux/efs_fs.h'
`include/linux/highuid.h' -> `../../pkg/debian/usr/include/linux/highuid.h'
`include/linux/idr.h' -> `../../pkg/debian/usr/include/linux/idr.h'
`include/linux/mod_devicetable.h' -> `../../pkg/debian/usr/include/linux/mod_devicetable.h'
`include/linux/console_struct.h' -> `../../pkg/debian/usr/include/linux/console_struct.h'
`include/linux/netfilter_bridge.h' -> `../../pkg/debian/usr/include/linux/netfilter_bridge.h'
`include/linux/generic_serial.h' -> `../../pkg/debian/usr/include/linux/generic_serial.h'
`include/linux/mount.h' -> `../../pkg/debian/usr/include/linux/mount.h'
`include/linux/percpu_counter.h' -> `../../pkg/debian/usr/include/linux/percpu_counter.h'
`include/linux/if_ether.h' -> `../../pkg/debian/usr/include/linux/if_ether.h'
`include/linux/if_vlan.h' -> `../../pkg/debian/usr/include/linux/if_vlan.h'
`include/linux/reiserfs_acl.h' -> `../../pkg/debian/usr/include/linux/reiserfs_acl.h'
`include/linux/atmmpc.h' -> `../../pkg/debian/usr/include/linux/atmmpc.h'
`include/linux/wavefront.h' -> `../../pkg/debian/usr/include/linux/wavefront.h'
`include/linux/ata.h' -> `../../pkg/debian/usr/include/linux/ata.h'
`include/linux/adb.h' -> `../../pkg/debian/usr/include/linux/adb.h'
`include/linux/isdn_divertif.h' -> `../../pkg/debian/usr/include/linux/isdn_divertif.h'
`include/linux/hdreg.h' -> `../../pkg/debian/usr/include/linux/hdreg.h'
`include/linux/gfp.h' -> `../../pkg/debian/usr/include/linux/gfp.h'
`include/linux/smp_lock.h' -> `../../pkg/debian/usr/include/linux/smp_lock.h'
`include/linux/inotify.h' -> `../../pkg/debian/usr/include/linux/inotify.h'
`include/linux/keyctl.h' -> `../../pkg/debian/usr/include/linux/keyctl.h'
`include/linux/ipv6_route.h' -> `../../pkg/debian/usr/include/linux/ipv6_route.h'
`include/linux/mii.h' -> `../../pkg/debian/usr/include/linux/mii.h'
`include/linux/sys.h' -> `../../pkg/debian/usr/include/linux/sys.h'
`include/linux/seqlock.h' -> `../../pkg/debian/usr/include/linux/seqlock.h'
`include/linux/threads.h' -> `../../pkg/debian/usr/include/linux/threads.h'
`include/linux/zorro_ids.h' -> `../../pkg/debian/usr/include/linux/zorro_ids.h'
`include/linux/init_task.h' -> `../../pkg/debian/usr/include/linux/init_task.h'
`include/linux/proc_fs.h' -> `../../pkg/debian/usr/include/linux/proc_fs.h'
`include/linux/aio_abi.h' -> `../../pkg/debian/usr/include/linux/aio_abi.h'
`include/linux/netfilter.h' -> `../../pkg/debian/usr/include/linux/netfilter.h'
`include/linux/x25.h' -> `../../pkg/debian/usr/include/linux/x25.h'
`include/linux/blockgroup_lock.h' -> `../../pkg/debian/usr/include/linux/blockgroup_lock.h'
`include/linux/ppp_channel.h' -> `../../pkg/debian/usr/include/linux/ppp_channel.h'
`include/linux/dnotify.h' -> `../../pkg/debian/usr/include/linux/dnotify.h'
`include/linux/mman.h' -> `../../pkg/debian/usr/include/linux/mman.h'
`include/linux/icmpv6.h' -> `../../pkg/debian/usr/include/linux/icmpv6.h'
`include/linux/linkage.h' -> `../../pkg/debian/usr/include/linux/linkage.h'
`include/linux/mca-legacy.h' -> `../../pkg/debian/usr/include/linux/mca-legacy.h'
`include/linux/ipsec.h' -> `../../pkg/debian/usr/include/linux/ipsec.h'
`include/linux/bootmem.h' -> `../../pkg/debian/usr/include/linux/bootmem.h'
`include/linux/firmware.h' -> `../../pkg/debian/usr/include/linux/firmware.h'
`include/linux/sysfs.h' -> `../../pkg/debian/usr/include/linux/sysfs.h'
`include/linux/nfs4_mount.h' -> `../../pkg/debian/usr/include/linux/nfs4_mount.h'
`include/linux/nfs3.h' -> `../../pkg/debian/usr/include/linux/nfs3.h'
`include/linux/netfilter_ipv4' -> `../../pkg/debian/usr/include/linux/netfilter_ipv4'
`include/linux/netfilter_ipv4/lockhelp.h' -> `../../pkg/debian/usr/include/linux/netfilter_ipv4/lockhelp.h'
`include/linux/netfilter_ipv4/ipt_mac.h' -> `../../pkg/debian/usr/include/linux/netfilter_ipv4/ipt_mac.h'
`include/linux/netfilter_ipv4/ip_conntrack_ftp.h' -> `../../pkg/debian/usr/include/linux/netfilter_ipv4/ip_conntrack_ftp.h'
`include/linux/netfilter_ipv4/ip_conntrack_irc.h' -> `../../pkg/debian/usr/include/linux/netfilter_ipv4/ip_conntrack_irc.h'
`include/linux/netfilter_ipv4/ipt_pkttype.h' -> `../../pkg/debian/usr/include/linux/netfilter_ipv4/ipt_pkttype.h'
`include/linux/netfilter_ipv4/ip_conntrack_helper.h' -> `../../pkg/debian/usr/include/linux/netfilter_ipv4/ip_conntrack_helper.h'
`include/linux/netfilter_ipv4/listhelp.h' -> `../../pkg/debian/usr/include/linux/netfilter_ipv4/listhelp.h'
`include/linux/netfilter_ipv4/ipt_recent.h' -> `../../pkg/debian/usr/include/linux/netfilter_ipv4/ipt_recent.h'
`include/linux/netfilter_ipv4/ipt_length.h' -> `../../pkg/debian/usr/include/linux/netfilter_ipv4/ipt_length.h'
`include/linux/netfilter_ipv4/ip_conntrack_protocol.h' -> `../../pkg/debian/usr/include/linux/netfilter_ipv4/ip_conntrack_protocol.h'
`include/linux/netfilter_ipv4/ip_nat_rule.h' -> `../../pkg/debian/usr/include/linux/netfilter_ipv4/ip_nat_rule.h'
`include/linux/netfilter_ipv4/ipt_multiport.h' -> `../../pkg/debian/usr/include/linux/netfilter_ipv4/ipt_multiport.h'
`include/linux/netfilter_ipv4/ipt_CLASSIFY.h' -> `../../pkg/debian/usr/include/linux/netfilter_ipv4/ipt_CLASSIFY.h'
`include/linux/netfilter_ipv4/ip_conntrack_core.h' -> `../../pkg/debian/usr/include/linux/netfilter_ipv4/ip_conntrack_core.h'
`include/linux/netfilter_ipv4/ipt_helper.h' -> `../../pkg/debian/usr/include/linux/netfilter_ipv4/ipt_helper.h'
`include/linux/netfilter_ipv4/ipt_SAME.h' -> `../../pkg/debian/usr/include/linux/netfilter_ipv4/ipt_SAME.h'
`include/linux/netfilter_ipv4/ipt_ecn.h' -> `../../pkg/debian/usr/include/linux/netfilter_ipv4/ipt_ecn.h'
`include/linux/netfilter_ipv4/ipt_hashlimit.h' -> `../../pkg/debian/usr/include/linux/netfilter_ipv4/ipt_hashlimit.h'
`include/linux/netfilter_ipv4/ipt_CLUSTERIP.h' -> `../../pkg/debian/usr/include/linux/netfilter_ipv4/ipt_CLUSTERIP.h'
`include/linux/netfilter_ipv4/ipt_owner.h' -> `../../pkg/debian/usr/include/linux/netfilter_ipv4/ipt_owner.h'
`include/linux/netfilter_ipv4/ip_conntrack_tuple.h' -> `../../pkg/debian/usr/include/linux/netfilter_ipv4/ip_conntrack_tuple.h'
`include/linux/netfilter_ipv4/ipt_ah.h' -> `../../pkg/debian/usr/include/linux/netfilter_ipv4/ipt_ah.h'
`include/linux/netfilter_ipv4/ip_conntrack_tcp.h' -> `../../pkg/debian/usr/include/linux/netfilter_ipv4/ip_conntrack_tcp.h'
`include/linux/netfilter_ipv4/ipt_iprange.h' -> `../../pkg/debian/usr/include/linux/netfilter_ipv4/ipt_iprange.h'
`include/linux/netfilter_ipv4/ip_conntrack_sctp.h' -> `../../pkg/debian/usr/include/linux/netfilter_ipv4/ip_conntrack_sctp.h'
`include/linux/netfilter_ipv4/ipt_ECN.h' -> `../../pkg/debian/usr/include/linux/netfilter_ipv4/ipt_ECN.h'
`include/linux/netfilter_ipv4/ip_tables.h' -> `../../pkg/debian/usr/include/linux/netfilter_ipv4/ip_tables.h'
`include/linux/netfilter_ipv4/ipt_limit.h' -> `../../pkg/debian/usr/include/linux/netfilter_ipv4/ipt_limit.h'
`include/linux/netfilter_ipv4/ipt_sctp.h' -> `../../pkg/debian/usr/include/linux/netfilter_ipv4/ipt_sctp.h'
`include/linux/netfilter_ipv4/ipt_REJECT.h' -> `../../pkg/debian/usr/include/linux/netfilter_ipv4/ipt_REJECT.h'
`include/linux/netfilter_ipv4/ipt_esp.h' -> `../../pkg/debian/usr/include/linux/netfilter_ipv4/ipt_esp.h'
`include/linux/netfilter_ipv4/ipt_LOG.h' -> `../../pkg/debian/usr/include/linux/netfilter_ipv4/ipt_LOG.h'
`include/linux/netfilter_ipv4/ip_queue.h' -> `../../pkg/debian/usr/include/linux/netfilter_ipv4/ip_queue.h'
`include/linux/netfilter_ipv4/ip_nat_protocol.h' -> `../../pkg/debian/usr/include/linux/netfilter_ipv4/ip_nat_protocol.h'
`include/linux/netfilter_ipv4/ipt_addrtype.h' -> `../../pkg/debian/usr/include/linux/netfilter_ipv4/ipt_addrtype.h'
`include/linux/netfilter_ipv4/ipt_connmark.h' -> `../../pkg/debian/usr/include/linux/netfilter_ipv4/ipt_connmark.h'
`include/linux/netfilter_ipv4/ip_conntrack_icmp.h' -> `../../pkg/debian/usr/include/linux/netfilter_ipv4/ip_conntrack_icmp.h'
`include/linux/netfilter_ipv4/ipt_realm.h' -> `../../pkg/debian/usr/include/linux/netfilter_ipv4/ipt_realm.h'
`include/linux/netfilter_ipv4/ipt_DSCP.h' -> `../../pkg/debian/usr/include/linux/netfilter_ipv4/ipt_DSCP.h'
`include/linux/netfilter_ipv4/ipt_physdev.h' -> `../../pkg/debian/usr/include/linux/netfilter_ipv4/ipt_physdev.h'
`include/linux/netfilter_ipv4/ipt_state.h' -> `../../pkg/debian/usr/include/linux/netfilter_ipv4/ipt_state.h'
`include/linux/netfilter_ipv4/ipt_CONNMARK.h' -> `../../pkg/debian/usr/include/linux/netfilter_ipv4/ipt_CONNMARK.h'
`include/linux/netfilter_ipv4/ipt_TCPMSS.h' -> `../../pkg/debian/usr/include/linux/netfilter_ipv4/ipt_TCPMSS.h'
`include/linux/netfilter_ipv4/ipt_comment.h' -> `../../pkg/debian/usr/include/linux/netfilter_ipv4/ipt_comment.h'
`include/linux/netfilter_ipv4/ipt_tcpmss.h' -> `../../pkg/debian/usr/include/linux/netfilter_ipv4/ipt_tcpmss.h'
`include/linux/netfilter_ipv4/ip_conntrack_amanda.h' -> `../../pkg/debian/usr/include/linux/netfilter_ipv4/ip_conntrack_amanda.h'
`include/linux/netfilter_ipv4/ipt_dscp.h' -> `../../pkg/debian/usr/include/linux/netfilter_ipv4/ipt_dscp.h'
`include/linux/netfilter_ipv4/ipt_ttl.h' -> `../../pkg/debian/usr/include/linux/netfilter_ipv4/ipt_ttl.h'
`include/linux/netfilter_ipv4/ipt_conntrack.h' -> `../../pkg/debian/usr/include/linux/netfilter_ipv4/ipt_conntrack.h'
`include/linux/netfilter_ipv4/ipt_TOS.h' -> `../../pkg/debian/usr/include/linux/netfilter_ipv4/ipt_TOS.h'
`include/linux/netfilter_ipv4/ip_nat_core.h' -> `../../pkg/debian/usr/include/linux/netfilter_ipv4/ip_nat_core.h'
`include/linux/netfilter_ipv4/ip_nat.h' -> `../../pkg/debian/usr/include/linux/netfilter_ipv4/ip_nat.h'
`include/linux/netfilter_ipv4/ipt_ULOG.h' -> `../../pkg/debian/usr/include/linux/netfilter_ipv4/ipt_ULOG.h'
`include/linux/netfilter_ipv4/ipt_tos.h' -> `../../pkg/debian/usr/include/linux/netfilter_ipv4/ipt_tos.h'
`include/linux/netfilter_ipv4/ip_nat_helper.h' -> `../../pkg/debian/usr/include/linux/netfilter_ipv4/ip_nat_helper.h'
`include/linux/netfilter_ipv4/ip_conntrack_tftp.h' -> `../../pkg/debian/usr/include/linux/netfilter_ipv4/ip_conntrack_tftp.h'
`include/linux/netfilter_ipv4/ipt_MARK.h' -> `../../pkg/debian/usr/include/linux/netfilter_ipv4/ipt_MARK.h'
`include/linux/netfilter_ipv4/ip_conntrack.h' -> `../../pkg/debian/usr/include/linux/netfilter_ipv4/ip_conntrack.h'
`include/linux/netfilter_ipv4/ipt_mark.h' -> `../../pkg/debian/usr/include/linux/netfilter_ipv4/ipt_mark.h'
`include/linux/libata.h' -> `../../pkg/debian/usr/include/linux/libata.h'
`include/linux/limits.h' -> `../../pkg/debian/usr/include/linux/limits.h'
`include/linux/affs_fs.h' -> `../../pkg/debian/usr/include/linux/affs_fs.h'
`include/linux/ipv6.h' -> `../../pkg/debian/usr/include/linux/ipv6.h'
`include/linux/elfcore.h' -> `../../pkg/debian/usr/include/linux/elfcore.h'
`include/linux/lp.h' -> `../../pkg/debian/usr/include/linux/lp.h'
`include/linux/percpu.h' -> `../../pkg/debian/usr/include/linux/percpu.h'
`include/linux/atmdev.h' -> `../../pkg/debian/usr/include/linux/atmdev.h'
`include/linux/mempool.h' -> `../../pkg/debian/usr/include/linux/mempool.h'
`include/linux/crc32.h' -> `../../pkg/debian/usr/include/linux/crc32.h'
`include/linux/posix_types.h' -> `../../pkg/debian/usr/include/linux/posix_types.h'
`include/linux/device-mapper.h' -> `../../pkg/debian/usr/include/linux/device-mapper.h'
`include/linux/raid' -> `../../pkg/debian/usr/include/linux/raid'
`include/linux/raid/raid1.h' -> `../../pkg/debian/usr/include/linux/raid/raid1.h'
`include/linux/raid/xor.h' -> `../../pkg/debian/usr/include/linux/raid/xor.h'
`include/linux/raid/md_u.h' -> `../../pkg/debian/usr/include/linux/raid/md_u.h'
`include/linux/raid/multipath.h' -> `../../pkg/debian/usr/include/linux/raid/multipath.h'
`include/linux/raid/md_p.h' -> `../../pkg/debian/usr/include/linux/raid/md_p.h'
`include/linux/raid/raid5.h' -> `../../pkg/debian/usr/include/linux/raid/raid5.h'
`include/linux/raid/raid0.h' -> `../../pkg/debian/usr/include/linux/raid/raid0.h'
`include/linux/raid/md.h' -> `../../pkg/debian/usr/include/linux/raid/md.h'
`include/linux/raid/linear.h' -> `../../pkg/debian/usr/include/linux/raid/linear.h'
`include/linux/jiffies.h' -> `../../pkg/debian/usr/include/linux/jiffies.h'
`include/linux/reboot.h' -> `../../pkg/debian/usr/include/linux/reboot.h'
`include/linux/net.h' -> `../../pkg/debian/usr/include/linux/net.h'
`include/linux/baycom.h' -> `../../pkg/debian/usr/include/linux/baycom.h'
`include/linux/jffs2.h' -> `../../pkg/debian/usr/include/linux/jffs2.h'
`include/linux/romfs_fs.h' -> `../../pkg/debian/usr/include/linux/romfs_fs.h'
`include/linux/if_tunnel.h' -> `../../pkg/debian/usr/include/linux/if_tunnel.h'
`include/linux/ftape-vendors.h' -> `../../pkg/debian/usr/include/linux/ftape-vendors.h'
`include/linux/if_fddi.h' -> `../../pkg/debian/usr/include/linux/if_fddi.h'
`include/linux/som.h' -> `../../pkg/debian/usr/include/linux/som.h'
`include/linux/ipx.h' -> `../../pkg/debian/usr/include/linux/ipx.h'
`include/linux/pcieport_if.h' -> `../../pkg/debian/usr/include/linux/pcieport_if.h'
`include/linux/siginfo.h' -> `../../pkg/debian/usr/include/linux/siginfo.h'
`include/linux/serio.h' -> `../../pkg/debian/usr/include/linux/serio.h'
`include/linux/sound.h' -> `../../pkg/debian/usr/include/linux/sound.h'
`include/linux/poll.h' -> `../../pkg/debian/usr/include/linux/poll.h'
`include/linux/efs_vh.h' -> `../../pkg/debian/usr/include/linux/efs_vh.h'
`include/linux/atalk.h' -> `../../pkg/debian/usr/include/linux/atalk.h'
`include/linux/libps2.h' -> `../../pkg/debian/usr/include/linux/libps2.h'
`include/linux/ptrace.h' -> `../../pkg/debian/usr/include/linux/ptrace.h'
`include/linux/atm_eni.h' -> `../../pkg/debian/usr/include/linux/atm_eni.h'
`include/linux/bcd.h' -> `../../pkg/debian/usr/include/linux/bcd.h'
`include/linux/videodev.h' -> `../../pkg/debian/usr/include/linux/videodev.h'
`include/linux/i2c-sensor.h' -> `../../pkg/debian/usr/include/linux/i2c-sensor.h'
`include/linux/igmp.h' -> `../../pkg/debian/usr/include/linux/igmp.h'
`include/linux/ftape-header-segment.h' -> `../../pkg/debian/usr/include/linux/ftape-header-segment.h'
`include/linux/n_r3964.h' -> `../../pkg/debian/usr/include/linux/n_r3964.h'
`include/linux/device.h' -> `../../pkg/debian/usr/include/linux/device.h'
`include/linux/sdla.h' -> `../../pkg/debian/usr/include/linux/sdla.h'
`include/linux/bitmap.h' -> `../../pkg/debian/usr/include/linux/bitmap.h'
`include/linux/toshiba.h' -> `../../pkg/debian/usr/include/linux/toshiba.h'
`include/linux/sched.h' -> `../../pkg/debian/usr/include/linux/sched.h'
`include/linux/tcp.h' -> `../../pkg/debian/usr/include/linux/tcp.h'
`include/linux/ext2_fs.h' -> `../../pkg/debian/usr/include/linux/ext2_fs.h'
`include/linux/if_slip.h' -> `../../pkg/debian/usr/include/linux/if_slip.h'
`include/linux/font.h' -> `../../pkg/debian/usr/include/linux/font.h'
`include/linux/netfilter_arp.h' -> `../../pkg/debian/usr/include/linux/netfilter_arp.h'
`include/linux/sysdev.h' -> `../../pkg/debian/usr/include/linux/sysdev.h'
`include/linux/qnx4_fs.h' -> `../../pkg/debian/usr/include/linux/qnx4_fs.h'
`include/linux/sdla_fr.h' -> `../../pkg/debian/usr/include/linux/sdla_fr.h'
`include/linux/dqblk_v1.h' -> `../../pkg/debian/usr/include/linux/dqblk_v1.h'
`include/linux/tiocl.h' -> `../../pkg/debian/usr/include/linux/tiocl.h'
`include/linux/config.h' -> `../../pkg/debian/usr/include/linux/config.h'
`include/linux/miscdevice.h' -> `../../pkg/debian/usr/include/linux/miscdevice.h'
`include/linux/divert.h' -> `../../pkg/debian/usr/include/linux/divert.h'
`include/linux/isdn' -> `../../pkg/debian/usr/include/linux/isdn'
`include/linux/isdn/tpam.h' -> `../../pkg/debian/usr/include/linux/isdn/tpam.h'
`include/linux/isdn/capiutil.h' -> `../../pkg/debian/usr/include/linux/isdn/capiutil.h'
`include/linux/isdn/capicmd.h' -> `../../pkg/debian/usr/include/linux/isdn/capicmd.h'
`include/linux/isdn/capilli.h' -> `../../pkg/debian/usr/include/linux/isdn/capilli.h'
`include/linux/if_infiniband.h' -> `../../pkg/debian/usr/include/linux/if_infiniband.h'
`include/linux/msg.h' -> `../../pkg/debian/usr/include/linux/msg.h'
`include/linux/devpts_fs.h' -> `../../pkg/debian/usr/include/linux/devpts_fs.h'
`include/linux/eeprom.h' -> `../../pkg/debian/usr/include/linux/eeprom.h'
`include/linux/workqueue.h' -> `../../pkg/debian/usr/include/linux/workqueue.h'
`include/linux/netfilter_bridge' -> `../../pkg/debian/usr/include/linux/netfilter_bridge'
`include/linux/netfilter_bridge/ebt_vlan.h' -> `../../pkg/debian/usr/include/linux/netfilter_bridge/ebt_vlan.h'
`include/linux/netfilter_bridge/ebt_nat.h' -> `../../pkg/debian/usr/include/linux/netfilter_bridge/ebt_nat.h'
`include/linux/netfilter_bridge/ebt_stp.h' -> `../../pkg/debian/usr/include/linux/netfilter_bridge/ebt_stp.h'
`include/linux/netfilter_bridge/ebt_arp.h' -> `../../pkg/debian/usr/include/linux/netfilter_bridge/ebt_arp.h'
`include/linux/netfilter_bridge/ebt_802_3.h' -> `../../pkg/debian/usr/include/linux/netfilter_bridge/ebt_802_3.h'
`include/linux/netfilter_bridge/ebt_redirect.h' -> `../../pkg/debian/usr/include/linux/netfilter_bridge/ebt_redirect.h'
`include/linux/netfilter_bridge/ebt_mark_m.h' -> `../../pkg/debian/usr/include/linux/netfilter_bridge/ebt_mark_m.h'
`include/linux/netfilter_bridge/ebt_ulog.h' -> `../../pkg/debian/usr/include/linux/netfilter_bridge/ebt_ulog.h'
`include/linux/netfilter_bridge/ebt_ip.h' -> `../../pkg/debian/usr/include/linux/netfilter_bridge/ebt_ip.h'
`include/linux/netfilter_bridge/ebt_limit.h' -> `../../pkg/debian/usr/include/linux/netfilter_bridge/ebt_limit.h'
`include/linux/netfilter_bridge/ebt_pkttype.h' -> `../../pkg/debian/usr/include/linux/netfilter_bridge/ebt_pkttype.h'
`include/linux/netfilter_bridge/ebt_mark_t.h' -> `../../pkg/debian/usr/include/linux/netfilter_bridge/ebt_mark_t.h'
`include/linux/netfilter_bridge/ebt_among.h' -> `../../pkg/debian/usr/include/linux/netfilter_bridge/ebt_among.h'
`include/linux/netfilter_bridge/ebtables.h' -> `../../pkg/debian/usr/include/linux/netfilter_bridge/ebtables.h'
`include/linux/netfilter_bridge/ebt_log.h' -> `../../pkg/debian/usr/include/linux/netfilter_bridge/ebt_log.h'
`include/linux/netfilter_bridge/ebt_arpreply.h' -> `../../pkg/debian/usr/include/linux/netfilter_bridge/ebt_arpreply.h'
`include/linux/cycx_cfm.h' -> `../../pkg/debian/usr/include/linux/cycx_cfm.h'
`include/linux/stallion.h' -> `../../pkg/debian/usr/include/linux/stallion.h'
`include/linux/if_wanpipe_common.h' -> `../../pkg/debian/usr/include/linux/if_wanpipe_common.h'
`include/linux/awe_voice.h' -> `../../pkg/debian/usr/include/linux/awe_voice.h'
`include/linux/preempt.h' -> `../../pkg/debian/usr/include/linux/preempt.h'
`include/linux/acct.h' -> `../../pkg/debian/usr/include/linux/acct.h'
`include/linux/ixjuser.h' -> `../../pkg/debian/usr/include/linux/ixjuser.h'
`include/linux/genhd.h' -> `../../pkg/debian/usr/include/linux/genhd.h'
`include/linux/keyboard.h' -> `../../pkg/debian/usr/include/linux/keyboard.h'
`include/linux/i2c-vid.h' -> `../../pkg/debian/usr/include/linux/i2c-vid.h'
`include/linux/nfs_fs_i.h' -> `../../pkg/debian/usr/include/linux/nfs_fs_i.h'
`include/linux/cdk.h' -> `../../pkg/debian/usr/include/linux/cdk.h'
`include/linux/atmlec.h' -> `../../pkg/debian/usr/include/linux/atmlec.h'
`include/linux/agpgart.h' -> `../../pkg/debian/usr/include/linux/agpgart.h'
`include/linux/atmioc.h' -> `../../pkg/debian/usr/include/linux/atmioc.h'
`include/linux/efs_dir.h' -> `../../pkg/debian/usr/include/linux/efs_dir.h'
`include/linux/ipmi.h' -> `../../pkg/debian/usr/include/linux/ipmi.h'
`include/linux/mroute.h' -> `../../pkg/debian/usr/include/linux/mroute.h'
`include/linux/wait.h' -> `../../pkg/debian/usr/include/linux/wait.h'
`include/linux/nfs2.h' -> `../../pkg/debian/usr/include/linux/nfs2.h'
`include/linux/uts.h' -> `../../pkg/debian/usr/include/linux/uts.h'
`include/linux/coda_proc.h' -> `../../pkg/debian/usr/include/linux/coda_proc.h'
`include/linux/nfs_mount.h' -> `../../pkg/debian/usr/include/linux/nfs_mount.h'
`include/linux/kmod.h' -> `../../pkg/debian/usr/include/linux/kmod.h'
`include/linux/coda.h' -> `../../pkg/debian/usr/include/linux/coda.h'
`include/linux/sockios.h' -> `../../pkg/debian/usr/include/linux/sockios.h'
`include/linux/pmu.h' -> `../../pkg/debian/usr/include/linux/pmu.h'
`include/linux/atm_tcp.h' -> `../../pkg/debian/usr/include/linux/atm_tcp.h'
`include/linux/shm.h' -> `../../pkg/debian/usr/include/linux/shm.h'
`include/linux/utime.h' -> `../../pkg/debian/usr/include/linux/utime.h'
`include/linux/amigaffs.h' -> `../../pkg/debian/usr/include/linux/amigaffs.h'
`include/linux/posix_acl.h' -> `../../pkg/debian/usr/include/linux/posix_acl.h'
`include/linux/file.h' -> `../../pkg/debian/usr/include/linux/file.h'
`include/linux/wanpipe.h' -> `../../pkg/debian/usr/include/linux/wanpipe.h'
`include/linux/if_ltalk.h' -> `../../pkg/debian/usr/include/linux/if_ltalk.h'
`include/linux/nmi.h' -> `../../pkg/debian/usr/include/linux/nmi.h'
`include/linux/tcp_diag.h' -> `../../pkg/debian/usr/include/linux/tcp_diag.h'
`include/linux/atm_idt77105.h' -> `../../pkg/debian/usr/include/linux/atm_idt77105.h'
`include/linux/if_plip.h' -> `../../pkg/debian/usr/include/linux/if_plip.h'
`include/linux/tty.h' -> `../../pkg/debian/usr/include/linux/tty.h'
`include/linux/inetdevice.h' -> `../../pkg/debian/usr/include/linux/inetdevice.h'
`include/linux/sdlapci.h' -> `../../pkg/debian/usr/include/linux/sdlapci.h'
`include/linux/efs_fs_i.h' -> `../../pkg/debian/usr/include/linux/efs_fs_i.h'
`include/linux/rbtree.h' -> `../../pkg/debian/usr/include/linux/rbtree.h'
`include/linux/dirent.h' -> `../../pkg/debian/usr/include/linux/dirent.h'
`include/linux/if_hippi.h' -> `../../pkg/debian/usr/include/linux/if_hippi.h'
`include/linux/hdlc.h' -> `../../pkg/debian/usr/include/linux/hdlc.h'
`include/linux/random.h' -> `../../pkg/debian/usr/include/linux/random.h'
`include/linux/smb.h' -> `../../pkg/debian/usr/include/linux/smb.h'
`include/linux/ipmi_msgdefs.h' -> `../../pkg/debian/usr/include/linux/ipmi_msgdefs.h'
`include/linux/sdla_x25.h' -> `../../pkg/debian/usr/include/linux/sdla_x25.h'
`include/linux/fadvise.h' -> `../../pkg/debian/usr/include/linux/fadvise.h'
`include/linux/b1lli.h' -> `../../pkg/debian/usr/include/linux/b1lli.h'
`include/linux/sysctl.h' -> `../../pkg/debian/usr/include/linux/sysctl.h'
`include/linux/input.h' -> `../../pkg/debian/usr/include/linux/input.h'
`include/linux/console.h' -> `../../pkg/debian/usr/include/linux/console.h'
`include/linux/atm_nicstar.h' -> `../../pkg/debian/usr/include/linux/atm_nicstar.h'
`include/linux/pci.h' -> `../../pkg/debian/usr/include/linux/pci.h'
`include/linux/radeonfb.h' -> `../../pkg/debian/usr/include/linux/radeonfb.h'
`include/linux/cpu.h' -> `../../pkg/debian/usr/include/linux/cpu.h'
`include/linux/smbno.h' -> `../../pkg/debian/usr/include/linux/smbno.h'
`include/linux/i2c-algo-pcf.h' -> `../../pkg/debian/usr/include/linux/i2c-algo-pcf.h'
`include/linux/sdla_ppp.h' -> `../../pkg/debian/usr/include/linux/sdla_ppp.h'
`include/linux/udf_fs_sb.h' -> `../../pkg/debian/usr/include/linux/udf_fs_sb.h'
`include/linux/rtnetlink.h' -> `../../pkg/debian/usr/include/linux/rtnetlink.h'
`include/linux/isdn_ppp.h' -> `../../pkg/debian/usr/include/linux/isdn_ppp.h'
`include/linux/netlink.h' -> `../../pkg/debian/usr/include/linux/netlink.h'
`include/linux/isdn.h' -> `../../pkg/debian/usr/include/linux/isdn.h'
`include/linux/lcd.h' -> `../../pkg/debian/usr/include/linux/lcd.h'
`include/linux/pci_ids.h' -> `../../pkg/debian/usr/include/linux/pci_ids.h'
`include/linux/securebits.h' -> `../../pkg/debian/usr/include/linux/securebits.h'
`include/linux/meye.h' -> `../../pkg/debian/usr/include/linux/meye.h'
`include/linux/devfs_fs.h' -> `../../pkg/debian/usr/include/linux/devfs_fs.h'
`include/linux/lockd' -> `../../pkg/debian/usr/include/linux/lockd'
`include/linux/lockd/xdr4.h' -> `../../pkg/debian/usr/include/linux/lockd/xdr4.h'
`include/linux/lockd/bind.h' -> `../../pkg/debian/usr/include/linux/lockd/bind.h'
`include/linux/lockd/share.h' -> `../../pkg/debian/usr/include/linux/lockd/share.h'
`include/linux/lockd/nlm.h' -> `../../pkg/debian/usr/include/linux/lockd/nlm.h'
`include/linux/lockd/xdr.h' -> `../../pkg/debian/usr/include/linux/lockd/xdr.h'
`include/linux/lockd/debug.h' -> `../../pkg/debian/usr/include/linux/lockd/debug.h'
`include/linux/lockd/sm_inter.h' -> `../../pkg/debian/usr/include/linux/lockd/sm_inter.h'
`include/linux/ppdev.h' -> `../../pkg/debian/usr/include/linux/ppdev.h'
`include/linux/ipmi_smi.h' -> `../../pkg/debian/usr/include/linux/ipmi_smi.h'
`include/linux/pkt_sched.h' -> `../../pkg/debian/usr/include/linux/pkt_sched.h'
`include/linux/nfs4.h' -> `../../pkg/debian/usr/include/linux/nfs4.h'
`include/linux/superhyway.h' -> `../../pkg/debian/usr/include/linux/superhyway.h'
`include/linux/hysdn_if.h' -> `../../pkg/debian/usr/include/linux/hysdn_if.h'
`include/linux/ext3_fs.h' -> `../../pkg/debian/usr/include/linux/ext3_fs.h'
`include/linux/time.h' -> `../../pkg/debian/usr/include/linux/time.h'
`include/linux/nfs.h' -> `../../pkg/debian/usr/include/linux/nfs.h'
`include/linux/telephony.h' -> `../../pkg/debian/usr/include/linux/telephony.h'
`include/linux/dvb' -> `../../pkg/debian/usr/include/linux/dvb'
`include/linux/dvb/dmx.h' -> `../../pkg/debian/usr/include/linux/dvb/dmx.h'
`include/linux/dvb/ca.h' -> `../../pkg/debian/usr/include/linux/dvb/ca.h'
`include/linux/dvb/net.h' -> `../../pkg/debian/usr/include/linux/dvb/net.h'
`include/linux/dvb/frontend.h' -> `../../pkg/debian/usr/include/linux/dvb/frontend.h'
`include/linux/dvb/audio.h' -> `../../pkg/debian/usr/include/linux/dvb/audio.h'
`include/linux/dvb/osd.h' -> `../../pkg/debian/usr/include/linux/dvb/osd.h'
`include/linux/dvb/version.h' -> `../../pkg/debian/usr/include/linux/dvb/version.h'
`include/linux/dvb/video.h' -> `../../pkg/debian/usr/include/linux/dvb/video.h'
`include/linux/audit.h' -> `../../pkg/debian/usr/include/linux/audit.h'
`include/linux/tc_act' -> `../../pkg/debian/usr/include/linux/tc_act'
`include/linux/tc_act/tc_defact.h' -> `../../pkg/debian/usr/include/linux/tc_act/tc_defact.h'
`include/linux/tc_act/tc_ipt.h' -> `../../pkg/debian/usr/include/linux/tc_act/tc_ipt.h'
`include/linux/tc_act/tc_mirred.h' -> `../../pkg/debian/usr/include/linux/tc_act/tc_mirred.h'
`include/linux/tc_act/tc_pedit.h' -> `../../pkg/debian/usr/include/linux/tc_act/tc_pedit.h'
`include/linux/tc_act/tc_gact.h' -> `../../pkg/debian/usr/include/linux/tc_act/tc_gact.h'
`include/linux/hash.h' -> `../../pkg/debian/usr/include/linux/hash.h'
`include/linux/eventpoll.h' -> `../../pkg/debian/usr/include/linux/eventpoll.h'
`include/linux/parport_pc.h' -> `../../pkg/debian/usr/include/linux/parport_pc.h'
`include/linux/auto_fs.h' -> `../../pkg/debian/usr/include/linux/auto_fs.h'
`include/linux/llc.h' -> `../../pkg/debian/usr/include/linux/llc.h'
`include/linux/vt_buffer.h' -> `../../pkg/debian/usr/include/linux/vt_buffer.h'
`include/linux/dqblk_v2.h' -> `../../pkg/debian/usr/include/linux/dqblk_v2.h'
`include/linux/icmp.h' -> `../../pkg/debian/usr/include/linux/icmp.h'
`include/linux/notifier.h' -> `../../pkg/debian/usr/include/linux/notifier.h'
`include/linux/sc26198.h' -> `../../pkg/debian/usr/include/linux/sc26198.h'
`include/linux/ite_gpio.h' -> `../../pkg/debian/usr/include/linux/ite_gpio.h'
`include/linux/wireless.h' -> `../../pkg/debian/usr/include/linux/wireless.h'
`include/linux/blkpg.h' -> `../../pkg/debian/usr/include/linux/blkpg.h'
`include/linux/nvram.h' -> `../../pkg/debian/usr/include/linux/nvram.h'
`include/linux/quotaio_v1.h' -> `../../pkg/debian/usr/include/linux/quotaio_v1.h'
`include/linux/backlight.h' -> `../../pkg/debian/usr/include/linux/backlight.h'
`include/linux/i2c-algo-ite.h' -> `../../pkg/debian/usr/include/linux/i2c-algo-ite.h'
`include/linux/irq_cpustat.h' -> `../../pkg/debian/usr/include/linux/irq_cpustat.h'
`include/linux/video_encoder.h' -> `../../pkg/debian/usr/include/linux/video_encoder.h'
`include/linux/iso_fs.h' -> `../../pkg/debian/usr/include/linux/iso_fs.h'
`include/linux/sonypi.h' -> `../../pkg/debian/usr/include/linux/sonypi.h'
`include/linux/oprofile.h' -> `../../pkg/debian/usr/include/linux/oprofile.h'
`include/linux/netrom.h' -> `../../pkg/debian/usr/include/linux/netrom.h'
`include/linux/capi.h' -> `../../pkg/debian/usr/include/linux/capi.h'
`include/linux/kernel_stat.h' -> `../../pkg/debian/usr/include/linux/kernel_stat.h'
`include/linux/cpufreq.h' -> `../../pkg/debian/usr/include/linux/cpufreq.h'
`include/linux/8250_pci.h' -> `../../pkg/debian/usr/include/linux/8250_pci.h'
`include/linux/initrd.h' -> `../../pkg/debian/usr/include/linux/initrd.h'
`include/linux/soundcard.h' -> `../../pkg/debian/usr/include/linux/soundcard.h'
`include/linux/serial167.h' -> `../../pkg/debian/usr/include/linux/serial167.h'
`include/linux/mm_inline.h' -> `../../pkg/debian/usr/include/linux/mm_inline.h'
`include/linux/init.h' -> `../../pkg/debian/usr/include/linux/init.h'
`include/linux/in6.h' -> `../../pkg/debian/usr/include/linux/in6.h'
`include/linux/kernelcapi.h' -> `../../pkg/debian/usr/include/linux/kernelcapi.h'
`include/linux/err.h' -> `../../pkg/debian/usr/include/linux/err.h'
`include/linux/a.out.h' -> `../../pkg/debian/usr/include/linux/a.out.h'
`include/linux/linux_logo.h' -> `../../pkg/debian/usr/include/linux/linux_logo.h'
`include/linux/scx200_gpio.h' -> `../../pkg/debian/usr/include/linux/scx200_gpio.h'
`include/linux/sunrpc' -> `../../pkg/debian/usr/include/linux/sunrpc'
`include/linux/sunrpc/svc.h' -> `../../pkg/debian/usr/include/linux/sunrpc/svc.h'
`include/linux/sunrpc/sched.h' -> `../../pkg/debian/usr/include/linux/sunrpc/sched.h'
`include/linux/sunrpc/timer.h' -> `../../pkg/debian/usr/include/linux/sunrpc/timer.h'
`include/linux/sunrpc/svcsock.h' -> `../../pkg/debian/usr/include/linux/sunrpc/svcsock.h'
`include/linux/sunrpc/gss_krb5.h' -> `../../pkg/debian/usr/include/linux/sunrpc/gss_krb5.h'
`include/linux/sunrpc/clnt.h' -> `../../pkg/debian/usr/include/linux/sunrpc/clnt.h'
`include/linux/sunrpc/xprt.h' -> `../../pkg/debian/usr/include/linux/sunrpc/xprt.h'
`include/linux/sunrpc/types.h' -> `../../pkg/debian/usr/include/linux/sunrpc/types.h'
`include/linux/sunrpc/cache.h' -> `../../pkg/debian/usr/include/linux/sunrpc/cache.h'
`include/linux/sunrpc/debug.h' -> `../../pkg/debian/usr/include/linux/sunrpc/debug.h'
`include/linux/sunrpc/gss_spkm3.h' -> `../../pkg/debian/usr/include/linux/sunrpc/gss_spkm3.h'
`include/linux/sunrpc/gss_asn1.h' -> `../../pkg/debian/usr/include/linux/sunrpc/gss_asn1.h'
`include/linux/sunrpc/stats.h' -> `../../pkg/debian/usr/include/linux/sunrpc/stats.h'
`include/linux/i2o-dev.h' -> `../../pkg/debian/usr/include/linux/i2o-dev.h'
`include/linux/if_bonding.h' -> `../../pkg/debian/usr/include/linux/if_bonding.h'
`include/linux/com20020.h' -> `../../pkg/debian/usr/include/linux/com20020.h'
`include/linux/cciss_ioctl.h' -> `../../pkg/debian/usr/include/linux/cciss_ioctl.h'
`include/linux/dtlk.h' -> `../../pkg/debian/usr/include/linux/dtlk.h'
`include/linux/times.h' -> `../../pkg/debian/usr/include/linux/times.h'
`include/linux/i2c-dev.h' -> `../../pkg/debian/usr/include/linux/i2c-dev.h'
`include/linux/filter.h' -> `../../pkg/debian/usr/include/linux/filter.h'
`include/linux/pipe_fs_i.h' -> `../../pkg/debian/usr/include/linux/pipe_fs_i.h'
`include/linux/ioport.h' -> `../../pkg/debian/usr/include/linux/ioport.h'
`include/linux/autoconf.h' -> `../../pkg/debian/usr/include/linux/autoconf.h'
`include/linux/serialP.h' -> `../../pkg/debian/usr/include/linux/serialP.h'
`include/linux/if_shaper.h' -> `../../pkg/debian/usr/include/linux/if_shaper.h'
`include/linux/snmp.h' -> `../../pkg/debian/usr/include/linux/snmp.h'
`include/linux/jffs.h' -> `../../pkg/debian/usr/include/linux/jffs.h'
`include/linux/list.h' -> `../../pkg/debian/usr/include/linux/list.h'
`include/linux/quotaio_v2.h' -> `../../pkg/debian/usr/include/linux/quotaio_v2.h'
`include/linux/in.h' -> `../../pkg/debian/usr/include/linux/in.h'
`include/linux/flat.h' -> `../../pkg/debian/usr/include/linux/flat.h'
`include/linux/hdsmart.h' -> `../../pkg/debian/usr/include/linux/hdsmart.h'
`include/linux/udf_fs.h' -> `../../pkg/debian/usr/include/linux/udf_fs.h'
`include/linux/pkt_cls.h' -> `../../pkg/debian/usr/include/linux/pkt_cls.h'
`include/linux/tc_ematch' -> `../../pkg/debian/usr/include/linux/tc_ematch'
`include/linux/tc_ematch/tc_em_cmp.h' -> `../../pkg/debian/usr/include/linux/tc_ematch/tc_em_cmp.h'
`include/linux/tc_ematch/tc_em_meta.h' -> `../../pkg/debian/usr/include/linux/tc_ematch/tc_em_meta.h'
`include/linux/tc_ematch/tc_em_nbyte.h' -> `../../pkg/debian/usr/include/linux/tc_ematch/tc_em_nbyte.h'
`include/linux/namei.h' -> `../../pkg/debian/usr/include/linux/namei.h'
`include/linux/i2c-algo-bit.h' -> `../../pkg/debian/usr/include/linux/i2c-algo-bit.h'
`include/linux/irq.h' -> `../../pkg/debian/usr/include/linux/irq.h'
`include/linux/termios.h' -> `../../pkg/debian/usr/include/linux/termios.h'
`include/linux/suspend.h' -> `../../pkg/debian/usr/include/linux/suspend.h'
`include/linux/jhash.h' -> `../../pkg/debian/usr/include/linux/jhash.h'
`include/linux/errno.h' -> `../../pkg/debian/usr/include/linux/errno.h'
`include/linux/interrupt.h' -> `../../pkg/debian/usr/include/linux/interrupt.h'
`include/linux/smb_fs.h' -> `../../pkg/debian/usr/include/linux/smb_fs.h'
`include/linux/i2c-algo-sgi.h' -> `../../pkg/debian/usr/include/linux/i2c-algo-sgi.h'
`include/linux/atm.h' -> `../../pkg/debian/usr/include/linux/atm.h'
`include/linux/amifdreg.h' -> `../../pkg/debian/usr/include/linux/amifdreg.h'
`include/linux/uinput.h' -> `../../pkg/debian/usr/include/linux/uinput.h'
`include/linux/mc6821.h' -> `../../pkg/debian/usr/include/linux/mc6821.h'
`include/linux/if_ec.h' -> `../../pkg/debian/usr/include/linux/if_ec.h'
`include/linux/if_eql.h' -> `../../pkg/debian/usr/include/linux/if_eql.h'
`include/linux/coff.h' -> `../../pkg/debian/usr/include/linux/coff.h'
`include/linux/serial_8250.h' -> `../../pkg/debian/usr/include/linux/serial_8250.h'
`include/linux/nfs_idmap.h' -> `../../pkg/debian/usr/include/linux/nfs_idmap.h'
`include/linux/swapops.h' -> `../../pkg/debian/usr/include/linux/swapops.h'
`include/linux/scx200.h' -> `../../pkg/debian/usr/include/linux/scx200.h'
`include/linux/node.h' -> `../../pkg/debian/usr/include/linux/node.h'
`include/linux/selection.h' -> `../../pkg/debian/usr/include/linux/selection.h'
`include/linux/auto_fs4.h' -> `../../pkg/debian/usr/include/linux/auto_fs4.h'
`include/linux/elevator.h' -> `../../pkg/debian/usr/include/linux/elevator.h'
`include/linux/ufs_fs.h' -> `../../pkg/debian/usr/include/linux/ufs_fs.h'
`include/linux/netfilter_ipv6' -> `../../pkg/debian/usr/include/linux/netfilter_ipv6'
`include/linux/netfilter_ipv6/ip6t_opts.h' -> `../../pkg/debian/usr/include/linux/netfilter_ipv6/ip6t_opts.h'
`include/linux/netfilter_ipv6/ip6_tables.h' -> `../../pkg/debian/usr/include/linux/netfilter_ipv6/ip6_tables.h'
`include/linux/netfilter_ipv6/ip6t_frag.h' -> `../../pkg/debian/usr/include/linux/netfilter_ipv6/ip6t_frag.h'
`include/linux/netfilter_ipv6/ip6t_mark.h' -> `../../pkg/debian/usr/include/linux/netfilter_ipv6/ip6t_mark.h'
`include/linux/netfilter_ipv6/ip6t_physdev.h' -> `../../pkg/debian/usr/include/linux/netfilter_ipv6/ip6t_physdev.h'
`include/linux/netfilter_ipv6/ip6t_ah.h' -> `../../pkg/debian/usr/include/linux/netfilter_ipv6/ip6t_ah.h'
`include/linux/netfilter_ipv6/ip6t_multiport.h' -> `../../pkg/debian/usr/include/linux/netfilter_ipv6/ip6t_multiport.h'
`include/linux/netfilter_ipv6/ip6t_mac.h' -> `../../pkg/debian/usr/include/linux/netfilter_ipv6/ip6t_mac.h'
`include/linux/netfilter_ipv6/ip6t_hl.h' -> `../../pkg/debian/usr/include/linux/netfilter_ipv6/ip6t_hl.h'
`include/linux/netfilter_ipv6/ip6t_LOG.h' -> `../../pkg/debian/usr/include/linux/netfilter_ipv6/ip6t_LOG.h'
`include/linux/netfilter_ipv6/ip6t_length.h' -> `../../pkg/debian/usr/include/linux/netfilter_ipv6/ip6t_length.h'
`include/linux/netfilter_ipv6/ip6t_owner.h' -> `../../pkg/debian/usr/include/linux/netfilter_ipv6/ip6t_owner.h'
`include/linux/netfilter_ipv6/ip6t_esp.h' -> `../../pkg/debian/usr/include/linux/netfilter_ipv6/ip6t_esp.h'
`include/linux/netfilter_ipv6/ip6t_MARK.h' -> `../../pkg/debian/usr/include/linux/netfilter_ipv6/ip6t_MARK.h'
`include/linux/netfilter_ipv6/ip6t_limit.h' -> `../../pkg/debian/usr/include/linux/netfilter_ipv6/ip6t_limit.h'
`include/linux/netfilter_ipv6/ip6t_ipv6header.h' -> `../../pkg/debian/usr/include/linux/netfilter_ipv6/ip6t_ipv6header.h'
`include/linux/netfilter_ipv6/ip6t_rt.h' -> `../../pkg/debian/usr/include/linux/netfilter_ipv6/ip6t_rt.h'
`include/linux/sdla_asy.h' -> `../../pkg/debian/usr/include/linux/sdla_asy.h'
`include/linux/personality.h' -> `../../pkg/debian/usr/include/linux/personality.h'
`include/linux/prefetch.h' -> `../../pkg/debian/usr/include/linux/prefetch.h'
`include/linux/zorro.h' -> `../../pkg/debian/usr/include/linux/zorro.h'
`include/linux/if_strip.h' -> `../../pkg/debian/usr/include/linux/if_strip.h'
`include/linux/ncp_no.h' -> `../../pkg/debian/usr/include/linux/ncp_no.h'
`include/linux/usb_cdc.h' -> `../../pkg/debian/usr/include/linux/usb_cdc.h'
`include/linux/ncp_fs.h' -> `../../pkg/debian/usr/include/linux/ncp_fs.h'
`include/linux/nubus.h' -> `../../pkg/debian/usr/include/linux/nubus.h'
`include/linux/kprobes.h' -> `../../pkg/debian/usr/include/linux/kprobes.h'
`include/linux/compat.h' -> `../../pkg/debian/usr/include/linux/compat.h'
`include/linux/atmarp.h' -> `../../pkg/debian/usr/include/linux/atmarp.h'
`include/linux/capability.h' -> `../../pkg/debian/usr/include/linux/capability.h'
`include/linux/usb_ch9.h' -> `../../pkg/debian/usr/include/linux/usb_ch9.h'
`include/linux/netfilter_decnet.h' -> `../../pkg/debian/usr/include/linux/netfilter_decnet.h'
`include/linux/nfsd' -> `../../pkg/debian/usr/include/linux/nfsd'
`include/linux/nfsd/xdr4.h' -> `../../pkg/debian/usr/include/linux/nfsd/xdr4.h'
`include/linux/nfsd/syscall.h' -> `../../pkg/debian/usr/include/linux/nfsd/syscall.h'
`include/linux/nfsd/nfsfh.h' -> `../../pkg/debian/usr/include/linux/nfsd/nfsfh.h'
`include/linux/nfsd/interface.h' -> `../../pkg/debian/usr/include/linux/nfsd/interface.h'
`include/linux/nfsd/nfsd.h' -> `../../pkg/debian/usr/include/linux/nfsd/nfsd.h'
`include/linux/nfsd/state.h' -> `../../pkg/debian/usr/include/linux/nfsd/state.h'
`include/linux/nfsd/export.h' -> `../../pkg/debian/usr/include/linux/nfsd/export.h'
`include/linux/nfsd/const.h' -> `../../pkg/debian/usr/include/linux/nfsd/const.h'
`include/linux/nfsd/xdr.h' -> `../../pkg/debian/usr/include/linux/nfsd/xdr.h'
`include/linux/nfsd/xdr3.h' -> `../../pkg/debian/usr/include/linux/nfsd/xdr3.h'
`include/linux/nfsd/debug.h' -> `../../pkg/debian/usr/include/linux/nfsd/debug.h'
`include/linux/nfsd/stats.h' -> `../../pkg/debian/usr/include/linux/nfsd/stats.h'
`include/linux/elf-fdpic.h' -> `../../pkg/debian/usr/include/linux/elf-fdpic.h'
`include/linux/param.h' -> `../../pkg/debian/usr/include/linux/param.h'
`include/linux/vt.h' -> `../../pkg/debian/usr/include/linux/vt.h'
`include/linux/minix_fs.h' -> `../../pkg/debian/usr/include/linux/minix_fs.h'
`include/linux/compiler.h' -> `../../pkg/debian/usr/include/linux/compiler.h'
`include/linux/dn.h' -> `../../pkg/debian/usr/include/linux/dn.h'
`include/linux/kbd_diacr.h' -> `../../pkg/debian/usr/include/linux/kbd_diacr.h'
`include/linux/kdev_t.h' -> `../../pkg/debian/usr/include/linux/kdev_t.h'
`include/linux/timex.h' -> `../../pkg/debian/usr/include/linux/timex.h'
`include/linux/hdlc' -> `../../pkg/debian/usr/include/linux/hdlc'
`include/linux/hdlc/ioctl.h' -> `../../pkg/debian/usr/include/linux/hdlc/ioctl.h'
`include/linux/vmalloc.h' -> `../../pkg/debian/usr/include/linux/vmalloc.h'
`include/linux/pagevec.h' -> `../../pkg/debian/usr/include/linux/pagevec.h'
`include/linux/isdnif.h' -> `../../pkg/debian/usr/include/linux/isdnif.h'
`include/linux/version.h' -> `../../pkg/debian/usr/include/linux/version.h'
`include/linux/user.h' -> `../../pkg/debian/usr/include/linux/user.h'
`include/linux/i2c-algo-sibyte.h' -> `../../pkg/debian/usr/include/linux/i2c-algo-sibyte.h'
`include/linux/if_arp.h' -> `../../pkg/debian/usr/include/linux/if_arp.h'
`include/linux/quota.h' -> `../../pkg/debian/usr/include/linux/quota.h'
`include/linux/security.h' -> `../../pkg/debian/usr/include/linux/security.h'
`include/linux/coda_psdev.h' -> `../../pkg/debian/usr/include/linux/coda_psdev.h'
`include/linux/errqueue.h' -> `../../pkg/debian/usr/include/linux/errqueue.h'
`include/linux/qic117.h' -> `../../pkg/debian/usr/include/linux/qic117.h'
`include/linux/kallsyms.h' -> `../../pkg/debian/usr/include/linux/kallsyms.h'
`include/linux/raw.h' -> `../../pkg/debian/usr/include/linux/raw.h'
`include/linux/kmalloc_sizes.h' -> `../../pkg/debian/usr/include/linux/kmalloc_sizes.h'
`include/linux/sctp.h' -> `../../pkg/debian/usr/include/linux/sctp.h'
`include/linux/if_pppox.h' -> `../../pkg/debian/usr/include/linux/if_pppox.h'
`include/linux/circ_buf.h' -> `../../pkg/debian/usr/include/linux/circ_buf.h'
`include/linux/videodev2.h' -> `../../pkg/debian/usr/include/linux/videodev2.h'
`include/linux/parser.h' -> `../../pkg/debian/usr/include/linux/parser.h'
`include/linux/fs_struct.h' -> `../../pkg/debian/usr/include/linux/fs_struct.h'
`include/linux/yam.h' -> `../../pkg/debian/usr/include/linux/yam.h'
`include/linux/types.h' -> `../../pkg/debian/usr/include/linux/types.h'
`include/linux/if_ppp.h' -> `../../pkg/debian/usr/include/linux/if_ppp.h'
`include/linux/cramfs_fs.h' -> `../../pkg/debian/usr/include/linux/cramfs_fs.h'
`include/linux/serial_core.h' -> `../../pkg/debian/usr/include/linux/serial_core.h'
`include/linux/fd.h' -> `../../pkg/debian/usr/include/linux/fd.h'
`include/linux/if_frad.h' -> `../../pkg/debian/usr/include/linux/if_frad.h'
`include/linux/pg.h' -> `../../pkg/debian/usr/include/linux/pg.h'
`include/linux/nfs_fs_sb.h' -> `../../pkg/debian/usr/include/linux/nfs_fs_sb.h'
`include/linux/cdrom.h' -> `../../pkg/debian/usr/include/linux/cdrom.h'
`include/linux/bitops.h' -> `../../pkg/debian/usr/include/linux/bitops.h'
`include/linux/irda.h' -> `../../pkg/debian/usr/include/linux/irda.h'
`include/linux/ext3_jbd.h' -> `../../pkg/debian/usr/include/linux/ext3_jbd.h'
`include/linux/sysrq.h' -> `../../pkg/debian/usr/include/linux/sysrq.h'
`include/linux/amifd.h' -> `../../pkg/debian/usr/include/linux/amifd.h'
`include/linux/acpi.h' -> `../../pkg/debian/usr/include/linux/acpi.h'
`include/linux/socket.h' -> `../../pkg/debian/usr/include/linux/socket.h'
`include/linux/gen_stats.h' -> `../../pkg/debian/usr/include/linux/gen_stats.h'
`include/linux/route.h' -> `../../pkg/debian/usr/include/linux/route.h'
`include/linux/bpqether.h' -> `../../pkg/debian/usr/include/linux/bpqether.h'
`include/linux/ppp-comp.h' -> `../../pkg/debian/usr/include/linux/ppp-comp.h'
`include/linux/mtio.h' -> `../../pkg/debian/usr/include/linux/mtio.h'
`include/linux/prctl.h' -> `../../pkg/debian/usr/include/linux/prctl.h'
`include/linux/sdla_chdlc.h' -> `../../pkg/debian/usr/include/linux/sdla_chdlc.h'
`include/linux/sdladrv.h' -> `../../pkg/debian/usr/include/linux/sdladrv.h'
`include/linux/jbd.h' -> `../../pkg/debian/usr/include/linux/jbd.h'
`include/linux/fs.h' -> `../../pkg/debian/usr/include/linux/fs.h'
`include/linux/cycx_x25.h' -> `../../pkg/debian/usr/include/linux/cycx_x25.h'
`include/linux/kernel.h' -> `../../pkg/debian/usr/include/linux/kernel.h'
`include/linux/pagemap.h' -> `../../pkg/debian/usr/include/linux/pagemap.h'
`include/linux/pci-dynids.h' -> `../../pkg/debian/usr/include/linux/pci-dynids.h'
`include/linux/reiserfs_fs.h' -> `../../pkg/debian/usr/include/linux/reiserfs_fs.h'
`include/linux/cache.h' -> `../../pkg/debian/usr/include/linux/cache.h'
`include/linux/ioctl.h' -> `../../pkg/debian/usr/include/linux/ioctl.h'
`include/linux/stringify.h' -> `../../pkg/debian/usr/include/linux/stringify.h'
`include/linux/journal-head.h' -> `../../pkg/debian/usr/include/linux/journal-head.h'
`include/linux/eisa.h' -> `../../pkg/debian/usr/include/linux/eisa.h'
`include/linux/if.h' -> `../../pkg/debian/usr/include/linux/if.h'
`include/linux/spinlock.h' -> `../../pkg/debian/usr/include/linux/spinlock.h'
`include/linux/netfilter_arp' -> `../../pkg/debian/usr/include/linux/netfilter_arp'
`include/linux/netfilter_arp/arp_tables.h' -> `../../pkg/debian/usr/include/linux/netfilter_arp/arp_tables.h'
`include/linux/netfilter_arp/arpt_mangle.h' -> `../../pkg/debian/usr/include/linux/netfilter_arp/arpt_mangle.h'
`include/linux/futex.h' -> `../../pkg/debian/usr/include/linux/futex.h'
`include/linux/cyclades.h' -> `../../pkg/debian/usr/include/linux/cyclades.h'
`include/linux/skbuff.h' -> `../../pkg/debian/usr/include/linux/skbuff.h'
`include/linux/ip_mp_alg.h' -> `../../pkg/debian/usr/include/linux/ip_mp_alg.h'
`include/linux/mtd' -> `../../pkg/debian/usr/include/linux/mtd'
`include/linux/mtd/map.h' -> `../../pkg/debian/usr/include/linux/mtd/map.h'
`include/linux/mtd/cfi.h' -> `../../pkg/debian/usr/include/linux/mtd/cfi.h'
`include/linux/mtd/flashchip.h' -> `../../pkg/debian/usr/include/linux/mtd/flashchip.h'
`include/linux/mtd/cfi_endian.h' -> `../../pkg/debian/usr/include/linux/mtd/cfi_endian.h'
`include/linux/mtd/nand_ecc.h' -> `../../pkg/debian/usr/include/linux/mtd/nand_ecc.h'
`include/linux/mtd/ftl.h' -> `../../pkg/debian/usr/include/linux/mtd/ftl.h'
`include/linux/mtd/doc2000.h' -> `../../pkg/debian/usr/include/linux/mtd/doc2000.h'
`include/linux/mtd/jedec.h' -> `../../pkg/debian/usr/include/linux/mtd/jedec.h'
`include/linux/mtd/compatmac.h' -> `../../pkg/debian/usr/include/linux/mtd/compatmac.h'
`include/linux/mtd/partitions.h' -> `../../pkg/debian/usr/include/linux/mtd/partitions.h'
`include/linux/mtd/gen_probe.h' -> `../../pkg/debian/usr/include/linux/mtd/gen_probe.h'
`include/linux/mtd/iflash.h' -> `../../pkg/debian/usr/include/linux/mtd/iflash.h'
`include/linux/mtd/nftl.h' -> `../../pkg/debian/usr/include/linux/mtd/nftl.h'
`include/linux/mtd/nand.h' -> `../../pkg/debian/usr/include/linux/mtd/nand.h'
`include/linux/mtd/blktrans.h' -> `../../pkg/debian/usr/include/linux/mtd/blktrans.h'
`include/linux/mtd/pmc551.h' -> `../../pkg/debian/usr/include/linux/mtd/pmc551.h'
`include/linux/mtd/concat.h' -> `../../pkg/debian/usr/include/linux/mtd/concat.h'
`include/linux/isapnp.h' -> `../../pkg/debian/usr/include/linux/isapnp.h'
`include/linux/selinux_netlink.h' -> `../../pkg/debian/usr/include/linux/selinux_netlink.h'
`include/linux/cycx_drv.h' -> `../../pkg/debian/usr/include/linux/cycx_drv.h'
`include/linux/ip6_tunnel.h' -> `../../pkg/debian/usr/include/linux/ip6_tunnel.h'
`include/linux/hpfs_fs.h' -> `../../pkg/debian/usr/include/linux/hpfs_fs.h'
`include/linux/moduleparam.h' -> `../../pkg/debian/usr/include/linux/moduleparam.h'
`include/linux/matroxfb.h' -> `../../pkg/debian/usr/include/linux/matroxfb.h'
`include/linux/ioctl32.h' -> `../../pkg/debian/usr/include/linux/ioctl32.h'
`include/linux/i2c.h' -> `../../pkg/debian/usr/include/linux/i2c.h'
`include/linux/elf.h' -> `../../pkg/debian/usr/include/linux/elf.h'
`include/linux/consolemap.h' -> `../../pkg/debian/usr/include/linux/consolemap.h'
`include/linux/videotext.h' -> `../../pkg/debian/usr/include/linux/videotext.h'
`include/linux/i8k.h' -> `../../pkg/debian/usr/include/linux/i8k.h'
`include/linux/cd1400.h' -> `../../pkg/debian/usr/include/linux/cd1400.h'
`include/linux/in_route.h' -> `../../pkg/debian/usr/include/linux/in_route.h'
`include/linux/hdlcdrv.h' -> `../../pkg/debian/usr/include/linux/hdlcdrv.h'
`include/linux/video_decoder.h' -> `../../pkg/debian/usr/include/linux/video_decoder.h'
`include/linux/utsname.h' -> `../../pkg/debian/usr/include/linux/utsname.h'
`include/linux/sysv_fs.h' -> `../../pkg/debian/usr/include/linux/sysv_fs.h'
`include/linux/ipc.h' -> `../../pkg/debian/usr/include/linux/ipc.h'
`include/linux/un.h' -> `../../pkg/debian/usr/include/linux/un.h'
`include/linux/ftape.h' -> `../../pkg/debian/usr/include/linux/ftape.h'
`include/linux/root_dev.h' -> `../../pkg/debian/usr/include/linux/root_dev.h'
`include/linux/cramfs_fs_sb.h' -> `../../pkg/debian/usr/include/linux/cramfs_fs_sb.h'
`include/linux/nfs_xdr.h' -> `../../pkg/debian/usr/include/linux/nfs_xdr.h'
`include/linux/fcntl.h' -> `../../pkg/debian/usr/include/linux/fcntl.h'
`include/linux/affs_hardblocks.h' -> `../../pkg/debian/usr/include/linux/affs_hardblocks.h'
`include/linux/byteorder' -> `../../pkg/debian/usr/include/linux/byteorder'
`include/linux/byteorder/swab.h' -> `../../pkg/debian/usr/include/linux/byteorder/swab.h'
`include/linux/byteorder/big_endian.h' -> `../../pkg/debian/usr/include/linux/byteorder/big_endian.h'
`include/linux/byteorder/generic.h' -> `../../pkg/debian/usr/include/linux/byteorder/generic.h'
`include/linux/byteorder/swabb.h' -> `../../pkg/debian/usr/include/linux/byteorder/swabb.h'
`include/linux/byteorder/pdp_endian.h' -> `../../pkg/debian/usr/include/linux/byteorder/pdp_endian.h'
`include/linux/byteorder/little_endian.h' -> `../../pkg/debian/usr/include/linux/byteorder/little_endian.h'
`include/linux/kd.h' -> `../../pkg/debian/usr/include/linux/kd.h'
`include/linux/mca.h' -> `../../pkg/debian/usr/include/linux/mca.h'
`include/linux/zftape.h' -> `../../pkg/debian/usr/include/linux/zftape.h'
`include/linux/hiddev.h' -> `../../pkg/debian/usr/include/linux/hiddev.h'
`include/linux/ps2esdi.h' -> `../../pkg/debian/usr/include/linux/ps2esdi.h'
`include/linux/sonet.h' -> `../../pkg/debian/usr/include/linux/sonet.h'
`include/linux/rtc.h' -> `../../pkg/debian/usr/include/linux/rtc.h'
`include/linux/xfrm.h' -> `../../pkg/debian/usr/include/linux/xfrm.h'
`include/linux/xattr.h' -> `../../pkg/debian/usr/include/linux/xattr.h'
`include/linux/atm_zatm.h' -> `../../pkg/debian/usr/include/linux/atm_zatm.h'
`include/linux/bfs_fs.h' -> `../../pkg/debian/usr/include/linux/bfs_fs.h'
`include/linux/nbd.h' -> `../../pkg/debian/usr/include/linux/nbd.h'
`include/linux/wanrouter.h' -> `../../pkg/debian/usr/include/linux/wanrouter.h'
`include/linux/vt_kern.h' -> `../../pkg/debian/usr/include/linux/vt_kern.h'
`include/linux/openprom_fs.h' -> `../../pkg/debian/usr/include/linux/openprom_fs.h'
`include/linux/devfs_fs_kernel.h' -> `../../pkg/debian/usr/include/linux/devfs_fs_kernel.h'
`include/linux/aio.h' -> `../../pkg/debian/usr/include/linux/aio.h'
`include/linux/moduleloader.h' -> `../../pkg/debian/usr/include/linux/moduleloader.h'
`include/linux/netfilter_ipv6.h' -> `../../pkg/debian/usr/include/linux/netfilter_ipv6.h'
`include/linux/comstats.h' -> `../../pkg/debian/usr/include/linux/comstats.h'
`include/linux/adfs_fs_sb.h' -> `../../pkg/debian/usr/include/linux/adfs_fs_sb.h'
`include/linux/ultrasound.h' -> `../../pkg/debian/usr/include/linux/ultrasound.h'
`include/linux/module.h' -> `../../pkg/debian/usr/include/linux/module.h'
`include/linux/if_bridge.h' -> `../../pkg/debian/usr/include/linux/if_bridge.h'
`include/linux/atmsvc.h' -> `../../pkg/debian/usr/include/linux/atmsvc.h'
`include/linux/compat_ioctl.h' -> `../../pkg/debian/usr/include/linux/compat_ioctl.h'
`include/linux/unistd.h' -> `../../pkg/debian/usr/include/linux/unistd.h'
`include/linux/atmbr2684.h' -> `../../pkg/debian/usr/include/linux/atmbr2684.h'
`include/linux/stddef.h' -> `../../pkg/debian/usr/include/linux/stddef.h'
`include/linux/uio.h' -> `../../pkg/debian/usr/include/linux/uio.h'
`include/linux/cuda.h' -> `../../pkg/debian/usr/include/linux/cuda.h'
`include/linux/parport.h' -> `../../pkg/debian/usr/include/linux/parport.h'
`include/linux/posix_acl_xattr.h' -> `../../pkg/debian/usr/include/linux/posix_acl_xattr.h'
`include/linux/posix-timers.h' -> `../../pkg/debian/usr/include/linux/posix-timers.h'
`include/linux/mm.h' -> `../../pkg/debian/usr/include/linux/mm.h'
`include/linux/ide.h' -> `../../pkg/debian/usr/include/linux/ide.h'
`include/linux/cobalt-nvram.h' -> `../../pkg/debian/usr/include/linux/cobalt-nvram.h'
`include/linux/reiserfs_xattr.h' -> `../../pkg/debian/usr/include/linux/reiserfs_xattr.h'
`include/linux/nfs_fs.h' -> `../../pkg/debian/usr/include/linux/nfs_fs.h'
`include/linux/atmapi.h' -> `../../pkg/debian/usr/include/linux/atmapi.h'
`include/linux/major.h' -> `../../pkg/debian/usr/include/linux/major.h'
`include/linux/ncp_mount.h' -> `../../pkg/debian/usr/include/linux/ncp_mount.h'
`include/linux/isicom.h' -> `../../pkg/debian/usr/include/linux/isicom.h'
`include/linux/if_cablemodem.h' -> `../../pkg/debian/usr/include/linux/if_cablemodem.h'
`include/linux/serial.h' -> `../../pkg/debian/usr/include/linux/serial.h'
`include/linux/ethtool.h' -> `../../pkg/debian/usr/include/linux/ethtool.h'
`include/linux/usb_gadgetfs.h' -> `../../pkg/debian/usr/include/linux/usb_gadgetfs.h'
`include/linux/lapb.h' -> `../../pkg/debian/usr/include/linux/lapb.h'
`include/linux/istallion.h' -> `../../pkg/debian/usr/include/linux/istallion.h'
`include/linux/crypto.h' -> `../../pkg/debian/usr/include/linux/crypto.h'
`include/linux/if_tun.h' -> `../../pkg/debian/usr/include/linux/if_tun.h'
`include/linux/dm-ioctl.h' -> `../../pkg/debian/usr/include/linux/dm-ioctl.h'
`include/linux/apm_bios.h' -> `../../pkg/debian/usr/include/linux/apm_bios.h'
`include/linux/kbd_kern.h' -> `../../pkg/debian/usr/include/linux/kbd_kern.h'
`include/linux/atm_suni.h' -> `../../pkg/debian/usr/include/linux/atm_suni.h'
`include/linux/signal.h' -> `../../pkg/debian/usr/include/linux/signal.h'
`include/linux/err_kernel_only.h' -> `../../pkg/debian/usr/include/linux/err_kernel_only.h'
`include/linux/scc.h' -> `../../pkg/debian/usr/include/linux/scc.h'
`include/linux/netfilter_ipv4.h' -> `../../pkg/debian/usr/include/linux/netfilter_ipv4.h'
`include/linux/efs_fs_sb.h' -> `../../pkg/debian/usr/include/linux/efs_fs_sb.h'
`include/linux/netdevice.h' -> `../../pkg/debian/usr/include/linux/netdevice.h'
`include/linux/ctype.h' -> `../../pkg/debian/usr/include/linux/ctype.h'
`include/linux/ibmtr.h' -> `../../pkg/debian/usr/include/linux/ibmtr.h'
`include/linux/joystick.h' -> `../../pkg/debian/usr/include/linux/joystick.h'
`include/linux/resource.h' -> `../../pkg/debian/usr/include/linux/resource.h'
`include/linux/if_tr.h' -> `../../pkg/debian/usr/include/linux/if_tr.h'
`include/linux/efi.h' -> `../../pkg/debian/usr/include/linux/efi.h'
`include/linux/fdreg.h' -> `../../pkg/debian/usr/include/linux/fdreg.h'
`include/linux/watchdog.h' -> `../../pkg/debian/usr/include/linux/watchdog.h'
`include/linux/smb_mount.h' -> `../../pkg/debian/usr/include/linux/smb_mount.h'
