Found a patch, skipping...
Found a patch, skipping...
bzip2-1.0.3/blocksort.c
bzip2-1.0.3/huffman.c
bzip2-1.0.3/crctable.c
bzip2-1.0.3/randtable.c
bzip2-1.0.3/compress.c
bzip2-1.0.3/decompress.c
bzip2-1.0.3/bzlib.c
bzip2-1.0.3/bzip2.c
bzip2-1.0.3/bzip2recover.c
bzip2-1.0.3/bzlib.h
bzip2-1.0.3/bzlib_private.h
bzip2-1.0.3/Makefile
bzip2-1.0.3/LICENSE
bzip2-1.0.3/bzip2.1
bzip2-1.0.3/bzip2.1.preformatted
bzip2-1.0.3/bzip2.txt
bzip2-1.0.3/words0
bzip2-1.0.3/words1
bzip2-1.0.3/words2
bzip2-1.0.3/words3
bzip2-1.0.3/sample1.ref
bzip2-1.0.3/sample2.ref
bzip2-1.0.3/sample3.ref
bzip2-1.0.3/sample1.bz2
bzip2-1.0.3/sample2.bz2
bzip2-1.0.3/sample3.bz2
bzip2-1.0.3/dlltest.c
bzip2-1.0.3/manual.html
bzip2-1.0.3/manual.pdf
bzip2-1.0.3/manual.ps
bzip2-1.0.3/README
bzip2-1.0.3/README.COMPILATION.PROBLEMS
bzip2-1.0.3/README.XML.STUFF
bzip2-1.0.3/CHANGES
bzip2-1.0.3/libbz2.def
bzip2-1.0.3/libbz2.dsp
bzip2-1.0.3/dlltest.dsp
bzip2-1.0.3/makefile.msc
bzip2-1.0.3/Y2K_INFO
bzip2-1.0.3/unzcrash.c
bzip2-1.0.3/spewG.c
bzip2-1.0.3/mk251.c
bzip2-1.0.3/bzdiff
bzip2-1.0.3/bzdiff.1
bzip2-1.0.3/bzmore
bzip2-1.0.3/bzmore.1
bzip2-1.0.3/bzgrep
bzip2-1.0.3/bzgrep.1
bzip2-1.0.3/Makefile-libbz2_so
bzip2-1.0.3/bz-common.xsl
bzip2-1.0.3/bz-fo.xsl
bzip2-1.0.3/bz-html.xsl
bzip2-1.0.3/bzip.css
bzip2-1.0.3/entities.xml
bzip2-1.0.3/manual.xml
bzip2-1.0.3/format.pl
bzip2-1.0.3/xmlproc.sh
