create symbolic link `usr/lib/libbz2.so' to `../../lib/libbz2.so.1.0'
removed `usr/bin/bunzip2'
removed `usr/bin/bzcat'
removed `usr/bin/bzip2'
create hard link `bin/bunzip2' to `bin/bzip2'
create hard link `bin/bzcat' to `bin/bzip2'
removed `usr/share/doc/bzip2-1.0.3/manual.html'
removed `usr/share/doc/bzip2-1.0.3/manual.pdf'
removed `usr/share/doc/bzip2-1.0.3/manual.ps'
removed `usr/share/doc/bzip2-1.0.3/bzip2.txt'
removed directory: `usr/share/doc/bzip2-1.0.3'
removed directory: `usr/share/doc'
create symbolic link `usr/lib/libbz2.so' to `../../lib/libbz2.so.1.0'
removed `usr/bin/bunzip2'
removed `usr/bin/bzcat'
removed `usr/bin/bzip2'
create hard link `bin/bunzip2' to `bin/bzip2'
create hard link `bin/bzcat' to `bin/bzip2'
removed `usr/share/doc/bzip2-1.0.3/manual.ps'
removed `usr/share/doc/bzip2-1.0.3/bzip2.txt'
removed `usr/share/doc/bzip2-1.0.3/manual.html'
removed `usr/share/doc/bzip2-1.0.3/manual.pdf'
removed directory: `usr/share/doc/bzip2-1.0.3'
removed directory: `usr/share/doc'
