patching file Documentation/filesystems/00-INDEX
patching file Documentation/filesystems/unionfs/00-INDEX
patching file Documentation/filesystems/unionfs/concepts.txt
patching file Documentation/filesystems/unionfs/issues.txt
patching file Documentation/filesystems/unionfs/rename.txt
patching file Documentation/filesystems/unionfs/usage.txt
patching file MAINTAINERS
patching file fs/Kconfig
patching file fs/Makefile
patching file fs/namei.c
patching file fs/splice.c
patching file fs/stack.c
patching file fs/super.c
patching file fs/unionfs/Kconfig
patching file fs/unionfs/Makefile
patching file fs/unionfs/commonfops.c
patching file fs/unionfs/copyup.c
patching file fs/unionfs/debug.c
patching file fs/unionfs/dentry.c
patching file fs/unionfs/dirfops.c
patching file fs/unionfs/dirhelper.c
patching file fs/unionfs/fanout.h
patching file fs/unionfs/file.c
patching file fs/unionfs/inode.c
patching file fs/unionfs/lookup.c
patching file fs/unionfs/main.c
patching file fs/unionfs/mmap.c
patching file fs/unionfs/rdstate.c
patching file fs/unionfs/rename.c
patching file fs/unionfs/sioq.c
patching file fs/unionfs/sioq.h
patching file fs/unionfs/subr.c
patching file fs/unionfs/super.c
patching file fs/unionfs/union.h
patching file fs/unionfs/unlink.c
patching file fs/unionfs/whiteout.c
patching file fs/unionfs/xattr.c
patching file include/linux/fs.h
patching file include/linux/fs_stack.h
patching file include/linux/magic.h
patching file include/linux/namei.h
patching file include/linux/splice.h
patching file include/linux/union_fs.h
patching file security/security.c
