../../source/atoppatch-kernel-2.6.33.tar.gz, not a patch file, skipping...
../../source/linux-2.6.33.20.tar.bz2, not a patch file, skipping...
Applying ../../source/unionfs-2.5.11_for_2.6.33.20.diff...
can't find file to patch at input line 5
Perhaps you used the wrong -p or --strip option?
The text leading up to this was:
--------------------------
|diff --git a/Documentation/filesystems/00-INDEX b/Documentation/filesystems/00-INDEX
|index 875d496..0a9acac 100644
|--- a/Documentation/filesystems/00-INDEX
|+++ b/Documentation/filesystems/00-INDEX
--------------------------
File to patch:
Skip this patch? [y]
Skipping patch.
1 out of 1 hunk ignored
The next patch would create the file Documentation/filesystems/unionfs/00-INDEX,
which already exists!  Skipping patch.
1 out of 1 hunk ignored -- saving rejects to file Documentation/filesystems/unionfs/00-INDEX.rej
The next patch would create the file Documentation/filesystems/unionfs/concepts.txt,
which already exists!  Skipping patch.
1 out of 1 hunk ignored -- saving rejects to file Documentation/filesystems/unionfs/concepts.txt.rej
The next patch would create the file Documentation/filesystems/unionfs/issues.txt,
which already exists!  Skipping patch.
1 out of 1 hunk ignored -- saving rejects to file Documentation/filesystems/unionfs/issues.txt.rej
The next patch would create the file Documentation/filesystems/unionfs/rename.txt,
which already exists!  Skipping patch.
1 out of 1 hunk ignored -- saving rejects to file Documentation/filesystems/unionfs/rename.txt.rej
The next patch would create the file Documentation/filesystems/unionfs/usage.txt,
which already exists!  Skipping patch.
1 out of 1 hunk ignored -- saving rejects to file Documentation/filesystems/unionfs/usage.txt.rej
can't find file to patch at input line 538
Perhaps you used the wrong -p or --strip option?
The text leading up to this was:
--------------------------
|diff --git a/MAINTAINERS b/MAINTAINERS
|index b612a1f..c0e7ef4 100644
|--- a/MAINTAINERS
|+++ b/MAINTAINERS
--------------------------
File to patch:
Skip this patch? [y]
Skipping patch.
1 out of 1 hunk ignored
can't find file to patch at input line 557
Perhaps you used the wrong -p or --strip option?
The text leading up to this was:
--------------------------
|diff --git a/fs/Kconfig b/fs/Kconfig
|index 64d44ef..b69e2f2 100644
|--- a/fs/Kconfig
|+++ b/fs/Kconfig
--------------------------
File to patch:
Skip this patch? [y]
Skipping patch.
1 out of 1 hunk ignored
can't find file to patch at input line 569
Perhaps you used the wrong -p or --strip option?
The text leading up to this was:
--------------------------
|diff --git a/fs/Makefile b/fs/Makefile
|index af6d047..6c254d5 100644
|--- a/fs/Makefile
|+++ b/fs/Makefile
--------------------------
File to patch:
Skip this patch? [y]
Skipping patch.
1 out of 1 hunk ignored
can't find file to patch at input line 581
Perhaps you used the wrong -p or --strip option?
The text leading up to this was:
--------------------------
|diff --git a/fs/namei.c b/fs/namei.c
|index a4855af..948c5e5 100644
|--- a/fs/namei.c
|+++ b/fs/namei.c
--------------------------
File to patch:
Skip this patch? [y]
Skipping patch.
1 out of 1 hunk ignored
can't find file to patch at input line 593
Perhaps you used the wrong -p or --strip option?
The text leading up to this was:
--------------------------
|diff --git a/fs/splice.c b/fs/splice.c
|index 03e4238..2f83398 100644
|--- a/fs/splice.c
|+++ b/fs/splice.c
--------------------------
File to patch:
Skip this patch? [y]
Skipping patch.
7 out of 7 hunks ignored
can't find file to patch at input line 672
Perhaps you used the wrong -p or --strip option?
The text leading up to this was:
--------------------------
|diff --git a/fs/stack.c b/fs/stack.c
|index 4a6f7f4..7eeef12 100644
|--- a/fs/stack.c
|+++ b/fs/stack.c
--------------------------
File to patch:
Skip this patch? [y]
Skipping patch.
1 out of 1 hunk ignored
can't find file to patch at input line 698
Perhaps you used the wrong -p or --strip option?
The text leading up to this was:
--------------------------
|diff --git a/fs/super.c b/fs/super.c
|index aff046b..ad6dc74 100644
|--- a/fs/super.c
|+++ b/fs/super.c
--------------------------
File to patch:
Skip this patch? [y]
Skipping patch.
1 out of 1 hunk ignored
The next patch would create the file fs/unionfs/Kconfig,
which already exists!  Skipping patch.
1 out of 1 hunk ignored -- saving rejects to file fs/unionfs/Kconfig.rej
The next patch would create the file fs/unionfs/Makefile,
which already exists!  Skipping patch.
1 out of 1 hunk ignored -- saving rejects to file fs/unionfs/Makefile.rej
The next patch would create the file fs/unionfs/commonfops.c,
which already exists!  Skipping patch.
1 out of 1 hunk ignored -- saving rejects to file fs/unionfs/commonfops.c.rej
The next patch would create the file fs/unionfs/copyup.c,
which already exists!  Skipping patch.
1 out of 1 hunk ignored -- saving rejects to file fs/unionfs/copyup.c.rej
The next patch would create the file fs/unionfs/debug.c,
which already exists!  Skipping patch.
1 out of 1 hunk ignored -- saving rejects to file fs/unionfs/debug.c.rej
The next patch would create the file fs/unionfs/dentry.c,
which already exists!  Skipping patch.
1 out of 1 hunk ignored -- saving rejects to file fs/unionfs/dentry.c.rej
The next patch would create the file fs/unionfs/dirfops.c,
which already exists!  Skipping patch.
1 out of 1 hunk ignored -- saving rejects to file fs/unionfs/dirfops.c.rej
The next patch would create the file fs/unionfs/dirhelper.c,
which already exists!  Skipping patch.
1 out of 1 hunk ignored -- saving rejects to file fs/unionfs/dirhelper.c.rej
The next patch would create the file fs/unionfs/fanout.h,
which already exists!  Skipping patch.
1 out of 1 hunk ignored -- saving rejects to file fs/unionfs/fanout.h.rej
The next patch would create the file fs/unionfs/file.c,
which already exists!  Skipping patch.
1 out of 1 hunk ignored -- saving rejects to file fs/unionfs/file.c.rej
The next patch would create the file fs/unionfs/inode.c,
which already exists!  Skipping patch.
1 out of 1 hunk ignored -- saving rejects to file fs/unionfs/inode.c.rej
The next patch would create the file fs/unionfs/lookup.c,
which already exists!  Skipping patch.
1 out of 1 hunk ignored -- saving rejects to file fs/unionfs/lookup.c.rej
The next patch would create the file fs/unionfs/main.c,
which already exists!  Skipping patch.
1 out of 1 hunk ignored -- saving rejects to file fs/unionfs/main.c.rej
The next patch would create the file fs/unionfs/mmap.c,
which already exists!  Skipping patch.
1 out of 1 hunk ignored -- saving rejects to file fs/unionfs/mmap.c.rej
The next patch would create the file fs/unionfs/rdstate.c,
which already exists!  Skipping patch.
1 out of 1 hunk ignored -- saving rejects to file fs/unionfs/rdstate.c.rej
The next patch would create the file fs/unionfs/rename.c,
which already exists!  Skipping patch.
1 out of 1 hunk ignored -- saving rejects to file fs/unionfs/rename.c.rej
The next patch would create the file fs/unionfs/sioq.c,
which already exists!  Skipping patch.
1 out of 1 hunk ignored -- saving rejects to file fs/unionfs/sioq.c.rej
The next patch would create the file fs/unionfs/sioq.h,
which already exists!  Skipping patch.
1 out of 1 hunk ignored -- saving rejects to file fs/unionfs/sioq.h.rej
The next patch would create the file fs/unionfs/subr.c,
which already exists!  Skipping patch.
1 out of 1 hunk ignored -- saving rejects to file fs/unionfs/subr.c.rej
The next patch would create the file fs/unionfs/super.c,
which already exists!  Skipping patch.
1 out of 1 hunk ignored -- saving rejects to file fs/unionfs/super.c.rej
The next patch would create the file fs/unionfs/union.h,
which already exists!  Skipping patch.
1 out of 1 hunk ignored -- saving rejects to file fs/unionfs/union.h.rej
The next patch would create the file fs/unionfs/unlink.c,
which already exists!  Skipping patch.
1 out of 1 hunk ignored -- saving rejects to file fs/unionfs/unlink.c.rej
The next patch would create the file fs/unionfs/whiteout.c,
which already exists!  Skipping patch.
1 out of 1 hunk ignored -- saving rejects to file fs/unionfs/whiteout.c.rej
The next patch would create the file fs/unionfs/xattr.c,
which already exists!  Skipping patch.
1 out of 1 hunk ignored -- saving rejects to file fs/unionfs/xattr.c.rej
can't find file to patch at input line 11211
Perhaps you used the wrong -p or --strip option?
The text leading up to this was:
--------------------------
|diff --git a/include/linux/fs.h b/include/linux/fs.h
|index d6b2ab5..3d28f79 100644
|--- a/include/linux/fs.h
|+++ b/include/linux/fs.h
--------------------------
File to patch:
Skip this patch? [y]
Skipping patch.
1 out of 1 hunk ignored
can't find file to patch at input line 11223
Perhaps you used the wrong -p or --strip option?
The text leading up to this was:
--------------------------
|diff --git a/include/linux/fs_stack.h b/include/linux/fs_stack.h
|index da317c7..64f1ced 100644
|--- a/include/linux/fs_stack.h
|+++ b/include/linux/fs_stack.h
--------------------------
File to patch:
Skip this patch? [y]
Skipping patch.
1 out of 1 hunk ignored
can't find file to patch at input line 11248
Perhaps you used the wrong -p or --strip option?
The text leading up to this was:
--------------------------
|diff --git a/include/linux/magic.h b/include/linux/magic.h
|index 76285e0..ff4f649 100644
|--- a/include/linux/magic.h
|+++ b/include/linux/magic.h
--------------------------
File to patch:
Skip this patch? [y]
Skipping patch.
1 out of 1 hunk ignored
can't find file to patch at input line 11261
Perhaps you used the wrong -p or --strip option?
The text leading up to this was:
--------------------------
|diff --git a/include/linux/namei.h b/include/linux/namei.h
|index 05b441d..dca6f9a 100644
|--- a/include/linux/namei.h
|+++ b/include/linux/namei.h
--------------------------
File to patch:
Skip this patch? [y]
Skipping patch.
1 out of 1 hunk ignored
can't find file to patch at input line 11273
Perhaps you used the wrong -p or --strip option?
The text leading up to this was:
--------------------------
|diff --git a/include/linux/splice.h b/include/linux/splice.h
|index 18e7c7c..af56841 100644
|--- a/include/linux/splice.h
|+++ b/include/linux/splice.h
--------------------------
File to patch:
Skip this patch? [y]
Skipping patch.
1 out of 1 hunk ignored
The next patch would create the file include/linux/union_fs.h,
which already exists!  Skipping patch.
1 out of 1 hunk ignored -- saving rejects to file include/linux/union_fs.h.rej
can't find file to patch at input line 11316
Perhaps you used the wrong -p or --strip option?
The text leading up to this was:
--------------------------
|diff --git a/security/security.c b/security/security.c
|index 122b748..a02aece 100644
|--- a/security/security.c
|+++ b/security/security.c
--------------------------
File to patch:
Skip this patch? [y]
Skipping patch.
1 out of 1 hunk ignored
