  CHK     include/linux/version.h
  UPD     include/linux/version.h
  CHK     include/generated/utsrelease.h
  UPD     include/generated/utsrelease.h
  CC      kernel/bounds.s
  GEN     include/generated/bounds.h
  CC      arch/x86/kernel/asm-offsets.s
  GEN     include/generated/asm-offsets.h
  CALL    scripts/checksyscalls.sh
  CC      scripts/mod/empty.o
  HOSTCC  scripts/mod/mk_elfconfig
  MKELF   scripts/mod/elfconfig.h
  HOSTCC  scripts/mod/file2alias.o
  HOSTCC  scripts/mod/modpost.o
  HOSTCC  scripts/mod/sumversion.o
  HOSTLD  scripts/mod/modpost
  HOSTCC  scripts/kallsyms
  HOSTCC  scripts/conmakehash
  HOSTCC  scripts/bin2c
  CC      init/main.o
  CHK     include/generated/compile.h
  UPD     include/generated/compile.h
  CC      init/version.o
  CC      init/do_mounts.o
  CC      init/do_mounts_rd.o
  CC      init/do_mounts_initrd.o
  LD      init/mounts.o
  CC      init/initramfs.o
  CC      init/calibrate.o
  LD      init/built-in.o
  HOSTCC  usr/gen_init_cpio
  GEN     usr/initramfs_data.cpio
  AS      usr/initramfs_data.o
  LD      usr/built-in.o
  LD      arch/x86/crypto/built-in.o
  CC      arch/x86/kernel/process_32.o
  CC      arch/x86/kernel/signal.o
  AS      arch/x86/kernel/entry_32.o
  CC      arch/x86/kernel/traps.o
  CC      arch/x86/kernel/irq.o
  CC      arch/x86/kernel/irq_32.o
  CC      arch/x86/kernel/dumpstack_32.o
  CC      arch/x86/kernel/time.o
  CC      arch/x86/kernel/ioport.o
  CC      arch/x86/kernel/ldt.o
  CC      arch/x86/kernel/dumpstack.o
  CC      arch/x86/kernel/setup.o
  CC      arch/x86/kernel/x86_init.o
  CC      arch/x86/kernel/i8259.o
  CC      arch/x86/kernel/irqinit.o
  CC      arch/x86/kernel/probe_roms_32.o
  CC      arch/x86/kernel/sys_i386_32.o
  CC      arch/x86/kernel/i386_ksyms_32.o
  CC      arch/x86/kernel/bootflag.o
  CC      arch/x86/kernel/e820.o
  CC      arch/x86/kernel/pci-dma.o
  CC      arch/x86/kernel/quirks.o
  CC      arch/x86/kernel/i8237.o
  CC      arch/x86/kernel/topology.o
  CC      arch/x86/kernel/kdebugfs.o
  CC      arch/x86/kernel/alternative.o
  CC      arch/x86/kernel/i8253.o
  CC      arch/x86/kernel/pci-nommu.o
  CC      arch/x86/kernel/hw_breakpoint.o
  CC      arch/x86/kernel/tsc.o
  CC      arch/x86/kernel/io_delay.o
  CC      arch/x86/kernel/rtc.o
  CC      arch/x86/kernel/trampoline.o
  CC      arch/x86/kernel/process.o
  CC      arch/x86/kernel/i387.o
  CC      arch/x86/kernel/xsave.o
  CC      arch/x86/kernel/ptrace.o
  CC      arch/x86/kernel/tls.o
  CC      arch/x86/kernel/step.o
  CC      arch/x86/kernel/acpi/boot.o
  CC      arch/x86/kernel/acpi/sleep.o
  LDS     arch/x86/kernel/acpi/realmode/wakeup.lds
  AS      arch/x86/kernel/acpi/realmode/wakeup.o
  CC      arch/x86/kernel/acpi/realmode/wakemain.o
  CC      arch/x86/kernel/acpi/realmode/video-mode.o
  AS      arch/x86/kernel/acpi/realmode/copy.o
  AS      arch/x86/kernel/acpi/realmode/bioscall.o
  CC      arch/x86/kernel/acpi/realmode/regs.o
  CC      arch/x86/kernel/acpi/realmode/video-vga.o
  CC      arch/x86/kernel/acpi/realmode/video-vesa.o
  CC      arch/x86/kernel/acpi/realmode/video-bios.o
  LD      arch/x86/kernel/acpi/realmode/wakeup.elf
  OBJCOPY arch/x86/kernel/acpi/realmode/wakeup.bin
  AS      arch/x86/kernel/acpi/wakeup_rm.o
  AS      arch/x86/kernel/acpi/wakeup_32.o
  CC      arch/x86/kernel/acpi/cstate.o
  LD      arch/x86/kernel/acpi/built-in.o
  CC      arch/x86/kernel/apic/apic.o
  CC      arch/x86/kernel/apic/apic_noop.o
  CC      arch/x86/kernel/apic/probe_32.o
  CC      arch/x86/kernel/apic/ipi.o
  CC      arch/x86/kernel/apic/nmi.o
  CC      arch/x86/kernel/apic/io_apic.o
  LD      arch/x86/kernel/apic/built-in.o
  CC      arch/x86/kernel/cpu/intel_cacheinfo.o
  CC      arch/x86/kernel/cpu/addon_cpuid_features.o
  CC      arch/x86/kernel/cpu/proc.o
  MKCAP   arch/x86/kernel/cpu/capflags.c
  CC      arch/x86/kernel/cpu/capflags.o
  CC      arch/x86/kernel/cpu/powerflags.o
  CC      arch/x86/kernel/cpu/common.o
  CC      arch/x86/kernel/cpu/vmware.o
  CC      arch/x86/kernel/cpu/hypervisor.o
  CC      arch/x86/kernel/cpu/sched.o
  CC      arch/x86/kernel/cpu/bugs.o
  CC      arch/x86/kernel/cpu/cmpxchg.o
  CC      arch/x86/kernel/cpu/intel.o
  CC      arch/x86/kernel/cpu/amd.o
  CC      arch/x86/kernel/cpu/cyrix.o
  CC      arch/x86/kernel/cpu/centaur.o
  CC      arch/x86/kernel/cpu/transmeta.o
  CC      arch/x86/kernel/cpu/umc.o
  CC      arch/x86/kernel/cpu/perf_event.o
  CC      arch/x86/kernel/cpu/mcheck/mce.o
  CC      arch/x86/kernel/cpu/mcheck/mce-severity.o
  CC      arch/x86/kernel/cpu/mcheck/mce_intel.o
  CC      arch/x86/kernel/cpu/mcheck/mce_amd.o
  CC      arch/x86/kernel/cpu/mcheck/threshold.o
  CC      arch/x86/kernel/cpu/mcheck/therm_throt.o
  LD      arch/x86/kernel/cpu/mcheck/built-in.o
  CC      arch/x86/kernel/cpu/mtrr/main.o
  CC      arch/x86/kernel/cpu/mtrr/if.o
  CC      arch/x86/kernel/cpu/mtrr/generic.o
  CC      arch/x86/kernel/cpu/mtrr/state.o
  CC      arch/x86/kernel/cpu/mtrr/cleanup.o
  CC      arch/x86/kernel/cpu/mtrr/amd.o
  CC      arch/x86/kernel/cpu/mtrr/cyrix.o
  CC      arch/x86/kernel/cpu/mtrr/centaur.o
  LD      arch/x86/kernel/cpu/mtrr/built-in.o
  CC      arch/x86/kernel/cpu/perfctr-watchdog.o
  LD      arch/x86/kernel/cpu/built-in.o
  CC      arch/x86/kernel/reboot.o
  CC      arch/x86/kernel/early-quirks.o
  CC      arch/x86/kernel/smp.o
  CC      arch/x86/kernel/smpboot.o
  CC      arch/x86/kernel/tsc_sync.o
  CC      arch/x86/kernel/setup_percpu.o
  AS      arch/x86/kernel/trampoline_32.o
  CC      arch/x86/kernel/mpparse.o
  CC      arch/x86/kernel/module.o
  CC      arch/x86/kernel/doublefault_32.o
  CC      arch/x86/kernel/vm86_32.o
  CC      arch/x86/kernel/early_printk.o
  CC      arch/x86/kernel/k8.o
  CC      arch/x86/kernel/kvm.o
  CC      arch/x86/kernel/kvmclock.o
  CC      arch/x86/kernel/paravirt.o
  CC      arch/x86/kernel/paravirt_patch_32.o
  CC      arch/x86/kernel/paravirt-spinlocks.o
  CC      arch/x86/kernel/pvclock.o
  CC      arch/x86/kernel/pcspeaker.o
  LD      arch/x86/kernel/built-in.o
  AS      arch/x86/kernel/head_32.o
  CC      arch/x86/kernel/head32.o
  CC      arch/x86/kernel/head.o
  CC      arch/x86/kernel/init_task.o
  LDS     arch/x86/kernel/vmlinux.lds
  CC [M]  arch/x86/kernel/microcode_core.o
  CC [M]  arch/x86/kernel/microcode_intel.o
  CC [M]  arch/x86/kernel/scx200_32.o
  LD [M]  arch/x86/kernel/scx200.o
  LD [M]  arch/x86/kernel/microcode.o
  LD      arch/x86/kvm/built-in.o
  CC [M]  arch/x86/kvm/svm.o
  CC [M]  arch/x86/kvm/vmx.o
  CC [M]  arch/x86/kvm/../../../virt/kvm/kvm_main.o
  CC [M]  arch/x86/kvm/../../../virt/kvm/ioapic.o
  CC [M]  arch/x86/kvm/../../../virt/kvm/coalesced_mmio.o
  CC [M]  arch/x86/kvm/../../../virt/kvm/irq_comm.o
  CC [M]  arch/x86/kvm/../../../virt/kvm/eventfd.o
  CC [M]  arch/x86/kvm/../../../virt/kvm/assigned-dev.o
  CC [M]  arch/x86/kvm/x86.o
  CC [M]  arch/x86/kvm/mmu.o
  CC [M]  arch/x86/kvm/emulate.o
  CC [M]  arch/x86/kvm/i8259.o
  CC [M]  arch/x86/kvm/irq.o
  CC [M]  arch/x86/kvm/lapic.o
  CC [M]  arch/x86/kvm/i8254.o
  CC [M]  arch/x86/kvm/timer.o
  LD [M]  arch/x86/kvm/kvm.o
  LD [M]  arch/x86/kvm/kvm-intel.o
  LD [M]  arch/x86/kvm/kvm-amd.o
  CC      arch/x86/mm/init.o
  CC      arch/x86/mm/init_32.o
  CC      arch/x86/mm/fault.o
  CC      arch/x86/mm/ioremap.o
  CC      arch/x86/mm/extable.o
  CC      arch/x86/mm/pageattr.o
  CC      arch/x86/mm/mmap.o
  CC      arch/x86/mm/pat.o
  CC      arch/x86/mm/pgtable.o
  CC      arch/x86/mm/physaddr.o
  CC      arch/x86/mm/gup.o
  CC      arch/x86/mm/setup_nx.o
  CC      arch/x86/mm/tlb.o
  CC      arch/x86/mm/pgtable_32.o
  CC      arch/x86/mm/iomap_32.o
  CC      arch/x86/mm/highmem_32.o
  LD      arch/x86/mm/built-in.o
  LDS     arch/x86/vdso/vdso32/vdso32.lds
  AS      arch/x86/vdso/vdso32/note.o
  AS      arch/x86/vdso/vdso32/int80.o
  VDSO    arch/x86/vdso/vdso32-int80.so.dbg
  OBJCOPY arch/x86/vdso/vdso32-int80.so
  AS      arch/x86/vdso/vdso32/sysenter.o
  VDSO    arch/x86/vdso/vdso32-sysenter.so.dbg
  OBJCOPY arch/x86/vdso/vdso32-sysenter.so
  AS      arch/x86/vdso/vdso32.o
  CC      arch/x86/vdso/vdso32-setup.o
  VDSOSYM arch/x86/vdso/vdso32-int80-syms.lds
  VDSOSYM arch/x86/vdso/vdso32-sysenter-syms.lds
  VDSOSYM arch/x86/vdso/vdso32-syms.lds
  LD      arch/x86/vdso/built-in.o
  CC      arch/x86/xen/enlighten.o
  CC      arch/x86/xen/setup.o
  CC      arch/x86/xen/multicalls.o
  CC      arch/x86/xen/mmu.o
  CC      arch/x86/xen/irq.o
  CC      arch/x86/xen/time.o
  AS      arch/x86/xen/xen-asm.o
  AS      arch/x86/xen/xen-asm_32.o
  CC      arch/x86/xen/grant-table.o
  CC      arch/x86/xen/suspend.o
  CC      arch/x86/xen/smp.o
  CC      arch/x86/xen/spinlock.o
  LD      arch/x86/xen/built-in.o
  LD      arch/x86/built-in.o
  CC      kernel/sched.o
  CC      kernel/fork.o
  CC      kernel/exec_domain.o
  CC      kernel/panic.o
  CC      kernel/printk.o
  CC      kernel/cpu.o
  CC      kernel/exit.o
  CC      kernel/itimer.o
  TIMEC   kernel/timeconst.h
  CC      kernel/time.o
  CC      kernel/softirq.o
  CC      kernel/resource.o
  CC      kernel/sysctl.o
  CC      kernel/sysctl_binary.o
  CC      kernel/capability.o
  CC      kernel/ptrace.o
  CC      kernel/timer.o
  CC      kernel/user.o
  CC      kernel/signal.o
  CC      kernel/sys.o
  CC      kernel/kmod.o
  CC      kernel/workqueue.o
  CC      kernel/pid.o
  CC      kernel/rcupdate.o
  CC      kernel/extable.o
  CC      kernel/params.o
  CC      kernel/posix-timers.o
  CC      kernel/kthread.o
  CC      kernel/wait.o
  CC      kernel/kfifo.o
  CC      kernel/sys_ni.o
  CC      kernel/posix-cpu-timers.o
  CC      kernel/mutex.o
  CC      kernel/hrtimer.o
  CC      kernel/rwsem.o
  CC      kernel/nsproxy.o
  CC      kernel/srcu.o
  CC      kernel/semaphore.o
  CC      kernel/notifier.o
  CC      kernel/ksysfs.o
  CC      kernel/pm_qos_params.o
  CC      kernel/sched_clock.o
  CC      kernel/cred.o
  CC      kernel/async.o
  CC      kernel/groups.o
  CC      kernel/freezer.o
  CC      kernel/irq/handle.o
  CC      kernel/irq/manage.o
  CC      kernel/irq/spurious.o
  CC      kernel/irq/resend.o
  CC      kernel/irq/chip.o
  CC      kernel/irq/devres.o
  CC      kernel/irq/autoprobe.o
  CC      kernel/irq/proc.o
  CC      kernel/irq/migration.o
  CC      kernel/irq/pm.o
  LD      kernel/irq/built-in.o
  CC      kernel/power/main.o
  CC      kernel/power/console.o
  CC      kernel/power/process.o
  CC      kernel/power/suspend.o
  LD      kernel/power/built-in.o
  CC      kernel/time/timekeeping.o
  CC      kernel/time/ntp.o
  CC      kernel/time/clocksource.o
  CC      kernel/time/jiffies.o
  CC      kernel/time/timer_list.o
  CC      kernel/time/timecompare.o
  CC      kernel/time/timeconv.o
  CC      kernel/time/clockevents.o
  CC      kernel/time/tick-common.o
  CC      kernel/time/tick-broadcast.o
  LD      kernel/time/built-in.o
  CC      kernel/futex.o
  CC      kernel/rtmutex.o
  CC      kernel/dma.o
  CC      kernel/smp.o
  CC      kernel/spinlock.o
  CC      kernel/uid16.o
  CC      kernel/module.o
  CC      kernel/kallsyms.o
  GZIP    kernel/config_data.gz
  IKCFG   kernel/config_data.h
  CC      kernel/configs.o
  CC      kernel/stop_machine.o
  CC      kernel/audit.o
  CC      kernel/auditfilter.o
  CC      kernel/audit_watch.o
  CC      kernel/auditsc.o
  CC      kernel/audit_tree.o
  CC      kernel/seccomp.o
  CC      kernel/rcutree.o
  CC      kernel/utsname_sysctl.o
  CC      kernel/sched_cpupri.o
  CC      kernel/perf_event.o
  CC      kernel/hw_breakpoint.o
  CC      kernel/user-return-notifier.o
  LD      kernel/built-in.o
  CC      mm/bootmem.o
  CC      mm/filemap.o
  CC      mm/mempool.o
  CC      mm/oom_kill.o
  CC      mm/fadvise.o
  CC      mm/maccess.o
  CC      mm/page_alloc.o
  CC      mm/page-writeback.o
  CC      mm/readahead.o
  CC      mm/swap.o
  CC      mm/truncate.o
  CC      mm/vmscan.o
  CC      mm/shmem.o
  CC      mm/prio_tree.o
  CC      mm/util.o
  CC      mm/mmzone.o
  CC      mm/vmstat.o
  CC      mm/backing-dev.o
  CC      mm/page_isolation.o
  CC      mm/mm_init.o
  CC      mm/mmu_context.o
  CC      mm/fremap.o
  CC      mm/highmem.o
  CC      mm/madvise.o
  CC      mm/memory.o
  CC      mm/mincore.o
  CC      mm/mlock.o
  CC      mm/mmap.o
  CC      mm/mprotect.o
  CC      mm/mremap.o
  CC      mm/msync.o
  CC      mm/rmap.o
  CC      mm/vmalloc.o
  CC      mm/pagewalk.o
  CC      mm/init-mm.o
  CC      mm/bounce.o
  CC      mm/page_io.o
  CC      mm/swap_state.o
  CC      mm/swapfile.o
  CC      mm/thrash.o
  CC      mm/dmapool.o
  CC      mm/mmu_notifier.o
  CC      mm/slab.o
  CC      mm/percpu.o
  LD      mm/built-in.o
  CC      fs/open.o
  CC      fs/read_write.o
  CC      fs/file_table.o
  CC      fs/super.o
  CC      fs/char_dev.o
  CC      fs/stat.o
  CC      fs/exec.o
  CC      fs/pipe.o
  CC      fs/namei.o
  CC      fs/fcntl.o
  CC      fs/ioctl.o
  CC      fs/readdir.o
  CC      fs/select.o
  CC      fs/fifo.o
  CC      fs/dcache.o
  CC      fs/inode.o
  CC      fs/attr.o
  CC      fs/bad_inode.o
  CC      fs/file.o
  CC      fs/filesystems.o
  CC      fs/namespace.o
  CC      fs/seq_file.o
  CC      fs/xattr.o
  CC      fs/libfs.o
  CC      fs/fs-writeback.o
  CC      fs/pnode.o
  CC      fs/drop_caches.o
  CC      fs/splice.o
  CC      fs/sync.o
  CC      fs/utimes.o
  CC      fs/stack.o
  CC      fs/fs_struct.o
  CC      fs/buffer.o
  CC      fs/bio.o
  CC      fs/block_dev.o
  CC      fs/direct-io.o
  CC      fs/mpage.o
  CC      fs/ioprio.o
  LD      fs/cramfs/built-in.o
  CC [M]  fs/cramfs/inode.o
  CC [M]  fs/cramfs/uncompress.o
  LD [M]  fs/cramfs/cramfs.o
  CC      fs/devpts/inode.o
  LD      fs/devpts/devpts.o
  LD      fs/devpts/built-in.o
  CC      fs/exportfs/expfs.o
  LD      fs/exportfs/exportfs.o
  LD      fs/exportfs/built-in.o
  CC      fs/ext2/balloc.o
  CC      fs/ext2/dir.o
  CC      fs/ext2/file.o
  CC      fs/ext2/ialloc.o
  CC      fs/ext2/inode.o
  CC      fs/ext2/ioctl.o
  CC      fs/ext2/namei.o
  CC      fs/ext2/super.o
  CC      fs/ext2/symlink.o
  LD      fs/ext2/ext2.o
  LD      fs/ext2/built-in.o
  CC      fs/ext3/balloc.o
  CC      fs/ext3/bitmap.o
  CC      fs/ext3/dir.o
  CC      fs/ext3/file.o
  CC      fs/ext3/fsync.o
  CC      fs/ext3/ialloc.o
  CC      fs/ext3/inode.o
  CC      fs/ext3/ioctl.o
  CC      fs/ext3/namei.o
  CC      fs/ext3/super.o
  CC      fs/ext3/symlink.o
  CC      fs/ext3/hash.o
  CC      fs/ext3/resize.o
  CC      fs/ext3/ext3_jbd.o
  CC      fs/ext3/xattr.o
  CC      fs/ext3/xattr_user.o
  CC      fs/ext3/xattr_trusted.o
  CC      fs/ext3/acl.o
  LD      fs/ext3/ext3.o
  LD      fs/ext3/built-in.o
  CC      fs/fat/cache.o
  CC      fs/fat/dir.o
  CC      fs/fat/fatent.o
  CC      fs/fat/file.o
  CC      fs/fat/inode.o
  CC      fs/fat/misc.o
  CC      fs/fat/namei_msdos.o
  CC      fs/fat/namei_vfat.o
  LD      fs/fat/fat.o
  LD      fs/fat/vfat.o
  LD      fs/fat/msdos.o
  LD      fs/fat/built-in.o
  LD      fs/fuse/built-in.o
  CC [M]  fs/fuse/dev.o
  CC [M]  fs/fuse/dir.o
  CC [M]  fs/fuse/file.o
  CC [M]  fs/fuse/inode.o
  CC [M]  fs/fuse/control.o
  LD [M]  fs/fuse/fuse.o
  LD      fs/isofs/built-in.o
  CC [M]  fs/isofs/namei.o
  CC [M]  fs/isofs/inode.o
  CC [M]  fs/isofs/dir.o
  CC [M]  fs/isofs/util.o
  CC [M]  fs/isofs/rock.o
  CC [M]  fs/isofs/export.o
  CC [M]  fs/isofs/joliet.o
  LD [M]  fs/isofs/isofs.o
  CC      fs/jbd/transaction.o
  CC      fs/jbd/commit.o
  CC      fs/jbd/recovery.o
  CC      fs/jbd/checkpoint.o
  CC      fs/jbd/revoke.o
  CC      fs/jbd/journal.o
  LD      fs/jbd/jbd.o
  LD      fs/jbd/built-in.o
  CC      fs/lockd/clntlock.o
  CC      fs/lockd/clntproc.o
  CC      fs/lockd/host.o
  CC      fs/lockd/svc.o
  CC      fs/lockd/svclock.o
  CC      fs/lockd/svcshare.o
  CC      fs/lockd/svcproc.o
  CC      fs/lockd/svcsubs.o
  CC      fs/lockd/mon.o
  CC      fs/lockd/xdr.o
  CC      fs/lockd/grace.o
  CC      fs/lockd/xdr4.o
  CC      fs/lockd/svc4proc.o
  LD      fs/lockd/lockd.o
  LD      fs/lockd/built-in.o
  CC      fs/nfs/client.o
  CC      fs/nfs/dir.o
  CC      fs/nfs/file.o
  CC      fs/nfs/getroot.o
  CC      fs/nfs/inode.o
  CC      fs/nfs/super.o
  CC      fs/nfs/nfs2xdr.o
  CC      fs/nfs/direct.o
  CC      fs/nfs/pagelist.o
  CC      fs/nfs/proc.o
  CC      fs/nfs/read.o
  CC      fs/nfs/symlink.o
  CC      fs/nfs/unlink.o
  CC      fs/nfs/write.o
  CC      fs/nfs/namespace.o
  CC      fs/nfs/mount_clnt.o
  CC      fs/nfs/dns_resolve.o
  CC      fs/nfs/cache_lib.o
  CC      fs/nfs/nfsroot.o
  CC      fs/nfs/nfs3proc.o
  CC      fs/nfs/nfs3xdr.o
  CC      fs/nfs/nfs3acl.o
  CC      fs/nfs/sysctl.o
  LD      fs/nfs/nfs.o
  LD      fs/nfs/built-in.o
  CC      fs/nfs_common/nfsacl.o
  LD      fs/nfs_common/nfs_acl.o
  LD      fs/nfs_common/built-in.o
  LD      fs/nfsd/built-in.o
  CC [M]  fs/nfsd/nfssvc.o
  CC [M]  fs/nfsd/nfsctl.o
  CC [M]  fs/nfsd/nfsproc.o
  CC [M]  fs/nfsd/nfsfh.o
  CC [M]  fs/nfsd/vfs.o
  CC [M]  fs/nfsd/export.o
  CC [M]  fs/nfsd/auth.o
  CC [M]  fs/nfsd/lockd.o
  CC [M]  fs/nfsd/nfscache.o
  CC [M]  fs/nfsd/nfsxdr.o
  CC [M]  fs/nfsd/stats.o
  CC [M]  fs/nfsd/nfs2acl.o
  CC [M]  fs/nfsd/nfs3proc.o
  CC [M]  fs/nfsd/nfs3xdr.o
  CC [M]  fs/nfsd/nfs3acl.o
  LD [M]  fs/nfsd/nfsd.o
  CC      fs/nls/nls_base.o
  LD      fs/nls/built-in.o
  CC [M]  fs/nls/nls_cp437.o
  CC [M]  fs/nls/nls_iso8859-1.o
  CC [M]  fs/nls/nls_utf8.o
  CC      fs/notify/fsnotify.o
  CC      fs/notify/notification.o
  CC      fs/notify/group.o
  CC      fs/notify/inode_mark.o
  CC      fs/notify/dnotify/dnotify.o
  LD      fs/notify/dnotify/built-in.o
  CC      fs/notify/inotify/inotify.o
  CC      fs/notify/inotify/inotify_fsnotify.o
  CC      fs/notify/inotify/inotify_user.o
  LD      fs/notify/inotify/built-in.o
  LD      fs/notify/built-in.o
  CC      fs/partitions/check.o
  CC      fs/partitions/msdos.o
  LD      fs/partitions/built-in.o
  CC      fs/proc/mmu.o
  CC      fs/proc/task_mmu.o
  CC      fs/proc/inode.o
  CC      fs/proc/root.o
  CC      fs/proc/base.o
  CC      fs/proc/generic.o
  CC      fs/proc/array.o
  CC      fs/proc/proc_tty.o
  CC      fs/proc/cmdline.o
  CC      fs/proc/cpuinfo.o
  CC      fs/proc/devices.o
  CC      fs/proc/interrupts.o
  CC      fs/proc/loadavg.o
  CC      fs/proc/meminfo.o
  CC      fs/proc/stat.o
  CC      fs/proc/uptime.o
  CC      fs/proc/version.o
  CC      fs/proc/softirqs.o
  CC      fs/proc/proc_sysctl.o
  CC      fs/proc/proc_net.o
  CC      fs/proc/kcore.o
  CC      fs/proc/kmsg.o
  CC      fs/proc/page.o
  LD      fs/proc/proc.o
  LD      fs/proc/built-in.o
  CC      fs/quota/quota.o
  LD      fs/quota/built-in.o
  CC      fs/ramfs/inode.o
  CC      fs/ramfs/file-mmu.o
  LD      fs/ramfs/ramfs.o
  LD      fs/ramfs/built-in.o
  CC      fs/romfs/storage.o
  CC      fs/romfs/super.o
  LD      fs/romfs/romfs.o
  LD      fs/romfs/built-in.o
  CC      fs/sysfs/inode.o
  CC      fs/sysfs/file.o
  CC      fs/sysfs/dir.o
  CC      fs/sysfs/symlink.o
  CC      fs/sysfs/mount.o
  CC      fs/sysfs/bin.o
  CC      fs/sysfs/group.o
  LD      fs/sysfs/built-in.o
  LD      fs/udf/built-in.o
  CC [M]  fs/udf/balloc.o
  CC [M]  fs/udf/dir.o
  CC [M]  fs/udf/file.o
  CC [M]  fs/udf/ialloc.o
  CC [M]  fs/udf/inode.o
  CC [M]  fs/udf/lowlevel.o
  CC [M]  fs/udf/namei.o
  CC [M]  fs/udf/partition.o
  CC [M]  fs/udf/super.o
  CC [M]  fs/udf/truncate.o
  CC [M]  fs/udf/symlink.o
  CC [M]  fs/udf/directory.o
  CC [M]  fs/udf/misc.o
  CC [M]  fs/udf/udftime.o
  CC [M]  fs/udf/unicode.o
  LD [M]  fs/udf/udf.o
  LD      fs/unionfs/built-in.o
  CC [M]  fs/unionfs/subr.o
  CC [M]  fs/unionfs/dentry.o
  CC [M]  fs/unionfs/file.o
  CC [M]  fs/unionfs/inode.o
  CC [M]  fs/unionfs/main.o
  CC [M]  fs/unionfs/super.o
  CC [M]  fs/unionfs/rdstate.o
  CC [M]  fs/unionfs/copyup.o
  CC [M]  fs/unionfs/dirhelper.o
  CC [M]  fs/unionfs/rename.o
  CC [M]  fs/unionfs/unlink.o
  CC [M]  fs/unionfs/lookup.o
  CC [M]  fs/unionfs/commonfops.o
  CC [M]  fs/unionfs/dirfops.o
  CC [M]  fs/unionfs/sioq.o
  CC [M]  fs/unionfs/mmap.o
  CC [M]  fs/unionfs/whiteout.o
  CC [M]  fs/unionfs/xattr.o
  LD [M]  fs/unionfs/unionfs.o
  CC      fs/xfs/linux-2.6/xfs_trace.o
  CC      fs/xfs/quota/xfs_dquot.o
  CC      fs/xfs/quota/xfs_dquot_item.o
  CC      fs/xfs/quota/xfs_trans_dquot.o
  CC      fs/xfs/quota/xfs_qm_syscalls.o
  CC      fs/xfs/quota/xfs_qm_bhv.o
  CC      fs/xfs/quota/xfs_qm.o
  CC      fs/xfs/linux-2.6/xfs_quotaops.o
  CC      fs/xfs/quota/xfs_qm_stats.o
  CC      fs/xfs/linux-2.6/xfs_acl.o
  CC      fs/xfs/linux-2.6/xfs_stats.o
  CC      fs/xfs/linux-2.6/xfs_sysctl.o
  CC      fs/xfs/xfs_alloc.o
  CC      fs/xfs/xfs_alloc_btree.o
  CC      fs/xfs/xfs_attr.o
  CC      fs/xfs/xfs_attr_leaf.o
  CC      fs/xfs/xfs_bit.o
  CC      fs/xfs/xfs_bmap.o
  CC      fs/xfs/xfs_bmap_btree.o
  CC      fs/xfs/xfs_btree.o
  CC      fs/xfs/xfs_buf_item.o
  CC      fs/xfs/xfs_da_btree.o
  CC      fs/xfs/xfs_dir2.o
  CC      fs/xfs/xfs_dir2_block.o
  CC      fs/xfs/xfs_dir2_data.o
  CC      fs/xfs/xfs_dir2_leaf.o
  CC      fs/xfs/xfs_dir2_node.o
  CC      fs/xfs/xfs_dir2_sf.o
  CC      fs/xfs/xfs_error.o
  CC      fs/xfs/xfs_extfree_item.o
  CC      fs/xfs/xfs_filestream.o
  CC      fs/xfs/xfs_fsops.o
  CC      fs/xfs/xfs_ialloc.o
  CC      fs/xfs/xfs_ialloc_btree.o
  CC      fs/xfs/xfs_iget.o
  CC      fs/xfs/xfs_inode.o
  CC      fs/xfs/xfs_inode_item.o
  CC      fs/xfs/xfs_iomap.o
  CC      fs/xfs/xfs_itable.o
  CC      fs/xfs/xfs_dfrag.o
  CC      fs/xfs/xfs_log.o
  CC      fs/xfs/xfs_log_recover.o
  CC      fs/xfs/xfs_mount.o
  CC      fs/xfs/xfs_mru_cache.o
  CC      fs/xfs/xfs_rename.o
  CC      fs/xfs/xfs_trans.o
  CC      fs/xfs/xfs_trans_ail.o
  CC      fs/xfs/xfs_trans_buf.o
  CC      fs/xfs/xfs_trans_extfree.o
  CC      fs/xfs/xfs_trans_inode.o
  CC      fs/xfs/xfs_trans_item.o
  CC      fs/xfs/xfs_utils.o
  CC      fs/xfs/xfs_vnodeops.o
  CC      fs/xfs/xfs_rw.o
  CC      fs/xfs/xfs_dmops.o
  CC      fs/xfs/linux-2.6/kmem.o
  CC      fs/xfs/linux-2.6/xfs_aops.o
  CC      fs/xfs/linux-2.6/xfs_buf.o
  CC      fs/xfs/linux-2.6/xfs_export.o
  CC      fs/xfs/linux-2.6/xfs_file.o
  CC      fs/xfs/linux-2.6/xfs_fs_subr.o
  CC      fs/xfs/linux-2.6/xfs_globals.o
  CC      fs/xfs/linux-2.6/xfs_ioctl.o
  CC      fs/xfs/linux-2.6/xfs_iops.o
  CC      fs/xfs/linux-2.6/xfs_lrw.o
  CC      fs/xfs/linux-2.6/xfs_super.o
  CC      fs/xfs/linux-2.6/xfs_sync.o
  CC      fs/xfs/linux-2.6/xfs_xattr.o
  CC      fs/xfs/support/debug.o
  CC      fs/xfs/support/uuid.o
  LD      fs/xfs/xfs.o
  LD      fs/xfs/built-in.o
  CC      fs/eventpoll.o
  CC      fs/anon_inodes.o
  CC      fs/signalfd.o
  CC      fs/timerfd.o
  CC      fs/eventfd.o
  CC      fs/aio.o
  CC      fs/locks.o
  CC      fs/nfsctl.o
  CC      fs/binfmt_misc.o
  CC      fs/binfmt_script.o
  CC      fs/binfmt_elf.o
  CC      fs/mbcache.o
  CC      fs/posix_acl.o
  CC      fs/xattr_acl.o
  LD      fs/built-in.o
  CC      ipc/util.o
  CC      ipc/msgutil.o
  CC      ipc/msg.o
  CC      ipc/sem.o
  CC      ipc/shm.o
  CC      ipc/ipcns_notifier.o
  CC      ipc/ipc_sysctl.o
  LD      ipc/built-in.o
  CC      security/commoncap.o
  CC      security/min_addr.o
  CC      security/lsm_audit.o
  LD      security/built-in.o
  CC      crypto/api.o
  CC      crypto/cipher.o
  CC      crypto/compress.o
  LD      crypto/crypto.o
  LD      crypto/built-in.o
  CC [M]  crypto/crypto_wq.o
  CC [M]  crypto/algapi.o
  CC [M]  crypto/scatterwalk.o
  CC [M]  crypto/proc.o
  CC [M]  crypto/ablkcipher.o
  CC [M]  crypto/blkcipher.o
  CC [M]  crypto/ahash.o
  CC [M]  crypto/shash.o
  CC [M]  crypto/algboss.o
  CC [M]  crypto/testmgr.o
  LD [M]  crypto/crypto_algapi.o
  CC [M]  crypto/aead.o
  LD [M]  crypto/crypto_blkcipher.o
  CC [M]  crypto/chainiv.o
  CC [M]  crypto/eseqiv.o
  LD [M]  crypto/crypto_hash.o
  CC [M]  crypto/pcompress.o
  LD [M]  crypto/cryptomgr.o
  CC [M]  crypto/hmac.o
  CC [M]  crypto/md5.o
  CC [M]  crypto/sha1_generic.o
  CC [M]  crypto/sha256_generic.o
  CC [M]  crypto/sha512_generic.o
  CC [M]  crypto/des_generic.o
  CC [M]  crypto/blowfish.o
  CC [M]  crypto/aes_generic.o
  CC [M]  crypto/deflate.o
  CC [M]  crypto/crc32c.o
  CC [M]  crypto/rng.o
  CC [M]  crypto/krng.o
  CC [M]  crypto/ansi_cprng.o
  CC [M]  crypto/xor.o
  LD      crypto/async_tx/built-in.o
  CC [M]  crypto/async_tx/async_tx.o
  CC [M]  crypto/async_tx/async_memcpy.o
  CC [M]  crypto/async_tx/async_xor.o
  CC [M]  crypto/async_tx/async_pq.o
  CC [M]  crypto/async_tx/async_raid6_recov.o
  CC      block/elevator.o
  CC      block/blk-core.o
  CC      block/blk-tag.o
  CC      block/blk-sysfs.o
  CC      block/blk-barrier.o
  CC      block/blk-settings.o
  CC      block/blk-ioc.o
  CC      block/blk-map.o
  CC      block/blk-exec.o
  CC      block/blk-merge.o
  CC      block/blk-softirq.o
  CC      block/blk-timeout.o
  CC      block/blk-iopoll.o
  CC      block/ioctl.o
  CC      block/genhd.o
  CC      block/scsi_ioctl.o
  CC      block/bsg.o
  CC      block/noop-iosched.o
  CC      block/deadline-iosched.o
  CC      block/cfq-iosched.o
  LD      block/built-in.o
  CC      drivers/acpi/tables.o
  CC      drivers/acpi/blacklist.o
  CC      drivers/acpi/osl.o
  CC      drivers/acpi/utils.o
  CC      drivers/acpi/reboot.o
  CC      drivers/acpi/hest.o
  CC      drivers/acpi/wakeup.o
  CC      drivers/acpi/sleep.o
  CC      drivers/acpi/proc.o
  CC      drivers/acpi/bus.o
  CC      drivers/acpi/glue.o
  CC      drivers/acpi/scan.o
  CC      drivers/acpi/processor_pdc.o
  CC      drivers/acpi/ec.o
  CC      drivers/acpi/pci_root.o
  CC      drivers/acpi/pci_link.o
  CC      drivers/acpi/pci_irq.o
  CC      drivers/acpi/pci_bind.o
  CC      drivers/acpi/power.o
  CC      drivers/acpi/system.o
  CC      drivers/acpi/event.o
  CC      drivers/acpi/cm_sbs.o
  LD      drivers/acpi/acpi.o
  CC      drivers/acpi/acpica/dsfield.o
  CC      drivers/acpi/acpica/dsmthdat.o
  CC      drivers/acpi/acpica/dsopcode.o
  CC      drivers/acpi/acpica/dswexec.o
  CC      drivers/acpi/acpica/dswscope.o
  CC      drivers/acpi/acpica/dsmethod.o
  CC      drivers/acpi/acpica/dsobject.o
  CC      drivers/acpi/acpica/dsutils.o
  CC      drivers/acpi/acpica/dswload.o
  CC      drivers/acpi/acpica/dswstate.o
  CC      drivers/acpi/acpica/dsinit.o
  CC      drivers/acpi/acpica/evevent.o
  CC      drivers/acpi/acpica/evregion.o
  CC      drivers/acpi/acpica/evsci.o
  CC      drivers/acpi/acpica/evxfevnt.o
  CC      drivers/acpi/acpica/evmisc.o
  CC      drivers/acpi/acpica/evrgnini.o
  CC      drivers/acpi/acpica/evxface.o
  CC      drivers/acpi/acpica/evxfregn.o
  CC      drivers/acpi/acpica/evgpe.o
  CC      drivers/acpi/acpica/evgpeblk.o
  CC      drivers/acpi/acpica/exconfig.o
  CC      drivers/acpi/acpica/exfield.o
  CC      drivers/acpi/acpica/exnames.o
  CC      drivers/acpi/acpica/exoparg6.o
  CC      drivers/acpi/acpica/exresolv.o
  CC      drivers/acpi/acpica/exstorob.o
  CC      drivers/acpi/acpica/exconvrt.o
  CC      drivers/acpi/acpica/exfldio.o
  CC      drivers/acpi/acpica/exoparg1.o
  CC      drivers/acpi/acpica/exprep.o
  CC      drivers/acpi/acpica/exresop.o
  CC      drivers/acpi/acpica/exsystem.o
  CC      drivers/acpi/acpica/excreate.o
  CC      drivers/acpi/acpica/exmisc.o
  CC      drivers/acpi/acpica/exoparg2.o
  CC      drivers/acpi/acpica/exregion.o
  CC      drivers/acpi/acpica/exstore.o
  CC      drivers/acpi/acpica/exutils.o
  CC      drivers/acpi/acpica/exdump.o
  CC      drivers/acpi/acpica/exmutex.o
  CC      drivers/acpi/acpica/exoparg3.o
  CC      drivers/acpi/acpica/exresnte.o
  CC      drivers/acpi/acpica/exstoren.o
  CC      drivers/acpi/acpica/hwacpi.o
  CC      drivers/acpi/acpica/hwgpe.o
  CC      drivers/acpi/acpica/hwregs.o
  CC      drivers/acpi/acpica/hwsleep.o
  CC      drivers/acpi/acpica/hwxface.o
  CC      drivers/acpi/acpica/hwvalid.o
  CC      drivers/acpi/acpica/nsaccess.o
  CC      drivers/acpi/acpica/nsload.o
  CC      drivers/acpi/acpica/nssearch.o
  CC      drivers/acpi/acpica/nsxfeval.o
  CC      drivers/acpi/acpica/nsalloc.o
  CC      drivers/acpi/acpica/nseval.o
  CC      drivers/acpi/acpica/nsnames.o
  CC      drivers/acpi/acpica/nsutils.o
  CC      drivers/acpi/acpica/nsxfname.o
  CC      drivers/acpi/acpica/nsdump.o
  CC      drivers/acpi/acpica/nsinit.o
  CC      drivers/acpi/acpica/nsobject.o
  CC      drivers/acpi/acpica/nswalk.o
  CC      drivers/acpi/acpica/nsxfobj.o
  CC      drivers/acpi/acpica/nsparse.o
  CC      drivers/acpi/acpica/nspredef.o
  CC      drivers/acpi/acpica/nsrepair.o
  CC      drivers/acpi/acpica/nsrepair2.o
  CC      drivers/acpi/acpica/psargs.o
  CC      drivers/acpi/acpica/psparse.o
  CC      drivers/acpi/acpica/psloop.o
  CC      drivers/acpi/acpica/pstree.o
  CC      drivers/acpi/acpica/pswalk.o
  CC      drivers/acpi/acpica/psopcode.o
  CC      drivers/acpi/acpica/psscope.o
  CC      drivers/acpi/acpica/psutils.o
  CC      drivers/acpi/acpica/psxface.o
  CC      drivers/acpi/acpica/rsaddr.o
  CC      drivers/acpi/acpica/rscreate.o
  CC      drivers/acpi/acpica/rsinfo.o
  CC      drivers/acpi/acpica/rsio.o
  CC      drivers/acpi/acpica/rslist.o
  CC      drivers/acpi/acpica/rsmisc.o
  CC      drivers/acpi/acpica/rsxface.o
  CC      drivers/acpi/acpica/rscalc.o
  CC      drivers/acpi/acpica/rsirq.o
  CC      drivers/acpi/acpica/rsmemory.o
  CC      drivers/acpi/acpica/rsutils.o
  CC      drivers/acpi/acpica/tbxface.o
  CC      drivers/acpi/acpica/tbinstal.o
  CC      drivers/acpi/acpica/tbutils.o
  CC      drivers/acpi/acpica/tbfind.o
  CC      drivers/acpi/acpica/tbfadt.o
  CC      drivers/acpi/acpica/tbxfroot.o
  CC      drivers/acpi/acpica/utalloc.o
  CC      drivers/acpi/acpica/utdebug.o
  CC      drivers/acpi/acpica/uteval.o
  CC      drivers/acpi/acpica/utinit.o
  CC      drivers/acpi/acpica/utmisc.o
  CC      drivers/acpi/acpica/utxface.o
  CC      drivers/acpi/acpica/utcopy.o
  CC      drivers/acpi/acpica/utdelete.o
  CC      drivers/acpi/acpica/utglobal.o
  CC      drivers/acpi/acpica/utmath.o
  CC      drivers/acpi/acpica/utobject.o
  CC      drivers/acpi/acpica/utstate.o
  CC      drivers/acpi/acpica/utmutex.o
  CC      drivers/acpi/acpica/utresrc.o
  CC      drivers/acpi/acpica/utlock.o
  CC      drivers/acpi/acpica/utids.o
  LD      drivers/acpi/acpica/acpi.o
  LD      drivers/acpi/acpica/built-in.o
  LD      drivers/acpi/built-in.o
  CC [M]  drivers/acpi/button.o
  CC [M]  drivers/acpi/fan.o
  CC [M]  drivers/acpi/processor_core.o
  CC [M]  drivers/acpi/processor_throttling.o
  CC [M]  drivers/acpi/processor_idle.o
  CC [M]  drivers/acpi/processor_thermal.o
  LD [M]  drivers/acpi/processor.o
  CC [M]  drivers/acpi/container.o
  CC [M]  drivers/acpi/thermal.o
  CC      drivers/ata/libata-core.o
  CC      drivers/ata/libata-scsi.o
  CC      drivers/ata/libata-eh.o
  CC      drivers/ata/libata-sff.o
  CC      drivers/ata/libata-pmp.o
  CC      drivers/ata/libata-acpi.o
  LD      drivers/ata/libata.o
  CC      drivers/ata/ahci.o
  CC      drivers/ata/pata_via.o
  LD      drivers/ata/built-in.o
  CC [M]  drivers/ata/sata_svw.o
  CC [M]  drivers/ata/sata_via.o
  CC [M]  drivers/ata/sata_nv.o
  LD      drivers/auxdisplay/built-in.o
  CC      drivers/base/core.o
  CC      drivers/base/sys.o
  CC      drivers/base/bus.o
  CC      drivers/base/dd.o
  CC      drivers/base/driver.o
  CC      drivers/base/class.o
  CC      drivers/base/platform.o
  CC      drivers/base/cpu.o
  CC      drivers/base/firmware.o
  CC      drivers/base/init.o
  CC      drivers/base/map.o
  CC      drivers/base/devres.o
  CC      drivers/base/attribute_container.o
  CC      drivers/base/transport_class.o
  CC      drivers/base/power/sysfs.o
  CC      drivers/base/power/main.o
  LD      drivers/base/power/built-in.o
  CC      drivers/base/dma-mapping.o
  CC      drivers/base/dma-coherent.o
  CC      drivers/base/firmware_class.o
  CC      drivers/base/topology.o
  CC      drivers/base/module.o
  CC      drivers/base/hypervisor.o
  LD      drivers/base/built-in.o
  CC      drivers/block/floppy.o
  CC      drivers/block/brd.o
  CC      drivers/block/loop.o
  CC      drivers/block/xen-blkfront.o
  LD      drivers/block/built-in.o
  CC [M]  drivers/block/nbd.o
  LD      drivers/cdrom/built-in.o
  CC [M]  drivers/cdrom/cdrom.o
  CC      drivers/char/mem.o
  CC      drivers/char/random.o
  CC      drivers/char/tty_io.o
  CC      drivers/char/n_tty.o
  CC      drivers/char/tty_ioctl.o
  CC      drivers/char/tty_ldisc.o
  CC      drivers/char/tty_buffer.o
  CC      drivers/char/tty_port.o
  CC      drivers/char/pty.o
  CC      drivers/char/misc.o
  CC      drivers/char/vt_ioctl.o
  CC      drivers/char/vc_screen.o
  CC      drivers/char/selection.o
  CC      drivers/char/keyboard.o
  CC      drivers/char/consolemap.o
  CONMK   drivers/char/consolemap_deftbl.c
  CC      drivers/char/consolemap_deftbl.o
  CC      drivers/char/vt.o
  SHIPPED drivers/char/defkeymap.c
  CC      drivers/char/defkeymap.o
  CC      drivers/char/tty_audit.o
  CC      drivers/char/hvc_console.o
  CC      drivers/char/hvc_irq.o
  CC      drivers/char/hvc_xen.o
  CC      drivers/char/genrtc.o
  LD      drivers/char/built-in.o
  CC [M]  drivers/char/scx200_gpio.o
  CC [M]  drivers/char/nsc_gpio.o
  LD      drivers/char/ipmi/built-in.o
  CC [M]  drivers/char/ipmi/ipmi_msghandler.o
  CC [M]  drivers/char/ipmi/ipmi_devintf.o
  CC [M]  drivers/char/ipmi/ipmi_si_intf.o
  CC [M]  drivers/char/ipmi/ipmi_kcs_sm.o
  CC [M]  drivers/char/ipmi/ipmi_smic_sm.o
  CC [M]  drivers/char/ipmi/ipmi_bt_sm.o
  LD [M]  drivers/char/ipmi/ipmi_si.o
  CC [M]  drivers/char/ipmi/ipmi_watchdog.o
  CC [M]  drivers/char/ipmi/ipmi_poweroff.o
  CC      drivers/clocksource/acpi_pm.o
  LD      drivers/clocksource/built-in.o
  CC [M]  drivers/clocksource/scx200_hrt.o
  CC      drivers/cpuidle/cpuidle.o
  CC      drivers/cpuidle/driver.o
  CC      drivers/cpuidle/governor.o
  CC      drivers/cpuidle/sysfs.o
  CC      drivers/cpuidle/governors/ladder.o
  LD      drivers/cpuidle/governors/built-in.o
  LD      drivers/cpuidle/built-in.o
  LD      drivers/crypto/built-in.o
  CC      drivers/firmware/dmi_scan.o
  CC      drivers/firmware/dmi-id.o
  CC      drivers/firmware/memmap.o
  LD      drivers/firmware/built-in.o
  LD      drivers/gpio/built-in.o
  LD      drivers/gpu/drm/i2c/built-in.o
  LD      drivers/gpu/drm/built-in.o
  CC      drivers/gpu/vga/vgaarb.o
  LD      drivers/gpu/vga/built-in.o
  LD      drivers/gpu/built-in.o
  CC      drivers/hid/hid-core.o
  CC      drivers/hid/hid-input.o
  LD      drivers/hid/hid.o
  LD      drivers/hid/built-in.o
  CC [M]  drivers/hid/hid-a4tech.o
  CC [M]  drivers/hid/hid-apple.o
  CC [M]  drivers/hid/hid-belkin.o
  CC [M]  drivers/hid/hid-cherry.o
  CC [M]  drivers/hid/hid-chicony.o
  CC [M]  drivers/hid/hid-cypress.o
  CC [M]  drivers/hid/hid-drff.o
  CC [M]  drivers/hid/hid-ezkey.o
  CC [M]  drivers/hid/hid-gyration.o
  CC [M]  drivers/hid/hid-kensington.o
  CC [M]  drivers/hid/hid-kye.o
  CC [M]  drivers/hid/hid-lg.o
  LD [M]  drivers/hid/hid-logitech.o
  CC [M]  drivers/hid/hid-microsoft.o
  CC [M]  drivers/hid/hid-monterey.o
  CC [M]  drivers/hid/hid-ntrig.o
  CC [M]  drivers/hid/hid-pl.o
  CC [M]  drivers/hid/hid-petalynx.o
  CC [M]  drivers/hid/hid-samsung.o
  CC [M]  drivers/hid/hid-sjoy.o
  CC [M]  drivers/hid/hid-sony.o
  CC [M]  drivers/hid/hid-sunplus.o
  CC [M]  drivers/hid/hid-gaff.o
  CC [M]  drivers/hid/hid-tmff.o
  CC [M]  drivers/hid/hid-topseed.o
  CC [M]  drivers/hid/hid-twinhan.o
  CC [M]  drivers/hid/hid-zpff.o
  LD      drivers/hid/usbhid/built-in.o
  CC [M]  drivers/hid/usbhid/hid-core.o
  CC [M]  drivers/hid/usbhid/hid-quirks.o
  LD [M]  drivers/hid/usbhid/usbhid.o
  CC      drivers/hwmon/hwmon.o
  LD      drivers/hwmon/built-in.o
  CC [M]  drivers/hwmon/hwmon-vid.o
  CC [M]  drivers/hwmon/w83627hf.o
  CC [M]  drivers/hwmon/w83793.o
  CC [M]  drivers/hwmon/w83781d.o
  CC [M]  drivers/hwmon/adm1021.o
  CC [M]  drivers/hwmon/gl518sm.o
  CC [M]  drivers/hwmon/hdaps.o
  CC [M]  drivers/hwmon/it87.o
  CC [M]  drivers/hwmon/k8temp.o
  CC [M]  drivers/hwmon/k10temp.o
  CC [M]  drivers/hwmon/lm75.o
  CC [M]  drivers/hwmon/lm77.o
  CC [M]  drivers/hwmon/lm83.o
  CC [M]  drivers/hwmon/lm90.o
  CC [M]  drivers/hwmon/via686a.o
  CC [M]  drivers/hwmon/vt1211.o
  CC [M]  drivers/hwmon/vt8231.o
  CC [M]  drivers/hwmon/w83627ehf.o
  CC      drivers/i2c/i2c-boardinfo.o
  LD      drivers/i2c/algos/built-in.o
  CC [M]  drivers/i2c/algos/i2c-algo-bit.o
  LD      drivers/i2c/busses/built-in.o
  CC [M]  drivers/i2c/busses/i2c-ali1535.o
  CC [M]  drivers/i2c/busses/i2c-ali15x3.o
  CC [M]  drivers/i2c/busses/i2c-amd756.o
  CC [M]  drivers/i2c/busses/i2c-amd8111.o
  CC [M]  drivers/i2c/busses/i2c-i801.o
  CC [M]  drivers/i2c/busses/i2c-nforce2.o
  CC [M]  drivers/i2c/busses/i2c-piix4.o
  CC [M]  drivers/i2c/busses/i2c-sis5595.o
  CC [M]  drivers/i2c/busses/i2c-sis630.o
  CC [M]  drivers/i2c/busses/i2c-sis96x.o
  CC [M]  drivers/i2c/busses/i2c-via.o
  CC [M]  drivers/i2c/busses/i2c-viapro.o
  CC [M]  drivers/i2c/busses/i2c-parport-light.o
  CC [M]  drivers/i2c/busses/scx200_acb.o
  LD      drivers/i2c/chips/built-in.o
  LD      drivers/i2c/built-in.o
  CC [M]  drivers/i2c/i2c-core.o
  CC [M]  drivers/i2c/i2c-dev.o
  CC      drivers/ide/ide.o
  CC      drivers/ide/ide-ioctls.o
  CC      drivers/ide/ide-io.o
  CC      drivers/ide/ide-iops.o
  CC      drivers/ide/ide-lib.o
  CC      drivers/ide/ide-probe.o
  CC      drivers/ide/ide-taskfile.o
  CC      drivers/ide/ide-pm.o
  CC      drivers/ide/ide-park.o
  CC      drivers/ide/ide-sysfs.o
  CC      drivers/ide/ide-devsets.o
  CC      drivers/ide/ide-io-std.o
  CC      drivers/ide/ide-eh.o
  CC      drivers/ide/ide-pio-blacklist.o
  CC      drivers/ide/ide-xfer-mode.o
  CC      drivers/ide/ide-timings.o
  CC      drivers/ide/ide-atapi.o
  CC      drivers/ide/setup-pci.o
  CC      drivers/ide/ide-dma.o
  CC      drivers/ide/ide-dma-sff.o
  CC      drivers/ide/ide-proc.o
  CC      drivers/ide/ide-gd.o
  CC      drivers/ide/ide-disk.o
  CC      drivers/ide/ide-disk_ioctl.o
  CC      drivers/ide/ide-disk_proc.o
  LD      drivers/ide/ide-core.o
  CC      drivers/ide/amd74xx.o
  CC      drivers/ide/via82cxxx.o
  CC      drivers/ide/ide-pci-generic.o
  CC      drivers/ide/ide-scan-pci.o
  CC      drivers/ide/ide-generic.o
  LD      drivers/ide/ide-gd_mod.o
  LD      drivers/ide/built-in.o
  CC [M]  drivers/ide/ide-cd.o
  CC [M]  drivers/ide/ide-cd_ioctl.o
  CC [M]  drivers/ide/ide-cd_verbose.o
  LD [M]  drivers/ide/ide-cd_mod.o
  LD      drivers/idle/built-in.o
  LD      drivers/ieee1394/built-in.o
  LD      drivers/ieee802154/built-in.o
  CC      drivers/input/input.o
  CC      drivers/input/input-compat.o
  CC      drivers/input/ff-core.o
  LD      drivers/input/input-core.o
  CC      drivers/input/mousedev.o
  CC      drivers/input/keyboard/atkbd.o
  LD      drivers/input/keyboard/built-in.o
  LD      drivers/input/built-in.o
  CC [M]  drivers/input/input-polldev.o
  CC      drivers/input/serio/serio.o
  CC      drivers/input/serio/i8042.o
  CC      drivers/input/serio/libps2.o
  LD      drivers/input/serio/built-in.o
  CC [M]  drivers/input/serio/serport.o
  LD      drivers/lguest/built-in.o
  LD      drivers/macintosh/built-in.o
  CC      drivers/md/dm.o
  CC      drivers/md/dm-table.o
  CC      drivers/md/dm-target.o
  CC      drivers/md/dm-linear.o
  CC      drivers/md/dm-stripe.o
  CC      drivers/md/dm-ioctl.o
  CC      drivers/md/dm-io.o
  CC      drivers/md/dm-kcopyd.o
  CC      drivers/md/dm-sysfs.o
  LD      drivers/md/dm-mod.o
  LD      drivers/md/built-in.o
  CC [M]  drivers/md/raid0.o
  CC [M]  drivers/md/raid1.o
  CC [M]  drivers/md/raid10.o
  CC [M]  drivers/md/dm-raid1.o
  CC [M]  drivers/md/dm-path-selector.o
  CC [M]  drivers/md/dm-mpath.o
  CC [M]  drivers/md/dm-snap.o
  CC [M]  drivers/md/dm-exception-store.o
  CC [M]  drivers/md/dm-snap-transient.o
  CC [M]  drivers/md/dm-snap-persistent.o
  CC [M]  drivers/md/md.o
  CC [M]  drivers/md/bitmap.o
  CC [M]  drivers/md/raid5.o
  CC [M]  drivers/md/raid6algos.o
  CC [M]  drivers/md/raid6recov.o
  HOSTCC  drivers/md/mktables
  TABLE   drivers/md/raid6tables.c
  CC [M]  drivers/md/raid6tables.o
  UNROLL  drivers/md/raid6int1.c
  CC [M]  drivers/md/raid6int1.o
  UNROLL  drivers/md/raid6int2.c
  CC [M]  drivers/md/raid6int2.o
  UNROLL  drivers/md/raid6int4.c
  CC [M]  drivers/md/raid6int4.o
  UNROLL  drivers/md/raid6int8.c
  CC [M]  drivers/md/raid6int8.o
  UNROLL  drivers/md/raid6int16.c
  CC [M]  drivers/md/raid6int16.o
  UNROLL  drivers/md/raid6int32.c
  CC [M]  drivers/md/raid6int32.o
  UNROLL  drivers/md/raid6altivec1.c
  CC [M]  drivers/md/raid6altivec1.o
  UNROLL  drivers/md/raid6altivec2.c
  CC [M]  drivers/md/raid6altivec2.o
  UNROLL  drivers/md/raid6altivec4.c
  CC [M]  drivers/md/raid6altivec4.o
  UNROLL  drivers/md/raid6altivec8.c
  CC [M]  drivers/md/raid6altivec8.o
  CC [M]  drivers/md/raid6mmx.o
  CC [M]  drivers/md/raid6sse1.o
  CC [M]  drivers/md/raid6sse2.o
  LD [M]  drivers/md/raid6_pq.o
  LD [M]  drivers/md/raid456.o
  CC [M]  drivers/md/multipath.o
  CC [M]  drivers/md/faulty.o
  LD [M]  drivers/md/md-mod.o
  LD [M]  drivers/md/dm-multipath.o
  CC [M]  drivers/md/dm-round-robin.o
  LD [M]  drivers/md/dm-snapshot.o
  LD [M]  drivers/md/dm-mirror.o
  CC [M]  drivers/md/dm-log.o
  CC [M]  drivers/md/dm-region-hash.o
  CC [M]  drivers/md/dm-zero.o
  LD      drivers/media/IR/built-in.o
  LD      drivers/media/common/tuners/built-in.o
  LD      drivers/media/common/built-in.o
  LD      drivers/media/video/built-in.o
  LD      drivers/media/built-in.o
  LD      drivers/mfd/built-in.o
  LD      drivers/misc/cb710/built-in.o
  LD      drivers/misc/eeprom/built-in.o
  LD      drivers/misc/built-in.o
  CC      drivers/net/mii.o
  LD      drivers/net/bonding/built-in.o
  CC [M]  drivers/net/bonding/bond_main.o
  CC [M]  drivers/net/bonding/bond_3ad.o
  CC [M]  drivers/net/bonding/bond_alb.o
  CC [M]  drivers/net/bonding/bond_sysfs.o
  LD [M]  drivers/net/bonding/bonding.o
  CC      drivers/net/e1000/e1000_main.o
  CC      drivers/net/e1000/e1000_hw.o
  CC      drivers/net/e1000/e1000_ethtool.o
  CC      drivers/net/e1000/e1000_param.o
  LD      drivers/net/e1000/e1000.o
  LD      drivers/net/e1000/built-in.o
  CC      drivers/net/e1000e/82571.o
  CC      drivers/net/e1000e/ich8lan.o
  CC      drivers/net/e1000e/es2lan.o
  CC      drivers/net/e1000e/lib.o
  CC      drivers/net/e1000e/phy.o
  CC      drivers/net/e1000e/param.o
  CC      drivers/net/e1000e/ethtool.o
  CC      drivers/net/e1000e/netdev.o
  LD      drivers/net/e1000e/e1000e.o
  LD      drivers/net/e1000e/built-in.o
  CC      drivers/net/phy/phy.o
  CC      drivers/net/phy/phy_device.o
  CC      drivers/net/phy/mdio_bus.o
  LD      drivers/net/phy/libphy.o
  LD      drivers/net/phy/built-in.o
  LD      drivers/net/wireless/built-in.o
  CC      drivers/net/3c59x.o
  CC      drivers/net/typhoon.o
  CC      drivers/net/ne2k-pci.o
  CC      drivers/net/8390.o
  CC      drivers/net/pcnet32.o
  CC      drivers/net/e100.o
  CC      drivers/net/natsemi.o
  CC      drivers/net/tg3.o
  CC      drivers/net/bnx2.o
  CC      drivers/net/via-rhine.o
  CC      drivers/net/Space.o
  CC      drivers/net/loopback.o
  CC      drivers/net/forcedeth.o
  CC      drivers/net/xen-netfront.o
  CC      drivers/net/8139too.o
  LD      drivers/net/built-in.o
  CC [M]  drivers/net/dummy.o
  CC [M]  drivers/net/tun.o
  CC      drivers/pci/access.o
  CC      drivers/pci/bus.o
  CC      drivers/pci/probe.o
  CC      drivers/pci/remove.o
  CC      drivers/pci/pci.o
  CC      drivers/pci/quirks.o
  CC      drivers/pci/pci-driver.o
  CC      drivers/pci/search.o
  CC      drivers/pci/pci-sysfs.o
  CC      drivers/pci/rom.o
  CC      drivers/pci/setup-res.o
  CC      drivers/pci/irq.o
  CC      drivers/pci/proc.o
  CC      drivers/pci/slot.o
  CC      drivers/pci/legacy.o
  CC      drivers/pci/pcie/portdrv_core.o
  CC      drivers/pci/pcie/portdrv_pci.o
  CC      drivers/pci/pcie/portdrv_bus.o
  LD      drivers/pci/pcie/pcieportdrv.o
  CC      drivers/pci/pcie/aer/aerdrv_errprint.o
  CC      drivers/pci/pcie/aer/aerdrv_core.o
  CC      drivers/pci/pcie/aer/aerdrv.o
  CC      drivers/pci/pcie/aer/aerdrv_acpi.o
  LD      drivers/pci/pcie/aer/aerdriver.o
  LD      drivers/pci/pcie/aer/built-in.o
  LD      drivers/pci/pcie/built-in.o
  CC      drivers/pci/ioapic.o
  CC      drivers/pci/hotplug.o
  CC      drivers/pci/htirq.o
  CC      drivers/pci/setup-bus.o
  CC      drivers/pci/pci-acpi.o
  LD      drivers/pci/built-in.o
  LD      drivers/platform/x86/built-in.o
  LD      drivers/platform/built-in.o
  CC      drivers/pnp/core.o
  CC      drivers/pnp/card.o
  CC      drivers/pnp/driver.o
  CC      drivers/pnp/resource.o
  CC      drivers/pnp/manager.o
  CC      drivers/pnp/support.o
  CC      drivers/pnp/interface.o
  CC      drivers/pnp/quirks.o
  CC      drivers/pnp/pnpacpi/core.o
  CC      drivers/pnp/pnpacpi/rsparser.o
  LD      drivers/pnp/pnpacpi/built-in.o
  CC      drivers/pnp/system.o
  LD      drivers/pnp/built-in.o
  CC      drivers/power/power_supply_core.o
  CC      drivers/power/power_supply_sysfs.o
  LD      drivers/power/power_supply.o
  LD      drivers/power/built-in.o
  CC      drivers/scsi/scsi.o
  CC      drivers/scsi/hosts.o
  CC      drivers/scsi/scsi_ioctl.o
  CC      drivers/scsi/constants.o
  CC      drivers/scsi/scsicam.o
  CC      drivers/scsi/scsi_error.o
  CC      drivers/scsi/scsi_lib.o
  CC      drivers/scsi/scsi_lib_dma.o
  CC      drivers/scsi/scsi_scan.o
  CC      drivers/scsi/scsi_sysfs.o
  CC      drivers/scsi/scsi_devinfo.o
  CC      drivers/scsi/scsi_sysctl.o
  CC      drivers/scsi/scsi_proc.o
  CC      drivers/scsi/sd.o
  LD      drivers/scsi/scsi_mod.o
  CC      drivers/scsi/scsi_transport_spi.o
  LD      drivers/scsi/aic7xxx/built-in.o
  SHIPPED drivers/scsi/aic7xxx/aic79xx_seq.h
  SHIPPED drivers/scsi/aic7xxx/aic79xx_reg.h
  CC [M]  drivers/scsi/aic7xxx/aic79xx_core.o
  CC [M]  drivers/scsi/aic7xxx/aic79xx_pci.o
  SHIPPED drivers/scsi/aic7xxx/aic79xx_reg_print.c
  CC [M]  drivers/scsi/aic7xxx/aic79xx_reg_print.o
  CC [M]  drivers/scsi/aic7xxx/aic79xx_osm.o
  CC [M]  drivers/scsi/aic7xxx/aic79xx_proc.o
  CC [M]  drivers/scsi/aic7xxx/aic79xx_osm_pci.o
  SHIPPED drivers/scsi/aic7xxx/aic7xxx_seq.h
  SHIPPED drivers/scsi/aic7xxx/aic7xxx_reg.h
  CC [M]  drivers/scsi/aic7xxx/aic7xxx_core.o
  CC [M]  drivers/scsi/aic7xxx/aic7xxx_93cx6.o
  CC [M]  drivers/scsi/aic7xxx/aic7xxx_pci.o
  SHIPPED drivers/scsi/aic7xxx/aic7xxx_reg_print.c
  CC [M]  drivers/scsi/aic7xxx/aic7xxx_reg_print.o
  CC [M]  drivers/scsi/aic7xxx/aic7xxx_osm.o
  CC [M]  drivers/scsi/aic7xxx/aic7xxx_proc.o
  CC [M]  drivers/scsi/aic7xxx/aic7xxx_osm_pci.o
  LD [M]  drivers/scsi/aic7xxx/aic7xxx.o
  LD [M]  drivers/scsi/aic7xxx/aic79xx.o
  LD      drivers/scsi/megaraid/built-in.o
  CC [M]  drivers/scsi/megaraid/megaraid_mm.o
  CC [M]  drivers/scsi/megaraid/megaraid_mbox.o
  CC [M]  drivers/scsi/megaraid/megaraid_sas.o
  LD      drivers/scsi/sd_mod.o
  CC      drivers/scsi/sg.o
  LD      drivers/scsi/built-in.o
  CC [M]  drivers/scsi/3w-9xxx.o
  CC [M]  drivers/scsi/scsi_wait_scan.o
  CC      drivers/serial/serial_core.o
  CC      drivers/serial/8250.o
  CC      drivers/serial/8250_pnp.o
  CC      drivers/serial/8250_pci.o
  CC      drivers/serial/8250_early.o
  LD      drivers/serial/built-in.o
  LD      drivers/thermal/built-in.o
  CC [M]  drivers/thermal/thermal_sys.o
  LD      drivers/usb/core/built-in.o
  CC [M]  drivers/usb/core/usb.o
  CC [M]  drivers/usb/core/hub.o
  CC [M]  drivers/usb/core/hcd.o
  CC [M]  drivers/usb/core/urb.o
  CC [M]  drivers/usb/core/message.o
  CC [M]  drivers/usb/core/driver.o
  CC [M]  drivers/usb/core/config.o
  CC [M]  drivers/usb/core/file.o
  CC [M]  drivers/usb/core/buffer.o
  CC [M]  drivers/usb/core/sysfs.o
  CC [M]  drivers/usb/core/endpoint.o
  CC [M]  drivers/usb/core/devio.o
  CC [M]  drivers/usb/core/notify.o
  CC [M]  drivers/usb/core/generic.o
  CC [M]  drivers/usb/core/quirks.o
  CC [M]  drivers/usb/core/devices.o
  CC [M]  drivers/usb/core/hcd-pci.o
  CC [M]  drivers/usb/core/inode.o
  LD [M]  drivers/usb/core/usbcore.o
  LD      drivers/usb/early/built-in.o
  CC      drivers/usb/host/pci-quirks.o
  LD      drivers/usb/host/built-in.o
  CC [M]  drivers/usb/host/ehci-hcd.o
  CC [M]  drivers/usb/host/ohci-hcd.o
  CC [M]  drivers/usb/host/uhci-hcd.o
  LD      drivers/usb/misc/built-in.o
  LD      drivers/usb/storage/built-in.o
  CC [M]  drivers/usb/storage/scsiglue.o
  CC [M]  drivers/usb/storage/protocol.o
  CC [M]  drivers/usb/storage/transport.o
  CC [M]  drivers/usb/storage/usb.o
  CC [M]  drivers/usb/storage/initializers.o
  CC [M]  drivers/usb/storage/sierra_ms.o
  CC [M]  drivers/usb/storage/option_ms.o
  CC [M]  drivers/usb/storage/usual-tables.o
  LD [M]  drivers/usb/storage/usb-storage.o
  LD      drivers/usb/built-in.o
  CC      drivers/video/fb_notify.o
  LD      drivers/video/backlight/built-in.o
  CC      drivers/video/console/dummycon.o
  CC      drivers/video/console/vgacon.o
  LD      drivers/video/console/built-in.o
  LD      drivers/video/display/built-in.o
  LD      drivers/video/omap2/displays/built-in.o
  LD      drivers/video/omap2/dss/built-in.o
  LD      drivers/video/omap2/omapfb/built-in.o
  LD      drivers/video/omap2/built-in.o
  LD      drivers/video/built-in.o
  LD      drivers/virtio/built-in.o
  CC [M]  drivers/virtio/virtio.o
  CC [M]  drivers/virtio/virtio_ring.o
  CC [M]  drivers/virtio/virtio_pci.o
  CC [M]  drivers/virtio/virtio_balloon.o
  LD      drivers/watchdog/built-in.o
  CC [M]  drivers/watchdog/sc1200wdt.o
  CC [M]  drivers/watchdog/scx200_wdt.o
  CC [M]  drivers/watchdog/softdog.o
  CC      drivers/xen/grant-table.o
  CC      drivers/xen/features.o
  CC      drivers/xen/events.o
  CC      drivers/xen/manage.o
  CC      drivers/xen/xenbus/xenbus_client.o
  CC      drivers/xen/xenbus/xenbus_comms.o
  CC      drivers/xen/xenbus/xenbus_xs.o
  CC      drivers/xen/xenbus/xenbus_probe.o
  LD      drivers/xen/xenbus/xenbus.o
  LD      drivers/xen/xenbus/built-in.o
  CC      drivers/xen/xenfs/super.o
  CC      drivers/xen/xenfs/xenbus.o
  LD      drivers/xen/xenfs/xenfs.o
  LD      drivers/xen/xenfs/built-in.o
  CC      drivers/xen/cpu_hotplug.o
  CC      drivers/xen/balloon.o
  CC      drivers/xen/evtchn.o
  CC      drivers/xen/sys-hypervisor.o
  LD      drivers/xen/built-in.o
  LD      drivers/built-in.o
  LD      sound/built-in.o
  MK_FW   firmware/bnx2/bnx2-mips-09-5.0.0.j3.fw.gen.S
  IHEX    firmware/bnx2/bnx2-mips-09-5.0.0.j3.fw
  AS      firmware/bnx2/bnx2-mips-09-5.0.0.j3.fw.gen.o
  MK_FW   firmware/bnx2/bnx2-rv2p-09-5.0.0.j3.fw.gen.S
  IHEX    firmware/bnx2/bnx2-rv2p-09-5.0.0.j3.fw
  AS      firmware/bnx2/bnx2-rv2p-09-5.0.0.j3.fw.gen.o
  MK_FW   firmware/bnx2/bnx2-rv2p-09ax-5.0.0.j3.fw.gen.S
  IHEX    firmware/bnx2/bnx2-rv2p-09ax-5.0.0.j3.fw
  AS      firmware/bnx2/bnx2-rv2p-09ax-5.0.0.j3.fw.gen.o
  MK_FW   firmware/bnx2/bnx2-mips-06-5.0.0.j3.fw.gen.S
  IHEX    firmware/bnx2/bnx2-mips-06-5.0.0.j3.fw
  AS      firmware/bnx2/bnx2-mips-06-5.0.0.j3.fw.gen.o
  MK_FW   firmware/bnx2/bnx2-rv2p-06-5.0.0.j3.fw.gen.S
  IHEX    firmware/bnx2/bnx2-rv2p-06-5.0.0.j3.fw
  AS      firmware/bnx2/bnx2-rv2p-06-5.0.0.j3.fw.gen.o
  MK_FW   firmware/e100/d101m_ucode.bin.gen.S
  IHEX    firmware/e100/d101m_ucode.bin
  AS      firmware/e100/d101m_ucode.bin.gen.o
  MK_FW   firmware/e100/d101s_ucode.bin.gen.S
  IHEX    firmware/e100/d101s_ucode.bin
  AS      firmware/e100/d101s_ucode.bin.gen.o
  MK_FW   firmware/e100/d102e_ucode.bin.gen.S
  IHEX    firmware/e100/d102e_ucode.bin
  AS      firmware/e100/d102e_ucode.bin.gen.o
  MK_FW   firmware/tigon/tg3.bin.gen.S
  IHEX    firmware/tigon/tg3.bin
  AS      firmware/tigon/tg3.bin.gen.o
  MK_FW   firmware/tigon/tg3_tso.bin.gen.S
  IHEX    firmware/tigon/tg3_tso.bin
  AS      firmware/tigon/tg3_tso.bin.gen.o
  MK_FW   firmware/tigon/tg3_tso5.bin.gen.S
  IHEX    firmware/tigon/tg3_tso5.bin
  AS      firmware/tigon/tg3_tso5.bin.gen.o
  MK_FW   firmware/3com/typhoon.bin.gen.S
  IHEX    firmware/3com/typhoon.bin
  AS      firmware/3com/typhoon.bin.gen.o
  LD      firmware/built-in.o
  CC      arch/x86/pci/i386.o
  CC      arch/x86/pci/init.o
  CC      arch/x86/pci/pcbios.o
  CC      arch/x86/pci/mmconfig_32.o
  CC      arch/x86/pci/direct.o
  CC      arch/x86/pci/mmconfig-shared.o
  CC      arch/x86/pci/fixup.o
  CC      arch/x86/pci/acpi.o
  CC      arch/x86/pci/legacy.o
  CC      arch/x86/pci/irq.o
  CC      arch/x86/pci/common.o
  CC      arch/x86/pci/early.o
  CC      arch/x86/pci/amd_bus.o
  LD      arch/x86/pci/built-in.o
  CC      arch/x86/power/cpu.o
  LD      arch/x86/power/built-in.o
  CC      net/socket.o
  LD      net/802/built-in.o
  CC [M]  net/802/p8022.o
  CC [M]  net/802/psnap.o
  CC [M]  net/802/stp.o
  CC      net/8021q/vlan_core.o
  LD      net/8021q/built-in.o
  CC [M]  net/8021q/vlan.o
  CC [M]  net/8021q/vlan_dev.o
  CC [M]  net/8021q/vlan_netlink.o
  CC [M]  net/8021q/vlanproc.o
  LD [M]  net/8021q/8021q.o
  LD      net/bridge/built-in.o
  CC [M]  net/bridge/br.o
  CC [M]  net/bridge/br_device.o
  CC [M]  net/bridge/br_fdb.o
  CC [M]  net/bridge/br_forward.o
  CC [M]  net/bridge/br_if.o
  CC [M]  net/bridge/br_input.o
  CC [M]  net/bridge/br_ioctl.o
  CC [M]  net/bridge/br_notify.o
  CC [M]  net/bridge/br_stp.o
  CC [M]  net/bridge/br_stp_bpdu.o
  CC [M]  net/bridge/br_stp_if.o
  CC [M]  net/bridge/br_stp_timer.o
  CC [M]  net/bridge/br_netlink.o
  CC [M]  net/bridge/br_sysfs_if.o
  CC [M]  net/bridge/br_sysfs_br.o
  CC [M]  net/bridge/br_netfilter.o
  LD [M]  net/bridge/bridge.o
  LD      net/bridge/netfilter/built-in.o
  CC [M]  net/bridge/netfilter/ebtables.o
  CC [M]  net/bridge/netfilter/ebtable_broute.o
  CC [M]  net/bridge/netfilter/ebtable_filter.o
  CC [M]  net/bridge/netfilter/ebtable_nat.o
  CC [M]  net/bridge/netfilter/ebt_802_3.o
  CC [M]  net/bridge/netfilter/ebt_among.o
  CC [M]  net/bridge/netfilter/ebt_arp.o
  CC [M]  net/bridge/netfilter/ebt_ip.o
  CC [M]  net/bridge/netfilter/ebt_limit.o
  CC [M]  net/bridge/netfilter/ebt_mark_m.o
  CC [M]  net/bridge/netfilter/ebt_pkttype.o
  CC [M]  net/bridge/netfilter/ebt_stp.o
  CC [M]  net/bridge/netfilter/ebt_vlan.o
  CC [M]  net/bridge/netfilter/ebt_arpreply.o
  CC [M]  net/bridge/netfilter/ebt_mark.o
  CC [M]  net/bridge/netfilter/ebt_dnat.o
  CC [M]  net/bridge/netfilter/ebt_redirect.o
  CC [M]  net/bridge/netfilter/ebt_snat.o
  CC [M]  net/bridge/netfilter/ebt_log.o
  CC      net/core/sock.o
  CC      net/core/request_sock.o
  CC      net/core/skbuff.o
  CC      net/core/iovec.o
  CC      net/core/datagram.o
  CC      net/core/stream.o
  CC      net/core/scm.o
  CC      net/core/gen_stats.o
  CC      net/core/gen_estimator.o
  CC      net/core/net_namespace.o
  CC      net/core/secure_seq.o
  CC      net/core/sysctl_net_core.o
  CC      net/core/dev.o
  CC      net/core/ethtool.o
  CC      net/core/dev_mcast.o
  CC      net/core/dst.o
  CC      net/core/netevent.o
  CC      net/core/neighbour.o
  CC      net/core/rtnetlink.o
  CC      net/core/utils.o
  CC      net/core/link_watch.o
  CC      net/core/filter.o
  CC      net/core/flow.o
  CC      net/core/net-sysfs.o
  LD      net/core/built-in.o
  CC      net/ethernet/eth.o
  LD      net/ethernet/built-in.o
  LD      net/ieee802154/built-in.o
  CC      net/ipv4/route.o
  CC      net/ipv4/inetpeer.o
  CC      net/ipv4/protocol.o
  CC      net/ipv4/ip_input.o
  CC      net/ipv4/ip_fragment.o
  CC      net/ipv4/ip_forward.o
  CC      net/ipv4/ip_options.o
  CC      net/ipv4/ip_output.o
  CC      net/ipv4/ip_sockglue.o
  CC      net/ipv4/inet_hashtables.o
  CC      net/ipv4/inet_timewait_sock.o
  CC      net/ipv4/inet_connection_sock.o
  CC      net/ipv4/tcp.o
  CC      net/ipv4/tcp_input.o
  CC      net/ipv4/tcp_output.o
  CC      net/ipv4/tcp_timer.o
  CC      net/ipv4/tcp_ipv4.o
  CC      net/ipv4/tcp_minisocks.o
  CC      net/ipv4/tcp_cong.o
  CC      net/ipv4/datagram.o
  CC      net/ipv4/raw.o
  CC      net/ipv4/udp.o
  CC      net/ipv4/udplite.o
  CC      net/ipv4/arp.o
  CC      net/ipv4/icmp.o
  CC      net/ipv4/devinet.o
  CC      net/ipv4/af_inet.o
  CC      net/ipv4/igmp.o
  CC      net/ipv4/fib_frontend.o
  CC      net/ipv4/fib_semantics.o
  CC      net/ipv4/inet_fragment.o
  CC      net/ipv4/sysctl_net_ipv4.o
  CC      net/ipv4/fib_hash.o
  CC      net/ipv4/proc.o
  CC      net/ipv4/xfrm4_mode_beet.o
  CC      net/ipv4/inet_lro.o
  CC      net/ipv4/xfrm4_mode_transport.o
  CC      net/ipv4/xfrm4_mode_tunnel.o
  CC      net/ipv4/ipconfig.o
  CC      net/ipv4/netfilter.o
  LD      net/ipv4/netfilter/built-in.o
  CC [M]  net/ipv4/netfilter/ip_tables.o
  CC [M]  net/ipv4/netfilter/iptable_filter.o
  CC [M]  net/ipv4/netfilter/iptable_mangle.o
  CC [M]  net/ipv4/netfilter/iptable_raw.o
  CC [M]  net/ipv4/netfilter/ipt_addrtype.o
  CC [M]  net/ipv4/netfilter/ipt_ah.o
  CC [M]  net/ipv4/netfilter/ipt_ecn.o
  CC [M]  net/ipv4/netfilter/ipt_ECN.o
  CC [M]  net/ipv4/netfilter/ipt_LOG.o
  CC [M]  net/ipv4/netfilter/ipt_REJECT.o
  CC [M]  net/ipv4/netfilter/ipt_ULOG.o
  CC [M]  net/ipv4/netfilter/arp_tables.o
  CC [M]  net/ipv4/netfilter/arpt_mangle.o
  CC [M]  net/ipv4/netfilter/arptable_filter.o
  CC [M]  net/ipv4/netfilter/ip_queue.o
  CC      net/ipv4/inet_diag.o
  CC      net/ipv4/tcp_diag.o
  CC      net/ipv4/tcp_cubic.o
  CC      net/ipv4/xfrm4_policy.o
  CC      net/ipv4/xfrm4_state.o
  CC      net/ipv4/xfrm4_input.o
  CC      net/ipv4/xfrm4_output.o
  LD      net/ipv4/built-in.o
  LD      net/llc/built-in.o
  CC [M]  net/llc/llc_core.o
  CC [M]  net/llc/llc_input.o
  CC [M]  net/llc/llc_output.o
  LD [M]  net/llc/llc.o
  CC      net/netfilter/core.o
  CC      net/netfilter/nf_log.o
  CC      net/netfilter/nf_queue.o
  CC      net/netfilter/nf_sockopt.o
  LD      net/netfilter/netfilter.o
  LD      net/netfilter/built-in.o
  CC [M]  net/netfilter/nfnetlink.o
  CC [M]  net/netfilter/nfnetlink_queue.o
  CC [M]  net/netfilter/nfnetlink_log.o
  CC [M]  net/netfilter/x_tables.o
  CC [M]  net/netfilter/xt_tcpudp.o
  CC [M]  net/netfilter/xt_CLASSIFY.o
  CC [M]  net/netfilter/xt_DSCP.o
  CC [M]  net/netfilter/xt_HL.o
  CC [M]  net/netfilter/xt_MARK.o
  CC [M]  net/netfilter/xt_NFLOG.o
  CC [M]  net/netfilter/xt_NFQUEUE.o
  CC [M]  net/netfilter/xt_TCPMSS.o
  CC [M]  net/netfilter/xt_comment.o
  CC [M]  net/netfilter/xt_dccp.o
  CC [M]  net/netfilter/xt_dscp.o
  CC [M]  net/netfilter/xt_esp.o
  CC [M]  net/netfilter/xt_hashlimit.o
  CC [M]  net/netfilter/xt_hl.o
  CC [M]  net/netfilter/xt_length.o
  CC [M]  net/netfilter/xt_limit.o
  CC [M]  net/netfilter/xt_mac.o
  CC [M]  net/netfilter/xt_mark.o
  CC [M]  net/netfilter/xt_multiport.o
  CC [M]  net/netfilter/xt_physdev.o
  CC [M]  net/netfilter/xt_pkttype.o
  CC [M]  net/netfilter/xt_policy.o
  CC [M]  net/netfilter/xt_quota.o
  CC [M]  net/netfilter/xt_realm.o
  CC [M]  net/netfilter/xt_statistic.o
  CC [M]  net/netfilter/xt_string.o
  CC [M]  net/netfilter/xt_tcpmss.o
  CC      net/netlink/af_netlink.o
  CC      net/netlink/genetlink.o
  LD      net/netlink/built-in.o
  CC      net/packet/af_packet.o
  LD      net/packet/built-in.o
  CC      net/sched/sch_generic.o
  CC      net/sched/sch_mq.o
  LD      net/sched/built-in.o
  CC      net/sunrpc/clnt.o
  CC      net/sunrpc/xprt.o
  CC      net/sunrpc/socklib.o
  CC      net/sunrpc/xprtsock.o
  CC      net/sunrpc/sched.o
  CC      net/sunrpc/auth.o
  CC      net/sunrpc/auth_null.o
  CC      net/sunrpc/auth_unix.o
  CC      net/sunrpc/auth_generic.o
  CC      net/sunrpc/svc.o
  CC      net/sunrpc/svcsock.o
  CC      net/sunrpc/svcauth.o
  CC      net/sunrpc/svcauth_unix.o
  CC      net/sunrpc/addr.o
  CC      net/sunrpc/rpcb_clnt.o
  CC      net/sunrpc/timer.o
  CC      net/sunrpc/xdr.o
  CC      net/sunrpc/sunrpc_syms.o
  CC      net/sunrpc/cache.o
  CC      net/sunrpc/rpc_pipe.o
  CC      net/sunrpc/svc_xprt.o
  CC      net/sunrpc/stats.o
  CC      net/sunrpc/sysctl.o
  LD      net/sunrpc/sunrpc.o
  LD      net/sunrpc/built-in.o
  CC      net/unix/af_unix.o
  CC      net/unix/garbage.o
  CC      net/unix/sysctl_net_unix.o
  LD      net/unix/unix.o
  LD      net/unix/built-in.o
  LD      net/wireless/built-in.o
  CC      net/xfrm/xfrm_policy.o
  CC      net/xfrm/xfrm_state.o
  CC      net/xfrm/xfrm_hash.o
  CC      net/xfrm/xfrm_input.o
  CC      net/xfrm/xfrm_output.o
  CC      net/xfrm/xfrm_algo.o
  CC      net/xfrm/xfrm_sysctl.o
  LD      net/xfrm/built-in.o
  CC      net/sysctl_net.o
  LD      net/built-in.o
  CC      lib/bcd.o
  CC      lib/div64.o
  CC      lib/sort.o
  CC      lib/parser.o
  CC      lib/halfmd4.o
  CC      lib/debug_locks.o
  CC      lib/random32.o
  CC      lib/bust_spinlocks.o
  CC      lib/hexdump.o
  CC      lib/kasprintf.o
  CC      lib/bitmap.o
  CC      lib/scatterlist.o
  CC      lib/string_helpers.o
  CC      lib/gcd.o
  CC      lib/list_sort.o
  CC      lib/iomap.o
  CC      lib/iomap_copy.o
  CC      lib/devres.o
  CC      lib/find_last_bit.o
  CC      lib/hweight.o
  CC      lib/kernel_lock.o
  CC      lib/bitrev.o
  HOSTCC  lib/gen_crc32table
  GEN     lib/crc32table.h
  CC      lib/crc32.o
  CC      lib/lzo/lzo1x_decompress.o
  LD      lib/lzo/lzo_decompress.o
  LD      lib/lzo/built-in.o
  LD      lib/zlib_deflate/built-in.o
  CC [M]  lib/zlib_deflate/deflate.o
  CC [M]  lib/zlib_deflate/deftree.o
  CC [M]  lib/zlib_deflate/deflate_syms.o
  LD [M]  lib/zlib_deflate/zlib_deflate.o
  CC      lib/zlib_inflate/inffast.o
  CC      lib/zlib_inflate/inflate.o
  CC      lib/zlib_inflate/infutil.o
  CC      lib/zlib_inflate/inftrees.o
  CC      lib/zlib_inflate/inflate_syms.o
  LD      lib/zlib_inflate/zlib_inflate.o
  LD      lib/zlib_inflate/built-in.o
  CC      lib/textsearch.o
  CC      lib/percpu_counter.o
  CC      lib/audit.o
  CC      lib/syscall.o
  CC      lib/nlattr.o
  LD      lib/built-in.o
  CC      lib/argv_split.o
  CC      lib/bug.o
  CC      lib/cmdline.o
  CC      lib/cpumask.o
  CC      lib/ctype.o
  CC      lib/dec_and_lock.o
  CC      lib/decompress.o
  CC      lib/decompress_bunzip2.o
  CC      lib/decompress_inflate.o
  CC      lib/decompress_unlzma.o
  CC      lib/decompress_unlzo.o
  CC      lib/dump_stack.o
  CC      lib/extable.o
  CC      lib/find_next_bit.o
  CC      lib/flex_array.o
  CC      lib/idr.o
  CC      lib/int_sqrt.o
  CC      lib/ioremap.o
  CC      lib/irq_regs.o
  CC      lib/is_single_threaded.o
  CC      lib/klist.o
  CC      lib/kobject.o
  CC      lib/kobject_uevent.o
  CC      lib/kref.o
  CC      lib/md5.o
  CC      lib/plist.o
  CC      lib/prio_heap.o
  CC      lib/prio_tree.o
  CC      lib/proportions.o
  CC      lib/radix-tree.o
  CC      lib/ratelimit.o
  CC      lib/rbtree.o
  CC      lib/reciprocal_div.o
  CC      lib/rwsem.o
  CC      lib/sha1.o
  CC      lib/show_mem.o
  CC      lib/string.o
  CC      lib/vsprintf.o
  AR      lib/lib.a
  CC [M]  lib/crc-ccitt.o
  CC [M]  lib/crc16.o
  CC [M]  lib/crc-itu-t.o
  CC [M]  lib/libcrc32c.o
  CC [M]  lib/ts_kmp.o
  CC [M]  lib/ts_bm.o
  CC [M]  lib/ts_fsm.o
  CC      arch/x86/lib/msr-smp.o
  CC      arch/x86/lib/cache-smp.o
  CC      arch/x86/lib/msr.o
  AS      arch/x86/lib/msr-reg.o
  CC      arch/x86/lib/msr-reg-export.o
  CC      arch/x86/lib/atomic64_32.o
  LD      arch/x86/lib/built-in.o
  AS      arch/x86/lib/checksum_32.o
  CC      arch/x86/lib/delay.o
  AS      arch/x86/lib/getuser.o
  CC      arch/x86/lib/memcpy_32.o
  AS      arch/x86/lib/putuser.o
  AS      arch/x86/lib/semaphore_32.o
  CC      arch/x86/lib/string_32.o
  CC      arch/x86/lib/strstr_32.o
  AS      arch/x86/lib/thunk_32.o
  CC      arch/x86/lib/usercopy_32.o
  AR      arch/x86/lib/lib.a
  LD      vmlinux.o
  MODPOST vmlinux.o
  GEN     .version
  CHK     include/generated/compile.h
  UPD     include/generated/compile.h
  CC      init/version.o
  LD      init/built-in.o
  LD      .tmp_vmlinux1
  KSYM    .tmp_kallsyms1.S
  AS      .tmp_kallsyms1.o
  LD      .tmp_vmlinux2
  KSYM    .tmp_kallsyms2.S
  AS      .tmp_kallsyms2.o
  LD      vmlinux
  SYSMAP  System.map
  SYSMAP  .tmp_System.map
  CC      arch/x86/boot/a20.o
  AS      arch/x86/boot/bioscall.o
  CC      arch/x86/boot/cmdline.o
  AS      arch/x86/boot/copy.o
  HOSTCC  arch/x86/boot/mkcpustr
  CPUSTR  arch/x86/boot/cpustr.h
  CC      arch/x86/boot/cpu.o
  CC      arch/x86/boot/cpucheck.o
  CC      arch/x86/boot/edd.o
  VOFFSET arch/x86/boot/voffset.h
  LDS     arch/x86/boot/compressed/vmlinux.lds
  AS      arch/x86/boot/compressed/head_32.o
  CC      arch/x86/boot/compressed/misc.o
  OBJCOPY arch/x86/boot/compressed/vmlinux.bin
  GZIP    arch/x86/boot/compressed/vmlinux.bin.gz
  HOSTCC  arch/x86/boot/compressed/mkpiggy
  MKPIGGY arch/x86/boot/compressed/piggy.S
  AS      arch/x86/boot/compressed/piggy.o
  LD      arch/x86/boot/compressed/vmlinux
  ZOFFSET arch/x86/boot/zoffset.h
  AS      arch/x86/boot/header.o
  CC      arch/x86/boot/main.o
  CC      arch/x86/boot/mca.o
  CC      arch/x86/boot/memory.o
  CC      arch/x86/boot/pm.o
  AS      arch/x86/boot/pmjump.o
  CC      arch/x86/boot/printf.o
  CC      arch/x86/boot/regs.o
  CC      arch/x86/boot/string.o
  CC      arch/x86/boot/tty.o
  CC      arch/x86/boot/video.o
  CC      arch/x86/boot/video-mode.o
  CC      arch/x86/boot/version.o
  CC      arch/x86/boot/video-vga.o
  CC      arch/x86/boot/video-vesa.o
  CC      arch/x86/boot/video-bios.o
  LD      arch/x86/boot/setup.elf
  OBJCOPY arch/x86/boot/setup.bin
  OBJCOPY arch/x86/boot/vmlinux.bin
  HOSTCC  arch/x86/boot/tools/build
  BUILD   arch/x86/boot/bzImage
Kernel: arch/x86/boot/bzImage is ready  (#1)
  Building modules, stage 2.
  MODPOST 242 modules
  CC      arch/x86/kernel/microcode.mod.o
  LD [M]  arch/x86/kernel/microcode.ko
  CC      arch/x86/kernel/scx200.mod.o
  LD [M]  arch/x86/kernel/scx200.ko
  CC      arch/x86/kvm/kvm-amd.mod.o
  LD [M]  arch/x86/kvm/kvm-amd.ko
  CC      arch/x86/kvm/kvm-intel.mod.o
  LD [M]  arch/x86/kvm/kvm-intel.ko
  CC      arch/x86/kvm/kvm.mod.o
  LD [M]  arch/x86/kvm/kvm.ko
  CC      crypto/aead.mod.o
  LD [M]  crypto/aead.ko
  CC      crypto/aes_generic.mod.o
  LD [M]  crypto/aes_generic.ko
  CC      crypto/ansi_cprng.mod.o
  LD [M]  crypto/ansi_cprng.ko
  CC      crypto/async_tx/async_memcpy.mod.o
  LD [M]  crypto/async_tx/async_memcpy.ko
  CC      crypto/async_tx/async_pq.mod.o
  LD [M]  crypto/async_tx/async_pq.ko
  CC      crypto/async_tx/async_raid6_recov.mod.o
  LD [M]  crypto/async_tx/async_raid6_recov.ko
  CC      crypto/async_tx/async_tx.mod.o
  LD [M]  crypto/async_tx/async_tx.ko
  CC      crypto/async_tx/async_xor.mod.o
  LD [M]  crypto/async_tx/async_xor.ko
  CC      crypto/blowfish.mod.o
  LD [M]  crypto/blowfish.ko
  CC      crypto/chainiv.mod.o
  LD [M]  crypto/chainiv.ko
  CC      crypto/crc32c.mod.o
  LD [M]  crypto/crc32c.ko
  CC      crypto/crypto_algapi.mod.o
  LD [M]  crypto/crypto_algapi.ko
  CC      crypto/crypto_blkcipher.mod.o
  LD [M]  crypto/crypto_blkcipher.ko
  CC      crypto/crypto_hash.mod.o
  LD [M]  crypto/crypto_hash.ko
  CC      crypto/crypto_wq.mod.o
  LD [M]  crypto/crypto_wq.ko
  CC      crypto/cryptomgr.mod.o
  LD [M]  crypto/cryptomgr.ko
  CC      crypto/deflate.mod.o
  LD [M]  crypto/deflate.ko
  CC      crypto/des_generic.mod.o
  LD [M]  crypto/des_generic.ko
  CC      crypto/eseqiv.mod.o
  LD [M]  crypto/eseqiv.ko
  CC      crypto/hmac.mod.o
  LD [M]  crypto/hmac.ko
  CC      crypto/krng.mod.o
  LD [M]  crypto/krng.ko
  CC      crypto/md5.mod.o
  LD [M]  crypto/md5.ko
  CC      crypto/pcompress.mod.o
  LD [M]  crypto/pcompress.ko
  CC      crypto/rng.mod.o
  LD [M]  crypto/rng.ko
  CC      crypto/sha1_generic.mod.o
  LD [M]  crypto/sha1_generic.ko
  CC      crypto/sha256_generic.mod.o
  LD [M]  crypto/sha256_generic.ko
  CC      crypto/sha512_generic.mod.o
  LD [M]  crypto/sha512_generic.ko
  CC      crypto/xor.mod.o
  LD [M]  crypto/xor.ko
  CC      drivers/acpi/button.mod.o
  LD [M]  drivers/acpi/button.ko
  CC      drivers/acpi/container.mod.o
  LD [M]  drivers/acpi/container.ko
  CC      drivers/acpi/fan.mod.o
  LD [M]  drivers/acpi/fan.ko
  CC      drivers/acpi/processor.mod.o
  LD [M]  drivers/acpi/processor.ko
  CC      drivers/acpi/thermal.mod.o
  LD [M]  drivers/acpi/thermal.ko
  CC      drivers/ata/sata_nv.mod.o
  LD [M]  drivers/ata/sata_nv.ko
  CC      drivers/ata/sata_svw.mod.o
  LD [M]  drivers/ata/sata_svw.ko
  CC      drivers/ata/sata_via.mod.o
  LD [M]  drivers/ata/sata_via.ko
  CC      drivers/block/nbd.mod.o
  LD [M]  drivers/block/nbd.ko
  CC      drivers/cdrom/cdrom.mod.o
  LD [M]  drivers/cdrom/cdrom.ko
  CC      drivers/char/ipmi/ipmi_devintf.mod.o
  LD [M]  drivers/char/ipmi/ipmi_devintf.ko
  CC      drivers/char/ipmi/ipmi_msghandler.mod.o
  LD [M]  drivers/char/ipmi/ipmi_msghandler.ko
  CC      drivers/char/ipmi/ipmi_poweroff.mod.o
  LD [M]  drivers/char/ipmi/ipmi_poweroff.ko
  CC      drivers/char/ipmi/ipmi_si.mod.o
  LD [M]  drivers/char/ipmi/ipmi_si.ko
  CC      drivers/char/ipmi/ipmi_watchdog.mod.o
  LD [M]  drivers/char/ipmi/ipmi_watchdog.ko
  CC      drivers/char/nsc_gpio.mod.o
  LD [M]  drivers/char/nsc_gpio.ko
  CC      drivers/char/scx200_gpio.mod.o
  LD [M]  drivers/char/scx200_gpio.ko
  CC      drivers/clocksource/scx200_hrt.mod.o
  LD [M]  drivers/clocksource/scx200_hrt.ko
  CC      drivers/hid/hid-a4tech.mod.o
  LD [M]  drivers/hid/hid-a4tech.ko
  CC      drivers/hid/hid-apple.mod.o
  LD [M]  drivers/hid/hid-apple.ko
  CC      drivers/hid/hid-belkin.mod.o
  LD [M]  drivers/hid/hid-belkin.ko
  CC      drivers/hid/hid-cherry.mod.o
  LD [M]  drivers/hid/hid-cherry.ko
  CC      drivers/hid/hid-chicony.mod.o
  LD [M]  drivers/hid/hid-chicony.ko
  CC      drivers/hid/hid-cypress.mod.o
  LD [M]  drivers/hid/hid-cypress.ko
  CC      drivers/hid/hid-drff.mod.o
  LD [M]  drivers/hid/hid-drff.ko
  CC      drivers/hid/hid-ezkey.mod.o
  LD [M]  drivers/hid/hid-ezkey.ko
  CC      drivers/hid/hid-gaff.mod.o
  LD [M]  drivers/hid/hid-gaff.ko
  CC      drivers/hid/hid-gyration.mod.o
  LD [M]  drivers/hid/hid-gyration.ko
  CC      drivers/hid/hid-kensington.mod.o
  LD [M]  drivers/hid/hid-kensington.ko
  CC      drivers/hid/hid-kye.mod.o
  LD [M]  drivers/hid/hid-kye.ko
  CC      drivers/hid/hid-logitech.mod.o
  LD [M]  drivers/hid/hid-logitech.ko
  CC      drivers/hid/hid-microsoft.mod.o
  LD [M]  drivers/hid/hid-microsoft.ko
  CC      drivers/hid/hid-monterey.mod.o
  LD [M]  drivers/hid/hid-monterey.ko
  CC      drivers/hid/hid-ntrig.mod.o
  LD [M]  drivers/hid/hid-ntrig.ko
  CC      drivers/hid/hid-petalynx.mod.o
  LD [M]  drivers/hid/hid-petalynx.ko
  CC      drivers/hid/hid-pl.mod.o
  LD [M]  drivers/hid/hid-pl.ko
  CC      drivers/hid/hid-samsung.mod.o
  LD [M]  drivers/hid/hid-samsung.ko
  CC      drivers/hid/hid-sjoy.mod.o
  LD [M]  drivers/hid/hid-sjoy.ko
  CC      drivers/hid/hid-sony.mod.o
  LD [M]  drivers/hid/hid-sony.ko
  CC      drivers/hid/hid-sunplus.mod.o
  LD [M]  drivers/hid/hid-sunplus.ko
  CC      drivers/hid/hid-tmff.mod.o
  LD [M]  drivers/hid/hid-tmff.ko
  CC      drivers/hid/hid-topseed.mod.o
  LD [M]  drivers/hid/hid-topseed.ko
  CC      drivers/hid/hid-twinhan.mod.o
  LD [M]  drivers/hid/hid-twinhan.ko
  CC      drivers/hid/hid-zpff.mod.o
  LD [M]  drivers/hid/hid-zpff.ko
  CC      drivers/hid/usbhid/usbhid.mod.o
  LD [M]  drivers/hid/usbhid/usbhid.ko
  CC      drivers/hwmon/adm1021.mod.o
  LD [M]  drivers/hwmon/adm1021.ko
  CC      drivers/hwmon/gl518sm.mod.o
  LD [M]  drivers/hwmon/gl518sm.ko
  CC      drivers/hwmon/hdaps.mod.o
  LD [M]  drivers/hwmon/hdaps.ko
  CC      drivers/hwmon/hwmon-vid.mod.o
  LD [M]  drivers/hwmon/hwmon-vid.ko
  CC      drivers/hwmon/it87.mod.o
  LD [M]  drivers/hwmon/it87.ko
  CC      drivers/hwmon/k10temp.mod.o
  LD [M]  drivers/hwmon/k10temp.ko
  CC      drivers/hwmon/k8temp.mod.o
  LD [M]  drivers/hwmon/k8temp.ko
  CC      drivers/hwmon/lm75.mod.o
  LD [M]  drivers/hwmon/lm75.ko
  CC      drivers/hwmon/lm77.mod.o
  LD [M]  drivers/hwmon/lm77.ko
  CC      drivers/hwmon/lm83.mod.o
  LD [M]  drivers/hwmon/lm83.ko
  CC      drivers/hwmon/lm90.mod.o
  LD [M]  drivers/hwmon/lm90.ko
  CC      drivers/hwmon/via686a.mod.o
  LD [M]  drivers/hwmon/via686a.ko
  CC      drivers/hwmon/vt1211.mod.o
  LD [M]  drivers/hwmon/vt1211.ko
  CC      drivers/hwmon/vt8231.mod.o
  LD [M]  drivers/hwmon/vt8231.ko
  CC      drivers/hwmon/w83627ehf.mod.o
  LD [M]  drivers/hwmon/w83627ehf.ko
  CC      drivers/hwmon/w83627hf.mod.o
  LD [M]  drivers/hwmon/w83627hf.ko
  CC      drivers/hwmon/w83781d.mod.o
  LD [M]  drivers/hwmon/w83781d.ko
  CC      drivers/hwmon/w83793.mod.o
  LD [M]  drivers/hwmon/w83793.ko
  CC      drivers/i2c/algos/i2c-algo-bit.mod.o
  LD [M]  drivers/i2c/algos/i2c-algo-bit.ko
  CC      drivers/i2c/busses/i2c-ali1535.mod.o
  LD [M]  drivers/i2c/busses/i2c-ali1535.ko
  CC      drivers/i2c/busses/i2c-ali15x3.mod.o
  LD [M]  drivers/i2c/busses/i2c-ali15x3.ko
  CC      drivers/i2c/busses/i2c-amd756.mod.o
  LD [M]  drivers/i2c/busses/i2c-amd756.ko
  CC      drivers/i2c/busses/i2c-amd8111.mod.o
  LD [M]  drivers/i2c/busses/i2c-amd8111.ko
  CC      drivers/i2c/busses/i2c-i801.mod.o
  LD [M]  drivers/i2c/busses/i2c-i801.ko
  CC      drivers/i2c/busses/i2c-nforce2.mod.o
  LD [M]  drivers/i2c/busses/i2c-nforce2.ko
  CC      drivers/i2c/busses/i2c-parport-light.mod.o
  LD [M]  drivers/i2c/busses/i2c-parport-light.ko
  CC      drivers/i2c/busses/i2c-piix4.mod.o
  LD [M]  drivers/i2c/busses/i2c-piix4.ko
  CC      drivers/i2c/busses/i2c-sis5595.mod.o
  LD [M]  drivers/i2c/busses/i2c-sis5595.ko
  CC      drivers/i2c/busses/i2c-sis630.mod.o
  LD [M]  drivers/i2c/busses/i2c-sis630.ko
  CC      drivers/i2c/busses/i2c-sis96x.mod.o
  LD [M]  drivers/i2c/busses/i2c-sis96x.ko
  CC      drivers/i2c/busses/i2c-via.mod.o
  LD [M]  drivers/i2c/busses/i2c-via.ko
  CC      drivers/i2c/busses/i2c-viapro.mod.o
  LD [M]  drivers/i2c/busses/i2c-viapro.ko
  CC      drivers/i2c/busses/scx200_acb.mod.o
  LD [M]  drivers/i2c/busses/scx200_acb.ko
  CC      drivers/i2c/i2c-core.mod.o
  LD [M]  drivers/i2c/i2c-core.ko
  CC      drivers/i2c/i2c-dev.mod.o
  LD [M]  drivers/i2c/i2c-dev.ko
  CC      drivers/ide/ide-cd_mod.mod.o
  LD [M]  drivers/ide/ide-cd_mod.ko
  CC      drivers/input/input-polldev.mod.o
  LD [M]  drivers/input/input-polldev.ko
  CC      drivers/input/serio/serport.mod.o
  LD [M]  drivers/input/serio/serport.ko
  CC      drivers/md/dm-log.mod.o
  LD [M]  drivers/md/dm-log.ko
  CC      drivers/md/dm-mirror.mod.o
  LD [M]  drivers/md/dm-mirror.ko
  CC      drivers/md/dm-multipath.mod.o
  LD [M]  drivers/md/dm-multipath.ko
  CC      drivers/md/dm-region-hash.mod.o
  LD [M]  drivers/md/dm-region-hash.ko
  CC      drivers/md/dm-round-robin.mod.o
  LD [M]  drivers/md/dm-round-robin.ko
  CC      drivers/md/dm-snapshot.mod.o
  LD [M]  drivers/md/dm-snapshot.ko
  CC      drivers/md/dm-zero.mod.o
  LD [M]  drivers/md/dm-zero.ko
  CC      drivers/md/faulty.mod.o
  LD [M]  drivers/md/faulty.ko
  CC      drivers/md/md-mod.mod.o
  LD [M]  drivers/md/md-mod.ko
  CC      drivers/md/multipath.mod.o
  LD [M]  drivers/md/multipath.ko
  CC      drivers/md/raid0.mod.o
  LD [M]  drivers/md/raid0.ko
  CC      drivers/md/raid1.mod.o
  LD [M]  drivers/md/raid1.ko
  CC      drivers/md/raid10.mod.o
  LD [M]  drivers/md/raid10.ko
  CC      drivers/md/raid456.mod.o
  LD [M]  drivers/md/raid456.ko
  CC      drivers/md/raid6_pq.mod.o
  LD [M]  drivers/md/raid6_pq.ko
  CC      drivers/net/bonding/bonding.mod.o
  LD [M]  drivers/net/bonding/bonding.ko
  CC      drivers/net/dummy.mod.o
  LD [M]  drivers/net/dummy.ko
  CC      drivers/net/tun.mod.o
  LD [M]  drivers/net/tun.ko
  CC      drivers/scsi/3w-9xxx.mod.o
  LD [M]  drivers/scsi/3w-9xxx.ko
  CC      drivers/scsi/aic7xxx/aic79xx.mod.o
  LD [M]  drivers/scsi/aic7xxx/aic79xx.ko
  CC      drivers/scsi/aic7xxx/aic7xxx.mod.o
  LD [M]  drivers/scsi/aic7xxx/aic7xxx.ko
  CC      drivers/scsi/megaraid/megaraid_mbox.mod.o
  LD [M]  drivers/scsi/megaraid/megaraid_mbox.ko
  CC      drivers/scsi/megaraid/megaraid_mm.mod.o
  LD [M]  drivers/scsi/megaraid/megaraid_mm.ko
  CC      drivers/scsi/megaraid/megaraid_sas.mod.o
  LD [M]  drivers/scsi/megaraid/megaraid_sas.ko
  CC      drivers/scsi/scsi_wait_scan.mod.o
  LD [M]  drivers/scsi/scsi_wait_scan.ko
  CC      drivers/thermal/thermal_sys.mod.o
  LD [M]  drivers/thermal/thermal_sys.ko
  CC      drivers/usb/core/usbcore.mod.o
  LD [M]  drivers/usb/core/usbcore.ko
  CC      drivers/usb/host/ehci-hcd.mod.o
  LD [M]  drivers/usb/host/ehci-hcd.ko
  CC      drivers/usb/host/ohci-hcd.mod.o
  LD [M]  drivers/usb/host/ohci-hcd.ko
  CC      drivers/usb/host/uhci-hcd.mod.o
  LD [M]  drivers/usb/host/uhci-hcd.ko
  CC      drivers/usb/storage/usb-storage.mod.o
  LD [M]  drivers/usb/storage/usb-storage.ko
  CC      drivers/virtio/virtio.mod.o
  LD [M]  drivers/virtio/virtio.ko
  CC      drivers/virtio/virtio_balloon.mod.o
  LD [M]  drivers/virtio/virtio_balloon.ko
  CC      drivers/virtio/virtio_pci.mod.o
  LD [M]  drivers/virtio/virtio_pci.ko
  CC      drivers/virtio/virtio_ring.mod.o
  LD [M]  drivers/virtio/virtio_ring.ko
  CC      drivers/watchdog/sc1200wdt.mod.o
  LD [M]  drivers/watchdog/sc1200wdt.ko
  CC      drivers/watchdog/scx200_wdt.mod.o
  LD [M]  drivers/watchdog/scx200_wdt.ko
  CC      drivers/watchdog/softdog.mod.o
  LD [M]  drivers/watchdog/softdog.ko
  CC      fs/cramfs/cramfs.mod.o
  LD [M]  fs/cramfs/cramfs.ko
  CC      fs/fuse/fuse.mod.o
  LD [M]  fs/fuse/fuse.ko
  CC      fs/isofs/isofs.mod.o
  LD [M]  fs/isofs/isofs.ko
  CC      fs/nfsd/nfsd.mod.o
  LD [M]  fs/nfsd/nfsd.ko
  CC      fs/nls/nls_cp437.mod.o
  LD [M]  fs/nls/nls_cp437.ko
  CC      fs/nls/nls_iso8859-1.mod.o
  LD [M]  fs/nls/nls_iso8859-1.ko
  CC      fs/nls/nls_utf8.mod.o
  LD [M]  fs/nls/nls_utf8.ko
  CC      fs/udf/udf.mod.o
  LD [M]  fs/udf/udf.ko
  CC      fs/unionfs/unionfs.mod.o
  LD [M]  fs/unionfs/unionfs.ko
  CC      lib/crc-ccitt.mod.o
  LD [M]  lib/crc-ccitt.ko
  CC      lib/crc-itu-t.mod.o
  LD [M]  lib/crc-itu-t.ko
  CC      lib/crc16.mod.o
  LD [M]  lib/crc16.ko
  CC      lib/libcrc32c.mod.o
  LD [M]  lib/libcrc32c.ko
  CC      lib/ts_bm.mod.o
  LD [M]  lib/ts_bm.ko
  CC      lib/ts_fsm.mod.o
  LD [M]  lib/ts_fsm.ko
  CC      lib/ts_kmp.mod.o
  LD [M]  lib/ts_kmp.ko
  CC      lib/zlib_deflate/zlib_deflate.mod.o
  LD [M]  lib/zlib_deflate/zlib_deflate.ko
  CC      net/802/p8022.mod.o
  LD [M]  net/802/p8022.ko
  CC      net/802/psnap.mod.o
  LD [M]  net/802/psnap.ko
  CC      net/802/stp.mod.o
  LD [M]  net/802/stp.ko
  CC      net/8021q/8021q.mod.o
  LD [M]  net/8021q/8021q.ko
  CC      net/bridge/bridge.mod.o
  LD [M]  net/bridge/bridge.ko
  CC      net/bridge/netfilter/ebt_802_3.mod.o
  LD [M]  net/bridge/netfilter/ebt_802_3.ko
  CC      net/bridge/netfilter/ebt_among.mod.o
  LD [M]  net/bridge/netfilter/ebt_among.ko
  CC      net/bridge/netfilter/ebt_arp.mod.o
  LD [M]  net/bridge/netfilter/ebt_arp.ko
  CC      net/bridge/netfilter/ebt_arpreply.mod.o
  LD [M]  net/bridge/netfilter/ebt_arpreply.ko
  CC      net/bridge/netfilter/ebt_dnat.mod.o
  LD [M]  net/bridge/netfilter/ebt_dnat.ko
  CC      net/bridge/netfilter/ebt_ip.mod.o
  LD [M]  net/bridge/netfilter/ebt_ip.ko
  CC      net/bridge/netfilter/ebt_limit.mod.o
  LD [M]  net/bridge/netfilter/ebt_limit.ko
  CC      net/bridge/netfilter/ebt_log.mod.o
  LD [M]  net/bridge/netfilter/ebt_log.ko
  CC      net/bridge/netfilter/ebt_mark.mod.o
  LD [M]  net/bridge/netfilter/ebt_mark.ko
  CC      net/bridge/netfilter/ebt_mark_m.mod.o
  LD [M]  net/bridge/netfilter/ebt_mark_m.ko
  CC      net/bridge/netfilter/ebt_pkttype.mod.o
  LD [M]  net/bridge/netfilter/ebt_pkttype.ko
  CC      net/bridge/netfilter/ebt_redirect.mod.o
  LD [M]  net/bridge/netfilter/ebt_redirect.ko
  CC      net/bridge/netfilter/ebt_snat.mod.o
  LD [M]  net/bridge/netfilter/ebt_snat.ko
  CC      net/bridge/netfilter/ebt_stp.mod.o
  LD [M]  net/bridge/netfilter/ebt_stp.ko
  CC      net/bridge/netfilter/ebt_vlan.mod.o
  LD [M]  net/bridge/netfilter/ebt_vlan.ko
  CC      net/bridge/netfilter/ebtable_broute.mod.o
  LD [M]  net/bridge/netfilter/ebtable_broute.ko
  CC      net/bridge/netfilter/ebtable_filter.mod.o
  LD [M]  net/bridge/netfilter/ebtable_filter.ko
  CC      net/bridge/netfilter/ebtable_nat.mod.o
  LD [M]  net/bridge/netfilter/ebtable_nat.ko
  CC      net/bridge/netfilter/ebtables.mod.o
  LD [M]  net/bridge/netfilter/ebtables.ko
  CC      net/ipv4/netfilter/arp_tables.mod.o
  LD [M]  net/ipv4/netfilter/arp_tables.ko
  CC      net/ipv4/netfilter/arpt_mangle.mod.o
  LD [M]  net/ipv4/netfilter/arpt_mangle.ko
  CC      net/ipv4/netfilter/arptable_filter.mod.o
  LD [M]  net/ipv4/netfilter/arptable_filter.ko
  CC      net/ipv4/netfilter/ip_queue.mod.o
  LD [M]  net/ipv4/netfilter/ip_queue.ko
  CC      net/ipv4/netfilter/ip_tables.mod.o
  LD [M]  net/ipv4/netfilter/ip_tables.ko
  CC      net/ipv4/netfilter/ipt_ECN.mod.o
  LD [M]  net/ipv4/netfilter/ipt_ECN.ko
  CC      net/ipv4/netfilter/ipt_LOG.mod.o
  LD [M]  net/ipv4/netfilter/ipt_LOG.ko
  CC      net/ipv4/netfilter/ipt_REJECT.mod.o
  LD [M]  net/ipv4/netfilter/ipt_REJECT.ko
  CC      net/ipv4/netfilter/ipt_ULOG.mod.o
  LD [M]  net/ipv4/netfilter/ipt_ULOG.ko
  CC      net/ipv4/netfilter/ipt_addrtype.mod.o
  LD [M]  net/ipv4/netfilter/ipt_addrtype.ko
  CC      net/ipv4/netfilter/ipt_ah.mod.o
  LD [M]  net/ipv4/netfilter/ipt_ah.ko
  CC      net/ipv4/netfilter/ipt_ecn.mod.o
  LD [M]  net/ipv4/netfilter/ipt_ecn.ko
  CC      net/ipv4/netfilter/iptable_filter.mod.o
  LD [M]  net/ipv4/netfilter/iptable_filter.ko
  CC      net/ipv4/netfilter/iptable_mangle.mod.o
  LD [M]  net/ipv4/netfilter/iptable_mangle.ko
  CC      net/ipv4/netfilter/iptable_raw.mod.o
  LD [M]  net/ipv4/netfilter/iptable_raw.ko
  CC      net/llc/llc.mod.o
  LD [M]  net/llc/llc.ko
  CC      net/netfilter/nfnetlink.mod.o
  LD [M]  net/netfilter/nfnetlink.ko
  CC      net/netfilter/nfnetlink_log.mod.o
  LD [M]  net/netfilter/nfnetlink_log.ko
  CC      net/netfilter/nfnetlink_queue.mod.o
  LD [M]  net/netfilter/nfnetlink_queue.ko
  CC      net/netfilter/x_tables.mod.o
  LD [M]  net/netfilter/x_tables.ko
  CC      net/netfilter/xt_CLASSIFY.mod.o
  LD [M]  net/netfilter/xt_CLASSIFY.ko
  CC      net/netfilter/xt_DSCP.mod.o
  LD [M]  net/netfilter/xt_DSCP.ko
  CC      net/netfilter/xt_HL.mod.o
  LD [M]  net/netfilter/xt_HL.ko
  CC      net/netfilter/xt_MARK.mod.o
  LD [M]  net/netfilter/xt_MARK.ko
  CC      net/netfilter/xt_NFLOG.mod.o
  LD [M]  net/netfilter/xt_NFLOG.ko
  CC      net/netfilter/xt_NFQUEUE.mod.o
  LD [M]  net/netfilter/xt_NFQUEUE.ko
  CC      net/netfilter/xt_TCPMSS.mod.o
  LD [M]  net/netfilter/xt_TCPMSS.ko
  CC      net/netfilter/xt_comment.mod.o
  LD [M]  net/netfilter/xt_comment.ko
  CC      net/netfilter/xt_dccp.mod.o
  LD [M]  net/netfilter/xt_dccp.ko
  CC      net/netfilter/xt_dscp.mod.o
  LD [M]  net/netfilter/xt_dscp.ko
  CC      net/netfilter/xt_esp.mod.o
  LD [M]  net/netfilter/xt_esp.ko
  CC      net/netfilter/xt_hashlimit.mod.o
  LD [M]  net/netfilter/xt_hashlimit.ko
  CC      net/netfilter/xt_hl.mod.o
  LD [M]  net/netfilter/xt_hl.ko
  CC      net/netfilter/xt_length.mod.o
  LD [M]  net/netfilter/xt_length.ko
  CC      net/netfilter/xt_limit.mod.o
  LD [M]  net/netfilter/xt_limit.ko
  CC      net/netfilter/xt_mac.mod.o
  LD [M]  net/netfilter/xt_mac.ko
  CC      net/netfilter/xt_mark.mod.o
  LD [M]  net/netfilter/xt_mark.ko
  CC      net/netfilter/xt_multiport.mod.o
  LD [M]  net/netfilter/xt_multiport.ko
  CC      net/netfilter/xt_physdev.mod.o
  LD [M]  net/netfilter/xt_physdev.ko
  CC      net/netfilter/xt_pkttype.mod.o
  LD [M]  net/netfilter/xt_pkttype.ko
  CC      net/netfilter/xt_policy.mod.o
  LD [M]  net/netfilter/xt_policy.ko
  CC      net/netfilter/xt_quota.mod.o
  LD [M]  net/netfilter/xt_quota.ko
  CC      net/netfilter/xt_realm.mod.o
  LD [M]  net/netfilter/xt_realm.ko
  CC      net/netfilter/xt_statistic.mod.o
  LD [M]  net/netfilter/xt_statistic.ko
  CC      net/netfilter/xt_string.mod.o
  LD [M]  net/netfilter/xt_string.ko
  CC      net/netfilter/xt_tcpmss.mod.o
  LD [M]  net/netfilter/xt_tcpmss.ko
  CC      net/netfilter/xt_tcpudp.mod.o
  LD [M]  net/netfilter/xt_tcpudp.ko
