  INSTALL arch/x86/kernel/microcode.ko
  INSTALL arch/x86/kernel/scx200.ko
  INSTALL arch/x86/kvm/kvm-amd.ko
  INSTALL arch/x86/kvm/kvm-intel.ko
  INSTALL arch/x86/kvm/kvm.ko
  INSTALL crypto/aead.ko
  INSTALL crypto/aes_generic.ko
  INSTALL crypto/ansi_cprng.ko
  INSTALL crypto/async_tx/async_memcpy.ko
  INSTALL crypto/async_tx/async_pq.ko
  INSTALL crypto/async_tx/async_raid6_recov.ko
  INSTALL crypto/async_tx/async_tx.ko
  INSTALL crypto/async_tx/async_xor.ko
  INSTALL crypto/blowfish.ko
  INSTALL crypto/chainiv.ko
  INSTALL crypto/crc32c.ko
  INSTALL crypto/crypto_algapi.ko
  INSTALL crypto/crypto_blkcipher.ko
  INSTALL crypto/crypto_hash.ko
  INSTALL crypto/crypto_wq.ko
  INSTALL crypto/cryptomgr.ko
  INSTALL crypto/deflate.ko
  INSTALL crypto/des_generic.ko
  INSTALL crypto/eseqiv.ko
  INSTALL crypto/hmac.ko
  INSTALL crypto/krng.ko
  INSTALL crypto/md5.ko
  INSTALL crypto/pcompress.ko
  INSTALL crypto/rng.ko
  INSTALL crypto/sha1_generic.ko
  INSTALL crypto/sha256_generic.ko
  INSTALL crypto/sha512_generic.ko
  INSTALL crypto/xor.ko
  INSTALL drivers/acpi/button.ko
  INSTALL drivers/acpi/container.ko
  INSTALL drivers/acpi/fan.ko
  INSTALL drivers/acpi/processor.ko
  INSTALL drivers/acpi/thermal.ko
  INSTALL drivers/ata/sata_nv.ko
  INSTALL drivers/ata/sata_svw.ko
  INSTALL drivers/ata/sata_via.ko
  INSTALL drivers/block/nbd.ko
  INSTALL drivers/cdrom/cdrom.ko
  INSTALL drivers/char/ipmi/ipmi_devintf.ko
  INSTALL drivers/char/ipmi/ipmi_msghandler.ko
  INSTALL drivers/char/ipmi/ipmi_poweroff.ko
  INSTALL drivers/char/ipmi/ipmi_si.ko
  INSTALL drivers/char/ipmi/ipmi_watchdog.ko
  INSTALL drivers/char/nsc_gpio.ko
  INSTALL drivers/char/scx200_gpio.ko
  INSTALL drivers/clocksource/scx200_hrt.ko
  INSTALL drivers/hid/hid-a4tech.ko
  INSTALL drivers/hid/hid-apple.ko
  INSTALL drivers/hid/hid-belkin.ko
  INSTALL drivers/hid/hid-cherry.ko
  INSTALL drivers/hid/hid-chicony.ko
  INSTALL drivers/hid/hid-cypress.ko
  INSTALL drivers/hid/hid-drff.ko
  INSTALL drivers/hid/hid-ezkey.ko
  INSTALL drivers/hid/hid-gaff.ko
  INSTALL drivers/hid/hid-gyration.ko
  INSTALL drivers/hid/hid-kensington.ko
  INSTALL drivers/hid/hid-kye.ko
  INSTALL drivers/hid/hid-logitech.ko
  INSTALL drivers/hid/hid-microsoft.ko
  INSTALL drivers/hid/hid-monterey.ko
  INSTALL drivers/hid/hid-ntrig.ko
  INSTALL drivers/hid/hid-petalynx.ko
  INSTALL drivers/hid/hid-pl.ko
  INSTALL drivers/hid/hid-samsung.ko
  INSTALL drivers/hid/hid-sjoy.ko
  INSTALL drivers/hid/hid-sony.ko
  INSTALL drivers/hid/hid-sunplus.ko
  INSTALL drivers/hid/hid-tmff.ko
  INSTALL drivers/hid/hid-topseed.ko
  INSTALL drivers/hid/hid-twinhan.ko
  INSTALL drivers/hid/hid-zpff.ko
  INSTALL drivers/hid/usbhid/usbhid.ko
  INSTALL drivers/hwmon/adm1021.ko
  INSTALL drivers/hwmon/gl518sm.ko
  INSTALL drivers/hwmon/hdaps.ko
  INSTALL drivers/hwmon/hwmon-vid.ko
  INSTALL drivers/hwmon/it87.ko
  INSTALL drivers/hwmon/k10temp.ko
  INSTALL drivers/hwmon/k8temp.ko
  INSTALL drivers/hwmon/lm75.ko
  INSTALL drivers/hwmon/lm77.ko
  INSTALL drivers/hwmon/lm83.ko
  INSTALL drivers/hwmon/lm90.ko
  INSTALL drivers/hwmon/via686a.ko
  INSTALL drivers/hwmon/vt1211.ko
  INSTALL drivers/hwmon/vt8231.ko
  INSTALL drivers/hwmon/w83627ehf.ko
  INSTALL drivers/hwmon/w83627hf.ko
  INSTALL drivers/hwmon/w83781d.ko
  INSTALL drivers/hwmon/w83793.ko
  INSTALL drivers/i2c/algos/i2c-algo-bit.ko
  INSTALL drivers/i2c/busses/i2c-ali1535.ko
  INSTALL drivers/i2c/busses/i2c-ali15x3.ko
  INSTALL drivers/i2c/busses/i2c-amd756.ko
  INSTALL drivers/i2c/busses/i2c-amd8111.ko
  INSTALL drivers/i2c/busses/i2c-i801.ko
  INSTALL drivers/i2c/busses/i2c-nforce2.ko
  INSTALL drivers/i2c/busses/i2c-parport-light.ko
  INSTALL drivers/i2c/busses/i2c-piix4.ko
  INSTALL drivers/i2c/busses/i2c-sis5595.ko
  INSTALL drivers/i2c/busses/i2c-sis630.ko
  INSTALL drivers/i2c/busses/i2c-sis96x.ko
  INSTALL drivers/i2c/busses/i2c-via.ko
  INSTALL drivers/i2c/busses/i2c-viapro.ko
  INSTALL drivers/i2c/busses/scx200_acb.ko
  INSTALL drivers/i2c/i2c-core.ko
  INSTALL drivers/i2c/i2c-dev.ko
  INSTALL drivers/ide/ide-cd_mod.ko
  INSTALL drivers/input/input-polldev.ko
  INSTALL drivers/input/serio/serport.ko
  INSTALL drivers/md/dm-log.ko
  INSTALL drivers/md/dm-mirror.ko
  INSTALL drivers/md/dm-multipath.ko
  INSTALL drivers/md/dm-region-hash.ko
  INSTALL drivers/md/dm-round-robin.ko
  INSTALL drivers/md/dm-snapshot.ko
  INSTALL drivers/md/dm-zero.ko
  INSTALL drivers/md/faulty.ko
  INSTALL drivers/md/md-mod.ko
  INSTALL drivers/md/multipath.ko
  INSTALL drivers/md/raid0.ko
  INSTALL drivers/md/raid1.ko
  INSTALL drivers/md/raid10.ko
  INSTALL drivers/md/raid456.ko
  INSTALL drivers/md/raid6_pq.ko
  INSTALL drivers/net/bonding/bonding.ko
  INSTALL drivers/net/dummy.ko
  INSTALL drivers/net/tun.ko
  INSTALL drivers/scsi/3w-9xxx.ko
  INSTALL drivers/scsi/aic7xxx/aic79xx.ko
  INSTALL drivers/scsi/aic7xxx/aic7xxx.ko
  INSTALL drivers/scsi/megaraid/megaraid_mbox.ko
  INSTALL drivers/scsi/megaraid/megaraid_mm.ko
  INSTALL drivers/scsi/megaraid/megaraid_sas.ko
  INSTALL drivers/scsi/scsi_wait_scan.ko
  INSTALL drivers/thermal/thermal_sys.ko
  INSTALL drivers/usb/core/usbcore.ko
  INSTALL drivers/usb/host/ehci-hcd.ko
  INSTALL drivers/usb/host/ohci-hcd.ko
  INSTALL drivers/usb/host/uhci-hcd.ko
  INSTALL drivers/usb/storage/usb-storage.ko
  INSTALL drivers/virtio/virtio.ko
  INSTALL drivers/virtio/virtio_balloon.ko
  INSTALL drivers/virtio/virtio_pci.ko
  INSTALL drivers/virtio/virtio_ring.ko
  INSTALL drivers/watchdog/sc1200wdt.ko
  INSTALL drivers/watchdog/scx200_wdt.ko
  INSTALL drivers/watchdog/softdog.ko
  INSTALL fs/cramfs/cramfs.ko
  INSTALL fs/fuse/fuse.ko
  INSTALL fs/isofs/isofs.ko
  INSTALL fs/nfsd/nfsd.ko
  INSTALL fs/nls/nls_cp437.ko
  INSTALL fs/nls/nls_iso8859-1.ko
  INSTALL fs/nls/nls_utf8.ko
  INSTALL fs/udf/udf.ko
  INSTALL fs/unionfs/unionfs.ko
  INSTALL lib/crc-ccitt.ko
  INSTALL lib/crc-itu-t.ko
  INSTALL lib/crc16.ko
  INSTALL lib/libcrc32c.ko
  INSTALL lib/ts_bm.ko
  INSTALL lib/ts_fsm.ko
  INSTALL lib/ts_kmp.ko
  INSTALL lib/zlib_deflate/zlib_deflate.ko
  INSTALL net/802/p8022.ko
  INSTALL net/802/psnap.ko
  INSTALL net/802/stp.ko
  INSTALL net/8021q/8021q.ko
  INSTALL net/bridge/bridge.ko
  INSTALL net/bridge/netfilter/ebt_802_3.ko
  INSTALL net/bridge/netfilter/ebt_among.ko
  INSTALL net/bridge/netfilter/ebt_arp.ko
  INSTALL net/bridge/netfilter/ebt_arpreply.ko
  INSTALL net/bridge/netfilter/ebt_dnat.ko
  INSTALL net/bridge/netfilter/ebt_ip.ko
  INSTALL net/bridge/netfilter/ebt_limit.ko
  INSTALL net/bridge/netfilter/ebt_log.ko
  INSTALL net/bridge/netfilter/ebt_mark.ko
  INSTALL net/bridge/netfilter/ebt_mark_m.ko
  INSTALL net/bridge/netfilter/ebt_pkttype.ko
  INSTALL net/bridge/netfilter/ebt_redirect.ko
  INSTALL net/bridge/netfilter/ebt_snat.ko
  INSTALL net/bridge/netfilter/ebt_stp.ko
  INSTALL net/bridge/netfilter/ebt_vlan.ko
  INSTALL net/bridge/netfilter/ebtable_broute.ko
  INSTALL net/bridge/netfilter/ebtable_filter.ko
  INSTALL net/bridge/netfilter/ebtable_nat.ko
  INSTALL net/bridge/netfilter/ebtables.ko
  INSTALL net/ipv4/netfilter/arp_tables.ko
  INSTALL net/ipv4/netfilter/arpt_mangle.ko
  INSTALL net/ipv4/netfilter/arptable_filter.ko
  INSTALL net/ipv4/netfilter/ip_queue.ko
  INSTALL net/ipv4/netfilter/ip_tables.ko
  INSTALL net/ipv4/netfilter/ipt_ECN.ko
  INSTALL net/ipv4/netfilter/ipt_LOG.ko
  INSTALL net/ipv4/netfilter/ipt_REJECT.ko
  INSTALL net/ipv4/netfilter/ipt_ULOG.ko
  INSTALL net/ipv4/netfilter/ipt_addrtype.ko
  INSTALL net/ipv4/netfilter/ipt_ah.ko
  INSTALL net/ipv4/netfilter/ipt_ecn.ko
  INSTALL net/ipv4/netfilter/iptable_filter.ko
  INSTALL net/ipv4/netfilter/iptable_mangle.ko
  INSTALL net/ipv4/netfilter/iptable_raw.ko
  INSTALL net/llc/llc.ko
  INSTALL net/netfilter/nfnetlink.ko
  INSTALL net/netfilter/nfnetlink_log.ko
  INSTALL net/netfilter/nfnetlink_queue.ko
  INSTALL net/netfilter/x_tables.ko
  INSTALL net/netfilter/xt_CLASSIFY.ko
  INSTALL net/netfilter/xt_DSCP.ko
  INSTALL net/netfilter/xt_HL.ko
  INSTALL net/netfilter/xt_MARK.ko
  INSTALL net/netfilter/xt_NFLOG.ko
  INSTALL net/netfilter/xt_NFQUEUE.ko
  INSTALL net/netfilter/xt_TCPMSS.ko
  INSTALL net/netfilter/xt_comment.ko
  INSTALL net/netfilter/xt_dccp.ko
  INSTALL net/netfilter/xt_dscp.ko
  INSTALL net/netfilter/xt_esp.ko
  INSTALL net/netfilter/xt_hashlimit.ko
  INSTALL net/netfilter/xt_hl.ko
  INSTALL net/netfilter/xt_length.ko
  INSTALL net/netfilter/xt_limit.ko
  INSTALL net/netfilter/xt_mac.ko
  INSTALL net/netfilter/xt_mark.ko
  INSTALL net/netfilter/xt_multiport.ko
  INSTALL net/netfilter/xt_physdev.ko
  INSTALL net/netfilter/xt_pkttype.ko
  INSTALL net/netfilter/xt_policy.ko
  INSTALL net/netfilter/xt_quota.ko
  INSTALL net/netfilter/xt_realm.ko
  INSTALL net/netfilter/xt_statistic.ko
  INSTALL net/netfilter/xt_string.ko
  INSTALL net/netfilter/xt_tcpmss.ko
  INSTALL net/netfilter/xt_tcpudp.ko
  DEPMOD  2.6.33.20
