Found a patch, skipping...
module-init-tools-3.2.2/
module-init-tools-3.2.2/doc/
module-init-tools-3.2.2/doc/modprobe.conf.sgml
module-init-tools-3.2.2/doc/modules.dep.sgml
module-init-tools-3.2.2/doc/depmod.sgml
module-init-tools-3.2.2/doc/insmod.sgml
module-init-tools-3.2.2/doc/lsmod.sgml
module-init-tools-3.2.2/doc/rmmod.sgml
module-init-tools-3.2.2/doc/modprobe.sgml
module-init-tools-3.2.2/doc/modinfo.sgml
module-init-tools-3.2.2/tests/
module-init-tools-3.2.2/tests/data/
module-init-tools-3.2.2/tests/data/32-be/
module-init-tools-3.2.2/tests/data/32-be/alias/
module-init-tools-3.2.2/tests/data/32-be/alias/alias-32.ko
module-init-tools-3.2.2/tests/data/32-be/complex/
module-init-tools-3.2.2/tests/data/32-be/complex/complex_a-32.ko
module-init-tools-3.2.2/tests/data/32-be/complex/complex_b-32.ko
module-init-tools-3.2.2/tests/data/32-be/complex/complex_c-32.ko
module-init-tools-3.2.2/tests/data/32-be/complex/complex_d-32.ko
module-init-tools-3.2.2/tests/data/32-be/complex/complex_e-32.ko
module-init-tools-3.2.2/tests/data/32-be/loop/
module-init-tools-3.2.2/tests/data/32-be/loop/loop_dep-32.ko
module-init-tools-3.2.2/tests/data/32-be/loop/loop1-32.ko
module-init-tools-3.2.2/tests/data/32-be/loop/loop2-32.ko
module-init-tools-3.2.2/tests/data/32-be/map/
module-init-tools-3.2.2/tests/data/32-be/map/ieee1394_map-32.ko
module-init-tools-3.2.2/tests/data/32-be/map/ccw_map-32.ko
module-init-tools-3.2.2/tests/data/32-be/map/input_map_new-32.ko
module-init-tools-3.2.2/tests/data/32-be/map/input_map-32.ko
module-init-tools-3.2.2/tests/data/32-be/map/of_map-32.ko
module-init-tools-3.2.2/tests/data/32-be/map/pci_map-32.ko
module-init-tools-3.2.2/tests/data/32-be/map/pnp_map-32.ko
module-init-tools-3.2.2/tests/data/32-be/map/usb_map-32.ko
module-init-tools-3.2.2/tests/data/32-be/modinfo/
module-init-tools-3.2.2/tests/data/32-be/modinfo/modinfo-32.ko
module-init-tools-3.2.2/tests/data/32-be/normal/
module-init-tools-3.2.2/tests/data/32-be/normal/export_nodep-32.ko
module-init-tools-3.2.2/tests/data/32-be/normal/export_dep-32.ko
module-init-tools-3.2.2/tests/data/32-be/normal/noexport_doubledep-32.ko
module-init-tools-3.2.2/tests/data/32-be/normal/noexport_dep-32.ko
module-init-tools-3.2.2/tests/data/32-be/normal/noexport_nodep-32.ko
module-init-tools-3.2.2/tests/data/32-be/rename/
module-init-tools-3.2.2/tests/data/32-be/rename/rename-version-32.ko
module-init-tools-3.2.2/tests/data/32-be/rename/rename-new-32.ko
module-init-tools-3.2.2/tests/data/32-be/rename/rename-old-32.ko
module-init-tools-3.2.2/tests/data/32-be/unknown/
module-init-tools-3.2.2/tests/data/32-be/unknown/unknown-32.ko
module-init-tools-3.2.2/tests/data/32-le/
module-init-tools-3.2.2/tests/data/32-le/alias/
module-init-tools-3.2.2/tests/data/32-le/alias/alias-32.ko
module-init-tools-3.2.2/tests/data/32-le/complex/
module-init-tools-3.2.2/tests/data/32-le/complex/complex_a-32.ko
module-init-tools-3.2.2/tests/data/32-le/complex/complex_b-32.ko
module-init-tools-3.2.2/tests/data/32-le/complex/complex_c-32.ko
module-init-tools-3.2.2/tests/data/32-le/complex/complex_d-32.ko
module-init-tools-3.2.2/tests/data/32-le/complex/complex_e-32.ko
module-init-tools-3.2.2/tests/data/32-le/loop/
module-init-tools-3.2.2/tests/data/32-le/loop/loop1-32.ko
module-init-tools-3.2.2/tests/data/32-le/loop/loop2-32.ko
module-init-tools-3.2.2/tests/data/32-le/loop/loop_dep-32.ko
module-init-tools-3.2.2/tests/data/32-le/map/
module-init-tools-3.2.2/tests/data/32-le/map/ccw_map-32.ko
module-init-tools-3.2.2/tests/data/32-le/map/ieee1394_map-32.ko
module-init-tools-3.2.2/tests/data/32-le/map/input_map-32.ko
module-init-tools-3.2.2/tests/data/32-le/map/input_map_new-32.ko
module-init-tools-3.2.2/tests/data/32-le/map/of_map-32.ko
module-init-tools-3.2.2/tests/data/32-le/map/pci_map-32.ko
module-init-tools-3.2.2/tests/data/32-le/map/pnp_map-32.ko
module-init-tools-3.2.2/tests/data/32-le/map/usb_map-32.ko
module-init-tools-3.2.2/tests/data/32-le/modinfo/
module-init-tools-3.2.2/tests/data/32-le/modinfo/modinfo-32.ko
module-init-tools-3.2.2/tests/data/32-le/normal/
module-init-tools-3.2.2/tests/data/32-le/normal/export_dep-32.ko
module-init-tools-3.2.2/tests/data/32-le/normal/export_nodep-32.ko
module-init-tools-3.2.2/tests/data/32-le/normal/noexport_dep-32.ko
module-init-tools-3.2.2/tests/data/32-le/normal/noexport_doubledep-32.ko
module-init-tools-3.2.2/tests/data/32-le/normal/noexport_nodep-32.ko
module-init-tools-3.2.2/tests/data/32-le/rename/
module-init-tools-3.2.2/tests/data/32-le/rename/rename-new-32.ko
module-init-tools-3.2.2/tests/data/32-le/rename/rename-old-32.ko
module-init-tools-3.2.2/tests/data/32-le/rename/rename-version-32.ko
module-init-tools-3.2.2/tests/data/32-le/unknown/
module-init-tools-3.2.2/tests/data/32-le/unknown/unknown-32.ko
module-init-tools-3.2.2/tests/data/64-be/
module-init-tools-3.2.2/tests/data/64-be/alias/
module-init-tools-3.2.2/tests/data/64-be/alias/alias-64.ko
module-init-tools-3.2.2/tests/data/64-be/complex/
module-init-tools-3.2.2/tests/data/64-be/complex/complex_a-64.ko
module-init-tools-3.2.2/tests/data/64-be/complex/complex_b-64.ko
module-init-tools-3.2.2/tests/data/64-be/complex/complex_c-64.ko
module-init-tools-3.2.2/tests/data/64-be/complex/complex_d-64.ko
module-init-tools-3.2.2/tests/data/64-be/complex/complex_e-64.ko
module-init-tools-3.2.2/tests/data/64-be/loop/
module-init-tools-3.2.2/tests/data/64-be/loop/loop_dep-64.ko
module-init-tools-3.2.2/tests/data/64-be/loop/loop1-64.ko
module-init-tools-3.2.2/tests/data/64-be/loop/loop2-64.ko
module-init-tools-3.2.2/tests/data/64-be/map/
module-init-tools-3.2.2/tests/data/64-be/map/ieee1394_map-64.ko
module-init-tools-3.2.2/tests/data/64-be/map/ccw_map-64.ko
module-init-tools-3.2.2/tests/data/64-be/map/input_map_new-64.ko
module-init-tools-3.2.2/tests/data/64-be/map/input_map-64.ko
module-init-tools-3.2.2/tests/data/64-be/map/of_map-64.ko
module-init-tools-3.2.2/tests/data/64-be/map/pci_map-64.ko
module-init-tools-3.2.2/tests/data/64-be/map/pnp_map-64.ko
module-init-tools-3.2.2/tests/data/64-be/map/usb_map-64.ko
module-init-tools-3.2.2/tests/data/64-be/modinfo/
module-init-tools-3.2.2/tests/data/64-be/modinfo/modinfo-64.ko
module-init-tools-3.2.2/tests/data/64-be/normal/
module-init-tools-3.2.2/tests/data/64-be/normal/export_nodep-64.ko
module-init-tools-3.2.2/tests/data/64-be/normal/export_dep-64.ko
module-init-tools-3.2.2/tests/data/64-be/normal/noexport_doubledep-64.ko
module-init-tools-3.2.2/tests/data/64-be/normal/noexport_dep-64.ko
module-init-tools-3.2.2/tests/data/64-be/normal/noexport_nodep-64.ko
module-init-tools-3.2.2/tests/data/64-be/rename/
module-init-tools-3.2.2/tests/data/64-be/rename/rename-version-64.ko
module-init-tools-3.2.2/tests/data/64-be/rename/rename-new-64.ko
module-init-tools-3.2.2/tests/data/64-be/rename/rename-old-64.ko
module-init-tools-3.2.2/tests/data/64-be/unknown/
module-init-tools-3.2.2/tests/data/64-be/unknown/unknown-64.ko
module-init-tools-3.2.2/tests/data/64-le/
module-init-tools-3.2.2/tests/data/64-le/alias/
module-init-tools-3.2.2/tests/data/64-le/alias/alias-64.ko
module-init-tools-3.2.2/tests/data/64-le/complex/
module-init-tools-3.2.2/tests/data/64-le/complex/complex_a-64.ko
module-init-tools-3.2.2/tests/data/64-le/complex/complex_b-64.ko
module-init-tools-3.2.2/tests/data/64-le/complex/complex_c-64.ko
module-init-tools-3.2.2/tests/data/64-le/complex/complex_d-64.ko
module-init-tools-3.2.2/tests/data/64-le/complex/complex_e-64.ko
module-init-tools-3.2.2/tests/data/64-le/loop/
module-init-tools-3.2.2/tests/data/64-le/loop/loop_dep-64.ko
module-init-tools-3.2.2/tests/data/64-le/loop/loop1-64.ko
module-init-tools-3.2.2/tests/data/64-le/loop/loop2-64.ko
module-init-tools-3.2.2/tests/data/64-le/map/
module-init-tools-3.2.2/tests/data/64-le/map/ieee1394_map-64.ko
module-init-tools-3.2.2/tests/data/64-le/map/ccw_map-64.ko
module-init-tools-3.2.2/tests/data/64-le/map/input_map_new-64.ko
module-init-tools-3.2.2/tests/data/64-le/map/input_map-64.ko
module-init-tools-3.2.2/tests/data/64-le/map/of_map-64.ko
module-init-tools-3.2.2/tests/data/64-le/map/pci_map-64.ko
module-init-tools-3.2.2/tests/data/64-le/map/pnp_map-64.ko
module-init-tools-3.2.2/tests/data/64-le/map/usb_map-64.ko
module-init-tools-3.2.2/tests/data/64-le/modinfo/
module-init-tools-3.2.2/tests/data/64-le/modinfo/modinfo-64.ko
module-init-tools-3.2.2/tests/data/64-le/normal/
module-init-tools-3.2.2/tests/data/64-le/normal/export_nodep-64.ko
module-init-tools-3.2.2/tests/data/64-le/normal/export_dep-64.ko
module-init-tools-3.2.2/tests/data/64-le/normal/noexport_doubledep-64.ko
module-init-tools-3.2.2/tests/data/64-le/normal/noexport_dep-64.ko
module-init-tools-3.2.2/tests/data/64-le/normal/noexport_nodep-64.ko
module-init-tools-3.2.2/tests/data/64-le/rename/
module-init-tools-3.2.2/tests/data/64-le/rename/rename-version-64.ko
module-init-tools-3.2.2/tests/data/64-le/rename/rename-new-64.ko
module-init-tools-3.2.2/tests/data/64-le/rename/rename-old-64.ko
module-init-tools-3.2.2/tests/data/64-le/unknown/
module-init-tools-3.2.2/tests/data/64-le/unknown/unknown-64.ko
module-init-tools-3.2.2/tests/data/src/
module-init-tools-3.2.2/tests/data/src/of_map.c
module-init-tools-3.2.2/tests/data/src/Makefile
module-init-tools-3.2.2/tests/data/src/input_map.c
module-init-tools-3.2.2/tests/data/src/input_map_new.c
module-init-tools-3.2.2/tests/data/src/alias.c
module-init-tools-3.2.2/tests/data/src/ccw_map.c
module-init-tools-3.2.2/tests/data/src/complex_a.c
module-init-tools-3.2.2/tests/data/src/complex_b.c
module-init-tools-3.2.2/tests/data/src/complex_c.c
module-init-tools-3.2.2/tests/data/src/complex_d.c
module-init-tools-3.2.2/tests/data/src/complex_e.c
module-init-tools-3.2.2/tests/data/src/export_dep.c
module-init-tools-3.2.2/tests/data/src/export_nodep.c
module-init-tools-3.2.2/tests/data/src/ieee1394_map.c
module-init-tools-3.2.2/tests/data/src/loop1.c
module-init-tools-3.2.2/tests/data/src/loop2.c
module-init-tools-3.2.2/tests/data/src/loop_dep.c
module-init-tools-3.2.2/tests/data/src/modinfo.c
module-init-tools-3.2.2/tests/data/src/noexport_doubledep.c
module-init-tools-3.2.2/tests/data/src/noexport_dep.c
module-init-tools-3.2.2/tests/data/src/noexport_nodep.c
module-init-tools-3.2.2/tests/data/src/pci_map.c
module-init-tools-3.2.2/tests/data/src/pnp_map.c
module-init-tools-3.2.2/tests/data/src/rename-new.c
module-init-tools-3.2.2/tests/data/src/rename-old.c
module-init-tools-3.2.2/tests/data/src/rename-version.c
module-init-tools-3.2.2/tests/data/src/unknown.c
module-init-tools-3.2.2/tests/data/src/usb_map.c
module-init-tools-3.2.2/tests/test-depmod/
module-init-tools-3.2.2/tests/test-depmod/16specific-modules.sh
module-init-tools-3.2.2/tests/test-depmod/01backcompat.sh
module-init-tools-3.2.2/tests/test-depmod/02simple.sh
module-init-tools-3.2.2/tests/test-depmod/04maps.sh
module-init-tools-3.2.2/tests/test-depmod/05loop.sh
module-init-tools-3.2.2/tests/test-depmod/07complex.sh
module-init-tools-3.2.2/tests/test-depmod/06undefined.sh
module-init-tools-3.2.2/tests/test-depmod/08basedir.sh
module-init-tools-3.2.2/tests/test-depmod/09alias.sh
module-init-tools-3.2.2/tests/test-depmod/11quick.sh
module-init-tools-3.2.2/tests/test-depmod/12compressed.sh
module-init-tools-3.2.2/tests/test-depmod/13compressed-maps.sh
module-init-tools-3.2.2/tests/test-depmod/14updates.sh
module-init-tools-3.2.2/tests/test-depmod/15symlink.sh
module-init-tools-3.2.2/tests/test-depmod/10badcommand.sh
module-init-tools-3.2.2/tests/test-generate-modprobe.conf/
module-init-tools-3.2.2/tests/test-generate-modprobe.conf/01above.sh
module-init-tools-3.2.2/tests/test-generate-modprobe.conf/02options.sh
module-init-tools-3.2.2/tests/test-generate-modprobe.conf/03alias.sh
module-init-tools-3.2.2/tests/test-generate-modprobe.conf/04blockalias.sh
module-init-tools-3.2.2/tests/test-generate-modprobe.conf/05off.sh
module-init-tools-3.2.2/tests/test-insmod/
module-init-tools-3.2.2/tests/test-insmod/01backcompat.sh
module-init-tools-3.2.2/tests/test-insmod/02simple.sh
module-init-tools-3.2.2/tests/test-insmod/03options.sh
module-init-tools-3.2.2/tests/test-insmod/04stdin.sh
module-init-tools-3.2.2/tests/test-lsmod/
module-init-tools-3.2.2/tests/test-lsmod/01empty.sh
module-init-tools-3.2.2/tests/test-lsmod/02backcompat.sh
module-init-tools-3.2.2/tests/test-lsmod/03oldstyle.sh
module-init-tools-3.2.2/tests/test-lsmod/04newstyle.sh
module-init-tools-3.2.2/tests/test-modinfo/
module-init-tools-3.2.2/tests/test-modinfo/01backcompat.sh
module-init-tools-3.2.2/tests/test-modinfo/02all.sh
module-init-tools-3.2.2/tests/test-modinfo/03field.sh
module-init-tools-3.2.2/tests/test-modinfo/04compressed.sh
module-init-tools-3.2.2/tests/test-modprobe/
module-init-tools-3.2.2/tests/test-modprobe/01backcompat.sh
module-init-tools-3.2.2/tests/test-modprobe/02proc.sh
module-init-tools-3.2.2/tests/test-modprobe/02simple.sh
module-init-tools-3.2.2/tests/test-modprobe/03deps.sh
module-init-tools-3.2.2/tests/test-modprobe/03underscores.sh
module-init-tools-3.2.2/tests/test-modprobe/07wildalias.sh
module-init-tools-3.2.2/tests/test-modprobe/04config.sh
module-init-tools-3.2.2/tests/test-modprobe/06rename.sh
module-init-tools-3.2.2/tests/test-modprobe/09configerrors.sh
module-init-tools-3.2.2/tests/test-modprobe/08devfsd.sh
module-init-tools-3.2.2/tests/test-modprobe/11stripversions.sh
module-init-tools-3.2.2/tests/test-modprobe/10alias.sh
module-init-tools-3.2.2/tests/test-modprobe/12whitespace.sh
module-init-tools-3.2.2/tests/test-modprobe/13dryrun.sh
module-init-tools-3.2.2/tests/test-modprobe/14setversion.sh
module-init-tools-3.2.2/tests/test-modprobe/15env.sh
module-init-tools-3.2.2/tests/test-modprobe/16showdepends.sh
module-init-tools-3.2.2/tests/test-modprobe/17compressed.sh
module-init-tools-3.2.2/tests/test-modprobe/22recursiveinstall.sh
module-init-tools-3.2.2/tests/test-modprobe/18multiremove.sh
module-init-tools-3.2.2/tests/test-modprobe/19quiet.sh
module-init-tools-3.2.2/tests/test-modprobe/20oldstyle.sh
module-init-tools-3.2.2/tests/test-modprobe/21wildinstall.sh
module-init-tools-3.2.2/tests/test-modprobe/24modprobe.conf-dir.sh
module-init-tools-3.2.2/tests/test-modprobe/23recursive-deps.sh
module-init-tools-3.2.2/tests/test-modprobe/26blacklist.sh
module-init-tools-3.2.2/tests/test-modprobe/25locking.sh
module-init-tools-3.2.2/tests/test-modprobe/27cmdline-install-remove.sh
module-init-tools-3.2.2/tests/test-rmmod/
module-init-tools-3.2.2/tests/test-rmmod/01backcompat.sh
module-init-tools-3.2.2/tests/test-rmmod/02namefix.sh
module-init-tools-3.2.2/tests/test-rmmod/03inuse.sh
module-init-tools-3.2.2/tests/test-rmmod/04flags.sh
module-init-tools-3.2.2/tests/test-rmmod/05noproc.sh
module-init-tools-3.2.2/tests/test-rmmod/06multi.sh
module-init-tools-3.2.2/tests/tmp/
module-init-tools-3.2.2/tests/tmp/modules
module-init-tools-3.2.2/tests/runtests
module-init-tools-3.2.2/tests/valgrindme.sh
module-init-tools-3.2.2/tests/vg-suppressions
module-init-tools-3.2.2/README
module-init-tools-3.2.2/AUTHORS
module-init-tools-3.2.2/COPYING
module-init-tools-3.2.2/ChangeLog
module-init-tools-3.2.2/INSTALL
module-init-tools-3.2.2/Makefile.am
module-init-tools-3.2.2/Makefile.in
module-init-tools-3.2.2/NEWS
module-init-tools-3.2.2/TODO
module-init-tools-3.2.2/aclocal.m4
module-init-tools-3.2.2/config.guess
module-init-tools-3.2.2/config.sub
module-init-tools-3.2.2/configure
module-init-tools-3.2.2/configure.in
module-init-tools-3.2.2/depcomp
module-init-tools-3.2.2/install-sh
module-init-tools-3.2.2/missing
module-init-tools-3.2.2/mkinstalldirs
module-init-tools-3.2.2/depmod.c
module-init-tools-3.2.2/moduleops.c
module-init-tools-3.2.2/tables.c
module-init-tools-3.2.2/zlibsupport.c
module-init-tools-3.2.2/depmod.h
module-init-tools-3.2.2/moduleops.h
module-init-tools-3.2.2/tables.h
module-init-tools-3.2.2/list.h
module-init-tools-3.2.2/testing.h
module-init-tools-3.2.2/zlibsupport.h
module-init-tools-3.2.2/moduleops_core.c
module-init-tools-3.2.2/insmod.c
module-init-tools-3.2.2/backwards_compat.c
module-init-tools-3.2.2/lsmod.c
module-init-tools-3.2.2/modinfo.c
module-init-tools-3.2.2/modprobe.c
module-init-tools-3.2.2/rmmod.c
module-init-tools-3.2.2/generate-modprobe.conf
module-init-tools-3.2.2/modprobe.devfs
module-init-tools-3.2.2/FAQ
module-init-tools-3.2.2/CODING
module-init-tools-3.2.2/stress_modules.sh
module-init-tools-3.2.2/install-with-care
module-init-tools-3.2.2/modprobe.conf.5
module-init-tools-3.2.2/modules.dep.5
module-init-tools-3.2.2/depmod.8
module-init-tools-3.2.2/insmod.8
module-init-tools-3.2.2/lsmod.8
module-init-tools-3.2.2/rmmod.8
module-init-tools-3.2.2/modprobe.8
module-init-tools-3.2.2/modinfo.8
