Found a patch, skipping...
ncurses-5.5/
ncurses-5.5/ANNOUNCE
ncurses-5.5/Ada95/
ncurses-5.5/Ada95/Makefile.in
ncurses-5.5/Ada95/README
ncurses-5.5/Ada95/TODO
ncurses-5.5/Ada95/gen/
ncurses-5.5/Ada95/gen/normal.m4
ncurses-5.5/Ada95/gen/terminal_interface-curses-forms-field_user_data.ads.m4
ncurses-5.5/Ada95/gen/terminal_interface-curses-forms.ads.m4
ncurses-5.5/Ada95/gen/terminal_interface-curses-menus-item_user_data.ads.m4
ncurses-5.5/Ada95/gen/terminal_interface-curses-menus-menu_user_data.ads.m4
ncurses-5.5/Ada95/gen/terminal_interface-curses-panels-user_data.ads.m4
ncurses-5.5/Ada95/gen/terminal_interface-curses-panels.ads.m4
ncurses-5.5/Ada95/gen/html.m4
ncurses-5.5/Ada95/gen/table.m4
ncurses-5.5/Ada95/gen/terminal_interface-curses-menus.ads.m4
ncurses-5.5/Ada95/gen/gen.c
ncurses-5.5/Ada95/gen/Makefile.in
ncurses-5.5/Ada95/gen/terminal_interface-curses-trace.ads.m4
ncurses-5.5/Ada95/gen/terminal_interface-curses-forms-form_user_data.ads.m4
ncurses-5.5/Ada95/gen/terminal_interface-curses-aux.ads.m4
ncurses-5.5/Ada95/gen/terminal_interface-curses-forms-field_types.ads.m4
ncurses-5.5/Ada95/gen/terminal_interface-curses-mouse.ads.m4
ncurses-5.5/Ada95/gen/terminal_interface-curses.ads.m4
ncurses-5.5/Ada95/samples/
ncurses-5.5/Ada95/samples/README
ncurses-5.5/Ada95/samples/explain.txt
ncurses-5.5/Ada95/samples/sample-curses_demo-attributes.adb
ncurses-5.5/Ada95/samples/sample-curses_demo-attributes.ads
ncurses-5.5/Ada95/samples/sample-curses_demo-mouse.adb
ncurses-5.5/Ada95/samples/sample-curses_demo-mouse.ads
ncurses-5.5/Ada95/samples/sample-curses_demo.ads
ncurses-5.5/Ada95/samples/sample-form_demo-aux.ads
ncurses-5.5/Ada95/samples/sample-form_demo-handler.adb
ncurses-5.5/Ada95/samples/sample-form_demo-handler.ads
ncurses-5.5/Ada95/samples/tour.adb
ncurses-5.5/Ada95/samples/sample-form_demo.ads
ncurses-5.5/Ada95/samples/sample-function_key_setting.adb
ncurses-5.5/Ada95/samples/sample-function_key_setting.ads
ncurses-5.5/Ada95/samples/sample-menu_demo-handler.adb
ncurses-5.5/Ada95/samples/sample-header_handler.ads
ncurses-5.5/Ada95/samples/sample-helpers.adb
ncurses-5.5/Ada95/samples/sample-helpers.ads
ncurses-5.5/Ada95/samples/sample-keyboard_handler.ads
ncurses-5.5/Ada95/samples/sample-manifest.ads
ncurses-5.5/Ada95/samples/sample-menu_demo-aux.adb
ncurses-5.5/Ada95/samples/sample-menu_demo-aux.ads
ncurses-5.5/Ada95/samples/sample-menu_demo.ads
ncurses-5.5/Ada95/samples/sample-text_io_demo.adb
ncurses-5.5/Ada95/samples/sample.adb
ncurses-5.5/Ada95/samples/sample.ads
ncurses-5.5/Ada95/samples/status.adb
ncurses-5.5/Ada95/samples/sample-menu_demo-handler.ads
ncurses-5.5/Ada95/samples/sample-my_field_type.ads
ncurses-5.5/Ada95/samples/sample-text_io_demo.ads
ncurses-5.5/Ada95/samples/status.ads
ncurses-5.5/Ada95/samples/tour.ads
ncurses-5.5/Ada95/samples/ncurses2-m.adb
ncurses-5.5/Ada95/samples/sample-explanation.ads
ncurses-5.5/Ada95/samples/ncurses.adb
ncurses-5.5/Ada95/samples/sample-menu_demo.adb
ncurses-5.5/Ada95/samples/ncurses2-acs_and_scroll.ads
ncurses-5.5/Ada95/samples/sample-form_demo-aux.adb
ncurses-5.5/Ada95/samples/ncurses2-acs_display.ads
ncurses-5.5/Ada95/samples/ncurses2-attr_test.ads
ncurses-5.5/Ada95/samples/ncurses2-color_edit.adb
ncurses-5.5/Ada95/samples/ncurses2-color_edit.ads
ncurses-5.5/Ada95/samples/ncurses2-color_test.adb
ncurses-5.5/Ada95/samples/ncurses2-color_test.ads
ncurses-5.5/Ada95/samples/ncurses2-demo_forms.adb
ncurses-5.5/Ada95/samples/ncurses2-demo_forms.ads
ncurses-5.5/Ada95/samples/ncurses2-demo_pad.ads
ncurses-5.5/Ada95/samples/ncurses2-demo_panels.adb
ncurses-5.5/Ada95/samples/ncurses2-demo_panels.ads
ncurses-5.5/Ada95/samples/ncurses2-flushinp_test.adb
ncurses-5.5/Ada95/samples/ncurses2-flushinp_test.ads
ncurses-5.5/Ada95/samples/ncurses2-genericputs.adb
ncurses-5.5/Ada95/samples/ncurses2-genericputs.ads
ncurses-5.5/Ada95/samples/ncurses2-getch.ads
ncurses-5.5/Ada95/samples/sample-my_field_type.adb
ncurses-5.5/Ada95/samples/ncurses2-getch_test.ads
ncurses-5.5/Ada95/samples/ncurses2-getopt.ads
ncurses-5.5/Ada95/samples/rain.ads
ncurses-5.5/Ada95/samples/ncurses2.ads
ncurses-5.5/Ada95/samples/ncurses2-m.ads
ncurses-5.5/Ada95/samples/ncurses2-menu_test.adb
ncurses-5.5/Ada95/samples/ncurses2-menu_test.ads
ncurses-5.5/Ada95/samples/ncurses2-overlap_test.adb
ncurses-5.5/Ada95/samples/ncurses2-overlap_test.ads
ncurses-5.5/Ada95/samples/ncurses2-slk_test.ads
ncurses-5.5/Ada95/samples/ncurses2-test_sgr_attributes.adb
ncurses-5.5/Ada95/samples/ncurses2-test_sgr_attributes.ads
ncurses-5.5/Ada95/samples/ncurses2-trace_set.adb
ncurses-5.5/Ada95/samples/ncurses2-trace_set.ads
ncurses-5.5/Ada95/samples/ncurses2-util.ads
ncurses-5.5/Ada95/samples/ncurses2-attr_test.adb
ncurses-5.5/Ada95/samples/ncurses2-getopt.adb
ncurses-5.5/Ada95/samples/rain.adb
ncurses-5.5/Ada95/samples/sample-form_demo.adb
ncurses-5.5/Ada95/samples/sample-explanation.adb
ncurses-5.5/Ada95/samples/sample-curses_demo.adb
ncurses-5.5/Ada95/samples/sample-keyboard_handler.adb
ncurses-5.5/Ada95/samples/sample-header_handler.adb
ncurses-5.5/Ada95/samples/ncurses2-util.adb
ncurses-5.5/Ada95/samples/ncurses2-slk_test.adb
ncurses-5.5/Ada95/samples/ncurses2-getch_test.adb
ncurses-5.5/Ada95/samples/ncurses2-demo_pad.adb
ncurses-5.5/Ada95/samples/ncurses2-acs_display.adb
ncurses-5.5/Ada95/samples/ncurses2-acs_and_scroll.adb
ncurses-5.5/Ada95/samples/Makefile.in
ncurses-5.5/Ada95/src/
ncurses-5.5/Ada95/src/terminal_interface.ads
ncurses-5.5/Ada95/src/terminal_interface-curses-forms-field_types-alphanumeric.adb
ncurses-5.5/Ada95/src/terminal_interface-curses-forms-field_types-alphanumeric.ads
ncurses-5.5/Ada95/src/terminal_interface-curses-forms-field_types-enumeration-ada.ads
ncurses-5.5/Ada95/src/terminal_interface-curses-forms-field_types-enumeration.adb
ncurses-5.5/Ada95/src/terminal_interface-curses-forms-field_types-enumeration.ads
ncurses-5.5/Ada95/src/terminal_interface-curses-forms-field_types-intfield.adb
ncurses-5.5/Ada95/src/Makefile.in
ncurses-5.5/Ada95/src/terminal_interface-curses-forms-field_types-intfield.ads
ncurses-5.5/Ada95/src/terminal_interface-curses-forms-field_types-ipv4_address.adb
ncurses-5.5/Ada95/src/terminal_interface-curses-forms-field_types-ipv4_address.ads
ncurses-5.5/Ada95/src/terminal_interface-curses-forms-field_types-numeric.ads
ncurses-5.5/Ada95/src/terminal_interface-curses.adb
ncurses-5.5/Ada95/src/terminal_interface-curses-menus-item_user_data.adb
ncurses-5.5/Ada95/src/terminal_interface-curses-forms-field_types-user.ads
ncurses-5.5/Ada95/src/terminal_interface-curses-forms-field_types-regexp.adb
ncurses-5.5/Ada95/src/terminal_interface-curses-forms.adb
ncurses-5.5/Ada95/src/terminal_interface-curses-forms-field_types-regexp.ads
ncurses-5.5/Ada95/src/terminal_interface-curses-forms-field_types-user-choice.ads
ncurses-5.5/Ada95/src/terminal_interface-curses-menus.adb
ncurses-5.5/Ada95/src/terminal_interface-curses-forms-field_user_data.adb
ncurses-5.5/Ada95/src/terminal_interface-curses-forms-form_user_data.adb
ncurses-5.5/Ada95/src/terminal_interface-curses-menus-menu_user_data.adb
ncurses-5.5/Ada95/src/terminal_interface-curses-panels.adb
ncurses-5.5/Ada95/src/terminal_interface-curses-mouse.adb
ncurses-5.5/Ada95/src/terminal_interface-curses-panels-user_data.adb
ncurses-5.5/Ada95/src/terminal_interface-curses-putwin.adb
ncurses-5.5/Ada95/src/terminal_interface-curses-text_io-aux.adb
ncurses-5.5/Ada95/src/terminal_interface-curses-text_io-aux.ads
ncurses-5.5/Ada95/src/terminal_interface-curses-text_io-complex_io.adb
ncurses-5.5/Ada95/src/terminal_interface-curses-text_io-complex_io.ads
ncurses-5.5/Ada95/src/terminal_interface-curses-text_io-decimal_io.adb
ncurses-5.5/Ada95/src/terminal_interface-curses-text_io-decimal_io.ads
ncurses-5.5/Ada95/src/terminal_interface-curses-text_io-enumeration_io.ads
ncurses-5.5/Ada95/src/terminal_interface-curses-text_io-fixed_io.adb
ncurses-5.5/Ada95/src/terminal_interface-curses-text_io-fixed_io.ads
ncurses-5.5/Ada95/src/terminal_interface-curses-text_io-float_io.adb
ncurses-5.5/Ada95/src/terminal_interface-curses-text_io-float_io.ads
ncurses-5.5/Ada95/src/terminal_interface-curses-text_io-integer_io.adb
ncurses-5.5/Ada95/src/terminal_interface-curses-text_io-integer_io.ads
ncurses-5.5/Ada95/src/terminal_interface-curses-text_io-modular_io.adb
ncurses-5.5/Ada95/src/terminal_interface-curses-text_io-modular_io.ads
ncurses-5.5/Ada95/src/terminal_interface-curses-putwin.ads
ncurses-5.5/Ada95/src/terminal_interface-curses-forms-field_types-numeric.adb
ncurses-5.5/Ada95/src/terminal_interface-curses-text_io.adb
ncurses-5.5/Ada95/src/terminal_interface-curses-termcap.ads
ncurses-5.5/Ada95/src/terminal_interface-curses-terminfo.adb
ncurses-5.5/Ada95/src/terminal_interface-curses-terminfo.ads
ncurses-5.5/Ada95/src/terminal_interface-curses-text_io.ads
ncurses-5.5/Ada95/src/terminal_interface-curses-trace.adb_p
ncurses-5.5/Ada95/src/terminal_interface-curses-text_io-enumeration_io.adb
ncurses-5.5/Ada95/src/terminal_interface-curses-aux.adb
ncurses-5.5/Ada95/src/terminal_interface-curses-termcap.adb
ncurses-5.5/Ada95/src/terminal_interface-curses-forms-field_types-alpha.ads
ncurses-5.5/Ada95/src/terminal_interface-curses-forms-field_types-alpha.adb
ncurses-5.5/Ada95/src/terminal_interface-curses-forms-field_types.adb
ncurses-5.5/Ada95/src/terminal_interface-curses-forms-field_types-user.adb
ncurses-5.5/Ada95/src/terminal_interface-curses-forms-field_types-user-choice.adb
ncurses-5.5/Ada95/src/terminal_interface-curses-forms-field_types-enumeration-ada.adb
ncurses-5.5/INSTALL
ncurses-5.5/MANIFEST
ncurses-5.5/Makefile.in
ncurses-5.5/Makefile.os2
ncurses-5.5/NEWS
ncurses-5.5/README
ncurses-5.5/README.emx
ncurses-5.5/TO-DO
ncurses-5.5/aclocal.m4
ncurses-5.5/announce.html.in
ncurses-5.5/c++/
ncurses-5.5/c++/NEWS
ncurses-5.5/c++/PROBLEMS
ncurses-5.5/c++/headers
ncurses-5.5/c++/modules
ncurses-5.5/c++/cursesapp.cc
ncurses-5.5/c++/cursesmain.cc
ncurses-5.5/c++/README-first
ncurses-5.5/c++/cursslk.h
ncurses-5.5/c++/cursesm.cc
ncurses-5.5/c++/internal.h
ncurses-5.5/c++/edit_cfg.sh
ncurses-5.5/c++/cursesf.cc
ncurses-5.5/c++/cursesf.h
ncurses-5.5/c++/cursesapp.h
ncurses-5.5/c++/Makefile.in
ncurses-5.5/c++/cursespad.cc
ncurses-5.5/c++/etip.h.in
ncurses-5.5/c++/cursesp.h
ncurses-5.5/c++/cursesw.h
ncurses-5.5/c++/cursslk.cc
ncurses-5.5/c++/cursesp.cc
ncurses-5.5/c++/demo.cc
ncurses-5.5/c++/cursesm.h
ncurses-5.5/c++/cursesw.cc
ncurses-5.5/config.guess
ncurses-5.5/config.sub
ncurses-5.5/configure
ncurses-5.5/configure.in
ncurses-5.5/convert_configure.pl
ncurses-5.5/dist.mk
ncurses-5.5/doc/
ncurses-5.5/doc/html/
ncurses-5.5/doc/html/ada/
ncurses-5.5/doc/html/ada/files/
ncurses-5.5/doc/html/ada/files/T.htm
ncurses-5.5/doc/html/ada/files.htm
ncurses-5.5/doc/html/ada/funcs/
ncurses-5.5/doc/html/ada/funcs/A.htm
ncurses-5.5/doc/html/ada/funcs/B.htm
ncurses-5.5/doc/html/ada/funcs/C.htm
ncurses-5.5/doc/html/ada/funcs/D.htm
ncurses-5.5/doc/html/ada/funcs/E.htm
ncurses-5.5/doc/html/ada/funcs/F.htm
ncurses-5.5/doc/html/ada/funcs/G.htm
ncurses-5.5/doc/html/ada/funcs/H.htm
ncurses-5.5/doc/html/ada/funcs/I.htm
ncurses-5.5/doc/html/ada/funcs/K.htm
ncurses-5.5/doc/html/ada/funcs/L.htm
ncurses-5.5/doc/html/ada/funcs/M.htm
ncurses-5.5/doc/html/ada/funcs/N.htm
ncurses-5.5/doc/html/ada/funcs/O.htm
ncurses-5.5/doc/html/ada/funcs/P.htm
ncurses-5.5/doc/html/ada/funcs/Q.htm
ncurses-5.5/doc/html/ada/funcs/R.htm
ncurses-5.5/doc/html/ada/funcs/S.htm
ncurses-5.5/doc/html/ada/funcs/T.htm
ncurses-5.5/doc/html/ada/funcs/U.htm
ncurses-5.5/doc/html/ada/funcs/V.htm
ncurses-5.5/doc/html/ada/funcs/W.htm
ncurses-5.5/doc/html/ada/funcs.htm
ncurses-5.5/doc/html/ada/index.htm
ncurses-5.5/doc/html/ada/main.htm
ncurses-5.5/doc/html/ada/terminal_interface-curses-aux__adb.htm
ncurses-5.5/doc/html/ada/terminal_interface-curses-aux__ads.htm
ncurses-5.5/doc/html/ada/terminal_interface-curses-forms-field_types-alpha__adb.htm
ncurses-5.5/doc/html/ada/terminal_interface-curses-forms-field_types-alpha__ads.htm
ncurses-5.5/doc/html/ada/terminal_interface-curses-forms-field_types-alphanumeric__adb.htm
ncurses-5.5/doc/html/ada/terminal_interface-curses-forms-field_types-regexp__adb.htm
ncurses-5.5/doc/html/ada/terminal_interface-curses-forms-field_types-alphanumeric__ads.htm
ncurses-5.5/doc/html/ada/terminal_interface-curses-forms-field_types-enumeration-ada__adb.htm
ncurses-5.5/doc/html/ada/terminal_interface-curses-forms-field_types-enumeration-ada__ads.htm
ncurses-5.5/doc/html/ada/terminal_interface-curses-forms-field_types-enumeration__adb.htm
ncurses-5.5/doc/html/ada/terminal_interface-curses-forms-field_types-enumeration__ads.htm
ncurses-5.5/doc/html/ada/terminal_interface-curses-forms-field_types-intfield__adb.htm
ncurses-5.5/doc/html/ada/terminal_interface-curses-forms__adb.htm
ncurses-5.5/doc/html/ada/terminal_interface-curses-forms-field_types-intfield__ads.htm
ncurses-5.5/doc/html/ada/terminal_interface-curses-forms-field_types-numeric__adb.htm
ncurses-5.5/doc/html/ada/terminal_interface-curses-forms-field_types-ipv4_address__adb.htm
ncurses-5.5/doc/html/ada/terminal_interface-curses-forms-field_types-ipv4_address__ads.htm
ncurses-5.5/doc/html/ada/terminal_interface-curses-forms-field_types-numeric__ads.htm
ncurses-5.5/doc/html/ada/terminal_interface-curses-forms-field_types-regexp__ads.htm
ncurses-5.5/doc/html/ada/terminal_interface-curses-forms-field_types-user-choice__adb.htm
ncurses-5.5/doc/html/ada/terminal_interface-curses-forms-field_types-user-choice__ads.htm
ncurses-5.5/doc/html/ada/terminal_interface-curses-forms-field_types-user__adb.htm
ncurses-5.5/doc/html/ada/terminal_interface-curses-forms-field_types-user__ads.htm
ncurses-5.5/doc/html/ada/terminal_interface-curses-forms-field_types__adb.htm
ncurses-5.5/doc/html/ada/terminal_interface-curses-forms-field_types__ads.htm
ncurses-5.5/doc/html/ada/terminal_interface-curses-forms-field_user_data__adb.htm
ncurses-5.5/doc/html/ada/terminal_interface-curses-forms-field_user_data__ads.htm
ncurses-5.5/doc/html/ada/terminal_interface__ads.htm
ncurses-5.5/doc/html/ada/terminal_interface-curses-forms-form_user_data__adb.htm
ncurses-5.5/doc/html/ada/terminal_interface-curses-forms-form_user_data__ads.htm
ncurses-5.5/doc/html/ada/terminal_interface-curses-forms__ads.htm
ncurses-5.5/doc/html/ada/terminal_interface-curses-menus-item_user_data__adb.htm
ncurses-5.5/doc/html/ada/terminal_interface-curses-menus-item_user_data__ads.htm
ncurses-5.5/doc/html/ada/terminal_interface-curses-menus-menu_user_data__adb.htm
ncurses-5.5/doc/html/ada/terminal_interface-curses-menus-menu_user_data__ads.htm
ncurses-5.5/doc/html/ada/terminal_interface-curses-menus__adb.htm
ncurses-5.5/doc/html/ada/table.html
ncurses-5.5/doc/html/ada/terminal_interface-curses-menus__ads.htm
ncurses-5.5/doc/html/ada/terminal_interface-curses-mouse__adb.htm
ncurses-5.5/doc/html/ada/terminal_interface-curses-mouse__ads.htm
ncurses-5.5/doc/html/ada/terminal_interface-curses-panels-user_data__adb.htm
ncurses-5.5/doc/html/ada/terminal_interface-curses-panels-user_data__ads.htm
ncurses-5.5/doc/html/ada/terminal_interface-curses-panels__adb.htm
ncurses-5.5/doc/html/ada/terminal_interface-curses-panels__ads.htm
ncurses-5.5/doc/html/ada/terminal_interface-curses-putwin__adb.htm
ncurses-5.5/doc/html/ada/terminal_interface-curses-putwin__ads.htm
ncurses-5.5/doc/html/ada/terminal_interface-curses-termcap__adb.htm
ncurses-5.5/doc/html/ada/terminal_interface-curses-termcap__ads.htm
ncurses-5.5/doc/html/ada/terminal_interface-curses-trace__adb.htm
ncurses-5.5/doc/html/ada/terminal_interface-curses-terminfo__adb.htm
ncurses-5.5/doc/html/ada/terminal_interface-curses-terminfo__ads.htm
ncurses-5.5/doc/html/ada/terminal_interface-curses-text_io-aux__adb.htm
ncurses-5.5/doc/html/ada/terminal_interface-curses-text_io-aux__ads.htm
ncurses-5.5/doc/html/ada/terminal_interface-curses-text_io-complex_io__adb.htm
ncurses-5.5/doc/html/ada/terminal_interface-curses-text_io-complex_io__ads.htm
ncurses-5.5/doc/html/ada/terminal_interface-curses-text_io-decimal_io__adb.htm
ncurses-5.5/doc/html/ada/terminal_interface-curses-text_io-decimal_io__ads.htm
ncurses-5.5/doc/html/ada/terminal_interface-curses-text_io-enumeration_io__adb.htm
ncurses-5.5/doc/html/ada/terminal_interface-curses-text_io-enumeration_io__ads.htm
ncurses-5.5/doc/html/ada/terminal_interface-curses-text_io-fixed_io__adb.htm
ncurses-5.5/doc/html/ada/terminal_interface-curses-text_io-fixed_io__ads.htm
ncurses-5.5/doc/html/ada/terminal_interface-curses-text_io-float_io__adb.htm
ncurses-5.5/doc/html/ada/terminal_interface-curses-text_io-float_io__ads.htm
ncurses-5.5/doc/html/ada/terminal_interface-curses-text_io-integer_io__adb.htm
ncurses-5.5/doc/html/ada/terminal_interface-curses-text_io-integer_io__ads.htm
ncurses-5.5/doc/html/ada/terminal_interface-curses-trace__ads.htm
ncurses-5.5/doc/html/ada/terminal_interface-curses-text_io-modular_io__adb.htm
ncurses-5.5/doc/html/ada/terminal_interface-curses-text_io-modular_io__ads.htm
ncurses-5.5/doc/html/ada/terminal_interface-curses-text_io__adb.htm
ncurses-5.5/doc/html/ada/terminal_interface-curses-text_io__ads.htm
ncurses-5.5/doc/html/ada/terminal_interface-curses__adb.htm
ncurses-5.5/doc/html/ada/terminal_interface-curses__ads.htm
ncurses-5.5/doc/html/index.html
ncurses-5.5/doc/html/man/
ncurses-5.5/doc/html/man/captoinfo.1m.html
ncurses-5.5/doc/html/man/clear.1.html
ncurses-5.5/doc/html/man/curs_add_wch.3x.html
ncurses-5.5/doc/html/man/curs_add_wchstr.3x.html
ncurses-5.5/doc/html/man/curs_addch.3x.html
ncurses-5.5/doc/html/man/curs_addchstr.3x.html
ncurses-5.5/doc/html/man/curs_addstr.3x.html
ncurses-5.5/doc/html/man/curs_addwstr.3x.html
ncurses-5.5/doc/html/man/curs_attr.3x.html
ncurses-5.5/doc/html/man/curs_beep.3x.html
ncurses-5.5/doc/html/man/curs_bkgd.3x.html
ncurses-5.5/doc/html/man/curs_bkgrnd.3x.html
ncurses-5.5/doc/html/man/curs_border.3x.html
ncurses-5.5/doc/html/man/curs_border_set.3x.html
ncurses-5.5/doc/html/man/curs_clear.3x.html
ncurses-5.5/doc/html/man/curs_color.3x.html
ncurses-5.5/doc/html/man/form.3x.html
ncurses-5.5/doc/html/man/curs_delch.3x.html
ncurses-5.5/doc/html/man/curs_deleteln.3x.html
ncurses-5.5/doc/html/man/curs_extend.3x.html
ncurses-5.5/doc/html/man/curs_get_wch.3x.html
ncurses-5.5/doc/html/man/curs_get_wstr.3x.html
ncurses-5.5/doc/html/man/curs_getcchar.3x.html
ncurses-5.5/doc/html/man/curs_getch.3x.html
ncurses-5.5/doc/html/man/curs_getstr.3x.html
ncurses-5.5/doc/html/man/curs_getyx.3x.html
ncurses-5.5/doc/html/man/curs_in_wch.3x.html
ncurses-5.5/doc/html/man/curs_in_wchstr.3x.html
ncurses-5.5/doc/html/man/curs_inch.3x.html
ncurses-5.5/doc/html/man/curs_inchstr.3x.html
ncurses-5.5/doc/html/man/curs_initscr.3x.html
ncurses-5.5/doc/html/man/curs_inopts.3x.html
ncurses-5.5/doc/html/man/curs_ins_wch.3x.html
ncurses-5.5/doc/html/man/curs_ins_wstr.3x.html
ncurses-5.5/doc/html/man/curs_insch.3x.html
ncurses-5.5/doc/html/man/curs_pad.3x.html
ncurses-5.5/doc/html/man/curs_insstr.3x.html
ncurses-5.5/doc/html/man/curs_instr.3x.html
ncurses-5.5/doc/html/man/curs_inwstr.3x.html
ncurses-5.5/doc/html/man/curs_kernel.3x.html
ncurses-5.5/doc/html/man/curs_mouse.3x.html
ncurses-5.5/doc/html/man/curs_move.3x.html
ncurses-5.5/doc/html/man/curs_outopts.3x.html
ncurses-5.5/doc/html/man/curs_overlay.3x.html
ncurses-5.5/doc/html/man/curs_print.3x.html
ncurses-5.5/doc/html/man/curs_printw.3x.html
ncurses-5.5/doc/html/man/curs_refresh.3x.html
ncurses-5.5/doc/html/man/curs_scanw.3x.html
ncurses-5.5/doc/html/man/curs_scr_dump.3x.html
ncurses-5.5/doc/html/man/curs_scroll.3x.html
ncurses-5.5/doc/html/man/curs_slk.3x.html
ncurses-5.5/doc/html/man/index.html
ncurses-5.5/doc/html/man/curs_termattrs.3x.html
ncurses-5.5/doc/html/man/curs_termcap.3x.html
ncurses-5.5/doc/html/man/curs_terminfo.3x.html
ncurses-5.5/doc/html/man/curs_touch.3x.html
ncurses-5.5/doc/html/man/curs_trace.3x.html
ncurses-5.5/doc/html/man/curs_util.3x.html
ncurses-5.5/doc/html/man/curs_window.3x.html
ncurses-5.5/doc/html/man/default_colors.3x.html
ncurses-5.5/doc/html/man/define_key.3x.html
ncurses-5.5/doc/html/man/form_cursor.3x.html
ncurses-5.5/doc/html/man/form_data.3x.html
ncurses-5.5/doc/html/man/form_driver.3x.html
ncurses-5.5/doc/html/man/form_field.3x.html
ncurses-5.5/doc/html/man/form_field_attributes.3x.html
ncurses-5.5/doc/html/man/form_field_buffer.3x.html
ncurses-5.5/doc/html/man/form_field_just.3x.html
ncurses-5.5/doc/html/man/infocmp.1m.html
ncurses-5.5/doc/html/man/form_field_new.3x.html
ncurses-5.5/doc/html/man/form_field_userptr.3x.html
ncurses-5.5/doc/html/man/form_field_validation.3x.html
ncurses-5.5/doc/html/man/form_fieldtype.3x.html
ncurses-5.5/doc/html/man/form_hook.3x.html
ncurses-5.5/doc/html/man/form_new.3x.html
ncurses-5.5/doc/html/man/form_new_page.3x.html
ncurses-5.5/doc/html/man/form_opts.3x.html
ncurses-5.5/doc/html/man/form_page.3x.html
ncurses-5.5/doc/html/man/form_post.3x.html
ncurses-5.5/doc/html/man/form_requestname.3x.html
ncurses-5.5/doc/html/man/form_userptr.3x.html
ncurses-5.5/doc/html/man/form_win.3x.html
ncurses-5.5/doc/html/man/infotocap.1m.html
ncurses-5.5/doc/html/man/key_defined.3x.html
ncurses-5.5/doc/html/man/keybound.3x.html
ncurses-5.5/doc/html/man/term.5.html
ncurses-5.5/doc/html/man/keyok.3x.html
ncurses-5.5/doc/html/man/menu.3x.html
ncurses-5.5/doc/html/man/menu_attributes.3x.html
ncurses-5.5/doc/html/man/menu_cursor.3x.html
ncurses-5.5/doc/html/man/menu_driver.3x.html
ncurses-5.5/doc/html/man/menu_format.3x.html
ncurses-5.5/doc/html/man/menu_hook.3x.html
ncurses-5.5/doc/html/man/menu_items.3x.html
ncurses-5.5/doc/html/man/menu_mark.3x.html
ncurses-5.5/doc/html/man/menu_new.3x.html
ncurses-5.5/doc/html/man/menu_opts.3x.html
ncurses-5.5/doc/html/man/menu_pattern.3x.html
ncurses-5.5/doc/html/man/menu_post.3x.html
ncurses-5.5/doc/html/man/menu_requestname.3x.html
ncurses-5.5/doc/html/man/menu_spacing.3x.html
ncurses-5.5/doc/html/man/menu_userptr.3x.html
ncurses-5.5/doc/html/man/menu_win.3x.html
ncurses-5.5/doc/html/man/term.7.html
ncurses-5.5/doc/html/man/mitem_current.3x.html
ncurses-5.5/doc/html/man/mitem_name.3x.html
ncurses-5.5/doc/html/man/mitem_new.3x.html
ncurses-5.5/doc/html/man/mitem_opts.3x.html
ncurses-5.5/doc/html/man/mitem_userptr.3x.html
ncurses-5.5/doc/html/man/mitem_value.3x.html
ncurses-5.5/doc/html/man/mitem_visible.3x.html
ncurses-5.5/doc/html/man/ncurses.3x.html
ncurses-5.5/doc/html/man/panel.3x.html
ncurses-5.5/doc/html/man/resizeterm.3x.html
ncurses-5.5/doc/html/man/terminfo.5.html
ncurses-5.5/doc/html/man/tic.1m.html
ncurses-5.5/doc/html/man/toe.1m.html
ncurses-5.5/doc/html/man/tput.1.html
ncurses-5.5/doc/html/man/tset.1.html
ncurses-5.5/doc/html/man/wresize.3x.html
ncurses-5.5/doc/html/man/form_field_opts.3x.html
ncurses-5.5/doc/html/man/form_field_info.3x.html
ncurses-5.5/doc/html/hackguide.html
ncurses-5.5/doc/html/Ada95.html
ncurses-5.5/doc/html/ncurses-intro.html
ncurses-5.5/doc/html/NCURSES-Programming-HOWTO.html
ncurses-5.5/doc/html/announce.html
ncurses-5.5/doc/ncurses-intro.doc
ncurses-5.5/doc/hackguide.doc
ncurses-5.5/form/
ncurses-5.5/form/fld_opts.c
ncurses-5.5/form/fld_page.c
ncurses-5.5/form/fld_stat.c
ncurses-5.5/form/fld_ftlink.c
ncurses-5.5/form/frm_def.c
ncurses-5.5/form/frm_hook.c
ncurses-5.5/form/frm_page.c
ncurses-5.5/form/frm_scale.c
ncurses-5.5/form/frm_post.c
ncurses-5.5/form/fld_just.c
ncurses-5.5/form/frm_sub.c
ncurses-5.5/form/frm_user.c
ncurses-5.5/form/frm_win.c
ncurses-5.5/form/frm_data.c
ncurses-5.5/form/headers
ncurses-5.5/form/fty_ipv4.c
ncurses-5.5/form/fld_move.c
ncurses-5.5/form/fld_pad.c
ncurses-5.5/form/llib-lform
ncurses-5.5/form/READ.ME
ncurses-5.5/form/fld_max.c
ncurses-5.5/form/fty_enum.c
ncurses-5.5/form/fld_info.c
ncurses-5.5/form/fld_dup.c
ncurses-5.5/form/Makefile.in
ncurses-5.5/form/form.h
ncurses-5.5/form/fty_regex.c
ncurses-5.5/form/fld_newftyp.c
ncurses-5.5/form/fld_ftchoice.c
ncurses-5.5/form/fld_user.c
ncurses-5.5/form/frm_cursor.c
ncurses-5.5/form/fld_arg.c
ncurses-5.5/form/fld_attr.c
ncurses-5.5/form/fld_current.c
ncurses-5.5/form/modules
ncurses-5.5/form/fld_link.c
ncurses-5.5/form/f_trace.c
ncurses-5.5/form/fld_type.c
ncurses-5.5/form/llib-lformw
ncurses-5.5/form/form.priv.h
ncurses-5.5/form/fty_num.c
ncurses-5.5/form/frm_opts.c
ncurses-5.5/form/frm_req_name.c
ncurses-5.5/form/fty_int.c
ncurses-5.5/form/fld_def.c
ncurses-5.5/form/fty_alpha.c
ncurses-5.5/form/fty_alnum.c
ncurses-5.5/form/frm_driver.c
ncurses-5.5/include/
ncurses-5.5/include/Caps
ncurses-5.5/include/MKhashsize.sh
ncurses-5.5/include/capdefaults.c
ncurses-5.5/include/MKparametrized.sh
ncurses-5.5/include/termcap.h.in
ncurses-5.5/include/unctrl.h.in
ncurses-5.5/include/nc_panel.h
ncurses-5.5/include/headers
ncurses-5.5/include/Caps.keys
ncurses-5.5/include/Makefile.in
ncurses-5.5/include/edit_cfg.sh
ncurses-5.5/include/Caps.uwin
ncurses-5.5/include/Caps.aix4
ncurses-5.5/include/Caps.osf1r5
ncurses-5.5/include/MKncurses_def.sh
ncurses-5.5/include/ncurses_dll.h
ncurses-5.5/include/Caps.hpux11
ncurses-5.5/include/MKkey_defs.sh
ncurses-5.5/include/MKterm.h.awk.in
ncurses-5.5/include/ncurses_cfg.hin
ncurses-5.5/include/nc_alloc.h
ncurses-5.5/include/ncurses_defs
ncurses-5.5/include/curses.wide
ncurses-5.5/include/curses.tail
ncurses-5.5/include/curses.h.in
ncurses-5.5/include/term_entry.h
ncurses-5.5/include/tic.h
ncurses-5.5/install-sh
ncurses-5.5/man/
ncurses-5.5/man/curs_inch.3x
ncurses-5.5/man/curs_delch.3x
ncurses-5.5/man/curs_insch.3x
ncurses-5.5/man/curs_print.3x
ncurses-5.5/man/curs_window.3x
ncurses-5.5/man/form_cursor.3x
ncurses-5.5/man/form_data.3x
ncurses-5.5/man/form_driver.3x
ncurses-5.5/man/form_field.3x
ncurses-5.5/man/form_field_attributes.3x
ncurses-5.5/man/form_hook.3x
ncurses-5.5/man/form_new.3x
ncurses-5.5/man/form_new_page.3x
ncurses-5.5/man/form_field_just.3x
ncurses-5.5/man/form_field_new.3x
ncurses-5.5/man/form_opts.3x
ncurses-5.5/man/form_field_userptr.3x
ncurses-5.5/man/menu_attributes.3x
ncurses-5.5/man/form_page.3x
ncurses-5.5/man/form_post.3x
ncurses-5.5/man/form_requestname.3x
ncurses-5.5/man/form_userptr.3x
ncurses-5.5/man/form_win.3x
ncurses-5.5/man/menu_cursor.3x
ncurses-5.5/man/menu_format.3x
ncurses-5.5/man/menu_hook.3x
ncurses-5.5/man/menu_items.3x
ncurses-5.5/man/menu_mark.3x
ncurses-5.5/man/menu_new.3x
ncurses-5.5/man/menu_opts.3x
ncurses-5.5/man/curs_terminfo.3x
ncurses-5.5/man/menu_post.3x
ncurses-5.5/man/menu_win.3x
ncurses-5.5/man/menu_requestname.3x
ncurses-5.5/man/menu_userptr.3x
ncurses-5.5/man/mitem_current.3x
ncurses-5.5/man/wresize.3x
ncurses-5.5/man/mitem_name.3x
ncurses-5.5/man/clear.1
ncurses-5.5/man/mitem_opts.3x
ncurses-5.5/man/menu.3x
ncurses-5.5/man/mitem_userptr.3x
ncurses-5.5/man/captoinfo.1m
ncurses-5.5/man/mitem_value.3x
ncurses-5.5/man/mitem_visible.3x
ncurses-5.5/man/curs_inchstr.3x
ncurses-5.5/man/curs_scr_dump.3x
ncurses-5.5/man/curs_initscr.3x
ncurses-5.5/man/curs_overlay.3x
ncurses-5.5/man/curs_trace.3x
ncurses-5.5/man/curs_deleteln.3x
ncurses-5.5/man/curs_slk.3x
ncurses-5.5/man/curs_scroll.3x
ncurses-5.5/man/curs_extend.3x
ncurses-5.5/man/curs_outopts.3x
ncurses-5.5/man/curs_add_wch.3x
ncurses-5.5/man/curs_addchstr.3x
ncurses-5.5/man/curs_kernel.3x
ncurses-5.5/man/form.3x
ncurses-5.5/man/term.7
ncurses-5.5/man/curs_border.3x
ncurses-5.5/man/curs_attr.3x
ncurses-5.5/man/curs_border_set.3x
ncurses-5.5/man/curs_bkgd.3x
ncurses-5.5/man/curs_addstr.3x
ncurses-5.5/man/curs_in_wch.3x
ncurses-5.5/man/curs_ins_wch.3x
ncurses-5.5/man/curs_ins_wstr.3x
ncurses-5.5/man/curs_get_wstr.3x
ncurses-5.5/man/curs_getcchar.3x
ncurses-5.5/man/term.5
ncurses-5.5/man/curs_getstr.3x
ncurses-5.5/man/curs_scanw.3x
ncurses-5.5/man/curs_inopts.3x
ncurses-5.5/man/curs_getyx.3x
ncurses-5.5/man/curs_printw.3x
ncurses-5.5/man/curs_get_wch.3x
ncurses-5.5/man/MKterminfo.sh
ncurses-5.5/man/keyok.3x
ncurses-5.5/man/toe.1m
ncurses-5.5/man/curs_termcap.3x
ncurses-5.5/man/form_fieldtype.3x
ncurses-5.5/man/keybound.3x
ncurses-5.5/man/form_field_validation.3x
ncurses-5.5/man/panel.3x
ncurses-5.5/man/mitem_new.3x
ncurses-5.5/man/menu_driver.3x
ncurses-5.5/man/menu_pattern.3x
ncurses-5.5/man/curs_color.3x
ncurses-5.5/man/manlinks.sed
ncurses-5.5/man/curs_termattrs.3x
ncurses-5.5/man/curs_pad.3x
ncurses-5.5/man/curs_addch.3x
ncurses-5.5/man/curs_bkgrnd.3x
ncurses-5.5/man/curs_add_wchstr.3x
ncurses-5.5/man/form_field_buffer.3x
ncurses-5.5/man/terminfo.tail
ncurses-5.5/man/key_defined.3x
ncurses-5.5/man/define_key.3x
ncurses-5.5/man/curs_instr.3x
ncurses-5.5/man/infotocap.1m
ncurses-5.5/man/infocmp.1m
ncurses-5.5/man/curs_addwstr.3x
ncurses-5.5/man/tput.1
ncurses-5.5/man/terminfo.head
ncurses-5.5/man/menu_spacing.3x
ncurses-5.5/man/curs_in_wchstr.3x
ncurses-5.5/man/curs_beep.3x
ncurses-5.5/man/curs_mouse.3x
ncurses-5.5/man/default_colors.3x
ncurses-5.5/man/tset.1
ncurses-5.5/man/tic.1m
ncurses-5.5/man/curs_refresh.3x
ncurses-5.5/man/curs_touch.3x
ncurses-5.5/man/curs_insstr.3x
ncurses-5.5/man/curs_move.3x
ncurses-5.5/man/curs_inwstr.3x
ncurses-5.5/man/man_db.renames
ncurses-5.5/man/curs_util.3x
ncurses-5.5/man/resizeterm.3x
ncurses-5.5/man/curs_getch.3x
ncurses-5.5/man/make_sed.sh
ncurses-5.5/man/Makefile.in
ncurses-5.5/man/ncurses.3x
ncurses-5.5/man/curs_clear.3x
ncurses-5.5/man/form_field_opts.3x
ncurses-5.5/man/form_field_info.3x
ncurses-5.5/menu/
ncurses-5.5/menu/headers
ncurses-5.5/menu/eti.h
ncurses-5.5/menu/m_post.c
ncurses-5.5/menu/m_item_val.c
ncurses-5.5/menu/m_cursor.c
ncurses-5.5/menu/m_pad.c
ncurses-5.5/menu/m_new.c
ncurses-5.5/menu/menu.h
ncurses-5.5/menu/m_item_nam.c
ncurses-5.5/menu/m_hook.c
ncurses-5.5/menu/m_format.c
ncurses-5.5/menu/READ.ME
ncurses-5.5/menu/m_userptr.c
ncurses-5.5/menu/m_win.c
ncurses-5.5/menu/m_sub.c
ncurses-5.5/menu/m_opts.c
ncurses-5.5/menu/m_spacing.c
ncurses-5.5/menu/m_attribs.c
ncurses-5.5/menu/llib-lmenu
ncurses-5.5/menu/m_item_use.c
ncurses-5.5/menu/modules
ncurses-5.5/menu/Makefile.in
ncurses-5.5/menu/m_item_top.c
ncurses-5.5/menu/m_item_vis.c
ncurses-5.5/menu/m_scale.c
ncurses-5.5/menu/m_item_opt.c
ncurses-5.5/menu/mf_common.h
ncurses-5.5/menu/m_req_name.c
ncurses-5.5/menu/m_item_cur.c
ncurses-5.5/menu/m_items.c
ncurses-5.5/menu/m_trace.c
ncurses-5.5/menu/menu.priv.h
ncurses-5.5/menu/m_driver.c
ncurses-5.5/menu/m_global.c
ncurses-5.5/menu/m_pattern.c
ncurses-5.5/menu/m_item_new.c
ncurses-5.5/menu/llib-lmenuw
ncurses-5.5/misc/
ncurses-5.5/misc/chkdef.cmd
ncurses-5.5/misc/cleantic.cmd
ncurses-5.5/misc/cmpdef.cmd
ncurses-5.5/misc/form.ref
ncurses-5.5/misc/makedef.cmd
ncurses-5.5/misc/menu.def
ncurses-5.5/misc/menu.ref
ncurses-5.5/misc/ncurses.def
ncurses-5.5/misc/ncurses.ref
ncurses-5.5/misc/panel.ref
ncurses-5.5/misc/tabset/
ncurses-5.5/misc/tabset/std
ncurses-5.5/misc/tabset/stdcrt
ncurses-5.5/misc/tabset/vt100
ncurses-5.5/misc/tabset/vt300
ncurses-5.5/misc/makellib
ncurses-5.5/misc/terminfo.src
ncurses-5.5/misc/form.def
ncurses-5.5/misc/panel.def
ncurses-5.5/misc/tdlint
ncurses-5.5/misc/csort
ncurses-5.5/misc/emx.src
ncurses-5.5/misc/jpf-indent
ncurses-5.5/misc/gen_edit.sh
ncurses-5.5/misc/Makefile.in
ncurses-5.5/misc/ncu-indent
ncurses-5.5/misc/shlib
ncurses-5.5/misc/run_tic.in
ncurses-5.5/mk-0th.awk
ncurses-5.5/mk-1st.awk
ncurses-5.5/mk-2nd.awk
ncurses-5.5/mkinstalldirs
ncurses-5.5/ncurses/
ncurses-5.5/ncurses/base/
ncurses-5.5/ncurses/base/README
ncurses-5.5/ncurses/base/lib_clear.c
ncurses-5.5/ncurses/base/lib_clearok.c
ncurses-5.5/ncurses/base/keyok.c
ncurses-5.5/ncurses/base/lib_echo.c
ncurses-5.5/ncurses/base/lib_endwin.c
ncurses-5.5/ncurses/base/lib_clreol.c
ncurses-5.5/ncurses/base/lib_immedok.c
ncurses-5.5/ncurses/base/lib_inchstr.c
ncurses-5.5/ncurses/base/lib_isendwin.c
ncurses-5.5/ncurses/base/lib_leaveok.c
ncurses-5.5/ncurses/base/lib_mvwin.c
ncurses-5.5/ncurses/base/lib_scrollok.c
ncurses-5.5/ncurses/base/lib_scrreg.c
ncurses-5.5/ncurses/base/lib_erase.c
ncurses-5.5/ncurses/base/lib_nl.c
ncurses-5.5/ncurses/base/memmove.c
ncurses-5.5/ncurses/base/nc_panel.c
ncurses-5.5/ncurses/base/lib_slkatr_set.c
ncurses-5.5/ncurses/base/lib_slkatron.c
ncurses-5.5/ncurses/base/lib_slkclear.c
ncurses-5.5/ncurses/base/lib_slkatrof.c
ncurses-5.5/ncurses/base/lib_slkinit.c
ncurses-5.5/ncurses/base/lib_slktouch.c
ncurses-5.5/ncurses/base/lib_clrbot.c
ncurses-5.5/ncurses/base/lib_flash.c
ncurses-5.5/ncurses/base/lib_hline.c
ncurses-5.5/ncurses/base/lib_winch.c
ncurses-5.5/ncurses/base/lib_delwin.c
ncurses-5.5/ncurses/base/lib_restart.c
ncurses-5.5/ncurses/base/lib_touch.c
ncurses-5.5/ncurses/base/lib_slklab.c
ncurses-5.5/ncurses/base/lib_vline.c
ncurses-5.5/ncurses/base/lib_scanw.c
ncurses-5.5/ncurses/base/lib_redrawln.c
ncurses-5.5/ncurses/base/lib_delch.c
ncurses-5.5/ncurses/base/lib_box.c
ncurses-5.5/ncurses/base/lib_refresh.c
ncurses-5.5/ncurses/base/lib_getstr.c
ncurses-5.5/ncurses/base/lib_screen.c
ncurses-5.5/ncurses/base/lib_slkcolor.c
ncurses-5.5/ncurses/base/lib_window.c
ncurses-5.5/ncurses/base/wresize.c
ncurses-5.5/ncurses/base/lib_chgat.c
ncurses-5.5/ncurses/base/lib_ungetch.c
ncurses-5.5/ncurses/base/lib_overlay.c
ncurses-5.5/ncurses/base/MKunctrl.awk
ncurses-5.5/ncurses/base/key_defined.c
ncurses-5.5/ncurses/base/lib_slkatrset.c
ncurses-5.5/ncurses/base/tries.c
ncurses-5.5/ncurses/base/define_key.c
ncurses-5.5/ncurses/base/lib_insdel.c
ncurses-5.5/ncurses/base/safe_sprintf.c
ncurses-5.5/ncurses/base/lib_slkattr.c
ncurses-5.5/ncurses/base/sigaction.c
ncurses-5.5/ncurses/base/lib_colorset.c
ncurses-5.5/ncurses/base/lib_initscr.c
ncurses-5.5/ncurses/base/lib_printw.c
ncurses-5.5/ncurses/base/lib_insnstr.c
ncurses-5.5/ncurses/base/vsscanf.c
ncurses-5.5/ncurses/base/lib_newwin.c
ncurses-5.5/ncurses/base/lib_addstr.c
ncurses-5.5/ncurses/base/resizeterm.c
ncurses-5.5/ncurses/base/lib_newterm.c
ncurses-5.5/ncurses/base/lib_pad.c
ncurses-5.5/ncurses/base/lib_dft_fgbg.c
ncurses-5.5/ncurses/base/lib_slk.c
ncurses-5.5/ncurses/base/lib_move.c
ncurses-5.5/ncurses/base/lib_scroll.c
ncurses-5.5/ncurses/base/version.c
ncurses-5.5/ncurses/base/lib_slkrefr.c
ncurses-5.5/ncurses/base/lib_set_term.c
ncurses-5.5/ncurses/base/lib_bkgd.c
ncurses-5.5/ncurses/base/lib_wattroff.c
ncurses-5.5/ncurses/base/lib_wattron.c
ncurses-5.5/ncurses/base/lib_insch.c
ncurses-5.5/ncurses/base/lib_addch.c
ncurses-5.5/ncurses/base/lib_getch.c
ncurses-5.5/ncurses/base/lib_beep.c
ncurses-5.5/ncurses/base/lib_instr.c
ncurses-5.5/ncurses/base/lib_slkset.c
ncurses-5.5/ncurses/base/MKkeyname.awk
ncurses-5.5/ncurses/base/keybound.c
ncurses-5.5/ncurses/base/lib_freeall.c
ncurses-5.5/ncurses/base/MKlib_gen.sh
ncurses-5.5/ncurses/base/lib_color.c
ncurses-5.5/ncurses/base/lib_mouse.c
ncurses-5.5/ncurses/tinfo/
ncurses-5.5/ncurses/tinfo/README
ncurses-5.5/ncurses/tinfo/getenv_num.c
ncurses-5.5/ncurses/tinfo/lib_longname.c
ncurses-5.5/ncurses/tinfo/add_tries.c
ncurses-5.5/ncurses/tinfo/MKnames.awk
ncurses-5.5/ncurses/tinfo/MKcaptab.awk
ncurses-5.5/ncurses/tinfo/comp_expand.c
ncurses-5.5/ncurses/tinfo/MKfallback.sh
ncurses-5.5/ncurses/tinfo/lib_baudrate.c
ncurses-5.5/ncurses/tinfo/lib_has_cap.c
ncurses-5.5/ncurses/tinfo/lib_print.c
ncurses-5.5/ncurses/tinfo/write_entry.c
ncurses-5.5/ncurses/tinfo/lib_raw.c
ncurses-5.5/ncurses/tinfo/doalloc.c
ncurses-5.5/ncurses/tinfo/lib_ti.c
ncurses-5.5/ncurses/tinfo/lib_ttyflags.c
ncurses-5.5/ncurses/tinfo/alloc_ttype.c
ncurses-5.5/ncurses/tinfo/access.c
ncurses-5.5/ncurses/tinfo/strings.c
ncurses-5.5/ncurses/tinfo/lib_tputs.c
ncurses-5.5/ncurses/tinfo/lib_options.c
ncurses-5.5/ncurses/tinfo/MKkeys_list.sh
ncurses-5.5/ncurses/tinfo/setbuf.c
ncurses-5.5/ncurses/tinfo/lib_tgoto.c
ncurses-5.5/ncurses/tinfo/lib_termname.c
ncurses-5.5/ncurses/tinfo/lib_cur_term.c
ncurses-5.5/ncurses/tinfo/lib_tparm.c
ncurses-5.5/ncurses/tinfo/name_match.c
ncurses-5.5/ncurses/tinfo/alloc_entry.c
ncurses-5.5/ncurses/tinfo/free_ttype.c
ncurses-5.5/ncurses/tinfo/lib_kernel.c
ncurses-5.5/ncurses/tinfo/comp_parse.c
ncurses-5.5/ncurses/tinfo/captoinfo.c
ncurses-5.5/ncurses/tinfo/lib_acs.c
ncurses-5.5/ncurses/tinfo/lib_data.c
ncurses-5.5/ncurses/tinfo/lib_setup.c
ncurses-5.5/ncurses/tinfo/lib_napms.c
ncurses-5.5/ncurses/tinfo/comp_scan.c
ncurses-5.5/ncurses/tinfo/read_entry.c
ncurses-5.5/ncurses/tinfo/init_keytry.c
ncurses-5.5/ncurses/tinfo/read_termcap.c
ncurses-5.5/ncurses/tinfo/parse_entry.c
ncurses-5.5/ncurses/tinfo/home_terminfo.c
ncurses-5.5/ncurses/tinfo/trim_sgr0.c
ncurses-5.5/ncurses/tinfo/lib_termcap.c
ncurses-5.5/ncurses/tinfo/comp_hash.c
ncurses-5.5/ncurses/tinfo/make_keys.c
ncurses-5.5/ncurses/tinfo/comp_error.c
ncurses-5.5/ncurses/trace/
ncurses-5.5/ncurses/trace/README
ncurses-5.5/ncurses/trace/trace_xnames.c
ncurses-5.5/ncurses/trace/trace_tries.c
ncurses-5.5/ncurses/trace/lib_tracebits.c
ncurses-5.5/ncurses/trace/trace_buf.c
ncurses-5.5/ncurses/trace/varargs.c
ncurses-5.5/ncurses/trace/lib_tracedmp.c
ncurses-5.5/ncurses/trace/lib_trace.c
ncurses-5.5/ncurses/trace/lib_tracechr.c
ncurses-5.5/ncurses/trace/lib_tracemse.c
ncurses-5.5/ncurses/trace/visbuf.c
ncurses-5.5/ncurses/trace/lib_traceatr.c
ncurses-5.5/ncurses/tty/
ncurses-5.5/ncurses/tty/tty_input.h
ncurses-5.5/ncurses/tty/MKexpanded.sh
ncurses-5.5/ncurses/tty/hardscroll.c
ncurses-5.5/ncurses/tty/lib_tstp.c
ncurses-5.5/ncurses/tty/lib_twait.c
ncurses-5.5/ncurses/tty/tty_display.h
ncurses-5.5/ncurses/tty/lib_vidattr.c
ncurses-5.5/ncurses/tty/hashmap.c
ncurses-5.5/ncurses/tty/tty_update.c
ncurses-5.5/ncurses/tty/lib_mvcur.c
ncurses-5.5/ncurses/README
ncurses-5.5/ncurses/widechar/
ncurses-5.5/ncurses/widechar/lib_vline_set.c
ncurses-5.5/ncurses/widechar/lib_hline_set.c
ncurses-5.5/ncurses/widechar/lib_erasewchar.c
ncurses-5.5/ncurses/widechar/lib_in_wch.c
ncurses-5.5/ncurses/widechar/lib_wacs.c
ncurses-5.5/ncurses/widechar/lib_box_set.c
ncurses-5.5/ncurses/widechar/lib_pecho_wchar.c
ncurses-5.5/ncurses/widechar/lib_in_wchnstr.c
ncurses-5.5/ncurses/widechar/lib_add_wch.c
ncurses-5.5/ncurses/widechar/lib_get_wstr.c
ncurses-5.5/ncurses/widechar/lib_inwstr.c
ncurses-5.5/ncurses/widechar/lib_unget_wch.c
ncurses-5.5/ncurses/widechar/lib_slk_wset.c
ncurses-5.5/ncurses/widechar/lib_cchar.c
ncurses-5.5/ncurses/widechar/lib_vid_attr.c
ncurses-5.5/ncurses/widechar/charable.c
ncurses-5.5/ncurses/widechar/lib_wunctrl.c
ncurses-5.5/ncurses/widechar/lib_get_wch.c
ncurses-5.5/ncurses/widechar/lib_ins_wch.c
ncurses-5.5/ncurses/fifo_defs.h
ncurses-5.5/ncurses/README.IZ
ncurses-5.5/ncurses/Makefile.in
ncurses-5.5/ncurses/SigAction.h
ncurses-5.5/ncurses/modules
ncurses-5.5/ncurses/llib-lncurses
ncurses-5.5/ncurses/llib-lncursesw
ncurses-5.5/ncurses/curses.priv.h
ncurses-5.5/panel/
ncurses-5.5/panel/headers
ncurses-5.5/panel/modules
ncurses-5.5/panel/p_new.c
ncurses-5.5/panel/p_show.c
ncurses-5.5/panel/p_delete.c
ncurses-5.5/panel/p_hide.c
ncurses-5.5/panel/p_bottom.c
ncurses-5.5/panel/p_top.c
ncurses-5.5/panel/p_below.c
ncurses-5.5/panel/p_above.c
ncurses-5.5/panel/p_hidden.c
ncurses-5.5/panel/panel.h
ncurses-5.5/panel/p_move.c
ncurses-5.5/panel/llib-lpanelw
ncurses-5.5/panel/Makefile.in
ncurses-5.5/panel/p_user.c
ncurses-5.5/panel/p_win.c
ncurses-5.5/panel/panel.c
ncurses-5.5/panel/p_update.c
ncurses-5.5/panel/panel.priv.h
ncurses-5.5/panel/p_replace.c
ncurses-5.5/panel/llib-lpanel
ncurses-5.5/progs/
ncurses-5.5/progs/capconvert
ncurses-5.5/progs/clear.sh
ncurses-5.5/progs/MKtermsort.sh
ncurses-5.5/progs/dump_entry.h
ncurses-5.5/progs/Makefile.in
ncurses-5.5/progs/tput.c
ncurses-5.5/progs/infocmp.c
ncurses-5.5/progs/toe.c
ncurses-5.5/progs/dump_entry.c
ncurses-5.5/progs/progs.priv.h
ncurses-5.5/progs/tic.c
ncurses-5.5/progs/modules
ncurses-5.5/progs/tset.c
ncurses-5.5/progs/clear.c
ncurses-5.5/tack/
ncurses-5.5/tack/crum.c
ncurses-5.5/tack/modules
ncurses-5.5/tack/menu.c
ncurses-5.5/tack/README
ncurses-5.5/tack/edit.c
ncurses-5.5/tack/ansi.c
ncurses-5.5/tack/fun.c
ncurses-5.5/tack/tack.c
ncurses-5.5/tack/HISTORY
ncurses-5.5/tack/pad.c
ncurses-5.5/tack/color.c
ncurses-5.5/tack/scan.c
ncurses-5.5/tack/init.c
ncurses-5.5/tack/tack.h
ncurses-5.5/tack/output.c
ncurses-5.5/tack/sync.c
ncurses-5.5/tack/sysdep.c
ncurses-5.5/tack/Makefile.in
ncurses-5.5/tack/tack.1
ncurses-5.5/tack/control.c
ncurses-5.5/tack/modes.c
ncurses-5.5/tack/COPYING
ncurses-5.5/tack/charset.c
ncurses-5.5/tar-copy.sh
ncurses-5.5/test/
ncurses-5.5/test/bs.6
ncurses-5.5/test/bs.c
ncurses-5.5/test/cardfile.dat
ncurses-5.5/test/ncurses_tst.hin
ncurses-5.5/test/configure
ncurses-5.5/test/rain.c
ncurses-5.5/test/hanoi.c
ncurses-5.5/test/railroad.c
ncurses-5.5/test/knight.c
ncurses-5.5/test/testaddch.c
ncurses-5.5/test/testscanw.c
ncurses-5.5/test/lrtest.c
ncurses-5.5/test/demo_keyok.c
ncurses-5.5/test/gdc.6
ncurses-5.5/test/demo_panels.c
ncurses-5.5/test/tclock.c
ncurses-5.5/test/listused.sh
ncurses-5.5/test/background.c
ncurses-5.5/test/color_set.c
ncurses-5.5/test/demo_defkey.c
ncurses-5.5/test/test.priv.h
ncurses-5.5/test/xterm-16color.dat
ncurses-5.5/test/linux-color.dat
ncurses-5.5/test/filter.c
ncurses-5.5/test/cardfile.c
ncurses-5.5/test/blue.c
ncurses-5.5/test/dots.c
ncurses-5.5/test/inserts.c
ncurses-5.5/test/xterm-88color.dat
ncurses-5.5/test/configure.in
ncurses-5.5/test/aclocal.m4
ncurses-5.5/test/tracemunch
ncurses-5.5/test/newdemo.c
ncurses-5.5/test/ditto.c
ncurses-5.5/test/xmas.c
ncurses-5.5/test/ins_wide.c
ncurses-5.5/test/testcurs.c
ncurses-5.5/test/hashtest.c
ncurses-5.5/test/firstlast.c
ncurses-5.5/test/keynames.c
ncurses-5.5/test/demo_termcap.c
ncurses-5.5/test/gdc.c
ncurses-5.5/test/view.c
ncurses-5.5/test/firework.c
ncurses-5.5/test/demo_menus.c
ncurses-5.5/test/Makefile.in
ncurses-5.5/test/worm.c
ncurses-5.5/test/modules
ncurses-5.5/test/edit_field.h
ncurses-5.5/test/edit_field.c
ncurses-5.5/test/README
ncurses-5.5/test/ncurses.c
ncurses-5.5/test/demo_forms.c
