lfs-bootscripts-6.2/
lfs-bootscripts-6.2/lfs/
lfs-bootscripts-6.2/lfs/sysconfig/
lfs-bootscripts-6.2/lfs/sysconfig/rc
lfs-bootscripts-6.2/lfs/sysconfig/network-devices/
lfs-bootscripts-6.2/lfs/sysconfig/network-devices/ifup
lfs-bootscripts-6.2/lfs/sysconfig/network-devices/ifdown
lfs-bootscripts-6.2/lfs/sysconfig/network-devices/services/
lfs-bootscripts-6.2/lfs/sysconfig/network-devices/services/ipv4-static
lfs-bootscripts-6.2/lfs/sysconfig/network-devices/services/ipv4-static-route
lfs-bootscripts-6.2/lfs/sysconfig/modules
lfs-bootscripts-6.2/lfs/sysconfig/createfiles
lfs-bootscripts-6.2/lfs/init.d/
lfs-bootscripts-6.2/lfs/init.d/rc
lfs-bootscripts-6.2/lfs/init.d/halt
lfs-bootscripts-6.2/lfs/init.d/swap
lfs-bootscripts-6.2/lfs/init.d/udev
lfs-bootscripts-6.2/lfs/init.d/console
lfs-bootscripts-6.2/lfs/init.d/sendsignals
lfs-bootscripts-6.2/lfs/init.d/template
lfs-bootscripts-6.2/lfs/init.d/modules
lfs-bootscripts-6.2/lfs/init.d/mountfs
lfs-bootscripts-6.2/lfs/init.d/network
lfs-bootscripts-6.2/lfs/init.d/mountkernfs
lfs-bootscripts-6.2/lfs/init.d/udev_retry
lfs-bootscripts-6.2/lfs/init.d/functions
lfs-bootscripts-6.2/lfs/init.d/reboot
lfs-bootscripts-6.2/lfs/init.d/sysklogd
lfs-bootscripts-6.2/lfs/init.d/sysctl
lfs-bootscripts-6.2/lfs/init.d/localnet
lfs-bootscripts-6.2/lfs/init.d/setclock
lfs-bootscripts-6.2/lfs/init.d/checkfs
lfs-bootscripts-6.2/lfs/init.d/cleanfs
lfs-bootscripts-6.2/contrib/
lfs-bootscripts-6.2/contrib/lsb/
lfs-bootscripts-6.2/contrib/lsb/lib/
lfs-bootscripts-6.2/contrib/lsb/lib/init-functions
lfs-bootscripts-6.2/contrib/lsb/Makefile
lfs-bootscripts-6.2/contrib/sysconfig/
lfs-bootscripts-6.2/contrib/sysconfig/network-devices/
lfs-bootscripts-6.2/contrib/sysconfig/network-devices/services/
lfs-bootscripts-6.2/contrib/sysconfig/network-devices/services/mtu
lfs-bootscripts-6.2/Makefile
lfs-bootscripts-6.2/LICENSE
lfs-bootscripts-6.2/README
lfs-bootscripts-6.2/CHANGELOG
