install -d -m 755 /usr/local/aethernet/subversion/checkout/main/trunk/autobuild/packages/bootscripts/lfs-bootscripts-6.2/unpack/lfs-bootscripts-6.2/../../pkg/debian/etc/rc.d/rc0.d
install -d -m 755 /usr/local/aethernet/subversion/checkout/main/trunk/autobuild/packages/bootscripts/lfs-bootscripts-6.2/unpack/lfs-bootscripts-6.2/../../pkg/debian/etc/rc.d/rc1.d
install -d -m 755 /usr/local/aethernet/subversion/checkout/main/trunk/autobuild/packages/bootscripts/lfs-bootscripts-6.2/unpack/lfs-bootscripts-6.2/../../pkg/debian/etc/rc.d/rc2.d
install -d -m 755 /usr/local/aethernet/subversion/checkout/main/trunk/autobuild/packages/bootscripts/lfs-bootscripts-6.2/unpack/lfs-bootscripts-6.2/../../pkg/debian/etc/rc.d/rc3.d
install -d -m 755 /usr/local/aethernet/subversion/checkout/main/trunk/autobuild/packages/bootscripts/lfs-bootscripts-6.2/unpack/lfs-bootscripts-6.2/../../pkg/debian/etc/rc.d/rc4.d
install -d -m 755 /usr/local/aethernet/subversion/checkout/main/trunk/autobuild/packages/bootscripts/lfs-bootscripts-6.2/unpack/lfs-bootscripts-6.2/../../pkg/debian/etc/rc.d/rc5.d
install -d -m 755 /usr/local/aethernet/subversion/checkout/main/trunk/autobuild/packages/bootscripts/lfs-bootscripts-6.2/unpack/lfs-bootscripts-6.2/../../pkg/debian/etc/rc.d/rc6.d
install -d -m 755 /usr/local/aethernet/subversion/checkout/main/trunk/autobuild/packages/bootscripts/lfs-bootscripts-6.2/unpack/lfs-bootscripts-6.2/../../pkg/debian/etc/rc.d/rcsysinit.d
install -d -m 755 /usr/local/aethernet/subversion/checkout/main/trunk/autobuild/packages/bootscripts/lfs-bootscripts-6.2/unpack/lfs-bootscripts-6.2/../../pkg/debian/etc/rc.d/init.d
install -d -m 755 /usr/local/aethernet/subversion/checkout/main/trunk/autobuild/packages/bootscripts/lfs-bootscripts-6.2/unpack/lfs-bootscripts-6.2/../../pkg/debian/etc/sysconfig
install -d -m 755 /usr/local/aethernet/subversion/checkout/main/trunk/autobuild/packages/bootscripts/lfs-bootscripts-6.2/unpack/lfs-bootscripts-6.2/../../pkg/debian/etc/sysconfig/network-devices/services
install -m 754 lfs/init.d/checkfs       /usr/local/aethernet/subversion/checkout/main/trunk/autobuild/packages/bootscripts/lfs-bootscripts-6.2/unpack/lfs-bootscripts-6.2/../../pkg/debian/etc/rc.d/init.d/
install -m 754 lfs/init.d/cleanfs       /usr/local/aethernet/subversion/checkout/main/trunk/autobuild/packages/bootscripts/lfs-bootscripts-6.2/unpack/lfs-bootscripts-6.2/../../pkg/debian/etc/rc.d/init.d/
install -m 644 lfs/init.d/functions /usr/local/aethernet/subversion/checkout/main/trunk/autobuild/packages/bootscripts/lfs-bootscripts-6.2/unpack/lfs-bootscripts-6.2/../../pkg/debian/etc/rc.d/init.d/
install -m 754 lfs/init.d/halt          /usr/local/aethernet/subversion/checkout/main/trunk/autobuild/packages/bootscripts/lfs-bootscripts-6.2/unpack/lfs-bootscripts-6.2/../../pkg/debian/etc/rc.d/init.d/
install -m 754 lfs/init.d/console       /usr/local/aethernet/subversion/checkout/main/trunk/autobuild/packages/bootscripts/lfs-bootscripts-6.2/unpack/lfs-bootscripts-6.2/../../pkg/debian/etc/rc.d/init.d/
install -m 754 lfs/init.d/localnet      /usr/local/aethernet/subversion/checkout/main/trunk/autobuild/packages/bootscripts/lfs-bootscripts-6.2/unpack/lfs-bootscripts-6.2/../../pkg/debian/etc/rc.d/init.d/
install -m 754 lfs/init.d/modules       /usr/local/aethernet/subversion/checkout/main/trunk/autobuild/packages/bootscripts/lfs-bootscripts-6.2/unpack/lfs-bootscripts-6.2/../../pkg/debian/etc/rc.d/init.d/
install -m 754 lfs/init.d/mountfs       /usr/local/aethernet/subversion/checkout/main/trunk/autobuild/packages/bootscripts/lfs-bootscripts-6.2/unpack/lfs-bootscripts-6.2/../../pkg/debian/etc/rc.d/init.d/
install -m 754 lfs/init.d/mountkernfs   /usr/local/aethernet/subversion/checkout/main/trunk/autobuild/packages/bootscripts/lfs-bootscripts-6.2/unpack/lfs-bootscripts-6.2/../../pkg/debian/etc/rc.d/init.d/
install -m 754 lfs/init.d/network       /usr/local/aethernet/subversion/checkout/main/trunk/autobuild/packages/bootscripts/lfs-bootscripts-6.2/unpack/lfs-bootscripts-6.2/../../pkg/debian/etc/rc.d/init.d/
install -m 754 lfs/init.d/rc            /usr/local/aethernet/subversion/checkout/main/trunk/autobuild/packages/bootscripts/lfs-bootscripts-6.2/unpack/lfs-bootscripts-6.2/../../pkg/debian/etc/rc.d/init.d/
install -m 754 lfs/init.d/reboot        /usr/local/aethernet/subversion/checkout/main/trunk/autobuild/packages/bootscripts/lfs-bootscripts-6.2/unpack/lfs-bootscripts-6.2/../../pkg/debian/etc/rc.d/init.d/
install -m 754 lfs/init.d/sendsignals   /usr/local/aethernet/subversion/checkout/main/trunk/autobuild/packages/bootscripts/lfs-bootscripts-6.2/unpack/lfs-bootscripts-6.2/../../pkg/debian/etc/rc.d/init.d/
install -m 754 lfs/init.d/setclock      /usr/local/aethernet/subversion/checkout/main/trunk/autobuild/packages/bootscripts/lfs-bootscripts-6.2/unpack/lfs-bootscripts-6.2/../../pkg/debian/etc/rc.d/init.d/
install -m 754 lfs/init.d/sysklogd	    /usr/local/aethernet/subversion/checkout/main/trunk/autobuild/packages/bootscripts/lfs-bootscripts-6.2/unpack/lfs-bootscripts-6.2/../../pkg/debian/etc/rc.d/init.d/
install -m 754 lfs/init.d/swap          /usr/local/aethernet/subversion/checkout/main/trunk/autobuild/packages/bootscripts/lfs-bootscripts-6.2/unpack/lfs-bootscripts-6.2/../../pkg/debian/etc/rc.d/init.d/
install -m 754 lfs/init.d/sysctl        /usr/local/aethernet/subversion/checkout/main/trunk/autobuild/packages/bootscripts/lfs-bootscripts-6.2/unpack/lfs-bootscripts-6.2/../../pkg/debian/etc/rc.d/init.d/
install -m 754 lfs/init.d/template      /usr/local/aethernet/subversion/checkout/main/trunk/autobuild/packages/bootscripts/lfs-bootscripts-6.2/unpack/lfs-bootscripts-6.2/../../pkg/debian/etc/rc.d/init.d/
install -m 754 lfs/init.d/udev          /usr/local/aethernet/subversion/checkout/main/trunk/autobuild/packages/bootscripts/lfs-bootscripts-6.2/unpack/lfs-bootscripts-6.2/../../pkg/debian/etc/rc.d/init.d/
install -m 754 lfs/init.d/udev_retry    /usr/local/aethernet/subversion/checkout/main/trunk/autobuild/packages/bootscripts/lfs-bootscripts-6.2/unpack/lfs-bootscripts-6.2/../../pkg/debian/etc/rc.d/init.d/
ln -sf ../init.d/network     /usr/local/aethernet/subversion/checkout/main/trunk/autobuild/packages/bootscripts/lfs-bootscripts-6.2/unpack/lfs-bootscripts-6.2/../../pkg/debian/etc/rc.d/rc0.d/K80network
ln -sf ../init.d/sysklogd   /usr/local/aethernet/subversion/checkout/main/trunk/autobuild/packages/bootscripts/lfs-bootscripts-6.2/unpack/lfs-bootscripts-6.2/../../pkg/debian/etc/rc.d/rc0.d/K90sysklogd
ln -sf ../init.d/sendsignals /usr/local/aethernet/subversion/checkout/main/trunk/autobuild/packages/bootscripts/lfs-bootscripts-6.2/unpack/lfs-bootscripts-6.2/../../pkg/debian/etc/rc.d/rc0.d/S60sendsignals
ln -sf ../init.d/mountfs     /usr/local/aethernet/subversion/checkout/main/trunk/autobuild/packages/bootscripts/lfs-bootscripts-6.2/unpack/lfs-bootscripts-6.2/../../pkg/debian/etc/rc.d/rc0.d/S70mountfs
ln -sf ../init.d/swap        /usr/local/aethernet/subversion/checkout/main/trunk/autobuild/packages/bootscripts/lfs-bootscripts-6.2/unpack/lfs-bootscripts-6.2/../../pkg/debian/etc/rc.d/rc0.d/S80swap
ln -sf ../init.d/localnet    /usr/local/aethernet/subversion/checkout/main/trunk/autobuild/packages/bootscripts/lfs-bootscripts-6.2/unpack/lfs-bootscripts-6.2/../../pkg/debian/etc/rc.d/rc0.d/S90localnet
ln -sf ../init.d/halt        /usr/local/aethernet/subversion/checkout/main/trunk/autobuild/packages/bootscripts/lfs-bootscripts-6.2/unpack/lfs-bootscripts-6.2/../../pkg/debian/etc/rc.d/rc0.d/S99halt
ln -sf ../init.d/network     /usr/local/aethernet/subversion/checkout/main/trunk/autobuild/packages/bootscripts/lfs-bootscripts-6.2/unpack/lfs-bootscripts-6.2/../../pkg/debian/etc/rc.d/rc1.d/K80network
ln -sf ../init.d/sysklogd   /usr/local/aethernet/subversion/checkout/main/trunk/autobuild/packages/bootscripts/lfs-bootscripts-6.2/unpack/lfs-bootscripts-6.2/../../pkg/debian/etc/rc.d/rc1.d/K90sysklogd
ln -sf ../init.d/network     /usr/local/aethernet/subversion/checkout/main/trunk/autobuild/packages/bootscripts/lfs-bootscripts-6.2/unpack/lfs-bootscripts-6.2/../../pkg/debian/etc/rc.d/rc2.d/K80network
ln -sf ../init.d/sysklogd   /usr/local/aethernet/subversion/checkout/main/trunk/autobuild/packages/bootscripts/lfs-bootscripts-6.2/unpack/lfs-bootscripts-6.2/../../pkg/debian/etc/rc.d/rc2.d/K90sysklogd
ln -sf ../init.d/sysklogd   /usr/local/aethernet/subversion/checkout/main/trunk/autobuild/packages/bootscripts/lfs-bootscripts-6.2/unpack/lfs-bootscripts-6.2/../../pkg/debian/etc/rc.d/rc3.d/S10sysklogd
ln -sf ../init.d/network     /usr/local/aethernet/subversion/checkout/main/trunk/autobuild/packages/bootscripts/lfs-bootscripts-6.2/unpack/lfs-bootscripts-6.2/../../pkg/debian/etc/rc.d/rc3.d/S20network
ln -sf ../init.d/sysklogd   /usr/local/aethernet/subversion/checkout/main/trunk/autobuild/packages/bootscripts/lfs-bootscripts-6.2/unpack/lfs-bootscripts-6.2/../../pkg/debian/etc/rc.d/rc4.d/S10sysklogd
ln -sf ../init.d/network     /usr/local/aethernet/subversion/checkout/main/trunk/autobuild/packages/bootscripts/lfs-bootscripts-6.2/unpack/lfs-bootscripts-6.2/../../pkg/debian/etc/rc.d/rc4.d/S20network
ln -sf ../init.d/sysklogd   /usr/local/aethernet/subversion/checkout/main/trunk/autobuild/packages/bootscripts/lfs-bootscripts-6.2/unpack/lfs-bootscripts-6.2/../../pkg/debian/etc/rc.d/rc5.d/S10sysklogd
ln -sf ../init.d/network     /usr/local/aethernet/subversion/checkout/main/trunk/autobuild/packages/bootscripts/lfs-bootscripts-6.2/unpack/lfs-bootscripts-6.2/../../pkg/debian/etc/rc.d/rc5.d/S20network
ln -sf ../init.d/network     /usr/local/aethernet/subversion/checkout/main/trunk/autobuild/packages/bootscripts/lfs-bootscripts-6.2/unpack/lfs-bootscripts-6.2/../../pkg/debian/etc/rc.d/rc6.d/K80network
ln -sf ../init.d/sysklogd   /usr/local/aethernet/subversion/checkout/main/trunk/autobuild/packages/bootscripts/lfs-bootscripts-6.2/unpack/lfs-bootscripts-6.2/../../pkg/debian/etc/rc.d/rc6.d/K90sysklogd
ln -sf ../init.d/sendsignals /usr/local/aethernet/subversion/checkout/main/trunk/autobuild/packages/bootscripts/lfs-bootscripts-6.2/unpack/lfs-bootscripts-6.2/../../pkg/debian/etc/rc.d/rc6.d/S60sendsignals
ln -sf ../init.d/mountfs     /usr/local/aethernet/subversion/checkout/main/trunk/autobuild/packages/bootscripts/lfs-bootscripts-6.2/unpack/lfs-bootscripts-6.2/../../pkg/debian/etc/rc.d/rc6.d/S70mountfs
ln -sf ../init.d/swap        /usr/local/aethernet/subversion/checkout/main/trunk/autobuild/packages/bootscripts/lfs-bootscripts-6.2/unpack/lfs-bootscripts-6.2/../../pkg/debian/etc/rc.d/rc6.d/S80swap
ln -sf ../init.d/localnet    /usr/local/aethernet/subversion/checkout/main/trunk/autobuild/packages/bootscripts/lfs-bootscripts-6.2/unpack/lfs-bootscripts-6.2/../../pkg/debian/etc/rc.d/rc6.d/S90localnet
ln -sf ../init.d/reboot      /usr/local/aethernet/subversion/checkout/main/trunk/autobuild/packages/bootscripts/lfs-bootscripts-6.2/unpack/lfs-bootscripts-6.2/../../pkg/debian/etc/rc.d/rc6.d/S99reboot
ln -sf ../init.d/mountkernfs /usr/local/aethernet/subversion/checkout/main/trunk/autobuild/packages/bootscripts/lfs-bootscripts-6.2/unpack/lfs-bootscripts-6.2/../../pkg/debian/etc/rc.d/rcsysinit.d/S00mountkernfs
ln -sf ../init.d/modules     /usr/local/aethernet/subversion/checkout/main/trunk/autobuild/packages/bootscripts/lfs-bootscripts-6.2/unpack/lfs-bootscripts-6.2/../../pkg/debian/etc/rc.d/rcsysinit.d/S05modules
ln -sf ../init.d/udev        /usr/local/aethernet/subversion/checkout/main/trunk/autobuild/packages/bootscripts/lfs-bootscripts-6.2/unpack/lfs-bootscripts-6.2/../../pkg/debian/etc/rc.d/rcsysinit.d/S10udev
ln -sf ../init.d/swap        /usr/local/aethernet/subversion/checkout/main/trunk/autobuild/packages/bootscripts/lfs-bootscripts-6.2/unpack/lfs-bootscripts-6.2/../../pkg/debian/etc/rc.d/rcsysinit.d/S20swap
ln -sf ../init.d/checkfs     /usr/local/aethernet/subversion/checkout/main/trunk/autobuild/packages/bootscripts/lfs-bootscripts-6.2/unpack/lfs-bootscripts-6.2/../../pkg/debian/etc/rc.d/rcsysinit.d/S30checkfs
ln -sf ../init.d/mountfs     /usr/local/aethernet/subversion/checkout/main/trunk/autobuild/packages/bootscripts/lfs-bootscripts-6.2/unpack/lfs-bootscripts-6.2/../../pkg/debian/etc/rc.d/rcsysinit.d/S40mountfs
ln -sf ../init.d/udev_retry  /usr/local/aethernet/subversion/checkout/main/trunk/autobuild/packages/bootscripts/lfs-bootscripts-6.2/unpack/lfs-bootscripts-6.2/../../pkg/debian/etc/rc.d/rcsysinit.d/S45udev_retry
ln -sf ../init.d/cleanfs     /usr/local/aethernet/subversion/checkout/main/trunk/autobuild/packages/bootscripts/lfs-bootscripts-6.2/unpack/lfs-bootscripts-6.2/../../pkg/debian/etc/rc.d/rcsysinit.d/S50cleanfs
ln -sf ../init.d/setclock    /usr/local/aethernet/subversion/checkout/main/trunk/autobuild/packages/bootscripts/lfs-bootscripts-6.2/unpack/lfs-bootscripts-6.2/../../pkg/debian/etc/rc.d/rcsysinit.d/S60setclock
ln -sf ../init.d/console     /usr/local/aethernet/subversion/checkout/main/trunk/autobuild/packages/bootscripts/lfs-bootscripts-6.2/unpack/lfs-bootscripts-6.2/../../pkg/debian/etc/rc.d/rcsysinit.d/S70console
ln -sf ../init.d/localnet    /usr/local/aethernet/subversion/checkout/main/trunk/autobuild/packages/bootscripts/lfs-bootscripts-6.2/unpack/lfs-bootscripts-6.2/../../pkg/debian/etc/rc.d/rcsysinit.d/S80localnet
ln -sf ../init.d/sysctl      /usr/local/aethernet/subversion/checkout/main/trunk/autobuild/packages/bootscripts/lfs-bootscripts-6.2/unpack/lfs-bootscripts-6.2/../../pkg/debian/etc/rc.d/rcsysinit.d/S90sysctl
if [ ! -f /usr/local/aethernet/subversion/checkout/main/trunk/autobuild/packages/bootscripts/lfs-bootscripts-6.2/unpack/lfs-bootscripts-6.2/../../pkg/debian/etc/sysconfig/createfiles ]; then install -m 644 lfs/sysconfig/createfiles /usr/local/aethernet/subversion/checkout/main/trunk/autobuild/packages/bootscripts/lfs-bootscripts-6.2/unpack/lfs-bootscripts-6.2/../../pkg/debian/etc/sysconfig/; fi
if [ ! -f /usr/local/aethernet/subversion/checkout/main/trunk/autobuild/packages/bootscripts/lfs-bootscripts-6.2/unpack/lfs-bootscripts-6.2/../../pkg/debian/etc/sysconfig/modules     ]; then install -m 644 lfs/sysconfig/modules     /usr/local/aethernet/subversion/checkout/main/trunk/autobuild/packages/bootscripts/lfs-bootscripts-6.2/unpack/lfs-bootscripts-6.2/../../pkg/debian/etc/sysconfig/; fi
if [ ! -f /usr/local/aethernet/subversion/checkout/main/trunk/autobuild/packages/bootscripts/lfs-bootscripts-6.2/unpack/lfs-bootscripts-6.2/../../pkg/debian/etc/sysconfig/rc          ]; then install -m 644 lfs/sysconfig/rc          /usr/local/aethernet/subversion/checkout/main/trunk/autobuild/packages/bootscripts/lfs-bootscripts-6.2/unpack/lfs-bootscripts-6.2/../../pkg/debian/etc/sysconfig/; fi
install                   -m 754 lfs/sysconfig/network-devices/ifup   /usr/local/aethernet/subversion/checkout/main/trunk/autobuild/packages/bootscripts/lfs-bootscripts-6.2/unpack/lfs-bootscripts-6.2/../../pkg/debian/etc/sysconfig/network-devices/
install                   -m 754 lfs/sysconfig/network-devices/ifdown /usr/local/aethernet/subversion/checkout/main/trunk/autobuild/packages/bootscripts/lfs-bootscripts-6.2/unpack/lfs-bootscripts-6.2/../../pkg/debian/etc/sysconfig/network-devices/
install                   -m 754 lfs/sysconfig/network-devices/services/ipv4-static       /usr/local/aethernet/subversion/checkout/main/trunk/autobuild/packages/bootscripts/lfs-bootscripts-6.2/unpack/lfs-bootscripts-6.2/../../pkg/debian/etc/sysconfig/network-devices/services/
install                   -m 754 lfs/sysconfig/network-devices/services/ipv4-static-route /usr/local/aethernet/subversion/checkout/main/trunk/autobuild/packages/bootscripts/lfs-bootscripts-6.2/unpack/lfs-bootscripts-6.2/../../pkg/debian/etc/sysconfig/network-devices/services/
