removed `etc/rc.d/rc1.d/K80network'
removed `etc/rc.d/rc1.d/K90sysklogd'
removed `etc/rc.d/rc2.d/K80network'
removed `etc/rc.d/rc2.d/K90sysklogd'
removed `etc/rc.d/rc4.d/S10sysklogd'
removed `etc/rc.d/rc4.d/S20network'
removed `etc/rc.d/rc5.d/S10sysklogd'
removed `etc/rc.d/rc5.d/S20network'
`etc/rc.d/rc0.d/S60sendsignals' -> `etc/rc.d/rc0.d/K60sendsignals'
`etc/rc.d/rc0.d/S70mountfs' -> `etc/rc.d/rc0.d/K70mountfs'
`etc/rc.d/rc0.d/S80swap' -> `etc/rc.d/rc0.d/K80swap'
`etc/rc.d/rc0.d/S90localnet' -> `etc/rc.d/rc0.d/K90localnet'
`etc/rc.d/rc0.d/S99halt' -> `etc/rc.d/rc0.d/K99halt'
`etc/rc.d/rc6.d/S60sendsignals' -> `etc/rc.d/rc6.d/K60sendsignals'
`etc/rc.d/rc6.d/S70mountfs' -> `etc/rc.d/rc6.d/K70mountfs'
`etc/rc.d/rc6.d/S80swap' -> `etc/rc.d/rc6.d/K80swap'
`etc/rc.d/rc6.d/S90localnet' -> `etc/rc.d/rc6.d/K90localnet'
`etc/rc.d/rc6.d/S99reboot' -> `etc/rc.d/rc6.d/K99reboot'
removed `etc/rc.d/rc0.d/K90sysklogd'
removed `etc/rc.d/rc3.d/S10sysklogd'
removed `etc/rc.d/rc6.d/K90sysklogd'
