patching file README.jp
patching file src/include/config.hin
patching file src/include/encoding.h
patching file src/include/lib.h
patching file src/include/device.h
patching file src/include/config.h
patching file src/include/printer.h
patching file src/include/font.h
patching file src/include/driver.h
patching file src/libs/libdriver/input.cc
patching file src/libs/libdriver/printer.cc
patching file src/libs/libgroff/fontfile.cc
patching file src/libs/libgroff/font.cc
patching file src/libs/libgroff/searchpath.cc
patching file src/libs/libgroff/nametoindex.cc
patching file src/libs/libgroff/encoding.cc
patching file src/libs/libgroff/Makefile.sub
patching file src/libs/libgroff/tmpfile.cc
patching file src/utils/tfmtodit/tfmtodit.cc
patching file src/preproc/eqn/eqn.y
patching file src/preproc/eqn/lex.cc
patching file src/preproc/eqn/main.cc
patching file src/preproc/eqn/text.cc
patching file src/preproc/eqn/box.cc
patching file src/preproc/html/pre-html.cc
patching file src/preproc/grn/hdb.cc
patching file src/preproc/refer/command.cc
patching file src/devices/grotty/grotty.man
patching file src/devices/grotty/tty.cc
patching file src/devices/grops/ps.cc
patching file src/devices/grops/ps.h
patching file src/devices/grohtml/html.h
patching file src/devices/grohtml/post-html.cc
patching file src/devices/grodvi/dvi.cc
patching file src/xditview/encoding.h
patching file src/xditview/lex.c
patching file src/xditview/Dvi.c
patching file src/xditview/parse.c
patching file src/xditview/DviChar.c
patching file src/xditview/config.h
patching file src/xditview/XFontName.c
patching file src/xditview/GXditview.ad
patching file src/xditview/GXditview-ad.h
patching file src/xditview/DviP.h
patching file src/xditview/device.c
patching file src/xditview/page.c
patching file src/xditview/FontMap.jisx0208
patching file src/xditview/xditview.c
patching file src/xditview/xtotroff.c
patching file src/xditview/DviChar.h
patching file src/xditview/draw.c
patching file src/xditview/font.c
patching file src/roff/troff/charinfo.h
patching file src/roff/troff/troff.h
patching file src/roff/troff/env.cc
patching file src/roff/troff/node.h
patching file src/roff/troff/env.h
patching file src/roff/troff/input.cc
patching file src/roff/troff/token.h
patching file src/roff/troff/troff.man
patching file src/roff/troff/node.cc
patching file src/roff/nroff/nroff.sh
patching file src/roff/nroff/nroff.man
patching file src/roff/groff/groff.cc
patching file src/roff/groff/groff.man
patching file font/devX75/DESC
patching file font/devX75/M.proto
patching file font/devX75/Makefile.sub
patching file font/devlbp/Makefile.sub
patching file font/devascii/Makefile.sub
patching file font/devascii8/Makefile.sub
patching file font/devascii8/R.proto
patching file font/devascii8/DESC.proto
patching file font/devX100/DESC
patching file font/devX100/M.proto
patching file font/devX100/Makefile.sub
patching file font/devX100-12/DESC
patching file font/devX100-12/M.proto
patching file font/devX100-12/Makefile.sub
patching file font/devlj4/Makefile.sub
patching file font/devnippon/M.proto
patching file font/devnippon/Makefile.sub
patching file font/devnippon/R.proto
patching file font/devnippon/DESC.proto
patching file font/devps/M.proto
patching file font/devps/DESC.in
patching file font/devps/Makefile.sub
patching file font/devutf8/M.proto
patching file font/devutf8/Makefile.sub
patching file font/devutf8/DESC.proto
patching file font/devhtml/M.proto
patching file font/devhtml/Makefile.sub
patching file font/devhtml/DESC.proto
patching file font/devX75-12/DESC
patching file font/devX75-12/M.proto
patching file font/devX75-12/Makefile.sub
patching file font/devdvi/M.proto-NTT
patching file font/devdvi/DESC.in
patching file font/devdvi/Makefile.sub
patching file font/devdvi/M.proto-ASCII
patching file font/devdvi/FixMetric.sed
patching file ChangeLog.jp
patching file tmac/troffrc
patching file tmac/docj-nroff
patching file tmac/groff_trace.man
patching file tmac/docj-ditroff
patching file tmac/tty.tmac
patching file tmac/gb.tmac
patching file tmac/docj.tmac
patching file tmac/Makefile.sub
patching file tmac/euc-jp.tmac
patching file tmac/big5.tmac
patching file tmac/andocj.tmac
patching file aclocal.m4
patching file configure.ac
patching file stamp-h
patching file contrib/pic2graph/pic2graph.sh
patching file contrib/mom/groff_mom.man
patching file contrib/groffer/groffer.sh
patching file contrib/eqn2graph/eqn2graph.sh
patching file configure
patching file Makefile.in
patching file TODO.jp
patching file mdate.sh
patching file man/groff_out.man
patching file man/groff_char.man
patching file man/groff_tmac.man
patching file man/roff.man
patching file man/ditroff.man
patching file man/groff_diff.man
patching file man/groff.man
