checking for gcc... gcc
checking for C compiler default output... a.out
checking whether the C compiler works... yes
checking whether we are cross compiling... no
checking for suffix of executables... 
checking for suffix of object files... o
checking whether we are using the GNU C compiler... yes
checking whether gcc accepts -g... yes
checking for gcc option to accept ANSI C... none needed
checking for g++... g++
checking whether we are using the GNU C++ compiler... yes
checking whether g++ accepts -g... yes
checking that C++ compiler can compile simple program... yes
checking that C++ static constructors and destructors are called... yes
checking that header files support C++... yes
checking whether character set is EBCDIC... no
checking for lpr... no
checking for lp... no
checking for command to use for printing PostScript files... 
checking for command to use for printing dvi files... 
checking for perl... /usr/bin/perl
checking for byacc... no
checking for bison... bison -y
checking for ranlib... ranlib
checking for install-info... install-info
checking for a BSD-compatible install... /usr/bin/install -c
checking whether ln -s works... yes
checking for csh hash hack... no
checking how to run the C preprocessor... gcc -E
checking for egrep... grep -E
checking for ANSI C header files... yes
checking for sys/types.h... yes
checking for sys/stat.h... yes
checking for stdlib.h... yes
checking for string.h... yes
checking for memory.h... yes
checking for strings.h... yes
checking for inttypes.h... yes
checking for stdint.h... yes
checking for unistd.h... yes
checking for stdlib.h... (cached) yes
checking for unistd.h... (cached) yes
checking dirent.h usability... yes
checking dirent.h presence... yes
checking for dirent.h... yes
checking limits.h usability... yes
checking limits.h presence... yes
checking for limits.h... yes
checking sys/dir.h usability... yes
checking sys/dir.h presence... yes
checking for sys/dir.h... yes
checking for string.h... (cached) yes
checking for strings.h... (cached) yes
checking math.h usability... yes
checking math.h presence... yes
checking for math.h... yes
checking for stdint.h... (cached) yes
checking sys/time.h usability... yes
checking sys/time.h presence... yes
checking for sys/time.h... yes
checking for ISC 3.x or 4.x... no
checking whether -D_POSIX_SOURCE is necessary... no
checking for return type of srand... void
checking whether gettimeofday must be declared... no
checking whether hypot must be declared... no
checking whether popen must be declared... no
checking whether pclose must be declared... no
checking whether putenv must be declared... no
checking whether strcasecmp must be declared... no
checking whether strncasecmp must be declared... no
checking for sys_nerr in <errno.h> or <stdio.h>... yes
checking for sys_errlist in <errno.h> or <stdio.h>... yes
checking C++ <osfcn.h>... no
checking C++ <limits.h>... yes
checking for inttypes.h... yes
checking for unsigned long long... yes
checking for declaration of time_t... yes
checking return type of signal handlers... void
checking struct exception... yes
checking for sin in -lm... yes
checking for stdlib.h... (cached) yes
checking for unistd.h... (cached) yes
checking for getpagesize... yes
checking for working mmap... yes
checking for fmod... yes
checking for getcwd... yes
checking for putenv... yes
checking for snprintf... yes
checking for strerror... yes
checking for strtol... yes
checking for gettimeofday... yes
checking for isatty... yes
checking for rename... yes
checking for strcasecmp... yes
checking for strncasecmp... yes
checking for strsep... yes
checking for mkstemp... yes
checking for sys_siglist declaration in signal.h or unistd.h... yes
checking whether ANSI array delete syntax supported... yes
checking traditional preprocessor... no
checking w_coredump... no
checking default value for grops -b option... 7
checking default paper size... A4
checking for existing troff installation... no
checking for prefix of system macro packages... 
checking which system macro packages should be made available... 
checking for pnmcut... missing
checking for pnmcrop... missing
checking for pnmtopng... missing
checking for gs... missing
checking for psselect... missing
checking whether to enable multibyte extension... yes
checking japanese dvi file format... NTT
checking for nl_langinfo and CODESET... yes
configure: creating ./config.status
config.status: creating stamp-h
config.status: creating Makefile
config.status: creating doc/Makefile
config.status: creating src/xditview/Imakefile
config.status: creating src/include/config.h
config.status: src/include/config.h is unchanged
configure:

  Configuration completed.

  You can now say `make' to compile the groff package and `make install'
  to install it afterwards.

  If you want to compile xditview, change the directory to `src/xditview'
  and follow the instructions given in the file `INSTALL'.

