removed `usr/share/info/dir'
removed `usr/share/doc/groff/1.18.1/meintro.me'
removed `usr/share/doc/groff/1.18.1/examples/grnexmpl.ps'
removed `usr/share/doc/groff/1.18.1/examples/README.mom'
removed `usr/share/doc/groff/1.18.1/examples/penguin.ps'
removed `usr/share/doc/groff/1.18.1/examples/letter.ps'
removed `usr/share/doc/groff/1.18.1/examples/typewrite.mom'
removed `usr/share/doc/groff/1.18.1/examples/letter.mom'
removed `usr/share/doc/groff/1.18.1/examples/webpage.ms'
removed `usr/share/doc/groff/1.18.1/examples/grnexmpl.me'
removed `usr/share/doc/groff/1.18.1/examples/typeset.ps'
removed `usr/share/doc/groff/1.18.1/examples/macros.mom'
removed `usr/share/doc/groff/1.18.1/examples/webpage.ps'
removed `usr/share/doc/groff/1.18.1/examples/macros.ps'
removed `usr/share/doc/groff/1.18.1/examples/typewrite.ps'
removed `usr/share/doc/groff/1.18.1/examples/grnexmpl.g'
removed `usr/share/doc/groff/1.18.1/examples/elvis_syntax'
removed `usr/share/doc/groff/1.18.1/examples/typeset.mom'
removed directory: `usr/share/doc/groff/1.18.1/examples'
removed `usr/share/doc/groff/1.18.1/html/momdoc/appendices.html'
removed `usr/share/doc/groff/1.18.1/html/momdoc/using.html'
removed `usr/share/doc/groff/1.18.1/html/momdoc/typesetting.html'
removed `usr/share/doc/groff/1.18.1/html/momdoc/docprocessing.html'
removed `usr/share/doc/groff/1.18.1/html/momdoc/rectoverso.html'
removed `usr/share/doc/groff/1.18.1/html/momdoc/cover.html'
removed `usr/share/doc/groff/1.18.1/html/momdoc/definitions.html'
removed `usr/share/doc/groff/1.18.1/html/momdoc/intro.html'
removed `usr/share/doc/groff/1.18.1/html/momdoc/inlines.html'
removed `usr/share/doc/groff/1.18.1/html/momdoc/headfootpage.html'
removed `usr/share/doc/groff/1.18.1/html/momdoc/goodies.html'
removed `usr/share/doc/groff/1.18.1/html/momdoc/typemacdoc.html'
removed `usr/share/doc/groff/1.18.1/html/momdoc/docelement.html'
removed `usr/share/doc/groff/1.18.1/html/momdoc/letters.html'
removed `usr/share/doc/groff/1.18.1/html/momdoc/reserved.html'
removed `usr/share/doc/groff/1.18.1/html/momdoc/toc.html'
removed directory: `usr/share/doc/groff/1.18.1/html/momdoc'
removed directory: `usr/share/doc/groff/1.18.1/html'
removed `usr/share/doc/groff/1.18.1/meref.me'
removed `usr/share/doc/groff/1.18.1/meintro.ps'
removed `usr/share/doc/groff/1.18.1/meref.ps'
removed `usr/share/doc/groff/1.18.1/pic.ps'
removed `usr/share/doc/groff/1.18.1/pic.ms'
removed directory: `usr/share/doc/groff/1.18.1'
removed directory: `usr/share/doc/groff'
removed directory: `usr/share/doc'
