dpkg-deb: building package `groff-1.18.1.1' in `debian.deb'.
 new debian package, version 2.0.
 size 3527070 bytes: control archive= 1160 bytes.
     262 bytes,    10 lines      control              
     789 bytes,    18 lines      copyright            
       6 bytes,     1 lines      debian-binary        
     110 bytes,     3 lines   *  postinst             #!/bin/bash
     108 bytes,     3 lines   *  postrm               #!/bin/bash
     111 bytes,     3 lines   *  preinst              #!/bin/bash
     481 bytes,    17 lines   *  prerm                #!/bin/bash
 Package: groff-1.18.1.1
 Version: 1.18.1.1
 Section: unknown
 Priority: required
 Architecture: all
 Essential: no
 Depends: aaa-base
 Maintainer: Aethernet support team [support@aethernet.co.uk]
 Provides: groff
 Description: Programs for processing and formatting text
