Skipping patch file...
Skipping patch file...
Skipping patch file...
coreutils-5.96/
coreutils-5.96/m4/
coreutils-5.96/m4/canon-host.m4
coreutils-5.96/m4/host-os.m4
coreutils-5.96/m4/lib-link.m4
coreutils-5.96/m4/strndup.m4
coreutils-5.96/m4/onceonly_2_57.m4
coreutils-5.96/m4/mempcpy.m4
coreutils-5.96/m4/inttypes_h.m4
coreutils-5.96/m4/cycle-check.m4
coreutils-5.96/m4/strtoll.m4
coreutils-5.96/m4/ftruncate.m4
coreutils-5.96/m4/getdate.m4
coreutils-5.96/m4/obstack.m4
coreutils-5.96/m4/unicodeio.m4
coreutils-5.96/m4/strtoul.m4
coreutils-5.96/m4/sockpfaf.m4
coreutils-5.96/m4/mountlist.m4
coreutils-5.96/m4/utimes-null.m4
coreutils-5.96/m4/xnanosleep.m4
coreutils-5.96/m4/strdup.m4
coreutils-5.96/m4/version-etc.m4
coreutils-5.96/m4/bison.m4
coreutils-5.96/m4/save-cwd.m4
coreutils-5.96/m4/getaddrinfo.m4
coreutils-5.96/m4/atexit.m4
coreutils-5.96/m4/strnlen.m4
coreutils-5.96/m4/rmdir.m4
coreutils-5.96/m4/alloca.m4
coreutils-5.96/m4/st_dm_mode.m4
coreutils-5.96/m4/clock_time.m4
coreutils-5.96/m4/d-type.m4
coreutils-5.96/m4/mbstate_t.m4
coreutils-5.96/m4/getusershell.m4
coreutils-5.96/m4/getugroups.m4
coreutils-5.96/m4/rmdir-errno.m4
coreutils-5.96/m4/getndelim2.m4
coreutils-5.96/m4/xstrtoimax.m4
coreutils-5.96/m4/strverscmp.m4
coreutils-5.96/m4/po.m4
coreutils-5.96/m4/mbrtowc.m4
coreutils-5.96/m4/mkdir-p.m4
coreutils-5.96/m4/fpending.m4
coreutils-5.96/m4/tm_gmtoff.m4
coreutils-5.96/m4/uptime.m4
coreutils-5.96/m4/getgroups.m4
coreutils-5.96/m4/uint32_t.m4
coreutils-5.96/m4/error.m4
coreutils-5.96/m4/diacrit.m4
coreutils-5.96/m4/same.m4
coreutils-5.96/m4/euidaccess.m4
coreutils-5.96/m4/savedir.m4
coreutils-5.96/m4/argmatch.m4
coreutils-5.96/m4/posixver.m4
coreutils-5.96/m4/long-options.m4
coreutils-5.96/m4/inttypes.m4
coreutils-5.96/m4/safe-write.m4
coreutils-5.96/m4/group-member.m4
coreutils-5.96/m4/eoverflow.m4
coreutils-5.96/m4/getcwd-path-max.m4
coreutils-5.96/m4/dirfd.m4
coreutils-5.96/m4/lib-ld.m4
coreutils-5.96/m4/putenv.m4
coreutils-5.96/m4/sha1.m4
coreutils-5.96/m4/dup2.m4
coreutils-5.96/m4/allocsa.m4
coreutils-5.96/m4/strstr.m4
coreutils-5.96/m4/wint_t.m4
coreutils-5.96/m4/strtod.m4
coreutils-5.96/m4/strtol.m4
coreutils-5.96/m4/memcoll.m4
coreutils-5.96/m4/ls-mntd-fs.m4
coreutils-5.96/m4/fcntl-safer.m4
coreutils-5.96/m4/strpbrk.m4
coreutils-5.96/m4/idcache.m4
coreutils-5.96/m4/getline.m4
coreutils-5.96/m4/assert.m4
coreutils-5.96/m4/memrchr.m4
coreutils-5.96/m4/setenv.m4
coreutils-5.96/m4/gethrxtime.m4
coreutils-5.96/m4/filemode.m4
coreutils-5.96/m4/inttypes-pri.m4
coreutils-5.96/m4/human.m4
coreutils-5.96/m4/yesno.m4
coreutils-5.96/m4/iconv.m4
coreutils-5.96/m4/hash-pjw.m4
coreutils-5.96/m4/vasprintf.m4
coreutils-5.96/m4/cloexec.m4
coreutils-5.96/m4/gethostname.m4
coreutils-5.96/m4/physmem.m4
coreutils-5.96/m4/readtokens.m4
coreutils-5.96/m4/getcwd.m4
coreutils-5.96/m4/strcase.m4
coreutils-5.96/m4/eealloc.m4
coreutils-5.96/m4/d-ino.m4
coreutils-5.96/m4/tzset.m4
coreutils-5.96/m4/root-dev-ino.m4
coreutils-5.96/m4/acl.m4
coreutils-5.96/m4/fnmatch.m4
coreutils-5.96/m4/basename.m4
coreutils-5.96/m4/afs.m4
coreutils-5.96/m4/gettext.m4
coreutils-5.96/m4/longlong.m4
coreutils-5.96/m4/lchown.m4
coreutils-5.96/m4/readutmp.m4
coreutils-5.96/m4/mktime.m4
coreutils-5.96/m4/codeset.m4
coreutils-5.96/m4/prereq.m4
coreutils-5.96/m4/hard-locale.m4
coreutils-5.96/m4/stat-time.m4
coreutils-5.96/m4/wchar_t.m4
coreutils-5.96/m4/sig2str.m4
coreutils-5.96/m4/gettime.m4
coreutils-5.96/m4/posixtm.m4
coreutils-5.96/m4/dos.m4
coreutils-5.96/m4/mkdir-slash.m4
coreutils-5.96/m4/gettimeofday.m4
coreutils-5.96/m4/lib-check.m4
coreutils-5.96/m4/chown.m4
coreutils-5.96/m4/stdio-safer.m4
coreutils-5.96/m4/fts.m4
coreutils-5.96/m4/free.m4
coreutils-5.96/m4/lstat.m4
coreutils-5.96/m4/strtoull.m4
coreutils-5.96/m4/openat.m4
coreutils-5.96/m4/getopt.m4
coreutils-5.96/m4/getpagesize.m4
coreutils-5.96/m4/settime.m4
coreutils-5.96/m4/memcasecmp.m4
coreutils-5.96/m4/uintptr_t.m4
coreutils-5.96/m4/exitfail.m4
coreutils-5.96/m4/modechange.m4
coreutils-5.96/m4/mbchar.m4
coreutils-5.96/m4/intmax_t.m4
coreutils-5.96/m4/md5.m4
coreutils-5.96/m4/boottime.m4
coreutils-5.96/m4/userspec.m4
coreutils-5.96/m4/exclude.m4
coreutils-5.96/m4/hash.m4
coreutils-5.96/m4/mbiter.m4
coreutils-5.96/m4/nls.m4
coreutils-5.96/m4/unlinkdir.m4
coreutils-5.96/m4/fsusage.m4
coreutils-5.96/m4/strcspn.m4
coreutils-5.96/m4/stdint_h.m4
coreutils-5.96/m4/strnumcmp.m4
coreutils-5.96/m4/strftime.m4
coreutils-5.96/m4/canonicalize.m4
coreutils-5.96/m4/calloc.m4
coreutils-5.96/m4/fd-reopen.m4
coreutils-5.96/m4/socklen.m4
coreutils-5.96/m4/progtest.m4
coreutils-5.96/m4/xalloc.m4
coreutils-5.96/m4/xstrtod.m4
coreutils-5.96/m4/xstrtol.m4
coreutils-5.96/m4/longdouble.m4
coreutils-5.96/m4/stdlib-safer.m4
coreutils-5.96/m4/xreadlink.m4
coreutils-5.96/m4/link-follow.m4
coreutils-5.96/m4/rpmatch.m4
coreutils-5.96/m4/ssize_t.m4
coreutils-5.96/m4/mkstemp.m4
coreutils-5.96/m4/jm-macros.m4
coreutils-5.96/m4/stripslash.m4
coreutils-5.96/m4/unistd-safer.m4
coreutils-5.96/m4/check-decl.m4
coreutils-5.96/m4/memchr.m4
coreutils-5.96/m4/fileblocks.m4
coreutils-5.96/m4/memmove.m4
coreutils-5.96/m4/strtoumax.m4
coreutils-5.96/m4/stat-macros.m4
coreutils-5.96/m4/memcmp.m4
coreutils-5.96/m4/autobuild.m4
coreutils-5.96/m4/memcpy.m4
coreutils-5.96/m4/stpcpy.m4
coreutils-5.96/m4/unlocked-io.m4
coreutils-5.96/m4/quotearg.m4
coreutils-5.96/m4/xgetcwd.m4
coreutils-5.96/m4/getpass.m4
coreutils-5.96/m4/extensions.m4
coreutils-5.96/m4/pathmax.m4
coreutils-5.96/m4/c-strtod.m4
coreutils-5.96/m4/rename.m4
coreutils-5.96/m4/perl.m4
coreutils-5.96/m4/dirname.m4
coreutils-5.96/m4/restrict.m4
coreutils-5.96/m4/utimecmp.m4
coreutils-5.96/m4/ullong_max.m4
coreutils-5.96/m4/ulonglong.m4
coreutils-5.96/m4/inttostr.m4
coreutils-5.96/m4/safe-read.m4
coreutils-5.96/m4/fstypename.m4
coreutils-5.96/m4/quote.m4
coreutils-5.96/m4/backupfile.m4
coreutils-5.96/m4/closeout.m4
coreutils-5.96/m4/utimbuf.m4
coreutils-5.96/m4/chdir-long.m4
coreutils-5.96/m4/ChangeLog
coreutils-5.96/m4/file-type.m4
coreutils-5.96/m4/xstrtoumax.m4
coreutils-5.96/m4/jm-winsz1.m4
coreutils-5.96/m4/jm-winsz2.m4
coreutils-5.96/m4/utimens.m4
coreutils-5.96/m4/signed.m4
coreutils-5.96/m4/getdelim.m4
coreutils-5.96/m4/linebuffer.m4
coreutils-5.96/m4/filenamecat.m4
coreutils-5.96/m4/nanosleep.m4
coreutils-5.96/m4/unlink-busy.m4
coreutils-5.96/m4/lib-prefix.m4
coreutils-5.96/m4/mbswidth.m4
coreutils-5.96/m4/memset.m4
coreutils-5.96/m4/stdbool.m4
coreutils-5.96/m4/timespec.m4
coreutils-5.96/m4/uintmax_t.m4
coreutils-5.96/m4/readlink.m4
coreutils-5.96/m4/stat-prog.m4
coreutils-5.96/m4/regex.m4
coreutils-5.96/m4/xfts.m4
coreutils-5.96/m4/utimes.m4
coreutils-5.96/m4/localcharset.m4
coreutils-5.96/m4/vasnprintf.m4
coreutils-5.96/m4/strtoimax.m4
coreutils-5.96/m4/glibc21.m4
coreutils-5.96/m4/utime.m4
coreutils-5.96/po/
coreutils-5.96/po/zh_CN.po
coreutils-5.96/po/Makevars
coreutils-5.96/po/zh_TW.po
coreutils-5.96/po/pt_BR.gmo
coreutils-5.96/po/af.po
coreutils-5.96/po/be.po
coreutils-5.96/po/bg.po
coreutils-5.96/po/ca.po
coreutils-5.96/po/da.po
coreutils-5.96/po/de.po
coreutils-5.96/po/cs.po
coreutils-5.96/po/el.po
coreutils-5.96/po/es.po
coreutils-5.96/po/fi.po
coreutils-5.96/po/et.po
coreutils-5.96/po/eu.po
coreutils-5.96/po/ga.po
coreutils-5.96/po/fr.po
coreutils-5.96/po/gl.po
coreutils-5.96/po/hr.po
coreutils-5.96/po/hu.po
coreutils-5.96/po/ja.po
coreutils-5.96/po/it.po
coreutils-5.96/po/LINGUAS
coreutils-5.96/po/ko.po
coreutils-5.96/po/lg.po
coreutils-5.96/po/nb.po
coreutils-5.96/po/ms.po
coreutils-5.96/po/nl.po
coreutils-5.96/po/no.po
coreutils-5.96/po/pl.po
coreutils-5.96/po/pt.po
coreutils-5.96/po/ru.po
coreutils-5.96/po/sk.po
coreutils-5.96/po/sl.po
coreutils-5.96/po/rw.po
coreutils-5.96/po/sv.po
coreutils-5.96/po/tr.po
coreutils-5.96/po/vi.po
coreutils-5.96/po/en@boldquot.header
coreutils-5.96/po/en@quot.header
coreutils-5.96/po/Rules-quot
coreutils-5.96/po/remove-potcdate.sin
coreutils-5.96/po/boldquot.sed
coreutils-5.96/po/POTFILES.in
coreutils-5.96/po/af.gmo
coreutils-5.96/po/be.gmo
coreutils-5.96/po/bg.gmo
coreutils-5.96/po/ca.gmo
coreutils-5.96/po/da.gmo
coreutils-5.96/po/de.gmo
coreutils-5.96/po/cs.gmo
coreutils-5.96/po/el.gmo
coreutils-5.96/po/es.gmo
coreutils-5.96/po/fi.gmo
coreutils-5.96/po/et.gmo
coreutils-5.96/po/eu.gmo
coreutils-5.96/po/ga.gmo
coreutils-5.96/po/fr.gmo
coreutils-5.96/po/gl.gmo
coreutils-5.96/po/zh_CN.gmo
coreutils-5.96/po/hr.gmo
coreutils-5.96/po/hu.gmo
coreutils-5.96/po/ja.gmo
coreutils-5.96/po/it.gmo
coreutils-5.96/po/ko.gmo
coreutils-5.96/po/lg.gmo
coreutils-5.96/po/nb.gmo
coreutils-5.96/po/ms.gmo
coreutils-5.96/po/nl.gmo
coreutils-5.96/po/no.gmo
coreutils-5.96/po/insert-header.sin
coreutils-5.96/po/pl.gmo
coreutils-5.96/po/pt.gmo
coreutils-5.96/po/ru.gmo
coreutils-5.96/po/sk.gmo
coreutils-5.96/po/sl.gmo
coreutils-5.96/po/rw.gmo
coreutils-5.96/po/sv.gmo
coreutils-5.96/po/tr.gmo
coreutils-5.96/po/vi.gmo
coreutils-5.96/po/stamp-po
coreutils-5.96/po/zh_TW.gmo
coreutils-5.96/po/pt_BR.po
coreutils-5.96/po/quot.sed
coreutils-5.96/po/ChangeLog
coreutils-5.96/po/Makefile.in.in
coreutils-5.96/po/coreutils.pot
coreutils-5.96/doc/
coreutils-5.96/doc/version.texi
coreutils-5.96/doc/constants.texi
coreutils-5.96/doc/perm.texi
coreutils-5.96/doc/Makefile.am
coreutils-5.96/doc/Makefile.in
coreutils-5.96/doc/getdate.texi
coreutils-5.96/doc/stamp-vti
coreutils-5.96/doc/doclicense.texi
coreutils-5.96/doc/coreutils.info
coreutils-5.96/doc/coreutils.texi
coreutils-5.96/doc/ChangeLog
coreutils-5.96/lib/
coreutils-5.96/lib/TODO
coreutils-5.96/lib/gethrxtime.c
coreutils-5.96/lib/gethrxtime.h
coreutils-5.96/lib/strcase.h
coreutils-5.96/lib/lchown.c
coreutils-5.96/lib/lchown.h
coreutils-5.96/lib/raise.c
coreutils-5.96/lib/strtoull.c
coreutils-5.96/lib/fts-cycle.c
coreutils-5.96/lib/strcspn.c
coreutils-5.96/lib/strftime.c
coreutils-5.96/lib/strftime.h
coreutils-5.96/lib/xalloc.h
coreutils-5.96/lib/realloc.c
coreutils-5.96/lib/xreadlink.c
coreutils-5.96/lib/xreadlink.h
coreutils-5.96/lib/pipe-safer.c
coreutils-5.96/lib/quotearg.c
coreutils-5.96/lib/quotearg.h
coreutils-5.96/lib/rename.c
coreutils-5.96/lib/config.charset
coreutils-5.96/lib/safe-read.c
coreutils-5.96/lib/safe-read.h
coreutils-5.96/lib/file-type.c
coreutils-5.96/lib/file-type.h
coreutils-5.96/lib/stdio--.h
coreutils-5.96/lib/getdelim.c
coreutils-5.96/lib/getdelim.h
coreutils-5.96/lib/mbswidth.c
coreutils-5.96/lib/mbswidth.h
coreutils-5.96/lib/regex.c
coreutils-5.96/lib/regex.h
coreutils-5.96/lib/mkstemp-safer.c
coreutils-5.96/lib/getndelim2.c
coreutils-5.96/lib/getndelim2.h
coreutils-5.96/lib/xstrtoimax.c
coreutils-5.96/lib/mkdir-p.c
coreutils-5.96/lib/mkdir-p.h
coreutils-5.96/lib/strnlen1.c
coreutils-5.96/lib/strnlen1.h
coreutils-5.96/lib/alloca_.h
coreutils-5.96/lib/dirfd.c
coreutils-5.96/lib/dirfd.h
coreutils-5.96/lib/allocsa.c
coreutils-5.96/lib/allocsa.h
coreutils-5.96/lib/yesno.c
coreutils-5.96/lib/yesno.h
coreutils-5.96/lib/fchdir-stub.c
coreutils-5.96/lib/acl.c
coreutils-5.96/lib/acl.h
coreutils-5.96/lib/fnmatch.c
coreutils-5.96/lib/regex_internal.c
coreutils-5.96/lib/regex_internal.h
coreutils-5.96/lib/stat-time.h
coreutils-5.96/lib/sig2str.c
coreutils-5.96/lib/sig2str.h
coreutils-5.96/lib/dup-safer.c
coreutils-5.96/lib/fts.c
coreutils-5.96/lib/exitfail.c
coreutils-5.96/lib/exitfail.h
coreutils-5.96/lib/md5.c
coreutils-5.96/lib/md5.h
coreutils-5.96/lib/xtime.h
coreutils-5.96/lib/xmemcoll.c
coreutils-5.96/lib/xmemcoll.h
coreutils-5.96/lib/inttostr.c
coreutils-5.96/lib/inttostr.h
coreutils-5.96/lib/xgethostname.c
coreutils-5.96/lib/xgethostname.h
coreutils-5.96/lib/quote.c
coreutils-5.96/lib/quote.h
coreutils-5.96/lib/creat-safer.c
coreutils-5.96/lib/closeout.c
coreutils-5.96/lib/closeout.h
coreutils-5.96/lib/nanosleep.c
coreutils-5.96/lib/README
coreutils-5.96/lib/localcharset.c
coreutils-5.96/lib/localcharset.h
coreutils-5.96/lib/vasnprintf.c
coreutils-5.96/lib/vasnprintf.h
coreutils-5.96/lib/strndup.c
coreutils-5.96/lib/strndup.h
coreutils-5.96/lib/obstack.c
coreutils-5.96/lib/obstack.h
coreutils-5.96/lib/getaddrinfo.c
coreutils-5.96/lib/getaddrinfo.h
coreutils-5.96/lib/strnlen.c
coreutils-5.96/lib/strnlen.h
coreutils-5.96/lib/rmdir.c
coreutils-5.96/lib/savedir.c
coreutils-5.96/lib/savedir.h
coreutils-5.96/lib/long-options.c
coreutils-5.96/lib/long-options.h
coreutils-5.96/lib/strpbrk.c
coreutils-5.96/lib/mbuiter.h
coreutils-5.96/lib/basename.c
coreutils-5.96/lib/gettimeofday.c
coreutils-5.96/lib/dev-ino.h
coreutils-5.96/lib/strcasecmp.c
coreutils-5.96/lib/xmalloc.c
coreutils-5.96/lib/pathmax.h
coreutils-5.96/lib/chdir-long.c
coreutils-5.96/lib/chdir-long.h
coreutils-5.96/lib/xstrtoumax.c
coreutils-5.96/lib/full-read.c
coreutils-5.96/lib/full-read.h
coreutils-5.96/lib/strtoll.c
coreutils-5.96/lib/ftruncate.c
coreutils-5.96/lib/strtoul.c
coreutils-5.96/lib/diacrit.c
coreutils-5.96/lib/diacrit.h
coreutils-5.96/lib/putenv.c
coreutils-5.96/lib/fnmatch_loop.c
coreutils-5.96/lib/hash-pjw.c
coreutils-5.96/lib/hash-pjw.h
coreutils-5.96/lib/physmem.c
coreutils-5.96/lib/physmem.h
coreutils-5.96/lib/stdlib--.h
coreutils-5.96/lib/getpagesize.h
coreutils-5.96/lib/exclude.c
coreutils-5.96/lib/exclude.h
coreutils-5.96/lib/rpmatch.c
coreutils-5.96/lib/stat-macros.h
coreutils-5.96/lib/xgetcwd.c
coreutils-5.96/lib/xgetcwd.h
coreutils-5.96/lib/backupfile.c
coreutils-5.96/lib/backupfile.h
coreutils-5.96/lib/ref-del.sin
coreutils-5.96/lib/asprintf.c
coreutils-5.96/lib/strtoimax.c
coreutils-5.96/lib/cycle-check.c
coreutils-5.96/lib/cycle-check.h
coreutils-5.96/lib/getdate.c
coreutils-5.96/lib/getdate.h
coreutils-5.96/lib/getdate.y
coreutils-5.96/lib/readtokens0.c
coreutils-5.96/lib/readtokens0.h
coreutils-5.96/lib/error.c
coreutils-5.96/lib/error.h
coreutils-5.96/lib/idcache.c
coreutils-5.96/lib/malloc.c
coreutils-5.96/lib/vasprintf.c
coreutils-5.96/lib/vasprintf.h
coreutils-5.96/lib/readtokens.c
coreutils-5.96/lib/readtokens.h
coreutils-5.96/lib/lstat.c
coreutils-5.96/lib/lstat.h
coreutils-5.96/lib/mbchar.c
coreutils-5.96/lib/mbchar.h
coreutils-5.96/lib/fnmatch_.h
coreutils-5.96/lib/canonicalize.c
coreutils-5.96/lib/canonicalize.h
coreutils-5.96/lib/calloc.c
coreutils-5.96/lib/fchown-stub.c
coreutils-5.96/lib/mkstemp.c
coreutils-5.96/lib/mkdir.c
coreutils-5.96/lib/canon-host.c
coreutils-5.96/lib/canon-host.h
coreutils-5.96/lib/unistd--.h
coreutils-5.96/lib/save-cwd.c
coreutils-5.96/lib/save-cwd.h
coreutils-5.96/lib/getusershell.c
coreutils-5.96/lib/argmatch.c
coreutils-5.96/lib/argmatch.h
coreutils-5.96/lib/posixver.c
coreutils-5.96/lib/posixver.h
coreutils-5.96/lib/umaxtostr.c
coreutils-5.96/lib/dup2.c
coreutils-5.96/lib/getline.c
coreutils-5.96/lib/getline.h
coreutils-5.96/lib/filemode.c
coreutils-5.96/lib/filemode.h
coreutils-5.96/lib/getcwd.c
coreutils-5.96/lib/getcwd.h
coreutils-5.96/lib/exit.h
coreutils-5.96/lib/unsetenv.c
coreutils-5.96/lib/posixtm.c
coreutils-5.96/lib/posixtm.h
coreutils-5.96/lib/fd-safer.c
coreutils-5.96/lib/free.c
coreutils-5.96/lib/getopt.c
coreutils-5.96/lib/settime.c
coreutils-5.96/lib/fts_.h
coreutils-5.96/lib/hash.c
coreutils-5.96/lib/hash.h
coreutils-5.96/lib/Makefile.am
coreutils-5.96/lib/Makefile.in
coreutils-5.96/lib/strtoumax.c
coreutils-5.96/lib/verify.h
coreutils-5.96/lib/getpass.c
coreutils-5.96/lib/getpass.h
coreutils-5.96/lib/getopt1.c
coreutils-5.96/lib/getopt_.h
coreutils-5.96/lib/readlink.c
coreutils-5.96/lib/mountlist.c
coreutils-5.96/lib/mountlist.h
coreutils-5.96/lib/gai_strerror.c
coreutils-5.96/lib/strverscmp.c
coreutils-5.96/lib/strverscmp.h
coreutils-5.96/lib/group-member.c
coreutils-5.96/lib/group-member.h
coreutils-5.96/lib/fcntl-safer.h
coreutils-5.96/lib/cloexec.c
coreutils-5.96/lib/cloexec.h
coreutils-5.96/lib/gethostname.c
coreutils-5.96/lib/root-dev-ino.c
coreutils-5.96/lib/root-dev-ino.h
coreutils-5.96/lib/gettext.h
coreutils-5.96/lib/gettime.c
coreutils-5.96/lib/stdio-safer.h
coreutils-5.96/lib/fopen-safer.c
coreutils-5.96/lib/xstrndup.c
coreutils-5.96/lib/xstrndup.h
coreutils-5.96/lib/fsusage.c
coreutils-5.96/lib/fsusage.h
coreutils-5.96/lib/version-etc-fsf.c
coreutils-5.96/lib/strnumcmp.c
coreutils-5.96/lib/strnumcmp.h
coreutils-5.96/lib/fd-reopen.c
coreutils-5.96/lib/fd-reopen.h
coreutils-5.96/lib/unistd-safer.h
coreutils-5.96/lib/fileblocks.c
coreutils-5.96/lib/intprops.h
coreutils-5.96/lib/getgroups.c
coreutils-5.96/lib/same.c
coreutils-5.96/lib/same.h
coreutils-5.96/lib/offtostr.c
coreutils-5.96/lib/sha1.c
coreutils-5.96/lib/sha1.h
coreutils-5.96/lib/asnprintf.c
coreutils-5.96/lib/readutmp.c
coreutils-5.96/lib/readutmp.h
coreutils-5.96/lib/openat.c
coreutils-5.96/lib/openat.h
coreutils-5.96/lib/strintcmp.c
coreutils-5.96/lib/modechange.c
coreutils-5.96/lib/modechange.h
coreutils-5.96/lib/xstrtoul.c
coreutils-5.96/lib/strnumcmp-in.h
coreutils-5.96/lib/strncasecmp.c
coreutils-5.96/lib/filenamecat.c
coreutils-5.96/lib/filenamecat.h
coreutils-5.96/lib/timespec.h
coreutils-5.96/lib/printf-args.c
coreutils-5.96/lib/printf-args.h
coreutils-5.96/lib/xfts.c
coreutils-5.96/lib/xfts.h
coreutils-5.96/lib/utime.c
coreutils-5.96/lib/openat-die.c
coreutils-5.96/lib/unicodeio.c
coreutils-5.96/lib/unicodeio.h
coreutils-5.96/lib/safe-write.c
coreutils-5.96/lib/safe-write.h
coreutils-5.96/lib/memcoll.c
coreutils-5.96/lib/memcoll.h
coreutils-5.96/lib/t-fpending.c
coreutils-5.96/lib/setenv.c
coreutils-5.96/lib/setenv.h
coreutils-5.96/lib/xalloc-die.c
coreutils-5.96/lib/imaxtostr.c
coreutils-5.96/lib/xstrtod.c
coreutils-5.96/lib/xstrtod.h
coreutils-5.96/lib/xstrtol.c
coreutils-5.96/lib/xstrtol.h
coreutils-5.96/lib/stripslash.c
coreutils-5.96/lib/c-strtod.c
coreutils-5.96/lib/c-strtod.h
coreutils-5.96/lib/c-strtold.c
coreutils-5.96/lib/regcomp.c
coreutils-5.96/lib/open-safer.c
coreutils-5.96/lib/alloca.c
coreutils-5.96/lib/euidaccess.c
coreutils-5.96/lib/euidaccess.h
coreutils-5.96/lib/time_r.c
coreutils-5.96/lib/time_r.h
coreutils-5.96/lib/getloadavg.c
coreutils-5.96/lib/human.c
coreutils-5.96/lib/human.h
coreutils-5.96/lib/regexec.c
coreutils-5.96/lib/hard-locale.c
coreutils-5.96/lib/hard-locale.h
coreutils-5.96/lib/memcasecmp.c
coreutils-5.96/lib/memcasecmp.h
coreutils-5.96/lib/userspec.c
coreutils-5.96/lib/userspec.h
coreutils-5.96/lib/fprintftime.c
coreutils-5.96/lib/fprintftime.h
coreutils-5.96/lib/ChangeLog
coreutils-5.96/lib/memmove.c
coreutils-5.96/lib/stpcpy.c
coreutils-5.96/lib/unlocked-io.h
coreutils-5.96/lib/ref-add.sin
coreutils-5.96/lib/dirname.c
coreutils-5.96/lib/dirname.h
coreutils-5.96/lib/utimecmp.c
coreutils-5.96/lib/utimecmp.h
coreutils-5.96/lib/full-write.c
coreutils-5.96/lib/full-write.h
coreutils-5.96/lib/mempcpy.c
coreutils-5.96/lib/mempcpy.h
coreutils-5.96/lib/xnanosleep.c
coreutils-5.96/lib/xnanosleep.h
coreutils-5.96/lib/strdup.c
coreutils-5.96/lib/strdup.h
coreutils-5.96/lib/version-etc.c
coreutils-5.96/lib/version-etc.h
coreutils-5.96/lib/atexit.c
coreutils-5.96/lib/getugroups.c
coreutils-5.96/lib/strstr.c
coreutils-5.96/lib/strstr.h
coreutils-5.96/lib/strtod.c
coreutils-5.96/lib/strtol.c
coreutils-5.96/lib/__fpending.c
coreutils-5.96/lib/__fpending.h
coreutils-5.96/lib/memrchr.c
coreutils-5.96/lib/memrchr.h
coreutils-5.96/lib/fcntl--.h
coreutils-5.96/lib/mktime.c
coreutils-5.96/lib/getopt_int.h
coreutils-5.96/lib/chown.c
coreutils-5.96/lib/stdbool_.h
coreutils-5.96/lib/printf-parse.c
coreutils-5.96/lib/printf-parse.h
coreutils-5.96/lib/unlinkdir.c
coreutils-5.96/lib/unlinkdir.h
coreutils-5.96/lib/stdlib-safer.h
coreutils-5.96/lib/tempname.c
coreutils-5.96/lib/memchr.c
coreutils-5.96/lib/memcmp.c
coreutils-5.96/lib/memcpy.c
coreutils-5.96/lib/utimens.c
coreutils-5.96/lib/utimens.h
coreutils-5.96/lib/linebuffer.c
coreutils-5.96/lib/linebuffer.h
coreutils-5.96/lib/memset.c
coreutils-5.96/man/
coreutils-5.96/man/expand.1
coreutils-5.96/man/expand.x
coreutils-5.96/man/dd.1
coreutils-5.96/man/dd.x
coreutils-5.96/man/cp.1
coreutils-5.96/man/cp.x
coreutils-5.96/man/df.1
coreutils-5.96/man/df.x
coreutils-5.96/man/du.1
coreutils-5.96/man/du.x
coreutils-5.96/man/id.1
coreutils-5.96/man/id.x
coreutils-5.96/man/ln.1
coreutils-5.96/man/ln.x
coreutils-5.96/man/ls.1
coreutils-5.96/man/ls.x
coreutils-5.96/man/mv.1
coreutils-5.96/man/mv.x
coreutils-5.96/man/nl.1
coreutils-5.96/man/nl.x
coreutils-5.96/man/od.1
coreutils-5.96/man/od.x
coreutils-5.96/man/pr.1
coreutils-5.96/man/pr.x
coreutils-5.96/man/rm.1
coreutils-5.96/man/rm.x
coreutils-5.96/man/su.1
coreutils-5.96/man/su.x
coreutils-5.96/man/tr.1
coreutils-5.96/man/tr.x
coreutils-5.96/man/wc.1
coreutils-5.96/man/wc.x
coreutils-5.96/man/csplit.1
coreutils-5.96/man/csplit.x
coreutils-5.96/man/factor.1
coreutils-5.96/man/factor.x
coreutils-5.96/man/md5sum.1
coreutils-5.96/man/md5sum.x
coreutils-5.96/man/cat.1
coreutils-5.96/man/cat.x
coreutils-5.96/man/dir.1
coreutils-5.96/man/dir.x
coreutils-5.96/man/cut.1
coreutils-5.96/man/cut.x
coreutils-5.96/man/env.1
coreutils-5.96/man/env.x
coreutils-5.96/man/fmt.1
coreutils-5.96/man/fmt.x
coreutils-5.96/man/ptx.1
coreutils-5.96/man/ptx.x
coreutils-5.96/man/pwd.1
coreutils-5.96/man/pwd.x
coreutils-5.96/man/seq.1
coreutils-5.96/man/seq.x
coreutils-5.96/man/tac.1
coreutils-5.96/man/tac.x
coreutils-5.96/man/tee.1
coreutils-5.96/man/tee.x
coreutils-5.96/man/sum.1
coreutils-5.96/man/sum.x
coreutils-5.96/man/tty.1
coreutils-5.96/man/tty.x
coreutils-5.96/man/unlink.1
coreutils-5.96/man/unlink.x
coreutils-5.96/man/who.1
coreutils-5.96/man/who.x
coreutils-5.96/man/yes.1
coreutils-5.96/man/yes.x
coreutils-5.96/man/rmdir.1
coreutils-5.96/man/rmdir.x
coreutils-5.96/man/basename.1
coreutils-5.96/man/basename.x
coreutils-5.96/man/pathchk.1
coreutils-5.96/man/pathchk.x
coreutils-5.96/man/shred.1
coreutils-5.96/man/shred.x
coreutils-5.96/man/false.1
coreutils-5.96/man/false.x
coreutils-5.96/man/sleep.1
coreutils-5.96/man/sleep.x
coreutils-5.96/man/groups.1
coreutils-5.96/man/groups.x
coreutils-5.96/man/split.1
coreutils-5.96/man/split.x
coreutils-5.96/man/logname.1
coreutils-5.96/man/logname.x
coreutils-5.96/man/dircolors.1
coreutils-5.96/man/dircolors.x
coreutils-5.96/man/mkdir.1
coreutils-5.96/man/mkdir.x
coreutils-5.96/man/mknod.1
coreutils-5.96/man/mknod.x
coreutils-5.96/man/date.1
coreutils-5.96/man/date.x
coreutils-5.96/man/comm.1
coreutils-5.96/man/comm.x
coreutils-5.96/man/echo.1
coreutils-5.96/man/echo.x
coreutils-5.96/man/expr.1
coreutils-5.96/man/expr.x
coreutils-5.96/man/fold.1
coreutils-5.96/man/fold.x
coreutils-5.96/man/whoami.1
coreutils-5.96/man/whoami.x
coreutils-5.96/man/head.1
coreutils-5.96/man/head.x
coreutils-5.96/man/Makefile.am
coreutils-5.96/man/Makefile.in
coreutils-5.96/man/chroot.1
coreutils-5.96/man/chroot.x
coreutils-5.96/man/touch.1
coreutils-5.96/man/touch.x
coreutils-5.96/man/readlink.1
coreutils-5.96/man/readlink.x
coreutils-5.96/man/hostid.1
coreutils-5.96/man/hostid.x
coreutils-5.96/man/join.1
coreutils-5.96/man/join.x
coreutils-5.96/man/kill.1
coreutils-5.96/man/kill.x
coreutils-5.96/man/uptime.1
coreutils-5.96/man/uptime.x
coreutils-5.96/man/link.1
coreutils-5.96/man/link.x
coreutils-5.96/man/tsort.1
coreutils-5.96/man/tsort.x
coreutils-5.96/man/nice.1
coreutils-5.96/man/nice.x
coreutils-5.96/man/nohup.1
coreutils-5.96/man/nohup.x
coreutils-5.96/man/uname.1
coreutils-5.96/man/uname.x
coreutils-5.96/man/sha1sum.1
coreutils-5.96/man/sha1sum.x
coreutils-5.96/man/tail.1
coreutils-5.96/man/tail.x
coreutils-5.96/man/sort.1
coreutils-5.96/man/sort.x
coreutils-5.96/man/test.1
coreutils-5.96/man/test.x
coreutils-5.96/man/stat.1
coreutils-5.96/man/stat.x
coreutils-5.96/man/stty.1
coreutils-5.96/man/stty.x
coreutils-5.96/man/sync.1
coreutils-5.96/man/sync.x
coreutils-5.96/man/true.1
coreutils-5.96/man/true.x
coreutils-5.96/man/uniq.1
coreutils-5.96/man/uniq.x
coreutils-5.96/man/vdir.1
coreutils-5.96/man/vdir.x
coreutils-5.96/man/users.1
coreutils-5.96/man/users.x
coreutils-5.96/man/printf.1
coreutils-5.96/man/printf.x
coreutils-5.96/man/unexpand.1
coreutils-5.96/man/unexpand.x
coreutils-5.96/man/paste.1
coreutils-5.96/man/paste.x
coreutils-5.96/man/mkfifo.1
coreutils-5.96/man/mkfifo.x
coreutils-5.96/man/hostname.1
coreutils-5.96/man/hostname.x
coreutils-5.96/man/printenv.1
coreutils-5.96/man/printenv.x
coreutils-5.96/man/pinky.1
coreutils-5.96/man/pinky.x
coreutils-5.96/man/dirname.1
coreutils-5.96/man/dirname.x
coreutils-5.96/man/install.1
coreutils-5.96/man/install.x
coreutils-5.96/man/chgrp.1
coreutils-5.96/man/chgrp.x
coreutils-5.96/man/chmod.1
coreutils-5.96/man/chmod.x
coreutils-5.96/man/chown.1
coreutils-5.96/man/chown.x
coreutils-5.96/man/help2man
coreutils-5.96/man/cksum.1
coreutils-5.96/man/cksum.x
coreutils-5.96/old/
coreutils-5.96/old/fileutils/
coreutils-5.96/old/fileutils/NEWS
coreutils-5.96/old/fileutils/ChangeLog-1997
coreutils-5.96/old/fileutils/ChangeLog
coreutils-5.96/old/sh-utils/
coreutils-5.96/old/sh-utils/NEWS
coreutils-5.96/old/sh-utils/ChangeLog.0
coreutils-5.96/old/sh-utils/ChangeLog
coreutils-5.96/old/textutils/
coreutils-5.96/old/textutils/NEWS
coreutils-5.96/old/textutils/ChangeLog
coreutils-5.96/src/
coreutils-5.96/src/expand.c
coreutils-5.96/src/dd.c
coreutils-5.96/src/cp.c
coreutils-5.96/src/df.c
coreutils-5.96/src/du.c
coreutils-5.96/src/fs.h
coreutils-5.96/src/id.c
coreutils-5.96/src/ln.c
coreutils-5.96/src/ls.c
coreutils-5.96/src/ls.h
coreutils-5.96/src/mv.c
coreutils-5.96/src/nl.c
coreutils-5.96/src/od.c
coreutils-5.96/src/pr.c
coreutils-5.96/src/rm.c
coreutils-5.96/src/su.c
coreutils-5.96/src/tr.c
coreutils-5.96/src/wc.c
coreutils-5.96/src/remove.c
coreutils-5.96/src/remove.h
coreutils-5.96/src/csplit.c
coreutils-5.96/src/factor.c
coreutils-5.96/src/md5sum.c
coreutils-5.96/src/cat.c
coreutils-5.96/src/dcgen
coreutils-5.96/src/cut.c
coreutils-5.96/src/env.c
coreutils-5.96/src/fmt.c
coreutils-5.96/src/md5.c
coreutils-5.96/src/ptx.c
coreutils-5.96/src/pwd.c
coreutils-5.96/src/seq.c
coreutils-5.96/src/tac.c
coreutils-5.96/src/tee.c
coreutils-5.96/src/sum.c
coreutils-5.96/src/tty.c
coreutils-5.96/src/unlink.c
coreutils-5.96/src/who.c
coreutils-5.96/src/yes.c
coreutils-5.96/src/rmdir.c
coreutils-5.96/src/wheel-gen.pl
coreutils-5.96/src/basename.c
coreutils-5.96/src/pathchk.c
coreutils-5.96/src/shred.c
coreutils-5.96/src/false.c
coreutils-5.96/src/sleep.c
coreutils-5.96/src/ls-ls.c
coreutils-5.96/src/setuidgid.c
coreutils-5.96/src/wheel-size.h
coreutils-5.96/src/split.c
coreutils-5.96/src/logname.c
coreutils-5.96/src/dircolors.c
coreutils-5.96/src/dircolors.h
coreutils-5.96/src/mkdir.c
coreutils-5.96/src/mknod.c
coreutils-5.96/src/chown-core.c
coreutils-5.96/src/chown-core.h
coreutils-5.96/src/date.c
coreutils-5.96/src/comm.c
coreutils-5.96/src/copy.c
coreutils-5.96/src/copy.h
coreutils-5.96/src/cp-hash.c
coreutils-5.96/src/cp-hash.h
coreutils-5.96/src/echo.c
coreutils-5.96/src/expr.c
coreutils-5.96/src/fold.c
coreutils-5.96/src/whoami.c
coreutils-5.96/src/head.c
coreutils-5.96/src/Makefile.am
coreutils-5.96/src/Makefile.in
coreutils-5.96/src/chroot.c
coreutils-5.96/src/touch.c
coreutils-5.96/src/readlink.c
coreutils-5.96/src/hostid.c
coreutils-5.96/src/join.c
coreutils-5.96/src/ls-vdir.c
coreutils-5.96/src/kill.c
coreutils-5.96/src/uptime.c
coreutils-5.96/src/link.c
coreutils-5.96/src/ls-dir.c
coreutils-5.96/src/tsort.c
coreutils-5.96/src/nice.c
coreutils-5.96/src/dircolors.hin
coreutils-5.96/src/nohup.c
coreutils-5.96/src/uname.c
coreutils-5.96/src/sha1sum.c
coreutils-5.96/src/tail.c
coreutils-5.96/src/sort.c
coreutils-5.96/src/system.h
coreutils-5.96/src/test.c
coreutils-5.96/src/stat.c
coreutils-5.96/src/stty.c
coreutils-5.96/src/checksum.h
coreutils-5.96/src/sync.c
coreutils-5.96/src/true.c
coreutils-5.96/src/uniq.c
coreutils-5.96/src/users.c
coreutils-5.96/src/printf.c
coreutils-5.96/src/groups.sh
coreutils-5.96/src/unexpand.c
coreutils-5.96/src/paste.c
coreutils-5.96/src/mkfifo.c
coreutils-5.96/src/extract-magic
coreutils-5.96/src/wheel.h
coreutils-5.96/src/hostname.c
coreutils-5.96/src/printenv.c
coreutils-5.96/src/pinky.c
coreutils-5.96/src/dirname.c
coreutils-5.96/src/install.c
coreutils-5.96/src/chgrp.c
coreutils-5.96/src/chmod.c
coreutils-5.96/src/chown.c
coreutils-5.96/src/lbracket.c
coreutils-5.96/src/tac-pipe.c
coreutils-5.96/src/cksum.c
coreutils-5.96/NEWS
coreutils-5.96/TODO
coreutils-5.96/aclocal.m4
coreutils-5.96/.x-sc_useless_cpp_parens
coreutils-5.96/.x-sc_sun_os_names
coreutils-5.96/tests/
coreutils-5.96/tests/dd/
coreutils-5.96/tests/dd/misc
coreutils-5.96/tests/dd/not-rewound
coreutils-5.96/tests/dd/unblock-sync
coreutils-5.96/tests/dd/skip-seek
coreutils-5.96/tests/dd/Makefile.am
coreutils-5.96/tests/dd/Makefile.in
coreutils-5.96/tests/dd/skip-seek2
coreutils-5.96/tests/cp/
coreutils-5.96/tests/cp/link
coreutils-5.96/tests/cp/perm
coreutils-5.96/tests/cp/preserve-2
coreutils-5.96/tests/cp/dir-slash
coreutils-5.96/tests/cp/cp-HL
coreutils-5.96/tests/cp/dir-rm-dest
coreutils-5.96/tests/cp/special-bits
coreutils-5.96/tests/cp/cp-parents
coreutils-5.96/tests/cp/r-vs-symlink
coreutils-5.96/tests/cp/deref-slink
coreutils-5.96/tests/cp/symlink-slash
coreutils-5.96/tests/cp/Makefile.am
coreutils-5.96/tests/cp/Makefile.in
coreutils-5.96/tests/cp/cp-mv-backup
coreutils-5.96/tests/cp/backup-is-src
coreutils-5.96/tests/cp/link-preserve
coreutils-5.96/tests/cp/backup-1
coreutils-5.96/tests/cp/slink-2-slink
coreutils-5.96/tests/cp/cp-deref
coreutils-5.96/tests/cp/dir-vs-file
coreutils-5.96/tests/cp/same-file
coreutils-5.96/tests/cp/fail-perm
coreutils-5.96/tests/cp/no-deref-link1
coreutils-5.96/tests/cp/no-deref-link2
coreutils-5.96/tests/cp/no-deref-link3
coreutils-5.96/tests/cp/into-self
coreutils-5.96/tests/du/
coreutils-5.96/tests/du/8gb
coreutils-5.96/tests/du/no-x
coreutils-5.96/tests/du/basic
coreutils-5.96/tests/du/deref
coreutils-5.96/tests/du/slash
coreutils-5.96/tests/du/slink
coreutils-5.96/tests/du/trailing-slash
coreutils-5.96/tests/du/no-deref
coreutils-5.96/tests/du/hard-link
coreutils-5.96/tests/du/inaccessible-cwd
coreutils-5.96/tests/du/deref-args
coreutils-5.96/tests/du/fd-leak
coreutils-5.96/tests/du/files0-from
coreutils-5.96/tests/du/exclude
coreutils-5.96/tests/du/Makefile.am
coreutils-5.96/tests/du/Makefile.in
coreutils-5.96/tests/du/restore-wd
coreutils-5.96/tests/du/two-args
coreutils-5.96/tests/ln/
coreutils-5.96/tests/ln/misc
coreutils-5.96/tests/ln/sf-1
coreutils-5.96/tests/ln/Makefile.am
coreutils-5.96/tests/ln/Makefile.in
coreutils-5.96/tests/ln/backup-1
coreutils-5.96/tests/ln/target-1
coreutils-5.96/tests/ls/
coreutils-5.96/tests/ls/rt-1
coreutils-5.96/tests/ls/dired
coreutils-5.96/tests/ls/inode
coreutils-5.96/tests/ls/dangle
coreutils-5.96/tests/ls/recursive
coreutils-5.96/tests/ls/symlink-slash
coreutils-5.96/tests/ls/Makefile.am
coreutils-5.96/tests/ls/Makefile.in
coreutils-5.96/tests/ls/follow-slink
coreutils-5.96/tests/ls/no-arg
coreutils-5.96/tests/ls/time-1
coreutils-5.96/tests/ls/m-option
coreutils-5.96/tests/ls/infloop
coreutils-5.96/tests/ls/file-type
coreutils-5.96/tests/mv/
coreutils-5.96/tests/mv/i-1
coreutils-5.96/tests/mv/i-2
coreutils-5.96/tests/mv/i-4
coreutils-5.96/tests/mv/diag
coreutils-5.96/tests/mv/vfat
coreutils-5.96/tests/mv/part-fail
coreutils-5.96/tests/mv/into-self-2
coreutils-5.96/tests/mv/into-self-3
coreutils-5.96/tests/mv/into-self-4
coreutils-5.96/tests/mv/reply-no
coreutils-5.96/tests/mv/force
coreutils-5.96/tests/mv/setup
coreutils-5.96/tests/mv/trailing-slash
coreutils-5.96/tests/mv/dir-file
coreutils-5.96/tests/mv/leak-fd
coreutils-5.96/tests/mv/mv-special-1
coreutils-5.96/tests/mv/childproof
coreutils-5.96/tests/mv/dup-source
coreutils-5.96/tests/mv/no-target-dir
coreutils-5.96/tests/mv/hard-link-1
coreutils-5.96/tests/mv/hard-2
coreutils-5.96/tests/mv/hard-3
coreutils-5.96/tests/mv/hard-4
coreutils-5.96/tests/mv/Makefile.am
coreutils-5.96/tests/mv/Makefile.in
coreutils-5.96/tests/mv/backup-is-src
coreutils-5.96/tests/mv/i-link-no
coreutils-5.96/tests/mv/part-hardlink
coreutils-5.96/tests/mv/part-symlink
coreutils-5.96/tests/mv/perm-1
coreutils-5.96/tests/mv/to-symlink
coreutils-5.96/tests/mv/update
coreutils-5.96/tests/mv/part-rename
coreutils-5.96/tests/mv/into-self
coreutils-5.96/tests/mv/partition-perm
coreutils-5.96/tests/od/
coreutils-5.96/tests/od/x8
coreutils-5.96/tests/od/od-N
coreutils-5.96/tests/od/Makefile.am
coreutils-5.96/tests/od/Makefile.in
coreutils-5.96/tests/pr/
coreutils-5.96/tests/pr/0F
coreutils-5.96/tests/pr/FF
coreutils-5.96/tests/pr/tn
coreutils-5.96/tests/pr/0FF
coreutils-5.96/tests/pr/0Ft
coreutils-5.96/tests/pr/FFn
coreutils-5.96/tests/pr/t-t
coreutils-5.96/tests/pr/0FFt
coreutils-5.96/tests/pr/0Fnt
coreutils-5.96/tests/pr/3-0F
coreutils-5.96/tests/pr/3-FF
coreutils-5.96/tests/pr/FFtn
coreutils-5.96/tests/pr/FnFn
coreutils-5.96/tests/pr/3ml24-t
coreutils-5.96/tests/pr/n+4b2l10f-0FF
coreutils-5.96/tests/pr/loli
coreutils-5.96/tests/pr/t-FF
coreutils-5.96/tests/pr/t-bl
coreutils-5.96/tests/pr/tFFn
coreutils-5.96/tests/pr/tFFt
coreutils-5.96/tests/pr/tt-t
coreutils-5.96/tests/pr/W35ml17f-lm-lo
coreutils-5.96/tests/pr/col-0.I
coreutils-5.96/tests/pr/col-0.X
coreutils-5.96/tests/pr/col-2.I
coreutils-5.96/tests/pr/col-2.X
coreutils-5.96/tests/pr/n+5a3l6f-0FF
coreutils-5.96/tests/pr/nSml17-t-tFFFF
coreutils-5.96/tests/pr/0FFnt
coreutils-5.96/tests/pr/0FnFt
coreutils-5.96/tests/pr/3f-0F
coreutils-5.96/tests/pr/3f-FF
coreutils-5.96/tests/pr/neg-page.I
coreutils-5.96/tests/pr/neg-page.X
coreutils-5.96/tests/pr/4l24-FF
coreutils-5.96/tests/pr/n+2l17f-bl
coreutils-5.96/tests/pr/b3f-0FF
coreutils-5.96/tests/pr/col-02.C.I
coreutils-5.96/tests/pr/col-02.C.X
coreutils-5.96/tests/pr/b3l15-t
coreutils-5.96/tests/pr/b3l8f-t
coreutils-5.96/tests/pr/col-0.C.I
coreutils-5.96/tests/pr/col-0.C.X
coreutils-5.96/tests/pr/col-2.C.I
coreutils-5.96/tests/pr/col-2.C.X
coreutils-5.96/tests/pr/i-opt-a.I
coreutils-5.96/tests/pr/i-opt-a.X
coreutils-5.96/tests/pr/i-opt-b.I
coreutils-5.96/tests/pr/i-opt-b.X
coreutils-5.96/tests/pr/o3b3Sl17f-tn
coreutils-5.96/tests/pr/tn_2e8-t_tab
coreutils-5.96/tests/pr/a3-0F
coreutils-5.96/tests/pr/b3-0F
coreutils-5.96/tests/pr/2s_w60f-t_nota
coreutils-5.96/tests/pr/3ml17f-t
coreutils-5.96/tests/pr/3ml24-FF
coreutils-5.96/tests/pr/W72Jl17f-ll
coreutils-5.96/tests/pr/W35Jb3l17f-lm
coreutils-5.96/tests/pr/l24-t
coreutils-5.96/tests/pr/o3a3Snl17f-tn
coreutils-5.96/tests/pr/ml17f-0F
coreutils-5.96/tests/pr/t-0FF
coreutils-5.96/tests/pr/tFnFt
coreutils-5.96/tests/pr/t_tab
coreutils-5.96/tests/pr/tt-FF
coreutils-5.96/tests/pr/tt-bl
coreutils-5.96/tests/pr/W20l17f-ll
coreutils-5.96/tests/pr/3b2l17-FF
coreutils-5.96/tests/pr/n+6b3l6f-FF
coreutils-5.96/tests/pr/col-inval.I
coreutils-5.96/tests/pr/col-inval.X
coreutils-5.96/tests/pr/W35b3l17f-lm
coreutils-5.96/tests/pr/Jb3l17f-lm
coreutils-5.96/tests/pr/tta3-0FF
coreutils-5.96/tests/pr/n+4-8a2l17-FF
coreutils-5.96/tests/pr/ttb3-0FF
coreutils-5.96/tests/pr/ta3-0FF
coreutils-5.96/tests/pr/2w60f-t_notab
coreutils-5.96/tests/pr/o3mSl17f-bl-tn
coreutils-5.96/tests/pr/tb3-0FF
coreutils-5.96/tests/pr/a2l15-FF
coreutils-5.96/tests/pr/a2l17-FF
coreutils-5.96/tests/pr/tne8-t_tab
coreutils-5.96/tests/pr/t_notab
coreutils-5.96/tests/pr/w72l17f-ll
coreutils-5.96/tests/pr/tne8o3-t_tab
coreutils-5.96/tests/pr/W27l17f-ll
coreutils-5.96/tests/pr/nSml13-t-t-FF
coreutils-5.96/tests/pr/a3f-0F
coreutils-5.96/tests/pr/a3f-FF
coreutils-5.96/tests/pr/n+3ml13f-bl-FF
coreutils-5.96/tests/pr/b3f-0F
coreutils-5.96/tests/pr/b3f-FF
coreutils-5.96/tests/pr/col-02.I
coreutils-5.96/tests/pr/col-02.X
coreutils-5.96/tests/pr/ml17f-t
coreutils-5.96/tests/pr/ml24-FF
coreutils-5.96/tests/pr/nN1+3l17f-bl
coreutils-5.96/tests/pr/ncut-a.I
coreutils-5.96/tests/pr/ncut-a.X
coreutils-5.96/tests/pr/ncut-b.I
coreutils-5.96/tests/pr/ncut-b.X
coreutils-5.96/tests/pr/4-7l24-FF
coreutils-5.96/tests/pr/n+6a2l17-FF
coreutils-5.96/tests/pr/o3b3l17f-tn
coreutils-5.96/tests/pr/o3Jml17f-lm-lo
coreutils-5.96/tests/pr/n+7l24-FF
coreutils-5.96/tests/pr/b3l17f-lm
coreutils-5.96/tests/pr/n+3l17f-0FF
coreutils-5.96/tests/pr/l17f-t
coreutils-5.96/tests/pr/l24-FF
coreutils-5.96/tests/pr/2sw60f-t_notab
coreutils-5.96/tests/pr/nSml17-bl-FF
coreutils-5.96/tests/pr/Makefile.am
coreutils-5.96/tests/pr/Makefile.in
coreutils-5.96/tests/pr/ml17f-t-0F
coreutils-5.96/tests/pr/tn2e8o3-t_tab
coreutils-5.96/tests/pr/2sf-t_notab
coreutils-5.96/tests/pr/narrow-1.I
coreutils-5.96/tests/pr/narrow-1.X
coreutils-5.96/tests/pr/nN15l17f-bl
coreutils-5.96/tests/pr/3-5l17f-t
coreutils-5.96/tests/pr/3ml24-t-FF
coreutils-5.96/tests/pr/tta3-FF
coreutils-5.96/tests/pr/3a2l17-FF
coreutils-5.96/tests/pr/W35Ja3l17f-lm
coreutils-5.96/tests/pr/ttb3-FF
coreutils-5.96/tests/pr/ml20-FF-t
coreutils-5.96/tests/pr/ml24-t
coreutils-5.96/tests/pr/2f-t_notab
coreutils-5.96/tests/pr/2-S_f-t_notab
coreutils-5.96/tests/pr/margin-0.I
coreutils-5.96/tests/pr/margin-0.X
coreutils-5.96/tests/pr/col-inval.C.I
coreutils-5.96/tests/pr/col-inval.C.X
coreutils-5.96/tests/pr/n+8l20-FF
coreutils-5.96/tests/pr/W35a3l17f-lm
coreutils-5.96/tests/pr/Ja3l17f-lm
coreutils-5.96/tests/pr/ml24-t-FF
coreutils-5.96/tests/pr/ta3-FF
coreutils-5.96/tests/pr/tb3-FF
coreutils-5.96/tests/pr/t_tab_
coreutils-5.96/tests/pr/n+3l17f-bl
coreutils-5.96/tests/pr/tt-0FF
coreutils-5.96/tests/pr/3a3l15-t
coreutils-5.96/tests/pr/3a3l8f-t
coreutils-5.96/tests/pr/Test.pm
coreutils-5.96/tests/pr/nSml17-t-t-FF
coreutils-5.96/tests/pr/0FnFnt
coreutils-5.96/tests/pr/nl17f-bl
coreutils-5.96/tests/pr/W26l17f-ll
coreutils-5.96/tests/pr/n+3ml17f-bl-tn
coreutils-5.96/tests/pr/ml17f-lm-lo
coreutils-5.96/tests/pr/n+5-8b3l10f-FF
coreutils-5.96/tests/pr/n+3ml17f-tn-bl
coreutils-5.96/tests/pr/nSml13-t-tFFFF
coreutils-5.96/tests/pr/2s_f-t_notab
coreutils-5.96/tests/pr/3a3f-0F
coreutils-5.96/tests/pr/W35Jml17f-lmlo
coreutils-5.96/tests/pr/3b3f-0F
coreutils-5.96/tests/pr/3b3f-FF
coreutils-5.96/tests/pr/3l24-t
coreutils-5.96/tests/pr/tn2e5o3-t_tab
coreutils-5.96/tests/pr/n+2-5l17f-0FF
coreutils-5.96/tests/pr/nJml17f-lmlmlo
coreutils-5.96/tests/pr/nJml17f-lmlolm
coreutils-5.96/tests/pr/3b3f-0FF
coreutils-5.96/tests/pr/3b3l15-t
coreutils-5.96/tests/pr/3b3l8f-t
coreutils-5.96/tests/pr/o3a3l17f-tn
coreutils-5.96/tests/pr/o3a3Sl17f-tn
coreutils-5.96/tests/pr/2-Sf-t_notab
coreutils-5.96/tests/pr/o3b3Snl17f-tn
coreutils-5.96/tests/pr/col-long.C.I
coreutils-5.96/tests/pr/col-long.C.X
coreutils-5.96/tests/pr/o3ml17f-bl-tn
coreutils-5.96/tests/pr/tn_2e8S-t_tab
coreutils-5.96/tests/pr/b2l15-FF
coreutils-5.96/tests/pr/b2l17-FF
coreutils-5.96/tests/pr/o3mSnl17fbltn
coreutils-5.96/tests/pr/a3l17f-lm
coreutils-5.96/tests/pr/dbl-sp-a.I
coreutils-5.96/tests/pr/dbl-sp-a.X
coreutils-5.96/tests/pr/dbl-sp-b.I
coreutils-5.96/tests/pr/dbl-sp-b.X
coreutils-5.96/tests/pr/tn2e8-t_tab
coreutils-5.96/tests/pr/nSml13-bl-FF
coreutils-5.96/tests/pr/n+2l17f-0FF
coreutils-5.96/tests/pr/3l17f-t
coreutils-5.96/tests/pr/tFFt-bl
coreutils-5.96/tests/pr/tFFt-ll
coreutils-5.96/tests/pr/tFFt-lm
coreutils-5.96/tests/pr/pr-tests
coreutils-5.96/tests/pr/W28l17f-ll
coreutils-5.96/tests/pr/a3f-0FF
coreutils-5.96/tests/pr/a3l15-t
coreutils-5.96/tests/pr/col-last.I
coreutils-5.96/tests/pr/col-last.X
coreutils-5.96/tests/pr/Jml17f-lm-lo
coreutils-5.96/tests/pr/a3l8f-t
coreutils-5.96/tests/pr/col-long.I
coreutils-5.96/tests/pr/col-long.X
coreutils-5.96/tests/pr/W-72l17f-ll
coreutils-5.96/tests/pr/n+3-7l24-FF
coreutils-5.96/tests/rm/
coreutils-5.96/tests/rm/f-1
coreutils-5.96/tests/rm/i-1
coreutils-5.96/tests/rm/r-1
coreutils-5.96/tests/rm/r-2
coreutils-5.96/tests/rm/r-3
coreutils-5.96/tests/rm/rm1
coreutils-5.96/tests/rm/rm2
coreutils-5.96/tests/rm/rm3
coreutils-5.96/tests/rm/rm4
coreutils-5.96/tests/rm/rm5
coreutils-5.96/tests/rm/hash
coreutils-5.96/tests/rm/ir-1
coreutils-5.96/tests/rm/no-give-up
coreutils-5.96/tests/rm/cycle
coreutils-5.96/tests/rm/dangling-symlink
coreutils-5.96/tests/rm/dir-no-w
coreutils-5.96/tests/rm/dot-rel
coreutils-5.96/tests/rm/fail-eperm
coreutils-5.96/tests/rm/inaccessible
coreutils-5.96/tests/rm/sunos-1
coreutils-5.96/tests/rm/i-no-r
coreutils-5.96/tests/rm/deep-1
coreutils-5.96/tests/rm/Makefile.am
coreutils-5.96/tests/rm/Makefile.in
coreutils-5.96/tests/rm/isatty
coreutils-5.96/tests/rm/unread2
coreutils-5.96/tests/rm/unread3
coreutils-5.96/tests/rm/fail-2eperm
coreutils-5.96/tests/tr/
coreutils-5.96/tests/tr/1.I
coreutils-5.96/tests/tr/1.X
coreutils-5.96/tests/tr/2.I
coreutils-5.96/tests/tr/2.X
coreutils-5.96/tests/tr/3.I
coreutils-5.96/tests/tr/3.X
coreutils-5.96/tests/tr/4.I
coreutils-5.96/tests/tr/4.X
coreutils-5.96/tests/tr/5.I
coreutils-5.96/tests/tr/5.X
coreutils-5.96/tests/tr/6.I
coreutils-5.96/tests/tr/6.X
coreutils-5.96/tests/tr/7.I
coreutils-5.96/tests/tr/7.X
coreutils-5.96/tests/tr/8.I
coreutils-5.96/tests/tr/8.X
coreutils-5.96/tests/tr/9.I
coreutils-5.96/tests/tr/9.X
coreutils-5.96/tests/tr/a.I
coreutils-5.96/tests/tr/a.X
coreutils-5.96/tests/tr/b.I
coreutils-5.96/tests/tr/b.X
coreutils-5.96/tests/tr/c.I
coreutils-5.96/tests/tr/c.X
coreutils-5.96/tests/tr/d.I
coreutils-5.96/tests/tr/d.X
coreutils-5.96/tests/tr/e.I
coreutils-5.96/tests/tr/e.X
coreutils-5.96/tests/tr/f.I
coreutils-5.96/tests/tr/f.X
coreutils-5.96/tests/tr/g.I
coreutils-5.96/tests/tr/g.X
coreutils-5.96/tests/tr/h.I
coreutils-5.96/tests/tr/h.X
coreutils-5.96/tests/tr/i.I
coreutils-5.96/tests/tr/i.X
coreutils-5.96/tests/tr/j.I
coreutils-5.96/tests/tr/j.X
coreutils-5.96/tests/tr/k.I
coreutils-5.96/tests/tr/k.X
coreutils-5.96/tests/tr/l.I
coreutils-5.96/tests/tr/l.X
coreutils-5.96/tests/tr/m.I
coreutils-5.96/tests/tr/m.X
coreutils-5.96/tests/tr/n.I
coreutils-5.96/tests/tr/n.X
coreutils-5.96/tests/tr/o.I
coreutils-5.96/tests/tr/o.X
coreutils-5.96/tests/tr/p.I
coreutils-5.96/tests/tr/p.X
coreutils-5.96/tests/tr/q.I
coreutils-5.96/tests/tr/q.X
coreutils-5.96/tests/tr/r.I
coreutils-5.96/tests/tr/r.X
coreutils-5.96/tests/tr/s.I
coreutils-5.96/tests/tr/s.X
coreutils-5.96/tests/tr/t.I
coreutils-5.96/tests/tr/t.X
coreutils-5.96/tests/tr/u.I
coreutils-5.96/tests/tr/u.X
coreutils-5.96/tests/tr/v.I
coreutils-5.96/tests/tr/v.X
coreutils-5.96/tests/tr/w.I
coreutils-5.96/tests/tr/w.X
coreutils-5.96/tests/tr/x.I
coreutils-5.96/tests/tr/x.X
coreutils-5.96/tests/tr/y.I
coreutils-5.96/tests/tr/y.X
coreutils-5.96/tests/tr/z.I
coreutils-5.96/tests/tr/z.X
coreutils-5.96/tests/tr/TODO
coreutils-5.96/tests/tr/rep-1.I
coreutils-5.96/tests/tr/rep-1.X
coreutils-5.96/tests/tr/rep-2.I
coreutils-5.96/tests/tr/rep-2.X
coreutils-5.96/tests/tr/rep-3.I
coreutils-5.96/tests/tr/rep-3.X
coreutils-5.96/tests/tr/esc.I
coreutils-5.96/tests/tr/esc.X
coreutils-5.96/tests/tr/empty-cc.I
coreutils-5.96/tests/tr/empty-cc.X
coreutils-5.96/tests/tr/empty-eq.I
coreutils-5.96/tests/tr/empty-eq.X
coreutils-5.96/tests/tr/range-a-a.I
coreutils-5.96/tests/tr/range-a-a.X
coreutils-5.96/tests/tr/tr-tests
coreutils-5.96/tests/tr/upcase.I
coreutils-5.96/tests/tr/upcase.X
coreutils-5.96/tests/tr/repeat-compl.I
coreutils-5.96/tests/tr/repeat-compl.X
coreutils-5.96/tests/tr/fowler-1.I
coreutils-5.96/tests/tr/fowler-1.X
coreutils-5.96/tests/tr/Makefile.am
coreutils-5.96/tests/tr/Makefile.in
coreutils-5.96/tests/tr/bs-at-end.I
coreutils-5.96/tests/tr/bs-at-end.X
coreutils-5.96/tests/tr/bs-055.I
coreutils-5.96/tests/tr/bs-055.X
coreutils-5.96/tests/tr/rep-cclass.I
coreutils-5.96/tests/tr/rep-cclass.X
coreutils-5.96/tests/tr/repeat-0.I
coreutils-5.96/tests/tr/repeat-0.X
coreutils-5.96/tests/tr/ross-2.I
coreutils-5.96/tests/tr/ross-2.X
coreutils-5.96/tests/tr/ross-3.I
coreutils-5.96/tests/tr/ross-3.X
coreutils-5.96/tests/tr/ross-4.I
coreutils-5.96/tests/tr/ross-4.X
coreutils-5.96/tests/tr/ross-5.I
coreutils-5.96/tests/tr/ross-5.X
coreutils-5.96/tests/tr/ross-6.I
coreutils-5.96/tests/tr/ross-6.X
coreutils-5.96/tests/tr/null.I
coreutils-5.96/tests/tr/null.X
coreutils-5.96/tests/tr/repeat-xC.I
coreutils-5.96/tests/tr/repeat-xC.X
coreutils-5.96/tests/tr/repeat-bs-9.I
coreutils-5.96/tests/tr/repeat-bs-9.X
coreutils-5.96/tests/tr/repeat-zeros.I
coreutils-5.96/tests/tr/repeat-zeros.X
coreutils-5.96/tests/tr/ross-0a.I
coreutils-5.96/tests/tr/ross-0a.X
coreutils-5.96/tests/tr/ross-0b.I
coreutils-5.96/tests/tr/ross-0b.X
coreutils-5.96/tests/tr/ross-1a.I
coreutils-5.96/tests/tr/ross-1a.X
coreutils-5.96/tests/tr/ross-1b.I
coreutils-5.96/tests/tr/ross-1b.X
coreutils-5.96/tests/tr/Test.pm
coreutils-5.96/tests/tr/dncase.I
coreutils-5.96/tests/tr/dncase.X
coreutils-5.96/tests/tr/o-rep-1.I
coreutils-5.96/tests/tr/o-rep-1.X
coreutils-5.96/tests/tr/o-rep-2.I
coreutils-5.96/tests/tr/o-rep-2.X
coreutils-5.96/tests/wc/
coreutils-5.96/tests/wc/a0.I
coreutils-5.96/tests/wc/a0.X
coreutils-5.96/tests/wc/a1.I
coreutils-5.96/tests/wc/a1.X
coreutils-5.96/tests/wc/a2.I
coreutils-5.96/tests/wc/a2.X
coreutils-5.96/tests/wc/a3.I
coreutils-5.96/tests/wc/a3.X
coreutils-5.96/tests/wc/a4.I
coreutils-5.96/tests/wc/a4.X
coreutils-5.96/tests/wc/a5.I
coreutils-5.96/tests/wc/a5.X
coreutils-5.96/tests/wc/a6.I
coreutils-5.96/tests/wc/a6.X
coreutils-5.96/tests/wc/a7.I
coreutils-5.96/tests/wc/a7.X
coreutils-5.96/tests/wc/a8.I
coreutils-5.96/tests/wc/a8.X
coreutils-5.96/tests/wc/a9.I
coreutils-5.96/tests/wc/a9.X
coreutils-5.96/tests/wc/b0.I
coreutils-5.96/tests/wc/b0.X
coreutils-5.96/tests/wc/b1.I
coreutils-5.96/tests/wc/b1.X
coreutils-5.96/tests/wc/c0.I
coreutils-5.96/tests/wc/c0.X
coreutils-5.96/tests/wc/c1.I
coreutils-5.96/tests/wc/c1.X
coreutils-5.96/tests/wc/c2.I
coreutils-5.96/tests/wc/c2.X
coreutils-5.96/tests/wc/Makefile.am
coreutils-5.96/tests/wc/Makefile.in
coreutils-5.96/tests/wc/Test.pm
coreutils-5.96/tests/wc/wc-tests
coreutils-5.96/tests/cut/
coreutils-5.96/tests/cut/1.I
coreutils-5.96/tests/cut/1.X
coreutils-5.96/tests/cut/2.I
coreutils-5.96/tests/cut/2.X
coreutils-5.96/tests/cut/3.I
coreutils-5.96/tests/cut/3.X
coreutils-5.96/tests/cut/4.I
coreutils-5.96/tests/cut/4.X
coreutils-5.96/tests/cut/5.I
coreutils-5.96/tests/cut/5.X
coreutils-5.96/tests/cut/6.I
coreutils-5.96/tests/cut/6.X
coreutils-5.96/tests/cut/7.I
coreutils-5.96/tests/cut/7.X
coreutils-5.96/tests/cut/8.I
coreutils-5.96/tests/cut/8.X
coreutils-5.96/tests/cut/9.I
coreutils-5.96/tests/cut/9.X
coreutils-5.96/tests/cut/a.I
coreutils-5.96/tests/cut/a.X
coreutils-5.96/tests/cut/b.I
coreutils-5.96/tests/cut/b.X
coreutils-5.96/tests/cut/c.I
coreutils-5.96/tests/cut/c.X
coreutils-5.96/tests/cut/d.I
coreutils-5.96/tests/cut/d.X
coreutils-5.96/tests/cut/e.I
coreutils-5.96/tests/cut/e.X
coreutils-5.96/tests/cut/f.I
coreutils-5.96/tests/cut/f.X
coreutils-5.96/tests/cut/g.I
coreutils-5.96/tests/cut/g.X
coreutils-5.96/tests/cut/h.I
coreutils-5.96/tests/cut/h.X
coreutils-5.96/tests/cut/i.I
coreutils-5.96/tests/cut/i.X
coreutils-5.96/tests/cut/j.I
coreutils-5.96/tests/cut/j.X
coreutils-5.96/tests/cut/k.I
coreutils-5.96/tests/cut/k.X
coreutils-5.96/tests/cut/l.I
coreutils-5.96/tests/cut/l.X
coreutils-5.96/tests/cut/m.I
coreutils-5.96/tests/cut/m.X
coreutils-5.96/tests/cut/n.I
coreutils-5.96/tests/cut/n.X
coreutils-5.96/tests/cut/o.I
coreutils-5.96/tests/cut/o.X
coreutils-5.96/tests/cut/p.I
coreutils-5.96/tests/cut/p.X
coreutils-5.96/tests/cut/q.I
coreutils-5.96/tests/cut/q.X
coreutils-5.96/tests/cut/r.I
coreutils-5.96/tests/cut/r.X
coreutils-5.96/tests/cut/s.I
coreutils-5.96/tests/cut/s.X
coreutils-5.96/tests/cut/t.I
coreutils-5.96/tests/cut/t.X
coreutils-5.96/tests/cut/u.I
coreutils-5.96/tests/cut/u.X
coreutils-5.96/tests/cut/v.I
coreutils-5.96/tests/cut/v.X
coreutils-5.96/tests/cut/w.I
coreutils-5.96/tests/cut/w.X
coreutils-5.96/tests/cut/x.I
coreutils-5.96/tests/cut/x.X
coreutils-5.96/tests/cut/y.I
coreutils-5.96/tests/cut/y.X
coreutils-5.96/tests/cut/z.I
coreutils-5.96/tests/cut/z.X
coreutils-5.96/tests/cut/cut-tests
coreutils-5.96/tests/cut/empty-f1.I
coreutils-5.96/tests/cut/empty-f1.X
coreutils-5.96/tests/cut/empty-f2.I
coreutils-5.96/tests/cut/empty-f2.X
coreutils-5.96/tests/cut/empty-bl.I
coreutils-5.96/tests/cut/empty-bl.X
coreutils-5.96/tests/cut/empty-fl.I
coreutils-5.96/tests/cut/empty-fl.X
coreutils-5.96/tests/cut/out-delim1.I
coreutils-5.96/tests/cut/out-delim1.X
coreutils-5.96/tests/cut/out-delim2.I
coreutils-5.96/tests/cut/out-delim2.X
coreutils-5.96/tests/cut/out-delim3.I
coreutils-5.96/tests/cut/out-delim3.X
coreutils-5.96/tests/cut/out-delim4.I
coreutils-5.96/tests/cut/out-delim4.X
coreutils-5.96/tests/cut/out-delim5.I
coreutils-5.96/tests/cut/out-delim5.X
coreutils-5.96/tests/cut/out-delim6.I
coreutils-5.96/tests/cut/out-delim6.X
coreutils-5.96/tests/cut/multichar-od.I
coreutils-5.96/tests/cut/multichar-od.X
coreutils-5.96/tests/cut/8bit-delim.I
coreutils-5.96/tests/cut/8bit-delim.X
coreutils-5.96/tests/cut/nul-odelim.I
coreutils-5.96/tests/cut/nul-odelim.X
coreutils-5.96/tests/cut/Makefile.am
coreutils-5.96/tests/cut/Makefile.in
coreutils-5.96/tests/cut/missing-bl.I
coreutils-5.96/tests/cut/missing-bl.X
coreutils-5.96/tests/cut/missing-fl.I
coreutils-5.96/tests/cut/missing-fl.X
coreutils-5.96/tests/cut/od-overlap.I
coreutils-5.96/tests/cut/od-overlap.X
coreutils-5.96/tests/cut/Test.pm
coreutils-5.96/tests/cut/o-delim.I
coreutils-5.96/tests/cut/o-delim.X
coreutils-5.96/tests/cut/od-overlap2.I
coreutils-5.96/tests/cut/od-overlap2.X
coreutils-5.96/tests/cut/od-overlap3.I
coreutils-5.96/tests/cut/od-overlap3.X
coreutils-5.96/tests/cut/od-overlap4.I
coreutils-5.96/tests/cut/od-overlap4.X
coreutils-5.96/tests/cut/od-overlap5.I
coreutils-5.96/tests/cut/od-overlap5.X
coreutils-5.96/tests/cut/out-delim3a.I
coreutils-5.96/tests/cut/out-delim3a.X
coreutils-5.96/tests/cut/od-abut.I
coreutils-5.96/tests/cut/od-abut.X
coreutils-5.96/tests/cut/nul-idelim.I
coreutils-5.96/tests/cut/nul-idelim.X
coreutils-5.96/tests/fmt/
coreutils-5.96/tests/fmt/basic
coreutils-5.96/tests/fmt/long-line
coreutils-5.96/tests/fmt/Makefile.am
coreutils-5.96/tests/fmt/Makefile.in
coreutils-5.96/tests/seq/
coreutils-5.96/tests/seq/basic
coreutils-5.96/tests/seq/Makefile.am
coreutils-5.96/tests/seq/Makefile.in
coreutils-5.96/tests/tac/
coreutils-5.96/tests/tac/basic-0.I
coreutils-5.96/tests/tac/basic-0.X
coreutils-5.96/tests/tac/basic-a.I
coreutils-5.96/tests/tac/basic-a.X
coreutils-5.96/tests/tac/basic-b.I
coreutils-5.96/tests/tac/basic-b.X
coreutils-5.96/tests/tac/basic-c.I
coreutils-5.96/tests/tac/basic-c.X
coreutils-5.96/tests/tac/basic-d.I
coreutils-5.96/tests/tac/basic-d.X
coreutils-5.96/tests/tac/basic-e.I
coreutils-5.96/tests/tac/basic-e.X
coreutils-5.96/tests/tac/basic-f.I
coreutils-5.96/tests/tac/basic-f.X
coreutils-5.96/tests/tac/basic-g.I
coreutils-5.96/tests/tac/basic-g.X
coreutils-5.96/tests/tac/basic-h.I
coreutils-5.96/tests/tac/basic-h.X
coreutils-5.96/tests/tac/basic-i.I
coreutils-5.96/tests/tac/basic-i.X
coreutils-5.96/tests/tac/basic-j.I
coreutils-5.96/tests/tac/basic-j.X
coreutils-5.96/tests/tac/basic-k.I
coreutils-5.96/tests/tac/basic-k.X
coreutils-5.96/tests/tac/tac-tests
coreutils-5.96/tests/tac/b2-e.I
coreutils-5.96/tests/tac/b2-e.X
coreutils-5.96/tests/tac/b2-f.I
coreutils-5.96/tests/tac/b2-f.X
coreutils-5.96/tests/tac/b2-g.I
coreutils-5.96/tests/tac/b2-g.X
coreutils-5.96/tests/tac/b2-h.I
coreutils-5.96/tests/tac/b2-h.X
coreutils-5.96/tests/tac/b2-i.I
coreutils-5.96/tests/tac/b2-i.X
coreutils-5.96/tests/tac/b2-j.I
coreutils-5.96/tests/tac/b2-j.X
coreutils-5.96/tests/tac/b2-k.I
coreutils-5.96/tests/tac/b2-k.X
coreutils-5.96/tests/tac/Makefile.am
coreutils-5.96/tests/tac/Makefile.in
coreutils-5.96/tests/tac/Test.pm
coreutils-5.96/tests/tac/opt-b.I
coreutils-5.96/tests/tac/opt-b.X
coreutils-5.96/tests/tac/opt-r.I
coreutils-5.96/tests/tac/opt-r.X
coreutils-5.96/tests/tac/opt-s.I
coreutils-5.96/tests/tac/opt-s.X
coreutils-5.96/tests/tac/opt-br.I
coreutils-5.96/tests/tac/opt-br.X
coreutils-5.96/tests/tac/opt-r2.I
coreutils-5.96/tests/tac/opt-r2.X
coreutils-5.96/tests/tac/opt-sb.I
coreutils-5.96/tests/tac/opt-sb.X
coreutils-5.96/tests/tac/opt-br2.I
coreutils-5.96/tests/tac/opt-br2.X
coreutils-5.96/tests/tee/
coreutils-5.96/tests/tee/dash
coreutils-5.96/tests/tee/basic
coreutils-5.96/tests/tee/Makefile.am
coreutils-5.96/tests/tee/Makefile.in
coreutils-5.96/tests/sum/
coreutils-5.96/tests/sum/sysv
coreutils-5.96/tests/sum/Makefile.am
coreutils-5.96/tests/sum/Makefile.in
coreutils-5.96/tests/sum/basic-1
coreutils-5.96/tests/expr/
coreutils-5.96/tests/expr/basic
coreutils-5.96/tests/expr/Makefile.am
coreutils-5.96/tests/expr/Makefile.in
coreutils-5.96/tests/head/
coreutils-5.96/tests/head/in
coreutils-5.96/tests/head/head-tests
coreutils-5.96/tests/head/fail-1.I
coreutils-5.96/tests/head/fail-1.X
coreutils-5.96/tests/head/no-oct-1.I
coreutils-5.96/tests/head/no-oct-1.X
coreutils-5.96/tests/head/no-oct-2.I
coreutils-5.96/tests/head/no-oct-2.X
coreutils-5.96/tests/head/no-oct-3.I
coreutils-5.96/tests/head/no-oct-3.X
coreutils-5.96/tests/head/no-oct-4.I
coreutils-5.96/tests/head/no-oct-4.X
coreutils-5.96/tests/head/idem-0.I
coreutils-5.96/tests/head/idem-0.X
coreutils-5.96/tests/head/idem-1.I
coreutils-5.96/tests/head/idem-1.X
coreutils-5.96/tests/head/idem-2.I
coreutils-5.96/tests/head/idem-2.X
coreutils-5.96/tests/head/idem-3.I
coreutils-5.96/tests/head/idem-3.X
coreutils-5.96/tests/head/posix-0.I
coreutils-5.96/tests/head/posix-0.X
coreutils-5.96/tests/head/posix-1.I
coreutils-5.96/tests/head/posix-1.X
coreutils-5.96/tests/head/posix-2.I
coreutils-5.96/tests/head/posix-2.X
coreutils-5.96/tests/head/posix-3.I
coreutils-5.96/tests/head/posix-3.X
coreutils-5.96/tests/head/Makefile.am
coreutils-5.96/tests/head/Makefile.in
coreutils-5.96/tests/head/obs-0.I
coreutils-5.96/tests/head/obs-0.X
coreutils-5.96/tests/head/obs-1.I
coreutils-5.96/tests/head/obs-1.X
coreutils-5.96/tests/head/obs-2.I
coreutils-5.96/tests/head/obs-2.X
coreutils-5.96/tests/head/obs-3.I
coreutils-5.96/tests/head/obs-3.X
coreutils-5.96/tests/head/Test.pm
coreutils-5.96/tests/head/in-1024
coreutils-5.96/tests/head/basic-0-09.I
coreutils-5.96/tests/head/basic-0-09.X
coreutils-5.96/tests/head/basic-0-10.I
coreutils-5.96/tests/head/basic-0-10.X
coreutils-5.96/tests/head/basic-0-11.I
coreutils-5.96/tests/head/basic-0-11.X
coreutils-5.96/tests/head/null-1.I
coreutils-5.96/tests/head/null-1.X
coreutils-5.96/tests/join/
coreutils-5.96/tests/join/1a.X
coreutils-5.96/tests/join/1b.X
coreutils-5.96/tests/join/1c.X
coreutils-5.96/tests/join/1d.X
coreutils-5.96/tests/join/1e.X
coreutils-5.96/tests/join/1f.X
coreutils-5.96/tests/join/2a.X
coreutils-5.96/tests/join/2b.X
coreutils-5.96/tests/join/2c.X
coreutils-5.96/tests/join/3a.X
coreutils-5.96/tests/join/4a.X
coreutils-5.96/tests/join/4b.X
coreutils-5.96/tests/join/4c.X
coreutils-5.96/tests/join/4d.X
coreutils-5.96/tests/join/4e.X
coreutils-5.96/tests/join/5a.X
coreutils-5.96/tests/join/5b.X
coreutils-5.96/tests/join/5c.X
coreutils-5.96/tests/join/5d.X
coreutils-5.96/tests/join/5e.X
coreutils-5.96/tests/join/5f.X
coreutils-5.96/tests/join/5g.X
coreutils-5.96/tests/join/5h.X
coreutils-5.96/tests/join/5i.X
coreutils-5.96/tests/join/5j.X
coreutils-5.96/tests/join/5k.X
coreutils-5.96/tests/join/5l.X
coreutils-5.96/tests/join/6a.X
coreutils-5.96/tests/join/5m.X
coreutils-5.96/tests/join/6b.X
coreutils-5.96/tests/join/6c.X
coreutils-5.96/tests/join/7a.X
coreutils-5.96/tests/join/8a.X
coreutils-5.96/tests/join/8b.X
coreutils-5.96/tests/join/9a.X
coreutils-5.96/tests/join/TODO
coreutils-5.96/tests/join/1a.I1
coreutils-5.96/tests/join/1a.I2
coreutils-5.96/tests/join/1b.I1
coreutils-5.96/tests/join/1b.I2
coreutils-5.96/tests/join/1c.I1
coreutils-5.96/tests/join/1c.I2
coreutils-5.96/tests/join/1d.I1
coreutils-5.96/tests/join/1d.I2
coreutils-5.96/tests/join/1e.I1
coreutils-5.96/tests/join/1e.I2
coreutils-5.96/tests/join/1f.I1
coreutils-5.96/tests/join/1f.I2
coreutils-5.96/tests/join/2a.I1
coreutils-5.96/tests/join/2a.I2
coreutils-5.96/tests/join/2b.I1
coreutils-5.96/tests/join/2b.I2
coreutils-5.96/tests/join/2c.I1
coreutils-5.96/tests/join/2c.I2
coreutils-5.96/tests/join/3a.I1
coreutils-5.96/tests/join/3a.I2
coreutils-5.96/tests/join/4a.I1
coreutils-5.96/tests/join/4a.I2
coreutils-5.96/tests/join/4b.I1
coreutils-5.96/tests/join/4b.I2
coreutils-5.96/tests/join/4c.I1
coreutils-5.96/tests/join/4c.I2
coreutils-5.96/tests/join/4d.I1
coreutils-5.96/tests/join/4d.I2
coreutils-5.96/tests/join/4e.I1
coreutils-5.96/tests/join/4e.I2
coreutils-5.96/tests/join/5a.I1
coreutils-5.96/tests/join/5a.I2
coreutils-5.96/tests/join/5b.I1
coreutils-5.96/tests/join/5b.I2
coreutils-5.96/tests/join/5c.I1
coreutils-5.96/tests/join/5c.I2
coreutils-5.96/tests/join/5d.I1
coreutils-5.96/tests/join/5d.I2
coreutils-5.96/tests/join/5e.I1
coreutils-5.96/tests/join/5e.I2
coreutils-5.96/tests/join/5f.I1
coreutils-5.96/tests/join/5f.I2
coreutils-5.96/tests/join/5g.I1
coreutils-5.96/tests/join/5g.I2
coreutils-5.96/tests/join/5h.I1
coreutils-5.96/tests/join/5h.I2
coreutils-5.96/tests/join/5i.I1
coreutils-5.96/tests/join/5i.I2
coreutils-5.96/tests/join/5j.I1
coreutils-5.96/tests/join/5j.I2
coreutils-5.96/tests/join/5k.I1
coreutils-5.96/tests/join/5k.I2
coreutils-5.96/tests/join/5l.I1
coreutils-5.96/tests/join/6a.I1
coreutils-5.96/tests/join/5l.I2
coreutils-5.96/tests/join/6a.I2
coreutils-5.96/tests/join/5m.I1
coreutils-5.96/tests/join/6b.I1
coreutils-5.96/tests/join/5m.I2
coreutils-5.96/tests/join/6b.I2
coreutils-5.96/tests/join/6c.I1
coreutils-5.96/tests/join/6c.I2
coreutils-5.96/tests/join/7a.I1
coreutils-5.96/tests/join/7a.I2
coreutils-5.96/tests/join/8a.I1
coreutils-5.96/tests/join/8a.I2
coreutils-5.96/tests/join/8b.I1
coreutils-5.96/tests/join/8b.I2
coreutils-5.96/tests/join/9a.I1
coreutils-5.96/tests/join/9a.I2
coreutils-5.96/tests/join/trailing-sp.I1
coreutils-5.96/tests/join/trailing-sp.I2
coreutils-5.96/tests/join/trailing-sp.X
coreutils-5.96/tests/join/sp-vs-blank.I1
coreutils-5.96/tests/join/sp-vs-blank.I2
coreutils-5.96/tests/join/sp-vs-blank.X
coreutils-5.96/tests/join/Makefile.am
coreutils-5.96/tests/join/Makefile.in
coreutils-5.96/tests/join/join-tests
coreutils-5.96/tests/join/Test.pm
coreutils-5.96/tests/join/invalid-j.X
coreutils-5.96/tests/join/8-bit-t.I1
coreutils-5.96/tests/join/8-bit-t.I2
coreutils-5.96/tests/join/8-bit-t.X
coreutils-5.96/tests/ls-2/
coreutils-5.96/tests/ls-2/tests
coreutils-5.96/tests/ls-2/Makefile.am
coreutils-5.96/tests/ls-2/Makefile.in
coreutils-5.96/tests/misc/
coreutils-5.96/tests/misc/nl
coreutils-5.96/tests/misc/pwd
coreutils-5.96/tests/misc/date
coreutils-5.96/tests/misc/fold
coreutils-5.96/tests/misc/nice
coreutils-5.96/tests/misc/sort
coreutils-5.96/tests/misc/stat-printf
coreutils-5.96/tests/misc/date-sec
coreutils-5.96/tests/misc/head-elide-tail
coreutils-5.96/tests/misc/false
coreutils-5.96/tests/misc/nohup
coreutils-5.96/tests/misc/tac-continue
coreutils-5.96/tests/misc/pathchk1
coreutils-5.96/tests/misc/split-a
coreutils-5.96/tests/misc/split-l
coreutils-5.96/tests/misc/csplit
coreutils-5.96/tests/misc/split-fail
coreutils-5.96/tests/misc/expand
coreutils-5.96/tests/misc/head-c
coreutils-5.96/tests/misc/Makefile.am
coreutils-5.96/tests/misc/Makefile.in
coreutils-5.96/tests/misc/tty-eof
coreutils-5.96/tests/misc/printf
coreutils-5.96/tests/misc/paste-no-nl
coreutils-5.96/tests/misc/stat-fmt
coreutils-5.96/tests/misc/head-pos
coreutils-5.96/tests/misc/printf-hex
coreutils-5.96/tests/misc/close-stdout
coreutils-5.96/tests/tail/
coreutils-5.96/tests/tail/c2.I
coreutils-5.96/tests/tail/c2.X
coreutils-5.96/tests/tail/obs-plus-c1.I
coreutils-5.96/tests/tail/obs-plus-c1.X
coreutils-5.96/tests/tail/obs-plus-c2.I
coreutils-5.96/tests/tail/obs-plus-c2.X
coreutils-5.96/tests/tail/obs-plus-l4.I
coreutils-5.96/tests/tail/obs-plus-l4.X
coreutils-5.96/tests/tail/obs-plus-l5.I
coreutils-5.96/tests/tail/obs-plus-l5.X
coreutils-5.96/tests/tail/obs-plus-x1.I
coreutils-5.96/tests/tail/obs-plus-x1.X
coreutils-5.96/tests/tail/obs-plus-x2.I
coreutils-5.96/tests/tail/obs-plus-x2.X
coreutils-5.96/tests/tail/c-2.I
coreutils-5.96/tests/tail/c-2.X
coreutils-5.96/tests/tail/f-1.I
coreutils-5.96/tests/tail/f-1.X
coreutils-5.96/tests/tail/n-1.I
coreutils-5.96/tests/tail/n-1.X
coreutils-5.96/tests/tail/n-2.I
coreutils-5.96/tests/tail/n-2.X
coreutils-5.96/tests/tail/n-3.I
coreutils-5.96/tests/tail/n-3.X
coreutils-5.96/tests/tail/n-4.I
coreutils-5.96/tests/tail/n-4.X
coreutils-5.96/tests/tail/n-5.I
coreutils-5.96/tests/tail/n-5.X
coreutils-5.96/tests/tail/c2-minus.I
coreutils-5.96/tests/tail/c2-minus.X
coreutils-5.96/tests/tail/err-1.I
coreutils-5.96/tests/tail/err-1.X
coreutils-5.96/tests/tail/err-2.I
coreutils-5.96/tests/tail/err-2.X
coreutils-5.96/tests/tail/err-3.I
coreutils-5.96/tests/tail/err-3.X
coreutils-5.96/tests/tail/err-4.I
coreutils-5.96/tests/tail/err-4.X
coreutils-5.96/tests/tail/err-5.I
coreutils-5.96/tests/tail/err-5.X
coreutils-5.96/tests/tail/err-6.I
coreutils-5.96/tests/tail/err-6.X
coreutils-5.96/tests/tail/Makefile.am
coreutils-5.96/tests/tail/Makefile.in
coreutils-5.96/tests/tail/n-4a.I
coreutils-5.96/tests/tail/n-4a.X
coreutils-5.96/tests/tail/n-5a.I
coreutils-5.96/tests/tail/n-5a.X
coreutils-5.96/tests/tail/n-5b.I
coreutils-5.96/tests/tail/n-5b.X
coreutils-5.96/tests/tail/minus-1.I
coreutils-5.96/tests/tail/minus-1.X
coreutils-5.96/tests/tail/minus-2.I
coreutils-5.96/tests/tail/minus-2.X
coreutils-5.96/tests/tail/obs-1.I
coreutils-5.96/tests/tail/obs-1.X
coreutils-5.96/tests/tail/obs-2.I
coreutils-5.96/tests/tail/obs-2.X
coreutils-5.96/tests/tail/obs-3.I
coreutils-5.96/tests/tail/obs-3.X
coreutils-5.96/tests/tail/obs-b.I
coreutils-5.96/tests/tail/obs-b.X
coreutils-5.96/tests/tail/obs-l.I
coreutils-5.96/tests/tail/obs-l.X
coreutils-5.96/tests/tail/obs-plus-4.I
coreutils-5.96/tests/tail/obs-plus-4.X
coreutils-5.96/tests/tail/obs-plus-5.I
coreutils-5.96/tests/tail/obs-plus-5.X
coreutils-5.96/tests/tail/c-2-minus.I
coreutils-5.96/tests/tail/c-2-minus.X
coreutils-5.96/tests/tail/Test.pm
coreutils-5.96/tests/tail/obs-c3.I
coreutils-5.96/tests/tail/obs-c3.X
coreutils-5.96/tests/tail/obs-c4.I
coreutils-5.96/tests/tail/obs-c4.X
coreutils-5.96/tests/tail/obs-c5.I
coreutils-5.96/tests/tail/obs-c5.X
coreutils-5.96/tests/tail/obs-l1.I
coreutils-5.96/tests/tail/obs-l1.X
coreutils-5.96/tests/tail/obs-l2.I
coreutils-5.96/tests/tail/obs-l2.X
coreutils-5.96/tests/tail/obs-l3.I
coreutils-5.96/tests/tail/obs-l3.X
coreutils-5.96/tests/tail/tail-tests
coreutils-5.96/tests/sort/
coreutils-5.96/tests/sort/17.I
coreutils-5.96/tests/sort/17.X
coreutils-5.96/tests/sort/n1.I
coreutils-5.96/tests/sort/n1.X
coreutils-5.96/tests/sort/n2.I
coreutils-5.96/tests/sort/n2.X
coreutils-5.96/tests/sort/n3.I
coreutils-5.96/tests/sort/n3.X
coreutils-5.96/tests/sort/n4.I
coreutils-5.96/tests/sort/n4.X
coreutils-5.96/tests/sort/n5.I
coreutils-5.96/tests/sort/n5.X
coreutils-5.96/tests/sort/n6.I
coreutils-5.96/tests/sort/n6.X
coreutils-5.96/tests/sort/n7.I
coreutils-5.96/tests/sort/n7.X
coreutils-5.96/tests/sort/o2.I
coreutils-5.96/tests/sort/o2.X
coreutils-5.96/tests/sort/01a.I
coreutils-5.96/tests/sort/01a.X
coreutils-5.96/tests/sort/02a.I
coreutils-5.96/tests/sort/02a.X
coreutils-5.96/tests/sort/02b.I
coreutils-5.96/tests/sort/02b.X
coreutils-5.96/tests/sort/02c.I
coreutils-5.96/tests/sort/02c.X
coreutils-5.96/tests/sort/03a.I
coreutils-5.96/tests/sort/03a.X
coreutils-5.96/tests/sort/02m.I
coreutils-5.96/tests/sort/03b.I
coreutils-5.96/tests/sort/02m.X
coreutils-5.96/tests/sort/03b.X
coreutils-5.96/tests/sort/02n.I
coreutils-5.96/tests/sort/03c.I
coreutils-5.96/tests/sort/02n.X
coreutils-5.96/tests/sort/03c.X
coreutils-5.96/tests/sort/02o.I
coreutils-5.96/tests/sort/03d.I
coreutils-5.96/tests/sort/02o.X
coreutils-5.96/tests/sort/03d.X
coreutils-5.96/tests/sort/03e.I
coreutils-5.96/tests/sort/02p.I
coreutils-5.96/tests/sort/03e.X
coreutils-5.96/tests/sort/02p.X
coreutils-5.96/tests/sort/03f.I
coreutils-5.96/tests/sort/03f.X
coreutils-5.96/tests/sort/03g.I
coreutils-5.96/tests/sort/03g.X
coreutils-5.96/tests/sort/03h.I
coreutils-5.96/tests/sort/03h.X
coreutils-5.96/tests/sort/03i.I
coreutils-5.96/tests/sort/03i.X
coreutils-5.96/tests/sort/04a.I
coreutils-5.96/tests/sort/04a.X
coreutils-5.96/tests/sort/04b.I
coreutils-5.96/tests/sort/04b.X
coreutils-5.96/tests/sort/04c.I
coreutils-5.96/tests/sort/04c.X
coreutils-5.96/tests/sort/04d.I
coreutils-5.96/tests/sort/04d.X
coreutils-5.96/tests/sort/04e.I
coreutils-5.96/tests/sort/04e.X
coreutils-5.96/tests/sort/05a.I
coreutils-5.96/tests/sort/05a.X
coreutils-5.96/tests/sort/05b.I
coreutils-5.96/tests/sort/05b.X
coreutils-5.96/tests/sort/05c.I
coreutils-5.96/tests/sort/05c.X
coreutils-5.96/tests/sort/05d.I
coreutils-5.96/tests/sort/05d.X
coreutils-5.96/tests/sort/05e.I
coreutils-5.96/tests/sort/05e.X
coreutils-5.96/tests/sort/05f.I
coreutils-5.96/tests/sort/05f.X
coreutils-5.96/tests/sort/06a.I
coreutils-5.96/tests/sort/06a.X
coreutils-5.96/tests/sort/06b.I
coreutils-5.96/tests/sort/06b.X
coreutils-5.96/tests/sort/06c.I
coreutils-5.96/tests/sort/06c.X
coreutils-5.96/tests/sort/06d.I
coreutils-5.96/tests/sort/06d.X
coreutils-5.96/tests/sort/06e.I
coreutils-5.96/tests/sort/06e.X
coreutils-5.96/tests/sort/06f.I
coreutils-5.96/tests/sort/06f.X
coreutils-5.96/tests/sort/07a.I
coreutils-5.96/tests/sort/07a.X
coreutils-5.96/tests/sort/07b.I
coreutils-5.96/tests/sort/07b.X
coreutils-5.96/tests/sort/07c.I
coreutils-5.96/tests/sort/07c.X
coreutils-5.96/tests/sort/07d.I
coreutils-5.96/tests/sort/07d.X
coreutils-5.96/tests/sort/08a.I
coreutils-5.96/tests/sort/08a.X
coreutils-5.96/tests/sort/08b.I
coreutils-5.96/tests/sort/08b.X
coreutils-5.96/tests/sort/09a.I
coreutils-5.96/tests/sort/09a.X
coreutils-5.96/tests/sort/09b.I
coreutils-5.96/tests/sort/09b.X
coreutils-5.96/tests/sort/09c.I
coreutils-5.96/tests/sort/09c.X
coreutils-5.96/tests/sort/09d.I
coreutils-5.96/tests/sort/09d.X
coreutils-5.96/tests/sort/10a.I
coreutils-5.96/tests/sort/10a.X
coreutils-5.96/tests/sort/10b.I
coreutils-5.96/tests/sort/10b.X
coreutils-5.96/tests/sort/10c.I
coreutils-5.96/tests/sort/10c.X
coreutils-5.96/tests/sort/10d.I
coreutils-5.96/tests/sort/10d.X
coreutils-5.96/tests/sort/10e.I
coreutils-5.96/tests/sort/10e.X
coreutils-5.96/tests/sort/10f.I
coreutils-5.96/tests/sort/10f.X
coreutils-5.96/tests/sort/10g.I
coreutils-5.96/tests/sort/10g.X
coreutils-5.96/tests/sort/11a.I
coreutils-5.96/tests/sort/11a.X
coreutils-5.96/tests/sort/11b.I
coreutils-5.96/tests/sort/11b.X
coreutils-5.96/tests/sort/11c.I
coreutils-5.96/tests/sort/11c.X
coreutils-5.96/tests/sort/11d.I
coreutils-5.96/tests/sort/11d.X
coreutils-5.96/tests/sort/12a.I
coreutils-5.96/tests/sort/12a.X
coreutils-5.96/tests/sort/12b.I
coreutils-5.96/tests/sort/12b.X
coreutils-5.96/tests/sort/12c.I
coreutils-5.96/tests/sort/12c.X
coreutils-5.96/tests/sort/12d.I
coreutils-5.96/tests/sort/12d.X
coreutils-5.96/tests/sort/13a.I
coreutils-5.96/tests/sort/13a.X
coreutils-5.96/tests/sort/13b.I
coreutils-5.96/tests/sort/13b.X
coreutils-5.96/tests/sort/14a.I
coreutils-5.96/tests/sort/14a.X
coreutils-5.96/tests/sort/14b.I
coreutils-5.96/tests/sort/14b.X
coreutils-5.96/tests/sort/15a.I
coreutils-5.96/tests/sort/15a.X
coreutils-5.96/tests/sort/15b.I
coreutils-5.96/tests/sort/15b.X
coreutils-5.96/tests/sort/15c.I
coreutils-5.96/tests/sort/15c.X
coreutils-5.96/tests/sort/15d.I
coreutils-5.96/tests/sort/15d.X
coreutils-5.96/tests/sort/15e.I
coreutils-5.96/tests/sort/15e.X
coreutils-5.96/tests/sort/16a.I
coreutils-5.96/tests/sort/16a.X
coreutils-5.96/tests/sort/18a.I
coreutils-5.96/tests/sort/18a.X
coreutils-5.96/tests/sort/18b.I
coreutils-5.96/tests/sort/18b.X
coreutils-5.96/tests/sort/18c.I
coreutils-5.96/tests/sort/18c.X
coreutils-5.96/tests/sort/18d.I
coreutils-5.96/tests/sort/18d.X
coreutils-5.96/tests/sort/18e.I
coreutils-5.96/tests/sort/18e.X
coreutils-5.96/tests/sort/19a.I
coreutils-5.96/tests/sort/19a.X
coreutils-5.96/tests/sort/19b.I
coreutils-5.96/tests/sort/19b.X
coreutils-5.96/tests/sort/20a.I
coreutils-5.96/tests/sort/20a.X
coreutils-5.96/tests/sort/21a.I
coreutils-5.96/tests/sort/21a.X
coreutils-5.96/tests/sort/21b.I
coreutils-5.96/tests/sort/21b.X
coreutils-5.96/tests/sort/21c.I
coreutils-5.96/tests/sort/21c.X
coreutils-5.96/tests/sort/21d.I
coreutils-5.96/tests/sort/21d.X
coreutils-5.96/tests/sort/21e.I
coreutils-5.96/tests/sort/21e.X
coreutils-5.96/tests/sort/21f.I
coreutils-5.96/tests/sort/21f.X
coreutils-5.96/tests/sort/21g.I
coreutils-5.96/tests/sort/21g.X
coreutils-5.96/tests/sort/22a.I
coreutils-5.96/tests/sort/22a.X
coreutils-5.96/tests/sort/22b.I
coreutils-5.96/tests/sort/22b.X
coreutils-5.96/tests/sort/nul-nls.I
coreutils-5.96/tests/sort/nul-nls.X
coreutils-5.96/tests/sort/nul-tab.I
coreutils-5.96/tests/sort/nul-tab.X
coreutils-5.96/tests/sort/o-no-file1.X
coreutils-5.96/tests/sort/n8a.I
coreutils-5.96/tests/sort/n8a.X
coreutils-5.96/tests/sort/n8b.I
coreutils-5.96/tests/sort/n8b.X
coreutils-5.96/tests/sort/n9a.I
coreutils-5.96/tests/sort/n9a.X
coreutils-5.96/tests/sort/n9b.I
coreutils-5.96/tests/sort/n9b.X
coreutils-5.96/tests/sort/sort-tests
coreutils-5.96/tests/sort/create-empty.X
coreutils-5.96/tests/sort/Makefile.am
coreutils-5.96/tests/sort/Makefile.in
coreutils-5.96/tests/sort/n10a.I
coreutils-5.96/tests/sort/n10a.X
coreutils-5.96/tests/sort/n10b.I
coreutils-5.96/tests/sort/n10b.X
coreutils-5.96/tests/sort/n11a.I
coreutils-5.96/tests/sort/n11a.X
coreutils-5.96/tests/sort/n11b.I
coreutils-5.96/tests/sort/n11b.X
coreutils-5.96/tests/sort/10a0.I
coreutils-5.96/tests/sort/10a0.X
coreutils-5.96/tests/sort/10a1.I
coreutils-5.96/tests/sort/10a1.X
coreutils-5.96/tests/sort/10a2.I
coreutils-5.96/tests/sort/10a2.X
coreutils-5.96/tests/sort/use-nl.I
coreutils-5.96/tests/sort/use-nl.X
coreutils-5.96/tests/sort/Test.pm
coreutils-5.96/tests/sort/neg-nls.I
coreutils-5.96/tests/sort/neg-nls.X
coreutils-5.96/tests/sort/no-file1.X
coreutils-5.96/tests/test/
coreutils-5.96/tests/test/NP-eq-1.X
coreutils-5.96/tests/test/NP-eq-2.X
coreutils-5.96/tests/test/NP-eq-3.X
coreutils-5.96/tests/test/NP-eq-4.X
coreutils-5.96/tests/test/NP-eq-5.X
coreutils-5.96/tests/test/NP-eq-6.X
coreutils-5.96/tests/test/N-eq-1.X
coreutils-5.96/tests/test/N-eq-2.X
coreutils-5.96/tests/test/N-eq-3.X
coreutils-5.96/tests/test/N-eq-4.X
coreutils-5.96/tests/test/N-eq-5.X
coreutils-5.96/tests/test/N-eq-6.X
coreutils-5.96/tests/test/1a.X
coreutils-5.96/tests/test/1b.X
coreutils-5.96/tests/test/1c.X
coreutils-5.96/tests/test/1d.X
coreutils-5.96/tests/test/1e.X
coreutils-5.96/tests/test/1f.X
coreutils-5.96/tests/test/1g.X
coreutils-5.96/tests/test/1h.X
coreutils-5.96/tests/test/1i.X
coreutils-5.96/tests/test/1j.X
coreutils-5.96/tests/test/1k.X
coreutils-5.96/tests/test/t1.X
coreutils-5.96/tests/test/t2.X
coreutils-5.96/tests/test/NP-gt-1.X
coreutils-5.96/tests/test/NP-gt-2.X
coreutils-5.96/tests/test/NP-gt-3.X
coreutils-5.96/tests/test/NP-gt-4.X
coreutils-5.96/tests/test/NP-gt-5.X
coreutils-5.96/tests/test/N-gt-1.X
coreutils-5.96/tests/test/N-gt-2.X
coreutils-5.96/tests/test/N-gt-3.X
coreutils-5.96/tests/test/N-gt-4.X
coreutils-5.96/tests/test/N-gt-5.X
coreutils-5.96/tests/test/streq-1.X
coreutils-5.96/tests/test/streq-2.X
coreutils-5.96/tests/test/streq-3.X
coreutils-5.96/tests/test/streq-4.X
coreutils-5.96/tests/test/streq-5.X
coreutils-5.96/tests/test/streq-6.X
coreutils-5.96/tests/test/N-1b.X
coreutils-5.96/tests/test/N-1c.X
coreutils-5.96/tests/test/N-1d.X
coreutils-5.96/tests/test/N-1e.X
coreutils-5.96/tests/test/N-1f.X
coreutils-5.96/tests/test/N-1g.X
coreutils-5.96/tests/test/N-1h.X
coreutils-5.96/tests/test/N-1i.X
coreutils-5.96/tests/test/N-1j.X
coreutils-5.96/tests/test/N-1k.X
coreutils-5.96/tests/test/NP-lt-1.X
coreutils-5.96/tests/test/NP-lt-2.X
coreutils-5.96/tests/test/NP-lt-3.X
coreutils-5.96/tests/test/NP-lt-4.X
coreutils-5.96/tests/test/NP-lt-5.X
coreutils-5.96/tests/test/N-t1.X
coreutils-5.96/tests/test/N-t2.X
coreutils-5.96/tests/test/N-lt-1.X
coreutils-5.96/tests/test/N-lt-2.X
coreutils-5.96/tests/test/N-lt-3.X
coreutils-5.96/tests/test/N-lt-4.X
coreutils-5.96/tests/test/N-lt-5.X
coreutils-5.96/tests/test/P-1b.X
coreutils-5.96/tests/test/P-1c.X
coreutils-5.96/tests/test/P-1d.X
coreutils-5.96/tests/test/P-1e.X
coreutils-5.96/tests/test/P-1f.X
coreutils-5.96/tests/test/P-1g.X
coreutils-5.96/tests/test/P-1h.X
coreutils-5.96/tests/test/P-1i.X
coreutils-5.96/tests/test/P-1j.X
coreutils-5.96/tests/test/P-1k.X
coreutils-5.96/tests/test/P-t1.X
coreutils-5.96/tests/test/P-t2.X
coreutils-5.96/tests/test/NP-or-1.X
coreutils-5.96/tests/test/NP-or-2.X
coreutils-5.96/tests/test/NP-or-3.X
coreutils-5.96/tests/test/NP-or-4.X
coreutils-5.96/tests/test/N-or-1.X
coreutils-5.96/tests/test/N-or-2.X
coreutils-5.96/tests/test/N-or-3.X
coreutils-5.96/tests/test/N-or-4.X
coreutils-5.96/tests/test/strne-1.X
coreutils-5.96/tests/test/strne-2.X
coreutils-5.96/tests/test/strne-3.X
coreutils-5.96/tests/test/strne-4.X
coreutils-5.96/tests/test/strne-5.X
coreutils-5.96/tests/test/strne-6.X
coreutils-5.96/tests/test/N-paren-1.X
coreutils-5.96/tests/test/N-paren-2.X
coreutils-5.96/tests/test/N-paren-3.X
coreutils-5.96/tests/test/N-paren-4.X
coreutils-5.96/tests/test/N-paren-5.X
coreutils-5.96/tests/test/P-eq-1.X
coreutils-5.96/tests/test/P-eq-2.X
coreutils-5.96/tests/test/P-eq-3.X
coreutils-5.96/tests/test/P-eq-4.X
coreutils-5.96/tests/test/P-eq-5.X
coreutils-5.96/tests/test/P-eq-6.X
coreutils-5.96/tests/test/P-gt-1.X
coreutils-5.96/tests/test/P-gt-2.X
coreutils-5.96/tests/test/P-gt-3.X
coreutils-5.96/tests/test/P-gt-4.X
coreutils-5.96/tests/test/P-gt-5.X
coreutils-5.96/tests/test/NP-streq-1.X
coreutils-5.96/tests/test/NP-streq-2.X
coreutils-5.96/tests/test/NP-streq-3.X
coreutils-5.96/tests/test/NP-streq-4.X
coreutils-5.96/tests/test/NP-streq-5.X
coreutils-5.96/tests/test/NNP-streq-1.X
coreutils-5.96/tests/test/NNP-streq-2.X
coreutils-5.96/tests/test/NNP-streq-3.X
coreutils-5.96/tests/test/NNP-streq-4.X
coreutils-5.96/tests/test/NNP-streq-5.X
coreutils-5.96/tests/test/P-lt-1.X
coreutils-5.96/tests/test/P-lt-2.X
coreutils-5.96/tests/test/P-lt-3.X
coreutils-5.96/tests/test/P-lt-4.X
coreutils-5.96/tests/test/P-lt-5.X
coreutils-5.96/tests/test/N-streq-1.X
coreutils-5.96/tests/test/N-streq-2.X
coreutils-5.96/tests/test/N-streq-3.X
coreutils-5.96/tests/test/N-streq-4.X
coreutils-5.96/tests/test/N-streq-5.X
coreutils-5.96/tests/test/N-streq-6.X
coreutils-5.96/tests/test/test-tests
coreutils-5.96/tests/test/NNP-and-1.X
coreutils-5.96/tests/test/NNP-and-2.X
coreutils-5.96/tests/test/NNP-and-3.X
coreutils-5.96/tests/test/NNP-and-4.X
coreutils-5.96/tests/test/P-or-1.X
coreutils-5.96/tests/test/P-or-2.X
coreutils-5.96/tests/test/P-or-3.X
coreutils-5.96/tests/test/P-or-4.X
coreutils-5.96/tests/test/NP-and-1.X
coreutils-5.96/tests/test/NP-and-2.X
coreutils-5.96/tests/test/NP-and-3.X
coreutils-5.96/tests/test/NP-and-4.X
coreutils-5.96/tests/test/NNP-1b.X
coreutils-5.96/tests/test/NNP-1c.X
coreutils-5.96/tests/test/NNP-1d.X
coreutils-5.96/tests/test/NNP-1e.X
coreutils-5.96/tests/test/NNP-1f.X
coreutils-5.96/tests/test/NNP-1g.X
coreutils-5.96/tests/test/NNP-1h.X
coreutils-5.96/tests/test/NNP-1i.X
coreutils-5.96/tests/test/NNP-1j.X
coreutils-5.96/tests/test/NNP-1k.X
coreutils-5.96/tests/test/NNP-t1.X
coreutils-5.96/tests/test/NNP-t2.X
coreutils-5.96/tests/test/NP-strne-1.X
coreutils-5.96/tests/test/NP-strne-2.X
coreutils-5.96/tests/test/NP-strne-3.X
coreutils-5.96/tests/test/NP-strne-4.X
coreutils-5.96/tests/test/NP-strne-5.X
coreutils-5.96/tests/test/NNP-strne-1.X
coreutils-5.96/tests/test/NNP-strne-2.X
coreutils-5.96/tests/test/NNP-strne-3.X
coreutils-5.96/tests/test/NNP-strne-4.X
coreutils-5.96/tests/test/NNP-strne-5.X
coreutils-5.96/tests/test/eq-1.X
coreutils-5.96/tests/test/eq-2.X
coreutils-5.96/tests/test/eq-3.X
coreutils-5.96/tests/test/eq-4.X
coreutils-5.96/tests/test/eq-5.X
coreutils-5.96/tests/test/eq-6.X
coreutils-5.96/tests/test/NP-1b.X
coreutils-5.96/tests/test/NP-1c.X
coreutils-5.96/tests/test/NP-1d.X
coreutils-5.96/tests/test/NP-1e.X
coreutils-5.96/tests/test/NP-1f.X
coreutils-5.96/tests/test/NP-1g.X
coreutils-5.96/tests/test/NP-1h.X
coreutils-5.96/tests/test/NP-1i.X
coreutils-5.96/tests/test/NP-1j.X
coreutils-5.96/tests/test/NP-1k.X
coreutils-5.96/tests/test/NP-t1.X
coreutils-5.96/tests/test/NP-t2.X
coreutils-5.96/tests/test/ge-1.X
coreutils-5.96/tests/test/ge-2.X
coreutils-5.96/tests/test/ge-3.X
coreutils-5.96/tests/test/ge-4.X
coreutils-5.96/tests/test/ge-5.X
coreutils-5.96/tests/test/N-and-1.X
coreutils-5.96/tests/test/N-and-2.X
coreutils-5.96/tests/test/N-and-3.X
coreutils-5.96/tests/test/N-and-4.X
coreutils-5.96/tests/test/N-strne-1.X
coreutils-5.96/tests/test/N-strne-2.X
coreutils-5.96/tests/test/N-strne-3.X
coreutils-5.96/tests/test/N-strne-4.X
coreutils-5.96/tests/test/N-strne-5.X
coreutils-5.96/tests/test/N-strne-6.X
coreutils-5.96/tests/test/gt-1.X
coreutils-5.96/tests/test/gt-2.X
coreutils-5.96/tests/test/gt-3.X
coreutils-5.96/tests/test/gt-4.X
coreutils-5.96/tests/test/gt-5.X
coreutils-5.96/tests/test/Makefile.am
coreutils-5.96/tests/test/Makefile.in
coreutils-5.96/tests/test/le-1.X
coreutils-5.96/tests/test/le-2.X
coreutils-5.96/tests/test/le-3.X
coreutils-5.96/tests/test/le-4.X
coreutils-5.96/tests/test/le-5.X
coreutils-5.96/tests/test/lt-1.X
coreutils-5.96/tests/test/lt-2.X
coreutils-5.96/tests/test/lt-3.X
coreutils-5.96/tests/test/lt-4.X
coreutils-5.96/tests/test/lt-5.X
coreutils-5.96/tests/test/ne-1.X
coreutils-5.96/tests/test/ne-2.X
coreutils-5.96/tests/test/ne-3.X
coreutils-5.96/tests/test/ne-4.X
coreutils-5.96/tests/test/ne-5.X
coreutils-5.96/tests/test/ne-6.X
coreutils-5.96/tests/test/or-1.X
coreutils-5.96/tests/test/or-2.X
coreutils-5.96/tests/test/or-3.X
coreutils-5.96/tests/test/or-4.X
coreutils-5.96/tests/test/and-1.X
coreutils-5.96/tests/test/and-2.X
coreutils-5.96/tests/test/and-3.X
coreutils-5.96/tests/test/and-4.X
coreutils-5.96/tests/test/NNP-eq-1.X
coreutils-5.96/tests/test/NNP-eq-2.X
coreutils-5.96/tests/test/NNP-eq-3.X
coreutils-5.96/tests/test/NNP-eq-4.X
coreutils-5.96/tests/test/NNP-eq-5.X
coreutils-5.96/tests/test/NNP-eq-6.X
coreutils-5.96/tests/test/P-and-1.X
coreutils-5.96/tests/test/P-and-2.X
coreutils-5.96/tests/test/P-and-3.X
coreutils-5.96/tests/test/P-and-4.X
coreutils-5.96/tests/test/P-streq-1.X
coreutils-5.96/tests/test/P-streq-2.X
coreutils-5.96/tests/test/P-streq-3.X
coreutils-5.96/tests/test/P-streq-4.X
coreutils-5.96/tests/test/P-streq-5.X
coreutils-5.96/tests/test/Test.pm
coreutils-5.96/tests/test/NNP-gt-1.X
coreutils-5.96/tests/test/NNP-gt-2.X
coreutils-5.96/tests/test/NNP-gt-3.X
coreutils-5.96/tests/test/NNP-gt-4.X
coreutils-5.96/tests/test/NNP-gt-5.X
coreutils-5.96/tests/test/NNP-lt-1.X
coreutils-5.96/tests/test/NNP-lt-2.X
coreutils-5.96/tests/test/NNP-lt-3.X
coreutils-5.96/tests/test/NNP-lt-4.X
coreutils-5.96/tests/test/NNP-lt-5.X
coreutils-5.96/tests/test/P-strne-1.X
coreutils-5.96/tests/test/P-strne-2.X
coreutils-5.96/tests/test/P-strne-3.X
coreutils-5.96/tests/test/P-strne-4.X
coreutils-5.96/tests/test/P-strne-5.X
coreutils-5.96/tests/test/NNP-or-1.X
coreutils-5.96/tests/test/NNP-or-2.X
coreutils-5.96/tests/test/NNP-or-3.X
coreutils-5.96/tests/test/NNP-or-4.X
coreutils-5.96/tests/test/inv-1.X
coreutils-5.96/tests/test/paren-1.X
coreutils-5.96/tests/test/paren-2.X
coreutils-5.96/tests/test/paren-3.X
coreutils-5.96/tests/test/paren-4.X
coreutils-5.96/tests/test/paren-5.X
coreutils-5.96/tests/stty/
coreutils-5.96/tests/stty/row-col-1
coreutils-5.96/tests/stty/Makefile.am
coreutils-5.96/tests/stty/Makefile.in
coreutils-5.96/tests/stty/basic-1
coreutils-5.96/tests/uniq/
coreutils-5.96/tests/uniq/1.I
coreutils-5.96/tests/uniq/1.X
coreutils-5.96/tests/uniq/2.I
coreutils-5.96/tests/uniq/2.X
coreutils-5.96/tests/uniq/3.I
coreutils-5.96/tests/uniq/3.X
coreutils-5.96/tests/uniq/4.I
coreutils-5.96/tests/uniq/4.X
coreutils-5.96/tests/uniq/5.I
coreutils-5.96/tests/uniq/5.X
coreutils-5.96/tests/uniq/6.I
coreutils-5.96/tests/uniq/6.X
coreutils-5.96/tests/uniq/7.I
coreutils-5.96/tests/uniq/7.X
coreutils-5.96/tests/uniq/8.I
coreutils-5.96/tests/uniq/8.X
coreutils-5.96/tests/uniq/9.I
coreutils-5.96/tests/uniq/9.X
coreutils-5.96/tests/uniq/10.I
coreutils-5.96/tests/uniq/10.X
coreutils-5.96/tests/uniq/11.I
coreutils-5.96/tests/uniq/11.X
coreutils-5.96/tests/uniq/12.I
coreutils-5.96/tests/uniq/12.X
coreutils-5.96/tests/uniq/13.I
coreutils-5.96/tests/uniq/13.X
coreutils-5.96/tests/uniq/20.I
coreutils-5.96/tests/uniq/20.X
coreutils-5.96/tests/uniq/21.I
coreutils-5.96/tests/uniq/21.X
coreutils-5.96/tests/uniq/22.I
coreutils-5.96/tests/uniq/22.X
coreutils-5.96/tests/uniq/23.I
coreutils-5.96/tests/uniq/23.X
coreutils-5.96/tests/uniq/31.I
coreutils-5.96/tests/uniq/31.X
coreutils-5.96/tests/uniq/32.I
coreutils-5.96/tests/uniq/32.X
coreutils-5.96/tests/uniq/33.I
coreutils-5.96/tests/uniq/33.X
coreutils-5.96/tests/uniq/34.I
coreutils-5.96/tests/uniq/34.X
coreutils-5.96/tests/uniq/35.I
coreutils-5.96/tests/uniq/35.X
coreutils-5.96/tests/uniq/42.I
coreutils-5.96/tests/uniq/42.X
coreutils-5.96/tests/uniq/43.I
coreutils-5.96/tests/uniq/43.X
coreutils-5.96/tests/uniq/50.I
coreutils-5.96/tests/uniq/50.X
coreutils-5.96/tests/uniq/51.I
coreutils-5.96/tests/uniq/51.X
coreutils-5.96/tests/uniq/52.I
coreutils-5.96/tests/uniq/52.X
coreutils-5.96/tests/uniq/53.I
coreutils-5.96/tests/uniq/53.X
coreutils-5.96/tests/uniq/54.I
coreutils-5.96/tests/uniq/54.X
coreutils-5.96/tests/uniq/55.I
coreutils-5.96/tests/uniq/55.X
coreutils-5.96/tests/uniq/56.I
coreutils-5.96/tests/uniq/56.X
coreutils-5.96/tests/uniq/57.I
coreutils-5.96/tests/uniq/57.X
coreutils-5.96/tests/uniq/60.I
coreutils-5.96/tests/uniq/60.X
coreutils-5.96/tests/uniq/61.I
coreutils-5.96/tests/uniq/61.X
coreutils-5.96/tests/uniq/62.I
coreutils-5.96/tests/uniq/62.X
coreutils-5.96/tests/uniq/63.I
coreutils-5.96/tests/uniq/63.X
coreutils-5.96/tests/uniq/64.I
coreutils-5.96/tests/uniq/64.X
coreutils-5.96/tests/uniq/65.I
coreutils-5.96/tests/uniq/65.X
coreutils-5.96/tests/uniq/90.I
coreutils-5.96/tests/uniq/90.X
coreutils-5.96/tests/uniq/91.I
coreutils-5.96/tests/uniq/91.X
coreutils-5.96/tests/uniq/92.I
coreutils-5.96/tests/uniq/92.X
coreutils-5.96/tests/uniq/93.I
coreutils-5.96/tests/uniq/93.X
coreutils-5.96/tests/uniq/94.I
coreutils-5.96/tests/uniq/94.X
coreutils-5.96/tests/uniq/101.I
coreutils-5.96/tests/uniq/101.X
coreutils-5.96/tests/uniq/102.I
coreutils-5.96/tests/uniq/102.X
coreutils-5.96/tests/uniq/110.I
coreutils-5.96/tests/uniq/110.X
coreutils-5.96/tests/uniq/111.I
coreutils-5.96/tests/uniq/111.X
coreutils-5.96/tests/uniq/112.I
coreutils-5.96/tests/uniq/112.X
coreutils-5.96/tests/uniq/113.I
coreutils-5.96/tests/uniq/113.X
coreutils-5.96/tests/uniq/114.I
coreutils-5.96/tests/uniq/114.X
coreutils-5.96/tests/uniq/115.I
coreutils-5.96/tests/uniq/115.X
coreutils-5.96/tests/uniq/116.I
coreutils-5.96/tests/uniq/116.X
coreutils-5.96/tests/uniq/117.I
coreutils-5.96/tests/uniq/117.X
coreutils-5.96/tests/uniq/118.I
coreutils-5.96/tests/uniq/118.X
coreutils-5.96/tests/uniq/119.I
coreutils-5.96/tests/uniq/119.X
coreutils-5.96/tests/uniq/120.I
coreutils-5.96/tests/uniq/120.X
coreutils-5.96/tests/uniq/uniq-tests
coreutils-5.96/tests/uniq/Makefile.am
coreutils-5.96/tests/uniq/Makefile.in
coreutils-5.96/tests/uniq/obs30.I
coreutils-5.96/tests/uniq/obs30.X
coreutils-5.96/tests/uniq/obs-plus40.I
coreutils-5.96/tests/uniq/obs-plus40.X
coreutils-5.96/tests/uniq/obs-plus41.I
coreutils-5.96/tests/uniq/obs-plus41.X
coreutils-5.96/tests/uniq/obs-plus44.I
coreutils-5.96/tests/uniq/obs-plus44.X
coreutils-5.96/tests/uniq/obs-plus45.I
coreutils-5.96/tests/uniq/obs-plus45.X
coreutils-5.96/tests/uniq/Test.pm
coreutils-5.96/tests/unexpand/
coreutils-5.96/tests/unexpand/Makefile.am
coreutils-5.96/tests/unexpand/Makefile.in
coreutils-5.96/tests/unexpand/basic-1
coreutils-5.96/tests/priv-check
coreutils-5.96/tests/expensive
coreutils-5.96/tests/chgrp/
coreutils-5.96/tests/chgrp/no-x
coreutils-5.96/tests/chgrp/recurse
coreutils-5.96/tests/chgrp/basic
coreutils-5.96/tests/chgrp/deref
coreutils-5.96/tests/chgrp/Makefile.am
coreutils-5.96/tests/chgrp/Makefile.in
coreutils-5.96/tests/chgrp/posix-H
coreutils-5.96/tests/chmod/
coreutils-5.96/tests/chmod/no-x
coreutils-5.96/tests/chmod/octal
coreutils-5.96/tests/chmod/usage
coreutils-5.96/tests/chmod/equal-x
coreutils-5.96/tests/chmod/equals
coreutils-5.96/tests/chmod/Makefile.am
coreutils-5.96/tests/chmod/Makefile.in
coreutils-5.96/tests/chmod/umask-x
coreutils-5.96/tests/chmod/setgid
coreutils-5.96/tests/chmod/c-option
coreutils-5.96/tests/chown/
coreutils-5.96/tests/chown/basic
coreutils-5.96/tests/chown/deref
coreutils-5.96/tests/chown/Makefile.am
coreutils-5.96/tests/chown/Makefile.in
coreutils-5.96/tests/chown/separator
coreutils-5.96/tests/mkdir/
coreutils-5.96/tests/mkdir/p-1
coreutils-5.96/tests/mkdir/p-2
coreutils-5.96/tests/mkdir/p-3
coreutils-5.96/tests/mkdir/perm
coreutils-5.96/tests/mkdir/Makefile.am
coreutils-5.96/tests/mkdir/Makefile.in
coreutils-5.96/tests/mkdir/t-slash
coreutils-5.96/tests/mkdir/p-slashdot
coreutils-5.96/tests/mkdir/special-1
coreutils-5.96/tests/mkdir/parents
coreutils-5.96/tests/rmdir/
coreutils-5.96/tests/rmdir/Makefile.am
coreutils-5.96/tests/rmdir/Makefile.in
coreutils-5.96/tests/rmdir/ignore
coreutils-5.96/tests/rmdir/t-slash
coreutils-5.96/tests/rmdir/fail-perm
coreutils-5.96/tests/shred/
coreutils-5.96/tests/shred/exact
coreutils-5.96/tests/shred/Makefile.am
coreutils-5.96/tests/shred/Makefile.in
coreutils-5.96/tests/shred/remove
coreutils-5.96/tests/touch/
coreutils-5.96/tests/touch/fifo
coreutils-5.96/tests/touch/relative
coreutils-5.96/tests/touch/no-create-missing
coreutils-5.96/tests/touch/dir-1
coreutils-5.96/tests/touch/no-rights
coreutils-5.96/tests/touch/dangling-symlink
coreutils-5.96/tests/touch/empty-file
coreutils-5.96/tests/touch/Makefile.am
coreutils-5.96/tests/touch/Makefile.in
coreutils-5.96/tests/touch/not-owner
coreutils-5.96/tests/touch/fail-diag
coreutils-5.96/tests/touch/read-only
coreutils-5.96/tests/touch/obsolescent
coreutils-5.96/tests/tsort/
coreutils-5.96/tests/tsort/Makefile.am
coreutils-5.96/tests/tsort/Makefile.in
coreutils-5.96/tests/tsort/basic-1
coreutils-5.96/tests/README
coreutils-5.96/tests/mk-script
coreutils-5.96/tests/sha1sum/
coreutils-5.96/tests/sha1sum/sample-vec
coreutils-5.96/tests/sha1sum/Makefile.am
coreutils-5.96/tests/sha1sum/Makefile.in
coreutils-5.96/tests/sha1sum/basic-1
coreutils-5.96/tests/umask-check
coreutils-5.96/tests/Coreutils.pm
coreutils-5.96/tests/group-names
coreutils-5.96/tests/factor/
coreutils-5.96/tests/factor/basic
coreutils-5.96/tests/factor/Makefile.am
coreutils-5.96/tests/factor/Makefile.in
coreutils-5.96/tests/Makefile.am
coreutils-5.96/tests/Makefile.in
coreutils-5.96/tests/input-tty
coreutils-5.96/tests/help-version
coreutils-5.96/tests/md5sum/
coreutils-5.96/tests/md5sum/Makefile.am
coreutils-5.96/tests/md5sum/Makefile.in
coreutils-5.96/tests/md5sum/basic-1
coreutils-5.96/tests/md5sum/newline-1
coreutils-5.96/tests/rwx-to-mode
coreutils-5.96/tests/sample-test
coreutils-5.96/tests/tail-2/
coreutils-5.96/tests/tail-2/assert
coreutils-5.96/tests/tail-2/Makefile.am
coreutils-5.96/tests/tail-2/Makefile.in
coreutils-5.96/tests/tail-2/tail-n0f
coreutils-5.96/tests/tail-2/big-4gb
coreutils-5.96/tests/tail-2/start-middle
coreutils-5.96/tests/tail-2/proc-ksyms
coreutils-5.96/tests/tail-2/assert-2
coreutils-5.96/tests/lang-default
coreutils-5.96/tests/dircolors/
coreutils-5.96/tests/dircolors/Makefile.am
coreutils-5.96/tests/dircolors/Makefile.in
coreutils-5.96/tests/dircolors/simple
coreutils-5.96/tests/.env-warn
coreutils-5.96/tests/readlink/
coreutils-5.96/tests/readlink/rl-1
coreutils-5.96/tests/readlink/can-e
coreutils-5.96/tests/readlink/can-f
coreutils-5.96/tests/readlink/can-m
coreutils-5.96/tests/readlink/Makefile.am
coreutils-5.96/tests/readlink/Makefile.in
coreutils-5.96/tests/install/
coreutils-5.96/tests/install/trap
coreutils-5.96/tests/install/create-leading
coreutils-5.96/tests/install/Makefile.am
coreutils-5.96/tests/install/Makefile.in
coreutils-5.96/tests/install/d-slashdot
coreutils-5.96/tests/install/basic-1
coreutils-5.96/tests/basename/
coreutils-5.96/tests/basename/basic
coreutils-5.96/tests/basename/Makefile.am
coreutils-5.96/tests/basename/Makefile.in
coreutils-5.96/tests/envvar-check
coreutils-5.96/tests/Makefile.am.in
coreutils-5.96/tests/setgid-check
coreutils-5.96/README
coreutils-5.96/THANKS
coreutils-5.96/configure
coreutils-5.96/.prev-version
coreutils-5.96/.x-sc_file_system
coreutils-5.96/configure.ac
coreutils-5.96/THANKS-to-translators
coreutils-5.96/config.hin
coreutils-5.96/announce-gen
coreutils-5.96/.kludge-stamp
coreutils-5.96/Makefile.am
coreutils-5.96/Makefile.in
coreutils-5.96/.x-sc_obsolete_symbols
coreutils-5.96/Makefile.cfg
coreutils-5.96/build-aux/
coreutils-5.96/build-aux/compile
coreutils-5.96/build-aux/depcomp
coreutils-5.96/build-aux/config.guess
coreutils-5.96/build-aux/config.rpath
coreutils-5.96/build-aux/install-sh
coreutils-5.96/build-aux/config.sub
coreutils-5.96/build-aux/missing
coreutils-5.96/build-aux/mkinstalldirs
coreutils-5.96/build-aux/mdate-sh
coreutils-5.96/build-aux/texinfo.tex
coreutils-5.96/build-aux/ChangeLog
coreutils-5.96/GNUmakefile
coreutils-5.96/AUTHORS
coreutils-5.96/.x-sc_no_if_have_config_h
coreutils-5.96/INSTALL
coreutils-5.96/ABOUT-NLS
coreutils-5.96/ChangeLog
coreutils-5.96/.x-sc_unmarked_diagnostics
coreutils-5.96/COPYING
coreutils-5.96/Makefile.maint
coreutils-5.96/THANKStt.in
coreutils-5.96/.x-sc_space_tab
