Applying ../../source/coreutils-5.96-i18n-1.patch...
patching file lib/linebuffer.h
patching file src/cut.c
patching file src/pr.c
patching file src/uniq.c
patching file src/expand.c
patching file src/fold.c
patching file src/join.c
patching file src/unexpand.c
patching file src/sort.c
patching file tests/sort/sort-mb-tests
patching file tests/sort/mb1.I
patching file tests/sort/mb2.I
patching file tests/sort/mb1.X
patching file tests/sort/mb2.X
patching file tests/sort/Makefile.am
patching file tests/sort/Makefile.in
Hunk #1 succeeded at 336 (offset -2 lines).
Applying ../../source/coreutils-5.96-suppress_uptime_kill_su-1.patch...
patching file AUTHORS
patching file Makefile.in
patching file README
patching file configure
Hunk #1 succeeded at 48977 (offset -1441 lines).
patching file man/Makefile.in
Hunk #2 succeeded at 301 (offset -2 lines).
Hunk #4 succeeded at 605 (offset -2 lines).
Hunk #6 succeeded at 651 (offset -2 lines).
patching file src/Makefile.in
Hunk #7 succeeded at 830 (offset -2 lines).
Hunk #9 succeeded at 1212 (offset -2 lines).
Hunk #11 succeeded at 1360 (offset -2 lines).
Applying ../../source/coreutils-5.96-uname-1.patch...
patching file src/uname.c
../../source/coreutils-5.96.tar.bz2, not a patch file, skipping...
