dpkg-deb: building package `coreutils-5.96-1' in `debian.deb'.
 new debian package, version 2.0.
 size 3724894 bytes: control archive= 994 bytes.
     290 bytes,    10 lines      control              
     789 bytes,    18 lines      copyright            
       6 bytes,     1 lines      debian-binary        
     110 bytes,     3 lines   *  postinst             #!/bin/bash
     108 bytes,     3 lines   *  postrm               #!/bin/bash
     111 bytes,     3 lines   *  preinst              #!/bin/bash
     109 bytes,     3 lines   *  prerm                #!/bin/bash
 Package: coreutils-5.96-1
 Version: 1.unpublished
 Section: unknown
 Priority: required
 Architecture: all
 Essential: no
 Depends: aaa-base
 Maintainer: Aethernet support team [support@aethernet.co.uk]
 Provides: coreutils
 Description: Package for showing and setting basic system characteristics
