Found a patch, skipping...
Found a patch, skipping...
./kbd-1.12/
./kbd-1.12/README
./kbd-1.12/rc/
./kbd-1.12/rc/sample.rc
./kbd-1.12/rc/suse-kbd.rc
./kbd-1.12/CHANGES
./kbd-1.12/COPYING
./kbd-1.12/Makefile.in
./kbd-1.12/CREDITS
./kbd-1.12/data/
./kbd-1.12/data/consolefonts/
./kbd-1.12/data/consolefonts/Agafari-12.psfu
./kbd-1.12/data/consolefonts/Agafari-14.psfu
./kbd-1.12/data/consolefonts/Agafari-16.psfu
./kbd-1.12/data/consolefonts/Cyr_a8x14.psfu
./kbd-1.12/data/consolefonts/Cyr_a8x16.psfu
./kbd-1.12/data/consolefonts/Cyr_a8x8.psfu
./kbd-1.12/data/consolefonts/Goha-12.psfu
./kbd-1.12/data/consolefonts/Goha-14.psfu
./kbd-1.12/data/consolefonts/Goha-16.psfu
./kbd-1.12/data/consolefonts/GohaClassic-12.psfu
./kbd-1.12/data/consolefonts/GohaClassic-14.psfu
./kbd-1.12/data/consolefonts/GohaClassic-16.psfu
./kbd-1.12/data/consolefonts/LatArCyrHeb-08.psfu
./kbd-1.12/data/consolefonts/LatArCyrHeb-14.psfu
./kbd-1.12/data/consolefonts/LatArCyrHeb-16+.psfu
./kbd-1.12/data/consolefonts/LatArCyrHeb-16.psfu
./kbd-1.12/data/consolefonts/LatArCyrHeb-19.psfu
./kbd-1.12/data/consolefonts/README.psfu
./kbd-1.12/data/consolefonts/cp850-8x14.psfu
./kbd-1.12/data/consolefonts/cp850-8x16.psfu
./kbd-1.12/data/consolefonts/cp850-8x8.psfu
./kbd-1.12/data/consolefonts/cp865-8x14.psfu
./kbd-1.12/data/consolefonts/cp865-8x16.psfu
./kbd-1.12/data/consolefonts/cp865-8x8.psfu
./kbd-1.12/data/consolefonts/default8x16.psfu
./kbd-1.12/data/consolefonts/default8x9.psfu
./kbd-1.12/data/consolefonts/gr737a-8x8.psfu
./kbd-1.12/data/consolefonts/gr737a-9x14.psfu
./kbd-1.12/data/consolefonts/gr737a-9x16.psfu
./kbd-1.12/data/consolefonts/gr737b-8x11.psfu
./kbd-1.12/data/consolefonts/gr737b-9x16-medieval.psfu
./kbd-1.12/data/consolefonts/gr737c-8x14.psfu
./kbd-1.12/data/consolefonts/gr737c-8x16.psfu
./kbd-1.12/data/consolefonts/gr737c-8x6.psfu
./kbd-1.12/data/consolefonts/gr737c-8x7.psfu
./kbd-1.12/data/consolefonts/gr737c-8x8.psfu
./kbd-1.12/data/consolefonts/README.Greek
./kbd-1.12/data/consolefonts/koi8u_8x16.psfu
./kbd-1.12/data/consolefonts/README.lat7
./kbd-1.12/data/consolefonts/koi8u_8x14.psfu
./kbd-1.12/data/consolefonts/lat0-08.psfu
./kbd-1.12/data/consolefonts/lat0-10.psfu
./kbd-1.12/data/consolefonts/lat0-12.psfu
./kbd-1.12/data/consolefonts/lat0-14.psfu
./kbd-1.12/data/consolefonts/lat0-16.psfu
./kbd-1.12/data/consolefonts/lat1-08.psfu
./kbd-1.12/data/consolefonts/lat1-10.psfu
./kbd-1.12/data/consolefonts/lat1-12.psfu
./kbd-1.12/data/consolefonts/lat1-14.psfu
./kbd-1.12/data/consolefonts/lat1-16.psfu
./kbd-1.12/data/consolefonts/lat2-08.psfu
./kbd-1.12/data/consolefonts/lat2-10.psfu
./kbd-1.12/data/consolefonts/lat2-12.psfu
./kbd-1.12/data/consolefonts/lat2-14.psfu
./kbd-1.12/data/consolefonts/lat2-16.psfu
./kbd-1.12/data/consolefonts/lat2a-16.psfu
./kbd-1.12/data/consolefonts/lat4-08.psfu
./kbd-1.12/data/consolefonts/lat4-10.psfu
./kbd-1.12/data/consolefonts/lat4-12.psfu
./kbd-1.12/data/consolefonts/lat4-14.psfu
./kbd-1.12/data/consolefonts/lat4-16+.psfu
./kbd-1.12/data/consolefonts/lat4-16.psfu
./kbd-1.12/data/consolefonts/lat4-19.psfu
./kbd-1.12/data/consolefonts/lat4a-08.psfu
./kbd-1.12/data/consolefonts/lat4a-10.psfu
./kbd-1.12/data/consolefonts/lat4a-12.psfu
./kbd-1.12/data/consolefonts/lat4a-14.psfu
./kbd-1.12/data/consolefonts/lat4a-16+.psfu
./kbd-1.12/data/consolefonts/lat4a-16.psfu
./kbd-1.12/data/consolefonts/lat4a-19.psfu
./kbd-1.12/data/consolefonts/lat7-14.psfu
./kbd-1.12/data/consolefonts/ruscii_8x16.psfu
./kbd-1.12/data/consolefonts/ruscii_8x8.psfu
./kbd-1.12/data/consolefonts/viscii10-8x16.psfu
./kbd-1.12/data/consolefonts/iso01.08
./kbd-1.12/data/consolefonts/iso01.14
./kbd-1.12/data/consolefonts/iso01.16
./kbd-1.12/data/consolefonts/iso02.08
./kbd-1.12/data/consolefonts/iso02.14
./kbd-1.12/data/consolefonts/iso02.16
./kbd-1.12/data/consolefonts/iso03.08
./kbd-1.12/data/consolefonts/iso03.14
./kbd-1.12/data/consolefonts/iso03.16
./kbd-1.12/data/consolefonts/iso04.08
./kbd-1.12/data/consolefonts/iso04.14
./kbd-1.12/data/consolefonts/iso04.16
./kbd-1.12/data/consolefonts/iso05.08
./kbd-1.12/data/consolefonts/iso05.14
./kbd-1.12/data/consolefonts/iso05.16
./kbd-1.12/data/consolefonts/iso06.08
./kbd-1.12/data/consolefonts/iso06.14
./kbd-1.12/data/consolefonts/iso06.16
./kbd-1.12/data/consolefonts/iso07.14
./kbd-1.12/data/consolefonts/iso07.16
./kbd-1.12/data/consolefonts/iso08.08
./kbd-1.12/data/consolefonts/iso08.14
./kbd-1.12/data/consolefonts/iso08.16
./kbd-1.12/data/consolefonts/iso09.08
./kbd-1.12/data/consolefonts/iso09.14
./kbd-1.12/data/consolefonts/iso09.16
./kbd-1.12/data/consolefonts/iso10.08
./kbd-1.12/data/consolefonts/iso10.14
./kbd-1.12/data/consolefonts/iso10.16
./kbd-1.12/data/consolefonts/737.cp
./kbd-1.12/data/consolefonts/gr928a-8x16.psfu
./kbd-1.12/data/consolefonts/gr928a-8x14.psfu
./kbd-1.12/data/consolefonts/161.cp
./kbd-1.12/data/consolefonts/162.cp
./kbd-1.12/data/consolefonts/163.cp
./kbd-1.12/data/consolefonts/164.cp
./kbd-1.12/data/consolefonts/165.cp
./kbd-1.12/data/consolefonts/880.cp
./kbd-1.12/data/consolefonts/928.cp
./kbd-1.12/data/consolefonts/972.cp
./kbd-1.12/data/consolefonts/lat5-12.psfu
./kbd-1.12/data/consolefonts/lat5-14.psfu
./kbd-1.12/data/consolefonts/lat5-16.psfu
./kbd-1.12/data/consolefonts/lat9-08.psf
./kbd-1.12/data/consolefonts/lat9-10.psf
./kbd-1.12/data/consolefonts/lat9-12.psf
./kbd-1.12/data/consolefonts/lat9-14.psf
./kbd-1.12/data/consolefonts/lat9-16.psf
./kbd-1.12/data/consolefonts/lat9u-08.psfu
./kbd-1.12/data/consolefonts/lat9u-12.psfu
./kbd-1.12/data/consolefonts/README.lat9
./kbd-1.12/data/consolefonts/lat9v-08.psfu
./kbd-1.12/data/consolefonts/lat9v-12.psfu
./kbd-1.12/data/consolefonts/ERRORS
./kbd-1.12/data/consolefonts/lat9w-08.psfu
./kbd-1.12/data/consolefonts/lat9w-12.psfu
./kbd-1.12/data/consolefonts/README.Arabic
./kbd-1.12/data/consolefonts/README.Cyrillic
./kbd-1.12/data/consolefonts/README.Ethiopic
./kbd-1.12/data/consolefonts/README.Hebrew
./kbd-1.12/data/consolefonts/README.lat0
./kbd-1.12/data/consolefonts/Mik_8x16
./kbd-1.12/data/consolefonts/alt-8x14
./kbd-1.12/data/consolefonts/alt-8x16
./kbd-1.12/data/consolefonts/alt-8x8
./kbd-1.12/data/consolefonts/altc-8x16
./kbd-1.12/data/consolefonts/aply16.psf
./kbd-1.12/data/consolefonts/arm8.fnt
./kbd-1.12/data/consolefonts/gr737d-8x16.psfu
./kbd-1.12/data/consolefonts/gr928b-8x14.psfu
./kbd-1.12/data/consolefonts/gr928-9x14.psfu
./kbd-1.12/data/consolefonts/koi8-14.psf
./kbd-1.12/data/consolefonts/koi8c-8x16
./kbd-1.12/data/consolefonts/koi8r-8x14
./kbd-1.12/data/consolefonts/koi8r-8x16
./kbd-1.12/data/consolefonts/koi8r-8x8
./kbd-1.12/data/consolefonts/koi8r.8x8.psfu
./kbd-1.12/data/consolefonts/t.fnt
./kbd-1.12/data/consolefonts/t850b.fnt
./kbd-1.12/data/consolefonts/tcvn8x16.psf
./kbd-1.12/data/consolefonts/cp866-8x14.psf
./kbd-1.12/data/consolefonts/cp866-8x16.psf
./kbd-1.12/data/consolefonts/cp866-8x8.psf
./kbd-1.12/data/consolefonts/gr928-8x16-thin.psfu
./kbd-1.12/data/consolefonts/gr928-9x16.psfu
./kbd-1.12/data/consolefonts/lat9w-16.psfu
./kbd-1.12/data/consolefonts/lat9w-14.psfu
./kbd-1.12/data/consolefonts/lat9w-10.psfu
./kbd-1.12/data/consolefonts/lat9v-16.psfu
./kbd-1.12/data/consolefonts/lat9v-14.psfu
./kbd-1.12/data/consolefonts/lat9v-10.psfu
./kbd-1.12/data/consolefonts/lat9u-16.psfu
./kbd-1.12/data/consolefonts/lat9u-14.psfu
./kbd-1.12/data/consolefonts/lat9u-10.psfu
./kbd-1.12/data/consolefonts/koi8u_8x8.psfu
./kbd-1.12/data/consolefonts/gr928b-8x16.psfu
./kbd-1.12/data/consolefonts/cybercafe.fnt
./kbd-1.12/data/consolefonts/README.cybercafe
./kbd-1.12/data/consolefonts/iso02-12x22.psfu
./kbd-1.12/data/consolefonts/iso01-12x22.psfu
./kbd-1.12/data/consolefonts/cp857.08
./kbd-1.12/data/consolefonts/cp1250.psfu
./kbd-1.12/data/consolefonts/README.cp1250
./kbd-1.12/data/consolefonts/README.12x22
./kbd-1.12/data/consolefonts/cp857.14
./kbd-1.12/data/consolefonts/cp857.16
./kbd-1.12/data/consolefonts/drdos8x14.psfu
./kbd-1.12/data/consolefonts/drdos8x16.psfu
./kbd-1.12/data/consolefonts/drdos8x6.psfu
./kbd-1.12/data/consolefonts/drdos8x8.psfu
./kbd-1.12/data/consolefonts/README.drdos
./kbd-1.12/data/consolefonts/sun12x22.psfu
./kbd-1.12/data/consolefonts/lat7a-14.psfu
./kbd-1.12/data/consolefonts/lat7a-16.psf
./kbd-1.12/data/consolefonts/iso07u-16.psfu
./kbd-1.12/data/consolefonts/cyr-sun16.psfu
./kbd-1.12/data/consolefonts/greek-polytonic.psfu
./kbd-1.12/data/consoletrans/
./kbd-1.12/data/consoletrans/koi2alt
./kbd-1.12/data/consoletrans/trivial
./kbd-1.12/data/consoletrans/null
./kbd-1.12/data/consoletrans/utflist
./kbd-1.12/data/consoletrans/latin2u.trans
./kbd-1.12/data/consoletrans/zero
./kbd-1.12/data/consoletrans/space
./kbd-1.12/data/consoletrans/baltic.trans
./kbd-1.12/data/consoletrans/vga2iso
./kbd-1.12/data/consoletrans/cp437_to_iso01.trans
./kbd-1.12/data/consoletrans/cp850_to_iso01.trans
./kbd-1.12/data/consoletrans/viscii1.0_to_tcvn.trans
./kbd-1.12/data/consoletrans/viscii1.0_to_viscii1.1.trans
./kbd-1.12/data/consoletrans/koi8u2ruscii
./kbd-1.12/data/consoletrans/8859-4_to_uni.trans
./kbd-1.12/data/consoletrans/iso02_to_cp1250.trans
./kbd-1.12/data/consoletrans/8859-3_to_uni.trans
./kbd-1.12/data/consoletrans/8859-5_to_uni.trans
./kbd-1.12/data/consoletrans/8859-7_to_uni.trans
./kbd-1.12/data/consoletrans/8859-8_to_uni.trans
./kbd-1.12/data/consoletrans/8859-9_to_uni.trans
./kbd-1.12/data/consoletrans/cp775_to_uni.trans
./kbd-1.12/data/consoletrans/8859-10_to_uni.trans
./kbd-1.12/data/consoletrans/8859-14_to_uni.trans
./kbd-1.12/data/consoletrans/8859-15_to_uni.trans
./kbd-1.12/data/consoletrans/cp852_to_uni.trans
./kbd-1.12/data/consoletrans/cp853_to_uni.trans
./kbd-1.12/data/consoletrans/cp855_to_uni.trans
./kbd-1.12/data/consoletrans/cp857_to_uni.trans
./kbd-1.12/data/consoletrans/cp861_to_uni.trans
./kbd-1.12/data/consoletrans/cp863_to_uni.trans
./kbd-1.12/data/consoletrans/cp864_to_uni.trans
./kbd-1.12/data/consoletrans/cp865_to_uni.trans
./kbd-1.12/data/consoletrans/cp869_to_uni.trans
./kbd-1.12/data/consoletrans/cp874_to_uni.trans
./kbd-1.12/data/consoletrans/cp437_to_uni.trans
./kbd-1.12/data/consoletrans/cp860_to_uni.trans
./kbd-1.12/data/consoletrans/8859-1_to_uni.trans
./kbd-1.12/data/consoletrans/8859-13_to_uni.trans
./kbd-1.12/data/consoletrans/8859-2_to_uni.trans
./kbd-1.12/data/consoletrans/8859-6_to_uni.trans
./kbd-1.12/data/consoletrans/cp1250_to_uni.trans
./kbd-1.12/data/consoletrans/cp737_to_uni.trans
./kbd-1.12/data/consoletrans/cp850_to_uni.trans
./kbd-1.12/data/consoletrans/cp862_to_uni.trans
./kbd-1.12/data/consoletrans/cp866_to_uni.trans
./kbd-1.12/data/consoletrans/cp1251_to_uni.trans
./kbd-1.12/data/consoletrans/koi8-r_to_uni.trans
./kbd-1.12/data/consoletrans/koi8-u_to_uni.trans
./kbd-1.12/data/keymaps/
./kbd-1.12/data/keymaps/i386/
./kbd-1.12/data/keymaps/i386/qwertz/
./kbd-1.12/data/keymaps/i386/qwertz/hu.map
./kbd-1.12/data/keymaps/i386/qwertz/sg.map
./kbd-1.12/data/keymaps/i386/qwertz/sg-latin1-lk450.map
./kbd-1.12/data/keymaps/i386/qwertz/fr_CH.map
./kbd-1.12/data/keymaps/i386/qwertz/sg-latin1.map
./kbd-1.12/data/keymaps/i386/qwertz/de-latin1-nodeadkeys.map
./kbd-1.12/data/keymaps/i386/qwertz/de-latin1.map
./kbd-1.12/data/keymaps/i386/qwertz/de.map
./kbd-1.12/data/keymaps/i386/qwertz/croat.map
./kbd-1.12/data/keymaps/i386/qwertz/cz-us-qwertz.map
./kbd-1.12/data/keymaps/i386/qwertz/fr_CH-latin1.map
./kbd-1.12/data/keymaps/i386/qwertz/slovene.map
./kbd-1.12/data/keymaps/i386/qwertz/sk-qwertz.map
./kbd-1.12/data/keymaps/i386/qwertz/sk-prog-qwertz.map
./kbd-1.12/data/keymaps/i386/qwertz/de_CH-latin1.map
./kbd-1.12/data/keymaps/i386/fgGIod/
./kbd-1.12/data/keymaps/i386/fgGIod/trf.map
./kbd-1.12/data/keymaps/i386/fgGIod/tr_f-latin5.map
./kbd-1.12/data/keymaps/i386/README
./kbd-1.12/data/keymaps/i386/qwerty/
./kbd-1.12/data/keymaps/i386/qwerty/dk.map
./kbd-1.12/data/keymaps/i386/qwerty/emacs.map
./kbd-1.12/data/keymaps/i386/qwerty/emacs2.map
./kbd-1.12/data/keymaps/i386/qwerty/es.map
./kbd-1.12/data/keymaps/i386/qwerty/fi-latin1.map
./kbd-1.12/data/keymaps/i386/qwerty/fi.map
./kbd-1.12/data/keymaps/i386/qwerty/gr-pc.map
./kbd-1.12/data/keymaps/i386/qwerty/gr.map
./kbd-1.12/data/keymaps/i386/qwerty/hu101.map
./kbd-1.12/data/keymaps/i386/qwerty/is-latin1.map
./kbd-1.12/data/keymaps/i386/qwerty/it-ibm.map
./kbd-1.12/data/keymaps/i386/qwerty/it.map
./kbd-1.12/data/keymaps/i386/qwerty/it2.map
./kbd-1.12/data/keymaps/i386/qwerty/la-latin1.map
./kbd-1.12/data/keymaps/i386/qwerty/lt.l4.map
./kbd-1.12/data/keymaps/i386/qwerty/lt.map
./kbd-1.12/data/keymaps/i386/qwerty/no.map
./kbd-1.12/data/keymaps/i386/qwerty/pl.map
./kbd-1.12/data/keymaps/i386/qwerty/hypermap.m4
./kbd-1.12/data/keymaps/i386/qwerty/pc110.map
./kbd-1.12/data/keymaps/i386/qwerty/nl.map
./kbd-1.12/data/keymaps/i386/qwerty/ru-cp1251.map
./kbd-1.12/data/keymaps/i386/qwerty/ru.map
./kbd-1.12/data/keymaps/i386/qwerty/ru1.map
./kbd-1.12/data/keymaps/i386/qwerty/se-fi-ir209.map
./kbd-1.12/data/keymaps/i386/qwerty/tralt.map
./kbd-1.12/data/keymaps/i386/qwerty/trq.map
./kbd-1.12/data/keymaps/i386/qwerty/no-latin1.doc
./kbd-1.12/data/keymaps/i386/qwerty/uk.map
./kbd-1.12/data/keymaps/i386/qwerty/us.map
./kbd-1.12/data/keymaps/i386/qwerty/cz-lat2-prog.map
./kbd-1.12/data/keymaps/i386/qwerty/dk-latin1.map
./kbd-1.12/data/keymaps/i386/qwerty/jp106.map
./kbd-1.12/data/keymaps/i386/qwerty/tr_q-latin5.map
./kbd-1.12/data/keymaps/i386/qwerty/cz-lat2.map
./kbd-1.12/data/keymaps/i386/qwerty/cf.map
./kbd-1.12/data/keymaps/i386/qwerty/nl2.map
./kbd-1.12/data/keymaps/i386/qwerty/defkeymap.map
./kbd-1.12/data/keymaps/i386/qwerty/mk-utf.map
./kbd-1.12/data/keymaps/i386/qwerty/no-latin1.map
./kbd-1.12/data/keymaps/i386/qwerty/defkeymap_V1.0.map
./kbd-1.12/data/keymaps/i386/qwerty/ru2.map
./kbd-1.12/data/keymaps/i386/qwerty/ru_win.map
./kbd-1.12/data/keymaps/i386/qwerty/pt-latin1.map
./kbd-1.12/data/keymaps/i386/qwerty/sk-qwerty.map
./kbd-1.12/data/keymaps/i386/qwerty/pl2.map
./kbd-1.12/data/keymaps/i386/qwerty/ru-yawerty.map
./kbd-1.12/data/keymaps/i386/qwerty/ru-ms.map
./kbd-1.12/data/keymaps/i386/qwerty/es-cp850.map
./kbd-1.12/data/keymaps/i386/qwerty/mk.map
./kbd-1.12/data/keymaps/i386/qwerty/ua-utf-ws.map
./kbd-1.12/data/keymaps/i386/qwerty/ua-utf.map
./kbd-1.12/data/keymaps/i386/qwerty/ua-ws.map
./kbd-1.12/data/keymaps/i386/qwerty/ua.map
./kbd-1.12/data/keymaps/i386/qwerty/ru3.map
./kbd-1.12/data/keymaps/i386/qwerty/ru4.map
./kbd-1.12/data/keymaps/i386/qwerty/br-abnt2.map
./kbd-1.12/data/keymaps/i386/qwerty/sk-prog-qwerty.map
./kbd-1.12/data/keymaps/i386/qwerty/et-nodeadkeys.map
./kbd-1.12/data/keymaps/i386/qwerty/et.map
./kbd-1.12/data/keymaps/i386/qwerty/lt.baltic.map
./kbd-1.12/data/keymaps/i386/qwerty/us-acentos.map
./kbd-1.12/data/keymaps/i386/qwerty/br-abnt.map
./kbd-1.12/data/keymaps/i386/qwerty/by.map
./kbd-1.12/data/keymaps/i386/qwerty/il-phonetic.map
./kbd-1.12/data/keymaps/i386/qwerty/br-latin1-abnt2.map
./kbd-1.12/data/keymaps/i386/qwerty/br-latin1-us.map
./kbd-1.12/data/keymaps/i386/qwerty/mk0.map
./kbd-1.12/data/keymaps/i386/qwerty/mk-cp1251.map
./kbd-1.12/data/keymaps/i386/qwerty/ro_win.map
./kbd-1.12/data/keymaps/i386/qwerty/cz.map
./kbd-1.12/data/keymaps/i386/qwerty/il.map
./kbd-1.12/data/keymaps/i386/qwerty/cz-cp1250.map
./kbd-1.12/data/keymaps/i386/qwerty/pt-latin9.map
./kbd-1.12/data/keymaps/i386/qwerty/fi-latin9.map
./kbd-1.12/data/keymaps/i386/qwerty/sv-latin1.map
./kbd-1.12/data/keymaps/i386/qwerty/bg-cp1251.map
./kbd-1.12/data/keymaps/i386/qwerty/se-fi-lat6.map
./kbd-1.12/data/keymaps/i386/qwerty/il-heb.map
./kbd-1.12/data/keymaps/i386/qwerty/se-ir209.map
./kbd-1.12/data/keymaps/i386/qwerty/se-lat6.map
./kbd-1.12/data/keymaps/i386/qwerty/sr-cy.map
./kbd-1.12/data/keymaps/i386/qwerty/bg_bds-cp1251.map
./kbd-1.12/data/keymaps/i386/qwerty/bg_pho-cp1251.map
./kbd-1.12/data/keymaps/i386/qwerty/bg-cp855.map
./kbd-1.12/data/keymaps/i386/qwerty/bg_bds-utf8.map
./kbd-1.12/data/keymaps/i386/qwerty/bg_pho-utf8.map
./kbd-1.12/data/keymaps/i386/qwerty/is-latin1-us.map
./kbd-1.12/data/keymaps/i386/include/
./kbd-1.12/data/keymaps/i386/include/qwerty-layout.inc
./kbd-1.12/data/keymaps/i386/include/qwertz-layout.inc
./kbd-1.12/data/keymaps/i386/include/linux-keys-extd.inc
./kbd-1.12/data/keymaps/i386/include/azerty-layout.inc
./kbd-1.12/data/keymaps/i386/include/linux-keys-bare.inc
./kbd-1.12/data/keymaps/i386/include/linux-with-alt-and-altgr.inc
./kbd-1.12/data/keymaps/i386/include/linux-with-two-alt-keys.inc
./kbd-1.12/data/keymaps/i386/include/ctrl.map
./kbd-1.12/data/keymaps/i386/include/backspace.map
./kbd-1.12/data/keymaps/i386/include/keypad.map
./kbd-1.12/data/keymaps/i386/include/windowkeys.map
./kbd-1.12/data/keymaps/i386/include/euro.map
./kbd-1.12/data/keymaps/i386/include/linux-with-modeshift-altgr.inc
./kbd-1.12/data/keymaps/i386/include/unicode.map
./kbd-1.12/data/keymaps/i386/include/applkey.map
./kbd-1.12/data/keymaps/i386/include/euro2.map
./kbd-1.12/data/keymaps/i386/include/euro1.map
./kbd-1.12/data/keymaps/i386/include/euro1.inc
./kbd-1.12/data/keymaps/i386/dvorak/
./kbd-1.12/data/keymaps/i386/dvorak/dvorak-l.map
./kbd-1.12/data/keymaps/i386/dvorak/ANSI-dvorak.map
./kbd-1.12/data/keymaps/i386/dvorak/dvorak-r.map
./kbd-1.12/data/keymaps/i386/dvorak/dvorak.map
./kbd-1.12/data/keymaps/i386/azerty/
./kbd-1.12/data/keymaps/i386/azerty/fr.map
./kbd-1.12/data/keymaps/i386/azerty/fr-pc.map
./kbd-1.12/data/keymaps/i386/azerty/fr-latin1.map
./kbd-1.12/data/keymaps/i386/azerty/azerty.map
./kbd-1.12/data/keymaps/i386/azerty/be-latin1.map
./kbd-1.12/data/keymaps/i386/azerty/wangbe.map
./kbd-1.12/data/keymaps/i386/azerty/wangbe2.map
./kbd-1.12/data/keymaps/i386/azerty/fr-latin9.map
./kbd-1.12/data/keymaps/i386/mk_modmap
./kbd-1.12/data/keymaps/README
./kbd-1.12/data/keymaps/atari/
./kbd-1.12/data/keymaps/atari/atari-us.map
./kbd-1.12/data/keymaps/atari/atari-de.map
./kbd-1.12/data/keymaps/atari/atari-se.map
./kbd-1.12/data/keymaps/atari/atari-uk-falcon.map
./kbd-1.12/data/keymaps/sun/
./kbd-1.12/data/keymaps/sun/sunt4-es.map
./kbd-1.12/data/keymaps/sun/sunt5-ru.map
./kbd-1.12/data/keymaps/sun/sunt5-es.map
./kbd-1.12/data/keymaps/sun/sunt5-fr-latin1.map
./kbd-1.12/data/keymaps/sun/sunkeymap.map
./kbd-1.12/data/keymaps/sun/sunt5-de-latin1.map
./kbd-1.12/data/keymaps/sun/sunt5-fi-latin1.map
./kbd-1.12/data/keymaps/sun/sun-pl-altgraph.map
./kbd-1.12/data/keymaps/sun/sun-pl.map
./kbd-1.12/data/keymaps/sun/sunt4-fi-latin1.map
./kbd-1.12/data/keymaps/sun/sunt5-uk.map
./kbd-1.12/data/keymaps/sun/sundvorak.map
./kbd-1.12/data/keymaps/sun/sunt4-no-latin1.map
./kbd-1.12/data/keymaps/sun/sunt5-cz-us.map
./kbd-1.12/data/keymaps/sun/sunt5-us-cz.map
./kbd-1.12/data/keymaps/amiga/
./kbd-1.12/data/keymaps/amiga/amiga-de.map
./kbd-1.12/data/keymaps/amiga/amiga-us.map
./kbd-1.12/data/keymaps/mac/
./kbd-1.12/data/keymaps/mac/all/
./kbd-1.12/data/keymaps/mac/all/mac-be.map
./kbd-1.12/data/keymaps/mac/all/mac-de-latin1-nodeadkeys.map
./kbd-1.12/data/keymaps/mac/all/mac-de-latin1.map
./kbd-1.12/data/keymaps/mac/all/mac-de_CH.map
./kbd-1.12/data/keymaps/mac/all/mac-dk-latin1.map
./kbd-1.12/data/keymaps/mac/all/mac-es.map
./kbd-1.12/data/keymaps/mac/all/mac-fi-latin1.map
./kbd-1.12/data/keymaps/mac/all/mac-fr.map
./kbd-1.12/data/keymaps/mac/all/mac-fr_CH-latin1.map
./kbd-1.12/data/keymaps/mac/all/mac-it.map
./kbd-1.12/data/keymaps/mac/all/mac-pt-latin1.map
./kbd-1.12/data/keymaps/mac/all/mac-se.map
./kbd-1.12/data/keymaps/mac/all/mac-template.map
./kbd-1.12/data/keymaps/mac/all/mac-uk.map
./kbd-1.12/data/keymaps/mac/all/mac-us.map
./kbd-1.12/data/keymaps/mac/all/mac-dvorak.map
./kbd-1.12/data/keymaps/mac/include/
./kbd-1.12/data/keymaps/mac/include/mac-qwertz-layout.inc
./kbd-1.12/data/keymaps/mac/include/mac-azerty-layout.inc
./kbd-1.12/data/keymaps/mac/include/mac-euro.map
./kbd-1.12/data/keymaps/mac/include/mac-linux-keys-bare.inc
./kbd-1.12/data/keymaps/mac/include/mac-qwerty-layout.inc
./kbd-1.12/data/keymaps/include/
./kbd-1.12/data/keymaps/include/compose.8859_7
./kbd-1.12/data/keymaps/include/compose.8859_8
./kbd-1.12/data/keymaps/include/compose.latin
./kbd-1.12/data/keymaps/include/compose.latin1
./kbd-1.12/data/keymaps/include/compose.latin2
./kbd-1.12/data/keymaps/include/compose.latin3
./kbd-1.12/data/keymaps/include/compose.latin4
./kbd-1.12/data/keymaps/include/vim-compose.latin1
./kbd-1.12/data/Makefile
./kbd-1.12/data/unimaps/
./kbd-1.12/data/unimaps/ECMA144.uni
./kbd-1.12/data/unimaps/armscii8.uni
./kbd-1.12/data/unimaps/cp437.uni
./kbd-1.12/data/unimaps/cp850.uni
./kbd-1.12/data/unimaps/cp850b.uni
./kbd-1.12/data/unimaps/def.uni
./kbd-1.12/data/unimaps/empty.uni
./kbd-1.12/data/unimaps/ethiopic.uni
./kbd-1.12/data/unimaps/iso01.uni
./kbd-1.12/data/unimaps/iso02.uni
./kbd-1.12/data/unimaps/iso03.uni
./kbd-1.12/data/unimaps/iso04.uni
./kbd-1.12/data/unimaps/iso05.uni
./kbd-1.12/data/unimaps/iso06.uni
./kbd-1.12/data/unimaps/iso07.uni
./kbd-1.12/data/unimaps/iso08.uni
./kbd-1.12/data/unimaps/iso09.uni
./kbd-1.12/data/unimaps/iso10.uni
./kbd-1.12/data/unimaps/iso15.uni
./kbd-1.12/data/unimaps/koi8u.uni
./kbd-1.12/data/unimaps/lat1.uni
./kbd-1.12/data/unimaps/lat1u.uni
./kbd-1.12/data/unimaps/lat2u.uni
./kbd-1.12/data/unimaps/lat4.uni
./kbd-1.12/data/unimaps/lat4u.uni
./kbd-1.12/data/unimaps/ruscii.uni
./kbd-1.12/data/unimaps/tcvn.uni
./kbd-1.12/data/unimaps/viscii.uni
./kbd-1.12/data/unimaps/8859-1.a0-ff.uni
./kbd-1.12/data/unimaps/8859-10.a0-ff.uni
./kbd-1.12/data/unimaps/8859-13.a0-ff.uni
./kbd-1.12/data/unimaps/8859-14.a0-ff.uni
./kbd-1.12/data/unimaps/8859-15.a0-ff.uni
./kbd-1.12/data/unimaps/8859-2.a0-ff.uni
./kbd-1.12/data/unimaps/8859-3.a0-ff.uni
./kbd-1.12/data/unimaps/8859-4.a0-ff.uni
./kbd-1.12/data/unimaps/8859-5.a0-ff.uni
./kbd-1.12/data/unimaps/8859-6.a0-ff.uni
./kbd-1.12/data/unimaps/8859-7.a0-ff.uni
./kbd-1.12/data/unimaps/8859-8.a0-ff.uni
./kbd-1.12/data/unimaps/8859-9.a0-ff.uni
./kbd-1.12/data/unimaps/ascii.20-7f.uni
./kbd-1.12/data/unimaps/cp437.00-1f.uni
./kbd-1.12/data/unimaps/lat2.uni
./kbd-1.12/data/unimaps/cp865.uni
./kbd-1.12/data/unimaps/cp865a.uni
./kbd-1.12/data/unimaps/cp737.uni
./kbd-1.12/data/unimaps/cp737a.uni
./kbd-1.12/data/unimaps/cp737b.uni
./kbd-1.12/data/unimaps/cp737c.uni
./kbd-1.12/data/unimaps/cp850z.uni
./kbd-1.12/data/unimaps/cp850a.uni
./kbd-1.12/data/unimaps/README
./kbd-1.12/data/unimaps/koi8r.uni
./kbd-1.12/data/unimaps/lat7.uni
./kbd-1.12/data/unimaps/cyralt.uni
./kbd-1.12/data/unimaps/cp866.uni
./kbd-1.12/data/unimaps/cp866a.uni
./kbd-1.12/data/unimaps/lat9u.uni
./kbd-1.12/data/unimaps/lat9v.uni
./kbd-1.12/data/unimaps/lat9w.uni
./kbd-1.12/data/unimaps/cp1250.uni
./kbd-1.12/data/unimaps/cybercafe.uni
./kbd-1.12/data/unimaps/iso07u.uni
./kbd-1.12/data/partialfonts/
./kbd-1.12/data/partialfonts/ascii.20-7f.08
./kbd-1.12/data/partialfonts/ascii.20-7f.14
./kbd-1.12/data/partialfonts/none.00-17.16
./kbd-1.12/data/partialfonts/none.00-17.14
./kbd-1.12/data/partialfonts/none.00-17.08
./kbd-1.12/data/partialfonts/ascii.20-7f.16
./kbd-1.12/data/partialfonts/8859-1.a0-ff.08
./kbd-1.12/data/partialfonts/8859-1.a0-ff.14
./kbd-1.12/data/partialfonts/8859-1.a0-ff.16
./kbd-1.12/data/partialfonts/8859-10.a0-ff.08
./kbd-1.12/data/partialfonts/8859-10.a0-ff.14
./kbd-1.12/data/partialfonts/8859-10.a0-ff.16
./kbd-1.12/data/partialfonts/cp437.00-1f.08
./kbd-1.12/data/partialfonts/8859-2.a0-ff.08
./kbd-1.12/data/partialfonts/8859-2.a0-ff.14
./kbd-1.12/data/partialfonts/8859-2.a0-ff.16
./kbd-1.12/data/partialfonts/cp437.00-1f.14
./kbd-1.12/data/partialfonts/8859-3.a0-ff.08
./kbd-1.12/data/partialfonts/8859-3.a0-ff.14
./kbd-1.12/data/partialfonts/8859-3.a0-ff.16
./kbd-1.12/data/partialfonts/cp437.00-1f.16
./kbd-1.12/data/partialfonts/8859-4.a0-ff.08
./kbd-1.12/data/partialfonts/8859-4.a0-ff.14
./kbd-1.12/data/partialfonts/8859-4.a0-ff.16
./kbd-1.12/data/partialfonts/8859-5.a0-ff.08
./kbd-1.12/data/partialfonts/8859-5.a0-ff.14
./kbd-1.12/data/partialfonts/8859-5.a0-ff.16
./kbd-1.12/data/partialfonts/8859-6.a0-ff.08
./kbd-1.12/data/partialfonts/8859-6.a0-ff.14
./kbd-1.12/data/partialfonts/8859-6.a0-ff.16
./kbd-1.12/data/partialfonts/8859-7.a0-ff.08
./kbd-1.12/data/partialfonts/8859-7.a0-ff.14
./kbd-1.12/data/partialfonts/8859-7.a0-ff.16
./kbd-1.12/data/partialfonts/8859-8.a0-ff.08
./kbd-1.12/data/partialfonts/8859-8.a0-ff.14
./kbd-1.12/data/partialfonts/8859-8.a0-ff.16
./kbd-1.12/data/partialfonts/8859-9.a0-ff.08
./kbd-1.12/data/partialfonts/8859-9.a0-ff.14
./kbd-1.12/data/partialfonts/8859-9.a0-ff.16
./kbd-1.12/configure
./kbd-1.12/contrib/
./kbd-1.12/contrib/codepage.c
./kbd-1.12/contrib/fix_bs_and_del
./kbd-1.12/contrib/sti.c
./kbd-1.12/contrib/vcstime.c
./kbd-1.12/contrib/splitfont.c
./kbd-1.12/contrib/font2psf
./kbd-1.12/contrib/psfsplit
./kbd-1.12/contrib/showconsolefont
./kbd-1.12/doc/
./kbd-1.12/doc/README.Crosser
./kbd-1.12/doc/kbd.FAQ.sgml
./kbd-1.12/doc/TODO
./kbd-1.12/doc/keysyms.h.info
./kbd-1.12/doc/cirrus.videomodes
./kbd-1.12/doc/console.docs
./kbd-1.12/doc/as400.kbd
./kbd-1.12/doc/kbd.FAQ.txt
./kbd-1.12/doc/utf/
./kbd-1.12/doc/utf/utfdemo
./kbd-1.12/doc/utf/utflist
./kbd-1.12/doc/utf/ethiopic
./kbd-1.12/doc/utf/\342\231\252\342\231\254
./kbd-1.12/doc/utf/README
./kbd-1.12/doc/kbd.FAQ.html
./kbd-1.12/doc/kbd.FAQ-1.html
./kbd-1.12/doc/kbd.FAQ-2.html
./kbd-1.12/doc/kbd.FAQ-3.html
./kbd-1.12/doc/kbd.FAQ-4.html
./kbd-1.12/doc/kbd.FAQ-5.html
./kbd-1.12/doc/kbd.FAQ-6.html
./kbd-1.12/doc/kbd.FAQ-7.html
./kbd-1.12/doc/kbd.FAQ-8.html
./kbd-1.12/doc/kbd.FAQ-9.html
./kbd-1.12/doc/kbd.FAQ-10.html
./kbd-1.12/doc/kbd.FAQ-11.html
./kbd-1.12/doc/kbd.FAQ-12.html
./kbd-1.12/doc/kbd.FAQ-13.html
./kbd-1.12/doc/kbd.FAQ-14.html
./kbd-1.12/doc/kbd.FAQ-15.html
./kbd-1.12/doc/kbd.FAQ-16.html
./kbd-1.12/doc/kbd.FAQ-17.html
./kbd-1.12/doc/kbd.FAQ-18.html
./kbd-1.12/doc/kbd.FAQ-19.html
./kbd-1.12/doc/kbd.FAQ-20.html
./kbd-1.12/doc/kbd.FAQ-21.html
./kbd-1.12/doc/kbd.FAQ-22.html
./kbd-1.12/doc/kbd.FAQ-23.html
./kbd-1.12/doc/dvorak/
./kbd-1.12/doc/dvorak/dvorak.xmodmap
./kbd-1.12/doc/dvorak/dvorak-l.xmodmap
./kbd-1.12/doc/dvorak/dvorak-r.xmodmap
./kbd-1.12/doc/dvorak/dvorak.diffs
./kbd-1.12/doc/dvorak/dvorak.txt
./kbd-1.12/doc/dvorak/ANSI-dvorak.gif
./kbd-1.12/doc/iso8859-1.txt
./kbd-1.12/doc/iso8859-10.txt
./kbd-1.12/doc/iso8859-11.txt
./kbd-1.12/doc/iso8859-13.txt
./kbd-1.12/doc/iso8859-14.txt
./kbd-1.12/doc/iso8859-15.txt
./kbd-1.12/doc/iso8859-2.txt
./kbd-1.12/doc/iso8859-3.txt
./kbd-1.12/doc/iso8859-4.txt
./kbd-1.12/doc/n474.doc
./kbd-1.12/doc/iso8859-5.txt
./kbd-1.12/doc/iso8859-6.txt
./kbd-1.12/doc/iso8859-7.txt
./kbd-1.12/doc/iso8859-8.txt
./kbd-1.12/doc/iso8859-9.txt
./kbd-1.12/doc/cp1252.txt
./kbd-1.12/doc/iso8859.info
./kbd-1.12/doc/A20/
./kbd-1.12/doc/A20/A20.html
./kbd-1.12/doc/A20/xfix-286mode2
./kbd-1.12/doc/scancodes/
./kbd-1.12/doc/scancodes/README
./kbd-1.12/doc/repeat/
./kbd-1.12/doc/repeat/set_kbd_repeat-1
./kbd-1.12/doc/repeat/set_kbd_repeat-2
./kbd-1.12/doc/font-formats/
./kbd-1.12/doc/font-formats/font-formats.html
./kbd-1.12/doc/font-formats/font-formats-1.html
./kbd-1.12/doc/font-formats/font-formats-4.html
./kbd-1.12/doc/font-formats/font-formats.sgml
./kbd-1.12/doc/font-formats/font-formats-2.html
./kbd-1.12/doc/font-formats/font-formats-5.html
./kbd-1.12/doc/font-formats/font-formats-3.html
./kbd-1.12/man/
./kbd-1.12/man/man1/
./kbd-1.12/man/man1/showkey.1
./kbd-1.12/man/man1/setleds.1
./kbd-1.12/man/man1/setmetamode.1
./kbd-1.12/man/man1/kbd_mode.1
./kbd-1.12/man/man1/psfaddtable.1
./kbd-1.12/man/man1/psfgettable.1
./kbd-1.12/man/man1/psfstriptable.1
./kbd-1.12/man/man1/chvt.1
./kbd-1.12/man/man1/deallocvt.1
./kbd-1.12/man/man1/dumpkeys.1.in
./kbd-1.12/man/man1/loadkeys.1.in
./kbd-1.12/man/man1/psfxtable.1
./kbd-1.12/man/man1/unicode_start.1
./kbd-1.12/man/man1/unicode_stop.1
./kbd-1.12/man/man1/fgconsole.1
./kbd-1.12/man/man5/
./kbd-1.12/man/man5/keymaps.5
./kbd-1.12/man/man8/
./kbd-1.12/man/man8/setfont.8.in
./kbd-1.12/man/man8/mapscrn.8.in
./kbd-1.12/man/man8/setkeycodes.8
./kbd-1.12/man/man8/getkeycodes.8
./kbd-1.12/man/man8/resizecons.8
./kbd-1.12/man/man8/kbdrate.8
./kbd-1.12/man/man8/loadunimap.8.in
./kbd-1.12/man/man8/showconsolefont.8
./kbd-1.12/man/Makefile
./kbd-1.12/man/man1misc/
./kbd-1.12/man/man1misc/screendump.1
./kbd-1.12/man/man1misc/codepage.1
./kbd-1.12/man/man8misc/
./kbd-1.12/man/man8misc/mk_modmap.8
./kbd-1.12/man/man8misc/clrunimap.8
./kbd-1.12/man/man8misc/getunimap.8
./kbd-1.12/man/man8misc/setvesablank.8
./kbd-1.12/mkinstalldirs
./kbd-1.12/openvt/
./kbd-1.12/openvt/README.openvt
./kbd-1.12/openvt/openvt.1
./kbd-1.12/openvt/COPYING
./kbd-1.12/openvt/Makefile
./kbd-1.12/openvt/README
./kbd-1.12/openvt/README.cad
./kbd-1.12/openvt/README.init
./kbd-1.12/openvt/cad
./kbd-1.12/openvt/openvt.c
./kbd-1.12/openvt/openvt.h
./kbd-1.12/openvt/getfd.c
./kbd-1.12/openvt/nls.h
./kbd-1.12/po/
./kbd-1.12/po/ChangeLog
./kbd-1.12/po/Makefile
./kbd-1.12/po/POTFILES.in
./kbd-1.12/po/cat-id-tbl.c
./kbd-1.12/po/update-potfiles
./kbd-1.12/po/nl.po
./kbd-1.12/po/.null
./kbd-1.12/po/GNU.ABOUT-NLS
./kbd-1.12/po/po2tbl.sed
./kbd-1.12/po/stamp-cat-id
./kbd-1.12/po/ru.po
./kbd-1.12/po/el.po
./kbd-1.12/po/es.po
./kbd-1.12/po/cs.po
./kbd-1.12/po/tr.po
./kbd-1.12/po/da.po
./kbd-1.12/po/gr.po
./kbd-1.12/po/pl.po
./kbd-1.12/po/ro.po
./kbd-1.12/po/fr.po
./kbd-1.12/po/Makefile.in
./kbd-1.12/po/sv.po
./kbd-1.12/po/de.po
./kbd-1.12/src/
./kbd-1.12/src/analyze.l
./kbd-1.12/src/dumpkeys.c
./kbd-1.12/src/ksyms.c
./kbd-1.12/src/ksyms.h
./kbd-1.12/src/loadkeys.y
./kbd-1.12/src/mapscrn.c
./kbd-1.12/src/paths.h
./kbd-1.12/src/setfont.c
./kbd-1.12/src/setleds.c
./kbd-1.12/src/setmetamode.c
./kbd-1.12/src/showkey.c
./kbd-1.12/src/findfile.c
./kbd-1.12/src/chvt.c
./kbd-1.12/src/screendump.c
./kbd-1.12/src/kbd_mode.c
./kbd-1.12/src/psf.h
./kbd-1.12/src/clrunimap.c
./kbd-1.12/src/setvesablank.c
./kbd-1.12/src/getunimap.c
./kbd-1.12/src/loadunimap.c
./kbd-1.12/src/unicode_start
./kbd-1.12/src/unicode_stop
./kbd-1.12/src/spawn_console.c
./kbd-1.12/src/psf.magic
./kbd-1.12/src/getkeycodes.c
./kbd-1.12/src/setkeycodes.c
./kbd-1.12/src/psffontop.c
./kbd-1.12/src/resizecons.c
./kbd-1.12/src/getfd.c
./kbd-1.12/src/fgconsole.c
./kbd-1.12/src/deallocvt.c
./kbd-1.12/src/spawn_login.c
./kbd-1.12/src/ethiopic.syms.h
./kbd-1.12/src/wctomb.c
./kbd-1.12/src/Makefile.in
./kbd-1.12/src/modifiers.h
./kbd-1.12/src/koi8.syms.h
./kbd-1.12/src/kdfontop.c
./kbd-1.12/src/nls.h
./kbd-1.12/src/psfxtable.c
./kbd-1.12/src/kbdrate.c
./kbd-1.12/src/outpsfheader.c
./kbd-1.12/src/kdfontop.h
./kbd-1.12/src/getfd.h
./kbd-1.12/src/xmalloc.c
./kbd-1.12/src/psffontop.h
./kbd-1.12/src/xmalloc.h
./kbd-1.12/src/loadunimap.h
./kbd-1.12/src/findfile.h
./kbd-1.12/src/version.h
./kbd-1.12/src/sami.syms.h
./kbd-1.12/src/showconsolefont.c
./kbd-1.12/src/totextmode.c
./kbd-1.12/src/utf8.c
./kbd-1.12/src/setlogcons.c
./kbd-1.12/src/cp1250.syms.h
./kbd-1.12/src/utf8.h
./kbd-1.12/src/kdmapop.h
./kbd-1.12/src/kdmapop.c
./kbd-1.12/src/setpalette.c
./kbd-1.12/Makefile
./kbd-1.12/Makefile.x
