removed `usr/share/locale/ru/LC_MESSAGES/kbd.mo'
removed directory: `usr/share/locale/ru/LC_MESSAGES'
removed directory: `usr/share/locale/ru'
removed directory: `usr/share/locale/da/LC_MESSAGES'
removed directory: `usr/share/locale/da'
removed `usr/share/locale/nl/LC_MESSAGES/kbd.mo'
removed directory: `usr/share/locale/nl/LC_MESSAGES'
removed directory: `usr/share/locale/nl'
removed `usr/share/locale/de/LC_MESSAGES/kbd.mo'
removed directory: `usr/share/locale/de/LC_MESSAGES'
removed directory: `usr/share/locale/de'
removed `usr/share/locale/gr/LC_MESSAGES/kbd.mo'
removed directory: `usr/share/locale/gr/LC_MESSAGES'
removed directory: `usr/share/locale/gr'
removed `usr/share/locale/cs/LC_MESSAGES/kbd.mo'
removed directory: `usr/share/locale/cs/LC_MESSAGES'
removed directory: `usr/share/locale/cs'
removed `usr/share/locale/es/LC_MESSAGES/kbd.mo'
removed directory: `usr/share/locale/es/LC_MESSAGES'
removed directory: `usr/share/locale/es'
removed `usr/share/locale/ro/LC_MESSAGES/kbd.mo'
removed directory: `usr/share/locale/ro/LC_MESSAGES'
removed directory: `usr/share/locale/ro'
removed `usr/share/locale/pl/LC_MESSAGES/kbd.mo'
removed directory: `usr/share/locale/pl/LC_MESSAGES'
removed directory: `usr/share/locale/pl'
removed directory: `usr/share/locale/sv/LC_MESSAGES'
removed directory: `usr/share/locale/sv'
removed directory: `usr/share/locale/tr/LC_MESSAGES'
removed directory: `usr/share/locale/tr'
removed directory: `usr/share/locale/fr/LC_MESSAGES'
removed directory: `usr/share/locale/fr'
removed directory: `usr/share/locale'
`usr/bin/kbd_mode' -> `bin/kbd_mode'
`usr/bin/openvt' -> `bin/openvt'
`usr/bin/setfont' -> `bin/setfont'
removed `usr/bin/psfstriptable'
create hard link `usr/bin/psfstriptable' to `usr/bin/psfxtable'
removed `usr/bin/psfaddtable'
create hard link `usr/bin/psfaddtable' to `usr/bin/psfxtable'
removed `usr/bin/psfgettable'
create hard link `usr/bin/psfgettable' to `usr/bin/psfxtable'
