Found a patch, skipping...
gawk-3.1.5/
gawk-3.1.5/m4/
gawk-3.1.5/m4/arch.m4
gawk-3.1.5/m4/gettext.m4
gawk-3.1.5/m4/iconv.m4
gawk-3.1.5/m4/intmax_t.m4
gawk-3.1.5/m4/inttypes_h.m4
gawk-3.1.5/m4/lib-ld.m4
gawk-3.1.5/m4/lib-link.m4
gawk-3.1.5/m4/lib-prefix.m4
gawk-3.1.5/m4/longlong.m4
gawk-3.1.5/m4/nls.m4
gawk-3.1.5/m4/po.m4
gawk-3.1.5/m4/progtest.m4
gawk-3.1.5/m4/socket.m4
gawk-3.1.5/m4/stdint_h.m4
gawk-3.1.5/m4/strtod.m4
gawk-3.1.5/m4/uintmax_t.m4
gawk-3.1.5/m4/ulonglong.m4
gawk-3.1.5/m4/inttypes-pri.m4
gawk-3.1.5/m4/ChangeLog
gawk-3.1.5/m4/codeset.m4
gawk-3.1.5/m4/glibc21.m4
gawk-3.1.5/m4/intdiv0.m4
gawk-3.1.5/m4/intmax.m4
gawk-3.1.5/m4/inttypes.m4
gawk-3.1.5/m4/isc-posix.m4
gawk-3.1.5/m4/lcmessage.m4
gawk-3.1.5/m4/longdouble.m4
gawk-3.1.5/m4/printf-posix.m4
gawk-3.1.5/m4/signed.m4
gawk-3.1.5/m4/size_max.m4
gawk-3.1.5/m4/wchar_t.m4
gawk-3.1.5/m4/wint_t.m4
gawk-3.1.5/m4/xsize.m4
gawk-3.1.5/m4/glibc2.m4
gawk-3.1.5/po/
gawk-3.1.5/po/Makefile.in.in
gawk-3.1.5/po/remove-potcdate.sin
gawk-3.1.5/po/quot.sed
gawk-3.1.5/po/boldquot.sed
gawk-3.1.5/po/en@quot.header
gawk-3.1.5/po/en@boldquot.header
gawk-3.1.5/po/insert-header.sin
gawk-3.1.5/po/Rules-quot
gawk-3.1.5/po/Makevars
gawk-3.1.5/po/POTFILES.in
gawk-3.1.5/po/es.po
gawk-3.1.5/po/fr.po
gawk-3.1.5/po/he.po
gawk-3.1.5/po/it.po
gawk-3.1.5/po/sv.po
gawk-3.1.5/po/tr.po
gawk-3.1.5/po/de.po
gawk-3.1.5/po/da.po
gawk-3.1.5/po/pt_BR.po
gawk-3.1.5/po/ca.po
gawk-3.1.5/po/pl.po
gawk-3.1.5/po/ja.po
gawk-3.1.5/po/ro.po
gawk-3.1.5/po/nl.po
gawk-3.1.5/po/rw.po
gawk-3.1.5/po/ga.po
gawk-3.1.5/po/vi.po
gawk-3.1.5/po/es.gmo
gawk-3.1.5/po/fr.gmo
gawk-3.1.5/po/he.gmo
gawk-3.1.5/po/it.gmo
gawk-3.1.5/po/sv.gmo
gawk-3.1.5/po/tr.gmo
gawk-3.1.5/po/de.gmo
gawk-3.1.5/po/da.gmo
gawk-3.1.5/po/pt_BR.gmo
gawk-3.1.5/po/ca.gmo
gawk-3.1.5/po/pl.gmo
gawk-3.1.5/po/ja.gmo
gawk-3.1.5/po/ro.gmo
gawk-3.1.5/po/nl.gmo
gawk-3.1.5/po/rw.gmo
gawk-3.1.5/po/ga.gmo
gawk-3.1.5/po/vi.gmo
gawk-3.1.5/po/gawk.pot
gawk-3.1.5/po/stamp-po
gawk-3.1.5/po/ChangeLog
gawk-3.1.5/po/LINGUAS
gawk-3.1.5/README
gawk-3.1.5/configure.ac
gawk-3.1.5/aclocal.m4
gawk-3.1.5/Makefile.am
gawk-3.1.5/Makefile.in
gawk-3.1.5/configh.in
gawk-3.1.5/version.in
gawk-3.1.5/configure
gawk-3.1.5/ABOUT-NLS
gawk-3.1.5/AUTHORS
gawk-3.1.5/COPYING
gawk-3.1.5/ChangeLog
gawk-3.1.5/INSTALL
gawk-3.1.5/NEWS
gawk-3.1.5/ansi2knr.1
gawk-3.1.5/ansi2knr.c
gawk-3.1.5/awkgram.c
gawk-3.1.5/config.guess
gawk-3.1.5/config.rpath
gawk-3.1.5/config.sub
gawk-3.1.5/depcomp
gawk-3.1.5/install-sh
gawk-3.1.5/missing
gawk-3.1.5/mkinstalldirs
gawk-3.1.5/ylwrap
gawk-3.1.5/array.c
gawk-3.1.5/awk.h
gawk-3.1.5/awkgram.y
gawk-3.1.5/builtin.c
gawk-3.1.5/custom.h
gawk-3.1.5/dfa.c
gawk-3.1.5/dfa.h
gawk-3.1.5/ext.c
gawk-3.1.5/field.c
gawk-3.1.5/gawkmisc.c
gawk-3.1.5/getopt.c
gawk-3.1.5/getopt.h
gawk-3.1.5/getopt1.c
gawk-3.1.5/getopt_int.h
gawk-3.1.5/gettext.h
gawk-3.1.5/hard-locale.h
gawk-3.1.5/io.c
gawk-3.1.5/mbsupport.h
gawk-3.1.5/main.c
gawk-3.1.5/msg.c
gawk-3.1.5/node.c
gawk-3.1.5/protos.h
gawk-3.1.5/random.c
gawk-3.1.5/random.h
gawk-3.1.5/re.c
gawk-3.1.5/regex.c
gawk-3.1.5/regex.h
gawk-3.1.5/replace.c
gawk-3.1.5/version.c
gawk-3.1.5/eval.c
gawk-3.1.5/profile.c
gawk-3.1.5/eval_p.c
gawk-3.1.5/profile_p.c
gawk-3.1.5/FUTURES
gawk-3.1.5/LIMITATIONS
gawk-3.1.5/POSIX.STD
gawk-3.1.5/PROBLEMS
gawk-3.1.5/README_d/
gawk-3.1.5/README_d/README.multibyte
gawk-3.1.5/README_d/README.FIRST
gawk-3.1.5/README_d/README.VMS
gawk-3.1.5/README_d/README.aix
gawk-3.1.5/README_d/README.atari
gawk-3.1.5/README_d/README.beos
gawk-3.1.5/README_d/README.hpux
gawk-3.1.5/README_d/README.ia64
gawk-3.1.5/README_d/README.linux
gawk-3.1.5/README_d/README.macos
gawk-3.1.5/README_d/README.pcdynamic
gawk-3.1.5/README_d/README.pc
gawk-3.1.5/README_d/README.solaris
gawk-3.1.5/README_d/README.sco
gawk-3.1.5/README_d/README.sgi
gawk-3.1.5/README_d/README.sunos4
gawk-3.1.5/README_d/README.sony
gawk-3.1.5/README_d/README.tandem
gawk-3.1.5/README_d/README.tests
gawk-3.1.5/README_d/README.ultrix
gawk-3.1.5/README_d/README.yacc
gawk-3.1.5/README_d/README.cygwin-dynamic
gawk-3.1.5/bisonfix.awk
gawk-3.1.5/extension/
gawk-3.1.5/extension/testarrayparm.awk
gawk-3.1.5/extension/ChangeLog
gawk-3.1.5/extension/Makefile.pc
gawk-3.1.5/extension/arrayparm.c
gawk-3.1.5/extension/dl.c
gawk-3.1.5/extension/doit
gawk-3.1.5/extension/filefuncs.c
gawk-3.1.5/extension/foo.awk
gawk-3.1.5/extension/fork.c
gawk-3.1.5/extension/ordchr.c
gawk-3.1.5/extension/pcext.def
gawk-3.1.5/extension/readfile.c
gawk-3.1.5/extension/steps
gawk-3.1.5/extension/testarg.awk
gawk-3.1.5/extension/testarg.c
gawk-3.1.5/extension/testordchr.awk
gawk-3.1.5/extension/testff.awk
gawk-3.1.5/extension/testfork.awk
gawk-3.1.5/extension/xreadlink.c
gawk-3.1.5/extension/xreadlink.h
gawk-3.1.5/missing_d/
gawk-3.1.5/missing_d/strncasecmp.c
gawk-3.1.5/missing_d/COPYING.LIB
gawk-3.1.5/missing_d/ChangeLog
gawk-3.1.5/missing_d/memcmp.c
gawk-3.1.5/missing_d/memcpy.c
gawk-3.1.5/missing_d/memmove.c
gawk-3.1.5/missing_d/memset.c
gawk-3.1.5/missing_d/mktime.c
gawk-3.1.5/missing_d/strchr.c
gawk-3.1.5/missing_d/strerror.c
gawk-3.1.5/missing_d/strftime.c
gawk-3.1.5/missing_d/strtoul.c
gawk-3.1.5/missing_d/strtod.c
gawk-3.1.5/missing_d/system.c
gawk-3.1.5/missing_d/tzset.c
gawk-3.1.5/pc/
gawk-3.1.5/pc/awklib/
gawk-3.1.5/pc/awklib/igawk.awk
gawk-3.1.5/pc/awklib/igawk
gawk-3.1.5/pc/awklib/igawk.bat
gawk-3.1.5/pc/include/
gawk-3.1.5/pc/include/sys/
gawk-3.1.5/pc/include/sys/stat.h
gawk-3.1.5/pc/include/sys/types.h
gawk-3.1.5/pc/include/process.h
gawk-3.1.5/pc/include/fcntl.h
gawk-3.1.5/pc/include/stdio.h
gawk-3.1.5/pc/include/stdlib.h
gawk-3.1.5/pc/include/string.h
gawk-3.1.5/pc/include/time.h
gawk-3.1.5/pc/ChangeLog
gawk-3.1.5/pc/Makefile
gawk-3.1.5/pc/Makefile.tst
gawk-3.1.5/pc/config.h
gawk-3.1.5/pc/dlfcn.c
gawk-3.1.5/pc/dlfcn.h
gawk-3.1.5/pc/gawk.def
gawk-3.1.5/pc/gawkmisc.pc
gawk-3.1.5/pc/gawkw32.def
gawk-3.1.5/pc/getid.c
gawk-3.1.5/pc/install.awk
gawk-3.1.5/pc/mkinstal.sh
gawk-3.1.5/pc/popen.c
gawk-3.1.5/pc/popen.h
gawk-3.1.5/posix/
gawk-3.1.5/posix/ChangeLog
gawk-3.1.5/posix/gawkmisc.c
gawk-3.1.5/regcomp.c
gawk-3.1.5/regex_internal.c
gawk-3.1.5/regex_internal.h
gawk-3.1.5/regexec.c
gawk-3.1.5/unsupported/
gawk-3.1.5/unsupported/atari/
gawk-3.1.5/unsupported/atari/Makefile.awklib
gawk-3.1.5/unsupported/atari/ChangeLog
gawk-3.1.5/unsupported/atari/Makefile.st
gawk-3.1.5/unsupported/atari/README.1st
gawk-3.1.5/unsupported/atari/config.h
gawk-3.1.5/unsupported/atari/gawkmisc.atr
gawk-3.1.5/unsupported/atari/redirect.h
gawk-3.1.5/unsupported/atari/stack.c
gawk-3.1.5/unsupported/atari/system.c
gawk-3.1.5/unsupported/atari/tmpnam.c
gawk-3.1.5/unsupported/tandem/
gawk-3.1.5/unsupported/tandem/ChangeLog
gawk-3.1.5/unsupported/tandem/compit
gawk-3.1.5/unsupported/tandem/config.h
gawk-3.1.5/unsupported/tandem/getid.c
gawk-3.1.5/unsupported/tandem/isatty.c
gawk-3.1.5/unsupported/tandem/popen.c
gawk-3.1.5/unsupported/tandem/popen.h
gawk-3.1.5/unsupported/tandem/strdup.c
gawk-3.1.5/unsupported/tandem/strnchk.c
gawk-3.1.5/unsupported/tandem/tmisc.c
gawk-3.1.5/vms/
gawk-3.1.5/vms/ChangeLog
gawk-3.1.5/vms/descrip.mms
gawk-3.1.5/vms/fcntl.h
gawk-3.1.5/vms/gawk.cld
gawk-3.1.5/vms/gawk.hlp
gawk-3.1.5/vms/gawkmisc.vms
gawk-3.1.5/vms/posix-cc.sh
gawk-3.1.5/vms/redirect.h
gawk-3.1.5/vms/unixlib.h
gawk-3.1.5/vms/varargs.h
gawk-3.1.5/vms/vms-conf.h
gawk-3.1.5/vms/vms.h
gawk-3.1.5/vms/vms_args.c
gawk-3.1.5/vms/vms_cli.c
gawk-3.1.5/vms/vms_fwrite.c
gawk-3.1.5/vms/vms_gawk.c
gawk-3.1.5/vms/vms_misc.c
gawk-3.1.5/vms/vms_popen.c
gawk-3.1.5/vms/vmsbuild.com
gawk-3.1.5/vms/vmstest.com
gawk-3.1.5/awklib/
gawk-3.1.5/awklib/Makefile.am
gawk-3.1.5/awklib/Makefile.in
gawk-3.1.5/awklib/ChangeLog
gawk-3.1.5/awklib/extract.awk
gawk-3.1.5/awklib/eg/
gawk-3.1.5/awklib/eg/lib/
gawk-3.1.5/awklib/eg/lib/bits2str.awk
gawk-3.1.5/awklib/eg/lib/ctime.awk
gawk-3.1.5/awklib/eg/lib/libintl.awk
gawk-3.1.5/awklib/eg/lib/nextfile.awk
gawk-3.1.5/awklib/eg/lib/strtonum.awk
gawk-3.1.5/awklib/eg/lib/assert.awk
gawk-3.1.5/awklib/eg/lib/round.awk
gawk-3.1.5/awklib/eg/lib/cliff_rand.awk
gawk-3.1.5/awklib/eg/lib/ord.awk
gawk-3.1.5/awklib/eg/lib/join.awk
gawk-3.1.5/awklib/eg/lib/gettime.awk
gawk-3.1.5/awklib/eg/lib/ftrans.awk
gawk-3.1.5/awklib/eg/lib/rewind.awk
gawk-3.1.5/awklib/eg/lib/readable.awk
gawk-3.1.5/awklib/eg/lib/zerofile.awk
gawk-3.1.5/awklib/eg/lib/noassign.awk
gawk-3.1.5/awklib/eg/lib/getopt.awk
gawk-3.1.5/awklib/eg/lib/pwcat.c
gawk-3.1.5/awklib/eg/lib/passwdawk.in
gawk-3.1.5/awklib/eg/lib/grcat.c
gawk-3.1.5/awklib/eg/lib/groupawk.in
gawk-3.1.5/awklib/eg/data/
gawk-3.1.5/awklib/eg/data/BBS-list
gawk-3.1.5/awklib/eg/data/inventory-shipped
gawk-3.1.5/awklib/eg/data/guide.po
gawk-3.1.5/awklib/eg/data/guide-mellow.po
gawk-3.1.5/awklib/eg/prog/
gawk-3.1.5/awklib/eg/prog/testbits.awk
gawk-3.1.5/awklib/eg/prog/guide.awk
gawk-3.1.5/awklib/eg/prog/cut.awk
gawk-3.1.5/awklib/eg/prog/egrep.awk
gawk-3.1.5/awklib/eg/prog/id.awk
gawk-3.1.5/awklib/eg/prog/split.awk
gawk-3.1.5/awklib/eg/prog/tee.awk
gawk-3.1.5/awklib/eg/prog/uniq.awk
gawk-3.1.5/awklib/eg/prog/wc.awk
gawk-3.1.5/awklib/eg/prog/dupword.awk
gawk-3.1.5/awklib/eg/prog/alarm.awk
gawk-3.1.5/awklib/eg/prog/translate.awk
gawk-3.1.5/awklib/eg/prog/labels.awk
gawk-3.1.5/awklib/eg/prog/wordfreq.awk
gawk-3.1.5/awklib/eg/prog/histsort.awk
gawk-3.1.5/awklib/eg/prog/extract.awk
gawk-3.1.5/awklib/eg/prog/awksed.awk
gawk-3.1.5/awklib/eg/prog/igawk.sh
gawk-3.1.5/awklib/eg/misc/
gawk-3.1.5/awklib/eg/misc/arraymax.awk
gawk-3.1.5/awklib/eg/misc/arraymax.data
gawk-3.1.5/awklib/eg/misc/findpat.awk
gawk-3.1.5/awklib/eg/misc/findpat.data
gawk-3.1.5/awklib/eg/network/
gawk-3.1.5/awklib/eg/network/fingerclient.awk
gawk-3.1.5/awklib/eg/network/hello-serv.awk
gawk-3.1.5/awklib/eg/network/coreserv.awk
gawk-3.1.5/awklib/eg/network/testserv.awk
gawk-3.1.5/awklib/eg/network/eliza.awk
gawk-3.1.5/awklib/eg/network/panic.awk
gawk-3.1.5/awklib/eg/network/geturl.awk
gawk-3.1.5/awklib/eg/network/remconf.awk
gawk-3.1.5/awklib/eg/network/urlchk.awk
gawk-3.1.5/awklib/eg/network/webgrab.awk
gawk-3.1.5/awklib/eg/network/statist.awk
gawk-3.1.5/awklib/eg/network/maze.awk
gawk-3.1.5/awklib/eg/network/PostAgent.sh
gawk-3.1.5/awklib/eg/network/mobag.awk
gawk-3.1.5/awklib/eg/network/stoxpred.awk
gawk-3.1.5/awklib/eg/network/stoxdata.txt
gawk-3.1.5/awklib/eg/network/protbase.request
gawk-3.1.5/awklib/eg/network/protbase.awk
gawk-3.1.5/awklib/eg/network/protbase.result
gawk-3.1.5/awklib/stamp-eg
gawk-3.1.5/doc/
gawk-3.1.5/doc/Makefile.am
gawk-3.1.5/doc/Makefile.in
gawk-3.1.5/doc/ChangeLog
gawk-3.1.5/doc/texinfo.tex
gawk-3.1.5/doc/gawk.texi
gawk-3.1.5/doc/gawkinet.texi
gawk-3.1.5/doc/README.card
gawk-3.1.5/doc/ad.block
gawk-3.1.5/doc/setter.outline
gawk-3.1.5/doc/awkcard.in
gawk-3.1.5/doc/awkforai.txt
gawk-3.1.5/doc/cardfonts
gawk-3.1.5/doc/macros
gawk-3.1.5/doc/colors
gawk-3.1.5/doc/no.colors
gawk-3.1.5/doc/gawk.1
gawk-3.1.5/doc/igawk.1
gawk-3.1.5/doc/lflashlight.eps
gawk-3.1.5/doc/rflashlight.eps
gawk-3.1.5/doc/statist.jpg
gawk-3.1.5/doc/statist.eps
gawk-3.1.5/doc/gawk.info
gawk-3.1.5/doc/gawkinet.info
gawk-3.1.5/test/
gawk-3.1.5/test/README
gawk-3.1.5/test/Makefile.am
gawk-3.1.5/test/Makefile.in
gawk-3.1.5/test/Maketests
gawk-3.1.5/test/ChangeLog
gawk-3.1.5/test/reg/
gawk-3.1.5/test/reg/Obsolete/
gawk-3.1.5/test/reg/Obsolete/exp.awk
gawk-3.1.5/test/reg/Obsolete/exp.good
gawk-3.1.5/test/reg/Obsolete/exp.in
gawk-3.1.5/test/reg/Obsolete/log.awk
gawk-3.1.5/test/reg/Obsolete/log.good
gawk-3.1.5/test/reg/Obsolete/log.in
gawk-3.1.5/test/reg/exp-eq.awk
gawk-3.1.5/test/reg/exp-eq.good
gawk-3.1.5/test/reg/exp-eq.in
gawk-3.1.5/test/reg/func.awk
gawk-3.1.5/test/reg/func.good
gawk-3.1.5/test/reg/func.in
gawk-3.1.5/test/reg/func2.awk
gawk-3.1.5/test/reg/func2.good
gawk-3.1.5/test/reg/func2.in
gawk-3.1.5/test/reg/func2.out
gawk-3.1.5/test/lib/
gawk-3.1.5/test/lib/awkpath.awk
gawk-3.1.5/test/Gentests
gawk-3.1.5/test/addcomma.awk
gawk-3.1.5/test/addcomma.in
gawk-3.1.5/test/addcomma.ok
gawk-3.1.5/test/anchgsub.awk
gawk-3.1.5/test/anchgsub.in
gawk-3.1.5/test/anchgsub.ok
gawk-3.1.5/test/argarray.awk
gawk-3.1.5/test/argarray.in
gawk-3.1.5/test/argarray.ok
gawk-3.1.5/test/argtest.awk
gawk-3.1.5/test/argtest.ok
gawk-3.1.5/test/arrayparm.awk
gawk-3.1.5/test/arrayparm.ok
gawk-3.1.5/test/arrayprm2.awk
gawk-3.1.5/test/arrayprm2.ok
gawk-3.1.5/test/arrayprm3.awk
gawk-3.1.5/test/arrayprm3.ok
gawk-3.1.5/test/arrayref.awk
gawk-3.1.5/test/arrayref.ok
gawk-3.1.5/test/arrymem1.awk
gawk-3.1.5/test/arrymem1.ok
gawk-3.1.5/test/arryref2.awk
gawk-3.1.5/test/arryref2.ok
gawk-3.1.5/test/arryref3.awk
gawk-3.1.5/test/arryref3.ok
gawk-3.1.5/test/arryref4.awk
gawk-3.1.5/test/arryref4.ok
gawk-3.1.5/test/arryref5.awk
gawk-3.1.5/test/arryref5.ok
gawk-3.1.5/test/arynasty.awk
gawk-3.1.5/test/arynasty.ok
gawk-3.1.5/test/arynocls.awk
gawk-3.1.5/test/arynocls.in
gawk-3.1.5/test/arynocls.ok
gawk-3.1.5/test/aryprm1.awk
gawk-3.1.5/test/aryprm1.ok
gawk-3.1.5/test/aryprm2.awk
gawk-3.1.5/test/aryprm2.ok
gawk-3.1.5/test/aryprm3.awk
gawk-3.1.5/test/aryprm3.ok
gawk-3.1.5/test/aryprm4.awk
gawk-3.1.5/test/aryprm4.ok
gawk-3.1.5/test/aryprm5.awk
gawk-3.1.5/test/aryprm5.ok
gawk-3.1.5/test/aryprm6.awk
gawk-3.1.5/test/aryprm6.ok
gawk-3.1.5/test/aryprm7.awk
gawk-3.1.5/test/aryprm7.ok
gawk-3.1.5/test/aryprm8.awk
gawk-3.1.5/test/aryprm8.ok
gawk-3.1.5/test/arysubnm.awk
gawk-3.1.5/test/arysubnm.ok
gawk-3.1.5/test/asgext.awk
gawk-3.1.5/test/asgext.in
gawk-3.1.5/test/asgext.ok
gawk-3.1.5/test/asort.awk
gawk-3.1.5/test/asort.ok
gawk-3.1.5/test/asorti.awk
gawk-3.1.5/test/asorti.ok
gawk-3.1.5/test/awkpath.ok
gawk-3.1.5/test/back89.awk
gawk-3.1.5/test/back89.in
gawk-3.1.5/test/back89.ok
gawk-3.1.5/test/backgsub.awk
gawk-3.1.5/test/backgsub.in
gawk-3.1.5/test/backgsub.ok
gawk-3.1.5/test/backw.awk
gawk-3.1.5/test/backw.in
gawk-3.1.5/test/backw.ok
gawk-3.1.5/test/badargs.ok
gawk-3.1.5/test/childin.awk
gawk-3.1.5/test/childin.in
gawk-3.1.5/test/childin.ok
gawk-3.1.5/test/clobber.awk
gawk-3.1.5/test/clobber.ok
gawk-3.1.5/test/clos1way.awk
gawk-3.1.5/test/clos1way.ok
gawk-3.1.5/test/clsflnam.awk
gawk-3.1.5/test/clsflnam.in
gawk-3.1.5/test/clsflnam.ok
gawk-3.1.5/test/compare.awk
gawk-3.1.5/test/compare.in
gawk-3.1.5/test/compare.ok
gawk-3.1.5/test/compare2.awk
gawk-3.1.5/test/compare2.ok
gawk-3.1.5/test/concat1.awk
gawk-3.1.5/test/concat1.in
gawk-3.1.5/test/concat1.ok
gawk-3.1.5/test/concat2.awk
gawk-3.1.5/test/concat2.ok
gawk-3.1.5/test/concat3.awk
gawk-3.1.5/test/concat3.ok
gawk-3.1.5/test/convfmt.awk
gawk-3.1.5/test/convfmt.ok
gawk-3.1.5/test/datanonl.awk
gawk-3.1.5/test/datanonl.in
gawk-3.1.5/test/datanonl.ok
gawk-3.1.5/test/defref.awk
gawk-3.1.5/test/defref.ok
gawk-3.1.5/test/delarprm.awk
gawk-3.1.5/test/delarprm.ok
gawk-3.1.5/test/delarpm2.awk
gawk-3.1.5/test/delarpm2.ok
gawk-3.1.5/test/delfunc.awk
gawk-3.1.5/test/delfunc.ok
gawk-3.1.5/test/dynlj.awk
gawk-3.1.5/test/dynlj.ok
gawk-3.1.5/test/eofsplit.awk
gawk-3.1.5/test/eofsplit.ok
gawk-3.1.5/test/exitval1.awk
gawk-3.1.5/test/exitval1.ok
gawk-3.1.5/test/exitval2.awk
gawk-3.1.5/test/exitval2.ok
gawk-3.1.5/test/fflush.ok
gawk-3.1.5/test/fflush.sh
gawk-3.1.5/test/fieldwdth.awk
gawk-3.1.5/test/fieldwdth.in
gawk-3.1.5/test/fieldwdth.ok
gawk-3.1.5/test/fldchg.awk
gawk-3.1.5/test/fldchg.in
gawk-3.1.5/test/fldchg.ok
gawk-3.1.5/test/fldchgnf.awk
gawk-3.1.5/test/fldchgnf.in
gawk-3.1.5/test/fldchgnf.ok
gawk-3.1.5/test/fmttest.awk
gawk-3.1.5/test/fmttest.ok
gawk-3.1.5/test/fnamedat.awk
gawk-3.1.5/test/fnamedat.in
gawk-3.1.5/test/fnamedat.ok
gawk-3.1.5/test/fnarray.awk
gawk-3.1.5/test/fnarray.ok
gawk-3.1.5/test/fnarray2.awk
gawk-3.1.5/test/fnarray2.ok
gawk-3.1.5/test/fnarydel.awk
gawk-3.1.5/test/fnarydel.ok
gawk-3.1.5/test/fnaryscl.awk
gawk-3.1.5/test/fnaryscl.ok
gawk-3.1.5/test/fnasgnm.awk
gawk-3.1.5/test/fnasgnm.in
gawk-3.1.5/test/fnasgnm.ok
gawk-3.1.5/test/fnmisc.awk
gawk-3.1.5/test/fnmisc.ok
gawk-3.1.5/test/fnparydl.awk
gawk-3.1.5/test/fnparydl.ok
gawk-3.1.5/test/fordel.awk
gawk-3.1.5/test/fordel.ok
gawk-3.1.5/test/forsimp.awk
gawk-3.1.5/test/forsimp.ok
gawk-3.1.5/test/fsbs.awk
gawk-3.1.5/test/fsbs.in
gawk-3.1.5/test/fsbs.ok
gawk-3.1.5/test/fsfwfs.awk
gawk-3.1.5/test/fsfwfs.in
gawk-3.1.5/test/fsfwfs.ok
gawk-3.1.5/test/fsrs.awk
gawk-3.1.5/test/fsrs.in
gawk-3.1.5/test/fsrs.ok
gawk-3.1.5/test/fsspcoln.awk
gawk-3.1.5/test/fsspcoln.in
gawk-3.1.5/test/fsspcoln.ok
gawk-3.1.5/test/fstabplus.awk
gawk-3.1.5/test/fstabplus.in
gawk-3.1.5/test/fstabplus.ok
gawk-3.1.5/test/funsemnl.awk
gawk-3.1.5/test/funsemnl.ok
gawk-3.1.5/test/funsmnam.awk
gawk-3.1.5/test/funsmnam.ok
gawk-3.1.5/test/funstack.awk
gawk-3.1.5/test/funstack.in
gawk-3.1.5/test/funstack.ok
gawk-3.1.5/test/gensub.awk
gawk-3.1.5/test/gensub.in
gawk-3.1.5/test/gensub.ok
gawk-3.1.5/test/gensub2.awk
gawk-3.1.5/test/gensub2.ok
gawk-3.1.5/test/getline.awk
gawk-3.1.5/test/getline.in
gawk-3.1.5/test/getline.ok
gawk-3.1.5/test/getline2.awk
gawk-3.1.5/test/getline2.ok
gawk-3.1.5/test/getline3.awk
gawk-3.1.5/test/getline3.ok
gawk-3.1.5/test/getlnbuf.awk
gawk-3.1.5/test/getlnbuf.in
gawk-3.1.5/test/getlnbuf.ok
gawk-3.1.5/test/getlnhd.awk
gawk-3.1.5/test/getlnhd.ok
gawk-3.1.5/test/getnr2tb.awk
gawk-3.1.5/test/getnr2tb.in
gawk-3.1.5/test/getnr2tb.ok
gawk-3.1.5/test/getnr2tm.awk
gawk-3.1.5/test/getnr2tm.in
gawk-3.1.5/test/getnr2tm.ok
gawk-3.1.5/test/gnuops2.awk
gawk-3.1.5/test/gnuops2.ok
gawk-3.1.5/test/gnuops3.awk
gawk-3.1.5/test/gnuops3.ok
gawk-3.1.5/test/hex.awk
gawk-3.1.5/test/gnureops.awk
gawk-3.1.5/test/gnureops.ok
gawk-3.1.5/test/gsubasgn.awk
gawk-3.1.5/test/gsubasgn.ok
gawk-3.1.5/test/gsubtest.awk
gawk-3.1.5/test/gsubtest.ok
gawk-3.1.5/test/gsubtst2.awk
gawk-3.1.5/test/gsubtst2.ok
gawk-3.1.5/test/gsubtst3.awk
gawk-3.1.5/test/gsubtst3.in
gawk-3.1.5/test/gsubtst3.ok
gawk-3.1.5/test/gsubtst4.awk
gawk-3.1.5/test/gsubtst4.ok
gawk-3.1.5/test/gsubtst5.awk
gawk-3.1.5/test/gsubtst5.in
gawk-3.1.5/test/gsubtst5.ok
gawk-3.1.5/test/gtlnbufv.awk
gawk-3.1.5/test/hex.ok
gawk-3.1.5/test/hsprint.awk
gawk-3.1.5/test/hsprint.ok
gawk-3.1.5/test/icasefs.awk
gawk-3.1.5/test/icasefs.ok
gawk-3.1.5/test/icasers.awk
gawk-3.1.5/test/icasers.in
gawk-3.1.5/test/icasers.ok
gawk-3.1.5/test/igncdym.awk
gawk-3.1.5/test/igncdym.in
gawk-3.1.5/test/igncdym.ok
gawk-3.1.5/test/igncfs.awk
gawk-3.1.5/test/igncfs.in
gawk-3.1.5/test/igncfs.ok
gawk-3.1.5/test/ignrcase.awk
gawk-3.1.5/test/ignrcase.in
gawk-3.1.5/test/ignrcase.ok
gawk-3.1.5/test/ignrcas2.awk
gawk-3.1.5/test/ignrcas2.ok
gawk-3.1.5/test/inftest.awk
gawk-3.1.5/test/inftest.ok
gawk-3.1.5/test/inputred.awk
gawk-3.1.5/test/inputred.ok
gawk-3.1.5/test/intest.awk
gawk-3.1.5/test/intest.ok
gawk-3.1.5/test/intprec.awk
gawk-3.1.5/test/intprec.ok
gawk-3.1.5/test/iobug1.awk
gawk-3.1.5/test/iobug1.ok
gawk-3.1.5/test/leaddig.awk
gawk-3.1.5/test/leaddig.ok
gawk-3.1.5/test/leadnl.awk
gawk-3.1.5/test/leadnl.in
gawk-3.1.5/test/leadnl.ok
gawk-3.1.5/test/lint.awk
gawk-3.1.5/test/lint.ok
gawk-3.1.5/test/litoct.awk
gawk-3.1.5/test/litoct.ok
gawk-3.1.5/test/longdbl.awk
gawk-3.1.5/test/longdbl.in
gawk-3.1.5/test/longdbl.ok
gawk-3.1.5/test/longsub.awk
gawk-3.1.5/test/longsub.in
gawk-3.1.5/test/longsub.ok
gawk-3.1.5/test/longwrds.awk
gawk-3.1.5/test/longwrds.ok
gawk-3.1.5/test/longwrds.in
gawk-3.1.5/test/manglprm.awk
gawk-3.1.5/test/manglprm.in
gawk-3.1.5/test/manglprm.ok
gawk-3.1.5/test/manyfiles.awk
gawk-3.1.5/test/manyfiles.ok
gawk-3.1.5/test/match1.awk
gawk-3.1.5/test/match1.ok
gawk-3.1.5/test/match2.awk
gawk-3.1.5/test/match2.ok
gawk-3.1.5/test/math.awk
gawk-3.1.5/test/math.ok
gawk-3.1.5/test/membug1.awk
gawk-3.1.5/test/membug1.in
gawk-3.1.5/test/membug1.ok
gawk-3.1.5/test/messages.awk
gawk-3.1.5/test/minusstr.awk
gawk-3.1.5/test/minusstr.ok
gawk-3.1.5/test/mmap8k.in
gawk-3.1.5/test/nasty.awk
gawk-3.1.5/test/nasty.ok
gawk-3.1.5/test/nasty2.awk
gawk-3.1.5/test/nasty2.ok
gawk-3.1.5/test/negexp.awk
gawk-3.1.5/test/negexp.ok
gawk-3.1.5/test/nested.awk
gawk-3.1.5/test/nested.in
gawk-3.1.5/test/nested.ok
gawk-3.1.5/test/nfldstr.awk
gawk-3.1.5/test/nfldstr.in
gawk-3.1.5/test/nfldstr.ok
gawk-3.1.5/test/nfneg.awk
gawk-3.1.5/test/nfneg.ok
gawk-3.1.5/test/nfset.awk
gawk-3.1.5/test/nfset.in
gawk-3.1.5/test/nfset.ok
gawk-3.1.5/test/nlfldsep.awk
gawk-3.1.5/test/nlfldsep.in
gawk-3.1.5/test/nlfldsep.ok
gawk-3.1.5/test/nlinstr.awk
gawk-3.1.5/test/nlinstr.in
gawk-3.1.5/test/nlinstr.ok
gawk-3.1.5/test/nlstrina.awk
gawk-3.1.5/test/nlstrina.ok
gawk-3.1.5/test/noeffect.awk
gawk-3.1.5/test/noeffect.ok
gawk-3.1.5/test/nofmtch.awk
gawk-3.1.5/test/nofmtch.ok
gawk-3.1.5/test/noloop1.awk
gawk-3.1.5/test/noloop1.in
gawk-3.1.5/test/noloop1.ok
gawk-3.1.5/test/noloop2.awk
gawk-3.1.5/test/noloop2.in
gawk-3.1.5/test/noloop2.ok
gawk-3.1.5/test/nondec.awk
gawk-3.1.5/test/nondec.ok
gawk-3.1.5/test/nondec2.awk
gawk-3.1.5/test/nondec2.ok
gawk-3.1.5/test/nonl.awk
gawk-3.1.5/test/nonl.ok
gawk-3.1.5/test/noparms.awk
gawk-3.1.5/test/noparms.ok
gawk-3.1.5/test/nors.in
gawk-3.1.5/test/nors.ok
gawk-3.1.5/test/nulrsend.awk
gawk-3.1.5/test/nulrsend.in
gawk-3.1.5/test/nulrsend.ok
gawk-3.1.5/test/numindex.awk
gawk-3.1.5/test/numindex.in
gawk-3.1.5/test/numindex.ok
gawk-3.1.5/test/numsubstr.awk
gawk-3.1.5/test/numsubstr.in
gawk-3.1.5/test/numsubstr.ok
gawk-3.1.5/test/octsub.awk
gawk-3.1.5/test/octsub.ok
gawk-3.1.5/test/ofmt.awk
gawk-3.1.5/test/ofmt.in
gawk-3.1.5/test/ofmt.ok
gawk-3.1.5/test/ofmtbig.awk
gawk-3.1.5/test/ofmtbig.in
gawk-3.1.5/test/ofmtbig.ok
gawk-3.1.5/test/ofmtfidl.awk
gawk-3.1.5/test/ofmtfidl.in
gawk-3.1.5/test/ofmtfidl.ok
gawk-3.1.5/test/ofmts.awk
gawk-3.1.5/test/ofmts.in
gawk-3.1.5/test/ofmts.ok
gawk-3.1.5/test/onlynl.awk
gawk-3.1.5/test/onlynl.in
gawk-3.1.5/test/onlynl.ok
gawk-3.1.5/test/opasnidx.awk
gawk-3.1.5/test/opasnidx.ok
gawk-3.1.5/test/opasnslf.awk
gawk-3.1.5/test/opasnslf.ok
gawk-3.1.5/test/out1.ok
gawk-3.1.5/test/out2.ok
gawk-3.1.5/test/out3.ok
gawk-3.1.5/test/paramdup.awk
gawk-3.1.5/test/paramdup.ok
gawk-3.1.5/test/paramtyp.awk
gawk-3.1.5/test/paramtyp.ok
gawk-3.1.5/test/parseme.awk
gawk-3.1.5/test/parseme.ok
gawk-3.1.5/test/pcntplus.awk
gawk-3.1.5/test/pcntplus.ok
gawk-3.1.5/test/pid.awk
gawk-3.1.5/test/pid.ok
gawk-3.1.5/test/pid.sh
gawk-3.1.5/test/pipeio1.awk
gawk-3.1.5/test/pipeio1.ok
gawk-3.1.5/test/pipeio2.awk
gawk-3.1.5/test/pipeio2.in
gawk-3.1.5/test/pipeio2.ok
gawk-3.1.5/test/posix.awk
gawk-3.1.5/test/posix.in
gawk-3.1.5/test/posix.ok
gawk-3.1.5/test/poundbang.awk
gawk-3.1.5/test/prdupval.awk
gawk-3.1.5/test/prdupval.in
gawk-3.1.5/test/prdupval.ok
gawk-3.1.5/test/prec.awk
gawk-3.1.5/test/prec.ok
gawk-3.1.5/test/printf0.awk
gawk-3.1.5/test/printf0.ok
gawk-3.1.5/test/printf1.awk
gawk-3.1.5/test/printf1.ok
gawk-3.1.5/test/printfbad1.awk
gawk-3.1.5/test/printfbad1.ok
gawk-3.1.5/test/printfloat.awk
gawk-3.1.5/test/printlang.awk
gawk-3.1.5/test/prmarscl.awk
gawk-3.1.5/test/prmarscl.ok
gawk-3.1.5/test/prmreuse.awk
gawk-3.1.5/test/prmreuse.ok
gawk-3.1.5/test/procinfs.awk
gawk-3.1.5/test/procinfs.ok
gawk-3.1.5/test/prt1eval.awk
gawk-3.1.5/test/prt1eval.ok
gawk-3.1.5/test/prtoeval.awk
gawk-3.1.5/test/prtoeval.ok
gawk-3.1.5/test/psx96sub.awk
gawk-3.1.5/test/psx96sub.ok
gawk-3.1.5/test/rand.awk
gawk-3.1.5/test/rand.ok
gawk-3.1.5/test/rebt8b1.awk
gawk-3.1.5/test/rebt8b1.ok
gawk-3.1.5/test/rebt8b2.awk
gawk-3.1.5/test/rebt8b2.ok
gawk-3.1.5/test/redfilnm.awk
gawk-3.1.5/test/redfilnm.in
gawk-3.1.5/test/redfilnm.ok
gawk-3.1.5/test/regeq.awk
gawk-3.1.5/test/regeq.in
gawk-3.1.5/test/regeq.ok
gawk-3.1.5/test/regtest.sh
gawk-3.1.5/test/regx8bit.awk
gawk-3.1.5/test/regx8bit.ok
gawk-3.1.5/test/rebuf.awk
gawk-3.1.5/test/rebuf.in
gawk-3.1.5/test/rebuf.ok
gawk-3.1.5/test/reindops.awk
gawk-3.1.5/test/reindops.in
gawk-3.1.5/test/reindops.ok
gawk-3.1.5/test/reint.awk
gawk-3.1.5/test/reint.in
gawk-3.1.5/test/reint.ok
gawk-3.1.5/test/reparse.awk
gawk-3.1.5/test/reparse.in
gawk-3.1.5/test/reparse.ok
gawk-3.1.5/test/resplit.awk
gawk-3.1.5/test/resplit.in
gawk-3.1.5/test/resplit.ok
gawk-3.1.5/test/rs.awk
gawk-3.1.5/test/rs.in
gawk-3.1.5/test/rs.ok
gawk-3.1.5/test/rsnul1nl.awk
gawk-3.1.5/test/rsnul1nl.in
gawk-3.1.5/test/rsnul1nl.ok
gawk-3.1.5/test/rsnulbig.ok
gawk-3.1.5/test/rsnulbig2.ok
gawk-3.1.5/test/rsstart1.awk
gawk-3.1.5/test/rsstart1.in
gawk-3.1.5/test/rsstart1.ok
gawk-3.1.5/test/rsstart2.awk
gawk-3.1.5/test/rsstart2.ok
gawk-3.1.5/test/rsstart3.ok
gawk-3.1.5/test/rstest1.awk
gawk-3.1.5/test/rstest1.ok
gawk-3.1.5/test/rstest2.awk
gawk-3.1.5/test/rstest2.ok
gawk-3.1.5/test/rstest3.awk
gawk-3.1.5/test/rstest3.ok
gawk-3.1.5/test/rstest4.awk
gawk-3.1.5/test/rstest4.ok
gawk-3.1.5/test/rstest5.awk
gawk-3.1.5/test/rstest5.ok
gawk-3.1.5/test/rstest6.awk
gawk-3.1.5/test/rstest6.in
gawk-3.1.5/test/rstest6.ok
gawk-3.1.5/test/rswhite.awk
gawk-3.1.5/test/rswhite.in
gawk-3.1.5/test/rswhite.ok
gawk-3.1.5/test/scalar.awk
gawk-3.1.5/test/scalar.ok
gawk-3.1.5/test/sclforin.awk
gawk-3.1.5/test/sclforin.ok
gawk-3.1.5/test/sclifin.awk
gawk-3.1.5/test/sclifin.ok
gawk-3.1.5/test/shadow.awk
gawk-3.1.5/test/shadow.ok
gawk-3.1.5/test/sort1.awk
gawk-3.1.5/test/sort1.ok
gawk-3.1.5/test/sortempty.awk
gawk-3.1.5/test/sortempty.ok
gawk-3.1.5/test/space.ok
gawk-3.1.5/test/splitargv.awk
gawk-3.1.5/test/splitargv.in
gawk-3.1.5/test/splitargv.ok
gawk-3.1.5/test/splitarr.awk
gawk-3.1.5/test/splitarr.ok
gawk-3.1.5/test/splitdef.awk
gawk-3.1.5/test/splitdef.ok
gawk-3.1.5/test/splitvar.awk
gawk-3.1.5/test/splitvar.in
gawk-3.1.5/test/splitvar.ok
gawk-3.1.5/test/splitwht.awk
gawk-3.1.5/test/splitwht.ok
gawk-3.1.5/test/sprintfc.awk
gawk-3.1.5/test/sprintfc.in
gawk-3.1.5/test/sprintfc.ok
gawk-3.1.5/test/strcat1.awk
gawk-3.1.5/test/strcat1.ok
gawk-3.1.5/test/strtod.awk
gawk-3.1.5/test/strtod.in
gawk-3.1.5/test/strtod.ok
gawk-3.1.5/test/strtonum.awk
gawk-3.1.5/test/strtonum.ok
gawk-3.1.5/test/strftime.awk
gawk-3.1.5/test/strftlng.awk
gawk-3.1.5/test/strftlng.ok
gawk-3.1.5/test/subamp.awk
gawk-3.1.5/test/subamp.in
gawk-3.1.5/test/subamp.ok
gawk-3.1.5/test/subsepnm.awk
gawk-3.1.5/test/subsepnm.ok
gawk-3.1.5/test/subslash.awk
gawk-3.1.5/test/subslash.ok
gawk-3.1.5/test/substr.awk
gawk-3.1.5/test/substr.ok
gawk-3.1.5/test/swaplns.awk
gawk-3.1.5/test/swaplns.in
gawk-3.1.5/test/swaplns.ok
gawk-3.1.5/test/switch2.awk
gawk-3.1.5/test/synerr1.awk
gawk-3.1.5/test/synerr1.ok
gawk-3.1.5/test/tradanch.awk
gawk-3.1.5/test/tradanch.in
gawk-3.1.5/test/tradanch.ok
gawk-3.1.5/test/tweakfld.awk
gawk-3.1.5/test/tweakfld.in
gawk-3.1.5/test/tweakfld.ok
gawk-3.1.5/test/uninit2.awk
gawk-3.1.5/test/uninit2.ok
gawk-3.1.5/test/uninit3.awk
gawk-3.1.5/test/uninit3.ok
gawk-3.1.5/test/uninit4.awk
gawk-3.1.5/test/uninit4.ok
gawk-3.1.5/test/uninitialized.awk
gawk-3.1.5/test/uninitialized.ok
gawk-3.1.5/test/unterm.awk
gawk-3.1.5/test/unterm.ok
gawk-3.1.5/test/whiny.awk
gawk-3.1.5/test/whiny.in
gawk-3.1.5/test/whiny.ok
gawk-3.1.5/test/wjposer1.awk
gawk-3.1.5/test/wjposer1.in
gawk-3.1.5/test/wjposer1.ok
gawk-3.1.5/test/zeroe0.awk
gawk-3.1.5/test/zeroe0.ok
gawk-3.1.5/test/zeroflag.awk
gawk-3.1.5/test/zeroflag.ok
