checking for a BSD-compatible install... ./install-sh -c
checking whether build environment is sane... yes
checking for gawk... gawk
checking whether make sets $(MAKE)... yes
checking for egrep... grep -E
checking for bison... bison -y
checking whether ln -s works... yes
checking for gcc... gcc
checking for C compiler default output file name... a.out
checking whether the C compiler works... yes
checking whether we are cross compiling... no
checking for suffix of executables... 
checking for suffix of object files... o
checking whether we are using the GNU C compiler... yes
checking whether gcc accepts -g... yes
checking for gcc option to accept ANSI C... none needed
checking for style of include used by make... GNU
checking dependency style of gcc... gcc3
checking how to run the C preprocessor... gcc -E
checking for ranlib... ranlib
checking for a BSD-compatible install... ./install-sh -c
checking whether make sets $(MAKE)... (cached) yes
checking for special development options... no
checking for AIX... no
checking for library containing strerror... none required
checking for ANSI C header files... yes
checking for sys/types.h... yes
checking for sys/stat.h... yes
checking for stdlib.h... yes
checking for string.h... yes
checking for memory.h... yes
checking for strings.h... yes
checking for inttypes.h... yes
checking for stdint.h... yes
checking for unistd.h... yes
checking minix/config.h usability... no
checking minix/config.h presence... no
checking for minix/config.h... no
checking for special C compiler options needed for large files... no
checking for _FILE_OFFSET_BITS value needed for large files... 64
checking for _LARGE_FILES value needed for large files... no
checking for AIX compilation hacks... no
checking for Linux/Alpha compilation hacks... no
checking for gcc... (cached) gcc
checking whether we are using the GNU C compiler... (cached) yes
checking whether gcc accepts -g... (cached) yes
checking for gcc option to accept ANSI C... (cached) none needed
checking dependency style of gcc... (cached) gcc3
checking for function prototypes... yes
checking for string.h... (cached) yes
checking whether NLS is requested... yes
checking for msgfmt... /usr/bin/msgfmt
checking for gmsgfmt... /usr/bin/msgfmt
checking for xgettext... /usr/bin/xgettext
checking for msgmerge... /usr/bin/msgmerge
checking build system type... i686-pc-linux-gnu
checking host system type... i686-pc-linux-gnu
checking for ld used by GCC... /usr/bin/ld
checking if the linker (/usr/bin/ld) is GNU ld... yes
checking for shared library run path origin... done
checking for CFPreferencesCopyAppValue... no
checking for CFLocaleCopyCurrent... no
checking whether NLS is requested... yes
checking for GNU gettext in libc... yes
checking whether to use NLS... yes
checking where the gettext function comes from... libc
checking for ANSI C header files... (cached) yes
checking for sys/wait.h that is POSIX.1 compatible... yes
checking whether time.h and sys/time.h may both be included... yes
checking fcntl.h usability... yes
checking fcntl.h presence... yes
checking for fcntl.h... yes
checking limits.h usability... yes
checking limits.h presence... yes
checking for limits.h... yes
checking locale.h usability... yes
checking locale.h presence... yes
checking for locale.h... yes
checking libintl.h usability... yes
checking libintl.h presence... yes
checking for libintl.h... yes
checking mcheck.h usability... yes
checking mcheck.h presence... yes
checking for mcheck.h... yes
checking netdb.h usability... yes
checking netdb.h presence... yes
checking for netdb.h... yes
checking netinet/in.h usability... yes
checking netinet/in.h presence... yes
checking for netinet/in.h... yes
checking signum.h usability... no
checking signum.h presence... no
checking for signum.h... no
checking stdarg.h usability... yes
checking stdarg.h presence... yes
checking for stdarg.h... yes
checking for string.h... (cached) yes
checking sys/param.h usability... yes
checking sys/param.h presence... yes
checking for sys/param.h... yes
checking sys/socket.h usability... yes
checking sys/socket.h presence... yes
checking for sys/socket.h... yes
checking sys/time.h usability... yes
checking sys/time.h presence... yes
checking for sys/time.h... yes
checking for unistd.h... (cached) yes
checking termios.h usability... yes
checking termios.h presence... yes
checking for termios.h... yes
checking stropts.h usability... yes
checking stropts.h presence... yes
checking for stropts.h... yes
checking wchar.h usability... yes
checking wchar.h presence... yes
checking for wchar.h... yes
checking wctype.h usability... yes
checking wctype.h presence... yes
checking for wctype.h... yes
checking for memory.h... (cached) yes
checking for pid_t... yes
checking return type of signal handlers... void
checking for size_t... yes
checking for uid_t in sys/types.h... yes
checking type of array argument to getgroups... gid_t
checking for long long... yes
checking for unsigned long long... yes
checking for inttypes.h... yes
checking for stdint.h... yes
checking for ssize_t... yes
checking for unsigned int... yes
checking size of unsigned int... 4
checking for unsigned long... yes
checking size of unsigned long... 4
checking for socklen_t... yes
checking for vprintf... yes
checking for _doprnt... no
checking for stdlib.h... (cached) yes
checking for strtod... yes
checking for strtod with C89 semantics... no
checking for stdlib.h... (cached) yes
checking for sys/time.h... (cached) yes
checking for unistd.h... (cached) yes
checking for alarm... yes
checking for working mktime... yes
checking for fmod in -lm... yes
checking for fmod... yes
checking for getgrent... yes
checking for getgroups... yes
checking for grantpt... yes
checking for iswctype... yes
checking for mbrlen... yes
checking for memcmp... yes
checking for memcpy... yes
checking for memmove... yes
checking for memset... yes
checking for setlocale... yes
checking for snprintf... yes
checking for strchr... yes
checking for strerror... yes
checking for strftime... yes
checking for strncasecmp... yes
checking for strtod... (cached) yes
checking for strtoul... yes
checking for system... yes
checking for tzset... yes
checking for isascii... yes
checking for btowc... yes
checking for iswlower... yes
checking for iswupper... yes
checking for towlower... yes
checking for towupper... yes
checking for wcrtomb... yes
checking for wcscoll... yes
checking for wcscoll... (cached) yes
checking for wctype... yes
checking whether mbrtowc and mbstate_t are properly declared... yes
checking dlfcn.h usability... yes
checking dlfcn.h presence... yes
checking for dlfcn.h... yes
checking for dlopen in -ldl... yes
checking whether getpgrp requires zero arguments... yes
checking for printf %F format... yes
checking for gethostbyname... yes
checking for connect... yes
checking where to find the socket library calls... the standard library
checking for struct stat.st_blksize... yes
checking whether time.h and sys/time.h may both be included... (cached) yes
checking whether struct tm is in sys/time.h or time.h... time.h
checking for struct tm.tm_zone... yes
checking whether char is unsigned... no
checking for an ANSI C-conforming const... yes
checking for C/C++ restrict keyword... __restrict
checking for inline... inline
checking for preprocessor stringizing operator... yes
configure: creating ./config.status
config.status: creating Makefile
config.status: creating awklib/Makefile
config.status: creating doc/Makefile
config.status: creating po/Makefile.in
config.status: creating test/Makefile
config.status: creating version.c
config.status: creating config.h
config.status: executing depfiles commands
config.status: executing default-1 commands
config.status: creating po/POTFILES
config.status: creating po/Makefile
config.status: fixing Makefile to keep version.c
