Found a patch, skipping...
util-linux-2.12r/
util-linux-2.12r/disk-utils/
util-linux-2.12r/disk-utils/Makefile
util-linux-2.12r/disk-utils/bitops.h
util-linux-2.12r/disk-utils/fsck.minix.c
util-linux-2.12r/disk-utils/fdprm
util-linux-2.12r/disk-utils/fdformat.8
util-linux-2.12r/disk-utils/fdformat.c
util-linux-2.12r/disk-utils/setfdprm.8
util-linux-2.12r/disk-utils/mkswap.c
util-linux-2.12r/disk-utils/setfdprm.c
util-linux-2.12r/disk-utils/fsck.minix.8
util-linux-2.12r/disk-utils/mkfs.8
util-linux-2.12r/disk-utils/mkfs.c
util-linux-2.12r/disk-utils/mkfs.minix.8
util-linux-2.12r/disk-utils/mkfs.minix.c
util-linux-2.12r/disk-utils/mkswap.8
util-linux-2.12r/disk-utils/raw.8
util-linux-2.12r/disk-utils/mkfs.bfs.c
util-linux-2.12r/disk-utils/mkfs.bfs.8
util-linux-2.12r/disk-utils/raw.c
util-linux-2.12r/disk-utils/blockdev.c
util-linux-2.12r/disk-utils/minix.h
util-linux-2.12r/disk-utils/isosize.8
util-linux-2.12r/disk-utils/elvtune.c
util-linux-2.12r/disk-utils/elvtune.8
util-linux-2.12r/disk-utils/isosize.c
util-linux-2.12r/disk-utils/cramfs.h
util-linux-2.12r/disk-utils/mkfs.cramfs.c
util-linux-2.12r/disk-utils/fsck.cramfs.c
util-linux-2.12r/disk-utils/blockdev.8
util-linux-2.12r/disk-utils/swapheader.h
util-linux-2.12r/Makefile
util-linux-2.12r/MCONFIG
util-linux-2.12r/HISTORY
util-linux-2.12r/fdisk/
util-linux-2.12r/fdisk/fdisk.8
util-linux-2.12r/fdisk/fdisk.c
util-linux-2.12r/fdisk/fdisk.h
util-linux-2.12r/fdisk/fdiskaixlabel.c
util-linux-2.12r/fdisk/fdiskaixlabel.h
util-linux-2.12r/fdisk/fdiskbsdlabel.c
util-linux-2.12r/fdisk/fdiskbsdlabel.h
util-linux-2.12r/fdisk/fdisksgilabel.c
util-linux-2.12r/fdisk/fdisksgilabel.h
util-linux-2.12r/fdisk/fdisksunlabel.c
util-linux-2.12r/fdisk/fdisksunlabel.h
util-linux-2.12r/fdisk/cfdisk.8
util-linux-2.12r/fdisk/cfdisk.c
util-linux-2.12r/fdisk/sfdisk.8
util-linux-2.12r/fdisk/sfdisk.c
util-linux-2.12r/fdisk/sfdisk.examples
util-linux-2.12r/fdisk/llseek.c
util-linux-2.12r/fdisk/README.cfdisk
util-linux-2.12r/fdisk/README.fdisk
util-linux-2.12r/fdisk/Makefile
util-linux-2.12r/fdisk/common.h
util-linux-2.12r/fdisk/i386_sys_types.c
util-linux-2.12r/fdisk/doc/
util-linux-2.12r/fdisk/doc/CFdisk-Portuguese.html
util-linux-2.12r/fdisk/doc/CFdisk-Portuguese.txt
util-linux-2.12r/fdisk/doc/Fdisk-Portuguese.html
util-linux-2.12r/fdisk/doc/Fdisk-Portuguese.txt
util-linux-2.12r/fdisk/partname.c
util-linux-2.12r/fdisk/partitiontype.c
util-linux-2.12r/fdisk/disksize.c
util-linux-2.12r/rescuept/
util-linux-2.12r/rescuept/rescuept.c
util-linux-2.12r/rescuept/README
util-linux-2.12r/mount/
util-linux-2.12r/mount/h/
util-linux-2.12r/mount/h/swap.h
util-linux-2.12r/mount/rpcsvc/
util-linux-2.12r/mount/rpcsvc/nfsmount.h
util-linux-2.12r/mount/rpcsvc/nfsmount.x
util-linux-2.12r/mount/rpcsvc/nfsmount_clnt.c
util-linux-2.12r/mount/rpcsvc/nfsmount_xdr.c
util-linux-2.12r/mount/Makefile
util-linux-2.12r/mount/mount_guess_fstype.c
util-linux-2.12r/mount/README.mount
util-linux-2.12r/mount/fstab.5
util-linux-2.12r/mount/fstab.c
util-linux-2.12r/mount/fstab.h
util-linux-2.12r/mount/linux_fs.h
util-linux-2.12r/mount/lomount.c
util-linux-2.12r/mount/lomount.h
util-linux-2.12r/mount/losetup.8
util-linux-2.12r/mount/mount.8
util-linux-2.12r/mount/mount.c
util-linux-2.12r/mount/mount_constants.h
util-linux-2.12r/mount/nfs.5
util-linux-2.12r/mount/nfs_mount4.h
util-linux-2.12r/mount/nfsmount.c
util-linux-2.12r/mount/nfsmount.x
util-linux-2.12r/mount/pivot_root.8
util-linux-2.12r/mount/pivot_root.c
util-linux-2.12r/mount/realpath.c
util-linux-2.12r/mount/sundries.c
util-linux-2.12r/mount/sundries.h
util-linux-2.12r/mount/swap.configure
util-linux-2.12r/mount/swapoff.8
util-linux-2.12r/mount/swapon.8
util-linux-2.12r/mount/swapon.c
util-linux-2.12r/mount/umount.8
util-linux-2.12r/mount/umount.c
util-linux-2.12r/mount/version.c
util-linux-2.12r/mount/mntent.c
util-linux-2.12r/mount/mount_guess_fstype.h
util-linux-2.12r/mount/swap_constants.h
util-linux-2.12r/mount/mntent.h
util-linux-2.12r/mount/mount_by_label.c
util-linux-2.12r/mount/mount_by_label.h
util-linux-2.12r/mount/getusername.c
util-linux-2.12r/mount/getusername.h
util-linux-2.12r/mount/realpath.h
util-linux-2.12r/mount/mount_guess_rootdev.c
util-linux-2.12r/mount/nfs_mount4.h.sv
util-linux-2.12r/mount/mount_guess_rootdev.h
util-linux-2.12r/mount/get_label_uuid.c
util-linux-2.12r/mount/get_label_uuid.h
util-linux-2.12r/mount/mount.smbfs
util-linux-2.12r/mount/loop.h
util-linux-2.12r/mount/my_dev_t.h
util-linux-2.12r/mount/paths.h
util-linux-2.12r/mount/mount_blkid.c
util-linux-2.12r/mount/mount_blkid.h
util-linux-2.12r/mount/xmalloc.h
util-linux-2.12r/mount/xmalloc.c
util-linux-2.12r/lib/
util-linux-2.12r/lib/my_reboot.c
util-linux-2.12r/lib/linux_reboot.h
util-linux-2.12r/lib/Makefile
util-linux-2.12r/lib/err.c
util-linux-2.12r/lib/pathnames.h
util-linux-2.12r/lib/setproctitle.c
util-linux-2.12r/lib/setproctitle.h
util-linux-2.12r/lib/env.c
util-linux-2.12r/lib/env.h
util-linux-2.12r/lib/nls.h
util-linux-2.12r/lib/widechar.h
util-linux-2.12r/lib/README.widechar
util-linux-2.12r/lib/errs.h
util-linux-2.12r/lib/sysmacros.h
util-linux-2.12r/lib/xstrncpy.c
util-linux-2.12r/lib/xstrncpy.h
util-linux-2.12r/lib/carefulputc.c
util-linux-2.12r/lib/carefulputc.h
util-linux-2.12r/lib/md5.c
util-linux-2.12r/lib/md5.h
util-linux-2.12r/mkminix-0.1/
util-linux-2.12r/mkminix-0.1/README
util-linux-2.12r/mkminix-0.1/linux/
util-linux-2.12r/mkminix-0.1/linux/minix_fs.h
util-linux-2.12r/mkminix-0.1/mkmin-dj.h
util-linux-2.12r/mkminix-0.1/mkminix.diff
util-linux-2.12r/example.files/
util-linux-2.12r/example.files/fstab
util-linux-2.12r/example.files/inittab
util-linux-2.12r/example.files/issue
util-linux-2.12r/example.files/motd
util-linux-2.12r/example.files/rc
util-linux-2.12r/example.files/rc.local
util-linux-2.12r/example.files/securetty
util-linux-2.12r/example.files/shells
util-linux-2.12r/example.files/issue0
util-linux-2.12r/example.files/filesystems
util-linux-2.12r/testincl
util-linux-2.12r/login-utils/
util-linux-2.12r/login-utils/Makefile
util-linux-2.12r/login-utils/agetty.c
util-linux-2.12r/login-utils/README.getty
util-linux-2.12r/login-utils/README.modems-with-agetty
util-linux-2.12r/login-utils/README.poeigl
util-linux-2.12r/login-utils/agetty.8
util-linux-2.12r/login-utils/checktty.c
util-linux-2.12r/login-utils/chfn.1
util-linux-2.12r/login-utils/chfn.c
util-linux-2.12r/login-utils/chsh.1
util-linux-2.12r/login-utils/chsh.c
util-linux-2.12r/login-utils/cryptocard.c
util-linux-2.12r/login-utils/fastboot.8
util-linux-2.12r/login-utils/fasthalt.8
util-linux-2.12r/login-utils/halt.8
util-linux-2.12r/login-utils/islocal.c
util-linux-2.12r/login-utils/last.1
util-linux-2.12r/login-utils/simpleinit.c
util-linux-2.12r/login-utils/last.c
util-linux-2.12r/login-utils/passwd.c
util-linux-2.12r/login-utils/login.1
util-linux-2.12r/login-utils/login.c
util-linux-2.12r/login-utils/mesg.1
util-linux-2.12r/login-utils/mesg.c
util-linux-2.12r/login-utils/my_crypt.h
util-linux-2.12r/login-utils/newgrp.1
util-linux-2.12r/login-utils/newgrp.c
util-linux-2.12r/login-utils/passwd.1
util-linux-2.12r/login-utils/reboot.8
util-linux-2.12r/login-utils/setpwnam.c
util-linux-2.12r/login-utils/setpwnam.h
util-linux-2.12r/login-utils/shutdown.8
util-linux-2.12r/login-utils/shutdown.c
util-linux-2.12r/login-utils/simpleinit.8
util-linux-2.12r/login-utils/ttymsg.c
util-linux-2.12r/login-utils/vigr.8
util-linux-2.12r/login-utils/vipw.8
util-linux-2.12r/login-utils/vipw.c
util-linux-2.12r/login-utils/wall.1
util-linux-2.12r/login-utils/wall.c
util-linux-2.12r/login-utils/cryptocard.h
util-linux-2.12r/login-utils/login.h
util-linux-2.12r/login-utils/initctl.c
util-linux-2.12r/login-utils/islocal.h
util-linux-2.12r/login-utils/initctl.8
util-linux-2.12r/login-utils/simpleinit.h
util-linux-2.12r/login-utils/ttymsg.h
util-linux-2.12r/login-utils/selinux_utils.h
util-linux-2.12r/login-utils/selinux_utils.c
util-linux-2.12r/misc-utils/
util-linux-2.12r/misc-utils/Makefile
util-linux-2.12r/misc-utils/README.cal
util-linux-2.12r/misc-utils/README.namei
util-linux-2.12r/misc-utils/README1.namei
util-linux-2.12r/misc-utils/cal.1
util-linux-2.12r/misc-utils/cal.c
util-linux-2.12r/misc-utils/chkdupexe.1
util-linux-2.12r/misc-utils/chkdupexe.pl
util-linux-2.12r/misc-utils/ddate.1
util-linux-2.12r/misc-utils/ddate.c
util-linux-2.12r/misc-utils/look.c
util-linux-2.12r/misc-utils/kill.1
util-linux-2.12r/misc-utils/kill.c
util-linux-2.12r/misc-utils/logger.1
util-linux-2.12r/misc-utils/logger.c
util-linux-2.12r/misc-utils/look.1
util-linux-2.12r/misc-utils/mcookie.1
util-linux-2.12r/misc-utils/mcookie.c
util-linux-2.12r/misc-utils/namei.1
util-linux-2.12r/misc-utils/namei.c
util-linux-2.12r/misc-utils/procs.c
util-linux-2.12r/misc-utils/reset.1
util-linux-2.12r/misc-utils/reset.sh
util-linux-2.12r/misc-utils/script.1
util-linux-2.12r/misc-utils/script.c
util-linux-2.12r/misc-utils/setterm.1
util-linux-2.12r/misc-utils/setterm.c
util-linux-2.12r/misc-utils/flushb.c
util-linux-2.12r/misc-utils/rename.1
util-linux-2.12r/misc-utils/whereis.1
util-linux-2.12r/misc-utils/whereis.c
util-linux-2.12r/misc-utils/write.1
util-linux-2.12r/misc-utils/write.c
util-linux-2.12r/misc-utils/sparc-solaris-hostid.sh
util-linux-2.12r/misc-utils/ddate.doc
util-linux-2.12r/misc-utils/rename.c
util-linux-2.12r/misc-utils/kill.h
util-linux-2.12r/misc-utils/scriptreplay.1
util-linux-2.12r/misc-utils/scriptreplay.pl
util-linux-2.12r/misc-utils/cal_test.sh
util-linux-2.12r/sys-utils/
util-linux-2.12r/sys-utils/Makefile
util-linux-2.12r/sys-utils/arch.1
util-linux-2.12r/sys-utils/arch.c
util-linux-2.12r/sys-utils/ctrlaltdel.8
util-linux-2.12r/sys-utils/ctrlaltdel.c
util-linux-2.12r/sys-utils/cytune.8
util-linux-2.12r/sys-utils/cytune.c
util-linux-2.12r/sys-utils/dmesg.8
util-linux-2.12r/sys-utils/dmesg.c
util-linux-2.12r/sys-utils/ipcrm.8
util-linux-2.12r/sys-utils/ipc.info
util-linux-2.12r/sys-utils/ipc.texi
util-linux-2.12r/sys-utils/ipcrm.c
util-linux-2.12r/sys-utils/ipcs.8
util-linux-2.12r/sys-utils/ipcs.c
util-linux-2.12r/sys-utils/ramsize.8
util-linux-2.12r/sys-utils/rdev.8
util-linux-2.12r/sys-utils/rdev.c
util-linux-2.12r/sys-utils/readprofile.1
util-linux-2.12r/sys-utils/readprofile.c
util-linux-2.12r/sys-utils/renice.8
util-linux-2.12r/sys-utils/renice.c
util-linux-2.12r/sys-utils/rootflags.8
util-linux-2.12r/sys-utils/setsid.8
util-linux-2.12r/sys-utils/setsid.c
util-linux-2.12r/sys-utils/sln.c
util-linux-2.12r/sys-utils/tunelp.8
util-linux-2.12r/sys-utils/tunelp.c
util-linux-2.12r/sys-utils/vidmode.8
util-linux-2.12r/sys-utils/sln.8
util-linux-2.12r/sys-utils/lp.h
util-linux-2.12r/sys-utils/flock.c
util-linux-2.12r/sys-utils/cyclades.h
util-linux-2.12r/sys-utils/flock.1
util-linux-2.12r/text-utils/
util-linux-2.12r/text-utils/Makefile
util-linux-2.12r/text-utils/README.col
util-linux-2.12r/text-utils/col.1
util-linux-2.12r/text-utils/col.c
util-linux-2.12r/text-utils/colcrt.1
util-linux-2.12r/text-utils/colcrt.c
util-linux-2.12r/text-utils/colrm.1
util-linux-2.12r/text-utils/colrm.c
util-linux-2.12r/text-utils/column.1
util-linux-2.12r/text-utils/column.c
util-linux-2.12r/text-utils/conv.c
util-linux-2.12r/text-utils/display.c
util-linux-2.12r/text-utils/hexdump.1
util-linux-2.12r/text-utils/hexdump.c
util-linux-2.12r/text-utils/hexdump.h
util-linux-2.12r/text-utils/more.1
util-linux-2.12r/text-utils/hexsyntax.c
util-linux-2.12r/text-utils/more.c
util-linux-2.12r/text-utils/od.1
util-linux-2.12r/text-utils/odsyntax.c
util-linux-2.12r/text-utils/parse.c
util-linux-2.12r/text-utils/rev.1
util-linux-2.12r/text-utils/rev.c
util-linux-2.12r/text-utils/ul.1
util-linux-2.12r/text-utils/ul.c
util-linux-2.12r/text-utils/line.1
util-linux-2.12r/text-utils/tailf.1
util-linux-2.12r/text-utils/pg.1
util-linux-2.12r/text-utils/line.c
util-linux-2.12r/text-utils/pg.c
util-linux-2.12r/text-utils/README.pg
util-linux-2.12r/text-utils/tailf.c
util-linux-2.12r/text-utils/README.clear
util-linux-2.12r/text-utils/README.reset
util-linux-2.12r/text-utils/clear
util-linux-2.12r/text-utils/clear.1
util-linux-2.12r/text-utils/reset
util-linux-2.12r/text-utils/LICENSE.pg
util-linux-2.12r/INSTALL
util-linux-2.12r/mkinstalldirs
util-linux-2.12r/configure
util-linux-2.12r/po/
util-linux-2.12r/po/fi.po
util-linux-2.12r/po/Makefile
util-linux-2.12r/po/pt_BR.po
util-linux-2.12r/po/stamp-cat-id
util-linux-2.12r/po/update-potfiles
util-linux-2.12r/po/tr.po
util-linux-2.12r/po/fr.po
util-linux-2.12r/po/GNU.ABOUT-NLS
util-linux-2.12r/po/de.po
util-linux-2.12r/po/nl.po
util-linux-2.12r/po/po2tbl.sed
util-linux-2.12r/po/it.po
util-linux-2.12r/po/ja.po
util-linux-2.12r/po/cs.po
util-linux-2.12r/po/da.po
util-linux-2.12r/po/sv.po
util-linux-2.12r/po/es.po
util-linux-2.12r/po/POTFILES.in
util-linux-2.12r/po/et.po
util-linux-2.12r/po/ca.po
util-linux-2.12r/po/sl.po
util-linux-2.12r/po/ru.po
util-linux-2.12r/po/uk.po
util-linux-2.12r/po/util-linux.pot
util-linux-2.12r/licenses/
util-linux-2.12r/licenses/COPYING.GPL
util-linux-2.12r/licenses/COPYING.UCB
util-linux-2.12r/VERSION
util-linux-2.12r/MAINTAINER
util-linux-2.12r/README
util-linux-2.12r/hwclock/
util-linux-2.12r/hwclock/README.hwclock
util-linux-2.12r/hwclock/hwclock.8
util-linux-2.12r/hwclock/hwclock.c
util-linux-2.12r/hwclock/kd.c
util-linux-2.12r/hwclock/cmos.c
util-linux-2.12r/hwclock/rtc.c
util-linux-2.12r/hwclock/Makefile
util-linux-2.12r/hwclock/clock.h
util-linux-2.12r/hwclock/clock-ppc.c
util-linux-2.12r/partx/
util-linux-2.12r/partx/Makefile
util-linux-2.12r/partx/partx.c
util-linux-2.12r/partx/addpart.c
util-linux-2.12r/partx/delpart.c
util-linux-2.12r/partx/partx.h
util-linux-2.12r/partx/solaris.c
util-linux-2.12r/partx/bsd.c
util-linux-2.12r/partx/dos.c
util-linux-2.12r/partx/unixware.c
util-linux-2.12r/partx/crc32.c
util-linux-2.12r/partx/crc32.h
util-linux-2.12r/partx/dos.h
util-linux-2.12r/partx/efi.h
util-linux-2.12r/partx/gpt.c
util-linux-2.12r/partx/gpt.h
util-linux-2.12r/getopt/
util-linux-2.12r/getopt/getopt.c
util-linux-2.12r/getopt/Makefile
util-linux-2.12r/getopt/gnu/
util-linux-2.12r/getopt/gnu/getopt.c
util-linux-2.12r/getopt/gnu/getopt1.c
util-linux-2.12r/getopt/gnu/getopt.h
util-linux-2.12r/getopt/getopt-test.bash
util-linux-2.12r/getopt/getopt.1
util-linux-2.12r/getopt/TODO
util-linux-2.12r/getopt/COPYING
util-linux-2.12r/getopt/getopt-1.1.3.lsm
util-linux-2.12r/getopt/README
util-linux-2.12r/getopt/Changelog
util-linux-2.12r/getopt/getopt-test.tcsh
util-linux-2.12r/getopt/getopt-parse.bash
util-linux-2.12r/getopt/getopt-parse.tcsh
