make[1]: Entering directory `/mnt/sda1/aethernet/subversion/checkout/main/trunk/autobuild/packages/util-linux/util-linux-2.12r/unpack/util-linux-2.12r/po'
installing ca.gmo as /usr/local/aethernet/subversion/checkout/main/trunk/autobuild/packages/util-linux/util-linux-2.12r/unpack/util-linux-2.12r/../../pkg/debian/usr/share/locale/ca/LC_MESSAGES/util-linux.mo
installing cs.gmo as /usr/local/aethernet/subversion/checkout/main/trunk/autobuild/packages/util-linux/util-linux-2.12r/unpack/util-linux-2.12r/../../pkg/debian/usr/share/locale/cs/LC_MESSAGES/util-linux.mo
installing da.gmo as /usr/local/aethernet/subversion/checkout/main/trunk/autobuild/packages/util-linux/util-linux-2.12r/unpack/util-linux-2.12r/../../pkg/debian/usr/share/locale/da/LC_MESSAGES/util-linux.mo
installing de.gmo as /usr/local/aethernet/subversion/checkout/main/trunk/autobuild/packages/util-linux/util-linux-2.12r/unpack/util-linux-2.12r/../../pkg/debian/usr/share/locale/de/LC_MESSAGES/util-linux.mo
installing es.gmo as /usr/local/aethernet/subversion/checkout/main/trunk/autobuild/packages/util-linux/util-linux-2.12r/unpack/util-linux-2.12r/../../pkg/debian/usr/share/locale/es/LC_MESSAGES/util-linux.mo
installing et.gmo as /usr/local/aethernet/subversion/checkout/main/trunk/autobuild/packages/util-linux/util-linux-2.12r/unpack/util-linux-2.12r/../../pkg/debian/usr/share/locale/et/LC_MESSAGES/util-linux.mo
installing fi.gmo as /usr/local/aethernet/subversion/checkout/main/trunk/autobuild/packages/util-linux/util-linux-2.12r/unpack/util-linux-2.12r/../../pkg/debian/usr/share/locale/fi/LC_MESSAGES/util-linux.mo
installing fr.gmo as /usr/local/aethernet/subversion/checkout/main/trunk/autobuild/packages/util-linux/util-linux-2.12r/unpack/util-linux-2.12r/../../pkg/debian/usr/share/locale/fr/LC_MESSAGES/util-linux.mo
installing it.gmo as /usr/local/aethernet/subversion/checkout/main/trunk/autobuild/packages/util-linux/util-linux-2.12r/unpack/util-linux-2.12r/../../pkg/debian/usr/share/locale/it/LC_MESSAGES/util-linux.mo
installing ja.gmo as /usr/local/aethernet/subversion/checkout/main/trunk/autobuild/packages/util-linux/util-linux-2.12r/unpack/util-linux-2.12r/../../pkg/debian/usr/share/locale/ja/LC_MESSAGES/util-linux.mo
installing nl.gmo as /usr/local/aethernet/subversion/checkout/main/trunk/autobuild/packages/util-linux/util-linux-2.12r/unpack/util-linux-2.12r/../../pkg/debian/usr/share/locale/nl/LC_MESSAGES/util-linux.mo
installing pt_BR.gmo as /usr/local/aethernet/subversion/checkout/main/trunk/autobuild/packages/util-linux/util-linux-2.12r/unpack/util-linux-2.12r/../../pkg/debian/usr/share/locale/pt_BR/LC_MESSAGES/util-linux.mo
installing sl.gmo as /usr/local/aethernet/subversion/checkout/main/trunk/autobuild/packages/util-linux/util-linux-2.12r/unpack/util-linux-2.12r/../../pkg/debian/usr/share/locale/sl/LC_MESSAGES/util-linux.mo
installing sv.gmo as /usr/local/aethernet/subversion/checkout/main/trunk/autobuild/packages/util-linux/util-linux-2.12r/unpack/util-linux-2.12r/../../pkg/debian/usr/share/locale/sv/LC_MESSAGES/util-linux.mo
installing tr.gmo as /usr/local/aethernet/subversion/checkout/main/trunk/autobuild/packages/util-linux/util-linux-2.12r/unpack/util-linux-2.12r/../../pkg/debian/usr/share/locale/tr/LC_MESSAGES/util-linux.mo
installing uk.gmo as /usr/local/aethernet/subversion/checkout/main/trunk/autobuild/packages/util-linux/util-linux-2.12r/unpack/util-linux-2.12r/../../pkg/debian/usr/share/locale/uk/LC_MESSAGES/util-linux.mo
make[1]: Leaving directory `/mnt/sda1/aethernet/subversion/checkout/main/trunk/autobuild/packages/util-linux/util-linux-2.12r/unpack/util-linux-2.12r/po'
make[1]: Entering directory `/mnt/sda1/aethernet/subversion/checkout/main/trunk/autobuild/packages/util-linux/util-linux-2.12r/unpack/util-linux-2.12r/lib'
make[1]: Nothing to be done for `install'.
make[1]: Leaving directory `/mnt/sda1/aethernet/subversion/checkout/main/trunk/autobuild/packages/util-linux/util-linux-2.12r/unpack/util-linux-2.12r/lib'
make[1]: Entering directory `/mnt/sda1/aethernet/subversion/checkout/main/trunk/autobuild/packages/util-linux/util-linux-2.12r/unpack/util-linux-2.12r/getopt'
install -d -m 755 /usr/local/aethernet/subversion/checkout/main/trunk/autobuild/packages/util-linux/util-linux-2.12r/unpack/util-linux-2.12r/../../pkg/debian/usr/bin /usr/local/aethernet/subversion/checkout/main/trunk/autobuild/packages/util-linux/util-linux-2.12r/unpack/util-linux-2.12r/../../pkg/debian/usr/share/man/man1 /usr/local/aethernet/subversion/checkout/main/trunk/autobuild/packages/util-linux/util-linux-2.12r/unpack/util-linux-2.12r/../../pkg/debian/usr/share/misc/getopt
install -m 755 getopt /usr/local/aethernet/subversion/checkout/main/trunk/autobuild/packages/util-linux/util-linux-2.12r/unpack/util-linux-2.12r/../../pkg/debian/usr/bin
install -m 644 getopt.1 /usr/local/aethernet/subversion/checkout/main/trunk/autobuild/packages/util-linux/util-linux-2.12r/unpack/util-linux-2.12r/../../pkg/debian/usr/share/man/man1
install -m 755 getopt-parse.bash getopt-parse.tcsh \
              getopt-test.bash getopt-test.tcsh /usr/local/aethernet/subversion/checkout/main/trunk/autobuild/packages/util-linux/util-linux-2.12r/unpack/util-linux-2.12r/../../pkg/debian/usr/share/misc/getopt
make[1]: Leaving directory `/mnt/sda1/aethernet/subversion/checkout/main/trunk/autobuild/packages/util-linux/util-linux-2.12r/unpack/util-linux-2.12r/getopt'
make[1]: Entering directory `/mnt/sda1/aethernet/subversion/checkout/main/trunk/autobuild/packages/util-linux/util-linux-2.12r/unpack/util-linux-2.12r/disk-utils'
install -d -m 755 /usr/local/aethernet/subversion/checkout/main/trunk/autobuild/packages/util-linux/util-linux-2.12r/unpack/util-linux-2.12r/../../pkg/debian/sbin /usr/local/aethernet/subversion/checkout/main/trunk/autobuild/packages/util-linux/util-linux-2.12r/unpack/util-linux-2.12r/../../pkg/debian/usr/bin /usr/local/aethernet/subversion/checkout/main/trunk/autobuild/packages/util-linux/util-linux-2.12r/unpack/util-linux-2.12r/../../pkg/debian/etc
install -m 755 mkfs mkswap blockdev elvtune fsck.minix mkfs.minix mkfs.bfs fsck.cramfs mkfs.cramfs /usr/local/aethernet/subversion/checkout/main/trunk/autobuild/packages/util-linux/util-linux-2.12r/unpack/util-linux-2.12r/../../pkg/debian/sbin
install -m 755 fdformat isosize setfdprm raw /usr/local/aethernet/subversion/checkout/main/trunk/autobuild/packages/util-linux/util-linux-2.12r/unpack/util-linux-2.12r/../../pkg/debian/usr/bin
install -m 644 fdprm /usr/local/aethernet/subversion/checkout/main/trunk/autobuild/packages/util-linux/util-linux-2.12r/unpack/util-linux-2.12r/../../pkg/debian/etc
install -d -m 755 /usr/local/aethernet/subversion/checkout/main/trunk/autobuild/packages/util-linux/util-linux-2.12r/unpack/util-linux-2.12r/../../pkg/debian/usr/share/man/man8
install -m 644 blockdev.8 fdformat.8 isosize.8 mkfs.8 mkswap.8 elvtune.8 fsck.minix.8 mkfs.minix.8 mkfs.bfs.8 setfdprm.8 raw.8 /usr/local/aethernet/subversion/checkout/main/trunk/autobuild/packages/util-linux/util-linux-2.12r/unpack/util-linux-2.12r/../../pkg/debian/usr/share/man/man8
make[1]: Leaving directory `/mnt/sda1/aethernet/subversion/checkout/main/trunk/autobuild/packages/util-linux/util-linux-2.12r/unpack/util-linux-2.12r/disk-utils'
make[1]: Entering directory `/mnt/sda1/aethernet/subversion/checkout/main/trunk/autobuild/packages/util-linux/util-linux-2.12r/unpack/util-linux-2.12r/login-utils'
install -d -m 755 /usr/local/aethernet/subversion/checkout/main/trunk/autobuild/packages/util-linux/util-linux-2.12r/unpack/util-linux-2.12r/../../pkg/debian/sbin
install -m 755 agetty /usr/local/aethernet/subversion/checkout/main/trunk/autobuild/packages/util-linux/util-linux-2.12r/unpack/util-linux-2.12r/../../pkg/debian/sbin
install -d -m 755 /usr/local/aethernet/subversion/checkout/main/trunk/autobuild/packages/util-linux/util-linux-2.12r/unpack/util-linux-2.12r/../../pkg/debian/usr/share/man/man8
install -m 644 agetty.8 /usr/local/aethernet/subversion/checkout/main/trunk/autobuild/packages/util-linux/util-linux-2.12r/unpack/util-linux-2.12r/../../pkg/debian/usr/share/man/man8
make[1]: Leaving directory `/mnt/sda1/aethernet/subversion/checkout/main/trunk/autobuild/packages/util-linux/util-linux-2.12r/unpack/util-linux-2.12r/login-utils'
make[1]: Entering directory `/mnt/sda1/aethernet/subversion/checkout/main/trunk/autobuild/packages/util-linux/util-linux-2.12r/unpack/util-linux-2.12r/misc-utils'
install -d -m 755 /usr/local/aethernet/subversion/checkout/main/trunk/autobuild/packages/util-linux/util-linux-2.12r/unpack/util-linux-2.12r/../../pkg/debian/bin /usr/local/aethernet/subversion/checkout/main/trunk/autobuild/packages/util-linux/util-linux-2.12r/unpack/util-linux-2.12r/../../pkg/debian/usr/bin
install -m 755 cal chkdupexe ddate logger look mcookie namei rename script whereis write setterm /usr/local/aethernet/subversion/checkout/main/trunk/autobuild/packages/util-linux/util-linux-2.12r/unpack/util-linux-2.12r/../../pkg/debian/usr/bin
install -d -m 755 /usr/local/aethernet/subversion/checkout/main/trunk/autobuild/packages/util-linux/util-linux-2.12r/unpack/util-linux-2.12r/../../pkg/debian/usr/share/man/man1
install -m 644 cal.1 chkdupexe.1 ddate.1 logger.1 look.1 mcookie.1 namei.1 rename.1 script.1 whereis.1 write.1 setterm.1 /usr/local/aethernet/subversion/checkout/main/trunk/autobuild/packages/util-linux/util-linux-2.12r/unpack/util-linux-2.12r/../../pkg/debian/usr/share/man/man1
make[1]: Leaving directory `/mnt/sda1/aethernet/subversion/checkout/main/trunk/autobuild/packages/util-linux/util-linux-2.12r/unpack/util-linux-2.12r/misc-utils'
make[1]: Entering directory `/mnt/sda1/aethernet/subversion/checkout/main/trunk/autobuild/packages/util-linux/util-linux-2.12r/unpack/util-linux-2.12r/mount'
install -d -m 755 /usr/local/aethernet/subversion/checkout/main/trunk/autobuild/packages/util-linux/util-linux-2.12r/unpack/util-linux-2.12r/../../pkg/debian/bin /usr/local/aethernet/subversion/checkout/main/trunk/autobuild/packages/util-linux/util-linux-2.12r/unpack/util-linux-2.12r/../../pkg/debian/sbin
install -m 4755 -o root mount umount /usr/local/aethernet/subversion/checkout/main/trunk/autobuild/packages/util-linux/util-linux-2.12r/unpack/util-linux-2.12r/../../pkg/debian/bin
install -m 755 swapon losetup pivot_root /usr/local/aethernet/subversion/checkout/main/trunk/autobuild/packages/util-linux/util-linux-2.12r/unpack/util-linux-2.12r/../../pkg/debian/sbin
(cd /usr/local/aethernet/subversion/checkout/main/trunk/autobuild/packages/util-linux/util-linux-2.12r/unpack/util-linux-2.12r/../../pkg/debian/sbin; ln -sf swapon swapoff)
install -d -m 755 /usr/local/aethernet/subversion/checkout/main/trunk/autobuild/packages/util-linux/util-linux-2.12r/unpack/util-linux-2.12r/../../pkg/debian/usr/share/man/man5 /usr/local/aethernet/subversion/checkout/main/trunk/autobuild/packages/util-linux/util-linux-2.12r/unpack/util-linux-2.12r/../../pkg/debian/usr/share/man/man8
install -m 644 fstab.5 nfs.5 /usr/local/aethernet/subversion/checkout/main/trunk/autobuild/packages/util-linux/util-linux-2.12r/unpack/util-linux-2.12r/../../pkg/debian/usr/share/man/man5
install -m 644 mount.8 swapoff.8 swapon.8 umount.8 losetup.8 pivot_root.8 /usr/local/aethernet/subversion/checkout/main/trunk/autobuild/packages/util-linux/util-linux-2.12r/unpack/util-linux-2.12r/../../pkg/debian/usr/share/man/man8
make[1]: Leaving directory `/mnt/sda1/aethernet/subversion/checkout/main/trunk/autobuild/packages/util-linux/util-linux-2.12r/unpack/util-linux-2.12r/mount'
make[1]: Entering directory `/mnt/sda1/aethernet/subversion/checkout/main/trunk/autobuild/packages/util-linux/util-linux-2.12r/unpack/util-linux-2.12r/fdisk'
install -d -m 755 /usr/local/aethernet/subversion/checkout/main/trunk/autobuild/packages/util-linux/util-linux-2.12r/unpack/util-linux-2.12r/../../pkg/debian/sbin
install -m 755  fdisk cfdisk sfdisk /usr/local/aethernet/subversion/checkout/main/trunk/autobuild/packages/util-linux/util-linux-2.12r/unpack/util-linux-2.12r/../../pkg/debian/sbin
install -d -m 755 /usr/local/aethernet/subversion/checkout/main/trunk/autobuild/packages/util-linux/util-linux-2.12r/unpack/util-linux-2.12r/../../pkg/debian/usr/share/man/man8
install -m 644  fdisk.8 cfdisk.8 sfdisk.8 /usr/local/aethernet/subversion/checkout/main/trunk/autobuild/packages/util-linux/util-linux-2.12r/unpack/util-linux-2.12r/../../pkg/debian/usr/share/man/man8
make[1]: Leaving directory `/mnt/sda1/aethernet/subversion/checkout/main/trunk/autobuild/packages/util-linux/util-linux-2.12r/unpack/util-linux-2.12r/fdisk'
make[1]: Entering directory `/mnt/sda1/aethernet/subversion/checkout/main/trunk/autobuild/packages/util-linux/util-linux-2.12r/unpack/util-linux-2.12r/hwclock'
install -d -m 755 /usr/local/aethernet/subversion/checkout/main/trunk/autobuild/packages/util-linux/util-linux-2.12r/unpack/util-linux-2.12r/../../pkg/debian/sbin /usr/local/aethernet/subversion/checkout/main/trunk/autobuild/packages/util-linux/util-linux-2.12r/unpack/util-linux-2.12r/../../pkg/debian/bin /usr/local/aethernet/subversion/checkout/main/trunk/autobuild/packages/util-linux/util-linux-2.12r/unpack/util-linux-2.12r/../../pkg/debian/usr/bin
install -m 755 hwclock /usr/local/aethernet/subversion/checkout/main/trunk/autobuild/packages/util-linux/util-linux-2.12r/unpack/util-linux-2.12r/../../pkg/debian/sbin
install -m 644 hwclock.8 /usr/local/aethernet/subversion/checkout/main/trunk/autobuild/packages/util-linux/util-linux-2.12r/unpack/util-linux-2.12r/../../pkg/debian/usr/share/man/man8
make[1]: Leaving directory `/mnt/sda1/aethernet/subversion/checkout/main/trunk/autobuild/packages/util-linux/util-linux-2.12r/unpack/util-linux-2.12r/hwclock'
make[1]: Entering directory `/mnt/sda1/aethernet/subversion/checkout/main/trunk/autobuild/packages/util-linux/util-linux-2.12r/unpack/util-linux-2.12r/sys-utils'
install -d -m 755 /usr/local/aethernet/subversion/checkout/main/trunk/autobuild/packages/util-linux/util-linux-2.12r/unpack/util-linux-2.12r/../../pkg/debian/sbin /usr/local/aethernet/subversion/checkout/main/trunk/autobuild/packages/util-linux/util-linux-2.12r/unpack/util-linux-2.12r/../../pkg/debian/bin /usr/local/aethernet/subversion/checkout/main/trunk/autobuild/packages/util-linux/util-linux-2.12r/unpack/util-linux-2.12r/../../pkg/debian/usr/bin /usr/local/aethernet/subversion/checkout/main/trunk/autobuild/packages/util-linux/util-linux-2.12r/unpack/util-linux-2.12r/../../pkg/debian/usr/sbin
install -m 755 ctrlaltdel /usr/local/aethernet/subversion/checkout/main/trunk/autobuild/packages/util-linux/util-linux-2.12r/unpack/util-linux-2.12r/../../pkg/debian/sbin
install -m 755 arch dmesg /usr/local/aethernet/subversion/checkout/main/trunk/autobuild/packages/util-linux/util-linux-2.12r/unpack/util-linux-2.12r/../../pkg/debian/bin
install -m 755 cytune flock ipcrm ipcs renice setsid /usr/local/aethernet/subversion/checkout/main/trunk/autobuild/packages/util-linux/util-linux-2.12r/unpack/util-linux-2.12r/../../pkg/debian/usr/bin
install -m 755 readprofile tunelp rdev /usr/local/aethernet/subversion/checkout/main/trunk/autobuild/packages/util-linux/util-linux-2.12r/unpack/util-linux-2.12r/../../pkg/debian/usr/sbin
(cd /usr/local/aethernet/subversion/checkout/main/trunk/autobuild/packages/util-linux/util-linux-2.12r/unpack/util-linux-2.12r/../../pkg/debian/usr/sbin; ln -sf rdev ramsize)
(cd /usr/local/aethernet/subversion/checkout/main/trunk/autobuild/packages/util-linux/util-linux-2.12r/unpack/util-linux-2.12r/../../pkg/debian/usr/sbin; ln -sf rdev vidmode)
(cd /usr/local/aethernet/subversion/checkout/main/trunk/autobuild/packages/util-linux/util-linux-2.12r/unpack/util-linux-2.12r/../../pkg/debian/usr/sbin; ln -sf rdev rootflags)
install -d -m 755 /usr/local/aethernet/subversion/checkout/main/trunk/autobuild/packages/util-linux/util-linux-2.12r/unpack/util-linux-2.12r/../../pkg/debian/usr/share/man/man1 /usr/local/aethernet/subversion/checkout/main/trunk/autobuild/packages/util-linux/util-linux-2.12r/unpack/util-linux-2.12r/../../pkg/debian/usr/share/man/man8 /usr/local/aethernet/subversion/checkout/main/trunk/autobuild/packages/util-linux/util-linux-2.12r/unpack/util-linux-2.12r/../../pkg/debian/usr/share/info
install -m 644 arch.1 flock.1 readprofile.1 /usr/local/aethernet/subversion/checkout/main/trunk/autobuild/packages/util-linux/util-linux-2.12r/unpack/util-linux-2.12r/../../pkg/debian/usr/share/man/man1
install -m 644 ctrlaltdel.8 cytune.8 dmesg.8 ipcrm.8 ipcs.8 renice.8 setsid.8 sln.8 tunelp.8 rdev.8 ramsize.8 rootflags.8 vidmode.8 /usr/local/aethernet/subversion/checkout/main/trunk/autobuild/packages/util-linux/util-linux-2.12r/unpack/util-linux-2.12r/../../pkg/debian/usr/share/man/man8
install -m 644 ipc.info /usr/local/aethernet/subversion/checkout/main/trunk/autobuild/packages/util-linux/util-linux-2.12r/unpack/util-linux-2.12r/../../pkg/debian/usr/share/info
make[1]: Leaving directory `/mnt/sda1/aethernet/subversion/checkout/main/trunk/autobuild/packages/util-linux/util-linux-2.12r/unpack/util-linux-2.12r/sys-utils'
make[1]: Entering directory `/mnt/sda1/aethernet/subversion/checkout/main/trunk/autobuild/packages/util-linux/util-linux-2.12r/unpack/util-linux-2.12r/text-utils'
install -d -m 755 /usr/local/aethernet/subversion/checkout/main/trunk/autobuild/packages/util-linux/util-linux-2.12r/unpack/util-linux-2.12r/../../pkg/debian/bin /usr/local/aethernet/subversion/checkout/main/trunk/autobuild/packages/util-linux/util-linux-2.12r/unpack/util-linux-2.12r/../../pkg/debian/usr/bin /usr/local/aethernet/subversion/checkout/main/trunk/autobuild/packages/util-linux/util-linux-2.12r/unpack/util-linux-2.12r/../../pkg/debian/usr/share/man/man1
install -m 755  more /usr/local/aethernet/subversion/checkout/main/trunk/autobuild/packages/util-linux/util-linux-2.12r/unpack/util-linux-2.12r/../../pkg/debian/bin
install -m 755 col colcrt colrm column hexdump rev line tailf ul pg /usr/local/aethernet/subversion/checkout/main/trunk/autobuild/packages/util-linux/util-linux-2.12r/unpack/util-linux-2.12r/../../pkg/debian/usr/bin
install -m 644 col.1 colcrt.1 colrm.1 column.1 hexdump.1 rev.1 line.1 tailf.1 ul.1 more.1 pg.1 /usr/local/aethernet/subversion/checkout/main/trunk/autobuild/packages/util-linux/util-linux-2.12r/unpack/util-linux-2.12r/../../pkg/debian/usr/share/man/man1
make[1]: Leaving directory `/mnt/sda1/aethernet/subversion/checkout/main/trunk/autobuild/packages/util-linux/util-linux-2.12r/unpack/util-linux-2.12r/text-utils'
