removed `usr/share/misc/getopt/getopt-test.tcsh'
removed `usr/share/misc/getopt/getopt-parse.bash'
removed `usr/share/misc/getopt/getopt-test.bash'
removed `usr/share/misc/getopt/getopt-parse.tcsh'
removed directory: `usr/share/misc/getopt'
removed directory: `usr/share/misc'
removed `usr/share/locale/da/LC_MESSAGES/util-linux.mo'
removed directory: `usr/share/locale/da/LC_MESSAGES'
removed directory: `usr/share/locale/da'
removed `usr/share/locale/nl/LC_MESSAGES/util-linux.mo'
removed directory: `usr/share/locale/nl/LC_MESSAGES'
removed directory: `usr/share/locale/nl'
removed `usr/share/locale/de/LC_MESSAGES/util-linux.mo'
removed directory: `usr/share/locale/de/LC_MESSAGES'
removed directory: `usr/share/locale/de'
removed `usr/share/locale/pt_BR/LC_MESSAGES/util-linux.mo'
removed directory: `usr/share/locale/pt_BR/LC_MESSAGES'
removed directory: `usr/share/locale/pt_BR'
removed `usr/share/locale/ja/LC_MESSAGES/util-linux.mo'
removed directory: `usr/share/locale/ja/LC_MESSAGES'
removed directory: `usr/share/locale/ja'
removed `usr/share/locale/cs/LC_MESSAGES/util-linux.mo'
removed directory: `usr/share/locale/cs/LC_MESSAGES'
removed directory: `usr/share/locale/cs'
removed `usr/share/locale/sl/LC_MESSAGES/util-linux.mo'
removed directory: `usr/share/locale/sl/LC_MESSAGES'
removed directory: `usr/share/locale/sl'
removed `usr/share/locale/es/LC_MESSAGES/util-linux.mo'
removed directory: `usr/share/locale/es/LC_MESSAGES'
removed directory: `usr/share/locale/es'
removed `usr/share/locale/ca/LC_MESSAGES/util-linux.mo'
removed directory: `usr/share/locale/ca/LC_MESSAGES'
removed directory: `usr/share/locale/ca'
removed `usr/share/locale/fi/LC_MESSAGES/util-linux.mo'
removed directory: `usr/share/locale/fi/LC_MESSAGES'
removed directory: `usr/share/locale/fi'
removed `usr/share/locale/uk/LC_MESSAGES/util-linux.mo'
removed directory: `usr/share/locale/uk/LC_MESSAGES'
removed directory: `usr/share/locale/uk'
removed `usr/share/locale/sv/LC_MESSAGES/util-linux.mo'
removed directory: `usr/share/locale/sv/LC_MESSAGES'
removed directory: `usr/share/locale/sv'
removed `usr/share/locale/tr/LC_MESSAGES/util-linux.mo'
removed directory: `usr/share/locale/tr/LC_MESSAGES'
removed directory: `usr/share/locale/tr'
removed `usr/share/locale/fr/LC_MESSAGES/util-linux.mo'
removed directory: `usr/share/locale/fr/LC_MESSAGES'
removed directory: `usr/share/locale/fr'
removed `usr/share/locale/it/LC_MESSAGES/util-linux.mo'
removed directory: `usr/share/locale/it/LC_MESSAGES'
removed directory: `usr/share/locale/it'
removed `usr/share/locale/et/LC_MESSAGES/util-linux.mo'
removed directory: `usr/share/locale/et/LC_MESSAGES'
removed directory: `usr/share/locale/et'
removed directory: `usr/share/locale'
create hard link `usr/sbin/rootflags' to `usr/sbin/rdev'
create hard link `usr/sbin/vidmode' to `usr/sbin/rdev'
create hard link `usr/sbin/ramsize' to `usr/sbin/rdev'
create hard link `sbin/swapoff' to `sbin/swapon'
