dpkg-deb: building package `util-linux-2.12r' in `debian.deb'.
 new debian package, version 2.0.
 size 440342 bytes: control archive= 976 bytes.
     253 bytes,    10 lines      control              
     789 bytes,    18 lines      copyright            
       6 bytes,     1 lines      debian-binary        
     110 bytes,     3 lines   *  postinst             #!/bin/bash
     108 bytes,     3 lines   *  postrm               #!/bin/bash
     111 bytes,     3 lines   *  preinst              #!/bin/bash
     109 bytes,     3 lines   *  prerm                #!/bin/bash
 Package: util-linux-2.12r
 Version: 2.12r
 Section: unknown
 Priority: required
 Architecture: all
 Essential: no
 Depends: aaa-base
 Maintainer: Aethernet support team [support@aethernet.co.uk]
 Provides: util-linux
 Description: Miscellaneous utility programs
