bison-2.2/
bison-2.2/djgpp/
bison-2.2/djgpp/Makefile.maint
bison-2.2/djgpp/README.in
bison-2.2/djgpp/config.bat
bison-2.2/djgpp/config.sed
bison-2.2/djgpp/config.site
bison-2.2/djgpp/config_h.sed
bison-2.2/djgpp/subpipe.c
bison-2.2/djgpp/subpipe.h
bison-2.2/djgpp/djunpack.bat
bison-2.2/djgpp/fnchange.lst
bison-2.2/m4/
bison-2.2/m4/bison-i18n.m4
bison-2.2/m4/c-working.m4
bison-2.2/m4/cxx.m4
bison-2.2/m4/dirname.m4
bison-2.2/m4/dmalloc.m4
bison-2.2/m4/dos.m4
bison-2.2/m4/error.m4
bison-2.2/m4/exitfail.m4
bison-2.2/m4/extensions.m4
bison-2.2/m4/getopt.m4
bison-2.2/m4/gettext_gl.m4
bison-2.2/m4/gnulib.m4
bison-2.2/m4/hard-locale.m4
bison-2.2/m4/hash.m4
bison-2.2/m4/iconv.m4
bison-2.2/m4/inttypes_h_gl.m4
bison-2.2/m4/lib-ld_gl.m4
bison-2.2/m4/lib-link.m4
bison-2.2/m4/lib-prefix_gl.m4
bison-2.2/m4/m4.m4
bison-2.2/m4/mbrtowc.m4
bison-2.2/m4/mbstate_t.m4
bison-2.2/m4/mbswidth.m4
bison-2.2/m4/nls.m4
bison-2.2/m4/obstack.m4
bison-2.2/m4/onceonly.m4
bison-2.2/m4/po_gl.m4
bison-2.2/m4/progtest.m4
bison-2.2/m4/quote.m4
bison-2.2/m4/quotearg.m4
bison-2.2/m4/stdbool.m4
bison-2.2/m4/stdint_h_gl.m4
bison-2.2/m4/stdio-safer.m4
bison-2.2/m4/stpcpy.m4
bison-2.2/m4/strdup.m4
bison-2.2/m4/strerror.m4
bison-2.2/m4/strndup.m4
bison-2.2/m4/strnlen.m4
bison-2.2/m4/strtol.m4
bison-2.2/m4/strtoul.m4
bison-2.2/m4/strverscmp.m4
bison-2.2/m4/subpipe.m4
bison-2.2/m4/timevar.m4
bison-2.2/m4/uintmax_t_gl.m4
bison-2.2/m4/ulonglong_gl.m4
bison-2.2/m4/unistd-safer.m4
bison-2.2/m4/unistd_h.m4
bison-2.2/m4/unlocked-io.m4
bison-2.2/m4/warning.m4
bison-2.2/m4/xalloc.m4
bison-2.2/m4/xstrndup.m4
bison-2.2/po/
bison-2.2/po/Makefile.in.in
bison-2.2/po/remove-potcdate.sin
bison-2.2/po/quot.sed
bison-2.2/po/boldquot.sed
bison-2.2/po/en@quot.header
bison-2.2/po/en@boldquot.header
bison-2.2/po/insert-header.sin
bison-2.2/po/Rules-quot
bison-2.2/po/Makevars
bison-2.2/po/POTFILES.in
bison-2.2/po/bison.pot
bison-2.2/po/stamp-po
bison-2.2/po/da.po
bison-2.2/po/de.po
bison-2.2/po/es.po
bison-2.2/po/et.po
bison-2.2/po/fr.po
bison-2.2/po/ga.po
bison-2.2/po/hr.po
bison-2.2/po/id.po
bison-2.2/po/it.po
bison-2.2/po/ja.po
bison-2.2/po/ms.po
bison-2.2/po/nb.po
bison-2.2/po/nl.po
bison-2.2/po/pl.po
bison-2.2/po/pt_BR.po
bison-2.2/po/ro.po
bison-2.2/po/ru.po
bison-2.2/po/rw.po
bison-2.2/po/sv.po
bison-2.2/po/tr.po
bison-2.2/po/vi.po
bison-2.2/po/da.gmo
bison-2.2/po/de.gmo
bison-2.2/po/es.gmo
bison-2.2/po/et.gmo
bison-2.2/po/fr.gmo
bison-2.2/po/ga.gmo
bison-2.2/po/hr.gmo
bison-2.2/po/id.gmo
bison-2.2/po/it.gmo
bison-2.2/po/ja.gmo
bison-2.2/po/ms.gmo
bison-2.2/po/nb.gmo
bison-2.2/po/nl.gmo
bison-2.2/po/pl.gmo
bison-2.2/po/pt_BR.gmo
bison-2.2/po/ro.gmo
bison-2.2/po/ru.gmo
bison-2.2/po/rw.gmo
bison-2.2/po/sv.gmo
bison-2.2/po/tr.gmo
bison-2.2/po/vi.gmo
bison-2.2/po/LINGUAS
bison-2.2/runtime-po/
bison-2.2/runtime-po/Makefile.in.in
bison-2.2/runtime-po/remove-potcdate.sin
bison-2.2/runtime-po/quot.sed
bison-2.2/runtime-po/boldquot.sed
bison-2.2/runtime-po/en@quot.header
bison-2.2/runtime-po/en@boldquot.header
bison-2.2/runtime-po/insert-header.sin
bison-2.2/runtime-po/Rules-quot
bison-2.2/runtime-po/Makevars
bison-2.2/runtime-po/POTFILES.in
bison-2.2/runtime-po/bison-runtime.pot
bison-2.2/runtime-po/stamp-po
bison-2.2/runtime-po/da.po
bison-2.2/runtime-po/de.po
bison-2.2/runtime-po/es.po
bison-2.2/runtime-po/et.po
bison-2.2/runtime-po/fr.po
bison-2.2/runtime-po/ga.po
bison-2.2/runtime-po/hr.po
bison-2.2/runtime-po/id.po
bison-2.2/runtime-po/it.po
bison-2.2/runtime-po/ja.po
bison-2.2/runtime-po/ms.po
bison-2.2/runtime-po/nb.po
bison-2.2/runtime-po/nl.po
bison-2.2/runtime-po/pl.po
bison-2.2/runtime-po/pt_BR.po
bison-2.2/runtime-po/ro.po
bison-2.2/runtime-po/ru.po
bison-2.2/runtime-po/rw.po
bison-2.2/runtime-po/sl.po
bison-2.2/runtime-po/sv.po
bison-2.2/runtime-po/tr.po
bison-2.2/runtime-po/vi.po
bison-2.2/runtime-po/zh_TW.po
bison-2.2/runtime-po/da.gmo
bison-2.2/runtime-po/de.gmo
bison-2.2/runtime-po/es.gmo
bison-2.2/runtime-po/et.gmo
bison-2.2/runtime-po/fr.gmo
bison-2.2/runtime-po/ga.gmo
bison-2.2/runtime-po/hr.gmo
bison-2.2/runtime-po/id.gmo
bison-2.2/runtime-po/it.gmo
bison-2.2/runtime-po/ja.gmo
bison-2.2/runtime-po/ms.gmo
bison-2.2/runtime-po/nb.gmo
bison-2.2/runtime-po/nl.gmo
bison-2.2/runtime-po/pl.gmo
bison-2.2/runtime-po/pt_BR.gmo
bison-2.2/runtime-po/ro.gmo
bison-2.2/runtime-po/ru.gmo
bison-2.2/runtime-po/rw.gmo
bison-2.2/runtime-po/sl.gmo
bison-2.2/runtime-po/sv.gmo
bison-2.2/runtime-po/tr.gmo
bison-2.2/runtime-po/vi.gmo
bison-2.2/runtime-po/zh_TW.gmo
bison-2.2/runtime-po/LINGUAS
bison-2.2/tests/
bison-2.2/tests/Makefile.am
bison-2.2/tests/Makefile.in
bison-2.2/tests/atlocal.in
bison-2.2/tests/bison.in
bison-2.2/tests/local.at
bison-2.2/tests/testsuite.at
bison-2.2/tests/input.at
bison-2.2/tests/output.at
bison-2.2/tests/sets.at
bison-2.2/tests/reduce.at
bison-2.2/tests/synclines.at
bison-2.2/tests/headers.at
bison-2.2/tests/actions.at
bison-2.2/tests/conflicts.at
bison-2.2/tests/calc.at
bison-2.2/tests/torture.at
bison-2.2/tests/existing.at
bison-2.2/tests/regression.at
bison-2.2/tests/c++.at
bison-2.2/tests/cxx-type.at
bison-2.2/tests/glr-regression.at
bison-2.2/tests/testsuite
bison-2.2/tests/package.m4
bison-2.2/README
bison-2.2/configure.ac
bison-2.2/aclocal.m4
bison-2.2/Makefile.am
bison-2.2/Makefile.in
bison-2.2/config.hin
bison-2.2/configure
bison-2.2/ABOUT-NLS
bison-2.2/AUTHORS
bison-2.2/COPYING
bison-2.2/ChangeLog
bison-2.2/INSTALL
bison-2.2/NEWS
bison-2.2/THANKS
bison-2.2/TODO
bison-2.2/GNUmakefile
bison-2.2/Makefile.cfg
bison-2.2/Makefile.maint
bison-2.2/OChangeLog
bison-2.2/PACKAGING
bison-2.2/build-aux/
bison-2.2/build-aux/Makefile.am
bison-2.2/build-aux/Makefile.in
bison-2.2/build-aux/config.guess
bison-2.2/build-aux/config.rpath
bison-2.2/build-aux/config.sub
bison-2.2/build-aux/depcomp
bison-2.2/build-aux/install-sh
bison-2.2/build-aux/mdate-sh
bison-2.2/build-aux/missing
bison-2.2/build-aux/mkinstalldirs
bison-2.2/build-aux/texinfo.tex
bison-2.2/build-aux/ylwrap
bison-2.2/build-aux/prev-version.txt
bison-2.2/lib/
bison-2.2/lib/Makefile.am
bison-2.2/lib/Makefile.in
bison-2.2/lib/gnulib.mk
bison-2.2/lib/dirname.c
bison-2.2/lib/dirname.h
bison-2.2/lib/dup-safer.c
bison-2.2/lib/error.c
bison-2.2/lib/error.h
bison-2.2/lib/exitfail.c
bison-2.2/lib/exitfail.h
bison-2.2/lib/fd-safer.c
bison-2.2/lib/fopen-safer.c
bison-2.2/lib/getopt.c
bison-2.2/lib/getopt1.c
bison-2.2/lib/hard-locale.c
bison-2.2/lib/hard-locale.h
bison-2.2/lib/hash.c
bison-2.2/lib/hash.h
bison-2.2/lib/malloc.c
bison-2.2/lib/obstack.c
bison-2.2/lib/obstack.h
bison-2.2/lib/pipe-safer.c
bison-2.2/lib/quote.c
bison-2.2/lib/quote.h
bison-2.2/lib/quotearg.c
bison-2.2/lib/quotearg.h
bison-2.2/lib/stdio--.h
bison-2.2/lib/stdio-safer.h
bison-2.2/lib/stpcpy.c
bison-2.2/lib/strdup.c
bison-2.2/lib/strdup.h
bison-2.2/lib/strerror.c
bison-2.2/lib/strndup.c
bison-2.2/lib/strndup.h
bison-2.2/lib/strnlen.c
bison-2.2/lib/strnlen.h
bison-2.2/lib/strtol.c
bison-2.2/lib/strtoul.c
bison-2.2/lib/strverscmp.c
bison-2.2/lib/strverscmp.h
bison-2.2/lib/unistd--.h
bison-2.2/lib/unistd-safer.h
bison-2.2/lib/unlocked-io.h
bison-2.2/lib/xalloc.h
bison-2.2/lib/xmalloc.c
bison-2.2/lib/get-errno.h
bison-2.2/lib/get-errno.c
bison-2.2/lib/subpipe.h
bison-2.2/lib/subpipe.c
bison-2.2/lib/abitset.c
bison-2.2/lib/abitset.h
bison-2.2/lib/bbitset.h
bison-2.2/lib/bitset.c
bison-2.2/lib/bitset.h
bison-2.2/lib/bitset_stats.c
bison-2.2/lib/bitset_stats.h
bison-2.2/lib/bitsetv.c
bison-2.2/lib/bitsetv.h
bison-2.2/lib/ebitset.c
bison-2.2/lib/ebitset.h
bison-2.2/lib/lbitset.c
bison-2.2/lib/lbitset.h
bison-2.2/lib/libiberty.h
bison-2.2/lib/vbitset.c
bison-2.2/lib/vbitset.h
bison-2.2/lib/bitsetv-print.h
bison-2.2/lib/bitsetv-print.c
bison-2.2/lib/timevar.h
bison-2.2/lib/timevar.c
bison-2.2/lib/timevar.def
bison-2.2/lib/argmatch.h
bison-2.2/lib/argmatch.c
bison-2.2/lib/basename.c
bison-2.2/lib/stripslash.c
bison-2.2/lib/exit.h
bison-2.2/lib/gettext.h
bison-2.2/lib/mbswidth.h
bison-2.2/lib/mbswidth.c
bison-2.2/lib/stpcpy.h
bison-2.2/lib/verify.h
bison-2.2/lib/xalloc-die.c
bison-2.2/lib/xstrndup.h
bison-2.2/lib/xstrndup.c
bison-2.2/lib/main.c
bison-2.2/lib/yyerror.c
bison-2.2/lib/getopt_.h
bison-2.2/lib/getopt_int.h
bison-2.2/lib/stdbool_.h
bison-2.2/data/
bison-2.2/data/m4sugar/
bison-2.2/data/m4sugar/m4sugar.m4
bison-2.2/data/README
bison-2.2/data/c.m4
bison-2.2/data/yacc.c
bison-2.2/data/glr.c
bison-2.2/data/c++.m4
bison-2.2/data/location.cc
bison-2.2/data/lalr1.cc
bison-2.2/data/glr.cc
bison-2.2/data/Makefile.am
bison-2.2/data/Makefile.in
bison-2.2/src/
bison-2.2/src/Makefile.am
bison-2.2/src/Makefile.in
bison-2.2/src/parse-gram.c
bison-2.2/src/scan-gram.c
bison-2.2/src/scan-skel.c
bison-2.2/src/LR0.c
bison-2.2/src/LR0.h
bison-2.2/src/assoc.c
bison-2.2/src/assoc.h
bison-2.2/src/closure.c
bison-2.2/src/closure.h
bison-2.2/src/complain.c
bison-2.2/src/complain.h
bison-2.2/src/conflicts.c
bison-2.2/src/conflicts.h
bison-2.2/src/derives.c
bison-2.2/src/derives.h
bison-2.2/src/files.c
bison-2.2/src/files.h
bison-2.2/src/getargs.c
bison-2.2/src/getargs.h
bison-2.2/src/gram.c
bison-2.2/src/gram.h
bison-2.2/src/lalr.h
bison-2.2/src/lalr.c
bison-2.2/src/location.c
bison-2.2/src/location.h
bison-2.2/src/main.c
bison-2.2/src/muscle_tab.c
bison-2.2/src/muscle_tab.h
bison-2.2/src/nullable.c
bison-2.2/src/nullable.h
bison-2.2/src/output.c
bison-2.2/src/output.h
bison-2.2/src/parse-gram.h
bison-2.2/src/parse-gram.y
bison-2.2/src/print.c
bison-2.2/src/print.h
bison-2.2/src/print_graph.c
bison-2.2/src/print_graph.h
bison-2.2/src/reader.c
bison-2.2/src/reader.h
bison-2.2/src/reduce.c
bison-2.2/src/reduce.h
bison-2.2/src/relation.c
bison-2.2/src/relation.h
bison-2.2/src/scan-gram-c.c
bison-2.2/src/scan-skel-c.c
bison-2.2/src/scan-skel.h
bison-2.2/src/state.c
bison-2.2/src/state.h
bison-2.2/src/symlist.c
bison-2.2/src/symlist.h
bison-2.2/src/symtab.c
bison-2.2/src/symtab.h
bison-2.2/src/system.h
bison-2.2/src/tables.h
bison-2.2/src/tables.c
bison-2.2/src/uniqstr.c
bison-2.2/src/uniqstr.h
bison-2.2/src/vcg.c
bison-2.2/src/vcg.h
bison-2.2/src/vcg_defaults.h
bison-2.2/src/scan-skel.l
bison-2.2/src/scan-gram.l
bison-2.2/doc/
bison-2.2/doc/gpl.texi
bison-2.2/doc/fdl.texi
bison-2.2/doc/Makefile.am
bison-2.2/doc/Makefile.in
bison-2.2/doc/stamp-vti
bison-2.2/doc/version.texi
bison-2.2/doc/bison.texinfo
bison-2.2/doc/bison.1
bison-2.2/doc/refcard.tex
bison-2.2/doc/bison.info
bison-2.2/examples/
bison-2.2/examples/extexi
bison-2.2/examples/Makefile.am
bison-2.2/examples/Makefile.in
bison-2.2/examples/calc++/
bison-2.2/examples/calc++/Makefile.am
bison-2.2/examples/calc++/Makefile.in
bison-2.2/examples/calc++/calc++-scanner.cc
bison-2.2/examples/calc++/calc++-scanner.ll
bison-2.2/examples/calc++/calc++.cc
bison-2.2/examples/calc++/calc++-driver.hh
bison-2.2/examples/calc++/calc++-driver.cc
bison-2.2/examples/calc++/stack.hh
bison-2.2/examples/calc++/position.hh
bison-2.2/examples/calc++/location.hh
bison-2.2/examples/calc++/calc++-parser.hh
bison-2.2/examples/calc++/calc++-parser.cc
bison-2.2/examples/calc++/calc++-parser.stamp
bison-2.2/examples/calc++/calc++-parser.yy
bison-2.2/examples/calc++/test
