checking for a BSD-compatible install... /usr/bin/install -c
checking whether build environment is sane... yes
checking for gawk... gawk
checking whether make sets $(MAKE)... yes
checking for style of include used by make... GNU
checking for gcc... gcc
checking for C compiler default output file name... a.out
checking whether the C compiler works... yes
checking whether we are cross compiling... no
checking for suffix of executables... 
checking for suffix of object files... o
checking whether we are using the GNU C compiler... yes
checking whether gcc accepts -g... yes
checking for gcc option to accept ANSI C... none needed
checking dependency style of gcc... gcc3
checking how to run the C preprocessor... gcc -E
checking for egrep... grep -E
checking for AIX... no
checking for ANSI C header files... yes
checking for sys/types.h... yes
checking for sys/stat.h... yes
checking for stdlib.h... yes
checking for string.h... yes
checking for memory.h... yes
checking for strings.h... yes
checking for inttypes.h... yes
checking for stdint.h... yes
checking for unistd.h... yes
checking minix/config.h usability... no
checking minix/config.h presence... no
checking for minix/config.h... no
checking whether it is safe to define __EXTENSIONS__... yes
checking for gcc... (cached) gcc
checking whether we are using the GNU C compiler... (cached) yes
checking whether gcc accepts -g... (cached) yes
checking for gcc option to accept ANSI C... (cached) none needed
checking dependency style of gcc... (cached) gcc3
checking for gcc... (cached) gcc
checking whether we are using the GNU C compiler... (cached) yes
checking whether gcc accepts -g... (cached) yes
checking for gcc option to accept ANSI C... (cached) none needed
checking dependency style of gcc... (cached) gcc3
checking for flex... flex
checking for yywrap in -lfl... yes
checking lex output file root... lex.yy
checking whether yytext is a pointer... yes
checking for bison... bison -y
checking for ranlib... ranlib
checking for gm4... no
checking for gnum4... no
checking for m4... /usr/bin/m4
checking whether m4 supports frozen files... yes
checking locale.h usability... yes
checking locale.h presence... yes
checking for locale.h... yes
checking wchar.h usability... yes
checking wchar.h presence... yes
checking for wchar.h... yes
checking wctype.h usability... yes
checking wctype.h presence... yes
checking for wctype.h... yes
checking for stdbool.h that conforms to C99... yes
checking for _Bool... yes
checking for inline... inline
checking for uintptr_t... yes
checking for setlocale... yes
checking for isascii... yes
checking for iswprint... yes
checking for mbsinit... yes
checking if malloc debugging is wanted... no
checking for pid_t... yes
checking for sys/wait.h that is POSIX.1 compatible... yes
checking for dup2... yes
checking for waitpid... yes
checking for unistd.h... (cached) yes
checking vfork.h usability... no
checking vfork.h presence... no
checking for vfork.h... no
checking for fork... yes
checking for vfork... yes
checking for working fork... yes
checking for working vfork... (cached) yes
checking sys/time.h usability... yes
checking sys/time.h presence... yes
checking for sys/time.h... yes
checking sys/times.h usability... yes
checking sys/times.h presence... yes
checking for sys/times.h... yes
checking for sys/resource.h... yes
checking for times... yes
checking whether getrusage is declared... yes
checking whether times is declared... yes
checking whether clock is declared... no
checking whether sysconf is declared... yes
checking for clock_t... yes
checking for struct tms... yes
checking whether system is Windows or MSDOS... no
checking whether strerror_r is declared... yes
checking for strerror_r... yes
checking whether strerror_r returns char *... yes
checking getopt.h usability... yes
checking getopt.h presence... yes
checking for getopt.h... yes
checking for getopt_long_only... yes
checking whether optreset is declared... no
checking for working GNU getopt function... yes
checking whether getenv is declared... yes
checking whether NLS is requested... yes
checking for msgfmt... /usr/bin/msgfmt
checking for gmsgfmt... /usr/bin/msgfmt
checking for xgettext... /usr/bin/xgettext
checking for msgmerge... /usr/bin/msgmerge
checking build system type... i686-pc-linux-gnu
checking host system type... i686-pc-linux-gnu
checking for ld used by GCC... /usr/bin/ld
checking if the linker (/usr/bin/ld) is GNU ld... yes
checking for shared library run path origin... done
checking for inttypes.h... yes
checking for stdint.h... yes
checking for unsigned long long... yes
checking whether strdup is declared... yes
checking whether strnlen is declared... yes
checking whether clearerr_unlocked is declared... yes
checking whether feof_unlocked is declared... yes
checking whether ferror_unlocked is declared... yes
checking whether fflush_unlocked is declared... yes
checking whether fgets_unlocked is declared... yes
checking whether fputc_unlocked is declared... yes
checking whether fputs_unlocked is declared... yes
checking whether fread_unlocked is declared... yes
checking whether fwrite_unlocked is declared... yes
checking whether getc_unlocked is declared... yes
checking whether getchar_unlocked is declared... yes
checking whether putc_unlocked is declared... yes
checking whether putchar_unlocked is declared... yes
checking for error_at_line... yes
checking for CFPreferencesCopyAppValue... no
checking for CFLocaleCopyCurrent... no
checking whether NLS is requested... yes
checking for GNU gettext in libc... yes
checking whether to use NLS... yes
checking where the gettext function comes from... libc
checking for stdlib.h... (cached) yes
checking for GNU libc compatible malloc... yes
checking for iswcntrl... yes
checking for wcwidth... yes
checking whether mbrtowc and mbstate_t are properly declared... yes
checking whether wcwidth is declared... yes
checking whether mbswidth is declared in <wchar.h>... no
checking for mbstate_t... yes
checking for obstacks... yes
checking for mbstate_t... (cached) yes
checking whether mbrtowc and mbstate_t are properly declared... (cached) yes
checking for stpcpy... yes
checking for strdup... yes
checking for strerror... yes
checking for strndup... yes
checking for working strnlen... yes
checking for strtol... yes
checking for strtoul... yes
checking for strverscmp... yes
checking for unistd.h... (cached) yes
checking for valgrind... no
checking for g++... g++
checking whether we are using the GNU C++ compiler... yes
checking whether g++ accepts -g... yes
checking dependency style of g++... gcc3
checking whether g++ builds executables that work... yes
configure: creating ./config.status
config.status: creating runtime-po/Makefile.in
config.status: creating tests/Makefile
config.status: creating tests/atlocal
config.status: creating tests/bison
config.status: creating Makefile
config.status: creating build-aux/Makefile
config.status: creating po/Makefile.in
config.status: creating data/Makefile
config.status: creating examples/Makefile
config.status: creating examples/calc++/Makefile
config.status: creating lib/Makefile
config.status: creating src/Makefile
config.status: creating doc/Makefile
config.status: creating config.h
config.status: executing depfiles commands
config.status: executing default-1 commands
config.status: creating runtime-po/POTFILES
config.status: creating runtime-po/Makefile
config.status: creating po/POTFILES
config.status: creating po/Makefile
config.status: executing tests/atconfig commands
