shadow-4.0.15/
shadow-4.0.15/ChangeLog
shadow-4.0.15/aclocal.m4
shadow-4.0.15/install-sh
shadow-4.0.15/libmisc/
shadow-4.0.15/libmisc/failure.h
shadow-4.0.15/libmisc/sub.c
shadow-4.0.15/libmisc/loginprompt.c
shadow-4.0.15/libmisc/pwd_init.c
shadow-4.0.15/libmisc/Makefile.am
shadow-4.0.15/libmisc/setugid.c
shadow-4.0.15/libmisc/strtoday.c
shadow-4.0.15/libmisc/salt.c
shadow-4.0.15/libmisc/mail.c
shadow-4.0.15/libmisc/chowntty.c
shadow-4.0.15/libmisc/audit_help.c
shadow-4.0.15/libmisc/rlogin.c
shadow-4.0.15/libmisc/pwdcheck.c
shadow-4.0.15/libmisc/env.c
shadow-4.0.15/libmisc/copydir.c
shadow-4.0.15/libmisc/getdate.h
shadow-4.0.15/libmisc/myname.c
shadow-4.0.15/libmisc/setupenv.c
shadow-4.0.15/libmisc/valid.c
shadow-4.0.15/libmisc/ttytype.c
shadow-4.0.15/libmisc/log.c
shadow-4.0.15/libmisc/shell.c
shadow-4.0.15/libmisc/console.c
shadow-4.0.15/libmisc/entry.c
shadow-4.0.15/libmisc/chowndir.c
shadow-4.0.15/libmisc/fields.c
shadow-4.0.15/libmisc/obscure.c
shadow-4.0.15/libmisc/basename.c
shadow-4.0.15/libmisc/addgrps.c
shadow-4.0.15/libmisc/hushed.c
shadow-4.0.15/libmisc/list.c
shadow-4.0.15/libmisc/tz.c
shadow-4.0.15/libmisc/pwd2spwd.c
shadow-4.0.15/libmisc/getdate.y
shadow-4.0.15/libmisc/pam_pass.c
shadow-4.0.15/libmisc/getdate.c
shadow-4.0.15/libmisc/utmp.c
shadow-4.0.15/libmisc/isexpired.c
shadow-4.0.15/libmisc/age.c
shadow-4.0.15/libmisc/chkname.c
shadow-4.0.15/libmisc/chkname.h
shadow-4.0.15/libmisc/ulimit.c
shadow-4.0.15/libmisc/limits.c
shadow-4.0.15/libmisc/motd.c
shadow-4.0.15/libmisc/xmalloc.c
shadow-4.0.15/libmisc/failure.c
shadow-4.0.15/libmisc/sulog.c
shadow-4.0.15/libmisc/Makefile.in
shadow-4.0.15/Makefile.am
shadow-4.0.15/ltmain.sh
shadow-4.0.15/man/
shadow-4.0.15/man/grpck.8.xml
shadow-4.0.15/man/su.1.xml
shadow-4.0.15/man/useradd.8
shadow-4.0.15/man/passwd.1.xml
shadow-4.0.15/man/shadow.3
shadow-4.0.15/man/userdel.8
shadow-4.0.15/man/grpconv.8
shadow-4.0.15/man/grpunconv.8
shadow-4.0.15/man/faillog.8.xml
shadow-4.0.15/man/lastlog.8.xml
shadow-4.0.15/man/login.1.xml
shadow-4.0.15/man/shadow.5
shadow-4.0.15/man/vigr.8
shadow-4.0.15/man/porttime.5.xml
shadow-4.0.15/man/it/
shadow-4.0.15/man/it/useradd.8
shadow-4.0.15/man/it/shadow.3
shadow-4.0.15/man/it/userdel.8
shadow-4.0.15/man/it/grpconv.8
shadow-4.0.15/man/it/grpunconv.8
shadow-4.0.15/man/it/shadow.5
shadow-4.0.15/man/it/vigr.8
shadow-4.0.15/man/it/chsh.1
shadow-4.0.15/man/it/newgrp.1
shadow-4.0.15/man/it/Makefile.am
shadow-4.0.15/man/it/sg.1
shadow-4.0.15/man/it/faillog.8
shadow-4.0.15/man/it/chpasswd.8
shadow-4.0.15/man/it/gpasswd.1
shadow-4.0.15/man/it/faillog.5
shadow-4.0.15/man/it/pwunconv.8
shadow-4.0.15/man/it/grpck.8
shadow-4.0.15/man/it/passwd.5
shadow-4.0.15/man/it/pwck.8
shadow-4.0.15/man/it/getspnam.3
shadow-4.0.15/man/it/groupdel.8
shadow-4.0.15/man/it/passwd.1
shadow-4.0.15/man/it/groupadd.8
shadow-4.0.15/man/it/newusers.8
shadow-4.0.15/man/it/expiry.1
shadow-4.0.15/man/it/lastlog.8
shadow-4.0.15/man/it/chage.1
shadow-4.0.15/man/it/groups.1
shadow-4.0.15/man/it/vipw.8
shadow-4.0.15/man/it/id.1
shadow-4.0.15/man/it/groupmod.8
shadow-4.0.15/man/it/chfn.1
shadow-4.0.15/man/it/su.1
shadow-4.0.15/man/it/porttime.5
shadow-4.0.15/man/it/usermod.8
shadow-4.0.15/man/it/Makefile.in
shadow-4.0.15/man/it/login.1
shadow-4.0.15/man/it/pwconv.8
shadow-4.0.15/man/limits.5.xml
shadow-4.0.15/man/passwd.5.xml
shadow-4.0.15/man/login.access.5.xml
shadow-4.0.15/man/chsh.1
shadow-4.0.15/man/newgrp.1
shadow-4.0.15/man/Makefile.am
shadow-4.0.15/man/sg.1
shadow-4.0.15/man/faillog.8
shadow-4.0.15/man/chpasswd.8
shadow-4.0.15/man/gpasswd.1
shadow-4.0.15/man/faillog.5
shadow-4.0.15/man/chpasswd.8.xml
shadow-4.0.15/man/id.1.xml
shadow-4.0.15/man/pwunconv.8
shadow-4.0.15/man/grpck.8
shadow-4.0.15/man/fr/
shadow-4.0.15/man/fr/useradd.8
shadow-4.0.15/man/fr/shadow.3
shadow-4.0.15/man/fr/userdel.8
shadow-4.0.15/man/fr/grpconv.8
shadow-4.0.15/man/fr/grpunconv.8
shadow-4.0.15/man/fr/shadow.5
shadow-4.0.15/man/fr/vigr.8
shadow-4.0.15/man/fr/chsh.1
shadow-4.0.15/man/fr/newgrp.1
shadow-4.0.15/man/fr/Makefile.am
shadow-4.0.15/man/fr/sg.1
shadow-4.0.15/man/fr/faillog.8
shadow-4.0.15/man/fr/chpasswd.8
shadow-4.0.15/man/fr/gpasswd.1
shadow-4.0.15/man/fr/faillog.5
shadow-4.0.15/man/fr/pwunconv.8
shadow-4.0.15/man/fr/grpck.8
shadow-4.0.15/man/fr/passwd.5
shadow-4.0.15/man/fr/gshadow.5
shadow-4.0.15/man/fr/logoutd.8
shadow-4.0.15/man/fr/pwck.8
shadow-4.0.15/man/fr/getspnam.3
shadow-4.0.15/man/fr/groupdel.8
shadow-4.0.15/man/fr/suauth.5
shadow-4.0.15/man/fr/passwd.1
shadow-4.0.15/man/fr/groupadd.8
shadow-4.0.15/man/fr/login.defs.5
shadow-4.0.15/man/fr/newusers.8
shadow-4.0.15/man/fr/expiry.1
shadow-4.0.15/man/fr/lastlog.8
shadow-4.0.15/man/fr/chage.1
shadow-4.0.15/man/fr/groups.1
shadow-4.0.15/man/fr/login.access.5
shadow-4.0.15/man/fr/vipw.8
shadow-4.0.15/man/fr/groupmod.8
shadow-4.0.15/man/fr/chfn.1
shadow-4.0.15/man/fr/su.1
shadow-4.0.15/man/fr/porttime.5
shadow-4.0.15/man/fr/limits.5
shadow-4.0.15/man/fr/usermod.8
shadow-4.0.15/man/fr/Makefile.in
shadow-4.0.15/man/fr/login.1
shadow-4.0.15/man/fr/pwconv.8
shadow-4.0.15/man/pl/
shadow-4.0.15/man/pl/useradd.8
shadow-4.0.15/man/pl/shadow.3
shadow-4.0.15/man/pl/userdel.8
shadow-4.0.15/man/pl/grpconv.8
shadow-4.0.15/man/pl/grpunconv.8
shadow-4.0.15/man/pl/shadow.5
shadow-4.0.15/man/pl/vigr.8
shadow-4.0.15/man/pl/chsh.1
shadow-4.0.15/man/pl/newgrp.1
shadow-4.0.15/man/pl/Makefile.am
shadow-4.0.15/man/pl/sg.1
shadow-4.0.15/man/pl/faillog.8
shadow-4.0.15/man/pl/chpasswd.8
shadow-4.0.15/man/pl/gpasswd.1
shadow-4.0.15/man/pl/faillog.5
shadow-4.0.15/man/pl/pwunconv.8
shadow-4.0.15/man/pl/grpck.8
shadow-4.0.15/man/pl/passwd.5
shadow-4.0.15/man/pl/pw_auth.3
shadow-4.0.15/man/pl/logoutd.8
shadow-4.0.15/man/pl/pwck.8
shadow-4.0.15/man/pl/groupdel.8
shadow-4.0.15/man/pl/suauth.5
shadow-4.0.15/man/pl/passwd.1
shadow-4.0.15/man/pl/groupadd.8
shadow-4.0.15/man/pl/login.defs.5
shadow-4.0.15/man/pl/newusers.8
shadow-4.0.15/man/pl/expiry.1
shadow-4.0.15/man/pl/lastlog.8
shadow-4.0.15/man/pl/chage.1
shadow-4.0.15/man/pl/sulogin.8
shadow-4.0.15/man/pl/groups.1
shadow-4.0.15/man/pl/login.access.5
shadow-4.0.15/man/pl/vipw.8
shadow-4.0.15/man/pl/id.1
shadow-4.0.15/man/pl/groupmod.8
shadow-4.0.15/man/pl/chfn.1
shadow-4.0.15/man/pl/su.1
shadow-4.0.15/man/pl/porttime.5
shadow-4.0.15/man/pl/limits.5
shadow-4.0.15/man/pl/usermod.8
shadow-4.0.15/man/pl/Makefile.in
shadow-4.0.15/man/pl/login.1
shadow-4.0.15/man/pl/pwconv.8
shadow-4.0.15/man/passwd.5
shadow-4.0.15/man/pw_auth.3.xml
shadow-4.0.15/man/nologin.8
shadow-4.0.15/man/ko/
shadow-4.0.15/man/ko/vigr.8
shadow-4.0.15/man/ko/chsh.1
shadow-4.0.15/man/ko/Makefile.am
shadow-4.0.15/man/ko/passwd.5
shadow-4.0.15/man/ko/groups.1
shadow-4.0.15/man/ko/vipw.8
shadow-4.0.15/man/ko/chfn.1
shadow-4.0.15/man/ko/su.1
shadow-4.0.15/man/ko/Makefile.in
shadow-4.0.15/man/ko/login.1
shadow-4.0.15/man/pw_auth.3
shadow-4.0.15/man/gshadow.5.xml
shadow-4.0.15/man/groupadd.8.xml
shadow-4.0.15/man/gshadow.5
shadow-4.0.15/man/chfn.1.xml
shadow-4.0.15/man/logoutd.8
shadow-4.0.15/man/pwck.8
shadow-4.0.15/man/sg.1.xml
shadow-4.0.15/man/getspnam.3
shadow-4.0.15/man/groupdel.8
shadow-4.0.15/man/suauth.5
shadow-4.0.15/man/passwd.1
shadow-4.0.15/man/groupadd.8
shadow-4.0.15/man/groupmems.8.xml
shadow-4.0.15/man/login.defs.5
shadow-4.0.15/man/suauth.5.xml
shadow-4.0.15/man/newusers.8
shadow-4.0.15/man/expiry.1
shadow-4.0.15/man/es/
shadow-4.0.15/man/es/vigr.8
shadow-4.0.15/man/es/newgrp.1
shadow-4.0.15/man/es/Makefile.am
shadow-4.0.15/man/es/passwd.5
shadow-4.0.15/man/es/passwd.1
shadow-4.0.15/man/es/vipw.8
shadow-4.0.15/man/es/su.1
shadow-4.0.15/man/es/Makefile.in
shadow-4.0.15/man/es/login.1
shadow-4.0.15/man/pwck.8.xml
shadow-4.0.15/man/useradd.8.xml
shadow-4.0.15/man/groupmod.8.xml
shadow-4.0.15/man/ru/
shadow-4.0.15/man/ru/useradd.8
shadow-4.0.15/man/ru/shadow.3
shadow-4.0.15/man/ru/userdel.8
shadow-4.0.15/man/ru/grpconv.8
shadow-4.0.15/man/ru/grpunconv.8
shadow-4.0.15/man/ru/shadow.5
shadow-4.0.15/man/ru/vigr.8
shadow-4.0.15/man/ru/chsh.1
shadow-4.0.15/man/ru/newgrp.1
shadow-4.0.15/man/ru/Makefile.am
shadow-4.0.15/man/ru/sg.1
shadow-4.0.15/man/ru/faillog.8
shadow-4.0.15/man/ru/chpasswd.8
shadow-4.0.15/man/ru/gpasswd.1
shadow-4.0.15/man/ru/faillog.5
shadow-4.0.15/man/ru/groupmems.8
shadow-4.0.15/man/ru/pwunconv.8
shadow-4.0.15/man/ru/grpck.8
shadow-4.0.15/man/ru/passwd.5
shadow-4.0.15/man/ru/nologin.8
shadow-4.0.15/man/ru/pw_auth.3
shadow-4.0.15/man/ru/gshadow.5
shadow-4.0.15/man/ru/logoutd.8
shadow-4.0.15/man/ru/pwck.8
shadow-4.0.15/man/ru/getspnam.3
shadow-4.0.15/man/ru/groupdel.8
shadow-4.0.15/man/ru/suauth.5
shadow-4.0.15/man/ru/passwd.1
shadow-4.0.15/man/ru/groupadd.8
shadow-4.0.15/man/ru/login.defs.5
shadow-4.0.15/man/ru/newusers.8
shadow-4.0.15/man/ru/expiry.1
shadow-4.0.15/man/ru/lastlog.8
shadow-4.0.15/man/ru/chage.1
shadow-4.0.15/man/ru/sulogin.8
shadow-4.0.15/man/ru/groups.1
shadow-4.0.15/man/ru/login.access.5
shadow-4.0.15/man/ru/vipw.8
shadow-4.0.15/man/ru/id.1
shadow-4.0.15/man/ru/groupmod.8
shadow-4.0.15/man/ru/chfn.1
shadow-4.0.15/man/ru/su.1
shadow-4.0.15/man/ru/porttime.5
shadow-4.0.15/man/ru/limits.5
shadow-4.0.15/man/ru/usermod.8
shadow-4.0.15/man/ru/Makefile.in
shadow-4.0.15/man/ru/login.1
shadow-4.0.15/man/ru/pwconv.8
shadow-4.0.15/man/newgrp.1.xml
shadow-4.0.15/man/shadow.3.xml
shadow-4.0.15/man/gpasswd.1.xml
shadow-4.0.15/man/id/
shadow-4.0.15/man/id/useradd.8
shadow-4.0.15/man/id/chsh.1
shadow-4.0.15/man/id/Makefile.am
shadow-4.0.15/man/id/Makefile.in
shadow-4.0.15/man/id/login.1
shadow-4.0.15/man/lastlog.8
shadow-4.0.15/man/pwconv.8.xml
shadow-4.0.15/man/fi/
shadow-4.0.15/man/fi/chsh.1
shadow-4.0.15/man/fi/Makefile.am
shadow-4.0.15/man/fi/passwd.1
shadow-4.0.15/man/fi/chfn.1
shadow-4.0.15/man/fi/su.1
shadow-4.0.15/man/fi/Makefile.in
shadow-4.0.15/man/chage.1
shadow-4.0.15/man/de/
shadow-4.0.15/man/de/vigr.8
shadow-4.0.15/man/de/chsh.1
shadow-4.0.15/man/de/newgrp.1
shadow-4.0.15/man/de/Makefile.am
shadow-4.0.15/man/de/passwd.5
shadow-4.0.15/man/de/passwd.1
shadow-4.0.15/man/de/groups.1
shadow-4.0.15/man/de/vipw.8
shadow-4.0.15/man/de/chfn.1
shadow-4.0.15/man/de/Makefile.in
shadow-4.0.15/man/de/login.1
shadow-4.0.15/man/logoutd.8.xml
shadow-4.0.15/man/cs/
shadow-4.0.15/man/cs/shadow.5
shadow-4.0.15/man/cs/Makefile.am
shadow-4.0.15/man/cs/faillog.8
shadow-4.0.15/man/cs/gpasswd.1
shadow-4.0.15/man/cs/faillog.5
shadow-4.0.15/man/cs/passwd.5
shadow-4.0.15/man/cs/nologin.8
shadow-4.0.15/man/cs/logoutd.8
shadow-4.0.15/man/cs/groupdel.8
shadow-4.0.15/man/cs/groupadd.8
shadow-4.0.15/man/cs/expiry.1
shadow-4.0.15/man/cs/lastlog.8
shadow-4.0.15/man/cs/groups.1
shadow-4.0.15/man/cs/vipw.8
shadow-4.0.15/man/cs/id.1
shadow-4.0.15/man/cs/su.1
shadow-4.0.15/man/cs/Makefile.in
shadow-4.0.15/man/sulogin.8
shadow-4.0.15/man/groups.1.xml
shadow-4.0.15/man/groups.1
shadow-4.0.15/man/sulogin.8.xml
shadow-4.0.15/man/login.access.5
shadow-4.0.15/man/groupdel.8.xml
shadow-4.0.15/man/vipw.8
shadow-4.0.15/man/usermod.8.xml
shadow-4.0.15/man/id.1
shadow-4.0.15/man/faillog.5.xml
shadow-4.0.15/man/hu/
shadow-4.0.15/man/hu/chsh.1
shadow-4.0.15/man/hu/newgrp.1
shadow-4.0.15/man/hu/Makefile.am
shadow-4.0.15/man/hu/sg.1
shadow-4.0.15/man/hu/gpasswd.1
shadow-4.0.15/man/hu/passwd.5
shadow-4.0.15/man/hu/passwd.1
shadow-4.0.15/man/hu/lastlog.8
shadow-4.0.15/man/hu/groups.1
shadow-4.0.15/man/hu/su.1
shadow-4.0.15/man/hu/Makefile.in
shadow-4.0.15/man/hu/login.1
shadow-4.0.15/man/groupmod.8
shadow-4.0.15/man/login.defs.5.xml
shadow-4.0.15/man/newusers.8.xml
shadow-4.0.15/man/chage.1.xml
shadow-4.0.15/man/zh_CN/
shadow-4.0.15/man/zh_CN/useradd.8
shadow-4.0.15/man/zh_CN/userdel.8
shadow-4.0.15/man/zh_CN/chsh.1
shadow-4.0.15/man/zh_CN/newgrp.1
shadow-4.0.15/man/zh_CN/Makefile.am
shadow-4.0.15/man/zh_CN/chpasswd.8
shadow-4.0.15/man/zh_CN/passwd.5
shadow-4.0.15/man/zh_CN/groupdel.8
shadow-4.0.15/man/zh_CN/groupadd.8
shadow-4.0.15/man/zh_CN/groupmod.8
shadow-4.0.15/man/zh_CN/chfn.1
shadow-4.0.15/man/zh_CN/su.1
shadow-4.0.15/man/zh_CN/usermod.8
shadow-4.0.15/man/zh_CN/Makefile.in
shadow-4.0.15/man/zh_TW/
shadow-4.0.15/man/zh_TW/useradd.8
shadow-4.0.15/man/zh_TW/userdel.8
shadow-4.0.15/man/zh_TW/chsh.1
shadow-4.0.15/man/zh_TW/newgrp.1
shadow-4.0.15/man/zh_TW/Makefile.am
shadow-4.0.15/man/zh_TW/chpasswd.8
shadow-4.0.15/man/zh_TW/passwd.5
shadow-4.0.15/man/zh_TW/groupdel.8
shadow-4.0.15/man/zh_TW/groupadd.8
shadow-4.0.15/man/zh_TW/groupmod.8
shadow-4.0.15/man/zh_TW/chfn.1
shadow-4.0.15/man/zh_TW/su.1
shadow-4.0.15/man/zh_TW/usermod.8
shadow-4.0.15/man/zh_TW/Makefile.in
shadow-4.0.15/man/expiry.1.xml
shadow-4.0.15/man/nologin.8.xml
shadow-4.0.15/man/chfn.1
shadow-4.0.15/man/su.1
shadow-4.0.15/man/porttime.5
shadow-4.0.15/man/ja/
shadow-4.0.15/man/ja/useradd.8
shadow-4.0.15/man/ja/shadow.3
shadow-4.0.15/man/ja/userdel.8
shadow-4.0.15/man/ja/grpconv.8
shadow-4.0.15/man/ja/grpunconv.8
shadow-4.0.15/man/ja/shadow.5
shadow-4.0.15/man/ja/vigr.8
shadow-4.0.15/man/ja/chsh.1
shadow-4.0.15/man/ja/newgrp.1
shadow-4.0.15/man/ja/Makefile.am
shadow-4.0.15/man/ja/sg.1
shadow-4.0.15/man/ja/faillog.8
shadow-4.0.15/man/ja/chpasswd.8
shadow-4.0.15/man/ja/gpasswd.1
shadow-4.0.15/man/ja/faillog.5
shadow-4.0.15/man/ja/pwunconv.8
shadow-4.0.15/man/ja/grpck.8
shadow-4.0.15/man/ja/passwd.5
shadow-4.0.15/man/ja/pw_auth.3
shadow-4.0.15/man/ja/logoutd.8
shadow-4.0.15/man/ja/pwck.8
shadow-4.0.15/man/ja/groupdel.8
shadow-4.0.15/man/ja/suauth.5
shadow-4.0.15/man/ja/passwd.1
shadow-4.0.15/man/ja/groupadd.8
shadow-4.0.15/man/ja/login.defs.5
shadow-4.0.15/man/ja/newusers.8
shadow-4.0.15/man/ja/expiry.1
shadow-4.0.15/man/ja/lastlog.8
shadow-4.0.15/man/ja/chage.1
shadow-4.0.15/man/ja/sulogin.8
shadow-4.0.15/man/ja/groups.1
shadow-4.0.15/man/ja/login.access.5
shadow-4.0.15/man/ja/vipw.8
shadow-4.0.15/man/ja/id.1
shadow-4.0.15/man/ja/groupmod.8
shadow-4.0.15/man/ja/chfn.1
shadow-4.0.15/man/ja/su.1
shadow-4.0.15/man/ja/porttime.5
shadow-4.0.15/man/ja/limits.5
shadow-4.0.15/man/ja/usermod.8
shadow-4.0.15/man/ja/Makefile.in
shadow-4.0.15/man/ja/login.1
shadow-4.0.15/man/ja/pwconv.8
shadow-4.0.15/man/limits.5
shadow-4.0.15/man/tr/
shadow-4.0.15/man/tr/useradd.8
shadow-4.0.15/man/tr/userdel.8
shadow-4.0.15/man/tr/shadow.5
shadow-4.0.15/man/tr/Makefile.am
shadow-4.0.15/man/tr/passwd.5
shadow-4.0.15/man/tr/groupdel.8
shadow-4.0.15/man/tr/passwd.1
shadow-4.0.15/man/tr/groupadd.8
shadow-4.0.15/man/tr/chage.1
shadow-4.0.15/man/tr/groupmod.8
shadow-4.0.15/man/tr/chfn.1
shadow-4.0.15/man/tr/su.1
shadow-4.0.15/man/tr/usermod.8
shadow-4.0.15/man/tr/Makefile.in
shadow-4.0.15/man/tr/login.1
shadow-4.0.15/man/userdel.8.xml
shadow-4.0.15/man/shadow.5.xml
shadow-4.0.15/man/vipw.8.xml
shadow-4.0.15/man/chsh.1.xml
shadow-4.0.15/man/usermod.8
shadow-4.0.15/man/pt_BR/
shadow-4.0.15/man/pt_BR/shadow.5
shadow-4.0.15/man/pt_BR/Makefile.am
shadow-4.0.15/man/pt_BR/gpasswd.1
shadow-4.0.15/man/pt_BR/passwd.5
shadow-4.0.15/man/pt_BR/groupdel.8
shadow-4.0.15/man/pt_BR/groupadd.8
shadow-4.0.15/man/pt_BR/groupmod.8
shadow-4.0.15/man/pt_BR/Makefile.in
shadow-4.0.15/man/Makefile.in
shadow-4.0.15/man/login.1
shadow-4.0.15/man/pwconv.8
shadow-4.0.15/lib/
shadow-4.0.15/lib/sgetpwent.c
shadow-4.0.15/lib/exitcodes.h
shadow-4.0.15/lib/commonio.c
shadow-4.0.15/lib/port.c
shadow-4.0.15/lib/prototypes.h
shadow-4.0.15/lib/Makefile.am
shadow-4.0.15/lib/commonio.h
shadow-4.0.15/lib/sgetgrent.c
shadow-4.0.15/lib/groupio.h
shadow-4.0.15/lib/getdef.c
shadow-4.0.15/lib/sgroupio.h
shadow-4.0.15/lib/groupio.c
shadow-4.0.15/lib/pwio.h
shadow-4.0.15/lib/defines.h
shadow-4.0.15/lib/shadowio.h
shadow-4.0.15/lib/gshadow.c
shadow-4.0.15/lib/nscd.c
shadow-4.0.15/lib/gshadow_.h
shadow-4.0.15/lib/getdef.h
shadow-4.0.15/lib/port.h
shadow-4.0.15/lib/pwio.c
shadow-4.0.15/lib/pwauth.c
shadow-4.0.15/lib/getpass.c
shadow-4.0.15/lib/faillog.h
shadow-4.0.15/lib/encrypt.c
shadow-4.0.15/lib/shadowio.c
shadow-4.0.15/lib/nscd.h
shadow-4.0.15/lib/pam_defs.h
shadow-4.0.15/lib/.indent.pro
shadow-4.0.15/lib/lockpw.c
shadow-4.0.15/lib/pwauth.h
shadow-4.0.15/lib/shadow.c
shadow-4.0.15/lib/utent.c
shadow-4.0.15/lib/sgroupio.c
shadow-4.0.15/lib/fputsx.c
shadow-4.0.15/lib/Makefile.in
shadow-4.0.15/COPYING
shadow-4.0.15/missing
shadow-4.0.15/ABOUT-NLS
shadow-4.0.15/configure
shadow-4.0.15/config.rpath
shadow-4.0.15/shadow.spec.in
shadow-4.0.15/depcomp
shadow-4.0.15/mkinstalldirs
shadow-4.0.15/config.guess
shadow-4.0.15/doc/
shadow-4.0.15/doc/Makefile.am
shadow-4.0.15/doc/HOWTO
shadow-4.0.15/doc/cracklib26.diff
shadow-4.0.15/doc/README.limits
shadow-4.0.15/doc/WISHLIST
shadow-4.0.15/doc/README.platforms
shadow-4.0.15/doc/Makefile.in
shadow-4.0.15/doc/console.c.spec.txt
shadow-4.0.15/contrib/
shadow-4.0.15/contrib/Makefile.am
shadow-4.0.15/contrib/adduser-old.c
shadow-4.0.15/contrib/adduser2.sh
shadow-4.0.15/contrib/groupmems.shar
shadow-4.0.15/contrib/adduser.c
shadow-4.0.15/contrib/shadow-anonftp.patch
shadow-4.0.15/contrib/atudel
shadow-4.0.15/contrib/udbachk.tgz
shadow-4.0.15/contrib/adduser.sh
shadow-4.0.15/contrib/pwdauth.c
shadow-4.0.15/contrib/README
shadow-4.0.15/contrib/Makefile.in
shadow-4.0.15/configure.in
shadow-4.0.15/po/
shadow-4.0.15/po/ru.gmo
shadow-4.0.15/po/el.po
shadow-4.0.15/po/nl.po
shadow-4.0.15/po/eu.gmo
shadow-4.0.15/po/fr.po
shadow-4.0.15/po/zh_TW.po
shadow-4.0.15/po/LINGUAS
shadow-4.0.15/po/gl.po
shadow-4.0.15/po/ru.po
shadow-4.0.15/po/nb.po
shadow-4.0.15/po/pt_BR.po
shadow-4.0.15/po/en@quot.header
shadow-4.0.15/po/ja.gmo
shadow-4.0.15/po/pt_BR.gmo
shadow-4.0.15/po/eu.po
shadow-4.0.15/po/ro.po
shadow-4.0.15/po/el.gmo
shadow-4.0.15/po/cs.po
shadow-4.0.15/po/sk.po
shadow-4.0.15/po/cs.gmo
shadow-4.0.15/po/uk.gmo
shadow-4.0.15/po/es.po
shadow-4.0.15/po/pt.po
shadow-4.0.15/po/Makevars
shadow-4.0.15/po/nl.gmo
shadow-4.0.15/po/it.gmo
shadow-4.0.15/po/pl.gmo
shadow-4.0.15/po/nn.po
shadow-4.0.15/po/ca.po
shadow-4.0.15/po/uk.po
shadow-4.0.15/po/stamp-po
shadow-4.0.15/po/fi.gmo
shadow-4.0.15/po/quot.sed
shadow-4.0.15/po/he.gmo
shadow-4.0.15/po/POTFILES.in
shadow-4.0.15/po/ro.gmo
shadow-4.0.15/po/nb.gmo
shadow-4.0.15/po/ja.po
shadow-4.0.15/po/zh_TW.gmo
shadow-4.0.15/po/da.gmo
shadow-4.0.15/po/tl.po
shadow-4.0.15/po/de.gmo
shadow-4.0.15/po/en@boldquot.header
shadow-4.0.15/po/remove-potcdate.sin
shadow-4.0.15/po/it.po
shadow-4.0.15/po/shadow.pot
shadow-4.0.15/po/bs.po
shadow-4.0.15/po/tr.po
shadow-4.0.15/po/fr.gmo
shadow-4.0.15/po/gl.gmo
shadow-4.0.15/po/nn.gmo
shadow-4.0.15/po/ko.po
shadow-4.0.15/po/da.po
shadow-4.0.15/po/sq.gmo
shadow-4.0.15/po/tr.gmo
shadow-4.0.15/po/es.gmo
shadow-4.0.15/po/Makefile.in.in
shadow-4.0.15/po/zh_CN.gmo
shadow-4.0.15/po/id.po
shadow-4.0.15/po/Rules-quot
shadow-4.0.15/po/sk.gmo
shadow-4.0.15/po/sv.gmo
shadow-4.0.15/po/ca.gmo
shadow-4.0.15/po/tl.gmo
shadow-4.0.15/po/pt.gmo
shadow-4.0.15/po/fi.po
shadow-4.0.15/po/bs.gmo
shadow-4.0.15/po/boldquot.sed
shadow-4.0.15/po/id.gmo
shadow-4.0.15/po/zh_CN.po
shadow-4.0.15/po/sv.po
shadow-4.0.15/po/he.po
shadow-4.0.15/po/pl.po
shadow-4.0.15/po/vi.gmo
shadow-4.0.15/po/ko.gmo
shadow-4.0.15/po/de.po
shadow-4.0.15/po/vi.po
shadow-4.0.15/po/sq.po
shadow-4.0.15/po/insert-header.sin
shadow-4.0.15/src/
shadow-4.0.15/src/sulogin.c
shadow-4.0.15/src/faillog.c
shadow-4.0.15/src/chage.c
shadow-4.0.15/src/login.c
shadow-4.0.15/src/usermod.c
shadow-4.0.15/src/chfn.c
shadow-4.0.15/src/chsh.c
shadow-4.0.15/src/groupmod.c
shadow-4.0.15/src/lastlog.c
shadow-4.0.15/src/vipw.c
shadow-4.0.15/src/pwconv.c
shadow-4.0.15/src/grpck.c
shadow-4.0.15/src/Makefile.am
shadow-4.0.15/src/groups.c
shadow-4.0.15/src/pwck.c
shadow-4.0.15/src/nologin.c
shadow-4.0.15/src/userdel.c
shadow-4.0.15/src/suauth.c
shadow-4.0.15/src/newusers.c
shadow-4.0.15/src/pwunconv.c
shadow-4.0.15/src/passwd.c
shadow-4.0.15/src/grpconv.c
shadow-4.0.15/src/expiry.c
shadow-4.0.15/src/chpasswd.c
shadow-4.0.15/src/su.c
shadow-4.0.15/src/grpunconv.c
shadow-4.0.15/src/logoutd.c
shadow-4.0.15/src/useradd.c
shadow-4.0.15/src/id.c
shadow-4.0.15/src/login_nopam.c
shadow-4.0.15/src/.indent.pro
shadow-4.0.15/src/newgrp.c
shadow-4.0.15/src/groupdel.c
shadow-4.0.15/src/gpasswd.c
shadow-4.0.15/src/chgpasswd.c
shadow-4.0.15/src/groupadd.c
shadow-4.0.15/src/Makefile.in
shadow-4.0.15/config.sub
shadow-4.0.15/TODO
shadow-4.0.15/acinclude.m4
shadow-4.0.15/etc/
shadow-4.0.15/etc/limits
shadow-4.0.15/etc/Makefile.am
shadow-4.0.15/etc/login.defs
shadow-4.0.15/etc/pam.d/
shadow-4.0.15/etc/pam.d/login
shadow-4.0.15/etc/pam.d/passwd
shadow-4.0.15/etc/pam.d/chpasswd
shadow-4.0.15/etc/pam.d/Makefile.am
shadow-4.0.15/etc/pam.d/usermod
shadow-4.0.15/etc/pam.d/useradd
shadow-4.0.15/etc/pam.d/groupmod
shadow-4.0.15/etc/pam.d/chage
shadow-4.0.15/etc/pam.d/groupadd
shadow-4.0.15/etc/pam.d/su
shadow-4.0.15/etc/pam.d/newusers
shadow-4.0.15/etc/pam.d/groupdel
shadow-4.0.15/etc/pam.d/Makefile.in
shadow-4.0.15/etc/useradd
shadow-4.0.15/etc/login.access
shadow-4.0.15/etc/Makefile.in
shadow-4.0.15/README
shadow-4.0.15/NEWS
shadow-4.0.15/Makefile.in
shadow-4.0.15/config.h.in
