checking for a BSD-compatible install... /usr/bin/install -c
checking whether build environment is sane... yes
checking for gawk... gawk
checking whether make sets $(MAKE)... yes
checking whether to enable maintainer-specific portions of Makefiles... no
checking for gcc... gcc
checking for C compiler default output file name... a.out
checking whether the C compiler works... yes
checking whether we are cross compiling... no
checking for suffix of executables... 
checking for suffix of object files... o
checking whether we are using the GNU C compiler... yes
checking whether gcc accepts -g... yes
checking for gcc option to accept ANSI C... none needed
checking for style of include used by make... GNU
checking dependency style of gcc... gcc3
checking for library containing strerror... none required
checking whether ln -s works... yes
checking for bison... bison -y
checking for function prototypes... yes
checking how to run the C preprocessor... gcc -E
checking for egrep... grep -E
checking for ANSI C header files... yes
checking for sys/types.h... yes
checking for sys/stat.h... yes
checking for stdlib.h... yes
checking for string.h... yes
checking for memory.h... yes
checking for strings.h... yes
checking for inttypes.h... yes
checking for stdint.h... yes
checking for unistd.h... yes
checking for string.h... (cached) yes
checking build system type... i686-pc-linux-gnu
checking host system type... i686-pc-linux-gnu
checking for a sed that does not truncate output... /bin/sed
checking for ld used by gcc... /usr/bin/ld
checking if the linker (/usr/bin/ld) is GNU ld... yes
checking for /usr/bin/ld option to reload object files... -r
checking for BSD-compatible nm... /usr/bin/nm -B
checking how to recognise dependent libraries... pass_all
checking dlfcn.h usability... yes
checking dlfcn.h presence... yes
checking for dlfcn.h... yes
checking for g++... g++
checking whether we are using the GNU C++ compiler... yes
checking whether g++ accepts -g... yes
checking dependency style of g++... gcc3
checking how to run the C++ preprocessor... g++ -E
checking for g77... no
checking for f77... no
checking for xlf... no
checking for frt... no
checking for pgf77... no
checking for fort77... no
checking for fl32... no
checking for af77... no
checking for f90... no
checking for xlf90... no
checking for pgf90... no
checking for epcf90... no
checking for f95... no
checking for fort... no
checking for xlf95... no
checking for ifc... no
checking for efc... no
checking for pgf95... no
checking for lf95... no
checking for gfortran... no
checking whether we are using the GNU Fortran 77 compiler... no
checking whether  accepts -g... no
checking the maximum length of command line arguments... 32768
checking command to parse /usr/bin/nm -B output from gcc object... ok
checking for objdir... .libs
checking for ar... ar
checking for ranlib... ranlib
checking for strip... strip
checking if gcc supports -fno-rtti -fno-exceptions... no
checking for gcc option to produce PIC... -fPIC
checking if gcc PIC flag -fPIC works... yes
checking if gcc static flag -static works... yes
checking if gcc supports -c -o file.o... yes
checking whether the gcc linker (/usr/bin/ld) supports shared libraries... yes
checking whether -lc should be explicitly linked in... no
checking dynamic linker characteristics... GNU/Linux ld.so
checking how to hardcode library paths into programs... immediate
checking whether stripping libraries is possible... yes
checking if libtool supports shared libraries... yes
checking whether to build shared libraries... yes
checking whether to build static libraries... yes
configure: creating libtool
appending configuration tag "CXX" to libtool
checking for ld used by g++... /usr/bin/ld
checking if the linker (/usr/bin/ld) is GNU ld... yes
checking whether the g++ linker (/usr/bin/ld) supports shared libraries... yes
checking for g++ option to produce PIC... -fPIC
checking if g++ PIC flag -fPIC works... yes
checking if g++ static flag -static works... yes
checking if g++ supports -c -o file.o... yes
checking whether the g++ linker (/usr/bin/ld) supports shared libraries... yes
checking dynamic linker characteristics... GNU/Linux ld.so
checking how to hardcode library paths into programs... immediate
appending configuration tag "F77" to libtool
checking for dirent.h that defines DIR... yes
checking for library containing opendir... none required
checking for ANSI C header files... (cached) yes
checking for sys/wait.h that is POSIX.1 compatible... yes
checking errno.h usability... yes
checking errno.h presence... yes
checking for errno.h... yes
checking fcntl.h usability... yes
checking fcntl.h presence... yes
checking for fcntl.h... yes
checking limits.h usability... yes
checking limits.h presence... yes
checking for limits.h... yes
checking for unistd.h... (cached) yes
checking sys/time.h usability... yes
checking sys/time.h presence... yes
checking for sys/time.h... yes
checking utmp.h usability... yes
checking utmp.h presence... yes
checking for utmp.h... yes
checking utmpx.h usability... yes
checking utmpx.h presence... yes
checking for utmpx.h... yes
checking termios.h usability... yes
checking termios.h presence... yes
checking for termios.h... yes
checking termio.h usability... yes
checking termio.h presence... yes
checking for termio.h... yes
checking sgtty.h usability... yes
checking sgtty.h presence... yes
checking for sgtty.h... yes
checking sys/ioctl.h usability... yes
checking sys/ioctl.h presence... yes
checking for sys/ioctl.h... yes
checking syslog.h usability... yes
checking syslog.h presence... yes
checking for syslog.h... yes
checking paths.h usability... yes
checking paths.h presence... yes
checking for paths.h... yes
checking utime.h usability... yes
checking utime.h presence... yes
checking for utime.h... yes
checking ulimit.h usability... yes
checking ulimit.h presence... yes
checking for ulimit.h... yes
checking sys/resource.h usability... yes
checking sys/resource.h presence... yes
checking for sys/resource.h... yes
checking gshadow.h usability... no
checking gshadow.h presence... no
checking for gshadow.h... no
checking shadow.h usability... yes
checking shadow.h presence... yes
checking for shadow.h... yes
checking lastlog.h usability... yes
checking lastlog.h presence... yes
checking for lastlog.h... yes
checking locale.h usability... yes
checking locale.h presence... yes
checking for locale.h... yes
checking rpc/key_prot.h usability... yes
checking rpc/key_prot.h presence... yes
checking for rpc/key_prot.h... yes
checking for a64l... yes
checking for fchmod... yes
checking for fchown... yes
checking for fsync... yes
checking for getgroups... yes
checking for gethostname... yes
checking for getspnam... yes
checking for gettimeofday... yes
checking for getusershell... yes
checking for getutent... yes
checking for initgroups... yes
checking for lchown... yes
checking for lckpwdf... yes
checking for lstat... yes
checking for memcpy... yes
checking for memset... yes
checking for setgroups... yes
checking for sigaction... yes
checking for strchr... yes
checking for updwtmp... yes
checking for updwtmpx... yes
checking for special C compiler options needed for large files... no
checking for _FILE_OFFSET_BITS value needed for large files... 64
checking for _LARGE_FILES value needed for large files... no
checking for an ANSI C-conforming const... yes
checking for uid_t in sys/types.h... yes
checking for off_t... yes
checking for pid_t... yes
checking for mode_t... yes
checking whether stat file-mode macros are broken... no
checking for struct stat.st_rdev... yes
checking whether time.h and sys/time.h may both be included... yes
checking whether struct tm is in sys/time.h or time.h... time.h
checking for ut_host in struct utmp... yes
checking for ut_user in struct utmp... yes
checking for ll_host in struct lastlog... yes
checking type of array argument to getgroups... gid_t
checking return type of signal handlers... void
checking whether utime accepts a null argument... yes
checking for strftime... yes
checking for mkdir... yes
checking for putgrent... yes
checking for putpwent... yes
checking for putspent... yes
checking for rename... yes
checking for rmdir... yes
checking for sgetgrent... no
checking for sgetpwent... no
checking for sgetspent... yes
checking for snprintf... yes
checking for strcasecmp... yes
checking for strdup... yes
checking for strerror... yes
checking for strstr... yes
checking for setpgrp... yes
checking whether setpgrp takes no argument... yes
checking for working shadow group support... no
checking location of shared mail directory... none
checking location of user mail file... none
checking location of utmp... none
checking location of faillog/lastlog/wtmp... /var/log
checking location of the passwd program... /bin
checking for library containing inet_ntoa... none required
checking for library containing socket... none required
checking for library containing gethostbyname... none required
checking for crypt in -lcrypt... yes
checking libaudit.h usability... no
checking libaudit.h presence... no
checking for libaudit.h... no
checking for pam_start in -lpam... yes
checking for main in -lpam_misc... yes
checking use login and su access checking if PAM not used... no
checking whether NLS is requested... yes
checking for msgfmt... /usr/bin/msgfmt
checking for gmsgfmt... /usr/bin/msgfmt
checking for xgettext... /usr/bin/xgettext
checking for msgmerge... /usr/bin/msgmerge
checking for ld used by GCC... /usr/bin/ld
checking if the linker (/usr/bin/ld) is GNU ld... yes
checking for shared library run path origin... done
checking for CFPreferencesCopyAppValue... no
checking for CFLocaleCopyCurrent... no
checking whether NLS is requested... yes
checking for GNU gettext in libc... yes
checking whether to use NLS... yes
checking where the gettext function comes from... libc
configure: creating ./config.status
config.status: creating Makefile
config.status: creating po/Makefile.in
config.status: creating doc/Makefile
config.status: creating man/Makefile
config.status: creating man/cs/Makefile
config.status: creating man/de/Makefile
config.status: creating man/es/Makefile
config.status: creating man/fi/Makefile
config.status: creating man/fr/Makefile
config.status: creating man/hu/Makefile
config.status: creating man/id/Makefile
config.status: creating man/it/Makefile
config.status: creating man/ja/Makefile
config.status: creating man/ko/Makefile
config.status: creating man/pl/Makefile
config.status: creating man/pt_BR/Makefile
config.status: creating man/ru/Makefile
config.status: creating man/tr/Makefile
config.status: creating man/zh_CN/Makefile
config.status: creating man/zh_TW/Makefile
config.status: creating libmisc/Makefile
config.status: creating lib/Makefile
config.status: creating src/Makefile
config.status: creating contrib/Makefile
config.status: creating etc/Makefile
config.status: creating etc/pam.d/Makefile
config.status: creating shadow.spec
config.status: creating config.h
config.status: executing depfiles commands
config.status: executing default-1 commands
config.status: creating po/POTFILES
config.status: creating po/Makefile

shadow will be compiled with the followig feactures:

	auditing support:		yes
	CrackLib support:		no
	PAM support:			yes
	SELinux support:		no
	shadow group support:		yes
	S/Key support:			no

