removed `usr/share/man/pt_BR/man5/passwd.5'
removed `usr/share/man/pt_BR/man5/shadow.5'
removed directory: `usr/share/man/pt_BR/man5'
removed `usr/share/man/pt_BR/man1/gpasswd.1'
removed directory: `usr/share/man/pt_BR/man1'
removed `usr/share/man/pt_BR/man8/groupdel.8'
removed `usr/share/man/pt_BR/man8/groupadd.8'
removed `usr/share/man/pt_BR/man8/groupmod.8'
removed directory: `usr/share/man/pt_BR/man8'
removed directory: `usr/share/man/pt_BR'
removed `usr/share/man/ru/man5/limits.5'
removed `usr/share/man/ru/man5/porttime.5'
removed `usr/share/man/ru/man5/gshadow.5'
removed `usr/share/man/ru/man5/login.defs.5'
removed `usr/share/man/ru/man5/passwd.5'
removed `usr/share/man/ru/man5/login.access.5'
removed `usr/share/man/ru/man5/suauth.5'
removed `usr/share/man/ru/man5/shadow.5'
removed `usr/share/man/ru/man5/faillog.5'
removed directory: `usr/share/man/ru/man5'
removed `usr/share/man/ru/man1/login.1'
removed `usr/share/man/ru/man1/gpasswd.1'
removed `usr/share/man/ru/man1/su.1'
removed `usr/share/man/ru/man1/chfn.1'
removed `usr/share/man/ru/man1/expiry.1'
removed `usr/share/man/ru/man1/id.1'
removed `usr/share/man/ru/man1/sg.1'
removed `usr/share/man/ru/man1/newgrp.1'
removed `usr/share/man/ru/man1/chsh.1'
removed `usr/share/man/ru/man1/chage.1'
removed `usr/share/man/ru/man1/passwd.1'
removed directory: `usr/share/man/ru/man1'
removed `usr/share/man/ru/man3/pw_auth.3'
removed `usr/share/man/ru/man3/shadow.3'
removed `usr/share/man/ru/man3/getspnam.3'
removed directory: `usr/share/man/ru/man3'
removed `usr/share/man/ru/man8/logoutd.8'
removed `usr/share/man/ru/man8/grpconv.8'
removed `usr/share/man/ru/man8/lastlog.8'
removed `usr/share/man/ru/man8/pwconv.8'
removed `usr/share/man/ru/man8/groupdel.8'
removed `usr/share/man/ru/man8/groupmems.8'
removed `usr/share/man/ru/man8/vigr.8'
removed `usr/share/man/ru/man8/userdel.8'
removed `usr/share/man/ru/man8/pwck.8'
removed `usr/share/man/ru/man8/newusers.8'
removed `usr/share/man/ru/man8/vipw.8'
removed `usr/share/man/ru/man8/usermod.8'
removed `usr/share/man/ru/man8/nologin.8'
removed `usr/share/man/ru/man8/sulogin.8'
removed `usr/share/man/ru/man8/grpck.8'
removed `usr/share/man/ru/man8/useradd.8'
removed `usr/share/man/ru/man8/groupadd.8'
removed `usr/share/man/ru/man8/faillog.8'
removed `usr/share/man/ru/man8/grpunconv.8'
removed `usr/share/man/ru/man8/chpasswd.8'
removed `usr/share/man/ru/man8/groupmod.8'
removed `usr/share/man/ru/man8/pwunconv.8'
removed directory: `usr/share/man/ru/man8'
removed directory: `usr/share/man/ru'
removed `usr/share/man/it/man5/porttime.5'
removed `usr/share/man/it/man5/passwd.5'
removed `usr/share/man/it/man5/shadow.5'
removed `usr/share/man/it/man5/faillog.5'
removed directory: `usr/share/man/it/man5'
removed `usr/share/man/it/man1/login.1'
removed `usr/share/man/it/man1/gpasswd.1'
removed `usr/share/man/it/man1/su.1'
removed `usr/share/man/it/man1/chfn.1'
removed `usr/share/man/it/man1/expiry.1'
removed `usr/share/man/it/man1/id.1'
removed `usr/share/man/it/man1/sg.1'
removed `usr/share/man/it/man1/newgrp.1'
removed `usr/share/man/it/man1/chsh.1'
removed `usr/share/man/it/man1/chage.1'
removed `usr/share/man/it/man1/passwd.1'
removed directory: `usr/share/man/it/man1'
removed `usr/share/man/it/man3/shadow.3'
removed `usr/share/man/it/man3/getspnam.3'
removed directory: `usr/share/man/it/man3'
removed `usr/share/man/it/man8/grpconv.8'
removed `usr/share/man/it/man8/lastlog.8'
removed `usr/share/man/it/man8/pwconv.8'
removed `usr/share/man/it/man8/groupdel.8'
removed `usr/share/man/it/man8/vigr.8'
removed `usr/share/man/it/man8/userdel.8'
removed `usr/share/man/it/man8/pwck.8'
removed `usr/share/man/it/man8/newusers.8'
removed `usr/share/man/it/man8/vipw.8'
removed `usr/share/man/it/man8/usermod.8'
removed `usr/share/man/it/man8/grpck.8'
removed `usr/share/man/it/man8/useradd.8'
removed `usr/share/man/it/man8/groupadd.8'
removed `usr/share/man/it/man8/faillog.8'
removed `usr/share/man/it/man8/grpunconv.8'
removed `usr/share/man/it/man8/chpasswd.8'
removed `usr/share/man/it/man8/groupmod.8'
removed `usr/share/man/it/man8/pwunconv.8'
removed directory: `usr/share/man/it/man8'
removed directory: `usr/share/man/it'
removed `usr/share/man/cs/man5/passwd.5'
removed `usr/share/man/cs/man5/shadow.5'
removed `usr/share/man/cs/man5/faillog.5'
removed directory: `usr/share/man/cs/man5'
removed `usr/share/man/cs/man1/gpasswd.1'
removed `usr/share/man/cs/man1/su.1'
removed `usr/share/man/cs/man1/expiry.1'
removed `usr/share/man/cs/man1/id.1'
removed directory: `usr/share/man/cs/man1'
removed `usr/share/man/cs/man8/lastlog.8'
removed `usr/share/man/cs/man8/groupdel.8'
removed `usr/share/man/cs/man8/vipw.8'
removed `usr/share/man/cs/man8/nologin.8'
removed `usr/share/man/cs/man8/groupadd.8'
removed `usr/share/man/cs/man8/faillog.8'
removed directory: `usr/share/man/cs/man8'
removed directory: `usr/share/man/cs'
removed `usr/share/man/hu/man5/passwd.5'
removed directory: `usr/share/man/hu/man5'
removed `usr/share/man/hu/man1/login.1'
removed `usr/share/man/hu/man1/gpasswd.1'
removed `usr/share/man/hu/man1/su.1'
removed `usr/share/man/hu/man1/sg.1'
removed `usr/share/man/hu/man1/newgrp.1'
removed `usr/share/man/hu/man1/chsh.1'
removed `usr/share/man/hu/man1/passwd.1'
removed directory: `usr/share/man/hu/man1'
removed `usr/share/man/hu/man8/lastlog.8'
removed directory: `usr/share/man/hu/man8'
removed directory: `usr/share/man/hu'
removed `usr/share/man/pl/man5/limits.5'
removed `usr/share/man/pl/man5/porttime.5'
removed `usr/share/man/pl/man5/login.defs.5'
removed `usr/share/man/pl/man5/passwd.5'
removed `usr/share/man/pl/man5/login.access.5'
removed `usr/share/man/pl/man5/suauth.5'
removed `usr/share/man/pl/man5/shadow.5'
removed `usr/share/man/pl/man5/faillog.5'
removed directory: `usr/share/man/pl/man5'
removed `usr/share/man/pl/man1/login.1'
removed `usr/share/man/pl/man1/gpasswd.1'
removed `usr/share/man/pl/man1/su.1'
removed `usr/share/man/pl/man1/chfn.1'
removed `usr/share/man/pl/man1/expiry.1'
removed `usr/share/man/pl/man1/sg.1'
removed `usr/share/man/pl/man1/newgrp.1'
removed `usr/share/man/pl/man1/chsh.1'
removed `usr/share/man/pl/man1/chage.1'
removed `usr/share/man/pl/man1/passwd.1'
removed directory: `usr/share/man/pl/man1'
removed `usr/share/man/pl/man8/logoutd.8'
removed `usr/share/man/pl/man8/grpconv.8'
removed `usr/share/man/pl/man8/lastlog.8'
removed `usr/share/man/pl/man8/pwconv.8'
removed `usr/share/man/pl/man8/groupdel.8'
removed `usr/share/man/pl/man8/vigr.8'
removed `usr/share/man/pl/man8/userdel.8'
removed `usr/share/man/pl/man8/pwck.8'
removed `usr/share/man/pl/man8/newusers.8'
removed `usr/share/man/pl/man8/vipw.8'
removed `usr/share/man/pl/man8/usermod.8'
removed `usr/share/man/pl/man8/grpck.8'
removed `usr/share/man/pl/man8/useradd.8'
removed `usr/share/man/pl/man8/groupadd.8'
removed `usr/share/man/pl/man8/faillog.8'
removed `usr/share/man/pl/man8/grpunconv.8'
removed `usr/share/man/pl/man8/chpasswd.8'
removed `usr/share/man/pl/man8/groupmod.8'
removed `usr/share/man/pl/man8/pwunconv.8'
removed directory: `usr/share/man/pl/man8'
removed directory: `usr/share/man/pl'
removed `usr/share/man/id/man1/login.1'
removed `usr/share/man/id/man1/chsh.1'
removed directory: `usr/share/man/id/man1'
removed `usr/share/man/id/man8/useradd.8'
removed directory: `usr/share/man/id/man8'
removed directory: `usr/share/man/id'
removed `usr/share/man/ja/man5/limits.5'
removed `usr/share/man/ja/man5/porttime.5'
removed `usr/share/man/ja/man5/login.defs.5'
removed `usr/share/man/ja/man5/passwd.5'
removed `usr/share/man/ja/man5/login.access.5'
removed `usr/share/man/ja/man5/suauth.5'
removed `usr/share/man/ja/man5/shadow.5'
removed `usr/share/man/ja/man5/faillog.5'
removed directory: `usr/share/man/ja/man5'
removed `usr/share/man/ja/man1/login.1'
removed `usr/share/man/ja/man1/gpasswd.1'
removed `usr/share/man/ja/man1/su.1'
removed `usr/share/man/ja/man1/chfn.1'
removed `usr/share/man/ja/man1/expiry.1'
removed `usr/share/man/ja/man1/sg.1'
removed `usr/share/man/ja/man1/newgrp.1'
removed `usr/share/man/ja/man1/chsh.1'
removed `usr/share/man/ja/man1/chage.1'
removed `usr/share/man/ja/man1/passwd.1'
removed directory: `usr/share/man/ja/man1'
removed `usr/share/man/ja/man8/logoutd.8'
removed `usr/share/man/ja/man8/grpconv.8'
removed `usr/share/man/ja/man8/lastlog.8'
removed `usr/share/man/ja/man8/pwconv.8'
removed `usr/share/man/ja/man8/groupdel.8'
removed `usr/share/man/ja/man8/vigr.8'
removed `usr/share/man/ja/man8/userdel.8'
removed `usr/share/man/ja/man8/pwck.8'
removed `usr/share/man/ja/man8/newusers.8'
removed `usr/share/man/ja/man8/vipw.8'
removed `usr/share/man/ja/man8/usermod.8'
removed `usr/share/man/ja/man8/grpck.8'
removed `usr/share/man/ja/man8/useradd.8'
removed `usr/share/man/ja/man8/groupadd.8'
removed `usr/share/man/ja/man8/faillog.8'
removed `usr/share/man/ja/man8/grpunconv.8'
removed `usr/share/man/ja/man8/chpasswd.8'
removed `usr/share/man/ja/man8/groupmod.8'
removed `usr/share/man/ja/man8/pwunconv.8'
removed directory: `usr/share/man/ja/man8'
removed directory: `usr/share/man/ja'
removed `usr/share/man/es/man5/passwd.5'
removed directory: `usr/share/man/es/man5'
removed `usr/share/man/es/man1/login.1'
removed `usr/share/man/es/man1/su.1'
removed `usr/share/man/es/man1/newgrp.1'
removed `usr/share/man/es/man1/passwd.1'
removed directory: `usr/share/man/es/man1'
removed `usr/share/man/es/man8/vigr.8'
removed `usr/share/man/es/man8/vipw.8'
removed directory: `usr/share/man/es/man8'
removed directory: `usr/share/man/es'
removed `usr/share/man/fr/man5/limits.5'
removed `usr/share/man/fr/man5/porttime.5'
removed `usr/share/man/fr/man5/gshadow.5'
removed `usr/share/man/fr/man5/login.defs.5'
removed `usr/share/man/fr/man5/passwd.5'
removed `usr/share/man/fr/man5/login.access.5'
removed `usr/share/man/fr/man5/suauth.5'
removed `usr/share/man/fr/man5/shadow.5'
removed `usr/share/man/fr/man5/faillog.5'
removed directory: `usr/share/man/fr/man5'
removed `usr/share/man/fr/man1/login.1'
removed `usr/share/man/fr/man1/gpasswd.1'
removed `usr/share/man/fr/man1/su.1'
removed `usr/share/man/fr/man1/chfn.1'
removed `usr/share/man/fr/man1/expiry.1'
removed `usr/share/man/fr/man1/sg.1'
removed `usr/share/man/fr/man1/newgrp.1'
removed `usr/share/man/fr/man1/chsh.1'
removed `usr/share/man/fr/man1/chage.1'
removed `usr/share/man/fr/man1/passwd.1'
removed directory: `usr/share/man/fr/man1'
removed `usr/share/man/fr/man3/shadow.3'
removed `usr/share/man/fr/man3/getspnam.3'
removed directory: `usr/share/man/fr/man3'
removed `usr/share/man/fr/man8/logoutd.8'
removed `usr/share/man/fr/man8/grpconv.8'
removed `usr/share/man/fr/man8/lastlog.8'
removed `usr/share/man/fr/man8/pwconv.8'
removed `usr/share/man/fr/man8/groupdel.8'
removed `usr/share/man/fr/man8/vigr.8'
removed `usr/share/man/fr/man8/userdel.8'
removed `usr/share/man/fr/man8/pwck.8'
removed `usr/share/man/fr/man8/newusers.8'
removed `usr/share/man/fr/man8/vipw.8'
removed `usr/share/man/fr/man8/usermod.8'
removed `usr/share/man/fr/man8/grpck.8'
removed `usr/share/man/fr/man8/useradd.8'
removed `usr/share/man/fr/man8/groupadd.8'
removed `usr/share/man/fr/man8/faillog.8'
removed `usr/share/man/fr/man8/grpunconv.8'
removed `usr/share/man/fr/man8/chpasswd.8'
removed `usr/share/man/fr/man8/groupmod.8'
removed `usr/share/man/fr/man8/pwunconv.8'
removed directory: `usr/share/man/fr/man8'
removed directory: `usr/share/man/fr'
removed `usr/share/man/tr/man5/passwd.5'
removed `usr/share/man/tr/man5/shadow.5'
removed directory: `usr/share/man/tr/man5'
removed `usr/share/man/tr/man1/login.1'
removed `usr/share/man/tr/man1/su.1'
removed `usr/share/man/tr/man1/chfn.1'
removed `usr/share/man/tr/man1/chage.1'
removed `usr/share/man/tr/man1/passwd.1'
removed directory: `usr/share/man/tr/man1'
removed `usr/share/man/tr/man8/groupdel.8'
removed `usr/share/man/tr/man8/userdel.8'
removed `usr/share/man/tr/man8/usermod.8'
removed `usr/share/man/tr/man8/useradd.8'
removed `usr/share/man/tr/man8/groupadd.8'
removed `usr/share/man/tr/man8/groupmod.8'
removed directory: `usr/share/man/tr/man8'
removed directory: `usr/share/man/tr'
removed `usr/share/man/fi/man1/su.1'
removed `usr/share/man/fi/man1/chfn.1'
removed `usr/share/man/fi/man1/chsh.1'
removed `usr/share/man/fi/man1/passwd.1'
removed directory: `usr/share/man/fi/man1'
removed directory: `usr/share/man/fi'
removed `usr/share/man/de/man5/passwd.5'
removed directory: `usr/share/man/de/man5'
removed `usr/share/man/de/man1/login.1'
removed `usr/share/man/de/man1/chfn.1'
removed `usr/share/man/de/man1/newgrp.1'
removed `usr/share/man/de/man1/chsh.1'
removed `usr/share/man/de/man1/passwd.1'
removed directory: `usr/share/man/de/man1'
removed `usr/share/man/de/man8/vigr.8'
removed `usr/share/man/de/man8/vipw.8'
removed directory: `usr/share/man/de/man8'
removed directory: `usr/share/man/de'
removed `usr/share/locale/ru/LC_MESSAGES/shadow.mo'
removed directory: `usr/share/locale/ru/LC_MESSAGES'
removed directory: `usr/share/locale/ru'
removed `usr/share/locale/eu/LC_MESSAGES/shadow.mo'
removed directory: `usr/share/locale/eu/LC_MESSAGES'
removed directory: `usr/share/locale/eu'
removed `usr/share/locale/da/LC_MESSAGES/shadow.mo'
removed directory: `usr/share/locale/da/LC_MESSAGES'
removed directory: `usr/share/locale/da'
removed `usr/share/locale/el/LC_MESSAGES/shadow.mo'
removed directory: `usr/share/locale/el/LC_MESSAGES'
removed directory: `usr/share/locale/el'
removed `usr/share/locale/bs/LC_MESSAGES/shadow.mo'
removed directory: `usr/share/locale/bs/LC_MESSAGES'
removed directory: `usr/share/locale/bs'
removed `usr/share/locale/nl/LC_MESSAGES/shadow.mo'
removed directory: `usr/share/locale/nl/LC_MESSAGES'
removed directory: `usr/share/locale/nl'
removed `usr/share/locale/de/LC_MESSAGES/shadow.mo'
removed directory: `usr/share/locale/de/LC_MESSAGES'
removed directory: `usr/share/locale/de'
removed `usr/share/locale/sq/LC_MESSAGES/shadow.mo'
removed directory: `usr/share/locale/sq/LC_MESSAGES'
removed directory: `usr/share/locale/sq'
removed `usr/share/locale/sk/LC_MESSAGES/shadow.mo'
removed directory: `usr/share/locale/sk/LC_MESSAGES'
removed directory: `usr/share/locale/sk'
removed `usr/share/locale/nb/LC_MESSAGES/shadow.mo'
removed directory: `usr/share/locale/nb/LC_MESSAGES'
removed directory: `usr/share/locale/nb'
removed `usr/share/locale/zh_CN/LC_MESSAGES/shadow.mo'
removed directory: `usr/share/locale/zh_CN/LC_MESSAGES'
removed directory: `usr/share/locale/zh_CN'
removed `usr/share/locale/gl/LC_MESSAGES/shadow.mo'
removed directory: `usr/share/locale/gl/LC_MESSAGES'
removed directory: `usr/share/locale/gl'
removed `usr/share/locale/ko/LC_MESSAGES/shadow.mo'
removed directory: `usr/share/locale/ko/LC_MESSAGES'
removed directory: `usr/share/locale/ko'
removed `usr/share/locale/vi/LC_MESSAGES/shadow.mo'
removed directory: `usr/share/locale/vi/LC_MESSAGES'
removed directory: `usr/share/locale/vi'
removed `usr/share/locale/zh_TW/LC_MESSAGES/shadow.mo'
removed directory: `usr/share/locale/zh_TW/LC_MESSAGES'
removed directory: `usr/share/locale/zh_TW'
removed `usr/share/locale/pt_BR/LC_MESSAGES/shadow.mo'
removed directory: `usr/share/locale/pt_BR/LC_MESSAGES'
removed directory: `usr/share/locale/pt_BR'
removed `usr/share/locale/tl/LC_MESSAGES/shadow.mo'
removed directory: `usr/share/locale/tl/LC_MESSAGES'
removed directory: `usr/share/locale/tl'
removed `usr/share/locale/he/LC_MESSAGES/shadow.mo'
removed directory: `usr/share/locale/he/LC_MESSAGES'
removed directory: `usr/share/locale/he'
removed `usr/share/locale/ja/LC_MESSAGES/shadow.mo'
removed directory: `usr/share/locale/ja/LC_MESSAGES'
removed directory: `usr/share/locale/ja'
removed `usr/share/locale/cs/LC_MESSAGES/shadow.mo'
removed directory: `usr/share/locale/cs/LC_MESSAGES'
removed directory: `usr/share/locale/cs'
removed `usr/share/locale/es/LC_MESSAGES/shadow.mo'
removed directory: `usr/share/locale/es/LC_MESSAGES'
removed directory: `usr/share/locale/es'
removed `usr/share/locale/ca/LC_MESSAGES/shadow.mo'
removed directory: `usr/share/locale/ca/LC_MESSAGES'
removed directory: `usr/share/locale/ca'
removed `usr/share/locale/pt/LC_MESSAGES/shadow.mo'
removed directory: `usr/share/locale/pt/LC_MESSAGES'
removed directory: `usr/share/locale/pt'
removed `usr/share/locale/nn/LC_MESSAGES/shadow.mo'
removed directory: `usr/share/locale/nn/LC_MESSAGES'
removed directory: `usr/share/locale/nn'
removed `usr/share/locale/ro/LC_MESSAGES/shadow.mo'
removed directory: `usr/share/locale/ro/LC_MESSAGES'
removed directory: `usr/share/locale/ro'
removed `usr/share/locale/fi/LC_MESSAGES/shadow.mo'
removed directory: `usr/share/locale/fi/LC_MESSAGES'
removed directory: `usr/share/locale/fi'
removed `usr/share/locale/uk/LC_MESSAGES/shadow.mo'
removed directory: `usr/share/locale/uk/LC_MESSAGES'
removed directory: `usr/share/locale/uk'
removed `usr/share/locale/pl/LC_MESSAGES/shadow.mo'
removed directory: `usr/share/locale/pl/LC_MESSAGES'
removed directory: `usr/share/locale/pl'
removed `usr/share/locale/id/LC_MESSAGES/shadow.mo'
removed directory: `usr/share/locale/id/LC_MESSAGES'
removed directory: `usr/share/locale/id'
removed `usr/share/locale/sv/LC_MESSAGES/shadow.mo'
removed directory: `usr/share/locale/sv/LC_MESSAGES'
removed directory: `usr/share/locale/sv'
removed `usr/share/locale/tr/LC_MESSAGES/shadow.mo'
removed directory: `usr/share/locale/tr/LC_MESSAGES'
removed directory: `usr/share/locale/tr'
removed `usr/share/locale/fr/LC_MESSAGES/shadow.mo'
removed directory: `usr/share/locale/fr/LC_MESSAGES'
removed directory: `usr/share/locale/fr'
removed `usr/share/locale/it/LC_MESSAGES/shadow.mo'
removed directory: `usr/share/locale/it/LC_MESSAGES'
removed directory: `usr/share/locale/it'
removed directory: `usr/share/locale'
removed `usr/bin/sg'
removed `usr/sbin/vigr'
