checking for a BSD-compatible install... /usr/bin/install -c
checking whether build environment is sane... yes
checking for gawk... gawk
checking whether make sets $(MAKE)... yes
checking whether NLS is requested... yes
checking for msgfmt... /usr/bin/msgfmt
checking for gmsgfmt... /usr/bin/msgfmt
checking for xgettext... /usr/bin/xgettext
checking for msgmerge... /usr/bin/msgmerge
checking for style of include used by make... GNU
checking for gcc... gcc
checking for C compiler default output... a.out
checking whether the C compiler works... yes
checking whether we are cross compiling... no
checking for suffix of executables... 
checking for suffix of object files... o
checking whether we are using the GNU C compiler... yes
checking whether gcc accepts -g... yes
checking for gcc option to accept ANSI C... none needed
checking dependency style of gcc... gcc3
checking build system type... i686-pc-linux-gnu
checking host system type... i686-pc-linux-gnu
checking for ld used by GCC... /usr/bin/ld
checking if the linker (/usr/bin/ld) is GNU ld... yes
checking for shared library run path origin... done
checking whether NLS is requested... yes
checking for GNU gettext in libc... yes
checking whether to use NLS... yes
checking where the gettext function comes from... libc
checking for bison... bison -y
checking for flex... flex
checking for yywrap in -lfl... yes
checking lex output file root... lex.yy
checking whether yytext is a pointer... yes
checking for gcc... (cached) gcc
checking whether we are using the GNU C compiler... (cached) yes
checking whether gcc accepts -g... (cached) yes
checking for gcc option to accept ANSI C... (cached) none needed
checking dependency style of gcc... (cached) gcc3
checking for g++... g++
checking whether we are using the GNU C++ compiler... yes
checking whether g++ accepts -g... yes
checking dependency style of g++... gcc3
checking whether ln -s works... yes
checking for ranlib... ranlib
checking for bison... /usr/bin/bison
checking for help2man... help2man
checking for gm4... no
checking for gnum4... no
checking for m4... /usr/bin/m4
checking for GNU m4... yes
checking for indent... indent
checking for log in -lm... yes
checking how to run the C preprocessor... gcc -E
checking for egrep... grep -E
checking for ANSI C header files... yes
checking for sys/types.h... yes
checking for sys/stat.h... yes
checking for stdlib.h... yes
checking for string.h... yes
checking for memory.h... yes
checking for strings.h... yes
checking for inttypes.h... yes
checking for stdint.h... yes
checking for unistd.h... yes
checking for unistd.h... (cached) yes
checking stdbool.h usability... yes
checking stdbool.h presence... yes
checking for stdbool.h... yes
checking netinet/in.h usability... yes
checking netinet/in.h presence... yes
checking for netinet/in.h... yes
checking limits.h usability... yes
checking limits.h presence... yes
checking for limits.h... yes
checking sys/wait.h usability... yes
checking sys/wait.h presence... yes
checking for sys/wait.h... yes
checking sys/params.h usability... no
checking sys/params.h presence... no
checking for sys/params.h... no
checking cunistd usability... no
checking cunistd presence... no
checking for cunistd... no
checking locale.h usability... yes
checking locale.h presence... yes
checking for locale.h... yes
checking libintl.h usability... yes
checking libintl.h presence... yes
checking for libintl.h... yes
checking regex.h usability... yes
checking regex.h presence... yes
checking for regex.h... yes
checking for size_t... yes
checking whether __func__ is declared... yes
configure: creating ./config.status
config.status: creating flex.spec
config.status: creating Makefile
config.status: creating doc/Makefile
config.status: creating examples/Makefile
config.status: creating examples/fastwc/Makefile
config.status: creating examples/manual/Makefile
config.status: creating m4/Makefile
config.status: creating po/Makefile.in
config.status: creating tools/Makefile
config.status: creating tests/Makefile
config.status: creating tests/TEMPLATE/Makefile
config.status: creating tests/test-array-nr/Makefile
config.status: creating tests/test-array-r/Makefile
config.status: creating tests/test-basic-nr/Makefile
config.status: creating tests/test-basic-r/Makefile
config.status: creating tests/test-bison-yylloc/Makefile
config.status: creating tests/test-bison-yylval/Makefile
config.status: creating tests/test-c-cpp-nr/Makefile
config.status: creating tests/test-c-cpp-r/Makefile
config.status: creating tests/test-header-nr/Makefile
config.status: creating tests/test-header-r/Makefile
config.status: creating tests/test-include-by-buffer/Makefile
config.status: creating tests/test-include-by-push/Makefile
config.status: creating tests/test-include-by-reentrant/Makefile
config.status: creating tests/test-multiple-scanners-nr/Makefile
config.status: creating tests/test-multiple-scanners-r/Makefile
config.status: creating tests/test-noansi-nr/Makefile
config.status: creating tests/test-noansi-r/Makefile
config.status: creating tests/test-prefix-nr/Makefile
config.status: creating tests/test-prefix-r/Makefile
config.status: creating tests/test-pthread/Makefile
config.status: creating tests/test-string-nr/Makefile
config.status: creating tests/test-string-r/Makefile
config.status: creating tests/test-yyextra/Makefile
config.status: creating tests/test-lineno-nr/Makefile
config.status: creating tests/test-lineno-r/Makefile
config.status: creating tests/test-linedir-r/Makefile
config.status: creating tests/test-debug-r/Makefile
config.status: creating tests/test-debug-nr/Makefile
config.status: creating tests/test-mem-nr/Makefile
config.status: creating tests/test-mem-r/Makefile
config.status: creating tests/test-posix/Makefile
config.status: creating tests/test-posixly-correct/Makefile
config.status: creating tests/test-table-opts/Makefile
config.status: creating tests/test-c++-basic/Makefile
config.status: creating tests/test-bison-nr/Makefile
config.status: creating tests/test-reject/Makefile
config.status: creating tests/test-c++-multiple-scanners/Makefile
config.status: creating tests/test-top/Makefile
config.status: creating tests/test-rescan-nr/Makefile
config.status: creating tests/test-rescan-r/Makefile
config.status: creating config.h
config.status: executing default-1 commands
config.status: creating po/POTFILES
config.status: creating po/Makefile
config.status: executing depfiles commands
