dpkg-deb: building package `iana-etc-2.10' in `debian.deb'.
 new debian package, version 2.0.
 size 205998 bytes: control archive= 984 bytes.
     265 bytes,    10 lines      control              
     789 bytes,    18 lines      copyright            
       6 bytes,     1 lines      debian-binary        
     110 bytes,     3 lines   *  postinst             #!/bin/bash
     108 bytes,     3 lines   *  postrm               #!/bin/bash
     111 bytes,     3 lines   *  preinst              #!/bin/bash
     109 bytes,     3 lines   *  prerm                #!/bin/bash
 Package: iana-etc-2.10
 Version: 2.10
 Section: unknown
 Priority: required
 Architecture: all
 Essential: no
 Depends: aaa-base
 Maintainer: Aethernet support team [support@aethernet.co.uk]
 Provides: iana-etc
 Description: provides data for network services and protocols
