make-3.80/
make-3.80/po/
make-3.80/po/Makefile.in.in
make-3.80/po/Makevars
make-3.80/po/remove-potcdate.sin
make-3.80/po/quot.sed
make-3.80/po/boldquot.sed
make-3.80/po/en@quot.header
make-3.80/po/en@boldquot.header
make-3.80/po/insert-header.sin
make-3.80/po/Rules-quot
make-3.80/po/POTFILES.in
make-3.80/po/make.pot
make-3.80/po/da.po
make-3.80/po/de.po
make-3.80/po/es.po
make-3.80/po/fr.po
make-3.80/po/gl.po
make-3.80/po/he.po
make-3.80/po/hr.po
make-3.80/po/ja.po
make-3.80/po/ko.po
make-3.80/po/nl.po
make-3.80/po/pl.po
make-3.80/po/pt_BR.po
make-3.80/po/sv.po
make-3.80/po/ru.po
make-3.80/po/tr.po
make-3.80/po/zh_CN.po
make-3.80/po/da.gmo
make-3.80/po/de.gmo
make-3.80/po/es.gmo
make-3.80/po/fr.gmo
make-3.80/po/gl.gmo
make-3.80/po/he.gmo
make-3.80/po/hr.gmo
make-3.80/po/ja.gmo
make-3.80/po/ko.gmo
make-3.80/po/nl.gmo
make-3.80/po/pl.gmo
make-3.80/po/pt_BR.gmo
make-3.80/po/sv.gmo
make-3.80/po/ru.gmo
make-3.80/po/tr.gmo
make-3.80/po/zh_CN.gmo
make-3.80/po/ChangeLog
make-3.80/po/LINGUAS
make-3.80/README
make-3.80/commands.h
make-3.80/dep.h
make-3.80/filedef.h
make-3.80/job.h
make-3.80/make.h
make-3.80/rule.h
make-3.80/variable.h
make-3.80/debug.h
make-3.80/getopt.h
make-3.80/gettext.h
make-3.80/hash.h
make-3.80/ABOUT-NLS
make-3.80/AUTHORS
make-3.80/COPYING
make-3.80/ChangeLog
make-3.80/INSTALL
make-3.80/Makefile.am
make-3.80/Makefile.in
make-3.80/NEWS
make-3.80/acinclude.m4
make-3.80/aclocal.m4
make-3.80/alloca.c
make-3.80/build.sh.in
make-3.80/config.h.in
make-3.80/configure
make-3.80/configure.in
make-3.80/getloadavg.c
make-3.80/loadavg.c
make-3.80/ar.c
make-3.80/arscan.c
make-3.80/commands.c
make-3.80/default.c
make-3.80/dir.c
make-3.80/expand.c
make-3.80/file.c
make-3.80/function.c
make-3.80/getopt.c
make-3.80/getopt1.c
make-3.80/implicit.c
make-3.80/job.c
make-3.80/main.c
make-3.80/misc.c
make-3.80/read.c
make-3.80/remake.c
make-3.80/remote-stub.c
make-3.80/rule.c
make-3.80/signame.c
make-3.80/variable.c
make-3.80/version.c
make-3.80/vpath.c
make-3.80/hash.c
make-3.80/remote-cstms.c
make-3.80/make.1
make-3.80/README.customs
make-3.80/SCOPTIONS
make-3.80/SMakefile
make-3.80/README.Amiga
make-3.80/Makefile.ami
make-3.80/config.ami
make-3.80/make.lnk
make-3.80/amiga.c
make-3.80/amiga.h
make-3.80/README.DOS
make-3.80/Makefile.DOS
make-3.80/configure.bat
make-3.80/dosbuild.bat
make-3.80/configh.dos
make-3.80/README.W32
make-3.80/NMakefile
make-3.80/config.h.W32
make-3.80/build_w32.bat
make-3.80/subproc.bat
make-3.80/readme.vms
make-3.80/makefile.vms
make-3.80/makefile.com
make-3.80/config.h-vms
make-3.80/vmsdir.h
make-3.80/vmsfunctions.c
make-3.80/vmsify.c
make-3.80/glob/
make-3.80/glob/COPYING.LIB
make-3.80/glob/ChangeLog
make-3.80/glob/Makefile.am
make-3.80/glob/Makefile.in
make-3.80/glob/glob.c
make-3.80/glob/glob.h
make-3.80/glob/fnmatch.c
make-3.80/glob/fnmatch.h
make-3.80/glob/Makefile.ami
make-3.80/glob/SCOPTIONS
make-3.80/glob/SMakefile
make-3.80/glob/configure.bat
make-3.80/config/
make-3.80/config/ChangeLog
make-3.80/config/Makefile.am
make-3.80/config/Makefile.in
make-3.80/config/compile
make-3.80/config/config.guess
make-3.80/config/config.rpath
make-3.80/config/config.sub
make-3.80/config/depcomp
make-3.80/config/install-sh
make-3.80/config/missing
make-3.80/config/mkinstalldirs
make-3.80/config/texinfo.tex
make-3.80/config/codeset.m4
make-3.80/config/gettext.m4
make-3.80/config/glibc21.m4
make-3.80/config/iconv.m4
make-3.80/config/isc-posix.m4
make-3.80/config/intdiv0.m4
make-3.80/config/inttypes-pri.m4
make-3.80/config/inttypes.m4
make-3.80/config/inttypes_h.m4
make-3.80/config/lcmessage.m4
make-3.80/config/lib-ld.m4
make-3.80/config/lib-link.m4
make-3.80/config/lib-prefix.m4
make-3.80/config/progtest.m4
make-3.80/config/stdint_h.m4
make-3.80/config/uintmax_t.m4
make-3.80/config/ulonglong.m4
make-3.80/doc/
make-3.80/doc/fdl.texi
make-3.80/doc/make-stds.texi
make-3.80/doc/Makefile.am
make-3.80/doc/Makefile.in
make-3.80/doc/make.texi
make-3.80/doc/make.info
make-3.80/doc/make.info-1
make-3.80/doc/make.info-10
make-3.80/doc/make.info-11
make-3.80/doc/make.info-2
make-3.80/doc/make.info-3
make-3.80/doc/make.info-4
make-3.80/doc/make.info-5
make-3.80/doc/make.info-6
make-3.80/doc/make.info-7
make-3.80/doc/make.info-8
make-3.80/doc/make.info-9
make-3.80/w32/
make-3.80/w32/compat/
make-3.80/w32/compat/dirent.c
make-3.80/w32/pathstuff.c
make-3.80/w32/include/
make-3.80/w32/include/dirent.h
make-3.80/w32/include/pathstuff.h
make-3.80/w32/include/sub_proc.h
make-3.80/w32/include/w32err.h
make-3.80/w32/subproc/
make-3.80/w32/subproc/NMakefile
make-3.80/w32/subproc/build.bat
make-3.80/w32/subproc/misc.c
make-3.80/w32/subproc/proc.h
make-3.80/w32/subproc/sub_proc.c
make-3.80/w32/subproc/w32err.c
make-3.80/tests/
make-3.80/tests/scripts/
make-3.80/tests/scripts/features/
make-3.80/tests/scripts/features/comments
make-3.80/tests/scripts/features/conditionals
make-3.80/tests/scripts/features/default_names
make-3.80/tests/scripts/features/double_colon
make-3.80/tests/scripts/features/echoing
make-3.80/tests/scripts/features/errors
make-3.80/tests/scripts/features/escape
make-3.80/tests/scripts/features/export
make-3.80/tests/scripts/features/include
make-3.80/tests/scripts/features/mult_rules
make-3.80/tests/scripts/features/mult_targets
make-3.80/tests/scripts/features/order_only
make-3.80/tests/scripts/features/override
make-3.80/tests/scripts/features/parallelism
make-3.80/tests/scripts/features/patspecific_vars
make-3.80/tests/scripts/features/quoting
make-3.80/tests/scripts/features/recursion
make-3.80/tests/scripts/features/reinvoke
make-3.80/tests/scripts/features/statipattrules
make-3.80/tests/scripts/features/targetvars
make-3.80/tests/scripts/features/varnesting
make-3.80/tests/scripts/features/vpath
make-3.80/tests/scripts/features/vpath2
make-3.80/tests/scripts/features/vpathgpath
make-3.80/tests/scripts/features/vpathplus
make-3.80/tests/scripts/test_template
make-3.80/tests/scripts/functions/
make-3.80/tests/scripts/functions/addprefix
make-3.80/tests/scripts/functions/addsuffix
make-3.80/tests/scripts/functions/basename
make-3.80/tests/scripts/functions/call
make-3.80/tests/scripts/functions/dir
make-3.80/tests/scripts/functions/error
make-3.80/tests/scripts/functions/eval
make-3.80/tests/scripts/functions/filter-out
make-3.80/tests/scripts/functions/findstring
make-3.80/tests/scripts/functions/foreach
make-3.80/tests/scripts/functions/if
make-3.80/tests/scripts/functions/join
make-3.80/tests/scripts/functions/notdir
make-3.80/tests/scripts/functions/origin
make-3.80/tests/scripts/functions/sort
make-3.80/tests/scripts/functions/strip
make-3.80/tests/scripts/functions/substitution
make-3.80/tests/scripts/functions/suffix
make-3.80/tests/scripts/functions/value
make-3.80/tests/scripts/functions/warning
make-3.80/tests/scripts/functions/wildcard
make-3.80/tests/scripts/functions/word
make-3.80/tests/scripts/misc/
make-3.80/tests/scripts/misc/general1
make-3.80/tests/scripts/misc/general2
make-3.80/tests/scripts/misc/general3
make-3.80/tests/scripts/misc/general4
make-3.80/tests/scripts/options/
make-3.80/tests/scripts/options/dash-B
make-3.80/tests/scripts/options/dash-C
make-3.80/tests/scripts/options/dash-I
make-3.80/tests/scripts/options/dash-e
make-3.80/tests/scripts/options/dash-f
make-3.80/tests/scripts/options/dash-k
make-3.80/tests/scripts/options/dash-l
make-3.80/tests/scripts/options/dash-n
make-3.80/tests/scripts/options/dash-q
make-3.80/tests/scripts/options/dash-t
make-3.80/tests/scripts/options/general
make-3.80/tests/scripts/targets/
make-3.80/tests/scripts/targets/DEFAULT
make-3.80/tests/scripts/targets/FORCE
make-3.80/tests/scripts/targets/INTERMEDIATE
make-3.80/tests/scripts/targets/PHONY
make-3.80/tests/scripts/targets/SECONDARY
make-3.80/tests/scripts/targets/SILENT
make-3.80/tests/scripts/targets/clean
make-3.80/tests/scripts/variables/
make-3.80/tests/scripts/variables/CURDIR
make-3.80/tests/scripts/variables/MAKE
make-3.80/tests/scripts/variables/MAKECMDGOALS
make-3.80/tests/scripts/variables/MAKEFILES
make-3.80/tests/scripts/variables/MAKEFILE_LIST
make-3.80/tests/scripts/variables/MAKELEVEL
make-3.80/tests/scripts/variables/automatic
make-3.80/tests/scripts/variables/flavors
make-3.80/tests/scripts/variables/special
make-3.80/tests/COPYING
make-3.80/tests/ChangeLog
make-3.80/tests/NEWS
make-3.80/tests/README
make-3.80/tests/mkshadow
make-3.80/tests/run_make_tests
make-3.80/tests/run_make_tests.pl
make-3.80/tests/test_driver.pl
