udev-104/
udev-104/.gitignore
udev-104/COPYING
udev-104/ChangeLog
udev-104/FAQ
udev-104/Makefile
udev-104/README
udev-104/RELEASE-NOTES
udev-104/TODO
udev-104/docs/
udev-104/docs/README-gcov_for_udev
udev-104/docs/overview
udev-104/docs/udev_vs_devfs
udev-104/docs/writing_udev_rules/
udev-104/docs/writing_udev_rules/index.html
udev-104/etc/
udev-104/etc/udev/
udev-104/etc/udev/debian/
udev-104/etc/udev/debian/compat.rules
udev-104/etc/udev/debian/devfs.rules
udev-104/etc/udev/debian/hotplug.rules
udev-104/etc/udev/debian/hotplugd.rules
udev-104/etc/udev/debian/permissions.rules
udev-104/etc/udev/debian/persistent-input.rules
udev-104/etc/udev/debian/persistent.rules
udev-104/etc/udev/debian/run.rules
udev-104/etc/udev/debian/udev.rules
udev-104/etc/udev/frugalware/
udev-104/etc/udev/frugalware/50-udev-default.rules
udev-104/etc/udev/frugalware/64-device-mapper.rules
udev-104/etc/udev/gentoo/
udev-104/etc/udev/gentoo/udev.rules
udev-104/etc/udev/redhat/
udev-104/etc/udev/redhat/05-udev-early.rules
udev-104/etc/udev/redhat/50-udev.rules
udev-104/etc/udev/redhat/51-hotplug.rules
udev-104/etc/udev/redhat/95-pam-console.rules
udev-104/etc/udev/rules.d/
udev-104/etc/udev/rules.d/05-udev-early.rules
udev-104/etc/udev/rules.d/60-persistent-input.rules
udev-104/etc/udev/rules.d/60-persistent-storage.rules
udev-104/etc/udev/rules.d/95-udev-late.rules
udev-104/etc/udev/slackware/
udev-104/etc/udev/slackware/udev.rules
udev-104/etc/udev/suse/
udev-104/etc/udev/suse/05-udev-early.rules
udev-104/etc/udev/suse/50-udev-default.rules
udev-104/etc/udev/suse/60-persistent-input.rules
udev-104/etc/udev/suse/60-persistent-storage.rules
udev-104/etc/udev/suse/64-device-mapper.rules
udev-104/etc/udev/suse/95-udev-late.rules
udev-104/etc/udev/udev.conf
udev-104/extras/
udev-104/extras/ata_id/
udev-104/extras/ata_id/Makefile
udev-104/extras/ata_id/ata_id.8
udev-104/extras/ata_id/ata_id.c
udev-104/extras/cdrom_id/
udev-104/extras/cdrom_id/60-cdrom_id.rules
udev-104/extras/cdrom_id/Makefile
udev-104/extras/cdrom_id/cdrom_id.8
udev-104/extras/cdrom_id/cdrom_id.c
udev-104/extras/dasd_id/
udev-104/extras/dasd_id/Makefile
udev-104/extras/dasd_id/dasd_id.8
udev-104/extras/dasd_id/dasd_id.c
udev-104/extras/edd_id/
udev-104/extras/edd_id/Makefile
udev-104/extras/edd_id/edd_id.8
udev-104/extras/edd_id/edd_id.c
udev-104/extras/eventrecorder.sh
udev-104/extras/firmware/
udev-104/extras/firmware/Makefile
udev-104/extras/firmware/firmware.sh
udev-104/extras/floppy/
udev-104/extras/floppy/Makefile
udev-104/extras/floppy/create_floppy_devices.c
udev-104/extras/path_id/
udev-104/extras/path_id/Makefile
udev-104/extras/path_id/path_id
udev-104/extras/rule_generator/
udev-104/extras/rule_generator/75-cd-aliases-generator.rules
udev-104/extras/rule_generator/75-persistent-net-generator.rules
udev-104/extras/rule_generator/Makefile
udev-104/extras/rule_generator/rule_generator.functions
udev-104/extras/rule_generator/write_cd_rules
udev-104/extras/rule_generator/write_net_rules
udev-104/extras/run_directory/
udev-104/extras/run_directory/Makefile
udev-104/extras/run_directory/README
udev-104/extras/run_directory/RFC-dev.d
udev-104/extras/run_directory/dev.d/
udev-104/extras/run_directory/dev.d/default/
udev-104/extras/run_directory/dev.d/default/pam_console.dev
udev-104/extras/run_directory/dev.d/net/
udev-104/extras/run_directory/dev.d/net/hotplug.dev
udev-104/extras/run_directory/dev.d/snd/
udev-104/extras/run_directory/dev.d/snd/controlC0/
udev-104/extras/run_directory/dev.d/snd/controlC0/alsa.dev
udev-104/extras/run_directory/run_directory.c
udev-104/extras/run_directory/run_directory.h
udev-104/extras/run_directory/udev_run_devd.c
udev-104/extras/run_directory/udev_run_hotplugd.c
udev-104/extras/scsi_id/
udev-104/extras/scsi_id/Makefile
udev-104/extras/scsi_id/README
udev-104/extras/scsi_id/scsi.h
udev-104/extras/scsi_id/scsi_id.8
udev-104/extras/scsi_id/scsi_id.c
udev-104/extras/scsi_id/scsi_id.config
udev-104/extras/scsi_id/scsi_id.h
udev-104/extras/scsi_id/scsi_serial.c
udev-104/extras/usb_id/
udev-104/extras/usb_id/Makefile
udev-104/extras/usb_id/usb_id.c
udev-104/extras/volume_id/
udev-104/extras/volume_id/Makefile
udev-104/extras/volume_id/README
udev-104/extras/volume_id/lib/
udev-104/extras/volume_id/lib/Makefile
udev-104/extras/volume_id/lib/adaptec_raid.c
udev-104/extras/volume_id/lib/cramfs.c
udev-104/extras/volume_id/lib/exported_symbols
udev-104/extras/volume_id/lib/ext.c
udev-104/extras/volume_id/lib/fat.c
udev-104/extras/volume_id/lib/gfs.c
udev-104/extras/volume_id/lib/hfs.c
udev-104/extras/volume_id/lib/highpoint.c
udev-104/extras/volume_id/lib/hpfs.c
udev-104/extras/volume_id/lib/iso9660.c
udev-104/extras/volume_id/lib/isw_raid.c
udev-104/extras/volume_id/lib/jfs.c
udev-104/extras/volume_id/lib/jmicron_raid.c
udev-104/extras/volume_id/lib/libvolume_id.h
udev-104/extras/volume_id/lib/linux_raid.c
udev-104/extras/volume_id/lib/linux_swap.c
udev-104/extras/volume_id/lib/lsi_raid.c
udev-104/extras/volume_id/lib/luks.c
udev-104/extras/volume_id/lib/lvm.c
udev-104/extras/volume_id/lib/minix.c
udev-104/extras/volume_id/lib/netware.c
udev-104/extras/volume_id/lib/ntfs.c
udev-104/extras/volume_id/lib/nvidia_raid.c
udev-104/extras/volume_id/lib/ocfs.c
udev-104/extras/volume_id/lib/promise_raid.c
udev-104/extras/volume_id/lib/reiserfs.c
udev-104/extras/volume_id/lib/romfs.c
udev-104/extras/volume_id/lib/silicon_raid.c
udev-104/extras/volume_id/lib/squashfs.c
udev-104/extras/volume_id/lib/sysv.c
udev-104/extras/volume_id/lib/udf.c
udev-104/extras/volume_id/lib/ufs.c
udev-104/extras/volume_id/lib/util.c
udev-104/extras/volume_id/lib/util.h
udev-104/extras/volume_id/lib/via_raid.c
udev-104/extras/volume_id/lib/volume_id.c
udev-104/extras/volume_id/lib/vxfs.c
udev-104/extras/volume_id/lib/xfs.c
udev-104/extras/volume_id/vol_id.8
udev-104/extras/volume_id/vol_id.c
udev-104/extras/volume_id/vol_id.xml
udev-104/list.h
udev-104/logging.h
udev-104/test-udev.c
udev-104/test/
udev-104/test/simple-build-check.sh
udev-104/test/sys/
udev-104/test/sys/block/
udev-104/test/sys/block/cciss!c0d0/
udev-104/test/sys/block/cciss!c0d0/cciss!c0d0p1/
udev-104/test/sys/block/cciss!c0d0/cciss!c0d0p1/dev
udev-104/test/sys/block/cciss!c0d0/cciss!c0d0p2/
udev-104/test/sys/block/cciss!c0d0/cciss!c0d0p2/dev
udev-104/test/sys/block/cciss!c0d0/cciss!c0d0p5/
udev-104/test/sys/block/cciss!c0d0/cciss!c0d0p5/dev
udev-104/test/sys/block/cciss!c0d0/dev
udev-104/test/sys/block/cciss!c0d0/device
udev-104/test/sys/block/rd!c0d0/
udev-104/test/sys/block/rd!c0d0/dev
udev-104/test/sys/block/rd!c0d0/device
udev-104/test/sys/block/sda/
udev-104/test/sys/block/sda/dev
udev-104/test/sys/block/sda/device
udev-104/test/sys/block/sda/queue/
udev-104/test/sys/block/sda/queue/iosched/
udev-104/test/sys/block/sda/queue/iosched/antic_expire
udev-104/test/sys/block/sda/queue/iosched/read_batch_expire
udev-104/test/sys/block/sda/queue/iosched/read_expire
udev-104/test/sys/block/sda/queue/iosched/write_batch_expire
udev-104/test/sys/block/sda/queue/iosched/write_expire
udev-104/test/sys/block/sda/queue/nr_requests
udev-104/test/sys/block/sda/range
udev-104/test/sys/block/sda/sda1/
udev-104/test/sys/block/sda/sda1/dev
udev-104/test/sys/block/sda/sda1/size
udev-104/test/sys/block/sda/sda1/start
udev-104/test/sys/block/sda/sda1/stat
udev-104/test/sys/block/sda/sda2/
udev-104/test/sys/block/sda/sda2/dev
udev-104/test/sys/block/sda/sda2/size
udev-104/test/sys/block/sda/sda2/start
udev-104/test/sys/block/sda/sda2/stat
udev-104/test/sys/block/sda/sda3/
udev-104/test/sys/block/sda/sda3/dev
udev-104/test/sys/block/sda/sda3/size
udev-104/test/sys/block/sda/sda3/start
udev-104/test/sys/block/sda/sda3/stat
udev-104/test/sys/block/sda/sda4/
udev-104/test/sys/block/sda/sda4/dev
udev-104/test/sys/block/sda/sda4/size
udev-104/test/sys/block/sda/sda4/start
udev-104/test/sys/block/sda/sda4/stat
udev-104/test/sys/block/sda/size
udev-104/test/sys/block/sda/stat
udev-104/test/sys/bus/
udev-104/test/sys/bus/pci/
udev-104/test/sys/bus/pci/devices/
udev-104/test/sys/bus/pci/devices/0000:00:09.0
udev-104/test/sys/bus/pci/devices/0000:00:1e.0
udev-104/test/sys/bus/pci/devices/0000:02:05.0
udev-104/test/sys/bus/pci/drivers/
udev-104/test/sys/bus/pci/drivers/aic7xxx/
udev-104/test/sys/bus/pci/drivers/aic7xxx/0000:02:05.0
udev-104/test/sys/bus/scsi/
udev-104/test/sys/bus/scsi/devices/
udev-104/test/sys/bus/scsi/devices/0:0:0:0
udev-104/test/sys/bus/scsi/drivers/
udev-104/test/sys/bus/scsi/drivers/sd/
udev-104/test/sys/bus/scsi/drivers/sd/0:0:0:0
udev-104/test/sys/bus/usb-serial/
udev-104/test/sys/bus/usb-serial/devices/
udev-104/test/sys/bus/usb-serial/devices/ttyUSB0
udev-104/test/sys/bus/usb-serial/drivers/
udev-104/test/sys/bus/usb-serial/drivers/PL-2303/
udev-104/test/sys/bus/usb-serial/drivers/PL-2303/ttyUSB0
udev-104/test/sys/bus/usb/
udev-104/test/sys/bus/usb/devices/
udev-104/test/sys/bus/usb/devices/3-0:1.0
udev-104/test/sys/bus/usb/devices/3-1
udev-104/test/sys/bus/usb/devices/3-1:1.0
udev-104/test/sys/bus/usb/devices/usb3
udev-104/test/sys/bus/usb/drivers/
udev-104/test/sys/bus/usb/drivers/hub/
udev-104/test/sys/bus/usb/drivers/hub/3-0:1.0
udev-104/test/sys/bus/usb/drivers/pl2303/
udev-104/test/sys/bus/usb/drivers/pl2303/3-1:1.0
udev-104/test/sys/bus/usb/drivers/usb/
udev-104/test/sys/bus/usb/drivers/usb/3-1
udev-104/test/sys/bus/usb/drivers/usb/usb3
udev-104/test/sys/class/
udev-104/test/sys/class/i2c-dev/
udev-104/test/sys/class/i2c-dev/i2c-300/
udev-104/test/sys/class/i2c-dev/i2c-300/dev
udev-104/test/sys/class/i2c-dev/i2c-300/name
udev-104/test/sys/class/i2c-dev/i2c-fake1/
udev-104/test/sys/class/i2c-dev/i2c-fake1/dev
udev-104/test/sys/class/i2c-dev/i2c-fake1/name
udev-104/test/sys/class/i2c-dev/i2c-fake2/
udev-104/test/sys/class/i2c-dev/i2c-fake2/dev
udev-104/test/sys/class/i2c-dev/i2c-fake2/name
udev-104/test/sys/class/mem/
udev-104/test/sys/class/mem/full/
udev-104/test/sys/class/mem/full/dev
udev-104/test/sys/class/mem/kmem/
udev-104/test/sys/class/mem/kmem/dev
udev-104/test/sys/class/mem/kmsg/
udev-104/test/sys/class/mem/kmsg/dev
udev-104/test/sys/class/mem/mem/
udev-104/test/sys/class/mem/mem/dev
udev-104/test/sys/class/mem/null/
udev-104/test/sys/class/mem/null/dev
udev-104/test/sys/class/mem/port/
udev-104/test/sys/class/mem/port/dev
udev-104/test/sys/class/mem/random/
udev-104/test/sys/class/mem/random/dev
udev-104/test/sys/class/mem/urandom/
udev-104/test/sys/class/mem/urandom/dev
udev-104/test/sys/class/mem/zero/
udev-104/test/sys/class/mem/zero/dev
udev-104/test/sys/class/misc/
udev-104/test/sys/class/misc/psaux/
udev-104/test/sys/class/misc/psaux/dev
udev-104/test/sys/class/misc/rtc/
udev-104/test/sys/class/misc/rtc/dev
udev-104/test/sys/class/misc/uinput/
udev-104/test/sys/class/misc/uinput/dev
udev-104/test/sys/class/net/
udev-104/test/sys/class/net/eth0/
udev-104/test/sys/class/net/eth0/addr_len
udev-104/test/sys/class/net/eth0/address
udev-104/test/sys/class/net/eth0/broadcast
udev-104/test/sys/class/net/eth0/features
udev-104/test/sys/class/net/eth0/flags
udev-104/test/sys/class/net/eth0/ifindex
udev-104/test/sys/class/net/eth0/iflink
udev-104/test/sys/class/net/eth0/mtu
udev-104/test/sys/class/net/eth0/tx_queue_len
udev-104/test/sys/class/net/eth0/type
udev-104/test/sys/class/net/eth1/
udev-104/test/sys/class/net/eth1/addr_len
udev-104/test/sys/class/net/eth1/address
udev-104/test/sys/class/net/eth1/broadcast
udev-104/test/sys/class/net/eth1/features
udev-104/test/sys/class/net/eth1/flags
udev-104/test/sys/class/net/eth1/ifindex
udev-104/test/sys/class/net/eth1/iflink
udev-104/test/sys/class/net/eth1/mtu
udev-104/test/sys/class/net/eth1/tx_queue_len
udev-104/test/sys/class/net/eth1/type
udev-104/test/sys/class/net/eth1/wireless/
udev-104/test/sys/class/net/eth1/wireless/beacon
udev-104/test/sys/class/net/eth1/wireless/crypt
udev-104/test/sys/class/net/eth1/wireless/fragment
udev-104/test/sys/class/net/eth1/wireless/level
udev-104/test/sys/class/net/eth1/wireless/link
udev-104/test/sys/class/net/eth1/wireless/misc
udev-104/test/sys/class/net/eth1/wireless/noise
udev-104/test/sys/class/net/eth1/wireless/nwid
udev-104/test/sys/class/net/eth1/wireless/retries
udev-104/test/sys/class/net/eth1/wireless/status
udev-104/test/sys/class/net/lo/
udev-104/test/sys/class/net/lo/addr_len
udev-104/test/sys/class/net/lo/address
udev-104/test/sys/class/net/lo/broadcast
udev-104/test/sys/class/net/lo/features
udev-104/test/sys/class/net/lo/flags
udev-104/test/sys/class/net/lo/ifindex
udev-104/test/sys/class/net/lo/iflink
udev-104/test/sys/class/net/lo/mtu
udev-104/test/sys/class/net/lo/tx_queue_len
udev-104/test/sys/class/net/lo/type
udev-104/test/sys/class/tty/
udev-104/test/sys/class/tty/console/
udev-104/test/sys/class/tty/console/dev
udev-104/test/sys/class/tty/ptmx/
udev-104/test/sys/class/tty/ptmx/dev
udev-104/test/sys/class/tty/tty/
udev-104/test/sys/class/tty/tty/dev
udev-104/test/sys/class/tty/tty0/
udev-104/test/sys/class/tty/tty0/dev
udev-104/test/sys/class/tty/tty1/
udev-104/test/sys/class/tty/tty1/dev
udev-104/test/sys/class/tty/tty10/
udev-104/test/sys/class/tty/tty10/dev
udev-104/test/sys/class/tty/tty11/
udev-104/test/sys/class/tty/tty11/dev
udev-104/test/sys/class/tty/tty12/
udev-104/test/sys/class/tty/tty12/dev
udev-104/test/sys/class/tty/tty13/
udev-104/test/sys/class/tty/tty13/dev
udev-104/test/sys/class/tty/tty14/
udev-104/test/sys/class/tty/tty14/dev
udev-104/test/sys/class/tty/tty15/
udev-104/test/sys/class/tty/tty15/dev
udev-104/test/sys/class/tty/tty16/
udev-104/test/sys/class/tty/tty16/dev
udev-104/test/sys/class/tty/tty17/
udev-104/test/sys/class/tty/tty17/dev
udev-104/test/sys/class/tty/tty18/
udev-104/test/sys/class/tty/tty18/dev
udev-104/test/sys/class/tty/tty19/
udev-104/test/sys/class/tty/tty19/dev
udev-104/test/sys/class/tty/tty2/
udev-104/test/sys/class/tty/tty2/dev
udev-104/test/sys/class/tty/tty20/
udev-104/test/sys/class/tty/tty20/dev
udev-104/test/sys/class/tty/tty21/
udev-104/test/sys/class/tty/tty21/dev
udev-104/test/sys/class/tty/tty22/
udev-104/test/sys/class/tty/tty22/dev
udev-104/test/sys/class/tty/tty23/
udev-104/test/sys/class/tty/tty23/dev
udev-104/test/sys/class/tty/tty24/
udev-104/test/sys/class/tty/tty24/dev
udev-104/test/sys/class/tty/tty25/
udev-104/test/sys/class/tty/tty25/dev
udev-104/test/sys/class/tty/tty26/
udev-104/test/sys/class/tty/tty26/dev
udev-104/test/sys/class/tty/tty27/
udev-104/test/sys/class/tty/tty27/dev
udev-104/test/sys/class/tty/tty28/
udev-104/test/sys/class/tty/tty28/dev
udev-104/test/sys/class/tty/tty29/
udev-104/test/sys/class/tty/tty29/dev
udev-104/test/sys/class/tty/tty3/
udev-104/test/sys/class/tty/tty3/dev
udev-104/test/sys/class/tty/tty30/
udev-104/test/sys/class/tty/tty30/dev
udev-104/test/sys/class/tty/tty31/
udev-104/test/sys/class/tty/tty31/dev
udev-104/test/sys/class/tty/tty32/
udev-104/test/sys/class/tty/tty32/dev
udev-104/test/sys/class/tty/tty33/
udev-104/test/sys/class/tty/tty33/dev
udev-104/test/sys/class/tty/tty34/
udev-104/test/sys/class/tty/tty34/dev
udev-104/test/sys/class/tty/tty35/
udev-104/test/sys/class/tty/tty35/dev
udev-104/test/sys/class/tty/tty36/
udev-104/test/sys/class/tty/tty36/dev
udev-104/test/sys/class/tty/tty37/
udev-104/test/sys/class/tty/tty37/dev
udev-104/test/sys/class/tty/tty38/
udev-104/test/sys/class/tty/tty38/dev
udev-104/test/sys/class/tty/tty39/
udev-104/test/sys/class/tty/tty39/dev
udev-104/test/sys/class/tty/tty4/
udev-104/test/sys/class/tty/tty4/dev
udev-104/test/sys/class/tty/tty40/
udev-104/test/sys/class/tty/tty40/dev
udev-104/test/sys/class/tty/tty41/
udev-104/test/sys/class/tty/tty41/dev
udev-104/test/sys/class/tty/tty42/
udev-104/test/sys/class/tty/tty42/dev
udev-104/test/sys/class/tty/tty43/
udev-104/test/sys/class/tty/tty43/dev
udev-104/test/sys/class/tty/tty44/
udev-104/test/sys/class/tty/tty44/dev
udev-104/test/sys/class/tty/tty45/
udev-104/test/sys/class/tty/tty45/dev
udev-104/test/sys/class/tty/tty46/
udev-104/test/sys/class/tty/tty46/dev
udev-104/test/sys/class/tty/tty47/
udev-104/test/sys/class/tty/tty47/dev
udev-104/test/sys/class/tty/tty48/
udev-104/test/sys/class/tty/tty48/dev
udev-104/test/sys/class/tty/tty49/
udev-104/test/sys/class/tty/tty49/dev
udev-104/test/sys/class/tty/tty5/
udev-104/test/sys/class/tty/tty5/dev
udev-104/test/sys/class/tty/tty50/
udev-104/test/sys/class/tty/tty50/dev
udev-104/test/sys/class/tty/tty51/
udev-104/test/sys/class/tty/tty51/dev
udev-104/test/sys/class/tty/tty52/
udev-104/test/sys/class/tty/tty52/dev
udev-104/test/sys/class/tty/tty53/
udev-104/test/sys/class/tty/tty53/dev
udev-104/test/sys/class/tty/tty54/
udev-104/test/sys/class/tty/tty54/dev
udev-104/test/sys/class/tty/tty55/
udev-104/test/sys/class/tty/tty55/dev
udev-104/test/sys/class/tty/tty56/
udev-104/test/sys/class/tty/tty56/dev
udev-104/test/sys/class/tty/tty57/
udev-104/test/sys/class/tty/tty57/dev
udev-104/test/sys/class/tty/tty58/
udev-104/test/sys/class/tty/tty58/dev
udev-104/test/sys/class/tty/tty59/
udev-104/test/sys/class/tty/tty59/dev
udev-104/test/sys/class/tty/tty6/
udev-104/test/sys/class/tty/tty6/dev
udev-104/test/sys/class/tty/tty60/
udev-104/test/sys/class/tty/tty60/dev
udev-104/test/sys/class/tty/tty61/
udev-104/test/sys/class/tty/tty61/dev
udev-104/test/sys/class/tty/tty62/
udev-104/test/sys/class/tty/tty62/dev
udev-104/test/sys/class/tty/tty63/
udev-104/test/sys/class/tty/tty63/dev
udev-104/test/sys/class/tty/tty7/
udev-104/test/sys/class/tty/tty7/dev
udev-104/test/sys/class/tty/tty8/
udev-104/test/sys/class/tty/tty8/dev
udev-104/test/sys/class/tty/tty9/
udev-104/test/sys/class/tty/tty9/dev
udev-104/test/sys/class/tty/ttyS0/
udev-104/test/sys/class/tty/ttyS0/dev
udev-104/test/sys/class/tty/ttyS1/
udev-104/test/sys/class/tty/ttyS1/dev
udev-104/test/sys/class/tty/ttyS2/
udev-104/test/sys/class/tty/ttyS2/dev
udev-104/test/sys/class/tty/ttyS3/
udev-104/test/sys/class/tty/ttyS3/dev
udev-104/test/sys/class/tty/ttyS4/
udev-104/test/sys/class/tty/ttyS4/dev
udev-104/test/sys/class/tty/ttyS5/
udev-104/test/sys/class/tty/ttyS5/dev
udev-104/test/sys/class/tty/ttyS6/
udev-104/test/sys/class/tty/ttyS6/dev
udev-104/test/sys/class/tty/ttyS7/
udev-104/test/sys/class/tty/ttyS7/dev
udev-104/test/sys/class/tty/ttyUSB0/
udev-104/test/sys/class/tty/ttyUSB0/dev
udev-104/test/sys/class/tty/ttyUSB0/device
udev-104/test/sys/devices/
udev-104/test/sys/devices/pci0000:00/
udev-104/test/sys/devices/pci0000:00/0000:00:09.0/
udev-104/test/sys/devices/pci0000:00/0000:00:09.0/bus
udev-104/test/sys/devices/pci0000:00/0000:00:09.0/class
udev-104/test/sys/devices/pci0000:00/0000:00:09.0/device
udev-104/test/sys/devices/pci0000:00/0000:00:09.0/irq
udev-104/test/sys/devices/pci0000:00/0000:00:09.0/pools
udev-104/test/sys/devices/pci0000:00/0000:00:09.0/power/
udev-104/test/sys/devices/pci0000:00/0000:00:09.0/power/state
udev-104/test/sys/devices/pci0000:00/0000:00:09.0/resource
udev-104/test/sys/devices/pci0000:00/0000:00:09.0/subsystem_device
udev-104/test/sys/devices/pci0000:00/0000:00:09.0/subsystem_vendor
udev-104/test/sys/devices/pci0000:00/0000:00:09.0/usb3/
udev-104/test/sys/devices/pci0000:00/0000:00:09.0/usb3/3-0:1.0/
udev-104/test/sys/devices/pci0000:00/0000:00:09.0/usb3/3-0:1.0/bAlternateSetting
udev-104/test/sys/devices/pci0000:00/0000:00:09.0/usb3/3-0:1.0/bInterfaceClass
udev-104/test/sys/devices/pci0000:00/0000:00:09.0/usb3/3-0:1.0/bInterfaceNumber
udev-104/test/sys/devices/pci0000:00/0000:00:09.0/usb3/3-0:1.0/bInterfaceProtocol
udev-104/test/sys/devices/pci0000:00/0000:00:09.0/usb3/3-0:1.0/bInterfaceSubClass
udev-104/test/sys/devices/pci0000:00/0000:00:09.0/usb3/3-0:1.0/bNumEndpoints
udev-104/test/sys/devices/pci0000:00/0000:00:09.0/usb3/3-0:1.0/bus
udev-104/test/sys/devices/pci0000:00/0000:00:09.0/usb3/3-0:1.0/driver
udev-104/test/sys/devices/pci0000:00/0000:00:09.0/usb3/3-0:1.0/iInterface
udev-104/test/sys/devices/pci0000:00/0000:00:09.0/usb3/3-0:1.0/power/
udev-104/test/sys/devices/pci0000:00/0000:00:09.0/usb3/3-0:1.0/power/state
udev-104/test/sys/devices/pci0000:00/0000:00:09.0/usb3/3-1/
udev-104/test/sys/devices/pci0000:00/0000:00:09.0/usb3/3-1/3-1:1.0/
udev-104/test/sys/devices/pci0000:00/0000:00:09.0/usb3/3-1/3-1:1.0/bAlternateSetting
udev-104/test/sys/devices/pci0000:00/0000:00:09.0/usb3/3-1/3-1:1.0/bInterfaceClass
udev-104/test/sys/devices/pci0000:00/0000:00:09.0/usb3/3-1/3-1:1.0/bInterfaceNumber
udev-104/test/sys/devices/pci0000:00/0000:00:09.0/usb3/3-1/3-1:1.0/bInterfaceProtocol
udev-104/test/sys/devices/pci0000:00/0000:00:09.0/usb3/3-1/3-1:1.0/bInterfaceSubClass
udev-104/test/sys/devices/pci0000:00/0000:00:09.0/usb3/3-1/3-1:1.0/bNumEndpoints
udev-104/test/sys/devices/pci0000:00/0000:00:09.0/usb3/3-1/3-1:1.0/bus
udev-104/test/sys/devices/pci0000:00/0000:00:09.0/usb3/3-1/3-1:1.0/driver
udev-104/test/sys/devices/pci0000:00/0000:00:09.0/usb3/3-1/3-1:1.0/iInterface
udev-104/test/sys/devices/pci0000:00/0000:00:09.0/usb3/3-1/3-1:1.0/power/
udev-104/test/sys/devices/pci0000:00/0000:00:09.0/usb3/3-1/3-1:1.0/power/state
udev-104/test/sys/devices/pci0000:00/0000:00:09.0/usb3/3-1/bConfigurationValue
udev-104/test/sys/devices/pci0000:00/0000:00:09.0/usb3/3-1/bDeviceClass
udev-104/test/sys/devices/pci0000:00/0000:00:09.0/usb3/3-1/bDeviceProtocol
udev-104/test/sys/devices/pci0000:00/0000:00:09.0/usb3/3-1/bDeviceSubClass
udev-104/test/sys/devices/pci0000:00/0000:00:09.0/usb3/3-1/bMaxPower
udev-104/test/sys/devices/pci0000:00/0000:00:09.0/usb3/3-1/bNumConfigurations
udev-104/test/sys/devices/pci0000:00/0000:00:09.0/usb3/3-1/bNumInterfaces
udev-104/test/sys/devices/pci0000:00/0000:00:09.0/usb3/3-1/bcdDevice
udev-104/test/sys/devices/pci0000:00/0000:00:09.0/usb3/3-1/bmAttributes
udev-104/test/sys/devices/pci0000:00/0000:00:09.0/usb3/3-1/bus
udev-104/test/sys/devices/pci0000:00/0000:00:09.0/usb3/3-1/driver
udev-104/test/sys/devices/pci0000:00/0000:00:09.0/usb3/3-1/idProduct
udev-104/test/sys/devices/pci0000:00/0000:00:09.0/usb3/3-1/idVendor
udev-104/test/sys/devices/pci0000:00/0000:00:09.0/usb3/3-1/power/
udev-104/test/sys/devices/pci0000:00/0000:00:09.0/usb3/3-1/power/state
udev-104/test/sys/devices/pci0000:00/0000:00:09.0/usb3/3-1/speed
udev-104/test/sys/devices/pci0000:00/0000:00:09.0/usb3/3-1/ttyUSB0/
udev-104/test/sys/devices/pci0000:00/0000:00:09.0/usb3/3-1/ttyUSB0/bus
udev-104/test/sys/devices/pci0000:00/0000:00:09.0/usb3/3-1/ttyUSB0/driver
udev-104/test/sys/devices/pci0000:00/0000:00:09.0/usb3/3-1/ttyUSB0/power/
udev-104/test/sys/devices/pci0000:00/0000:00:09.0/usb3/3-1/ttyUSB0/power/state
udev-104/test/sys/devices/pci0000:00/0000:00:09.0/usb3/bConfigurationValue
udev-104/test/sys/devices/pci0000:00/0000:00:09.0/usb3/bDeviceClass
udev-104/test/sys/devices/pci0000:00/0000:00:09.0/usb3/bDeviceProtocol
udev-104/test/sys/devices/pci0000:00/0000:00:09.0/usb3/bDeviceSubClass
udev-104/test/sys/devices/pci0000:00/0000:00:09.0/usb3/bMaxPower
udev-104/test/sys/devices/pci0000:00/0000:00:09.0/usb3/bNumConfigurations
udev-104/test/sys/devices/pci0000:00/0000:00:09.0/usb3/bNumInterfaces
udev-104/test/sys/devices/pci0000:00/0000:00:09.0/usb3/bcdDevice
udev-104/test/sys/devices/pci0000:00/0000:00:09.0/usb3/bmAttributes
udev-104/test/sys/devices/pci0000:00/0000:00:09.0/usb3/bus
udev-104/test/sys/devices/pci0000:00/0000:00:09.0/usb3/driver
udev-104/test/sys/devices/pci0000:00/0000:00:09.0/usb3/idProduct
udev-104/test/sys/devices/pci0000:00/0000:00:09.0/usb3/idVendor
udev-104/test/sys/devices/pci0000:00/0000:00:09.0/usb3/manufacturer
udev-104/test/sys/devices/pci0000:00/0000:00:09.0/usb3/power/
udev-104/test/sys/devices/pci0000:00/0000:00:09.0/usb3/power/state
udev-104/test/sys/devices/pci0000:00/0000:00:09.0/usb3/product
udev-104/test/sys/devices/pci0000:00/0000:00:09.0/usb3/serial
udev-104/test/sys/devices/pci0000:00/0000:00:09.0/usb3/speed
udev-104/test/sys/devices/pci0000:00/0000:00:09.0/vendor
udev-104/test/sys/devices/pci0000:00/0000:00:1e.0/
udev-104/test/sys/devices/pci0000:00/0000:00:1e.0/0000:02:05.0/
udev-104/test/sys/devices/pci0000:00/0000:00:1e.0/0000:02:05.0/bus
udev-104/test/sys/devices/pci0000:00/0000:00:1e.0/0000:02:05.0/class
udev-104/test/sys/devices/pci0000:00/0000:00:1e.0/0000:02:05.0/device
udev-104/test/sys/devices/pci0000:00/0000:00:1e.0/0000:02:05.0/driver
udev-104/test/sys/devices/pci0000:00/0000:00:1e.0/0000:02:05.0/host0/
udev-104/test/sys/devices/pci0000:00/0000:00:1e.0/0000:02:05.0/host0/target0:0:0/
udev-104/test/sys/devices/pci0000:00/0000:00:1e.0/0000:02:05.0/host0/target0:0:0/0:0:0:0/
udev-104/test/sys/devices/pci0000:00/0000:00:1e.0/0000:02:05.0/host0/target0:0:0/0:0:0:0/bus
udev-104/test/sys/devices/pci0000:00/0000:00:1e.0/0000:02:05.0/host0/target0:0:0/0:0:0:0/device_blocked
udev-104/test/sys/devices/pci0000:00/0000:00:1e.0/0000:02:05.0/host0/target0:0:0/0:0:0:0/driver
udev-104/test/sys/devices/pci0000:00/0000:00:1e.0/0000:02:05.0/host0/target0:0:0/0:0:0:0/model
udev-104/test/sys/devices/pci0000:00/0000:00:1e.0/0000:02:05.0/host0/target0:0:0/0:0:0:0/online
udev-104/test/sys/devices/pci0000:00/0000:00:1e.0/0000:02:05.0/host0/target0:0:0/0:0:0:0/queue_depth
udev-104/test/sys/devices/pci0000:00/0000:00:1e.0/0000:02:05.0/host0/target0:0:0/0:0:0:0/rev
udev-104/test/sys/devices/pci0000:00/0000:00:1e.0/0000:02:05.0/host0/target0:0:0/0:0:0:0/scsi_level
udev-104/test/sys/devices/pci0000:00/0000:00:1e.0/0000:02:05.0/host0/target0:0:0/0:0:0:0/type
udev-104/test/sys/devices/pci0000:00/0000:00:1e.0/0000:02:05.0/host0/target0:0:0/0:0:0:0/vendor
udev-104/test/sys/devices/pci0000:00/0000:00:1e.0/0000:02:05.0/host0/target0:0:0/0:0:0:0/whitespace_test
udev-104/test/sys/devices/pci0000:00/0000:00:1e.0/0000:02:05.0/irq
udev-104/test/sys/devices/pci0000:00/0000:00:1e.0/0000:02:05.0/resource
udev-104/test/sys/devices/pci0000:00/0000:00:1e.0/0000:02:05.0/subsystem_device
udev-104/test/sys/devices/pci0000:00/0000:00:1e.0/0000:02:05.0/subsystem_vendor
udev-104/test/sys/devices/pci0000:00/0000:00:1e.0/0000:02:05.0/vendor
udev-104/test/sys/devices/pci0000:00/0000:00:1e.0/bus
udev-104/test/sys/devices/pci0000:00/0000:00:1e.0/class
udev-104/test/sys/devices/pci0000:00/0000:00:1e.0/device
udev-104/test/sys/devices/pci0000:00/0000:00:1e.0/irq
udev-104/test/sys/devices/pci0000:00/0000:00:1e.0/resource
udev-104/test/sys/devices/pci0000:00/0000:00:1e.0/subsystem_device
udev-104/test/sys/devices/pci0000:00/0000:00:1e.0/subsystem_vendor
udev-104/test/sys/devices/pci0000:00/0000:00:1e.0/vendor
udev-104/test/udev-test.pl
udev-104/test/udevstart-test.pl
udev-104/udev.7
udev-104/udev.h
udev-104/udev.xml
udev-104/udev_config.c
udev-104/udev_db.c
udev-104/udev_device.c
udev-104/udev_node.c
udev-104/udev_rules.c
udev-104/udev_rules.h
udev-104/udev_rules_parse.c
udev-104/udev_selinux.c
udev-104/udev_selinux.h
udev-104/udev_sysdeps.c
udev-104/udev_sysdeps.h
udev-104/udev_sysfs.c
udev-104/udev_utils.c
udev-104/udev_utils_file.c
udev-104/udev_utils_run.c
udev-104/udev_utils_string.c
udev-104/udevcontrol.c
udev-104/udevd.8
udev-104/udevd.c
udev-104/udevd.h
udev-104/udevd.xml
udev-104/udevinfo.8
udev-104/udevinfo.c
udev-104/udevinfo.xml
udev-104/udevmonitor.8
udev-104/udevmonitor.c
udev-104/udevmonitor.xml
udev-104/udevsettle.8
udev-104/udevsettle.c
udev-104/udevsettle.xml
udev-104/udevstart.8
udev-104/udevstart.c
udev-104/udevstart.xml
udev-104/udevtest.8
udev-104/udevtest.c
udev-104/udevtest.xml
udev-104/udevtrigger.8
udev-104/udevtrigger.c
udev-104/udevtrigger.xml
udev-config-6.2/
udev-config-6.2/25-lfs.rules
udev-config-6.2/contrib/
udev-config-6.2/contrib/debian/
udev-config-6.2/contrib/debian/81-cdrom.rules
udev-config-6.2/contrib/debian/83-cdrom-symlinks.rules
udev-config-6.2/contrib/debian/write_cd_aliases
udev-config-6.2/81-cdrom.rules
udev-config-6.2/27-firmware.rules
udev-config-6.2/26-modprobe.rules
udev-config-6.2/60-persistent-storage.rules
udev-config-6.2/CHANGELOG
udev-config-6.2/05-udev-early.rules
