dpkg-deb: building package `udev-104' in `debian.deb'.
 new debian package, version 2.0.
 size 455228 bytes: control archive= 1411 bytes.
     261 bytes,    10 lines      control              
     789 bytes,    18 lines      copyright            
       6 bytes,     1 lines      debian-binary        
     890 bytes,    38 lines   *  postinst             #!/bin/bash
     108 bytes,     3 lines   *  postrm               #!/bin/bash
     111 bytes,     3 lines   *  preinst              #!/bin/bash
     478 bytes,    17 lines   *  prerm                #!/bin/bash
 Package: udev-104
 Version: 104
 Section: unknown
 Priority: required
 Architecture: all
 Essential: no
 Depends: aaa-base
 Maintainer: Aethernet support team [support@aethernet.co.uk]
 Provides: udev
 Description: Contains programs for dynamic creation of device nodes
