checking for a BSD-compatible install... /usr/bin/install -c
checking whether build environment is sane... yes
checking for gawk... gawk
checking whether make sets ${MAKE}... yes
checking build system type... i686-pc-linux-gnu
checking host system type... i686-pc-linux-gnu
checking for gawk... (cached) gawk
checking for gcc... gcc
checking for C compiler default output... a.out
checking whether the C compiler works... yes
checking whether we are cross compiling... no
checking for suffix of executables... 
checking for suffix of object files... o
checking whether we are using the GNU C compiler... yes
checking whether gcc accepts -g... yes
checking for style of include used by make... GNU
checking dependency style of gcc... gcc3
checking for a BSD-compatible install... /usr/bin/install -c
checking for ranlib... ranlib
checking for getconf... getconf
checking for CFLAGS value to request large file support... -D_LARGEFILE_SOURCE -D_FILE_OFFSET_BITS=64
checking for LDFLAGS value to request large file support... 
checking for LIBS value to request large file support... 
checking for _FILE_OFFSET_BITS... 64
checking for _LARGEFILE_SOURCE... 1
checking for _LARGE_FILES... no
checking for gcc option to accept ANSI C... none needed
checking how to run the C preprocessor... gcc -E
checking for sys/types.h... yes
checking for sys/stat.h... yes
checking for stdlib.h... yes
checking for string.h... yes
checking for memory.h... yes
checking for strings.h... yes
checking for inttypes.h... yes
checking for stdint.h... yes
checking for unistd.h... yes
checking for function prototypes... yes
checking for ANSI C header files... yes
checking for string.h... (cached) yes
checking for size_t... yes
checking for ssize_t... yes
checking for gcc option to accept ANSI C... none needed
checking for an ANSI C-conforming const... yes
checking for inttypes.h... yes
checking for unsigned long long... yes
checking for ANSI C header files... (cached) yes
checking for string.h... (cached) yes
checking for stdlib.h... (cached) yes
checking sys/param.h usability... yes
checking sys/param.h presence... yes
checking for sys/param.h... yes
checking for memory.h... (cached) yes
checking for unistd.h... (cached) yes
checking libintl.h usability... yes
checking libintl.h presence... yes
checking for libintl.h... yes
checking wctype.h usability... yes
checking wctype.h presence... yes
checking for wctype.h... yes
checking wchar.h usability... yes
checking wchar.h presence... yes
checking for wchar.h... yes
checking for dirent.h that defines DIR... yes
checking for library containing opendir... none required
checking whether stat file-mode macros are broken... no
checking for stdlib.h... (cached) yes
checking for mbstate_t... yes
checking for working alloca.h... yes
checking for alloca... yes
checking whether closedir returns void... no
checking for stdlib.h... (cached) yes
checking for unistd.h... (cached) yes
checking for getpagesize... yes
checking for working mmap... yes
checking for btowc... yes
checking for isascii... yes
checking for memmove... yes
checking for setmode... no
checking for strerror... yes
checking for wctype... yes
checking for mbrtowc... yes
checking for memchr... yes
checking for stpcpy... yes
checking for strtoul... yes
checking for atexit... yes
checking for fnmatch... yes
checking for stdlib.h... (cached) yes
checking whether <inttypes.h> defines strtoumax as a macro... no
checking for strtoumax... yes
checking whether strtoul is declared... yes
checking whether strtoull is declared... yes
checking for strerror in -lcposix... no
checking for inline... inline
checking for off_t... yes
checking whether we are using the GNU C Library 2.1 or newer... yes
checking argz.h usability... yes
checking argz.h presence... yes
checking for argz.h... yes
checking limits.h usability... yes
checking limits.h presence... yes
checking for limits.h... yes
checking locale.h usability... yes
checking locale.h presence... yes
checking for locale.h... yes
checking nl_types.h usability... yes
checking nl_types.h presence... yes
checking for nl_types.h... yes
checking malloc.h usability... yes
checking malloc.h presence... yes
checking for malloc.h... yes
checking stddef.h usability... yes
checking stddef.h presence... yes
checking for stddef.h... yes
checking for stdlib.h... (cached) yes
checking for string.h... (cached) yes
checking for unistd.h... (cached) yes
checking for sys/param.h... (cached) yes
checking for feof_unlocked... yes
checking for fgets_unlocked... yes
checking for getcwd... yes
checking for getegid... yes
checking for geteuid... yes
checking for getgid... yes
checking for getuid... yes
checking for mempcpy... yes
checking for munmap... yes
checking for putenv... yes
checking for setenv... yes
checking for setlocale... yes
checking for stpcpy... (cached) yes
checking for strchr... yes
checking for strcasecmp... yes
checking for strdup... yes
checking for strtoul... (cached) yes
checking for tsearch... yes
checking for __argz_count... yes
checking for __argz_stringify... yes
checking for __argz_next... yes
checking for iconv... yes
checking for iconv declaration... 
         extern size_t iconv (iconv_t cd, char * *inbuf, size_t *inbytesleft, char * *outbuf, size_t *outbytesleft);
checking for nl_langinfo and CODESET... yes
checking for LC_MESSAGES... yes
checking whether NLS is requested... yes
checking whether included gettext is requested... no
checking for libintl.h... (cached) yes
checking for GNU gettext in libc... yes
checking for dcgettext... yes
checking for msgfmt... /usr/bin/msgfmt
checking for gmsgfmt... /usr/bin/msgfmt
checking for xgettext... /usr/bin/xgettext
checking for bison... bison
checking version of bison... 2.2, ok
checking for catalogs to be installed...  cs de el eo es et fr gl hr id it ja ko nl no pl pt_BR ru sl sv
checking for dos file convention... no
checking for DJGPP environment... no
checking for environ variable separator... :
checking for working re_compile_pattern... yes
checking for getopt_long... yes
checking whether strerror_r is declared... yes
checking for strerror_r... yes
checking for string.h... (cached) yes
checking for working strerror_r... yes
checking for strerror... (cached) yes
checking for strerror_r... (cached) yes
checking for vprintf... yes
checking for doprnt... no
checking for ANSI C header files... (cached) yes
checking for working malloc... yes
checking for working realloc... yes
checking for pcre_exec in -lpcre... no
configure: creating ./config.status
config.status: creating Makefile
config.status: creating lib/Makefile
config.status: creating lib/posix/Makefile
config.status: creating src/Makefile
config.status: creating tests/Makefile
config.status: creating po/Makefile.in
config.status: creating intl/Makefile
config.status: creating doc/Makefile
config.status: creating m4/Makefile
config.status: creating vms/Makefile
config.status: creating bootstrap/Makefile
config.status: creating config.h
config.status: executing default-1 commands
config.status: executing default-2 commands
config.status: creating po/POTFILES
config.status: creating po/Makefile
config.status: executing default commands
