make[1]: Entering directory `/home/kris/autobuild/packages/udev/udev-0.96/unpack/udev-096/extras/ata_id'
make[1]: Nothing to be done for `all'.
make[1]: Leaving directory `/home/kris/autobuild/packages/udev/udev-0.96/unpack/udev-096/extras/ata_id'
make[1]: Entering directory `/home/kris/autobuild/packages/udev/udev-0.96/unpack/udev-096/extras/cdrom_id'
make[1]: Nothing to be done for `all'.
make[1]: Leaving directory `/home/kris/autobuild/packages/udev/udev-0.96/unpack/udev-096/extras/cdrom_id'
make[1]: Entering directory `/home/kris/autobuild/packages/udev/udev-0.96/unpack/udev-096/extras/edd_id'
make[1]: Nothing to be done for `all'.
make[1]: Leaving directory `/home/kris/autobuild/packages/udev/udev-0.96/unpack/udev-096/extras/edd_id'
make[1]: Entering directory `/home/kris/autobuild/packages/udev/udev-0.96/unpack/udev-096/extras/firmware'
make[1]: Nothing to be done for `all'.
make[1]: Leaving directory `/home/kris/autobuild/packages/udev/udev-0.96/unpack/udev-096/extras/firmware'
make[1]: Entering directory `/home/kris/autobuild/packages/udev/udev-0.96/unpack/udev-096/extras/floppy'
make[1]: Nothing to be done for `all'.
make[1]: Leaving directory `/home/kris/autobuild/packages/udev/udev-0.96/unpack/udev-096/extras/floppy'
make[1]: Entering directory `/home/kris/autobuild/packages/udev/udev-0.96/unpack/udev-096/extras/path_id'
make[1]: Nothing to be done for `all'.
make[1]: Leaving directory `/home/kris/autobuild/packages/udev/udev-0.96/unpack/udev-096/extras/path_id'
make[1]: Entering directory `/home/kris/autobuild/packages/udev/udev-0.96/unpack/udev-096/extras/scsi_id'
make[1]: Nothing to be done for `all'.
make[1]: Leaving directory `/home/kris/autobuild/packages/udev/udev-0.96/unpack/udev-096/extras/scsi_id'
make[1]: Entering directory `/home/kris/autobuild/packages/udev/udev-0.96/unpack/udev-096/extras/usb_id'
make[1]: Nothing to be done for `all'.
make[1]: Leaving directory `/home/kris/autobuild/packages/udev/udev-0.96/unpack/udev-096/extras/usb_id'
make[1]: Entering directory `/home/kris/autobuild/packages/udev/udev-0.96/unpack/udev-096/extras/volume_id'
make[1]: Nothing to be done for `all'.
make[1]: Leaving directory `/home/kris/autobuild/packages/udev/udev-0.96/unpack/udev-096/extras/volume_id'
/usr/bin/install -c -d /home/kris/autobuild/packages/udev/udev-0.96/pkg/debian/dev
/usr/bin/install -c -D udevd /home/kris/autobuild/packages/udev/udev-0.96/pkg/debian/sbin/udevd
/usr/bin/install -c -D udevtrigger /home/kris/autobuild/packages/udev/udev-0.96/pkg/debian/sbin/udevtrigger
/usr/bin/install -c -D udevsettle /home/kris/autobuild/packages/udev/udev-0.96/pkg/debian/sbin/udevsettle
/usr/bin/install -c -D udevcontrol /home/kris/autobuild/packages/udev/udev-0.96/pkg/debian/sbin/udevcontrol
/usr/bin/install -c -D udevmonitor /home/kris/autobuild/packages/udev/udev-0.96/pkg/debian/usr/sbin/udevmonitor
/usr/bin/install -c -D udevinfo /home/kris/autobuild/packages/udev/udev-0.96/pkg/debian/usr/bin/udevinfo
/usr/bin/install -c -D udevtest /home/kris/autobuild/packages/udev/udev-0.96/pkg/debian/usr/bin/udevtest
make[1]: Entering directory `/home/kris/autobuild/packages/udev/udev-0.96/unpack/udev-096/extras/ata_id'
/usr/bin/install -c -D ata_id /home/kris/autobuild/packages/udev/udev-0.96/pkg/debian/lib/udev/ata_id
make[1]: Leaving directory `/home/kris/autobuild/packages/udev/udev-0.96/unpack/udev-096/extras/ata_id'
make[1]: Entering directory `/home/kris/autobuild/packages/udev/udev-0.96/unpack/udev-096/extras/cdrom_id'
/usr/bin/install -c -D cdrom_id /home/kris/autobuild/packages/udev/udev-0.96/pkg/debian/lib/udev/cdrom_id
make[1]: Leaving directory `/home/kris/autobuild/packages/udev/udev-0.96/unpack/udev-096/extras/cdrom_id'
make[1]: Entering directory `/home/kris/autobuild/packages/udev/udev-0.96/unpack/udev-096/extras/edd_id'
/usr/bin/install -c -D edd_id /home/kris/autobuild/packages/udev/udev-0.96/pkg/debian/lib/udev/edd_id
make[1]: Leaving directory `/home/kris/autobuild/packages/udev/udev-0.96/unpack/udev-096/extras/edd_id'
make[1]: Entering directory `/home/kris/autobuild/packages/udev/udev-0.96/unpack/udev-096/extras/firmware'
/usr/bin/install -c -D firmware.sh /home/kris/autobuild/packages/udev/udev-0.96/pkg/debian/lib/udev/firmware.sh
make[1]: Leaving directory `/home/kris/autobuild/packages/udev/udev-0.96/unpack/udev-096/extras/firmware'
make[1]: Entering directory `/home/kris/autobuild/packages/udev/udev-0.96/unpack/udev-096/extras/floppy'
/usr/bin/install -c -D create_floppy_devices /home/kris/autobuild/packages/udev/udev-0.96/pkg/debian/lib/udev/create_floppy_devices
make[1]: Leaving directory `/home/kris/autobuild/packages/udev/udev-0.96/unpack/udev-096/extras/floppy'
make[1]: Entering directory `/home/kris/autobuild/packages/udev/udev-0.96/unpack/udev-096/extras/path_id'
/usr/bin/install -c -D path_id /home/kris/autobuild/packages/udev/udev-0.96/pkg/debian/lib/udev/path_id
make[1]: Leaving directory `/home/kris/autobuild/packages/udev/udev-0.96/unpack/udev-096/extras/path_id'
make[1]: Entering directory `/home/kris/autobuild/packages/udev/udev-0.96/unpack/udev-096/extras/scsi_id'
/usr/bin/install -c -D scsi_id /home/kris/autobuild/packages/udev/udev-0.96/pkg/debian/lib/udev/scsi_id
ln -sf /lib/udev/scsi_id /home/kris/autobuild/packages/udev/udev-0.96/pkg/debian/sbin/scsi_id
make[1]: Leaving directory `/home/kris/autobuild/packages/udev/udev-0.96/unpack/udev-096/extras/scsi_id'
make[1]: Entering directory `/home/kris/autobuild/packages/udev/udev-0.96/unpack/udev-096/extras/usb_id'
/usr/bin/install -c -D usb_id /home/kris/autobuild/packages/udev/udev-0.96/pkg/debian/lib/udev/usb_id
make[1]: Leaving directory `/home/kris/autobuild/packages/udev/udev-0.96/unpack/udev-096/extras/usb_id'
make[1]: Entering directory `/home/kris/autobuild/packages/udev/udev-0.96/unpack/udev-096/extras/volume_id'
/usr/bin/install -c -D vol_id /home/kris/autobuild/packages/udev/udev-0.96/pkg/debian/lib/udev/vol_id
make -C lib install
make[2]: Entering directory `/home/kris/autobuild/packages/udev/udev-0.96/unpack/udev-096/extras/volume_id/lib'
/usr/bin/install -c -m 644 -D libvolume_id.h /home/kris/autobuild/packages/udev/udev-0.96/pkg/debian/usr/include/libvolume_id.h
/usr/bin/install -c -m 755 -D libvolume_id.a /home/kris/autobuild/packages/udev/udev-0.96/pkg/debian/usr/lib/libvolume_id.a
/usr/bin/install -c -m 755 -D libvolume_id.so.0.66.0 /home/kris/autobuild/packages/udev/udev-0.96/pkg/debian/lib/libvolume_id.so.0.66.0
ln -sf libvolume_id.so.0.66.0 /home/kris/autobuild/packages/udev/udev-0.96/pkg/debian/lib/libvolume_id.so.0
ln -sf /lib/libvolume_id.so.0.66.0 /home/kris/autobuild/packages/udev/udev-0.96/pkg/debian/usr/lib/libvolume_id.so
/usr/bin/install -c -m 644 -D libvolume_id.pc /home/kris/autobuild/packages/udev/udev-0.96/pkg/debian/usr/lib/pkgconfig/libvolume_id.pc
make[2]: Leaving directory `/home/kris/autobuild/packages/udev/udev-0.96/unpack/udev-096/extras/volume_id/lib'
make[1]: Leaving directory `/home/kris/autobuild/packages/udev/udev-0.96/unpack/udev-096/extras/volume_id'
/usr/bin/install -c -d /home/kris/autobuild/packages/udev/udev-0.96/pkg/debian/etc/udev/rules.d

pick a udev rules file from the etc/udev directory that matches your distribution

make[1]: Entering directory `/home/kris/autobuild/packages/udev/udev-0.96/unpack/udev-096/extras/ata_id'
no config file to install
make[1]: Leaving directory `/home/kris/autobuild/packages/udev/udev-0.96/unpack/udev-096/extras/ata_id'
make[1]: Entering directory `/home/kris/autobuild/packages/udev/udev-0.96/unpack/udev-096/extras/cdrom_id'
no config file to install
make[1]: Leaving directory `/home/kris/autobuild/packages/udev/udev-0.96/unpack/udev-096/extras/cdrom_id'
make[1]: Entering directory `/home/kris/autobuild/packages/udev/udev-0.96/unpack/udev-096/extras/edd_id'
no config file to install
make[1]: Leaving directory `/home/kris/autobuild/packages/udev/udev-0.96/unpack/udev-096/extras/edd_id'
make[1]: Entering directory `/home/kris/autobuild/packages/udev/udev-0.96/unpack/udev-096/extras/firmware'
no config file to install
make[1]: Leaving directory `/home/kris/autobuild/packages/udev/udev-0.96/unpack/udev-096/extras/firmware'
make[1]: Entering directory `/home/kris/autobuild/packages/udev/udev-0.96/unpack/udev-096/extras/floppy'
no config file to install
make[1]: Leaving directory `/home/kris/autobuild/packages/udev/udev-0.96/unpack/udev-096/extras/floppy'
make[1]: Entering directory `/home/kris/autobuild/packages/udev/udev-0.96/unpack/udev-096/extras/path_id'
no config file to install
make[1]: Leaving directory `/home/kris/autobuild/packages/udev/udev-0.96/unpack/udev-096/extras/path_id'
make[1]: Entering directory `/home/kris/autobuild/packages/udev/udev-0.96/unpack/udev-096/extras/scsi_id'
/usr/bin/install -c -m 644 -D ./scsi_id.config /home/kris/autobuild/packages/udev/udev-0.96/pkg/debian/etc
make[1]: Leaving directory `/home/kris/autobuild/packages/udev/udev-0.96/unpack/udev-096/extras/scsi_id'
make[1]: Entering directory `/home/kris/autobuild/packages/udev/udev-0.96/unpack/udev-096/extras/usb_id'
no config file to install
make[1]: Leaving directory `/home/kris/autobuild/packages/udev/udev-0.96/unpack/udev-096/extras/usb_id'
make[1]: Entering directory `/home/kris/autobuild/packages/udev/udev-0.96/unpack/udev-096/extras/volume_id'
no config file to install
make[1]: Leaving directory `/home/kris/autobuild/packages/udev/udev-0.96/unpack/udev-096/extras/volume_id'
/usr/bin/install -c -m 644 -D udev.7 /home/kris/autobuild/packages/udev/udev-0.96/pkg/debian/usr/share/man/man7/udev.7
/usr/bin/install -c -m 644 -D udevinfo.8 /home/kris/autobuild/packages/udev/udev-0.96/pkg/debian/usr/share/man/man8/udevinfo.8
/usr/bin/install -c -m 644 -D udevtest.8 /home/kris/autobuild/packages/udev/udev-0.96/pkg/debian/usr/share/man/man8/udevtest.8
/usr/bin/install -c -m 644 -D udevd.8 /home/kris/autobuild/packages/udev/udev-0.96/pkg/debian/usr/share/man/man8/udevd.8
/usr/bin/install -c -m 644 -D udevtrigger.8 /home/kris/autobuild/packages/udev/udev-0.96/pkg/debian/usr/share/man/man8/udevtrigger.8
/usr/bin/install -c -m 644 -D udevsettle.8 /home/kris/autobuild/packages/udev/udev-0.96/pkg/debian/usr/share/man/man8/udevsettle.8
/usr/bin/install -c -m 644 -D udevmonitor.8 /home/kris/autobuild/packages/udev/udev-0.96/pkg/debian/usr/share/man/man8/udevmonitor.8
ln -f -s udevd.8 /home/kris/autobuild/packages/udev/udev-0.96/pkg/debian/usr/share/man/man8/udevcontrol.8
make[1]: Entering directory `/home/kris/autobuild/packages/udev/udev-0.96/unpack/udev-096/extras/ata_id'
/usr/bin/install -c -m 644 -D ata_id.8 /home/kris/autobuild/packages/udev/udev-0.96/pkg/debian/usr/share/man/man8/ata_id.8
make[1]: Leaving directory `/home/kris/autobuild/packages/udev/udev-0.96/unpack/udev-096/extras/ata_id'
make[1]: Entering directory `/home/kris/autobuild/packages/udev/udev-0.96/unpack/udev-096/extras/cdrom_id'
/usr/bin/install -c -m 644 -D cdrom_id.8 /home/kris/autobuild/packages/udev/udev-0.96/pkg/debian/usr/share/man/man8/cdrom_id.8
make[1]: Leaving directory `/home/kris/autobuild/packages/udev/udev-0.96/unpack/udev-096/extras/cdrom_id'
make[1]: Entering directory `/home/kris/autobuild/packages/udev/udev-0.96/unpack/udev-096/extras/edd_id'
/usr/bin/install -c -m 644 -D edd_id.8 /home/kris/autobuild/packages/udev/udev-0.96/pkg/debian/usr/share/man/man8/edd_id.8
make[1]: Leaving directory `/home/kris/autobuild/packages/udev/udev-0.96/unpack/udev-096/extras/edd_id'
make[1]: Entering directory `/home/kris/autobuild/packages/udev/udev-0.96/unpack/udev-096/extras/firmware'
Please create a man page for this tool.
make[1]: Leaving directory `/home/kris/autobuild/packages/udev/udev-0.96/unpack/udev-096/extras/firmware'
make[1]: Entering directory `/home/kris/autobuild/packages/udev/udev-0.96/unpack/udev-096/extras/floppy'
Please create a man page for this tool.
make[1]: Leaving directory `/home/kris/autobuild/packages/udev/udev-0.96/unpack/udev-096/extras/floppy'
make[1]: Entering directory `/home/kris/autobuild/packages/udev/udev-0.96/unpack/udev-096/extras/path_id'
Please create a man page for this tool.
make[1]: Leaving directory `/home/kris/autobuild/packages/udev/udev-0.96/unpack/udev-096/extras/path_id'
make[1]: Entering directory `/home/kris/autobuild/packages/udev/udev-0.96/unpack/udev-096/extras/scsi_id'
/usr/bin/install -c -m 644 -D scsi_id.8 /home/kris/autobuild/packages/udev/udev-0.96/pkg/debian/usr/share/man/man8/scsi_id.8
make[1]: Leaving directory `/home/kris/autobuild/packages/udev/udev-0.96/unpack/udev-096/extras/scsi_id'
make[1]: Entering directory `/home/kris/autobuild/packages/udev/udev-0.96/unpack/udev-096/extras/usb_id'
Please create a man page for this tool.
make[1]: Leaving directory `/home/kris/autobuild/packages/udev/udev-0.96/unpack/udev-096/extras/usb_id'
make[1]: Entering directory `/home/kris/autobuild/packages/udev/udev-0.96/unpack/udev-096/extras/volume_id'
/usr/bin/install -c -m 644 -D vol_id.8 /home/kris/autobuild/packages/udev/udev-0.96/pkg/debian/usr/share/man/man8/vol_id.8
make[1]: Leaving directory `/home/kris/autobuild/packages/udev/udev-0.96/unpack/udev-096/extras/volume_id'
