  HOSTLD  scripts/kconfig/conf
scripts/kconfig/conf -s arch/i386/Kconfig
  CHK     include/linux/version.h
  UPD     include/linux/version.h
  CHK     include/linux/utsrelease.h
  UPD     include/linux/utsrelease.h
  SYMLINK include/asm -> include/asm-i386
  CC      arch/i386/kernel/asm-offsets.s
  GEN     include/asm-i386/asm-offsets.h
  CC      scripts/mod/empty.o
  HOSTCC  scripts/mod/mk_elfconfig
  MKELF   scripts/mod/elfconfig.h
  HOSTCC  scripts/mod/file2alias.o
  HOSTCC  scripts/mod/modpost.o
  HOSTCC  scripts/mod/sumversion.o
  HOSTLD  scripts/mod/modpost
  HOSTCC  scripts/kallsyms
  HOSTCC  scripts/conmakehash
  HOSTCC  scripts/bin2c
  CC      init/main.o
  CHK     include/linux/compile.h
  UPD     include/linux/compile.h
  CC      init/version.o
  CC      init/do_mounts.o
  CC      init/do_mounts_rd.o
  CC      init/do_mounts_initrd.o
  CC      init/do_mounts_md.o
  LD      init/mounts.o
  CC      init/initramfs.o
  CC      init/calibrate.o
  LD      init/built-in.o
  HOSTCC  usr/gen_init_cpio
  GEN     usr/initramfs_data.cpio.gz
  AS      usr/initramfs_data.o
  LD      usr/built-in.o
  CC      arch/i386/kernel/process.o
  CC      arch/i386/kernel/signal.o
  AS      arch/i386/kernel/entry.o
  CC      arch/i386/kernel/traps.o
  CC      arch/i386/kernel/irq.o
  CC      arch/i386/kernel/ptrace.o
  CC      arch/i386/kernel/time.o
  CC      arch/i386/kernel/ioport.o
  CC      arch/i386/kernel/ldt.o
  CC      arch/i386/kernel/setup.o
  CC      arch/i386/kernel/i8259.o
  CC      arch/i386/kernel/sys_i386.o
  CC      arch/i386/kernel/pci-dma.o
  CC      arch/i386/kernel/i386_ksyms.o
  CC      arch/i386/kernel/i387.o
  CC      arch/i386/kernel/bootflag.o
  CC      arch/i386/kernel/e820.o
  CC      arch/i386/kernel/quirks.o
  CC      arch/i386/kernel/i8237.o
  CC      arch/i386/kernel/topology.o
  CC      arch/i386/kernel/alternative.o
  CC      arch/i386/kernel/i8253.o
  CC      arch/i386/kernel/tsc.o
  CC      arch/i386/kernel/acpi/boot.o
  CC      arch/i386/kernel/acpi/earlyquirk.o
  CC      arch/i386/kernel/acpi/cstate.o
  CC      arch/i386/kernel/acpi/processor.o
  LD      arch/i386/kernel/acpi/built-in.o
  CC      arch/i386/kernel/cpu/common.o
  CC      arch/i386/kernel/cpu/proc.o
  CC      arch/i386/kernel/cpu/amd.o
  CC      arch/i386/kernel/cpu/cyrix.o
  CC      arch/i386/kernel/cpu/centaur.o
  CC      arch/i386/kernel/cpu/transmeta.o
  CC      arch/i386/kernel/cpu/intel.o
  CC      arch/i386/kernel/cpu/intel_cacheinfo.o
  CC      arch/i386/kernel/cpu/rise.o
  CC      arch/i386/kernel/cpu/nexgen.o
  CC      arch/i386/kernel/cpu/umc.o
  CC      arch/i386/kernel/cpu/mcheck/mce.o
  CC      arch/i386/kernel/cpu/mcheck/k7.o
  CC      arch/i386/kernel/cpu/mcheck/p4.o
  CC      arch/i386/kernel/cpu/mcheck/p5.o
  CC      arch/i386/kernel/cpu/mcheck/p6.o
  CC      arch/i386/kernel/cpu/mcheck/winchip.o
  CC      arch/i386/kernel/cpu/mcheck/therm_throt.o
  CC      arch/i386/kernel/cpu/mcheck/non-fatal.o
  LD      arch/i386/kernel/cpu/mcheck/built-in.o
  CC      arch/i386/kernel/cpu/mtrr/main.o
  CC      arch/i386/kernel/cpu/mtrr/if.o
  CC      arch/i386/kernel/cpu/mtrr/generic.o
  CC      arch/i386/kernel/cpu/mtrr/state.o
  CC      arch/i386/kernel/cpu/mtrr/amd.o
  CC      arch/i386/kernel/cpu/mtrr/cyrix.o
  CC      arch/i386/kernel/cpu/mtrr/centaur.o
  LD      arch/i386/kernel/cpu/mtrr/built-in.o
  LD      arch/i386/kernel/cpu/built-in.o
  CC      arch/i386/kernel/reboot.o
  CC      arch/i386/kernel/smp.o
  CC      arch/i386/kernel/smpboot.o
  CC      arch/i386/kernel/tsc_sync.o
  AS      arch/i386/kernel/trampoline.o
  CC      arch/i386/kernel/mpparse.o
  CC      arch/i386/kernel/apic.o
  CC      arch/i386/kernel/nmi.o
  CC      arch/i386/kernel/io_apic.o
  CC      arch/i386/kernel/module.o
  CC      arch/i386/kernel/sysenter.o
  LDS     arch/i386/kernel/vsyscall.lds
  AS      arch/i386/kernel/vsyscall-int80.o
  AS      arch/i386/kernel/vsyscall-note.o
  SYSCALL arch/i386/kernel/vsyscall-int80.so
  AS      arch/i386/kernel/vsyscall-sysenter.o
  SYSCALL arch/i386/kernel/vsyscall-sysenter.so
  AS      arch/i386/kernel/vsyscall.o
  CC      arch/i386/kernel/doublefault.o
  CC      arch/i386/kernel/vm86.o
  CC      arch/i386/kernel/early_printk.o
  CC      arch/i386/kernel/pcspeaker.o
  SYSCALL arch/i386/kernel/vsyscall-syms.o
  LD      arch/i386/kernel/built-in.o
  AS      arch/i386/kernel/head.o
  CC      arch/i386/kernel/init_task.o
  LDS     arch/i386/kernel/vmlinux.lds
  CC [M]  arch/i386/kernel/microcode.o
  CC [M]  arch/i386/kernel/scx200.o
  CC      arch/i386/mm/init.o
  CC      arch/i386/mm/pgtable.o
  CC      arch/i386/mm/fault.o
  CC      arch/i386/mm/ioremap.o
  CC      arch/i386/mm/extable.o
  CC      arch/i386/mm/pageattr.o
  CC      arch/i386/mm/mmap.o
  CC      arch/i386/mm/highmem.o
  LD      arch/i386/mm/built-in.o
  CC      arch/i386/mach-default/setup.o
  LD      arch/i386/mach-default/built-in.o
  LD      arch/i386/crypto/built-in.o
  CC      kernel/sched.o
  CC      kernel/fork.o
  CC      kernel/exec_domain.o
  CC      kernel/panic.o
  CC      kernel/printk.o
  CC      kernel/profile.o
  CC      kernel/exit.o
  CC      kernel/itimer.o
  CC      kernel/time.o
  CC      kernel/softirq.o
  CC      kernel/resource.o
  CC      kernel/sysctl.o
  CC      kernel/capability.o
  CC      kernel/ptrace.o
  CC      kernel/timer.o
  CC      kernel/user.o
  CC      kernel/signal.o
  CC      kernel/sys.o
  CC      kernel/kmod.o
  CC      kernel/workqueue.o
  CC      kernel/pid.o
  CC      kernel/rcupdate.o
  CC      kernel/extable.o
  CC      kernel/params.o
  CC      kernel/posix-timers.o
  CC      kernel/kthread.o
  CC      kernel/wait.o
  CC      kernel/kfifo.o
  CC      kernel/sys_ni.o
  CC      kernel/posix-cpu-timers.o
  CC      kernel/mutex.o
  CC      kernel/hrtimer.o
  CC      kernel/rwsem.o
  CC      kernel/latency.o
  CC      kernel/nsproxy.o
  CC      kernel/srcu.o
  CC      kernel/irq/handle.o
  CC      kernel/irq/manage.o
  CC      kernel/irq/spurious.o
  CC      kernel/irq/resend.o
  CC      kernel/irq/chip.o
  CC      kernel/irq/devres.o
  CC      kernel/irq/autoprobe.o
  CC      kernel/irq/proc.o
  CC      kernel/irq/migration.o
  LD      kernel/irq/built-in.o
  CC      kernel/power/main.o
  CC      kernel/power/process.o
  CC      kernel/power/console.o
  LD      kernel/power/built-in.o
  CC      kernel/time/ntp.o
  CC      kernel/time/clocksource.o
  CC      kernel/time/jiffies.o
  CC      kernel/time/timer_list.o
  CC      kernel/time/clockevents.o
  CC      kernel/time/tick-common.o
  CC      kernel/time/tick-broadcast.o
  LD      kernel/time/built-in.o
  CC      kernel/futex.o
  CC      kernel/rtmutex.o
  CC      kernel/dma.o
  CC      kernel/cpu.o
  CC      kernel/spinlock.o
  CC      kernel/uid16.o
  CC      kernel/module.o
  CC      kernel/kallsyms.o
  GZIP    kernel/config_data.gz
  IKCFG   kernel/config_data.h
  CC      kernel/configs.o
  CC      kernel/stop_machine.o
  CC      kernel/audit.o
  CC      kernel/auditfilter.o
  CC      kernel/auditsc.o
  CC      kernel/ksysfs.o
  CC      kernel/seccomp.o
  CC      kernel/utsname_sysctl.o
  LD      kernel/built-in.o
  CC      mm/bootmem.o
  CC      mm/filemap.o
  CC      mm/mempool.o
  CC      mm/oom_kill.o
  CC      mm/fadvise.o
  CC      mm/page_alloc.o
  CC      mm/page-writeback.o
  CC      mm/pdflush.o
  CC      mm/readahead.o
  CC      mm/swap.o
  CC      mm/truncate.o
  CC      mm/vmscan.o
  CC      mm/prio_tree.o
  CC      mm/util.o
  CC      mm/mmzone.o
  CC      mm/vmstat.o
  CC      mm/backing-dev.o
  CC      mm/fremap.o
  CC      mm/highmem.o
  CC      mm/madvise.o
  CC      mm/memory.o
  CC      mm/mincore.o
  CC      mm/mlock.o
  CC      mm/mmap.o
  CC      mm/mprotect.o
  CC      mm/mremap.o
  CC      mm/msync.o
  CC      mm/rmap.o
  CC      mm/vmalloc.o
  CC      mm/bounce.o
  CC      mm/page_io.o
  CC      mm/swap_state.o
  CC      mm/swapfile.o
  CC      mm/thrash.o
  CC      mm/shmem.o
  CC      mm/slab.o
  CC      mm/allocpercpu.o
  LD      mm/built-in.o
  CC      fs/open.o
  CC      fs/read_write.o
  CC      fs/file_table.o
  CC      fs/super.o
  CC      fs/char_dev.o
  CC      fs/stat.o
  CC      fs/exec.o
  CC      fs/pipe.o
  CC      fs/namei.o
  CC      fs/fcntl.o
  CC      fs/ioctl.o
  CC      fs/readdir.o
  CC      fs/select.o
  CC      fs/fifo.o
  CC      fs/locks.o
  CC      fs/dcache.o
  CC      fs/inode.o
  CC      fs/attr.o
  CC      fs/bad_inode.o
  CC      fs/file.o
  CC      fs/filesystems.o
  CC      fs/namespace.o
  CC      fs/aio.o
  CC      fs/seq_file.o
  CC      fs/xattr.o
  CC      fs/libfs.o
  CC      fs/fs-writeback.o
  CC      fs/pnode.o
  CC      fs/drop_caches.o
  CC      fs/splice.o
  CC      fs/sync.o
  CC      fs/utimes.o
  CC      fs/stack.o
  CC      fs/buffer.o
  CC      fs/bio.o
  CC      fs/block_dev.o
  CC      fs/direct-io.o
  CC      fs/mpage.o
  CC      fs/ioprio.o
  CC      fs/inotify.o
  CC      fs/inotify_user.o
  CC      fs/eventpoll.o
  CC      fs/nfsctl.o
  CC      fs/binfmt_misc.o
  CC      fs/binfmt_script.o
  CC      fs/binfmt_elf.o
  CC      fs/mbcache.o
  CC      fs/posix_acl.o
  CC      fs/xattr_acl.o
  LD      fs/cramfs/built-in.o
  CC [M]  fs/cramfs/inode.o
  CC [M]  fs/cramfs/uncompress.o
  LD [M]  fs/cramfs/cramfs.o
  CC      fs/devpts/inode.o
  LD      fs/devpts/devpts.o
  LD      fs/devpts/built-in.o
  LD      fs/exportfs/built-in.o
  CC [M]  fs/exportfs/expfs.o
  LD [M]  fs/exportfs/exportfs.o
  CC      fs/ext2/balloc.o
  CC      fs/ext2/dir.o
  CC      fs/ext2/file.o
  CC      fs/ext2/fsync.o
  CC      fs/ext2/ialloc.o
  CC      fs/ext2/inode.o
  CC      fs/ext2/ioctl.o
  CC      fs/ext2/namei.o
  CC      fs/ext2/super.o
  CC      fs/ext2/symlink.o
  LD      fs/ext2/ext2.o
  LD      fs/ext2/built-in.o
  CC      fs/ext3/balloc.o
  CC      fs/ext3/bitmap.o
  CC      fs/ext3/dir.o
  CC      fs/ext3/file.o
  CC      fs/ext3/fsync.o
  CC      fs/ext3/ialloc.o
  CC      fs/ext3/inode.o
  CC      fs/ext3/ioctl.o
  CC      fs/ext3/namei.o
  CC      fs/ext3/super.o
  CC      fs/ext3/symlink.o
  CC      fs/ext3/hash.o
  CC      fs/ext3/resize.o
  CC      fs/ext3/ext3_jbd.o
  CC      fs/ext3/xattr.o
  CC      fs/ext3/xattr_user.o
  CC      fs/ext3/xattr_trusted.o
  CC      fs/ext3/acl.o
  LD      fs/ext3/ext3.o
  LD      fs/ext3/built-in.o
  CC      fs/fat/cache.o
  CC      fs/fat/dir.o
  CC      fs/fat/fatent.o
  CC      fs/fat/file.o
  CC      fs/fat/inode.o
  CC      fs/fat/misc.o
  LD      fs/fat/fat.o
  LD      fs/fat/built-in.o
  LD      fs/fuse/built-in.o
  CC [M]  fs/fuse/dev.o
  CC [M]  fs/fuse/dir.o
  CC [M]  fs/fuse/file.o
  CC [M]  fs/fuse/inode.o
  CC [M]  fs/fuse/control.o
  LD [M]  fs/fuse/fuse.o
  LD      fs/isofs/built-in.o
  CC [M]  fs/isofs/namei.o
  CC [M]  fs/isofs/inode.o
  CC [M]  fs/isofs/dir.o
  CC [M]  fs/isofs/util.o
  CC [M]  fs/isofs/rock.o
  CC [M]  fs/isofs/export.o
  CC [M]  fs/isofs/joliet.o
  LD [M]  fs/isofs/isofs.o
  CC      fs/jbd/transaction.o
  CC      fs/jbd/commit.o
  CC      fs/jbd/recovery.o
  CC      fs/jbd/checkpoint.o
  CC      fs/jbd/revoke.o
  CC      fs/jbd/journal.o
  LD      fs/jbd/jbd.o
  LD      fs/jbd/built-in.o
  CC      fs/lockd/clntlock.o
  CC      fs/lockd/clntproc.o
  CC      fs/lockd/host.o
  CC      fs/lockd/svc.o
  CC      fs/lockd/svclock.o
  CC      fs/lockd/svcshare.o
  CC      fs/lockd/svcproc.o
  CC      fs/lockd/svcsubs.o
  CC      fs/lockd/mon.o
  CC      fs/lockd/xdr.o
  CC      fs/lockd/xdr4.o
  CC      fs/lockd/svc4proc.o
  LD      fs/lockd/lockd.o
  LD      fs/lockd/built-in.o
  CC      fs/msdos/namei.o
  LD      fs/msdos/msdos.o
  LD      fs/msdos/built-in.o
  CC      fs/nfs/client.o
  CC      fs/nfs/dir.o
  CC      fs/nfs/file.o
  CC      fs/nfs/getroot.o
  CC      fs/nfs/inode.o
  CC      fs/nfs/super.o
  CC      fs/nfs/nfs2xdr.o
  CC      fs/nfs/pagelist.o
  CC      fs/nfs/proc.o
  CC      fs/nfs/read.o
  CC      fs/nfs/symlink.o
  CC      fs/nfs/unlink.o
  CC      fs/nfs/write.o
  CC      fs/nfs/namespace.o
  CC      fs/nfs/nfsroot.o
  CC      fs/nfs/mount_clnt.o
  CC      fs/nfs/nfs3proc.o
  CC      fs/nfs/nfs3xdr.o
  CC      fs/nfs/nfs3acl.o
  CC      fs/nfs/sysctl.o
  LD      fs/nfs/nfs.o
  LD      fs/nfs/built-in.o
  CC      fs/nfs_common/nfsacl.o
  LD      fs/nfs_common/nfs_acl.o
  LD      fs/nfs_common/built-in.o
  LD      fs/nfsd/built-in.o
  CC [M]  fs/nfsd/nfssvc.o
  CC [M]  fs/nfsd/nfsctl.o
  CC [M]  fs/nfsd/nfsproc.o
  CC [M]  fs/nfsd/nfsfh.o
  CC [M]  fs/nfsd/vfs.o
  CC [M]  fs/nfsd/export.o
  CC [M]  fs/nfsd/auth.o
  CC [M]  fs/nfsd/lockd.o
  CC [M]  fs/nfsd/nfscache.o
  CC [M]  fs/nfsd/nfsxdr.o
  CC [M]  fs/nfsd/stats.o
  CC [M]  fs/nfsd/nfs2acl.o
  CC [M]  fs/nfsd/nfs3proc.o
  CC [M]  fs/nfsd/nfs3xdr.o
  CC [M]  fs/nfsd/nfs3acl.o
  LD [M]  fs/nfsd/nfsd.o
  CC      fs/nls/nls_base.o
  LD      fs/nls/built-in.o
  CC [M]  fs/nls/nls_cp437.o
  CC [M]  fs/nls/nls_iso8859-1.o
  CC [M]  fs/nls/nls_utf8.o
  CC      fs/partitions/check.o
  CC      fs/partitions/msdos.o
  LD      fs/partitions/built-in.o
  CC      fs/proc/mmu.o
  CC      fs/proc/task_mmu.o
  CC      fs/proc/inode.o
  CC      fs/proc/root.o
  CC      fs/proc/base.o
  CC      fs/proc/generic.o
  CC      fs/proc/array.o
  CC      fs/proc/proc_tty.o
  CC      fs/proc/proc_misc.o
  CC      fs/proc/proc_sysctl.o
  CC      fs/proc/kcore.o
  CC      fs/proc/kmsg.o
  LD      fs/proc/proc.o
  LD      fs/proc/built-in.o
  CC      fs/ramfs/inode.o
  CC      fs/ramfs/file-mmu.o
  LD      fs/ramfs/ramfs.o
  LD      fs/ramfs/built-in.o
  CC      fs/romfs/inode.o
  LD      fs/romfs/romfs.o
  LD      fs/romfs/built-in.o
  CC      fs/sysfs/inode.o
  CC      fs/sysfs/file.o
  CC      fs/sysfs/dir.o
  CC      fs/sysfs/symlink.o
  CC      fs/sysfs/mount.o
  CC      fs/sysfs/bin.o
  CC      fs/sysfs/group.o
  LD      fs/sysfs/built-in.o
  LD      fs/udf/built-in.o
  CC [M]  fs/udf/balloc.o
  CC [M]  fs/udf/dir.o
  CC [M]  fs/udf/file.o
  CC [M]  fs/udf/ialloc.o
  CC [M]  fs/udf/inode.o
  CC [M]  fs/udf/lowlevel.o
  CC [M]  fs/udf/namei.o
  CC [M]  fs/udf/partition.o
  CC [M]  fs/udf/super.o
  CC [M]  fs/udf/truncate.o
  CC [M]  fs/udf/symlink.o
  CC [M]  fs/udf/fsync.o
  CC [M]  fs/udf/crc.o
  CC [M]  fs/udf/directory.o
  CC [M]  fs/udf/misc.o
  CC [M]  fs/udf/udftime.o
  CC [M]  fs/udf/unicode.o
  LD [M]  fs/udf/udf.o
  CC      fs/vfat/namei.o
  LD      fs/vfat/vfat.o
  LD      fs/vfat/built-in.o
  LD      fs/xfs/built-in.o
  CC [M]  fs/xfs/quota/xfs_dquot.o
  CC [M]  fs/xfs/quota/xfs_dquot_item.o
  CC [M]  fs/xfs/quota/xfs_trans_dquot.o
  CC [M]  fs/xfs/quota/xfs_qm_syscalls.o
  CC [M]  fs/xfs/quota/xfs_qm_bhv.o
  CC [M]  fs/xfs/quota/xfs_qm.o
  CC [M]  fs/xfs/quota/xfs_qm_stats.o
  CC [M]  fs/xfs/xfs_acl.o
  CC [M]  fs/xfs/linux-2.6/xfs_stats.o
  CC [M]  fs/xfs/linux-2.6/xfs_sysctl.o
  CC [M]  fs/xfs/xfs_alloc.o
  CC [M]  fs/xfs/xfs_alloc_btree.o
  CC [M]  fs/xfs/xfs_attr.o
  CC [M]  fs/xfs/xfs_attr_leaf.o
  CC [M]  fs/xfs/xfs_behavior.o
  CC [M]  fs/xfs/xfs_bit.o
  CC [M]  fs/xfs/xfs_bmap.o
  CC [M]  fs/xfs/xfs_bmap_btree.o
  CC [M]  fs/xfs/xfs_btree.o
  CC [M]  fs/xfs/xfs_buf_item.o
  CC [M]  fs/xfs/xfs_da_btree.o
  CC [M]  fs/xfs/xfs_dir2.o
  CC [M]  fs/xfs/xfs_dir2_block.o
  CC [M]  fs/xfs/xfs_dir2_data.o
  CC [M]  fs/xfs/xfs_dir2_leaf.o
  CC [M]  fs/xfs/xfs_dir2_node.o
  CC [M]  fs/xfs/xfs_dir2_sf.o
  CC [M]  fs/xfs/xfs_error.o
  CC [M]  fs/xfs/xfs_extfree_item.o
  CC [M]  fs/xfs/xfs_fsops.o
  CC [M]  fs/xfs/xfs_ialloc.o
  CC [M]  fs/xfs/xfs_ialloc_btree.o
  CC [M]  fs/xfs/xfs_iget.o
  CC [M]  fs/xfs/xfs_inode.o
  CC [M]  fs/xfs/xfs_inode_item.o
  CC [M]  fs/xfs/xfs_iocore.o
  CC [M]  fs/xfs/xfs_iomap.o
  CC [M]  fs/xfs/xfs_itable.o
  CC [M]  fs/xfs/xfs_dfrag.o
  CC [M]  fs/xfs/xfs_log.o
  CC [M]  fs/xfs/xfs_log_recover.o
  CC [M]  fs/xfs/xfs_mount.o
  CC [M]  fs/xfs/xfs_rename.o
  CC [M]  fs/xfs/xfs_trans.o
  CC [M]  fs/xfs/xfs_trans_ail.o
  CC [M]  fs/xfs/xfs_trans_buf.o
  CC [M]  fs/xfs/xfs_trans_extfree.o
  CC [M]  fs/xfs/xfs_trans_inode.o
  CC [M]  fs/xfs/xfs_trans_item.o
  CC [M]  fs/xfs/xfs_utils.o
  CC [M]  fs/xfs/xfs_vfsops.o
  CC [M]  fs/xfs/xfs_vnodeops.o
  CC [M]  fs/xfs/xfs_rw.o
  CC [M]  fs/xfs/xfs_dmops.o
  CC [M]  fs/xfs/xfs_qmops.o
  CC [M]  fs/xfs/linux-2.6/kmem.o
  CC [M]  fs/xfs/linux-2.6/xfs_aops.o
  CC [M]  fs/xfs/linux-2.6/xfs_buf.o
  CC [M]  fs/xfs/linux-2.6/xfs_export.o
  CC [M]  fs/xfs/linux-2.6/xfs_file.o
  CC [M]  fs/xfs/linux-2.6/xfs_fs_subr.o
  CC [M]  fs/xfs/linux-2.6/xfs_globals.o
  CC [M]  fs/xfs/linux-2.6/xfs_ioctl.o
  CC [M]  fs/xfs/linux-2.6/xfs_iops.o
  CC [M]  fs/xfs/linux-2.6/xfs_lrw.o
  CC [M]  fs/xfs/linux-2.6/xfs_super.o
  CC [M]  fs/xfs/linux-2.6/xfs_vfs.o
  CC [M]  fs/xfs/linux-2.6/xfs_vnode.o
  CC [M]  fs/xfs/support/debug.o
  CC [M]  fs/xfs/support/move.o
  CC [M]  fs/xfs/support/uuid.o
  LD [M]  fs/xfs/xfs.o
  CC      fs/quota.o
  CC      fs/dnotify.o
  LD      fs/built-in.o
  CC      ipc/util.o
  CC      ipc/msgutil.o
  CC      ipc/msg.o
  CC      ipc/sem.o
  CC      ipc/shm.o
  CC      ipc/ipc_sysctl.o
  LD      ipc/built-in.o
  CC      security/commoncap.o
  LD      security/built-in.o
  CC      crypto/api.o
  CC      crypto/scatterwalk.o
  CC      crypto/cipher.o
  CC      crypto/digest.o
  CC      crypto/compress.o
  CC      crypto/algapi.o
  CC      crypto/proc.o
  LD      crypto/crypto_algapi.o
  CC      crypto/blkcipher.o
  CC      crypto/cryptomgr.o
  CC      crypto/cbc.o
  LD      crypto/built-in.o
  CC [M]  crypto/hash.o
  LD [M]  crypto/crypto_hash.o
  CC [M]  crypto/hmac.o
  CC [M]  crypto/md5.o
  CC [M]  crypto/sha1.o
  CC [M]  crypto/sha256.o
  CC [M]  crypto/sha512.o
  CC [M]  crypto/des.o
  CC [M]  crypto/blowfish.o
  CC [M]  crypto/aes.o
  CC [M]  crypto/deflate.o
  CC [M]  crypto/crc32c.o
  CC      block/elevator.o
  CC      block/ll_rw_blk.o
  CC      block/ioctl.o
  CC      block/genhd.o
  CC      block/scsi_ioctl.o
  CC      block/noop-iosched.o
  CC      block/as-iosched.o
  CC      block/deadline-iosched.o
  CC      block/cfq-iosched.o
  LD      block/built-in.o
  CC      drivers/acpi/tables.o
  CC      drivers/acpi/blacklist.o
  CC      drivers/acpi/osl.o
  CC      drivers/acpi/utils.o
  CC      drivers/acpi/dispatcher/dsfield.o
  CC      drivers/acpi/dispatcher/dsmthdat.o
  CC      drivers/acpi/dispatcher/dsopcode.o
  CC      drivers/acpi/dispatcher/dswexec.o
  CC      drivers/acpi/dispatcher/dswscope.o
  CC      drivers/acpi/dispatcher/dsmethod.o
  CC      drivers/acpi/dispatcher/dsobject.o
  CC      drivers/acpi/dispatcher/dsutils.o
  CC      drivers/acpi/dispatcher/dswload.o
  CC      drivers/acpi/dispatcher/dswstate.o
  CC      drivers/acpi/dispatcher/dsinit.o
  LD      drivers/acpi/dispatcher/built-in.o
  CC      drivers/acpi/events/evevent.o
  CC      drivers/acpi/events/evregion.o
  CC      drivers/acpi/events/evsci.o
  CC      drivers/acpi/events/evxfevnt.o
  CC      drivers/acpi/events/evmisc.o
  CC      drivers/acpi/events/evrgnini.o
  CC      drivers/acpi/events/evxface.o
  CC      drivers/acpi/events/evxfregn.o
  CC      drivers/acpi/events/evgpe.o
  CC      drivers/acpi/events/evgpeblk.o
  LD      drivers/acpi/events/built-in.o
  CC      drivers/acpi/executer/exconfig.o
  CC      drivers/acpi/executer/exfield.o
  CC      drivers/acpi/executer/exnames.o
  CC      drivers/acpi/executer/exoparg6.o
  CC      drivers/acpi/executer/exresolv.o
  CC      drivers/acpi/executer/exstorob.o
  CC      drivers/acpi/executer/exconvrt.o
  CC      drivers/acpi/executer/exfldio.o
  CC      drivers/acpi/executer/exoparg1.o
  CC      drivers/acpi/executer/exprep.o
  CC      drivers/acpi/executer/exresop.o
  CC      drivers/acpi/executer/exsystem.o
  CC      drivers/acpi/executer/excreate.o
  CC      drivers/acpi/executer/exmisc.o
  CC      drivers/acpi/executer/exoparg2.o
  CC      drivers/acpi/executer/exregion.o
  CC      drivers/acpi/executer/exstore.o
  CC      drivers/acpi/executer/exutils.o
  CC      drivers/acpi/executer/exdump.o
  CC      drivers/acpi/executer/exmutex.o
  CC      drivers/acpi/executer/exoparg3.o
  CC      drivers/acpi/executer/exresnte.o
  CC      drivers/acpi/executer/exstoren.o
  LD      drivers/acpi/executer/built-in.o
  CC      drivers/acpi/hardware/hwacpi.o
  CC      drivers/acpi/hardware/hwgpe.o
  CC      drivers/acpi/hardware/hwregs.o
  CC      drivers/acpi/hardware/hwsleep.o
  LD      drivers/acpi/hardware/built-in.o
  CC      drivers/acpi/namespace/nsaccess.o
  CC      drivers/acpi/namespace/nsload.o
  CC      drivers/acpi/namespace/nssearch.o
  CC      drivers/acpi/namespace/nsxfeval.o
  CC      drivers/acpi/namespace/nsalloc.o
  CC      drivers/acpi/namespace/nseval.o
  CC      drivers/acpi/namespace/nsnames.o
  CC      drivers/acpi/namespace/nsutils.o
  CC      drivers/acpi/namespace/nsxfname.o
  CC      drivers/acpi/namespace/nsdump.o
  CC      drivers/acpi/namespace/nsinit.o
  CC      drivers/acpi/namespace/nsobject.o
  CC      drivers/acpi/namespace/nswalk.o
  CC      drivers/acpi/namespace/nsxfobj.o
  CC      drivers/acpi/namespace/nsparse.o
  LD      drivers/acpi/namespace/built-in.o
  CC      drivers/acpi/parser/psargs.o
  CC      drivers/acpi/parser/psparse.o
  CC      drivers/acpi/parser/psloop.o
  CC      drivers/acpi/parser/pstree.o
  CC      drivers/acpi/parser/pswalk.o
  CC      drivers/acpi/parser/psopcode.o
  CC      drivers/acpi/parser/psscope.o
  CC      drivers/acpi/parser/psutils.o
  CC      drivers/acpi/parser/psxface.o
  LD      drivers/acpi/parser/built-in.o
  CC      drivers/acpi/resources/rsaddr.o
  CC      drivers/acpi/resources/rscreate.o
  CC      drivers/acpi/resources/rsinfo.o
  CC      drivers/acpi/resources/rsio.o
  CC      drivers/acpi/resources/rslist.o
  CC      drivers/acpi/resources/rsmisc.o
  CC      drivers/acpi/resources/rsxface.o
  CC      drivers/acpi/resources/rscalc.o
  CC      drivers/acpi/resources/rsirq.o
  CC      drivers/acpi/resources/rsmemory.o
  CC      drivers/acpi/resources/rsutils.o
  LD      drivers/acpi/resources/built-in.o
  CC      drivers/acpi/sleep/poweroff.o
  CC      drivers/acpi/sleep/wakeup.o
  LD      drivers/acpi/sleep/built-in.o
  CC      drivers/acpi/tables/tbxface.o
  CC      drivers/acpi/tables/tbinstal.o
  CC      drivers/acpi/tables/tbutils.o
  CC      drivers/acpi/tables/tbfind.o
  CC      drivers/acpi/tables/tbfadt.o
  LD      drivers/acpi/tables/built-in.o
  CC      drivers/acpi/utilities/utalloc.o
  CC      drivers/acpi/utilities/utdebug.o
  CC      drivers/acpi/utilities/uteval.o
  CC      drivers/acpi/utilities/utinit.o
  CC      drivers/acpi/utilities/utmisc.o
  CC      drivers/acpi/utilities/utxface.o
  CC      drivers/acpi/utilities/utcopy.o
  CC      drivers/acpi/utilities/utdelete.o
  CC      drivers/acpi/utilities/utglobal.o
  CC      drivers/acpi/utilities/utmath.o
  CC      drivers/acpi/utilities/utobject.o
  CC      drivers/acpi/utilities/utstate.o
  CC      drivers/acpi/utilities/utmutex.o
  CC      drivers/acpi/utilities/utcache.o
  CC      drivers/acpi/utilities/utresrc.o
  LD      drivers/acpi/utilities/built-in.o
  CC      drivers/acpi/bus.o
  CC      drivers/acpi/glue.o
  CC      drivers/acpi/scan.o
  CC      drivers/acpi/ec.o
  CC      drivers/acpi/pci_root.o
  CC      drivers/acpi/pci_link.o
  CC      drivers/acpi/pci_irq.o
  CC      drivers/acpi/pci_bind.o
  CC      drivers/acpi/power.o
  CC      drivers/acpi/system.o
  CC      drivers/acpi/event.o
  CC      drivers/acpi/cm_sbs.o
  LD      drivers/acpi/built-in.o
  CC [M]  drivers/acpi/button.o
  CC [M]  drivers/acpi/fan.o
  CC [M]  drivers/acpi/processor_core.o
  CC [M]  drivers/acpi/processor_throttling.o
  CC [M]  drivers/acpi/processor_idle.o
  CC [M]  drivers/acpi/processor_thermal.o
  LD [M]  drivers/acpi/processor.o
  CC [M]  drivers/acpi/thermal.o
  CC      drivers/ata/libata-core.o
  CC      drivers/ata/libata-scsi.o
  CC      drivers/ata/libata-sff.o
  CC      drivers/ata/libata-eh.o
  CC      drivers/ata/libata-acpi.o
  LD      drivers/ata/libata.o
  CC      drivers/ata/pata_via.o
  LD      drivers/ata/built-in.o
  CC [M]  drivers/ata/sata_svw.o
  CC [M]  drivers/ata/sata_via.o
  CC [M]  drivers/ata/sata_nv.o
  LD      drivers/auxdisplay/built-in.o
  CC      drivers/base/core.o
  CC      drivers/base/sys.o
  CC      drivers/base/bus.o
  CC      drivers/base/dd.o
  CC      drivers/base/driver.o
  CC      drivers/base/class.o
  CC      drivers/base/platform.o
  CC      drivers/base/cpu.o
  CC      drivers/base/firmware.o
  CC      drivers/base/init.o
  CC      drivers/base/map.o
  CC      drivers/base/dmapool.o
  CC      drivers/base/dma-mapping.o
  CC      drivers/base/devres.o
  CC      drivers/base/attribute_container.o
  CC      drivers/base/transport_class.o
  CC      drivers/base/power/shutdown.o
  CC      drivers/base/power/main.o
  CC      drivers/base/power/suspend.o
  CC      drivers/base/power/resume.o
  CC      drivers/base/power/runtime.o
  CC      drivers/base/power/sysfs.o
  LD      drivers/base/power/built-in.o
  CC      drivers/base/topology.o
  LD      drivers/base/built-in.o
  CC [M]  drivers/base/firmware_class.o
  CC      drivers/block/floppy.o
  CC      drivers/block/rd.o
  CC      drivers/block/loop.o
  LD      drivers/block/built-in.o
  CC [M]  drivers/block/nbd.o
  LD      drivers/cdrom/built-in.o
  CC [M]  drivers/cdrom/cdrom.o
  CC      drivers/char/mem.o
  CC      drivers/char/random.o
  CC      drivers/char/tty_io.o
  CC      drivers/char/n_tty.o
  CC      drivers/char/tty_ioctl.o
  CC      drivers/char/pty.o
  CC      drivers/char/misc.o
  CC      drivers/char/vt_ioctl.o
  CC      drivers/char/vc_screen.o
  CC      drivers/char/consolemap.o
  CONMK   drivers/char/consolemap_deftbl.c
  CC      drivers/char/consolemap_deftbl.o
  CC      drivers/char/selection.o
  CC      drivers/char/keyboard.o
  CC      drivers/char/vt.o
  SHIPPED drivers/char/defkeymap.c
  CC      drivers/char/defkeymap.o
  CC      drivers/char/genrtc.o
  LD      drivers/char/ipmi/built-in.o
  CC [M]  drivers/char/ipmi/ipmi_msghandler.o
  CC [M]  drivers/char/ipmi/ipmi_devintf.o
  CC [M]  drivers/char/ipmi/ipmi_si_intf.o
  CC [M]  drivers/char/ipmi/ipmi_kcs_sm.o
  CC [M]  drivers/char/ipmi/ipmi_smic_sm.o
  CC [M]  drivers/char/ipmi/ipmi_bt_sm.o
  LD [M]  drivers/char/ipmi/ipmi_si.o
  CC [M]  drivers/char/ipmi/ipmi_watchdog.o
  CC [M]  drivers/char/ipmi/ipmi_poweroff.o
  LD      drivers/char/watchdog/built-in.o
  CC [M]  drivers/char/watchdog/sc1200wdt.o
  CC [M]  drivers/char/watchdog/scx200_wdt.o
  CC [M]  drivers/char/watchdog/softdog.o
  LD      drivers/char/built-in.o
  CC [M]  drivers/char/scx200_gpio.o
  CC [M]  drivers/char/nsc_gpio.o
  CC      drivers/clocksource/acpi_pm.o
  LD      drivers/clocksource/built-in.o
  CC [M]  drivers/clocksource/scx200_hrt.o
  LD      drivers/crypto/built-in.o
  CC [M]  drivers/crypto/geode-aes.o
  CC      drivers/firmware/dmi_scan.o
  LD      drivers/firmware/built-in.o
  CC      drivers/hid/hid-core.o
  CC      drivers/hid/hid-input.o
  LD      drivers/hid/hid.o
  LD      drivers/hid/built-in.o
  CC      drivers/hwmon/hwmon.o
  LD      drivers/hwmon/built-in.o
  CC [M]  drivers/hwmon/hwmon-vid.o
  CC [M]  drivers/hwmon/w83627hf.o
  CC [M]  drivers/hwmon/w83793.o
  CC [M]  drivers/hwmon/w83781d.o
  CC [M]  drivers/hwmon/adm1021.o
  CC [M]  drivers/hwmon/gl518sm.o
  CC [M]  drivers/hwmon/hdaps.o
  CC [M]  drivers/hwmon/it87.o
  CC [M]  drivers/hwmon/k8temp.o
  CC [M]  drivers/hwmon/lm75.o
  CC [M]  drivers/hwmon/lm77.o
  CC [M]  drivers/hwmon/lm83.o
  CC [M]  drivers/hwmon/lm90.o
  CC [M]  drivers/hwmon/via686a.o
  CC [M]  drivers/hwmon/vt1211.o
  CC [M]  drivers/hwmon/vt8231.o
  CC [M]  drivers/hwmon/w83627ehf.o
  LD      drivers/i2c/algos/built-in.o
  CC [M]  drivers/i2c/algos/i2c-algo-bit.o
  CC [M]  drivers/i2c/algos/i2c-algo-pcf.o
  CC [M]  drivers/i2c/algos/i2c-algo-pca.o
  LD      drivers/i2c/busses/built-in.o
  CC [M]  drivers/i2c/busses/i2c-ali1535.o
  CC [M]  drivers/i2c/busses/i2c-ali15x3.o
  CC [M]  drivers/i2c/busses/i2c-amd756.o
  CC [M]  drivers/i2c/busses/i2c-amd8111.o
  CC [M]  drivers/i2c/busses/i2c-i801.o
  CC [M]  drivers/i2c/busses/i2c-i810.o
  CC [M]  drivers/i2c/busses/i2c-isa.o
  CC [M]  drivers/i2c/busses/i2c-nforce2.o
  CC [M]  drivers/i2c/busses/i2c-parport-light.o
  CC [M]  drivers/i2c/busses/i2c-pca-isa.o
  CC [M]  drivers/i2c/busses/i2c-piix4.o
  CC [M]  drivers/i2c/busses/i2c-prosavage.o
  CC [M]  drivers/i2c/busses/i2c-sis5595.o
  CC [M]  drivers/i2c/busses/i2c-sis630.o
  CC [M]  drivers/i2c/busses/i2c-sis96x.o
  CC [M]  drivers/i2c/busses/i2c-via.o
  CC [M]  drivers/i2c/busses/i2c-viapro.o
  CC [M]  drivers/i2c/busses/i2c-voodoo3.o
  CC [M]  drivers/i2c/busses/scx200_acb.o
  LD      drivers/i2c/chips/built-in.o
  CC [M]  drivers/i2c/chips/eeprom.o
  LD      drivers/i2c/built-in.o
  CC [M]  drivers/i2c/i2c-core.o
  CC [M]  drivers/i2c/i2c-dev.o
  LD      drivers/ide/arm/built-in.o
  LD      drivers/ide/legacy/built-in.o
  LD      drivers/ide/mips/built-in.o
  CC      drivers/ide/pci/amd74xx.o
  CC      drivers/ide/pci/via82cxxx.o
  CC      drivers/ide/pci/generic.o
  LD      drivers/ide/pci/built-in.o
  CC      drivers/ide/ide.o
  CC      drivers/ide/ide-io.o
  CC      drivers/ide/ide-iops.o
  CC      drivers/ide/ide-lib.o
  CC      drivers/ide/ide-probe.o
  CC      drivers/ide/ide-taskfile.o
  CC      drivers/ide/setup-pci.o
  CC      drivers/ide/ide-dma.o
  CC      drivers/ide/ide-proc.o
  LD      drivers/ide/ide-core.o
  CC      drivers/ide/ide-generic.o
  CC      drivers/ide/ide-disk.o
  LD      drivers/ide/built-in.o
  CC [M]  drivers/ide/ide-cd.o
  CC      drivers/input/input.o
  CC      drivers/input/ff-core.o
  LD      drivers/input/input-core.o
  CC      drivers/input/mousedev.o
  CC      drivers/input/keyboard/atkbd.o
  LD      drivers/input/keyboard/built-in.o
  LD      drivers/input/built-in.o
  CC      drivers/input/serio/serio.o
  CC      drivers/input/serio/i8042.o
  CC      drivers/input/serio/libps2.o
  LD      drivers/input/serio/built-in.o
  CC [M]  drivers/input/serio/serport.o
  LD      drivers/kvm/built-in.o
  CC [M]  drivers/kvm/svm.o
  CC [M]  drivers/kvm/vmx.o
  CC [M]  drivers/kvm/kvm_main.o
  CC [M]  drivers/kvm/mmu.o
  CC [M]  drivers/kvm/x86_emulate.o
  LD [M]  drivers/kvm/kvm.o
  LD [M]  drivers/kvm/kvm-intel.o
  LD [M]  drivers/kvm/kvm-amd.o
  LD      drivers/macintosh/built-in.o
  CC      drivers/md/linear.o
  CC      drivers/md/raid0.o
  CC      drivers/md/raid1.o
  CC      drivers/md/raid10.o
  CC      drivers/md/dm-log.o
  CC      drivers/md/dm-raid1.o
  CC      drivers/md/dm.o
  CC      drivers/md/dm-table.o
  CC      drivers/md/dm-target.o
  CC      drivers/md/dm-linear.o
  CC      drivers/md/dm-stripe.o
  CC      drivers/md/dm-ioctl.o
  CC      drivers/md/dm-io.o
  CC      drivers/md/kcopyd.o
  CC      drivers/md/dm-hw-handler.o
  CC      drivers/md/dm-path-selector.o
  CC      drivers/md/dm-mpath.o
  CC      drivers/md/dm-snap.o
  CC      drivers/md/dm-exception-store.o
  CC      drivers/md/md.o
  CC      drivers/md/bitmap.o
  CC      drivers/md/raid5.o
  CC      drivers/md/raid6algos.o
  CC      drivers/md/raid6recov.o
  HOSTCC  drivers/md/mktables
  TABLE   drivers/md/raid6tables.c
  CC      drivers/md/raid6tables.o
  UNROLL  drivers/md/raid6int1.c
  CC      drivers/md/raid6int1.o
  UNROLL  drivers/md/raid6int2.c
  CC      drivers/md/raid6int2.o
  UNROLL  drivers/md/raid6int4.c
  CC      drivers/md/raid6int4.o
  UNROLL  drivers/md/raid6int8.c
  CC      drivers/md/raid6int8.o
  UNROLL  drivers/md/raid6int16.c
  CC      drivers/md/raid6int16.o
  UNROLL  drivers/md/raid6int32.c
  CC      drivers/md/raid6int32.o
  UNROLL  drivers/md/raid6altivec1.c
  CC      drivers/md/raid6altivec1.o
  UNROLL  drivers/md/raid6altivec2.c
  CC      drivers/md/raid6altivec2.o
  UNROLL  drivers/md/raid6altivec4.c
  CC      drivers/md/raid6altivec4.o
  UNROLL  drivers/md/raid6altivec8.c
  CC      drivers/md/raid6altivec8.o
  CC      drivers/md/raid6mmx.o
  CC      drivers/md/raid6sse1.o
  CC      drivers/md/raid6sse2.o
  LD      drivers/md/raid456.o
  CC      drivers/md/xor.o
  CC      drivers/md/multipath.o
  CC      drivers/md/faulty.o
  LD      drivers/md/md-mod.o
  LD      drivers/md/dm-mod.o
  CC      drivers/md/dm-crypt.o
  LD      drivers/md/dm-multipath.o
  CC      drivers/md/dm-round-robin.o
  CC      drivers/md/dm-emc.o
  LD      drivers/md/dm-snapshot.o
  LD      drivers/md/dm-mirror.o
  CC      drivers/md/dm-zero.o
  LD      drivers/md/built-in.o
  LD      drivers/media/common/built-in.o
  LD      drivers/media/built-in.o
  LD      drivers/mfd/built-in.o
  LD      drivers/misc/built-in.o
  LD      drivers/net/bonding/built-in.o
  CC [M]  drivers/net/bonding/bond_main.o
  CC [M]  drivers/net/bonding/bond_3ad.o
  CC [M]  drivers/net/bonding/bond_alb.o
  CC [M]  drivers/net/bonding/bond_sysfs.o
  LD [M]  drivers/net/bonding/bonding.o
  CC      drivers/net/e1000/e1000_main.o
  CC      drivers/net/e1000/e1000_hw.o
  CC      drivers/net/e1000/e1000_ethtool.o
  CC      drivers/net/e1000/e1000_param.o
  LD      drivers/net/e1000/e1000.o
  LD      drivers/net/e1000/built-in.o
  CC      drivers/net/3c59x.o
  CC      drivers/net/typhoon.o
  CC      drivers/net/ne2k-pci.o
  CC      drivers/net/8390.o
  CC      drivers/net/pcnet32.o
  CC      drivers/net/e100.o
  CC      drivers/net/natsemi.o
  CC      drivers/net/tg3.o
  CC      drivers/net/bnx2.o
  CC      drivers/net/via-rhine.o
  CC      drivers/net/mii.o
  CC      drivers/net/Space.o
  CC      drivers/net/loopback.o
  CC      drivers/net/forcedeth.o
  CC      drivers/net/8139too.o
  LD      drivers/net/built-in.o
  CC [M]  drivers/net/dummy.o
  CC [M]  drivers/net/tun.o
  CC      drivers/pci/access.o
  CC      drivers/pci/bus.o
  CC      drivers/pci/probe.o
  CC      drivers/pci/remove.o
  CC      drivers/pci/pci.o
  CC      drivers/pci/quirks.o
  CC      drivers/pci/pci-driver.o
  CC      drivers/pci/search.o
  CC      drivers/pci/pci-sysfs.o
  CC      drivers/pci/rom.o
  CC      drivers/pci/setup-res.o
  CC      drivers/pci/proc.o
  CC      drivers/pci/pcie/portdrv_core.o
  CC      drivers/pci/pcie/portdrv_pci.o
  CC      drivers/pci/pcie/portdrv_bus.o
  LD      drivers/pci/pcie/pcieportdrv.o
  CC      drivers/pci/pcie/aer/aerdrv_errprint.o
  CC      drivers/pci/pcie/aer/aerdrv_core.o
  CC      drivers/pci/pcie/aer/aerdrv.o
  CC      drivers/pci/pcie/aer/aerdrv_acpi.o
  LD      drivers/pci/pcie/aer/aerdriver.o
  LD      drivers/pci/pcie/aer/built-in.o
  LD      drivers/pci/pcie/built-in.o
  CC      drivers/pci/hotplug.o
  CC      drivers/pci/htirq.o
  CC      drivers/pci/setup-bus.o
  CC      drivers/pci/pci-acpi.o
  LD      drivers/pci/built-in.o
  CC      drivers/pnp/core.o
  CC      drivers/pnp/card.o
  CC      drivers/pnp/driver.o
  CC      drivers/pnp/resource.o
  CC      drivers/pnp/manager.o
  CC      drivers/pnp/support.o
  CC      drivers/pnp/interface.o
  CC      drivers/pnp/quirks.o
  CC      drivers/pnp/system.o
  CC      drivers/pnp/pnpacpi/core.o
  CC      drivers/pnp/pnpacpi/rsparser.o
  LD      drivers/pnp/pnpacpi/built-in.o
  LD      drivers/pnp/built-in.o
  CC      drivers/scsi/scsi.o
  CC      drivers/scsi/hosts.o
  CC      drivers/scsi/scsi_ioctl.o
  CC      drivers/scsi/constants.o
  CC      drivers/scsi/scsicam.o
  CC      drivers/scsi/scsi_error.o
  CC      drivers/scsi/scsi_lib.o
  CC      drivers/scsi/scsi_scan.o
  CC      drivers/scsi/scsi_sysfs.o
  CC      drivers/scsi/scsi_devinfo.o
  CC      drivers/scsi/scsi_sysctl.o
  CC      drivers/scsi/scsi_proc.o
  CC      drivers/scsi/sd.o
  LD      drivers/scsi/scsi_mod.o
  CC      drivers/scsi/scsi_transport_spi.o
  LD      drivers/scsi/aic7xxx/built-in.o
  SHIPPED drivers/scsi/aic7xxx/aic79xx_seq.h
  SHIPPED drivers/scsi/aic7xxx/aic79xx_reg.h
  CC [M]  drivers/scsi/aic7xxx/aic79xx_core.o
  CC [M]  drivers/scsi/aic7xxx/aic79xx_pci.o
  SHIPPED drivers/scsi/aic7xxx/aic79xx_reg_print.c
  CC [M]  drivers/scsi/aic7xxx/aic79xx_reg_print.o
  CC [M]  drivers/scsi/aic7xxx/aic79xx_osm.o
  CC [M]  drivers/scsi/aic7xxx/aic79xx_proc.o
  CC [M]  drivers/scsi/aic7xxx/aic79xx_osm_pci.o
  SHIPPED drivers/scsi/aic7xxx/aic7xxx_seq.h
  SHIPPED drivers/scsi/aic7xxx/aic7xxx_reg.h
  CC [M]  drivers/scsi/aic7xxx/aic7xxx_core.o
  CC [M]  drivers/scsi/aic7xxx/aic7xxx_93cx6.o
  CC [M]  drivers/scsi/aic7xxx/aic7xxx_pci.o
  SHIPPED drivers/scsi/aic7xxx/aic7xxx_reg_print.c
  CC [M]  drivers/scsi/aic7xxx/aic7xxx_reg_print.o
  CC [M]  drivers/scsi/aic7xxx/aic7xxx_osm.o
  CC [M]  drivers/scsi/aic7xxx/aic7xxx_proc.o
  CC [M]  drivers/scsi/aic7xxx/aic7xxx_osm_pci.o
  LD [M]  drivers/scsi/aic7xxx/aic7xxx.o
  LD [M]  drivers/scsi/aic7xxx/aic79xx.o
  LD      drivers/scsi/megaraid/built-in.o
  CC [M]  drivers/scsi/megaraid/megaraid_mm.o
  CC [M]  drivers/scsi/megaraid/megaraid_mbox.o
  CC [M]  drivers/scsi/megaraid/megaraid_sas.o
  LD      drivers/scsi/sd_mod.o
  CC      drivers/scsi/sg.o
  CC      drivers/scsi/scsi_wait_scan.o
  LD      drivers/scsi/built-in.o
  CC [M]  drivers/scsi/3w-9xxx.o
  CC      drivers/serial/serial_core.o
  CC      drivers/serial/8250.o
  CC      drivers/serial/8250_pnp.o
  CC      drivers/serial/8250_pci.o
  CC      drivers/serial/8250_early.o
  LD      drivers/serial/built-in.o
  LD      drivers/usb/core/built-in.o
  CC [M]  drivers/usb/core/usb.o
  CC [M]  drivers/usb/core/hub.o
  CC [M]  drivers/usb/core/hcd.o
  CC [M]  drivers/usb/core/urb.o
  CC [M]  drivers/usb/core/message.o
  CC [M]  drivers/usb/core/driver.o
  CC [M]  drivers/usb/core/config.o
  CC [M]  drivers/usb/core/file.o
  CC [M]  drivers/usb/core/buffer.o
  CC [M]  drivers/usb/core/sysfs.o
  CC [M]  drivers/usb/core/endpoint.o
  CC [M]  drivers/usb/core/devio.o
  CC [M]  drivers/usb/core/notify.o
  CC [M]  drivers/usb/core/generic.o
  CC [M]  drivers/usb/core/quirks.o
  CC [M]  drivers/usb/core/hcd-pci.o
  CC [M]  drivers/usb/core/inode.o
  CC [M]  drivers/usb/core/devices.o
  LD [M]  drivers/usb/core/usbcore.o
  CC      drivers/usb/host/pci-quirks.o
  LD      drivers/usb/host/built-in.o
  CC [M]  drivers/usb/host/ehci-hcd.o
  CC [M]  drivers/usb/host/ohci-hcd.o
  CC [M]  drivers/usb/host/uhci-hcd.o
  LD      drivers/usb/input/built-in.o
  CC [M]  drivers/usb/input/hid-core.o
  LD [M]  drivers/usb/input/usbhid.o
  LD      drivers/usb/storage/built-in.o
  CC [M]  drivers/usb/storage/scsiglue.o
  CC [M]  drivers/usb/storage/protocol.o
  CC [M]  drivers/usb/storage/transport.o
  CC [M]  drivers/usb/storage/usb.o
  CC [M]  drivers/usb/storage/initializers.o
  LD [M]  drivers/usb/storage/usb-storage.o
  LD      drivers/usb/built-in.o
  CC      drivers/video/fb_notify.o
  LD      drivers/video/backlight/built-in.o
  CC      drivers/video/console/dummycon.o
  CC      drivers/video/console/vgacon.o
  LD      drivers/video/console/built-in.o
  LD      drivers/video/built-in.o
  LD      drivers/built-in.o
  LD      sound/built-in.o
  CC      arch/i386/pci/i386.o
  CC      arch/i386/pci/init.o
  CC      arch/i386/pci/pcbios.o
  CC      arch/i386/pci/mmconfig.o
  CC      arch/i386/pci/direct.o
  CC      arch/i386/pci/mmconfig-shared.o
  CC      arch/i386/pci/fixup.o
  CC      arch/i386/pci/acpi.o
  CC      arch/i386/pci/legacy.o
  CC      arch/i386/pci/irq.o
  CC      arch/i386/pci/common.o
  CC      arch/i386/pci/early.o
  LD      arch/i386/pci/built-in.o
  CC      arch/i386/power/cpu.o
  LD      arch/i386/power/built-in.o
  CC      net/socket.o
  CC      net/802/sysctl_net_802.o
  LD      net/802/built-in.o
  CC [M]  net/802/p8022.o
  CC [M]  net/802/psnap.o
  LD      net/8021q/built-in.o
  CC [M]  net/8021q/vlan.o
  CC [M]  net/8021q/vlan_dev.o
  CC [M]  net/8021q/vlanproc.o
  LD [M]  net/8021q/8021q.o
  LD      net/bridge/built-in.o
  CC [M]  net/bridge/br.o
  CC [M]  net/bridge/br_device.o
  CC [M]  net/bridge/br_fdb.o
  CC [M]  net/bridge/br_forward.o
  CC [M]  net/bridge/br_if.o
  CC [M]  net/bridge/br_input.o
  CC [M]  net/bridge/br_ioctl.o
  CC [M]  net/bridge/br_notify.o
  CC [M]  net/bridge/br_stp.o
  CC [M]  net/bridge/br_stp_bpdu.o
  CC [M]  net/bridge/br_stp_if.o
  CC [M]  net/bridge/br_stp_timer.o
  CC [M]  net/bridge/br_netlink.o
  CC [M]  net/bridge/br_sysfs_if.o
  CC [M]  net/bridge/br_sysfs_br.o
  CC [M]  net/bridge/br_netfilter.o
  LD [M]  net/bridge/bridge.o
  CC      net/core/sock.o
  CC      net/core/request_sock.o
  CC      net/core/skbuff.o
  CC      net/core/iovec.o
  CC      net/core/datagram.o
  CC      net/core/stream.o
  CC      net/core/scm.o
  CC      net/core/gen_stats.o
  CC      net/core/gen_estimator.o
  CC      net/core/sysctl_net_core.o
  CC      net/core/dev.o
  CC      net/core/ethtool.o
  CC      net/core/dev_mcast.o
  CC      net/core/dst.o
  CC      net/core/netevent.o
  CC      net/core/neighbour.o
  CC      net/core/rtnetlink.o
  CC      net/core/utils.o
  CC      net/core/link_watch.o
  CC      net/core/filter.o
  CC      net/core/flow.o
  CC      net/core/net-sysfs.o
  LD      net/core/built-in.o
  CC      net/ethernet/eth.o
  LD      net/ethernet/built-in.o
  CC      net/ipv4/route.o
  CC      net/ipv4/inetpeer.o
  CC      net/ipv4/protocol.o
  CC      net/ipv4/ip_input.o
  CC      net/ipv4/ip_fragment.o
  CC      net/ipv4/ip_forward.o
  CC      net/ipv4/ip_options.o
  CC      net/ipv4/ip_output.o
  CC      net/ipv4/ip_sockglue.o
  CC      net/ipv4/inet_hashtables.o
  CC      net/ipv4/inet_timewait_sock.o
  CC      net/ipv4/inet_connection_sock.o
  CC      net/ipv4/tcp.o
  CC      net/ipv4/tcp_input.o
  CC      net/ipv4/tcp_output.o
  CC      net/ipv4/tcp_timer.o
  CC      net/ipv4/tcp_ipv4.o
  CC      net/ipv4/tcp_minisocks.o
  CC      net/ipv4/tcp_cong.o
  CC      net/ipv4/datagram.o
  CC      net/ipv4/raw.o
  CC      net/ipv4/udp.o
  CC      net/ipv4/udplite.o
  CC      net/ipv4/arp.o
  CC      net/ipv4/icmp.o
  CC      net/ipv4/devinet.o
  CC      net/ipv4/af_inet.o
  CC      net/ipv4/igmp.o
  CC      net/ipv4/sysctl_net_ipv4.o
  CC      net/ipv4/fib_frontend.o
  CC      net/ipv4/fib_semantics.o
  CC      net/ipv4/fib_hash.o
  CC      net/ipv4/proc.o
  CC      net/ipv4/xfrm4_mode_beet.o
  CC      net/ipv4/xfrm4_mode_transport.o
  CC      net/ipv4/xfrm4_mode_tunnel.o
  CC      net/ipv4/ipconfig.o
  CC      net/ipv4/netfilter.o
  CC      net/ipv4/netfilter/nf_conntrack_l3proto_ipv4.o
  CC      net/ipv4/netfilter/nf_conntrack_proto_icmp.o
  CC      net/ipv4/netfilter/nf_conntrack_l3proto_ipv4_compat.o
  LD      net/ipv4/netfilter/nf_conntrack_ipv4.o
  LD      net/ipv4/netfilter/built-in.o
  CC      net/ipv4/inet_diag.o
  CC      net/ipv4/tcp_diag.o
  CC      net/ipv4/tcp_cubic.o
  CC      net/ipv4/xfrm4_policy.o
  CC      net/ipv4/xfrm4_state.o
  CC      net/ipv4/xfrm4_input.o
  CC      net/ipv4/xfrm4_output.o
  LD      net/ipv4/built-in.o
  LD      net/llc/built-in.o
  CC [M]  net/llc/llc_core.o
  CC [M]  net/llc/llc_input.o
  CC [M]  net/llc/llc_output.o
  LD [M]  net/llc/llc.o
  CC      net/netfilter/core.o
  CC      net/netfilter/nf_log.o
  CC      net/netfilter/nf_queue.o
  CC      net/netfilter/nf_sockopt.o
  CC      net/netfilter/nf_conntrack_core.o
  CC      net/netfilter/nf_conntrack_standalone.o
  CC      net/netfilter/nf_conntrack_expect.o
  CC      net/netfilter/nf_conntrack_helper.o
  CC      net/netfilter/nf_conntrack_proto.o
  CC      net/netfilter/nf_conntrack_l3proto_generic.o
  CC      net/netfilter/nf_conntrack_proto_generic.o
  CC      net/netfilter/nf_conntrack_proto_tcp.o
  CC      net/netfilter/nf_conntrack_proto_udp.o
  LD      net/netfilter/netfilter.o
  CC      net/netfilter/nf_sysctl.o
  LD      net/netfilter/nf_conntrack.o
  LD      net/netfilter/built-in.o
  CC      net/netlink/af_netlink.o
  CC      net/netlink/attr.o
  CC      net/netlink/genetlink.o
  LD      net/netlink/built-in.o
  CC      net/packet/af_packet.o
  LD      net/packet/built-in.o
  CC      net/sched/sch_generic.o
  LD      net/sched/built-in.o
  CC      net/sunrpc/clnt.o
  CC      net/sunrpc/xprt.o
  CC      net/sunrpc/socklib.o
  CC      net/sunrpc/xprtsock.o
  CC      net/sunrpc/sched.o
  CC      net/sunrpc/auth.o
  CC      net/sunrpc/auth_null.o
  CC      net/sunrpc/auth_unix.o
  CC      net/sunrpc/svc.o
  CC      net/sunrpc/svcsock.o
  CC      net/sunrpc/svcauth.o
  CC      net/sunrpc/svcauth_unix.o
  CC      net/sunrpc/pmap_clnt.o
  CC      net/sunrpc/timer.o
  CC      net/sunrpc/xdr.o
  CC      net/sunrpc/sunrpc_syms.o
  CC      net/sunrpc/cache.o
  CC      net/sunrpc/rpc_pipe.o
  CC      net/sunrpc/stats.o
  CC      net/sunrpc/sysctl.o
  LD      net/sunrpc/sunrpc.o
  LD      net/sunrpc/built-in.o
  CC      net/unix/af_unix.o
  CC      net/unix/garbage.o
  CC      net/unix/sysctl_net_unix.o
  LD      net/unix/unix.o
  LD      net/unix/built-in.o
  CC      net/xfrm/xfrm_policy.o
  CC      net/xfrm/xfrm_state.o
  CC      net/xfrm/xfrm_hash.o
  CC      net/xfrm/xfrm_input.o
  CC      net/xfrm/xfrm_algo.o
  LD      net/xfrm/built-in.o
  CC      net/sysctl_net.o
  LD      net/built-in.o
  CC      lib/sort.o
  CC      lib/parser.o
  CC      lib/halfmd4.o
  CC      lib/debug_locks.o
  CC      lib/random32.o
  CC      lib/bust_spinlocks.o
  CC      lib/iomap.o
  CC      lib/iomap_copy.o
  CC      lib/devres.o
  CC      lib/hweight.o
  CC      lib/kernel_lock.o
  CC      lib/plist.o
  CC      lib/bitrev.o
  HOSTCC  lib/gen_crc32table
  GEN     lib/crc32table.h
  CC      lib/crc32.o
  LD      lib/zlib_deflate/built-in.o
  CC [M]  lib/zlib_deflate/deflate.o
  CC [M]  lib/zlib_deflate/deftree.o
  CC [M]  lib/zlib_deflate/deflate_syms.o
  LD [M]  lib/zlib_deflate/zlib_deflate.o
  CC      lib/zlib_inflate/inffast.o
  CC      lib/zlib_inflate/inflate.o
  CC      lib/zlib_inflate/inftrees.o
  CC      lib/zlib_inflate/inflate_syms.o
  LD      lib/zlib_inflate/zlib_inflate.o
  LD      lib/zlib_inflate/built-in.o
  CC      lib/percpu_counter.o
  CC      lib/audit.o
  LD      lib/built-in.o
  CC      lib/bitmap.o
  CC      lib/bug.o
  CC      lib/cmdline.o
  CC      lib/cpumask.o
  CC      lib/ctype.o
  CC      lib/dec_and_lock.o
  CC      lib/div64.o
  CC      lib/dump_stack.o
  CC      lib/extable.o
  CC      lib/idr.o
  CC      lib/int_sqrt.o
  CC      lib/ioremap.o
  CC      lib/irq_regs.o
  CC      lib/klist.o
  CC      lib/kobject.o
  CC      lib/kobject_uevent.o
  CC      lib/kref.o
  CC      lib/prio_tree.o
  CC      lib/radix-tree.o
  CC      lib/rbtree.o
  CC      lib/reciprocal_div.o
  CC      lib/rwsem.o
  CC      lib/semaphore-sleepers.o
  CC      lib/sha1.o
  CC      lib/string.o
  CC      lib/vsprintf.o
  AR      lib/lib.a
  CC [M]  lib/crc-ccitt.o
  CC [M]  lib/crc16.o
  CC [M]  lib/libcrc32c.o
  CC      arch/i386/lib/msr-on-cpu.o
  LD      arch/i386/lib/built-in.o
  CC      arch/i386/lib/bitops.o
  AS      arch/i386/lib/checksum.o
  CC      arch/i386/lib/delay.o
  AS      arch/i386/lib/getuser.o
  CC      arch/i386/lib/memcpy.o
  AS      arch/i386/lib/putuser.o
  AS      arch/i386/lib/semaphore.o
  CC      arch/i386/lib/strstr.o
  CC      arch/i386/lib/usercopy.o
  AR      arch/i386/lib/lib.a
  GEN     .version
  CHK     include/linux/compile.h
  UPD     include/linux/compile.h
  CC      init/version.o
  LD      init/built-in.o
  LD      .tmp_vmlinux1
  KSYM    .tmp_kallsyms1.S
  AS      .tmp_kallsyms1.o
  LD      .tmp_vmlinux2
  KSYM    .tmp_kallsyms2.S
  AS      .tmp_kallsyms2.o
  LD      vmlinux
  SYSMAP  System.map
  SYSMAP  .tmp_System.map
  MODPOST vmlinux
  AS      arch/i386/boot/bootsect.o
  LD      arch/i386/boot/bootsect
  AS      arch/i386/boot/setup.o
  LD      arch/i386/boot/setup
  AS      arch/i386/boot/compressed/head.o
  CC      arch/i386/boot/compressed/misc.o
  OBJCOPY arch/i386/boot/compressed/vmlinux.bin
  GZIP    arch/i386/boot/compressed/vmlinux.bin.gz
  LD      arch/i386/boot/compressed/piggy.o
  LD      arch/i386/boot/compressed/vmlinux
  OBJCOPY arch/i386/boot/vmlinux.bin
  HOSTCC  arch/i386/boot/tools/build
  BUILD   arch/i386/boot/bzImage
Kernel: arch/i386/boot/bzImage is ready  (#1)
  Building modules, stage 2.
  MODPOST 116 modules
  CC      arch/i386/kernel/microcode.mod.o
  LD [M]  arch/i386/kernel/microcode.ko
  CC      arch/i386/kernel/scx200.mod.o
  LD [M]  arch/i386/kernel/scx200.ko
  CC      crypto/aes.mod.o
  LD [M]  crypto/aes.ko
  CC      crypto/blowfish.mod.o
  LD [M]  crypto/blowfish.ko
  CC      crypto/crc32c.mod.o
  LD [M]  crypto/crc32c.ko
  CC      crypto/crypto_hash.mod.o
  LD [M]  crypto/crypto_hash.ko
  CC      crypto/deflate.mod.o
  LD [M]  crypto/deflate.ko
  CC      crypto/des.mod.o
  LD [M]  crypto/des.ko
  CC      crypto/hmac.mod.o
  LD [M]  crypto/hmac.ko
  CC      crypto/md5.mod.o
  LD [M]  crypto/md5.ko
  CC      crypto/sha1.mod.o
  LD [M]  crypto/sha1.ko
  CC      crypto/sha256.mod.o
  LD [M]  crypto/sha256.ko
  CC      crypto/sha512.mod.o
  LD [M]  crypto/sha512.ko
  CC      drivers/acpi/button.mod.o
  LD [M]  drivers/acpi/button.ko
  CC      drivers/acpi/fan.mod.o
  LD [M]  drivers/acpi/fan.ko
  CC      drivers/acpi/processor.mod.o
  LD [M]  drivers/acpi/processor.ko
  CC      drivers/acpi/thermal.mod.o
  LD [M]  drivers/acpi/thermal.ko
  CC      drivers/ata/sata_nv.mod.o
  LD [M]  drivers/ata/sata_nv.ko
  CC      drivers/ata/sata_svw.mod.o
  LD [M]  drivers/ata/sata_svw.ko
  CC      drivers/ata/sata_via.mod.o
  LD [M]  drivers/ata/sata_via.ko
  CC      drivers/base/firmware_class.mod.o
  LD [M]  drivers/base/firmware_class.ko
  CC      drivers/block/nbd.mod.o
  LD [M]  drivers/block/nbd.ko
  CC      drivers/cdrom/cdrom.mod.o
  LD [M]  drivers/cdrom/cdrom.ko
  CC      drivers/char/ipmi/ipmi_devintf.mod.o
  LD [M]  drivers/char/ipmi/ipmi_devintf.ko
  CC      drivers/char/ipmi/ipmi_msghandler.mod.o
  LD [M]  drivers/char/ipmi/ipmi_msghandler.ko
  CC      drivers/char/ipmi/ipmi_poweroff.mod.o
  LD [M]  drivers/char/ipmi/ipmi_poweroff.ko
  CC      drivers/char/ipmi/ipmi_si.mod.o
  LD [M]  drivers/char/ipmi/ipmi_si.ko
  CC      drivers/char/ipmi/ipmi_watchdog.mod.o
  LD [M]  drivers/char/ipmi/ipmi_watchdog.ko
  CC      drivers/char/nsc_gpio.mod.o
  LD [M]  drivers/char/nsc_gpio.ko
  CC      drivers/char/scx200_gpio.mod.o
  LD [M]  drivers/char/scx200_gpio.ko
  CC      drivers/char/watchdog/sc1200wdt.mod.o
  LD [M]  drivers/char/watchdog/sc1200wdt.ko
  CC      drivers/char/watchdog/scx200_wdt.mod.o
  LD [M]  drivers/char/watchdog/scx200_wdt.ko
  CC      drivers/char/watchdog/softdog.mod.o
  LD [M]  drivers/char/watchdog/softdog.ko
  CC      drivers/clocksource/scx200_hrt.mod.o
  LD [M]  drivers/clocksource/scx200_hrt.ko
  CC      drivers/crypto/geode-aes.mod.o
  LD [M]  drivers/crypto/geode-aes.ko
  CC      drivers/hwmon/adm1021.mod.o
  LD [M]  drivers/hwmon/adm1021.ko
  CC      drivers/hwmon/gl518sm.mod.o
  LD [M]  drivers/hwmon/gl518sm.ko
  CC      drivers/hwmon/hdaps.mod.o
  LD [M]  drivers/hwmon/hdaps.ko
  CC      drivers/hwmon/hwmon-vid.mod.o
  LD [M]  drivers/hwmon/hwmon-vid.ko
  CC      drivers/hwmon/it87.mod.o
  LD [M]  drivers/hwmon/it87.ko
  CC      drivers/hwmon/k8temp.mod.o
  LD [M]  drivers/hwmon/k8temp.ko
  CC      drivers/hwmon/lm75.mod.o
  LD [M]  drivers/hwmon/lm75.ko
  CC      drivers/hwmon/lm77.mod.o
  LD [M]  drivers/hwmon/lm77.ko
  CC      drivers/hwmon/lm83.mod.o
  LD [M]  drivers/hwmon/lm83.ko
  CC      drivers/hwmon/lm90.mod.o
  LD [M]  drivers/hwmon/lm90.ko
  CC      drivers/hwmon/via686a.mod.o
  LD [M]  drivers/hwmon/via686a.ko
  CC      drivers/hwmon/vt1211.mod.o
  LD [M]  drivers/hwmon/vt1211.ko
  CC      drivers/hwmon/vt8231.mod.o
  LD [M]  drivers/hwmon/vt8231.ko
  CC      drivers/hwmon/w83627ehf.mod.o
  LD [M]  drivers/hwmon/w83627ehf.ko
  CC      drivers/hwmon/w83627hf.mod.o
  LD [M]  drivers/hwmon/w83627hf.ko
  CC      drivers/hwmon/w83781d.mod.o
  LD [M]  drivers/hwmon/w83781d.ko
  CC      drivers/hwmon/w83793.mod.o
  LD [M]  drivers/hwmon/w83793.ko
  CC      drivers/i2c/algos/i2c-algo-bit.mod.o
  LD [M]  drivers/i2c/algos/i2c-algo-bit.ko
  CC      drivers/i2c/algos/i2c-algo-pca.mod.o
  LD [M]  drivers/i2c/algos/i2c-algo-pca.ko
  CC      drivers/i2c/algos/i2c-algo-pcf.mod.o
  LD [M]  drivers/i2c/algos/i2c-algo-pcf.ko
  CC      drivers/i2c/busses/i2c-ali1535.mod.o
  LD [M]  drivers/i2c/busses/i2c-ali1535.ko
  CC      drivers/i2c/busses/i2c-ali15x3.mod.o
  LD [M]  drivers/i2c/busses/i2c-ali15x3.ko
  CC      drivers/i2c/busses/i2c-amd756.mod.o
  LD [M]  drivers/i2c/busses/i2c-amd756.ko
  CC      drivers/i2c/busses/i2c-amd8111.mod.o
  LD [M]  drivers/i2c/busses/i2c-amd8111.ko
  CC      drivers/i2c/busses/i2c-i801.mod.o
  LD [M]  drivers/i2c/busses/i2c-i801.ko
  CC      drivers/i2c/busses/i2c-i810.mod.o
  LD [M]  drivers/i2c/busses/i2c-i810.ko
  CC      drivers/i2c/busses/i2c-isa.mod.o
  LD [M]  drivers/i2c/busses/i2c-isa.ko
  CC      drivers/i2c/busses/i2c-nforce2.mod.o
  LD [M]  drivers/i2c/busses/i2c-nforce2.ko
  CC      drivers/i2c/busses/i2c-parport-light.mod.o
  LD [M]  drivers/i2c/busses/i2c-parport-light.ko
  CC      drivers/i2c/busses/i2c-pca-isa.mod.o
  LD [M]  drivers/i2c/busses/i2c-pca-isa.ko
  CC      drivers/i2c/busses/i2c-piix4.mod.o
  LD [M]  drivers/i2c/busses/i2c-piix4.ko
  CC      drivers/i2c/busses/i2c-prosavage.mod.o
  LD [M]  drivers/i2c/busses/i2c-prosavage.ko
  CC      drivers/i2c/busses/i2c-sis5595.mod.o
  LD [M]  drivers/i2c/busses/i2c-sis5595.ko
  CC      drivers/i2c/busses/i2c-sis630.mod.o
  LD [M]  drivers/i2c/busses/i2c-sis630.ko
  CC      drivers/i2c/busses/i2c-sis96x.mod.o
  LD [M]  drivers/i2c/busses/i2c-sis96x.ko
  CC      drivers/i2c/busses/i2c-via.mod.o
  LD [M]  drivers/i2c/busses/i2c-via.ko
  CC      drivers/i2c/busses/i2c-viapro.mod.o
  LD [M]  drivers/i2c/busses/i2c-viapro.ko
  CC      drivers/i2c/busses/i2c-voodoo3.mod.o
  LD [M]  drivers/i2c/busses/i2c-voodoo3.ko
  CC      drivers/i2c/busses/scx200_acb.mod.o
  LD [M]  drivers/i2c/busses/scx200_acb.ko
  CC      drivers/i2c/chips/eeprom.mod.o
  LD [M]  drivers/i2c/chips/eeprom.ko
  CC      drivers/i2c/i2c-core.mod.o
  LD [M]  drivers/i2c/i2c-core.ko
  CC      drivers/i2c/i2c-dev.mod.o
  LD [M]  drivers/i2c/i2c-dev.ko
  CC      drivers/ide/ide-cd.mod.o
  LD [M]  drivers/ide/ide-cd.ko
  CC      drivers/input/serio/serport.mod.o
  LD [M]  drivers/input/serio/serport.ko
  CC      drivers/kvm/kvm-amd.mod.o
  LD [M]  drivers/kvm/kvm-amd.ko
  CC      drivers/kvm/kvm-intel.mod.o
  LD [M]  drivers/kvm/kvm-intel.ko
  CC      drivers/kvm/kvm.mod.o
  LD [M]  drivers/kvm/kvm.ko
  CC      drivers/net/bonding/bonding.mod.o
  LD [M]  drivers/net/bonding/bonding.ko
  CC      drivers/net/dummy.mod.o
  LD [M]  drivers/net/dummy.ko
  CC      drivers/net/tun.mod.o
  LD [M]  drivers/net/tun.ko
  CC      drivers/scsi/3w-9xxx.mod.o
  LD [M]  drivers/scsi/3w-9xxx.ko
  CC      drivers/scsi/aic7xxx/aic79xx.mod.o
  LD [M]  drivers/scsi/aic7xxx/aic79xx.ko
  CC      drivers/scsi/aic7xxx/aic7xxx.mod.o
  LD [M]  drivers/scsi/aic7xxx/aic7xxx.ko
  CC      drivers/scsi/megaraid/megaraid_mbox.mod.o
  LD [M]  drivers/scsi/megaraid/megaraid_mbox.ko
  CC      drivers/scsi/megaraid/megaraid_mm.mod.o
  LD [M]  drivers/scsi/megaraid/megaraid_mm.ko
  CC      drivers/scsi/megaraid/megaraid_sas.mod.o
  LD [M]  drivers/scsi/megaraid/megaraid_sas.ko
  CC      drivers/usb/core/usbcore.mod.o
  LD [M]  drivers/usb/core/usbcore.ko
  CC      drivers/usb/host/ehci-hcd.mod.o
  LD [M]  drivers/usb/host/ehci-hcd.ko
  CC      drivers/usb/host/ohci-hcd.mod.o
  LD [M]  drivers/usb/host/ohci-hcd.ko
  CC      drivers/usb/host/uhci-hcd.mod.o
  LD [M]  drivers/usb/host/uhci-hcd.ko
  CC      drivers/usb/input/usbhid.mod.o
  LD [M]  drivers/usb/input/usbhid.ko
  CC      drivers/usb/storage/usb-storage.mod.o
  LD [M]  drivers/usb/storage/usb-storage.ko
  CC      fs/cramfs/cramfs.mod.o
  LD [M]  fs/cramfs/cramfs.ko
  CC      fs/exportfs/exportfs.mod.o
  LD [M]  fs/exportfs/exportfs.ko
  CC      fs/fuse/fuse.mod.o
  LD [M]  fs/fuse/fuse.ko
  CC      fs/isofs/isofs.mod.o
  LD [M]  fs/isofs/isofs.ko
  CC      fs/nfsd/nfsd.mod.o
  LD [M]  fs/nfsd/nfsd.ko
  CC      fs/nls/nls_cp437.mod.o
  LD [M]  fs/nls/nls_cp437.ko
  CC      fs/nls/nls_iso8859-1.mod.o
  LD [M]  fs/nls/nls_iso8859-1.ko
  CC      fs/nls/nls_utf8.mod.o
  LD [M]  fs/nls/nls_utf8.ko
  CC      fs/udf/udf.mod.o
  LD [M]  fs/udf/udf.ko
  CC      fs/xfs/xfs.mod.o
  LD [M]  fs/xfs/xfs.ko
  CC      lib/crc-ccitt.mod.o
  LD [M]  lib/crc-ccitt.ko
  CC      lib/crc16.mod.o
  LD [M]  lib/crc16.ko
  CC      lib/libcrc32c.mod.o
  LD [M]  lib/libcrc32c.ko
  CC      lib/zlib_deflate/zlib_deflate.mod.o
  LD [M]  lib/zlib_deflate/zlib_deflate.ko
  CC      net/802/p8022.mod.o
  LD [M]  net/802/p8022.ko
  CC      net/802/psnap.mod.o
  LD [M]  net/802/psnap.ko
  CC      net/8021q/8021q.mod.o
  LD [M]  net/8021q/8021q.ko
  CC      net/bridge/bridge.mod.o
  LD [M]  net/bridge/bridge.ko
  CC      net/llc/llc.mod.o
  LD [M]  net/llc/llc.ko
