  INSTALL arch/i386/kernel/microcode.ko
  INSTALL arch/i386/kernel/scx200.ko
  INSTALL crypto/aes.ko
  INSTALL crypto/blowfish.ko
  INSTALL crypto/crc32c.ko
  INSTALL crypto/crypto_hash.ko
  INSTALL crypto/deflate.ko
  INSTALL crypto/des.ko
  INSTALL crypto/hmac.ko
  INSTALL crypto/md5.ko
  INSTALL crypto/sha1.ko
  INSTALL crypto/sha256.ko
  INSTALL crypto/sha512.ko
  INSTALL drivers/acpi/button.ko
  INSTALL drivers/acpi/fan.ko
  INSTALL drivers/acpi/processor.ko
  INSTALL drivers/acpi/thermal.ko
  INSTALL drivers/ata/sata_nv.ko
  INSTALL drivers/ata/sata_svw.ko
  INSTALL drivers/ata/sata_via.ko
  INSTALL drivers/base/firmware_class.ko
  INSTALL drivers/block/nbd.ko
  INSTALL drivers/cdrom/cdrom.ko
  INSTALL drivers/char/ipmi/ipmi_devintf.ko
  INSTALL drivers/char/ipmi/ipmi_msghandler.ko
  INSTALL drivers/char/ipmi/ipmi_poweroff.ko
  INSTALL drivers/char/ipmi/ipmi_si.ko
  INSTALL drivers/char/ipmi/ipmi_watchdog.ko
  INSTALL drivers/char/nsc_gpio.ko
  INSTALL drivers/char/scx200_gpio.ko
  INSTALL drivers/char/watchdog/sc1200wdt.ko
  INSTALL drivers/char/watchdog/scx200_wdt.ko
  INSTALL drivers/char/watchdog/softdog.ko
  INSTALL drivers/clocksource/scx200_hrt.ko
  INSTALL drivers/crypto/geode-aes.ko
  INSTALL drivers/hwmon/adm1021.ko
  INSTALL drivers/hwmon/gl518sm.ko
  INSTALL drivers/hwmon/hdaps.ko
  INSTALL drivers/hwmon/hwmon-vid.ko
  INSTALL drivers/hwmon/it87.ko
  INSTALL drivers/hwmon/k8temp.ko
  INSTALL drivers/hwmon/lm75.ko
  INSTALL drivers/hwmon/lm77.ko
  INSTALL drivers/hwmon/lm83.ko
  INSTALL drivers/hwmon/lm90.ko
  INSTALL drivers/hwmon/via686a.ko
  INSTALL drivers/hwmon/vt1211.ko
  INSTALL drivers/hwmon/vt8231.ko
  INSTALL drivers/hwmon/w83627ehf.ko
  INSTALL drivers/hwmon/w83627hf.ko
  INSTALL drivers/hwmon/w83781d.ko
  INSTALL drivers/hwmon/w83793.ko
  INSTALL drivers/i2c/algos/i2c-algo-bit.ko
  INSTALL drivers/i2c/algos/i2c-algo-pca.ko
  INSTALL drivers/i2c/algos/i2c-algo-pcf.ko
  INSTALL drivers/i2c/busses/i2c-ali1535.ko
  INSTALL drivers/i2c/busses/i2c-ali15x3.ko
  INSTALL drivers/i2c/busses/i2c-amd756.ko
  INSTALL drivers/i2c/busses/i2c-amd8111.ko
  INSTALL drivers/i2c/busses/i2c-i801.ko
  INSTALL drivers/i2c/busses/i2c-i810.ko
  INSTALL drivers/i2c/busses/i2c-isa.ko
  INSTALL drivers/i2c/busses/i2c-nforce2.ko
  INSTALL drivers/i2c/busses/i2c-parport-light.ko
  INSTALL drivers/i2c/busses/i2c-pca-isa.ko
  INSTALL drivers/i2c/busses/i2c-piix4.ko
  INSTALL drivers/i2c/busses/i2c-prosavage.ko
  INSTALL drivers/i2c/busses/i2c-sis5595.ko
  INSTALL drivers/i2c/busses/i2c-sis630.ko
  INSTALL drivers/i2c/busses/i2c-sis96x.ko
  INSTALL drivers/i2c/busses/i2c-via.ko
  INSTALL drivers/i2c/busses/i2c-viapro.ko
  INSTALL drivers/i2c/busses/i2c-voodoo3.ko
  INSTALL drivers/i2c/busses/scx200_acb.ko
  INSTALL drivers/i2c/chips/eeprom.ko
  INSTALL drivers/i2c/i2c-core.ko
  INSTALL drivers/i2c/i2c-dev.ko
  INSTALL drivers/ide/ide-cd.ko
  INSTALL drivers/input/serio/serport.ko
  INSTALL drivers/kvm/kvm-amd.ko
  INSTALL drivers/kvm/kvm-intel.ko
  INSTALL drivers/kvm/kvm.ko
  INSTALL drivers/net/bonding/bonding.ko
  INSTALL drivers/net/dummy.ko
  INSTALL drivers/net/tun.ko
  INSTALL drivers/scsi/3w-9xxx.ko
  INSTALL drivers/scsi/aic7xxx/aic79xx.ko
  INSTALL drivers/scsi/aic7xxx/aic7xxx.ko
  INSTALL drivers/scsi/megaraid/megaraid_mbox.ko
  INSTALL drivers/scsi/megaraid/megaraid_mm.ko
  INSTALL drivers/scsi/megaraid/megaraid_sas.ko
  INSTALL drivers/usb/core/usbcore.ko
  INSTALL drivers/usb/host/ehci-hcd.ko
  INSTALL drivers/usb/host/ohci-hcd.ko
  INSTALL drivers/usb/host/uhci-hcd.ko
  INSTALL drivers/usb/input/usbhid.ko
  INSTALL drivers/usb/storage/usb-storage.ko
  INSTALL fs/cramfs/cramfs.ko
  INSTALL fs/exportfs/exportfs.ko
  INSTALL fs/fuse/fuse.ko
  INSTALL fs/isofs/isofs.ko
  INSTALL fs/nfsd/nfsd.ko
  INSTALL fs/nls/nls_cp437.ko
  INSTALL fs/nls/nls_iso8859-1.ko
  INSTALL fs/nls/nls_utf8.ko
  INSTALL fs/udf/udf.ko
  INSTALL fs/xfs/xfs.ko
  INSTALL lib/crc-ccitt.ko
  INSTALL lib/crc16.ko
  INSTALL lib/libcrc32c.ko
  INSTALL lib/zlib_deflate/zlib_deflate.ko
  INSTALL net/802/p8022.ko
  INSTALL net/802/psnap.ko
  INSTALL net/8021q/8021q.ko
  INSTALL net/bridge/bridge.ko
  INSTALL net/llc/llc.ko
if [ -r System.map -a -x /sbin/depmod ]; then /sbin/depmod -ae -F System.map  2.6.21.3; fi
