tar-1.15.1/
tar-1.15.1/config/
tar-1.15.1/config/config.guess
tar-1.15.1/config/config.rpath
tar-1.15.1/config/config.sub
tar-1.15.1/config/depcomp
tar-1.15.1/config/install-sh
tar-1.15.1/config/mdate-sh
tar-1.15.1/config/missing
tar-1.15.1/config/mkinstalldirs
tar-1.15.1/config/texinfo.tex
tar-1.15.1/m4/
tar-1.15.1/m4/alloca.m4
tar-1.15.1/m4/allocsa.m4
tar-1.15.1/m4/argp.m4
tar-1.15.1/m4/backupfile.m4
tar-1.15.1/m4/bison.m4
tar-1.15.1/m4/chown.m4
tar-1.15.1/m4/clock_time.m4
tar-1.15.1/m4/codeset.m4
tar-1.15.1/m4/d-ino.m4
tar-1.15.1/m4/dirname.m4
tar-1.15.1/m4/dos.m4
tar-1.15.1/m4/eealloc.m4
tar-1.15.1/m4/error.m4
tar-1.15.1/m4/exclude.m4
tar-1.15.1/m4/exitfail.m4
tar-1.15.1/m4/extensions.m4
tar-1.15.1/m4/fileblocks.m4
tar-1.15.1/m4/fnmatch.m4
tar-1.15.1/m4/ftruncate.m4
tar-1.15.1/m4/getcwd-path-max.m4
tar-1.15.1/m4/getcwd.m4
tar-1.15.1/m4/getdate.m4
tar-1.15.1/m4/getline.m4
tar-1.15.1/m4/getndelim2.m4
tar-1.15.1/m4/getopt.m4
tar-1.15.1/m4/getpagesize.m4
tar-1.15.1/m4/gettext_gl.m4
tar-1.15.1/m4/gettime.m4
tar-1.15.1/m4/gettimeofday.m4
tar-1.15.1/m4/glibc21_gl.m4
tar-1.15.1/m4/gnulib.m4
tar-1.15.1/m4/hash.m4
tar-1.15.1/m4/human.m4
tar-1.15.1/m4/iconv.m4
tar-1.15.1/m4/intmax_t.m4
tar-1.15.1/m4/inttypes_h.m4
tar-1.15.1/m4/inttypes_h_gl.m4
tar-1.15.1/m4/lchown.m4
tar-1.15.1/m4/lib-ld_gl.m4
tar-1.15.1/m4/lib-link.m4
tar-1.15.1/m4/lib-prefix_gl.m4
tar-1.15.1/m4/localcharset.m4
tar-1.15.1/m4/longdouble.m4
tar-1.15.1/m4/longlong.m4
tar-1.15.1/m4/mbrtowc.m4
tar-1.15.1/m4/mbstate_t.m4
tar-1.15.1/m4/mempcpy.m4
tar-1.15.1/m4/memset.m4
tar-1.15.1/m4/mktime.m4
tar-1.15.1/m4/modechange.m4
tar-1.15.1/m4/nls.m4
tar-1.15.1/m4/obstack.m4
tar-1.15.1/m4/onceonly.m4
tar-1.15.1/m4/po_gl.m4
tar-1.15.1/m4/progtest.m4
tar-1.15.1/m4/quote.m4
tar-1.15.1/m4/quotearg.m4
tar-1.15.1/m4/restrict.m4
tar-1.15.1/m4/rmdir.m4
tar-1.15.1/m4/rmt.m4
tar-1.15.1/m4/safe-read.m4
tar-1.15.1/m4/safe-write.m4
tar-1.15.1/m4/save-cwd.m4
tar-1.15.1/m4/savedir.m4
tar-1.15.1/m4/setenv.m4
tar-1.15.1/m4/ssize_t.m4
tar-1.15.1/m4/st_mtim.m4
tar-1.15.1/m4/stdbool.m4
tar-1.15.1/m4/stdint_h.m4
tar-1.15.1/m4/stdint_h_gl.m4
tar-1.15.1/m4/stpcpy.m4
tar-1.15.1/m4/strcase.m4
tar-1.15.1/m4/strchrnul.m4
tar-1.15.1/m4/strndup.m4
tar-1.15.1/m4/strnlen.m4
tar-1.15.1/m4/strtoimax.m4
tar-1.15.1/m4/strtol.m4
tar-1.15.1/m4/strtoll.m4
tar-1.15.1/m4/strtoul.m4
tar-1.15.1/m4/strtoull.m4
tar-1.15.1/m4/strtoumax.m4
tar-1.15.1/m4/sysexits.m4
tar-1.15.1/m4/time_r.m4
tar-1.15.1/m4/timespec.m4
tar-1.15.1/m4/tm_gmtoff.m4
tar-1.15.1/m4/uintmax_t.m4
tar-1.15.1/m4/uintmax_t_gl.m4
tar-1.15.1/m4/ulonglong.m4
tar-1.15.1/m4/ulonglong_gl.m4
tar-1.15.1/m4/unlocked-io.m4
tar-1.15.1/m4/utimbuf.m4
tar-1.15.1/m4/utime.m4
tar-1.15.1/m4/utimes-null.m4
tar-1.15.1/m4/xalloc.m4
tar-1.15.1/m4/xgetcwd.m4
tar-1.15.1/m4/xstrtol.m4
tar-1.15.1/m4/xstrtoumax.m4
tar-1.15.1/po/
tar-1.15.1/po/Makefile.in.in
tar-1.15.1/po/remove-potcdate.sin
tar-1.15.1/po/quot.sed
tar-1.15.1/po/boldquot.sed
tar-1.15.1/po/en@quot.header
tar-1.15.1/po/en@boldquot.header
tar-1.15.1/po/insert-header.sin
tar-1.15.1/po/Rules-quot
tar-1.15.1/po/Makevars
tar-1.15.1/po/POTFILES.in
tar-1.15.1/po/tar.pot
tar-1.15.1/po/stamp-po
tar-1.15.1/po/cs.po
tar-1.15.1/po/da.po
tar-1.15.1/po/de.po
tar-1.15.1/po/el.po
tar-1.15.1/po/es.po
tar-1.15.1/po/et.po
tar-1.15.1/po/fi.po
tar-1.15.1/po/fr.po
tar-1.15.1/po/ga.po
tar-1.15.1/po/gl.po
tar-1.15.1/po/hr.po
tar-1.15.1/po/hu.po
tar-1.15.1/po/id.po
tar-1.15.1/po/it.po
tar-1.15.1/po/ja.po
tar-1.15.1/po/ko.po
tar-1.15.1/po/ms.po
tar-1.15.1/po/nb.po
tar-1.15.1/po/nl.po
tar-1.15.1/po/no.po
tar-1.15.1/po/pl.po
tar-1.15.1/po/pt.po
tar-1.15.1/po/pt_BR.po
tar-1.15.1/po/ro.po
tar-1.15.1/po/ru.po
tar-1.15.1/po/sk.po
tar-1.15.1/po/sl.po
tar-1.15.1/po/sv.po
tar-1.15.1/po/tr.po
tar-1.15.1/po/zh_CN.po
tar-1.15.1/po/zh_TW.po
tar-1.15.1/po/cs.gmo
tar-1.15.1/po/da.gmo
tar-1.15.1/po/de.gmo
tar-1.15.1/po/el.gmo
tar-1.15.1/po/es.gmo
tar-1.15.1/po/et.gmo
tar-1.15.1/po/fi.gmo
tar-1.15.1/po/fr.gmo
tar-1.15.1/po/ga.gmo
tar-1.15.1/po/gl.gmo
tar-1.15.1/po/hr.gmo
tar-1.15.1/po/hu.gmo
tar-1.15.1/po/id.gmo
tar-1.15.1/po/it.gmo
tar-1.15.1/po/ja.gmo
tar-1.15.1/po/ko.gmo
tar-1.15.1/po/ms.gmo
tar-1.15.1/po/nb.gmo
tar-1.15.1/po/nl.gmo
tar-1.15.1/po/no.gmo
tar-1.15.1/po/pl.gmo
tar-1.15.1/po/pt.gmo
tar-1.15.1/po/pt_BR.gmo
tar-1.15.1/po/ro.gmo
tar-1.15.1/po/ru.gmo
tar-1.15.1/po/sk.gmo
tar-1.15.1/po/sl.gmo
tar-1.15.1/po/sv.gmo
tar-1.15.1/po/tr.gmo
tar-1.15.1/po/zh_CN.gmo
tar-1.15.1/po/zh_TW.gmo
tar-1.15.1/po/LINGUAS
tar-1.15.1/tests/
tar-1.15.1/tests/star/
tar-1.15.1/tests/star/gtarfail.at
tar-1.15.1/tests/star/gtarfail2.at
tar-1.15.1/tests/star/multi-fail.at
tar-1.15.1/tests/star/ustar-big-2g.at
tar-1.15.1/tests/star/ustar-big-8g.at
tar-1.15.1/tests/star/pax-big-10g.at
tar-1.15.1/tests/star/README
tar-1.15.1/tests/star/quicktest.sh
tar-1.15.1/tests/Makefile.am
tar-1.15.1/tests/Makefile.in
tar-1.15.1/tests/atlocal.in
tar-1.15.1/tests/genfile.c
tar-1.15.1/tests/testsuite.at
tar-1.15.1/tests/comprec.at
tar-1.15.1/tests/delete01.at
tar-1.15.1/tests/delete02.at
tar-1.15.1/tests/delete03.at
tar-1.15.1/tests/delete04.at
tar-1.15.1/tests/delete05.at
tar-1.15.1/tests/extrac01.at
tar-1.15.1/tests/extrac02.at
tar-1.15.1/tests/extrac03.at
tar-1.15.1/tests/extrac04.at
tar-1.15.1/tests/extrac05.at
tar-1.15.1/tests/gzip.at
tar-1.15.1/tests/incremental.at
tar-1.15.1/tests/ignfail.at
tar-1.15.1/tests/link01.at
tar-1.15.1/tests/listed01.at
tar-1.15.1/tests/listed02.at
tar-1.15.1/tests/longv7.at
tar-1.15.1/tests/multiv01.at
tar-1.15.1/tests/multiv02.at
tar-1.15.1/tests/multiv03.at
tar-1.15.1/tests/old.at
tar-1.15.1/tests/options.at
tar-1.15.1/tests/pipe.at
tar-1.15.1/tests/recurse.at
tar-1.15.1/tests/same-order01.at
tar-1.15.1/tests/same-order02.at
tar-1.15.1/tests/sparse01.at
tar-1.15.1/tests/volume.at
tar-1.15.1/tests/version.at
tar-1.15.1/tests/testsuite
tar-1.15.1/tests/package.m4
tar-1.15.1/README
tar-1.15.1/configure.ac
tar-1.15.1/aclocal.m4
tar-1.15.1/Makefile.am
tar-1.15.1/Makefile.in
tar-1.15.1/config.hin
tar-1.15.1/configure
tar-1.15.1/ABOUT-NLS
tar-1.15.1/AUTHORS
tar-1.15.1/COPYING
tar-1.15.1/ChangeLog
tar-1.15.1/INSTALL
tar-1.15.1/NEWS
tar-1.15.1/THANKS
tar-1.15.1/TODO
tar-1.15.1/ChangeLog.1
tar-1.15.1/PORTS
tar-1.15.1/doc/
tar-1.15.1/doc/Makefile.am
tar-1.15.1/doc/Makefile.in
tar-1.15.1/doc/stamp-vti
tar-1.15.1/doc/version.texi
tar-1.15.1/doc/fdl.texi
tar-1.15.1/doc/freemanuals.texi
tar-1.15.1/doc/getdate.texi
tar-1.15.1/doc/header.texi
tar-1.15.1/doc/tar.texi
tar-1.15.1/doc/convtexi.pl
tar-1.15.1/doc/tar.info
tar-1.15.1/doc/tar.info-1
tar-1.15.1/doc/tar.info-2
tar-1.15.1/doc/tar.info.tar.gz
tar-1.15.1/lib/
tar-1.15.1/lib/system.h
tar-1.15.1/lib/localedir.h
tar-1.15.1/lib/rmt.h
tar-1.15.1/lib/Makefile.am
tar-1.15.1/lib/Makefile.in
tar-1.15.1/lib/alloca.c
tar-1.15.1/lib/chown.c
tar-1.15.1/lib/error.c
tar-1.15.1/lib/error.h
tar-1.15.1/lib/fchown-stub.c
tar-1.15.1/lib/fileblocks.c
tar-1.15.1/lib/fnmatch.c
tar-1.15.1/lib/ftruncate.c
tar-1.15.1/lib/getcwd.c
tar-1.15.1/lib/getdate.c
tar-1.15.1/lib/getline.c
tar-1.15.1/lib/getndelim2.c
tar-1.15.1/lib/getopt.c
tar-1.15.1/lib/getopt1.c
tar-1.15.1/lib/gettimeofday.c
tar-1.15.1/lib/lchown.c
tar-1.15.1/lib/mempcpy.c
tar-1.15.1/lib/memset.c
tar-1.15.1/lib/mktime.c
tar-1.15.1/lib/obstack.c
tar-1.15.1/lib/obstack.h
tar-1.15.1/lib/rmdir.c
tar-1.15.1/lib/setenv.c
tar-1.15.1/lib/stpcpy.c
tar-1.15.1/lib/strcasecmp.c
tar-1.15.1/lib/strchrnul.c
tar-1.15.1/lib/strncasecmp.c
tar-1.15.1/lib/strndup.c
tar-1.15.1/lib/strnlen.c
tar-1.15.1/lib/strtoimax.c
tar-1.15.1/lib/strtol.c
tar-1.15.1/lib/strtoll.c
tar-1.15.1/lib/strtoul.c
tar-1.15.1/lib/strtoull.c
tar-1.15.1/lib/strtoumax.c
tar-1.15.1/lib/time_r.c
tar-1.15.1/lib/unsetenv.c
tar-1.15.1/lib/utime.c
tar-1.15.1/lib/waitpid.c
tar-1.15.1/lib/prepargs.c
tar-1.15.1/lib/prepargs.h
tar-1.15.1/lib/rtapelib.c
tar-1.15.1/lib/allocsa.h
tar-1.15.1/lib/allocsa.c
tar-1.15.1/lib/argmatch.h
tar-1.15.1/lib/argmatch.c
tar-1.15.1/lib/argp.h
tar-1.15.1/lib/argp-ba.c
tar-1.15.1/lib/argp-eexst.c
tar-1.15.1/lib/argp-fmtstream.c
tar-1.15.1/lib/argp-fmtstream.h
tar-1.15.1/lib/argp-fs-xinl.c
tar-1.15.1/lib/argp-help.c
tar-1.15.1/lib/argp-namefrob.h
tar-1.15.1/lib/argp-parse.c
tar-1.15.1/lib/argp-pv.c
tar-1.15.1/lib/argp-pvh.c
tar-1.15.1/lib/argp-xinl.c
tar-1.15.1/lib/backupfile.h
tar-1.15.1/lib/backupfile.c
tar-1.15.1/lib/dirname.h
tar-1.15.1/lib/dirname.c
tar-1.15.1/lib/basename.c
tar-1.15.1/lib/stripslash.c
tar-1.15.1/lib/exclude.h
tar-1.15.1/lib/exclude.c
tar-1.15.1/lib/exit.h
tar-1.15.1/lib/exitfail.h
tar-1.15.1/lib/exitfail.c
tar-1.15.1/lib/full-write.h
tar-1.15.1/lib/full-write.c
tar-1.15.1/lib/getcwd.h
tar-1.15.1/lib/getdate.h
tar-1.15.1/lib/getdate.y
tar-1.15.1/lib/getline.h
tar-1.15.1/lib/getpagesize.h
tar-1.15.1/lib/gettext.h
tar-1.15.1/lib/gettime.c
tar-1.15.1/lib/hash.h
tar-1.15.1/lib/hash.c
tar-1.15.1/lib/human.h
tar-1.15.1/lib/human.c
tar-1.15.1/lib/lchown.h
tar-1.15.1/lib/stat-macros.h
tar-1.15.1/lib/localcharset.h
tar-1.15.1/lib/localcharset.c
tar-1.15.1/lib/mempcpy.h
tar-1.15.1/lib/modechange.h
tar-1.15.1/lib/modechange.c
tar-1.15.1/lib/quote.h
tar-1.15.1/lib/quote.c
tar-1.15.1/lib/quotearg.h
tar-1.15.1/lib/quotearg.c
tar-1.15.1/lib/safe-read.h
tar-1.15.1/lib/safe-read.c
tar-1.15.1/lib/safe-write.h
tar-1.15.1/lib/safe-write.c
tar-1.15.1/lib/save-cwd.h
tar-1.15.1/lib/save-cwd.c
tar-1.15.1/lib/savedir.h
tar-1.15.1/lib/savedir.c
tar-1.15.1/lib/setenv.h
tar-1.15.1/lib/stpcpy.h
tar-1.15.1/lib/strcase.h
tar-1.15.1/lib/strchrnul.h
tar-1.15.1/lib/strndup.h
tar-1.15.1/lib/time_r.h
tar-1.15.1/lib/timespec.h
tar-1.15.1/lib/unlocked-io.h
tar-1.15.1/lib/xalloc.h
tar-1.15.1/lib/xmalloc.c
tar-1.15.1/lib/xalloc-die.c
tar-1.15.1/lib/xgetcwd.h
tar-1.15.1/lib/xgetcwd.c
tar-1.15.1/lib/xstrtol.h
tar-1.15.1/lib/xstrtol.c
tar-1.15.1/lib/xstrtoul.c
tar-1.15.1/lib/xstrtoumax.c
tar-1.15.1/lib/Makefile.tmpl
tar-1.15.1/lib/alloca_.h
tar-1.15.1/lib/allocsa.valgrind
tar-1.15.1/lib/fnmatch_.h
tar-1.15.1/lib/fnmatch_loop.c
tar-1.15.1/lib/getndelim2.h
tar-1.15.1/lib/getopt_.h
tar-1.15.1/lib/getopt_int.h
tar-1.15.1/lib/config.charset
tar-1.15.1/lib/ref-add.sin
tar-1.15.1/lib/ref-del.sin
tar-1.15.1/lib/stdbool_.h
tar-1.15.1/lib/sysexit_.h
tar-1.15.1/rmt/
tar-1.15.1/rmt/Makefile.am
tar-1.15.1/rmt/Makefile.in
tar-1.15.1/rmt/rmt.c
tar-1.15.1/src/
tar-1.15.1/src/arith.h
tar-1.15.1/src/common.h
tar-1.15.1/src/tar.h
tar-1.15.1/src/Makefile.am
tar-1.15.1/src/Makefile.in
tar-1.15.1/src/buffer.c
tar-1.15.1/src/compare.c
tar-1.15.1/src/create.c
tar-1.15.1/src/delete.c
tar-1.15.1/src/extract.c
tar-1.15.1/src/xheader.c
tar-1.15.1/src/incremen.c
tar-1.15.1/src/list.c
tar-1.15.1/src/mangle.c
tar-1.15.1/src/misc.c
tar-1.15.1/src/names.c
tar-1.15.1/src/sparse.c
tar-1.15.1/src/system.c
tar-1.15.1/src/tar.c
tar-1.15.1/src/update.c
tar-1.15.1/src/utf8.c
tar-1.15.1/scripts/
tar-1.15.1/scripts/Makefile.am
tar-1.15.1/scripts/Makefile.in
tar-1.15.1/scripts/backup.sh.in
tar-1.15.1/scripts/backup.in
tar-1.15.1/scripts/restore.in
tar-1.15.1/scripts/dump-remind.in
tar-1.15.1/scripts/backup-specs
