checking for a BSD-compatible install... /usr/bin/install -c
checking whether build environment is sane... yes
checking for gawk... gawk
checking whether make sets $(MAKE)... yes
checking for style of include used by make... GNU
checking for gcc... gcc
checking for C compiler default output file name... a.out
checking whether the C compiler works... yes
checking whether we are cross compiling... no
checking for suffix of executables... 
checking for suffix of object files... o
checking whether we are using the GNU C compiler... yes
checking whether gcc accepts -g... yes
checking for gcc option to accept ANSI C... none needed
checking dependency style of gcc... gcc3
checking how to run the C preprocessor... gcc -E
checking for egrep... grep -E
checking for AIX... no
checking for ANSI C header files... yes
checking for sys/types.h... yes
checking for sys/stat.h... yes
checking for stdlib.h... yes
checking for string.h... yes
checking for memory.h... yes
checking for strings.h... yes
checking for inttypes.h... yes
checking for stdint.h... yes
checking for unistd.h... yes
checking minix/config.h usability... no
checking minix/config.h presence... no
checking for minix/config.h... no
checking for gcc... (cached) gcc
checking whether we are using the GNU C compiler... (cached) yes
checking whether gcc accepts -g... (cached) yes
checking for gcc option to accept ANSI C... (cached) none needed
checking dependency style of gcc... (cached) gcc3
checking for ranlib... ranlib
checking for bison... bison -y
checking for special C compiler options needed for large files... no
checking for _FILE_OFFSET_BITS value needed for large files... 64
checking for _LARGE_FILES value needed for large files... no
checking for library containing strerror... none required
checking for inline... inline
checking fcntl.h usability... yes
checking fcntl.h presence... yes
checking for fcntl.h... yes
checking linux/fd.h usability... yes
checking linux/fd.h presence... yes
checking for linux/fd.h... yes
checking for memory.h... (cached) yes
checking net/errno.h usability... no
checking net/errno.h presence... no
checking for net/errno.h... no
checking sgtty.h usability... yes
checking sgtty.h presence... yes
checking for sgtty.h... yes
checking for string.h... (cached) yes
checking sys/param.h usability... yes
checking sys/param.h presence... yes
checking for sys/param.h... yes
checking sys/device.h usability... no
checking sys/device.h presence... no
checking for sys/device.h... no
checking sys/gentape.h usability... no
checking sys/gentape.h presence... no
checking for sys/gentape.h... no
checking sys/inet.h usability... no
checking sys/inet.h presence... no
checking for sys/inet.h... no
checking sys/io/trioctl.h usability... no
checking sys/io/trioctl.h presence... no
checking for sys/io/trioctl.h... no
checking sys/mtio.h usability... yes
checking sys/mtio.h presence... yes
checking for sys/mtio.h... yes
checking sys/time.h usability... yes
checking sys/time.h presence... yes
checking for sys/time.h... yes
checking sys/tprintf.h usability... no
checking sys/tprintf.h presence... no
checking for sys/tprintf.h... no
checking sys/tape.h usability... no
checking sys/tape.h presence... no
checking for sys/tape.h... no
checking for unistd.h... (cached) yes
checking locale.h usability... yes
checking locale.h presence... yes
checking for locale.h... yes
checking for sys/buf.h... no
checking for sys/wait.h that is POSIX.1 compatible... yes
checking for stdbool.h that conforms to C99... yes
checking for _Bool... yes
checking for dirent.h that defines DIR... yes
checking for library containing opendir... none required
checking whether sys/types.h defines makedev... yes
checking whether stat file-mode macros are broken... no
checking for ANSI C header files... (cached) yes
checking for struct stat.st_blksize... yes
checking for struct stat.st_blocks... yes
checking for st_fstype string in struct stat... no
checking return type of signal handlers... void
checking for mode_t... yes
checking for pid_t... yes
checking for off_t... yes
checking for size_t... yes
checking for uid_t in sys/types.h... yes
checking for major_t... no
checking for minor_t... no
checking for dev_t... yes
checking for ino_t... yes
checking for ssize_t... yes
checking for inttypes.h... yes
checking for stdint.h... yes
checking for long long... yes
checking for inttypes.h... yes
checking for stdint.h... yes
checking for unsigned long long... yes
checking for working alloca.h... yes
checking for alloca... yes
checking for stdlib.h... (cached) yes
checking for GNU libc compatible malloc... yes
checking for long double... yes
checking whether clearerr_unlocked is declared... yes
checking whether feof_unlocked is declared... yes
checking whether ferror_unlocked is declared... yes
checking whether fflush_unlocked is declared... yes
checking whether fgets_unlocked is declared... yes
checking whether fputc_unlocked is declared... yes
checking whether fputs_unlocked is declared... yes
checking whether fread_unlocked is declared... yes
checking whether fwrite_unlocked is declared... yes
checking whether getc_unlocked is declared... yes
checking whether getchar_unlocked is declared... yes
checking whether putc_unlocked is declared... yes
checking whether putchar_unlocked is declared... yes
checking for flockfile... yes
checking for funlockfile... yes
checking for isascii... yes
checking for gettimeofday... yes
checking for setlocale... yes
checking for iswprint... yes
checking for mbsinit... yes
checking features.h usability... yes
checking features.h presence... yes
checking for features.h... yes
checking linewrap.h usability... no
checking linewrap.h presence... no
checking for linewrap.h... no
checking for unistd.h... (cached) yes
checking for fcntl.h... (cached) yes
checking for sys/param.h... (cached) yes
checking for sys/time.h... (cached) yes
checking stddef.h usability... yes
checking stddef.h presence... yes
checking for stddef.h... yes
checking for stdlib.h... (cached) yes
checking for string.h... (cached) yes
checking wchar.h usability... yes
checking wchar.h presence... yes
checking for wchar.h... yes
checking wctype.h usability... yes
checking wctype.h presence... yes
checking for wctype.h... yes
checking utime.h usability... yes
checking utime.h presence... yes
checking for utime.h... yes
checking for d_ino member in directory struct... yes
checking whether system is Windows or MSDOS... no
checking for long file names... yes
checking for unistd.h... (cached) yes
checking for working chown... yes
checking whether chown(2) dereferences symlinks... yes
checking whether strerror_r is declared... yes
checking for strerror_r... yes
checking whether strerror_r returns char *... yes
checking for an ANSI C-conforming const... yes
checking for mbstate_t... yes
checking whether getcwd (NULL, 0) allocates memory for result... yes
checking whether getcwd is declared... yes
checking whether time.h and sys/time.h may both be included... yes
checking for struct timespec... yes
checking for nanoseconds member of struct stat.st_mtim... tv_nsec
checking whether nanosleep is declared... yes
checking whether struct tm is in sys/time.h or time.h... time.h
checking for library containing clock_gettime... -lrt
checking for clock_gettime... yes
checking for clock_settime... yes
checking for struct tm.tm_gmtoff... yes
checking for unsigned long long... (cached) yes
checking for nl_langinfo and CODESET... yes
checking build system type... i686-pc-linux-gnu
checking host system type... i686-pc-linux-gnu
checking whether we are using the GNU C Library 2.1 or newer... yes
checking for stdlib.h... (cached) yes
checking for sys/time.h... (cached) yes
checking for unistd.h... (cached) yes
checking for alarm... yes
checking for working mktime... yes
checking whether closedir returns void... no
checking whether utime accepts a null argument... yes
checking for struct utimbuf... yes
checking whether strtoimax is declared... yes
checking whether strtoumax is declared... yes
checking whether program_invocation_name is declared... yes
checking whether program_invocation_short_name is declared... yes
checking for pathconf... yes
checking for error_at_line... yes
checking for struct stat.st_blocks... (cached) yes
checking for working GNU fnmatch... yes
checking for ftruncate... yes
checking whether getcwd handles long file names properly... yes
checking for struct tm.tm_zone... yes
checking for getline... yes
checking for working getline function... yes
checking OS.h usability... no
checking OS.h presence... no
checking for OS.h... no
checking for getpagesize... yes
checking whether gettimeofday clobbers localtime buffer... no
checking for lchown... yes
checking for mempcpy... yes
checking for memset... yes
checking for obstacks... yes
checking for mbstate_t... (cached) yes
checking whether mbrtowc and mbstate_t are properly declared... yes
checking for C/C++ restrict keyword... __restrict
checking for rmdir... yes
checking for fchdir... yes
checking for setenv... yes
checking for unsetenv... yes
checking for unsetenv() return type... int
checking for stpcpy... yes
checking for strcasecmp... yes
checking for strncasecmp... yes
checking for strchrnul... yes
checking for strndup... yes
checking for working strnlen... yes
checking whether <inttypes.h> defines strtoimax as a macro... no
checking for strtoimax... yes
checking for strtol... yes
checking for strtoll... yes
checking for strtoul... yes
checking for strtoull... yes
checking whether <inttypes.h> defines strtoumax as a macro... no
checking for strtoumax... yes
checking sysexits.h usability... yes
checking sysexits.h presence... yes
checking for sysexits.h... yes
checking whether localtime_r is compatible with its POSIX signature... yes
checking for struct timespec... (cached) yes
checking for nanoseconds member of struct stat.st_mtim... (cached) tv_nsec
checking whether nanosleep is declared... (cached) yes
checking for struct stat.st_spare1... no
checking for struct stat.st_atim.tv_nsec... yes
checking for struct stat.st_atimespec.tv_nsec... no
checking for struct stat.st_atimensec... no
checking for library containing clock_gettime... (cached) -lrt
checking for clock_gettime... (cached) yes
checking for fsync... yes
checking for lstat... yes
checking for mkfifo... yes
checking for readlink... yes
checking for strerror... yes
checking for symlink... yes
checking for setlocale... (cached) yes
checking for utimes... yes
checking whether getgrgid is declared... yes
checking whether getpwuid is declared... yes
checking whether time is declared... yes
checking for library containing setsockopt... none required
checking for library containing setsockopt... (cached) none required
checking for waitpid... yes
checking for remote shell... /usr/bin/rsh
checking for default archive format... GNU
checking for default archive... -
checking for default blocking... 20
checking for sys/mtio.h... (cached) yes
checking which ioctl field to test for reversed bytes... mt_type
checking whether to build rmt... yes
checking for remote tape header files... yes
checking for ld used by GCC... /usr/bin/ld
checking if the linker (/usr/bin/ld) is GNU ld... yes
checking for shared library run path origin... done
checking for iconv... yes
checking for iconv declaration... 
         extern size_t iconv (iconv_t cd, char * *inbuf, size_t *inbytesleft, char * *outbuf, size_t *outbytesleft);
checking iconv.h usability... yes
checking iconv.h presence... yes
checking for iconv.h... yes
checking for iconv_t... yes
checking whether NLS is requested... yes
checking for msgfmt... /usr/bin/msgfmt
checking for gmsgfmt... /usr/bin/msgfmt
checking for xgettext... /usr/bin/xgettext
checking for msgmerge... /usr/bin/msgmerge
checking whether NLS is requested... yes
checking for GNU gettext in libc... yes
checking whether to use NLS... yes
checking where the gettext function comes from... libc
configure: creating ./config.status
config.status: creating tests/Makefile
config.status: creating tests/atlocal
config.status: creating Makefile
config.status: creating doc/Makefile
config.status: creating lib/Makefile
config.status: creating po/Makefile.in
config.status: creating scripts/Makefile
config.status: creating rmt/Makefile
config.status: creating src/Makefile
config.status: creating config.h
config.status: executing depfiles commands
config.status: executing default-1 commands
config.status: creating po/POTFILES
config.status: creating po/Makefile
config.status: executing tests/atconfig commands
