removed `usr/share/locale/ru/LC_MESSAGES/tar.mo'
removed directory: `usr/share/locale/ru/LC_MESSAGES'
removed directory: `usr/share/locale/ru'
removed `usr/share/locale/da/LC_MESSAGES/tar.mo'
removed directory: `usr/share/locale/da/LC_MESSAGES'
removed directory: `usr/share/locale/da'
removed `usr/share/locale/el/LC_MESSAGES/tar.mo'
removed directory: `usr/share/locale/el/LC_MESSAGES'
removed directory: `usr/share/locale/el'
removed `usr/share/locale/nl/LC_MESSAGES/tar.mo'
removed directory: `usr/share/locale/nl/LC_MESSAGES'
removed directory: `usr/share/locale/nl'
removed `usr/share/locale/de/LC_MESSAGES/tar.mo'
removed directory: `usr/share/locale/de/LC_MESSAGES'
removed directory: `usr/share/locale/de'
removed `usr/share/locale/sk/LC_MESSAGES/tar.mo'
removed directory: `usr/share/locale/sk/LC_MESSAGES'
removed directory: `usr/share/locale/sk'
removed `usr/share/locale/nb/LC_MESSAGES/tar.mo'
removed directory: `usr/share/locale/nb/LC_MESSAGES'
removed directory: `usr/share/locale/nb'
removed `usr/share/locale/zh_CN/LC_MESSAGES/tar.mo'
removed directory: `usr/share/locale/zh_CN/LC_MESSAGES'
removed directory: `usr/share/locale/zh_CN'
removed `usr/share/locale/gl/LC_MESSAGES/tar.mo'
removed directory: `usr/share/locale/gl/LC_MESSAGES'
removed directory: `usr/share/locale/gl'
removed `usr/share/locale/ko/LC_MESSAGES/tar.mo'
removed directory: `usr/share/locale/ko/LC_MESSAGES'
removed directory: `usr/share/locale/ko'
removed `usr/share/locale/no/LC_MESSAGES/tar.mo'
removed directory: `usr/share/locale/no/LC_MESSAGES'
removed directory: `usr/share/locale/no'
removed `usr/share/locale/zh_TW/LC_MESSAGES/tar.mo'
removed directory: `usr/share/locale/zh_TW/LC_MESSAGES'
removed directory: `usr/share/locale/zh_TW'
removed `usr/share/locale/pt_BR/LC_MESSAGES/tar.mo'
removed directory: `usr/share/locale/pt_BR/LC_MESSAGES'
removed directory: `usr/share/locale/pt_BR'
removed `usr/share/locale/ga/LC_MESSAGES/tar.mo'
removed directory: `usr/share/locale/ga/LC_MESSAGES'
removed directory: `usr/share/locale/ga'
removed `usr/share/locale/ja/LC_MESSAGES/tar.mo'
removed directory: `usr/share/locale/ja/LC_MESSAGES'
removed directory: `usr/share/locale/ja'
removed `usr/share/locale/cs/LC_MESSAGES/tar.mo'
removed directory: `usr/share/locale/cs/LC_MESSAGES'
removed directory: `usr/share/locale/cs'
removed `usr/share/locale/sl/LC_MESSAGES/tar.mo'
removed directory: `usr/share/locale/sl/LC_MESSAGES'
removed directory: `usr/share/locale/sl'
removed `usr/share/locale/es/LC_MESSAGES/tar.mo'
removed directory: `usr/share/locale/es/LC_MESSAGES'
removed directory: `usr/share/locale/es'
removed `usr/share/locale/hr/LC_MESSAGES/tar.mo'
removed directory: `usr/share/locale/hr/LC_MESSAGES'
removed directory: `usr/share/locale/hr'
removed `usr/share/locale/pt/LC_MESSAGES/tar.mo'
removed directory: `usr/share/locale/pt/LC_MESSAGES'
removed directory: `usr/share/locale/pt'
removed `usr/share/locale/ro/LC_MESSAGES/tar.mo'
removed directory: `usr/share/locale/ro/LC_MESSAGES'
removed directory: `usr/share/locale/ro'
removed `usr/share/locale/fi/LC_MESSAGES/tar.mo'
removed directory: `usr/share/locale/fi/LC_MESSAGES'
removed directory: `usr/share/locale/fi'
removed `usr/share/locale/ms/LC_MESSAGES/tar.mo'
removed directory: `usr/share/locale/ms/LC_MESSAGES'
removed directory: `usr/share/locale/ms'
removed `usr/share/locale/pl/LC_MESSAGES/tar.mo'
removed directory: `usr/share/locale/pl/LC_MESSAGES'
removed directory: `usr/share/locale/pl'
removed `usr/share/locale/id/LC_MESSAGES/tar.mo'
removed directory: `usr/share/locale/id/LC_MESSAGES'
removed directory: `usr/share/locale/id'
removed `usr/share/locale/sv/LC_MESSAGES/tar.mo'
removed directory: `usr/share/locale/sv/LC_MESSAGES'
removed directory: `usr/share/locale/sv'
removed `usr/share/locale/hu/LC_MESSAGES/tar.mo'
removed directory: `usr/share/locale/hu/LC_MESSAGES'
removed directory: `usr/share/locale/hu'
removed `usr/share/locale/tr/LC_MESSAGES/tar.mo'
removed directory: `usr/share/locale/tr/LC_MESSAGES'
removed directory: `usr/share/locale/tr'
removed `usr/share/locale/fr/LC_MESSAGES/tar.mo'
removed directory: `usr/share/locale/fr/LC_MESSAGES'
removed directory: `usr/share/locale/fr'
removed `usr/share/locale/it/LC_MESSAGES/tar.mo'
removed directory: `usr/share/locale/it/LC_MESSAGES'
removed directory: `usr/share/locale/it'
removed `usr/share/locale/et/LC_MESSAGES/tar.mo'
removed directory: `usr/share/locale/et/LC_MESSAGES'
removed directory: `usr/share/locale/et'
removed directory: `usr/share/locale'
