Found a patch, skipping...
diffutils-2.8.1/config/config.guess
diffutils-2.8.1/config/config.rpath
diffutils-2.8.1/config/config.sub
diffutils-2.8.1/config/depcomp
diffutils-2.8.1/config/install-sh
diffutils-2.8.1/config/mdate-sh
diffutils-2.8.1/config/missing
diffutils-2.8.1/config/mkinstalldirs
diffutils-2.8.1/config/texinfo.tex
diffutils-2.8.1/po/Makefile.in.in
diffutils-2.8.1/po/Makevars
diffutils-2.8.1/po/remove-potcdate.sin
diffutils-2.8.1/po/quot.sed
diffutils-2.8.1/po/boldquot.sed
diffutils-2.8.1/po/en@quot.header
diffutils-2.8.1/po/en@boldquot.header
diffutils-2.8.1/po/insert-header.sin
diffutils-2.8.1/po/Rules-quot
diffutils-2.8.1/po/POTFILES.in
diffutils-2.8.1/po/diffutils.pot
diffutils-2.8.1/po/cs.po
diffutils-2.8.1/po/da.po
diffutils-2.8.1/po/de.po
diffutils-2.8.1/po/en_GB.po
diffutils-2.8.1/po/eo.po
diffutils-2.8.1/po/es.po
diffutils-2.8.1/po/fr.po
diffutils-2.8.1/po/gl.po
diffutils-2.8.1/po/he.po
diffutils-2.8.1/po/id.po
diffutils-2.8.1/po/ja.po
diffutils-2.8.1/po/pl.po
diffutils-2.8.1/po/ru.po
diffutils-2.8.1/po/sv.po
diffutils-2.8.1/po/tr.po
diffutils-2.8.1/po/zh_TW.po
diffutils-2.8.1/po/cs.gmo
diffutils-2.8.1/po/da.gmo
diffutils-2.8.1/po/de.gmo
diffutils-2.8.1/po/en_GB.gmo
diffutils-2.8.1/po/eo.gmo
diffutils-2.8.1/po/es.gmo
diffutils-2.8.1/po/fr.gmo
diffutils-2.8.1/po/gl.gmo
diffutils-2.8.1/po/he.gmo
diffutils-2.8.1/po/id.gmo
diffutils-2.8.1/po/ja.gmo
diffutils-2.8.1/po/pl.gmo
diffutils-2.8.1/po/ru.gmo
diffutils-2.8.1/po/sv.gmo
diffutils-2.8.1/po/tr.gmo
diffutils-2.8.1/po/zh_TW.gmo
diffutils-2.8.1/po/LINGUAS
diffutils-2.8.1/README
diffutils-2.8.1/ABOUT-NLS
diffutils-2.8.1/AUTHORS
diffutils-2.8.1/COPYING
diffutils-2.8.1/ChangeLog
diffutils-2.8.1/INSTALL
diffutils-2.8.1/Makefile.am
diffutils-2.8.1/Makefile.in
diffutils-2.8.1/NEWS
diffutils-2.8.1/THANKS
diffutils-2.8.1/aclocal.m4
diffutils-2.8.1/config.hin
diffutils-2.8.1/configure
diffutils-2.8.1/configure.ac
diffutils-2.8.1/exgettext
diffutils-2.8.1/INSTALLME
diffutils-2.8.1/doc/fdl.texi
diffutils-2.8.1/doc/Makefile.am
diffutils-2.8.1/doc/Makefile.in
diffutils-2.8.1/doc/stamp-vti
diffutils-2.8.1/doc/version.texi
diffutils-2.8.1/doc/diff.texi
diffutils-2.8.1/doc/diagmeet.note
diffutils-2.8.1/doc/diff.info
diffutils-2.8.1/lib/c-stack.h
diffutils-2.8.1/lib/cmpbuf.h
diffutils-2.8.1/lib/dirname.h
diffutils-2.8.1/lib/error.h
diffutils-2.8.1/lib/exclude.h
diffutils-2.8.1/lib/exitfail.h
diffutils-2.8.1/lib/fnmatch.hin
diffutils-2.8.1/lib/freesoft.h
diffutils-2.8.1/lib/getopt.h
diffutils-2.8.1/lib/gettext.h
diffutils-2.8.1/lib/hard-locale.h
diffutils-2.8.1/lib/inttostr.h
diffutils-2.8.1/lib/prepargs.h
diffutils-2.8.1/lib/posixver.h
diffutils-2.8.1/lib/quotesys.h
diffutils-2.8.1/lib/regex.hin
diffutils-2.8.1/lib/setmode.h
diffutils-2.8.1/lib/unlocked-io.h
diffutils-2.8.1/lib/xalloc.h
diffutils-2.8.1/lib/xstrtol.h
diffutils-2.8.1/lib/Makefile.am
diffutils-2.8.1/lib/Makefile.in
diffutils-2.8.1/lib/alloca.c
diffutils-2.8.1/lib/fnmatch.c
diffutils-2.8.1/lib/malloc.c
diffutils-2.8.1/lib/memchr.c
diffutils-2.8.1/lib/mkstemp.c
diffutils-2.8.1/lib/realloc.c
diffutils-2.8.1/lib/regex.c
diffutils-2.8.1/lib/strcasecmp.c
diffutils-2.8.1/lib/strtoul.c
diffutils-2.8.1/lib/strtoull.c
diffutils-2.8.1/lib/strtoumax.c
diffutils-2.8.1/lib/tempname.c
diffutils-2.8.1/lib/waitpid.c
diffutils-2.8.1/lib/basename.c
diffutils-2.8.1/lib/c-stack.c
diffutils-2.8.1/lib/cmpbuf.c
diffutils-2.8.1/lib/error.c
diffutils-2.8.1/lib/exclude.c
diffutils-2.8.1/lib/exitfail.c
diffutils-2.8.1/lib/freesoft.c
diffutils-2.8.1/lib/getopt.c
diffutils-2.8.1/lib/getopt1.c
diffutils-2.8.1/lib/hard-locale.c
diffutils-2.8.1/lib/imaxtostr.c
diffutils-2.8.1/lib/offtostr.c
diffutils-2.8.1/lib/prepargs.c
diffutils-2.8.1/lib/posixver.c
diffutils-2.8.1/lib/quotesys.c
diffutils-2.8.1/lib/setmode.c
diffutils-2.8.1/lib/strftime.c
diffutils-2.8.1/lib/umaxtostr.c
diffutils-2.8.1/lib/xmalloc.c
diffutils-2.8.1/lib/xstrtoumax.c
diffutils-2.8.1/lib/inttostr.c
diffutils-2.8.1/lib/strtoimax.c
diffutils-2.8.1/lib/strtol.c
diffutils-2.8.1/lib/xstrtol.c
diffutils-2.8.1/lib/posix/Makefile.am
diffutils-2.8.1/lib/posix/Makefile.in
diffutils-2.8.1/lib/posix/regex.h
diffutils-2.8.1/m4/README
diffutils-2.8.1/m4/Makefile.am
diffutils-2.8.1/m4/Makefile.in
diffutils-2.8.1/m4/jm-glibc-io.m4
diffutils-2.8.1/m4/Makefile.am.in
diffutils-2.8.1/m4/c-bs-a.m4
diffutils-2.8.1/m4/c-stack.m4
diffutils-2.8.1/m4/check-decl.m4
diffutils-2.8.1/m4/codeset.m4
diffutils-2.8.1/m4/dos.m4
diffutils-2.8.1/m4/error.m4
diffutils-2.8.1/m4/fnmatch.m4
diffutils-2.8.1/m4/gettext.m4
diffutils-2.8.1/m4/glibc21.m4
diffutils-2.8.1/m4/gnu-source.m4
diffutils-2.8.1/m4/iconv.m4
diffutils-2.8.1/m4/inttypes.m4
diffutils-2.8.1/m4/lcmessage.m4
diffutils-2.8.1/m4/lib-ld.m4
diffutils-2.8.1/m4/lib-link.m4
diffutils-2.8.1/m4/lib-prefix.m4
diffutils-2.8.1/m4/longlong.m4
diffutils-2.8.1/m4/malloc.m4
diffutils-2.8.1/m4/mbrtowc.m4
diffutils-2.8.1/m4/mbstate_t.m4
diffutils-2.8.1/m4/prereq.m4
diffutils-2.8.1/m4/progtest.m4
diffutils-2.8.1/m4/realloc.m4
diffutils-2.8.1/m4/regex.m4
diffutils-2.8.1/m4/setmode.m4
diffutils-2.8.1/m4/st_mtim.m4
diffutils-2.8.1/m4/stdbool.m4
diffutils-2.8.1/m4/strftime.m4
diffutils-2.8.1/m4/vararrays.m4
diffutils-2.8.1/m4/xstrtoumax.m4
diffutils-2.8.1/ms/README
diffutils-2.8.1/ms/Makefile.am
diffutils-2.8.1/ms/Makefile.in
diffutils-2.8.1/ms/config.bat
diffutils-2.8.1/ms/config.sed
diffutils-2.8.1/ms/config.site
diffutils-2.8.1/src/diff.h
diffutils-2.8.1/src/system.h
diffutils-2.8.1/src/Makefile.am
diffutils-2.8.1/src/Makefile.in
diffutils-2.8.1/src/cmp.c
diffutils-2.8.1/src/version.c
diffutils-2.8.1/src/analyze.c
diffutils-2.8.1/src/context.c
diffutils-2.8.1/src/diff.c
diffutils-2.8.1/src/dir.c
diffutils-2.8.1/src/ed.c
diffutils-2.8.1/src/ifdef.c
diffutils-2.8.1/src/io.c
diffutils-2.8.1/src/normal.c
diffutils-2.8.1/src/side.c
diffutils-2.8.1/src/util.c
diffutils-2.8.1/src/diff3.c
diffutils-2.8.1/src/sdiff.c
diffutils-2.8.1/man/cmp.1
diffutils-2.8.1/man/diff.1
diffutils-2.8.1/man/diff3.1
diffutils-2.8.1/man/sdiff.1
diffutils-2.8.1/man/Makefile.am
diffutils-2.8.1/man/Makefile.in
