Found a patch, skipping...
bash-3.1/
bash-3.1/CWRU/
bash-3.1/CWRU/misc/
bash-3.1/CWRU/misc/open-files.c
bash-3.1/CWRU/misc/sigs.c
bash-3.1/CWRU/misc/sigstat.c
bash-3.1/CWRU/misc/bison
bash-3.1/CWRU/misc/errlist.c
bash-3.1/CWRU/misc/hpux10-dlfcn.h
bash-3.1/CWRU/PLATFORMS
bash-3.1/CWRU/README
bash-3.1/CWRU/changelog
bash-3.1/CWRU/sh-redir-hack
bash-3.1/CWRU/mh-folder-comp
bash-3.1/builtins/
bash-3.1/builtins/Makefile.in
bash-3.1/builtins/alias.def
bash-3.1/builtins/bind.def
bash-3.1/builtins/break.def
bash-3.1/builtins/builtin.def
bash-3.1/builtins/caller.def
bash-3.1/builtins/cd.def
bash-3.1/builtins/colon.def
bash-3.1/builtins/command.def
bash-3.1/builtins/complete.def
bash-3.1/builtins/common.c
bash-3.1/builtins/declare.def
bash-3.1/builtins/echo.def
bash-3.1/builtins/enable.def
bash-3.1/builtins/eval.def
bash-3.1/builtins/evalfile.c
bash-3.1/builtins/evalstring.c
bash-3.1/builtins/exec.def
bash-3.1/builtins/exit.def
bash-3.1/builtins/fc.def
bash-3.1/builtins/fg_bg.def
bash-3.1/builtins/getopt.c
bash-3.1/builtins/getopt.h
bash-3.1/builtins/getopts.def
bash-3.1/builtins/hash.def
bash-3.1/builtins/help.def
bash-3.1/builtins/let.def
bash-3.1/builtins/history.def
bash-3.1/builtins/jobs.def
bash-3.1/builtins/kill.def
bash-3.1/builtins/mkbuiltins.c
bash-3.1/builtins/printf.def
bash-3.1/builtins/pushd.def
bash-3.1/builtins/read.def
bash-3.1/builtins/reserved.def
bash-3.1/builtins/return.def
bash-3.1/builtins/set.def
bash-3.1/builtins/setattr.def
bash-3.1/builtins/shift.def
bash-3.1/builtins/shopt.def
bash-3.1/builtins/source.def
bash-3.1/builtins/suspend.def
bash-3.1/builtins/test.def
bash-3.1/builtins/times.def
bash-3.1/builtins/trap.def
bash-3.1/builtins/type.def
bash-3.1/builtins/ulimit.def
bash-3.1/builtins/umask.def
bash-3.1/builtins/wait.def
bash-3.1/builtins/psize.c
bash-3.1/builtins/psize.sh
bash-3.1/builtins/inlib.def
bash-3.1/builtins/bashgetopt.c
bash-3.1/builtins/common.h
bash-3.1/builtins/bashgetopt.h
bash-3.1/cross-build/
bash-3.1/cross-build/cygwin32.cache
bash-3.1/cross-build/win32sig.h
bash-3.1/cross-build/x86-beos.cache
bash-3.1/cross-build/beos-sig.h
bash-3.1/cross-build/opennt.cache
bash-3.1/doc/
bash-3.1/doc/FAQ
bash-3.1/doc/Makefile.in
bash-3.1/doc/bash.1
bash-3.1/doc/bashbug.1
bash-3.1/doc/builtins.1
bash-3.1/doc/rbash.1
bash-3.1/doc/README
bash-3.1/doc/INTRO
bash-3.1/doc/texinfo.tex
bash-3.1/doc/bashref.texi
bash-3.1/doc/version.texi
bash-3.1/doc/bashref.info
bash-3.1/doc/article.ms
bash-3.1/doc/htmlpost.sh
bash-3.1/doc/infopost.sh
bash-3.1/doc/fdl.texi
bash-3.1/doc/fdl.txt
bash-3.1/doc/article.ps
bash-3.1/doc/rose94.ps
bash-3.1/examples/
bash-3.1/examples/bashdb/
bash-3.1/examples/bashdb/PERMISSION
bash-3.1/examples/bashdb/README
bash-3.1/examples/bashdb/bashdb
bash-3.1/examples/bashdb/bashdb.el
bash-3.1/examples/obashdb/
bash-3.1/examples/obashdb/PERMISSION
bash-3.1/examples/obashdb/README
bash-3.1/examples/obashdb/bashdb
bash-3.1/examples/obashdb/bashdb.fns
bash-3.1/examples/obashdb/bashdb.pre
bash-3.1/examples/complete/
bash-3.1/examples/complete/complete-examples
bash-3.1/examples/complete/complete.ianmac
bash-3.1/examples/complete/complete2.ianmac
bash-3.1/examples/complete/complete.freebsd
bash-3.1/examples/complete/complete.gnu-longopt
bash-3.1/examples/complete/bashcc-1.0.1.tar.gz
bash-3.1/examples/functions/
bash-3.1/examples/functions/array-stuff
bash-3.1/examples/functions/array-to-string
bash-3.1/examples/functions/autoload
bash-3.1/examples/functions/autoload.v2
bash-3.1/examples/functions/autoload.v3
bash-3.1/examples/functions/basename
bash-3.1/examples/functions/basename2
bash-3.1/examples/functions/coproc.bash
bash-3.1/examples/functions/coshell.README
bash-3.1/examples/functions/coshell.bash
bash-3.1/examples/functions/csh-compat
bash-3.1/examples/functions/dirfuncs
bash-3.1/examples/functions/dirname
bash-3.1/examples/functions/emptydir
bash-3.1/examples/functions/exitstat
bash-3.1/examples/functions/external
bash-3.1/examples/functions/fact
bash-3.1/examples/functions/fstty
bash-3.1/examples/functions/func
bash-3.1/examples/functions/gethtml
bash-3.1/examples/functions/getoptx.bash
bash-3.1/examples/functions/inetaddr
bash-3.1/examples/functions/inpath
bash-3.1/examples/functions/isnum.bash
bash-3.1/examples/functions/isnum2
bash-3.1/examples/functions/isvalidip
bash-3.1/examples/functions/jdate.bash
bash-3.1/examples/functions/jj.bash
bash-3.1/examples/functions/keep
bash-3.1/examples/functions/ksh-cd
bash-3.1/examples/functions/ksh-compat-test
bash-3.1/examples/functions/kshenv
bash-3.1/examples/functions/login
bash-3.1/examples/functions/lowercase
bash-3.1/examples/functions/manpage
bash-3.1/examples/functions/mhfold
bash-3.1/examples/functions/notify.bash
bash-3.1/examples/functions/pathfuncs
bash-3.1/examples/functions/recurse
bash-3.1/examples/functions/repeat2
bash-3.1/examples/functions/repeat3
bash-3.1/examples/functions/seq
bash-3.1/examples/functions/seq2
bash-3.1/examples/functions/shcat
bash-3.1/examples/functions/shcat2
bash-3.1/examples/functions/sort-pos-params
bash-3.1/examples/functions/substr
bash-3.1/examples/functions/substr2
bash-3.1/examples/functions/term
bash-3.1/examples/functions/whatis
bash-3.1/examples/functions/whence
bash-3.1/examples/functions/which
bash-3.1/examples/functions/xalias.bash
bash-3.1/examples/functions/xfind.bash
bash-3.1/examples/scripts/
bash-3.1/examples/scripts/adventure.sh
bash-3.1/examples/scripts/bcsh.sh
bash-3.1/examples/scripts/cat.sh
bash-3.1/examples/scripts/center
bash-3.1/examples/scripts/dd-ex.sh
bash-3.1/examples/scripts/fixfiles.bash
bash-3.1/examples/scripts/hanoi.bash
bash-3.1/examples/scripts/inpath
bash-3.1/examples/scripts/krand.bash
bash-3.1/examples/scripts/line-input.bash
bash-3.1/examples/scripts/nohup.bash
bash-3.1/examples/scripts/precedence
bash-3.1/examples/scripts/randomcard.bash
bash-3.1/examples/scripts/scrollbar
bash-3.1/examples/scripts/scrollbar2
bash-3.1/examples/scripts/self-repro
bash-3.1/examples/scripts/showperm.bash
bash-3.1/examples/scripts/shprompt
bash-3.1/examples/scripts/spin.bash
bash-3.1/examples/scripts/timeout
bash-3.1/examples/scripts/vtree2
bash-3.1/examples/scripts/vtree3
bash-3.1/examples/scripts/vtree3a
bash-3.1/examples/scripts/websrv.sh
bash-3.1/examples/scripts/xterm_title
bash-3.1/examples/scripts/zprintf
bash-3.1/examples/scripts.v2/
bash-3.1/examples/scripts.v2/PERMISSION
bash-3.1/examples/scripts.v2/README
bash-3.1/examples/scripts.v2/arc2tarz
bash-3.1/examples/scripts.v2/bashrand
bash-3.1/examples/scripts.v2/cal2day.bash
bash-3.1/examples/scripts.v2/cdhist.bash
bash-3.1/examples/scripts.v2/corename
bash-3.1/examples/scripts.v2/fman
bash-3.1/examples/scripts.v2/frcp
bash-3.1/examples/scripts.v2/lowercase
bash-3.1/examples/scripts.v2/ncp
bash-3.1/examples/scripts.v2/newext
bash-3.1/examples/scripts.v2/nmv
bash-3.1/examples/scripts.v2/pages
bash-3.1/examples/scripts.v2/pf
bash-3.1/examples/scripts.v2/ren
bash-3.1/examples/scripts.v2/rename
bash-3.1/examples/scripts.v2/repeat
bash-3.1/examples/scripts.v2/untar
bash-3.1/examples/scripts.v2/uudec
bash-3.1/examples/scripts.v2/uuenc
bash-3.1/examples/scripts.v2/vtree
bash-3.1/examples/scripts.v2/where
bash-3.1/examples/scripts.v2/pmtop
bash-3.1/examples/scripts.v2/shprof
bash-3.1/examples/scripts.noah/
bash-3.1/examples/scripts.noah/PERMISSION
bash-3.1/examples/scripts.noah/README
bash-3.1/examples/scripts.noah/aref.bash
bash-3.1/examples/scripts.noah/bash.sub.bash
bash-3.1/examples/scripts.noah/bash_version.bash
bash-3.1/examples/scripts.noah/meta.bash
bash-3.1/examples/scripts.noah/mktmp.bash
bash-3.1/examples/scripts.noah/number.bash
bash-3.1/examples/scripts.noah/prompt.bash
bash-3.1/examples/scripts.noah/remap_keys.bash
bash-3.1/examples/scripts.noah/require.bash
bash-3.1/examples/scripts.noah/send_mail.bash
bash-3.1/examples/scripts.noah/shcat.bash
bash-3.1/examples/scripts.noah/source.bash
bash-3.1/examples/scripts.noah/string.bash
bash-3.1/examples/scripts.noah/stty.bash
bash-3.1/examples/scripts.noah/y_or_n_p.bash
bash-3.1/examples/startup-files/
bash-3.1/examples/startup-files/apple/
bash-3.1/examples/startup-files/apple/README
bash-3.1/examples/startup-files/apple/aliases
bash-3.1/examples/startup-files/apple/bash.defaults
bash-3.1/examples/startup-files/apple/environment
bash-3.1/examples/startup-files/apple/login
bash-3.1/examples/startup-files/apple/logout
bash-3.1/examples/startup-files/apple/rc
bash-3.1/examples/startup-files/README
bash-3.1/examples/startup-files/Bashrc.bfox
bash-3.1/examples/startup-files/Bash_aliases
bash-3.1/examples/startup-files/Bash_profile
bash-3.1/examples/startup-files/bash-profile
bash-3.1/examples/startup-files/bashrc
bash-3.1/examples/misc/
bash-3.1/examples/misc/suncmd.termcap
bash-3.1/examples/misc/aliasconv.sh
bash-3.1/examples/misc/aliasconv.bash
bash-3.1/examples/misc/cshtobash
bash-3.1/examples/loadables/
bash-3.1/examples/loadables/perl/
bash-3.1/examples/loadables/perl/Makefile.in
bash-3.1/examples/loadables/perl/README
bash-3.1/examples/loadables/perl/bperl.c
bash-3.1/examples/loadables/perl/iperl.c
bash-3.1/examples/loadables/README
bash-3.1/examples/loadables/template.c
bash-3.1/examples/loadables/Makefile.in
bash-3.1/examples/loadables/necho.c
bash-3.1/examples/loadables/hello.c
bash-3.1/examples/loadables/print.c
bash-3.1/examples/loadables/realpath.c
bash-3.1/examples/loadables/sleep.c
bash-3.1/examples/loadables/strftime.c
bash-3.1/examples/loadables/truefalse.c
bash-3.1/examples/loadables/getconf.h
bash-3.1/examples/loadables/getconf.c
bash-3.1/examples/loadables/finfo.c
bash-3.1/examples/loadables/cat.c
bash-3.1/examples/loadables/cut.c
bash-3.1/examples/loadables/logname.c
bash-3.1/examples/loadables/basename.c
bash-3.1/examples/loadables/dirname.c
bash-3.1/examples/loadables/tty.c
bash-3.1/examples/loadables/pathchk.c
bash-3.1/examples/loadables/tee.c
bash-3.1/examples/loadables/rmdir.c
bash-3.1/examples/loadables/head.c
bash-3.1/examples/loadables/printenv.c
bash-3.1/examples/loadables/push.c
bash-3.1/examples/loadables/id.c
bash-3.1/examples/loadables/whoami.c
bash-3.1/examples/loadables/uname.c
bash-3.1/examples/loadables/sync.c
bash-3.1/examples/loadables/mkdir.c
bash-3.1/examples/loadables/ln.c
bash-3.1/examples/loadables/unlink.c
bash-3.1/include/
bash-3.1/include/ansi_stdlib.h
bash-3.1/include/chartypes.h
bash-3.1/include/filecntl.h
bash-3.1/include/gettext.h
bash-3.1/include/maxpath.h
bash-3.1/include/memalloc.h
bash-3.1/include/ocache.h
bash-3.1/include/posixdir.h
bash-3.1/include/posixjmp.h
bash-3.1/include/posixstat.h
bash-3.1/include/posixtime.h
bash-3.1/include/posixwait.h
bash-3.1/include/shmbutil.h
bash-3.1/include/shtty.h
bash-3.1/include/stdc.h
bash-3.1/include/systimes.h
bash-3.1/include/typemax.h
bash-3.1/include/unionwait.h
bash-3.1/lib/
bash-3.1/lib/glob/
bash-3.1/lib/glob/doc/
bash-3.1/lib/glob/doc/Makefile
bash-3.1/lib/glob/doc/glob.texi
bash-3.1/lib/glob/Makefile.in
bash-3.1/lib/glob/sm_loop.c
bash-3.1/lib/glob/smatch.c
bash-3.1/lib/glob/strmatch.c
bash-3.1/lib/glob/strmatch.h
bash-3.1/lib/glob/glob.c
bash-3.1/lib/glob/glob.h
bash-3.1/lib/glob/glob_loop.c
bash-3.1/lib/glob/xmbsrtowcs.c
bash-3.1/lib/glob/collsyms.h
bash-3.1/lib/glob/ndir.h
bash-3.1/lib/intl/
bash-3.1/lib/intl/ChangeLog
bash-3.1/lib/intl/Makefile.in
bash-3.1/lib/intl/VERSION
bash-3.1/lib/intl/bindtextdom.c
bash-3.1/lib/intl/config.charset
bash-3.1/lib/intl/dcgettext.c
bash-3.1/lib/intl/dcigettext.c
bash-3.1/lib/intl/dcngettext.c
bash-3.1/lib/intl/dgettext.c
bash-3.1/lib/intl/dngettext.c
bash-3.1/lib/intl/eval-plural.h
bash-3.1/lib/intl/explodename.c
bash-3.1/lib/intl/finddomain.c
bash-3.1/lib/intl/gettext.c
bash-3.1/lib/intl/gettextP.h
bash-3.1/lib/intl/gmo.h
bash-3.1/lib/intl/hash-string.h
bash-3.1/lib/intl/intl-compat.c
bash-3.1/lib/intl/l10nflist.c
bash-3.1/lib/intl/libgnuintl.h.in
bash-3.1/lib/intl/log.c
bash-3.1/lib/intl/loadinfo.h
bash-3.1/lib/intl/loadmsgcat.c
bash-3.1/lib/intl/localcharset.c
bash-3.1/lib/intl/localcharset.h
bash-3.1/lib/intl/locale.alias
bash-3.1/lib/intl/localealias.c
bash-3.1/lib/intl/localename.c
bash-3.1/lib/intl/ngettext.c
bash-3.1/lib/intl/os2compat.c
bash-3.1/lib/intl/os2compat.h
bash-3.1/lib/intl/osdep.c
bash-3.1/lib/intl/plural-exp.c
bash-3.1/lib/intl/plural-exp.h
bash-3.1/lib/intl/plural.c
bash-3.1/lib/intl/plural.y
bash-3.1/lib/intl/ref-add.sin
bash-3.1/lib/intl/ref-del.sin
bash-3.1/lib/intl/relocatable.c
bash-3.1/lib/intl/relocatable.h
bash-3.1/lib/intl/textdomain.c
bash-3.1/lib/malloc/
bash-3.1/lib/malloc/Makefile.in
bash-3.1/lib/malloc/getpagesize.h
bash-3.1/lib/malloc/imalloc.h
bash-3.1/lib/malloc/mstats.h
bash-3.1/lib/malloc/shmalloc.h
bash-3.1/lib/malloc/table.h
bash-3.1/lib/malloc/watch.h
bash-3.1/lib/malloc/alloca.c
bash-3.1/lib/malloc/malloc.c
bash-3.1/lib/malloc/stats.c
bash-3.1/lib/malloc/table.c
bash-3.1/lib/malloc/trace.c
bash-3.1/lib/malloc/watch.c
bash-3.1/lib/malloc/xmalloc.c
bash-3.1/lib/malloc/xleaktrace
bash-3.1/lib/malloc/stub.c
bash-3.1/lib/malloc/i386-alloca.s
bash-3.1/lib/malloc/x386-alloca.s
bash-3.1/lib/readline/
bash-3.1/lib/readline/doc/
bash-3.1/lib/readline/doc/Makefile
bash-3.1/lib/readline/doc/version.texi
bash-3.1/lib/readline/doc/rlman.texi
bash-3.1/lib/readline/doc/rltech.texi
bash-3.1/lib/readline/doc/rluser.texi
bash-3.1/lib/readline/doc/rluserman.texi
bash-3.1/lib/readline/doc/history.texi
bash-3.1/lib/readline/doc/hstech.texi
bash-3.1/lib/readline/doc/hsuser.texi
bash-3.1/lib/readline/doc/fdl.texi
bash-3.1/lib/readline/examples/
bash-3.1/lib/readline/examples/Makefile
bash-3.1/lib/readline/examples/excallback.c
bash-3.1/lib/readline/examples/fileman.c
bash-3.1/lib/readline/examples/manexamp.c
bash-3.1/lib/readline/examples/histexamp.c
bash-3.1/lib/readline/examples/rltest.c
bash-3.1/lib/readline/examples/rl.c
bash-3.1/lib/readline/examples/rlcat.c
bash-3.1/lib/readline/examples/Inputrc
bash-3.1/lib/readline/COPYING
bash-3.1/lib/readline/Makefile.in
bash-3.1/lib/readline/ChangeLog
bash-3.1/lib/readline/README
bash-3.1/lib/readline/STANDALONE
bash-3.1/lib/readline/readline.c
bash-3.1/lib/readline/vi_mode.c
bash-3.1/lib/readline/emacs_keymap.c
bash-3.1/lib/readline/vi_keymap.c
bash-3.1/lib/readline/history.c
bash-3.1/lib/readline/histexpand.c
bash-3.1/lib/readline/histsearch.c
bash-3.1/lib/readline/histfile.c
bash-3.1/lib/readline/funmap.c
bash-3.1/lib/readline/keymaps.c
bash-3.1/lib/readline/util.c
bash-3.1/lib/readline/terminal.c
bash-3.1/lib/readline/xmalloc.c
bash-3.1/lib/readline/search.c
bash-3.1/lib/readline/isearch.c
bash-3.1/lib/readline/parens.c
bash-3.1/lib/readline/rltty.c
bash-3.1/lib/readline/compat.c
bash-3.1/lib/readline/complete.c
bash-3.1/lib/readline/bind.c
bash-3.1/lib/readline/display.c
bash-3.1/lib/readline/signals.c
bash-3.1/lib/readline/kill.c
bash-3.1/lib/readline/text.c
bash-3.1/lib/readline/undo.c
bash-3.1/lib/readline/macro.c
bash-3.1/lib/readline/input.c
bash-3.1/lib/readline/callback.c
bash-3.1/lib/readline/mbutil.c
bash-3.1/lib/readline/misc.c
bash-3.1/lib/readline/nls.c
bash-3.1/lib/readline/shell.c
bash-3.1/lib/readline/savestring.c
bash-3.1/lib/readline/tilde.c
bash-3.1/lib/readline/tilde.h
bash-3.1/lib/readline/rldefs.h
bash-3.1/lib/readline/rlconf.h
bash-3.1/lib/readline/rlmbutil.h
bash-3.1/lib/readline/rlshell.h
bash-3.1/lib/readline/rltty.h
bash-3.1/lib/readline/rltypedefs.h
bash-3.1/lib/readline/rlwinsize.h
bash-3.1/lib/readline/readline.h
bash-3.1/lib/readline/tcap.h
bash-3.1/lib/readline/keymaps.h
bash-3.1/lib/readline/history.h
bash-3.1/lib/readline/histlib.h
bash-3.1/lib/readline/chardefs.h
bash-3.1/lib/readline/posixdir.h
bash-3.1/lib/readline/posixjmp.h
bash-3.1/lib/readline/posixstat.h
bash-3.1/lib/readline/ansi_stdlib.h
bash-3.1/lib/readline/rlstdc.h
bash-3.1/lib/readline/rlprivate.h
bash-3.1/lib/readline/xmalloc.h
bash-3.1/lib/sh/
bash-3.1/lib/sh/Makefile.in
bash-3.1/lib/sh/clktck.c
bash-3.1/lib/sh/clock.c
bash-3.1/lib/sh/fmtullong.c
bash-3.1/lib/sh/fmtulong.c
bash-3.1/lib/sh/fmtumax.c
bash-3.1/lib/sh/getcwd.c
bash-3.1/lib/sh/getenv.c
bash-3.1/lib/sh/inet_aton.c
bash-3.1/lib/sh/itos.c
bash-3.1/lib/sh/mailstat.c
bash-3.1/lib/sh/makepath.c
bash-3.1/lib/sh/memset.c
bash-3.1/lib/sh/mktime.c
bash-3.1/lib/sh/netconn.c
bash-3.1/lib/sh/netopen.c
bash-3.1/lib/sh/oslib.c
bash-3.1/lib/sh/pathcanon.c
bash-3.1/lib/sh/pathphys.c
bash-3.1/lib/sh/rename.c
bash-3.1/lib/sh/setlinebuf.c
bash-3.1/lib/sh/shmatch.c
bash-3.1/lib/sh/shquote.c
bash-3.1/lib/sh/shtty.c
bash-3.1/lib/sh/spell.c
bash-3.1/lib/sh/snprintf.c
bash-3.1/lib/sh/strcasecmp.c
bash-3.1/lib/sh/strerror.c
bash-3.1/lib/sh/strftime.c
bash-3.1/lib/sh/strindex.c
bash-3.1/lib/sh/stringlist.c
bash-3.1/lib/sh/stringvec.c
bash-3.1/lib/sh/strnlen.c
bash-3.1/lib/sh/strpbrk.c
bash-3.1/lib/sh/strstr.c
bash-3.1/lib/sh/strtod.c
bash-3.1/lib/sh/strtoimax.c
bash-3.1/lib/sh/strtol.c
bash-3.1/lib/sh/strtoll.c
bash-3.1/lib/sh/strtoul.c
bash-3.1/lib/sh/strtoull.c
bash-3.1/lib/sh/strtoumax.c
bash-3.1/lib/sh/strtrans.c
bash-3.1/lib/sh/times.c
bash-3.1/lib/sh/timeval.c
bash-3.1/lib/sh/tmpfile.c
bash-3.1/lib/sh/vprint.c
bash-3.1/lib/sh/winsize.c
bash-3.1/lib/sh/xstrchr.c
bash-3.1/lib/sh/zcatfd.c
bash-3.1/lib/sh/zread.c
bash-3.1/lib/sh/zwrite.c
bash-3.1/lib/termcap/
bash-3.1/lib/termcap/grot/
bash-3.1/lib/termcap/grot/termcap.info
bash-3.1/lib/termcap/grot/termcap.info-1
bash-3.1/lib/termcap/grot/termcap.info-2
bash-3.1/lib/termcap/grot/termcap.info-3
bash-3.1/lib/termcap/grot/termcap.info-4
bash-3.1/lib/termcap/grot/NEWS
bash-3.1/lib/termcap/grot/INSTALL
bash-3.1/lib/termcap/grot/ChangeLog
bash-3.1/lib/termcap/grot/texinfo.tex
bash-3.1/lib/termcap/grot/termcap.texi
bash-3.1/lib/termcap/grot/Makefile.in
bash-3.1/lib/termcap/grot/configure
bash-3.1/lib/termcap/grot/configure.in
bash-3.1/lib/termcap/grot/COPYING
bash-3.1/lib/termcap/grot/README
bash-3.1/lib/termcap/Makefile.in
bash-3.1/lib/termcap/ltcap.h
bash-3.1/lib/termcap/termcap.c
bash-3.1/lib/termcap/termcap.h
bash-3.1/lib/termcap/tparam.c
bash-3.1/lib/termcap/version.c
bash-3.1/lib/tilde/
bash-3.1/lib/tilde/README
bash-3.1/lib/tilde/Makefile.in
bash-3.1/lib/tilde/tilde.c
bash-3.1/lib/tilde/tilde.h
bash-3.1/lib/tilde/shell.c
bash-3.1/po/
bash-3.1/po/LINGUAS
bash-3.1/po/Makefile.in.in
bash-3.1/po/Makevars
bash-3.1/po/POTFILES.in
bash-3.1/po/Rules-builtins
bash-3.1/po/Rules-quot
bash-3.1/po/bash.pot
bash-3.1/po/boldquot.sed
bash-3.1/po/en@quot.header
bash-3.1/po/en@boldquot.header
bash-3.1/po/en@quot.po
bash-3.1/po/en@boldquot.po
bash-3.1/po/en@quot.gmo
bash-3.1/po/en@boldquot.gmo
bash-3.1/po/insert-header.sin
bash-3.1/po/quot.sed
bash-3.1/po/remove-potcdate.sin
bash-3.1/support/
bash-3.1/support/Makefile.in
bash-3.1/support/bashversion.c
bash-3.1/support/config.guess
bash-3.1/support/config.rpath
bash-3.1/support/config.sub
bash-3.1/support/printenv.sh
bash-3.1/support/printenv.c
bash-3.1/support/bash.xbm
bash-3.1/support/missing
bash-3.1/support/mkclone
bash-3.1/support/mkconffiles
bash-3.1/support/mkdirs
bash-3.1/support/mkinstalldirs
bash-3.1/support/mkversion.sh
bash-3.1/support/mksignames.c
bash-3.1/support/bashbug.sh
bash-3.1/support/man2html.c
bash-3.1/support/recho.c
bash-3.1/support/zecho.c
bash-3.1/support/SYMLINKS
bash-3.1/support/fixlinks
bash-3.1/support/install.sh
bash-3.1/support/texi2dvi
bash-3.1/support/texi2html
bash-3.1/support/xenix-link.sh
bash-3.1/support/shobj-conf
bash-3.1/support/rlvers.sh
bash-3.1/tests/
bash-3.1/tests/misc/
bash-3.1/tests/misc/dev-tcp.tests
bash-3.1/tests/misc/perf-script
bash-3.1/tests/misc/perftest
bash-3.1/tests/misc/read-nchars.tests
bash-3.1/tests/misc/redir-t2.sh
bash-3.1/tests/misc/run-r2.sh
bash-3.1/tests/misc/sigint-1.sh
bash-3.1/tests/misc/sigint-2.sh
bash-3.1/tests/misc/sigint-3.sh
bash-3.1/tests/misc/sigint-4.sh
bash-3.1/tests/misc/test-minus-e.1
bash-3.1/tests/misc/test-minus-e.2
bash-3.1/tests/misc/wait-bg.tests
bash-3.1/tests/README
bash-3.1/tests/alias.tests
bash-3.1/tests/alias.right
bash-3.1/tests/appendop.tests
bash-3.1/tests/appendop.right
bash-3.1/tests/arith-for.tests
bash-3.1/tests/arith-for.right
bash-3.1/tests/arith.tests
bash-3.1/tests/arith.right
bash-3.1/tests/arith1.sub
bash-3.1/tests/arith2.sub
bash-3.1/tests/array.tests
bash-3.1/tests/array.right
bash-3.1/tests/array1.sub
bash-3.1/tests/array2.sub
bash-3.1/tests/array3.sub
bash-3.1/tests/array-at-star
bash-3.1/tests/array2.right
bash-3.1/tests/braces.tests
bash-3.1/tests/source1.sub
bash-3.1/tests/braces.right
bash-3.1/tests/builtins.tests
bash-3.1/tests/builtins.right
bash-3.1/tests/builtins1.sub
bash-3.1/tests/builtins2.sub
bash-3.1/tests/source2.sub
bash-3.1/tests/source3.sub
bash-3.1/tests/source4.sub
bash-3.1/tests/source5.sub
bash-3.1/tests/cond.tests
bash-3.1/tests/cond.right
bash-3.1/tests/cprint.tests
bash-3.1/tests/cprint.right
bash-3.1/tests/dbg-support.right
bash-3.1/tests/dbg-support.sub
bash-3.1/tests/dbg-support.tests
bash-3.1/tests/dbg-support2.right
bash-3.1/tests/dbg-support2.tests
bash-3.1/tests/dollar-at-star
bash-3.1/tests/run-all
bash-3.1/tests/dollar-at1.sub
bash-3.1/tests/dollar-at2.sub
bash-3.1/tests/dollar-star1.sub
bash-3.1/tests/dollar-star2.sub
bash-3.1/tests/dollar.right
bash-3.1/tests/dstack.tests
bash-3.1/tests/dstack.right
bash-3.1/tests/dstack2.tests
bash-3.1/tests/dstack2.right
bash-3.1/tests/errors.tests
bash-3.1/tests/errors.right
bash-3.1/tests/execscript
bash-3.1/tests/exec.right
bash-3.1/tests/exec1.sub
bash-3.1/tests/exec2.sub
bash-3.1/tests/exec3.sub
bash-3.1/tests/exec4.sub
bash-3.1/tests/exec5.sub
bash-3.1/tests/exec6.sub
bash-3.1/tests/exec7.sub
bash-3.1/tests/exp-tests
bash-3.1/tests/exp.right
bash-3.1/tests/extglob.tests
bash-3.1/tests/extglob.right
bash-3.1/tests/extglob2.tests
bash-3.1/tests/extglob2.right
bash-3.1/tests/extglob3.tests
bash-3.1/tests/extglob3.right
bash-3.1/tests/func.tests
bash-3.1/tests/func.right
bash-3.1/tests/func1.sub
bash-3.1/tests/func2.sub
bash-3.1/tests/func3.sub
bash-3.1/tests/getopts.tests
bash-3.1/tests/getopts.right
bash-3.1/tests/getopts1.sub
bash-3.1/tests/getopts2.sub
bash-3.1/tests/getopts3.sub
bash-3.1/tests/getopts4.sub
bash-3.1/tests/getopts5.sub
bash-3.1/tests/getopts6.sub
bash-3.1/tests/getopts7.sub
bash-3.1/tests/glob-test
bash-3.1/tests/glob1.sub
bash-3.1/tests/glob.right
bash-3.1/tests/heredoc.tests
bash-3.1/tests/heredoc.right
bash-3.1/tests/herestr.tests
bash-3.1/tests/herestr.right
bash-3.1/tests/histexp.tests
bash-3.1/tests/histexp.right
bash-3.1/tests/history.tests
bash-3.1/tests/history.right
bash-3.1/tests/history.list
bash-3.1/tests/ifs.tests
bash-3.1/tests/ifs.right
bash-3.1/tests/ifs-posix.tests
bash-3.1/tests/ifs-posix.right
bash-3.1/tests/input-line.sh
bash-3.1/tests/input-line.sub
bash-3.1/tests/input.right
bash-3.1/tests/intl.tests
bash-3.1/tests/intl.right
bash-3.1/tests/iquote.tests
bash-3.1/tests/iquote.right
bash-3.1/tests/invert.tests
bash-3.1/tests/invert.right
bash-3.1/tests/jobs.tests
bash-3.1/tests/jobs1.sub
bash-3.1/tests/jobs2.sub
bash-3.1/tests/jobs3.sub
bash-3.1/tests/jobs4.sub
bash-3.1/tests/jobs.right
bash-3.1/tests/more-exp.tests
bash-3.1/tests/more-exp.right
bash-3.1/tests/new-exp.tests
bash-3.1/tests/new-exp1.sub
bash-3.1/tests/new-exp2.sub
bash-3.1/tests/new-exp3.sub
bash-3.1/tests/new-exp4.sub
bash-3.1/tests/new-exp5.sub
bash-3.1/tests/new-exp.right
bash-3.1/tests/run-cond
bash-3.1/tests/nquote.tests
bash-3.1/tests/nquote.right
bash-3.1/tests/nquote1.tests
bash-3.1/tests/nquote1.right
bash-3.1/tests/nquote2.tests
bash-3.1/tests/nquote2.right
bash-3.1/tests/nquote3.tests
bash-3.1/tests/nquote3.right
bash-3.1/tests/nquote4.tests
bash-3.1/tests/nquote4.right
bash-3.1/tests/posix2.tests
bash-3.1/tests/posix2.right
bash-3.1/tests/posixpat.tests
bash-3.1/tests/posixpat.right
bash-3.1/tests/prec.right
bash-3.1/tests/precedence
bash-3.1/tests/printf.tests
bash-3.1/tests/printf.right
bash-3.1/tests/quote.tests
bash-3.1/tests/quote.right
bash-3.1/tests/read.tests
bash-3.1/tests/read.right
bash-3.1/tests/read1.sub
bash-3.1/tests/read2.sub
bash-3.1/tests/read3.sub
bash-3.1/tests/read4.sub
bash-3.1/tests/read5.sub
bash-3.1/tests/redir.tests
bash-3.1/tests/redir.right
bash-3.1/tests/redir1.sub
bash-3.1/tests/redir2.sub
bash-3.1/tests/redir3.sub
bash-3.1/tests/redir3.in1
bash-3.1/tests/redir3.in2
bash-3.1/tests/redir4.sub
bash-3.1/tests/redir4.in1
bash-3.1/tests/redir5.sub
bash-3.1/tests/redir6.sub
bash-3.1/tests/redir7.sub
bash-3.1/tests/rhs-exp.tests
bash-3.1/tests/rhs-exp.right
bash-3.1/tests/rsh.tests
bash-3.1/tests/rsh.right
bash-3.1/tests/run-minimal
bash-3.1/tests/run-alias
bash-3.1/tests/run-appendop
bash-3.1/tests/run-arith-for
bash-3.1/tests/run-arith
bash-3.1/tests/run-array
bash-3.1/tests/run-array2
bash-3.1/tests/run-braces
bash-3.1/tests/run-builtins
bash-3.1/tests/run-cprint
bash-3.1/tests/run-dbg-support
bash-3.1/tests/run-dbg-support2
bash-3.1/tests/run-dirstack
bash-3.1/tests/run-dollars
bash-3.1/tests/run-errors
bash-3.1/tests/run-execscript
bash-3.1/tests/run-exp-tests
bash-3.1/tests/run-extglob
bash-3.1/tests/run-extglob2
bash-3.1/tests/run-func
bash-3.1/tests/run-extglob3
bash-3.1/tests/run-getopts
bash-3.1/tests/run-glob-test
bash-3.1/tests/run-heredoc
bash-3.1/tests/run-herestr
bash-3.1/tests/run-histexpand
bash-3.1/tests/run-history
bash-3.1/tests/run-ifs
bash-3.1/tests/run-ifs-posix
bash-3.1/tests/run-input-test
bash-3.1/tests/run-intl
bash-3.1/tests/run-iquote
bash-3.1/tests/run-invert
bash-3.1/tests/run-jobs
bash-3.1/tests/run-more-exp
bash-3.1/tests/run-new-exp
bash-3.1/tests/run-nquote
bash-3.1/tests/run-nquote1
bash-3.1/tests/run-nquote2
bash-3.1/tests/run-nquote3
bash-3.1/tests/run-nquote4
bash-3.1/tests/run-read
bash-3.1/tests/run-posix2
bash-3.1/tests/run-posixpat
bash-3.1/tests/run-precedence
bash-3.1/tests/run-printf
bash-3.1/tests/run-quote
bash-3.1/tests/run-redir
bash-3.1/tests/run-rhs-exp
bash-3.1/tests/run-rsh
bash-3.1/tests/run-set-e
bash-3.1/tests/run-set-x
bash-3.1/tests/run-shopt
bash-3.1/tests/run-strip
bash-3.1/tests/run-test
bash-3.1/tests/run-tilde
bash-3.1/tests/run-tilde2
bash-3.1/tests/run-trap
bash-3.1/tests/run-type
bash-3.1/tests/run-varenv
bash-3.1/tests/set-e-test
bash-3.1/tests/set-e.right
bash-3.1/tests/set-x.tests
bash-3.1/tests/set-x.right
bash-3.1/tests/shopt.tests
bash-3.1/tests/shopt.right
bash-3.1/tests/strip.tests
bash-3.1/tests/strip.right
bash-3.1/tests/test.tests
bash-3.1/tests/test.right
bash-3.1/tests/tilde.tests
bash-3.1/tests/tilde.right
bash-3.1/tests/tilde2.tests
bash-3.1/tests/tilde2.right
bash-3.1/tests/trap.tests
bash-3.1/tests/trap.right
bash-3.1/tests/trap1.sub
bash-3.1/tests/trap2.sub
bash-3.1/tests/trap2a.sub
bash-3.1/tests/type.tests
bash-3.1/tests/type.right
bash-3.1/tests/varenv.right
bash-3.1/tests/varenv.sh
bash-3.1/tests/varenv1.sub
bash-3.1/tests/varenv2.sub
bash-3.1/tests/version
bash-3.1/tests/version.mini
bash-3.1/ABOUT-NLS
bash-3.1/CHANGES
bash-3.1/COMPAT
bash-3.1/COPYING
bash-3.1/INSTALL
bash-3.1/MANIFEST
bash-3.1/NEWS
bash-3.1/NOTES
bash-3.1/POSIX
bash-3.1/README
bash-3.1/RBASH
bash-3.1/AUTHORS
bash-3.1/Y2K
bash-3.1/configure.in
bash-3.1/configure
bash-3.1/Makefile.in
bash-3.1/array.c
bash-3.1/config-top.h
bash-3.1/config-bot.h
bash-3.1/config.h.in
bash-3.1/aclocal.m4
bash-3.1/arrayfunc.c
bash-3.1/eval.c
bash-3.1/print_cmd.c
bash-3.1/general.c
bash-3.1/list.c
bash-3.1/locale.c
bash-3.1/stringlib.c
bash-3.1/variables.c
bash-3.1/make_cmd.c
bash-3.1/copy_cmd.c
bash-3.1/unwind_prot.c
bash-3.1/dispose_cmd.c
bash-3.1/bashhist.c
bash-3.1/hashcmd.c
bash-3.1/hashlib.c
bash-3.1/parse.y
bash-3.1/pathexp.c
bash-3.1/subst.c
bash-3.1/shell.c
bash-3.1/trap.c
bash-3.1/sig.c
bash-3.1/siglist.c
bash-3.1/version.c
bash-3.1/flags.c
bash-3.1/jobs.c
bash-3.1/input.c
bash-3.1/mailcheck.c
bash-3.1/test.c
bash-3.1/expr.c
bash-3.1/alias.c
bash-3.1/execute_cmd.c
bash-3.1/findcmd.c
bash-3.1/redir.c
bash-3.1/bashline.c
bash-3.1/braces.c
bash-3.1/bracecomp.c
bash-3.1/nojobs.c
bash-3.1/error.c
bash-3.1/xmalloc.c
bash-3.1/pcomplete.c
bash-3.1/pcomplib.c
bash-3.1/mksyntax.c
bash-3.1/alias.h
bash-3.1/builtins.h
bash-3.1/bashhist.h
bash-3.1/bashline.h
bash-3.1/conftypes.h
bash-3.1/patchlevel.h
bash-3.1/variables.h
bash-3.1/array.h
bash-3.1/arrayfunc.h
bash-3.1/jobs.h
bash-3.1/findcmd.h
bash-3.1/hashlib.h
bash-3.1/quit.h
bash-3.1/flags.h
bash-3.1/shell.h
bash-3.1/syntax.h
bash-3.1/pathexp.h
bash-3.1/parser.h
bash-3.1/pcomplete.h
bash-3.1/sig.h
bash-3.1/test.h
bash-3.1/trap.h
bash-3.1/general.h
bash-3.1/unwind_prot.h
bash-3.1/input.h
bash-3.1/error.h
bash-3.1/subst.h
bash-3.1/command.h
bash-3.1/externs.h
bash-3.1/siglist.h
bash-3.1/dispose_cmd.h
bash-3.1/hashcmd.h
bash-3.1/bashansi.h
bash-3.1/bashjmp.h
bash-3.1/bashintl.h
bash-3.1/make_cmd.h
bash-3.1/execute_cmd.h
bash-3.1/redir.h
bash-3.1/bashtypes.h
bash-3.1/mailcheck.h
bash-3.1/xmalloc.h
bash-3.1/y.tab.c
bash-3.1/y.tab.h
bash-3.1/parser-built
bash-3.1/pathnames.h.in
bash-3.1/MANIFEST.doc
