checking build system type... i686-pc-linux-gnu
checking host system type... i686-pc-linux-gnu
checking for emacs... no
checking for xemacs... no

Beginning configuration for bash-3.1-release for i686-pc-linux-gnu

checking for gcc... gcc
checking for C compiler default output... a.out
checking whether the C compiler works... yes
checking whether we are cross compiling... no
checking for suffix of executables... 
checking for suffix of object files... o
checking whether we are using the GNU C compiler... yes
checking whether gcc accepts -g... yes
checking for strerror in -lcposix... no
checking how to run the C preprocessor... gcc -E
checking for ANSI C header files... yes
checking for sys/types.h... yes
checking for sys/stat.h... yes
checking for stdlib.h... yes
checking for string.h... yes
checking for memory.h... yes
checking for strings.h... yes
checking for inttypes.h... yes
checking for stdint.h... yes
checking for unistd.h... yes
checking minix/config.h usability... no
checking minix/config.h presence... no
checking for minix/config.h... no
checking for special C compiler options needed for large files... no
checking for _FILE_OFFSET_BITS value needed for large files... 64
checking for _LARGE_FILES value needed for large files... no
checking whether gcc needs -traditional... no
checking for tgetent... no
checking for tgetent in -ltermcap... no
checking for tgetent in -ltinfo... no
checking for tgetent in -lcurses... yes
checking which library has the termcap functions... using libcurses
checking version of installed readline library... 5.1
checking for a BSD-compatible install... /usr/bin/install -c
checking for ar... ar
checking for ranlib... ranlib
checking for bison... bison -y
checking whether make sets ${MAKE}... yes
checking for gcc option to accept ANSI C... none needed
checking for an ANSI C-conforming const... yes
checking for inline... inline
checking whether byte ordering is bigendian... no
checking for preprocessor stringizing operator... yes
checking for working long double with more range or precision than double... yes
checking for function prototypes... yes
checking whether char is unsigned... no
checking whether NLS is requested... yes
checking for msgfmt... /usr/bin/msgfmt
checking for gmsgfmt... /usr/bin/msgfmt
checking for xgettext... /usr/bin/xgettext
checking for msgmerge... /usr/bin/msgmerge
checking for off_t... yes
checking for size_t... yes
checking for working alloca.h... yes
checking for alloca... yes
checking for stdlib.h... (cached) yes
checking for unistd.h... (cached) yes
checking for getpagesize... yes
checking for working mmap... yes
checking whether we are using the GNU C Library 2.1 or newer... yes
checking whether integer division by zero raises SIGFPE... yes
checking for inttypes.h... yes
checking for stdint.h... yes
checking for unsigned long long... yes
checking for inttypes.h... yes
checking whether the inttypes.h PRIxNN macros are broken... no
checking for ld used by GCC... /usr/bin/ld
checking if the linker (/usr/bin/ld) is GNU ld... yes
checking for shared library run path origin... done
checking argz.h usability... yes
checking argz.h presence... yes
checking for argz.h... yes
checking limits.h usability... yes
checking limits.h presence... yes
checking for limits.h... yes
checking locale.h usability... yes
checking locale.h presence... yes
checking for locale.h... yes
checking nl_types.h usability... yes
checking nl_types.h presence... yes
checking for nl_types.h... yes
checking malloc.h usability... yes
checking malloc.h presence... yes
checking for malloc.h... yes
checking stddef.h usability... yes
checking stddef.h presence... yes
checking for stddef.h... yes
checking for stdlib.h... (cached) yes
checking for string.h... (cached) yes
checking for unistd.h... (cached) yes
checking sys/param.h usability... yes
checking sys/param.h presence... yes
checking for sys/param.h... yes
checking for feof_unlocked... yes
checking for fgets_unlocked... yes
checking for getc_unlocked... yes
checking for getcwd... yes
checking for getegid... yes
checking for geteuid... yes
checking for getgid... yes
checking for getuid... yes
checking for mempcpy... yes
checking for munmap... yes
checking for putenv... yes
checking for setenv... yes
checking for setlocale... yes
checking for stpcpy... yes
checking for strcasecmp... yes
checking for strdup... yes
checking for strtoul... yes
checking for tsearch... yes
checking for __argz_count... yes
checking for __argz_stringify... yes
checking for __argz_next... yes
checking for __fsetlocking... yes
checking for iconv... yes
checking for iconv declaration... 
         extern size_t iconv (iconv_t cd, char * *inbuf, size_t *inbytesleft, char * *outbuf, size_t *outbytesleft);
checking for nl_langinfo and CODESET... yes
checking for LC_MESSAGES... yes
checking for bison... bison
checking version of bison... 2.2, ok
checking whether NLS is requested... yes
checking whether included gettext is requested... no
checking for GNU gettext in libc... yes
checking whether to use NLS... yes
checking where the gettext function comes from... libc
checking for dirent.h that defines DIR... yes
checking for library containing opendir... none required
checking whether time.h and sys/time.h may both be included... yes
checking for inttypes.h... (cached) yes
checking for unistd.h... (cached) yes
checking for stdlib.h... (cached) yes
checking stdarg.h usability... yes
checking stdarg.h presence... yes
checking for stdarg.h... yes
checking varargs.h usability... no
checking varargs.h presence... no
checking for varargs.h... no
checking for limits.h... (cached) yes
checking for string.h... (cached) yes
checking for memory.h... (cached) yes
checking for locale.h... (cached) yes
checking termcap.h usability... yes
checking termcap.h presence... yes
checking for termcap.h... yes
checking termio.h usability... yes
checking termio.h presence... yes
checking for termio.h... yes
checking termios.h usability... yes
checking termios.h presence... yes
checking for termios.h... yes
checking dlfcn.h usability... yes
checking dlfcn.h presence... yes
checking for dlfcn.h... yes
checking for stddef.h... (cached) yes
checking for stdint.h... (cached) yes
checking netdb.h usability... yes
checking netdb.h presence... yes
checking for netdb.h... yes
checking pwd.h usability... yes
checking pwd.h presence... yes
checking for pwd.h... yes
checking grp.h usability... yes
checking grp.h presence... yes
checking for grp.h... yes
checking for strings.h... (cached) yes
checking regex.h usability... yes
checking regex.h presence... yes
checking for regex.h... yes
checking sys/pte.h usability... no
checking sys/pte.h presence... no
checking for sys/pte.h... no
checking sys/stream.h usability... no
checking sys/stream.h presence... no
checking for sys/stream.h... no
checking sys/select.h usability... yes
checking sys/select.h presence... yes
checking for sys/select.h... yes
checking sys/file.h usability... yes
checking sys/file.h presence... yes
checking for sys/file.h... yes
checking sys/resource.h usability... yes
checking sys/resource.h presence... yes
checking for sys/resource.h... yes
checking for sys/param.h... (cached) yes
checking sys/socket.h usability... yes
checking sys/socket.h presence... yes
checking for sys/socket.h... yes
checking for sys/stat.h... (cached) yes
checking sys/time.h usability... yes
checking sys/time.h presence... yes
checking for sys/time.h... yes
checking sys/times.h usability... yes
checking sys/times.h presence... yes
checking for sys/times.h... yes
checking for sys/types.h... (cached) yes
checking sys/wait.h usability... yes
checking sys/wait.h presence... yes
checking for sys/wait.h... yes
checking netinet/in.h usability... yes
checking netinet/in.h presence... yes
checking for netinet/in.h... yes
checking arpa/inet.h usability... yes
checking arpa/inet.h presence... yes
checking for arpa/inet.h... yes
checking for sys/ptem.h... no
checking for working alloca.h... (cached) yes
checking for alloca... (cached) yes
checking whether getpgrp requires zero arguments... yes
checking whether setvbuf arguments are reversed... no
checking for vprintf... yes
checking for _doprnt... no
checking for working strcoll... yes
checking return type of signal handlers... void
checking for __setostype... no
checking for wait3... yes
checking for isinf... yes
checking for mkfifo... yes
checking for dup2... yes
checking for fcntl... yes
checking for getdtablesize... yes
checking for getgroups... yes
checking for gethostname... yes
checking for getpagesize... (cached) yes
checking for getpeername... yes
checking for getrlimit... yes
checking for getrusage... yes
checking for gettimeofday... yes
checking for kill... yes
checking for killpg... yes
checking for lstat... yes
checking for readlink... yes
checking for sbrk... yes
checking for select... yes
checking for setdtablesize... no
checking for tcgetpgrp... yes
checking for uname... yes
checking for ulimit... yes
checking for waitpid... yes
checking for rename... yes
checking for bcopy... yes
checking for bzero... yes
checking for confstr... yes
checking for fnmatch... yes
checking for getaddrinfo... yes
checking for gethostbyname... yes
checking for getservbyname... yes
checking for getservent... yes
checking for inet_aton... yes
checking for memmove... yes
checking for pathconf... yes
checking for putenv... (cached) yes
checking for raise... yes
checking for regcomp... yes
checking for regexec... yes
checking for setenv... (cached) yes
checking for setlinebuf... yes
checking for setlocale... (cached) yes
checking for setvbuf... yes
checking for siginterrupt... yes
checking for strchr... yes
checking for sysconf... yes
checking for tcgetattr... yes
checking for times... yes
checking for ttyname... yes
checking for tzset... yes
checking for unsetenv... yes
checking for vsnprintf... yes
checking for snprintf... yes
checking for vasprintf... yes
checking for asprintf... yes
checking for isascii... yes
checking for isblank... yes
checking for isgraph... yes
checking for isprint... yes
checking for isspace... yes
checking for isxdigit... yes
checking for getpwent... yes
checking for getpwnam... yes
checking for getpwuid... yes
checking for getcwd... (cached) yes
checking for memset... yes
checking for strcasecmp... (cached) yes
checking for strerror... yes
checking for strftime... yes
checking for strnlen... yes
checking for strpbrk... yes
checking for strstr... yes
checking for strtod... yes
checking for strtol... yes
checking for strtoul... (cached) yes
checking for strtoll... yes
checking for strtoull... yes
checking for strtoimax... yes
checking for strtoumax... yes
checking whether confstr is declared... yes
checking whether printf is declared... yes
checking whether sbrk is declared... yes
checking whether strcpy is declared... yes
checking whether strsignal is declared... yes
checking whether strtold is declared... yes
checking for broken strtold... no
checking for declaration of strtoimax... yes
checking for declaration of strtol... yes
checking for declaration of strtoll... yes
checking for declaration of strtoul... yes
checking for declaration of strtoull... yes
checking for declaration of strtoumax... yes
checking for sys/time.h... (cached) yes
checking for unistd.h... (cached) yes
checking for alarm... yes
checking for working mktime... yes
checking for argz.h... (cached) yes
checking errno.h usability... yes
checking errno.h presence... yes
checking for errno.h... yes
checking fcntl.h usability... yes
checking fcntl.h presence... yes
checking for fcntl.h... yes
checking for malloc.h... (cached) yes
checking stdio_ext.h usability... yes
checking stdio_ext.h presence... yes
checking for stdio_ext.h... yes
checking for stdlib.h... (cached) yes
checking for unistd.h... (cached) yes
checking for getpagesize... (cached) yes
checking for working mmap... (cached) yes
checking for __argz_count... (cached) yes
checking for __argz_next... (cached) yes
checking for __argz_stringify... (cached) yes
checking for dcgettext... yes
checking for mempcpy... (cached) yes
checking for munmap... (cached) yes
checking for stpcpy... (cached) yes
checking for strcspn... yes
checking for strdup... (cached) yes
checking wctype.h usability... yes
checking wctype.h presence... yes
checking for wctype.h... yes
checking wchar.h usability... yes
checking wchar.h presence... yes
checking for wchar.h... yes
checking langinfo.h usability... yes
checking langinfo.h presence... yes
checking for langinfo.h... yes
checking for mbsrtowcs... yes
checking for mbrtowc... yes
checking for mbrlen... yes
checking for wctomb... yes
checking for wcwidth... yes
checking for wcsdup... yes
checking for mbstate_t... yes
checking for nl_langinfo and CODESET... yes
checking for dlopen in -ldl... yes
checking for dlopen... yes
checking for dlclose... yes
checking for dlsym... yes
checking for sys_siglist declaration in signal.h or unistd.h... yes
checking for uid_t in sys/types.h... yes
checking type of array argument to getgroups... gid_t
checking for off_t... (cached) yes
checking for mode_t... yes
checking for uid_t in sys/types.h... (cached) yes
checking for pid_t... yes
checking for size_t... (cached) yes
checking for ssize_t... yes
checking for time_t... yes
checking for long long... long long
checking for unsigned long long... unsigned long long
checking return type of signal handlers... (cached) void
checking for char... yes
checking size of char... 1
checking for short... yes
checking size of short... 2
checking for int... yes
checking size of int... 4
checking for long... yes
checking size of long... 4
checking for char *... yes
checking size of char *... 4
checking for double... yes
checking size of double... 8
checking for long long... yes
checking size of long long... 8
checking for u_int... yes
checking for u_long... yes
checking for bits16_t... no
checking for u_bits16_t... no
checking for bits32_t... no
checking for u_bits32_t... no
checking for bits64_t... no
checking for ptrdiff_t... yes
checking whether stat file-mode macros are broken... no
checking whether #! works in shell scripts... yes
checking whether the ctype macros accept non-ascii characters... no
checking if dup2 fails to clear the close-on-exec flag... no
checking whether pgrps need synchronization... no
checking for type of signal functions... posix
checking for sys_errlist and sys_nerr... yes
checking for sys_siglist in system C library... yes
checking for _sys_siglist in signal.h or unistd.h... yes
checking for _sys_siglist in system C library... yes
checking whether signal handlers are of type void... yes
checking for clock_t... yes
checking for sigset_t... yes
checking for quad_t... yes
checking for intmax_t... yes
checking for uintmax_t... yes
checking for socklen_t... yes
checking for size and type of struct rlimit fields... rlim_t
checking for struct termios.c_line... yes
checking for struct termio.c_line... yes
checking for struct dirent.d_ino... yes
checking for struct dirent.d_fileno... yes
checking for struct dirent.d_namlen... no
checking for struct winsize in sys/ioctl.h and termios.h... sys/ioctl.h
checking for struct timeval in sys/time.h and time.h... yes
checking for struct stat.st_blocks... yes
checking whether struct tm is in sys/time.h or time.h... time.h
checking for struct tm.tm_zone... yes
checking for struct timezone in sys/time.h and time.h... yes
checking for the existence of strsignal... yes
checking if opendir() opens non-directories... no
checking whether ulimit can substitute for getdtablesize... yes
checking to see if getenv can be redefined... yes
checking if getcwd() will dynamically allocate memory... yes
checking for presence of POSIX-style sigsetjmp/siglongjmp... present
checking whether or not strcoll and strcmp differ... no
checking for standard-conformant putenv declaration... yes
checking for standard-conformant unsetenv declaration... yes
checking for printf floating point output in hex notation... yes
checking if signal handlers must be reinstalled when invoked... no
checking for presence of necessary job control definitions... present
checking for presence of named pipes... present
checking POSIX termios... yes
checking whether termios.h defines TIOCGWINSZ... no
checking whether sys/ioctl.h defines TIOCGWINSZ... yes
checking for TIOCSTAT in sys/ioctl.h... no
checking for FIONREAD in sys/ioctl.h... yes
checking whether WCONTINUED flag to waitpid is unavailable or available but broken... no
checking for speed_t in sys/types.h... no
checking whether getpw functions are declared in pwd.h... yes
checking for unusable real-time signals due to large values... no
checking which library has the termcap functions... (cached) using libcurses
checking whether /dev/fd is available... standard
checking whether /dev/stdin stdout stderr are available... present
checking for default mail directory... unknown
checking shared object configuration for loadable builtins... supported
configure: creating ./config.status
config.status: creating Makefile
config.status: creating builtins/Makefile
config.status: creating lib/readline/Makefile
config.status: creating lib/glob/Makefile
config.status: creating lib/intl/Makefile
config.status: creating lib/malloc/Makefile
config.status: creating lib/sh/Makefile
config.status: creating lib/termcap/Makefile
config.status: creating lib/tilde/Makefile
config.status: creating doc/Makefile
config.status: creating support/Makefile
config.status: creating po/Makefile.in
config.status: creating examples/loadables/Makefile
config.status: creating examples/loadables/perl/Makefile
config.status: creating pathnames.h
config.status: creating config.h
config.status: executing default-1 commands
config.status: creating po/POTFILES
config.status: creating po/Makefile
config.status: executing default commands
