bison -y -d ./parse.y
touch parser-built
gcc  -DPROGRAM='"bash"' -DCONF_HOSTTYPE='"i686"' -DCONF_OSTYPE='"linux-gnu"' -DCONF_MACHTYPE='"i686-pc-linux-gnu"' -DCONF_VENDOR='"pc"' -DLOCALEDIR='"/usr/share/locale"' -DPACKAGE='"bash"' -DSHELL -DHAVE_CONFIG_H   -I.  -I. -I./include -I./lib   -g  -o mksyntax ./mksyntax.c
rm -f syntax.c
./mksyntax -o syntax.c
/bin/sh ./support/mkversion.sh -b -S . -s release -d 3.1 -o newversion.h \
&& mv newversion.h version.h
gcc  -DPROGRAM='"bash"' -DCONF_HOSTTYPE='"i686"' -DCONF_OSTYPE='"linux-gnu"' -DCONF_MACHTYPE='"i686-pc-linux-gnu"' -DCONF_VENDOR='"pc"' -DLOCALEDIR='"/usr/share/locale"' -DPACKAGE='"bash"' -DSHELL -DHAVE_CONFIG_H   -I.  -I. -I./include -I./lib   -g  -DBUILDTOOL -c -o buildversion.o ./version.c
gcc  -DPROGRAM='"bash"' -DCONF_HOSTTYPE='"i686"' -DCONF_OSTYPE='"linux-gnu"' -DCONF_MACHTYPE='"i686-pc-linux-gnu"' -DCONF_VENDOR='"pc"' -DLOCALEDIR='"/usr/share/locale"' -DPACKAGE='"bash"' -DSHELL -DHAVE_CONFIG_H   -I.  -I. -I./include -I./lib   -g  -o bashversion ./support/bashversion.c buildversion.o

	  ***********************************************************
	  *                                                         *
	  * GNU bash, version 3.1.17(1)-release (i686-pc-linux-gnu)
	  *                                                         *
	  ***********************************************************

rm -f shell.o
gcc  -DPROGRAM='"bash"' -DCONF_HOSTTYPE='"i686"' -DCONF_OSTYPE='"linux-gnu"' -DCONF_MACHTYPE='"i686-pc-linux-gnu"' -DCONF_VENDOR='"pc"' -DLOCALEDIR='"/usr/share/locale"' -DPACKAGE='"bash"' -DSHELL -DHAVE_CONFIG_H   -I.  -I. -I./include -I./lib   -g -O2 -c shell.c
rm -f eval.o
gcc  -DPROGRAM='"bash"' -DCONF_HOSTTYPE='"i686"' -DCONF_OSTYPE='"linux-gnu"' -DCONF_MACHTYPE='"i686-pc-linux-gnu"' -DCONF_VENDOR='"pc"' -DLOCALEDIR='"/usr/share/locale"' -DPACKAGE='"bash"' -DSHELL -DHAVE_CONFIG_H   -I.  -I. -I./include -I./lib   -g -O2 -c eval.c
make[1]: Entering directory `/mnt/sda1/aethernet/subversion/checkout/main/trunk/autobuild/packages/bash/bash-3.1/unpack/bash-3.1/builtins'
rm -f mkbuiltins.o
gcc -c  -DHAVE_CONFIG_H -DSHELL  -I. -I..  -I.. -I../include -I../lib -I.    -g  mkbuiltins.c
gcc -rdynamic -g -O2 -o mkbuiltins mkbuiltins.o -ldl 
./mkbuiltins -externfile builtext.h -structfile builtins.c \
    -noproduction -D .   ./alias.def ./bind.def ./break.def ./builtin.def ./caller.def ./cd.def ./colon.def ./command.def ./declare.def ./echo.def ./enable.def ./eval.def ./getopts.def ./exec.def ./exit.def ./fc.def ./fg_bg.def ./hash.def ./help.def ./history.def ./jobs.def ./kill.def ./let.def ./read.def ./return.def ./set.def ./setattr.def ./shift.def ./source.def ./suspend.def ./test.def ./times.def ./trap.def ./type.def ./ulimit.def ./umask.def ./wait.def ./reserved.def ./pushd.def ./shopt.def ./printf.def ./complete.def
make[1]: Leaving directory `/mnt/sda1/aethernet/subversion/checkout/main/trunk/autobuild/packages/bash/bash-3.1/unpack/bash-3.1/builtins'
rm -f y.tab.o
gcc  -DPROGRAM='"bash"' -DCONF_HOSTTYPE='"i686"' -DCONF_OSTYPE='"linux-gnu"' -DCONF_MACHTYPE='"i686-pc-linux-gnu"' -DCONF_VENDOR='"pc"' -DLOCALEDIR='"/usr/share/locale"' -DPACKAGE='"bash"' -DSHELL -DHAVE_CONFIG_H   -I.  -I. -I./include -I./lib   -g -O2 -c y.tab.c
rm -f general.o
gcc  -DPROGRAM='"bash"' -DCONF_HOSTTYPE='"i686"' -DCONF_OSTYPE='"linux-gnu"' -DCONF_MACHTYPE='"i686-pc-linux-gnu"' -DCONF_VENDOR='"pc"' -DLOCALEDIR='"/usr/share/locale"' -DPACKAGE='"bash"' -DSHELL -DHAVE_CONFIG_H   -I.  -I. -I./include -I./lib   -g -O2 -c general.c
rm -f make_cmd.o
gcc  -DPROGRAM='"bash"' -DCONF_HOSTTYPE='"i686"' -DCONF_OSTYPE='"linux-gnu"' -DCONF_MACHTYPE='"i686-pc-linux-gnu"' -DCONF_VENDOR='"pc"' -DLOCALEDIR='"/usr/share/locale"' -DPACKAGE='"bash"' -DSHELL -DHAVE_CONFIG_H   -I.  -I. -I./include -I./lib   -g -O2 -c make_cmd.c
rm -f print_cmd.o
gcc  -DPROGRAM='"bash"' -DCONF_HOSTTYPE='"i686"' -DCONF_OSTYPE='"linux-gnu"' -DCONF_MACHTYPE='"i686-pc-linux-gnu"' -DCONF_VENDOR='"pc"' -DLOCALEDIR='"/usr/share/locale"' -DPACKAGE='"bash"' -DSHELL -DHAVE_CONFIG_H   -I.  -I. -I./include -I./lib   -g -O2 -c print_cmd.c
rm -f dispose_cmd.o
gcc  -DPROGRAM='"bash"' -DCONF_HOSTTYPE='"i686"' -DCONF_OSTYPE='"linux-gnu"' -DCONF_MACHTYPE='"i686-pc-linux-gnu"' -DCONF_VENDOR='"pc"' -DLOCALEDIR='"/usr/share/locale"' -DPACKAGE='"bash"' -DSHELL -DHAVE_CONFIG_H   -I.  -I. -I./include -I./lib   -g -O2 -c dispose_cmd.c
rm -f execute_cmd.o
gcc  -DPROGRAM='"bash"' -DCONF_HOSTTYPE='"i686"' -DCONF_OSTYPE='"linux-gnu"' -DCONF_MACHTYPE='"i686-pc-linux-gnu"' -DCONF_VENDOR='"pc"' -DLOCALEDIR='"/usr/share/locale"' -DPACKAGE='"bash"' -DSHELL -DHAVE_CONFIG_H   -I.  -I. -I./include -I./lib   -g -O2 -c execute_cmd.c
rm -f variables.o
gcc  -DPROGRAM='"bash"' -DCONF_HOSTTYPE='"i686"' -DCONF_OSTYPE='"linux-gnu"' -DCONF_MACHTYPE='"i686-pc-linux-gnu"' -DCONF_VENDOR='"pc"' -DLOCALEDIR='"/usr/share/locale"' -DPACKAGE='"bash"' -DSHELL -DHAVE_CONFIG_H   -I.  -I. -I./include -I./lib   -g -O2 -c variables.c
rm -f copy_cmd.o
gcc  -DPROGRAM='"bash"' -DCONF_HOSTTYPE='"i686"' -DCONF_OSTYPE='"linux-gnu"' -DCONF_MACHTYPE='"i686-pc-linux-gnu"' -DCONF_VENDOR='"pc"' -DLOCALEDIR='"/usr/share/locale"' -DPACKAGE='"bash"' -DSHELL -DHAVE_CONFIG_H   -I.  -I. -I./include -I./lib   -g -O2 -c copy_cmd.c
rm -f error.o
gcc  -DPROGRAM='"bash"' -DCONF_HOSTTYPE='"i686"' -DCONF_OSTYPE='"linux-gnu"' -DCONF_MACHTYPE='"i686-pc-linux-gnu"' -DCONF_VENDOR='"pc"' -DLOCALEDIR='"/usr/share/locale"' -DPACKAGE='"bash"' -DSHELL -DHAVE_CONFIG_H   -I.  -I. -I./include -I./lib   -g -O2 -c error.c
rm -f expr.o
gcc  -DPROGRAM='"bash"' -DCONF_HOSTTYPE='"i686"' -DCONF_OSTYPE='"linux-gnu"' -DCONF_MACHTYPE='"i686-pc-linux-gnu"' -DCONF_VENDOR='"pc"' -DLOCALEDIR='"/usr/share/locale"' -DPACKAGE='"bash"' -DSHELL -DHAVE_CONFIG_H   -I.  -I. -I./include -I./lib   -g -O2 -c expr.c
rm -f flags.o
gcc  -DPROGRAM='"bash"' -DCONF_HOSTTYPE='"i686"' -DCONF_OSTYPE='"linux-gnu"' -DCONF_MACHTYPE='"i686-pc-linux-gnu"' -DCONF_VENDOR='"pc"' -DLOCALEDIR='"/usr/share/locale"' -DPACKAGE='"bash"' -DSHELL -DHAVE_CONFIG_H   -I.  -I. -I./include -I./lib   -g -O2 -c flags.c
rm -f jobs.o
gcc  -DPROGRAM='"bash"' -DCONF_HOSTTYPE='"i686"' -DCONF_OSTYPE='"linux-gnu"' -DCONF_MACHTYPE='"i686-pc-linux-gnu"' -DCONF_VENDOR='"pc"' -DLOCALEDIR='"/usr/share/locale"' -DPACKAGE='"bash"' -DSHELL -DHAVE_CONFIG_H   -I.  -I. -I./include -I./lib   -g -O2 -c jobs.c
rm -f subst.o
gcc  -DPROGRAM='"bash"' -DCONF_HOSTTYPE='"i686"' -DCONF_OSTYPE='"linux-gnu"' -DCONF_MACHTYPE='"i686-pc-linux-gnu"' -DCONF_VENDOR='"pc"' -DLOCALEDIR='"/usr/share/locale"' -DPACKAGE='"bash"' -DSHELL -DHAVE_CONFIG_H   -I.  -I. -I./include -I./lib   -g -O2 -c subst.c
rm -f hashcmd.o
gcc  -DPROGRAM='"bash"' -DCONF_HOSTTYPE='"i686"' -DCONF_OSTYPE='"linux-gnu"' -DCONF_MACHTYPE='"i686-pc-linux-gnu"' -DCONF_VENDOR='"pc"' -DLOCALEDIR='"/usr/share/locale"' -DPACKAGE='"bash"' -DSHELL -DHAVE_CONFIG_H   -I.  -I. -I./include -I./lib   -g -O2 -c hashcmd.c
rm -f hashlib.o
gcc  -DPROGRAM='"bash"' -DCONF_HOSTTYPE='"i686"' -DCONF_OSTYPE='"linux-gnu"' -DCONF_MACHTYPE='"i686-pc-linux-gnu"' -DCONF_VENDOR='"pc"' -DLOCALEDIR='"/usr/share/locale"' -DPACKAGE='"bash"' -DSHELL -DHAVE_CONFIG_H   -I.  -I. -I./include -I./lib   -g -O2 -c hashlib.c
rm -f mailcheck.o
gcc  -DPROGRAM='"bash"' -DCONF_HOSTTYPE='"i686"' -DCONF_OSTYPE='"linux-gnu"' -DCONF_MACHTYPE='"i686-pc-linux-gnu"' -DCONF_VENDOR='"pc"' -DLOCALEDIR='"/usr/share/locale"' -DPACKAGE='"bash"' -DSHELL -DHAVE_CONFIG_H   -I.  -I. -I./include -I./lib   -g -O2 -c mailcheck.c
gcc  -DPROGRAM='"bash"' -DCONF_HOSTTYPE='"i686"' -DCONF_OSTYPE='"linux-gnu"' -DCONF_MACHTYPE='"i686-pc-linux-gnu"' -DCONF_VENDOR='"pc"' -DLOCALEDIR='"/usr/share/locale"' -DPACKAGE='"bash"' -DSHELL -DHAVE_CONFIG_H   -I.  -I. -I./include -I./lib   -g  -o mksignames ./support/mksignames.c
rm -f lsignames.h
./mksignames lsignames.h
if cmp -s lsignames.h signames.h ; then :; else rm -f signames.h ; cp lsignames.h signames.h ; fi
rm -f trap.o
gcc  -DPROGRAM='"bash"' -DCONF_HOSTTYPE='"i686"' -DCONF_OSTYPE='"linux-gnu"' -DCONF_MACHTYPE='"i686-pc-linux-gnu"' -DCONF_VENDOR='"pc"' -DLOCALEDIR='"/usr/share/locale"' -DPACKAGE='"bash"' -DSHELL -DHAVE_CONFIG_H   -I.  -I. -I./include -I./lib   -g -O2 -c trap.c
rm -f input.o
gcc  -DPROGRAM='"bash"' -DCONF_HOSTTYPE='"i686"' -DCONF_OSTYPE='"linux-gnu"' -DCONF_MACHTYPE='"i686-pc-linux-gnu"' -DCONF_VENDOR='"pc"' -DLOCALEDIR='"/usr/share/locale"' -DPACKAGE='"bash"' -DSHELL -DHAVE_CONFIG_H   -I.  -I. -I./include -I./lib   -g -O2 -c input.c
rm -f unwind_prot.o
gcc  -DPROGRAM='"bash"' -DCONF_HOSTTYPE='"i686"' -DCONF_OSTYPE='"linux-gnu"' -DCONF_MACHTYPE='"i686-pc-linux-gnu"' -DCONF_VENDOR='"pc"' -DLOCALEDIR='"/usr/share/locale"' -DPACKAGE='"bash"' -DSHELL -DHAVE_CONFIG_H   -I.  -I. -I./include -I./lib   -g -O2 -c unwind_prot.c
rm -f pathexp.o
gcc  -DPROGRAM='"bash"' -DCONF_HOSTTYPE='"i686"' -DCONF_OSTYPE='"linux-gnu"' -DCONF_MACHTYPE='"i686-pc-linux-gnu"' -DCONF_VENDOR='"pc"' -DLOCALEDIR='"/usr/share/locale"' -DPACKAGE='"bash"' -DSHELL -DHAVE_CONFIG_H   -I.  -I. -I./include -I./lib   -g -O2 -c pathexp.c
rm -f sig.o
gcc  -DPROGRAM='"bash"' -DCONF_HOSTTYPE='"i686"' -DCONF_OSTYPE='"linux-gnu"' -DCONF_MACHTYPE='"i686-pc-linux-gnu"' -DCONF_VENDOR='"pc"' -DLOCALEDIR='"/usr/share/locale"' -DPACKAGE='"bash"' -DSHELL -DHAVE_CONFIG_H   -I.  -I. -I./include -I./lib   -g -O2 -c sig.c
rm -f test.o
gcc  -DPROGRAM='"bash"' -DCONF_HOSTTYPE='"i686"' -DCONF_OSTYPE='"linux-gnu"' -DCONF_MACHTYPE='"i686-pc-linux-gnu"' -DCONF_VENDOR='"pc"' -DLOCALEDIR='"/usr/share/locale"' -DPACKAGE='"bash"' -DSHELL -DHAVE_CONFIG_H   -I.  -I. -I./include -I./lib   -g -O2 -c test.c
rm -f version.o
gcc  -DPROGRAM='"bash"' -DCONF_HOSTTYPE='"i686"' -DCONF_OSTYPE='"linux-gnu"' -DCONF_MACHTYPE='"i686-pc-linux-gnu"' -DCONF_VENDOR='"pc"' -DLOCALEDIR='"/usr/share/locale"' -DPACKAGE='"bash"' -DSHELL -DHAVE_CONFIG_H   -I.  -I. -I./include -I./lib   -g -O2 -c version.c
rm -f alias.o
gcc  -DPROGRAM='"bash"' -DCONF_HOSTTYPE='"i686"' -DCONF_OSTYPE='"linux-gnu"' -DCONF_MACHTYPE='"i686-pc-linux-gnu"' -DCONF_VENDOR='"pc"' -DLOCALEDIR='"/usr/share/locale"' -DPACKAGE='"bash"' -DSHELL -DHAVE_CONFIG_H   -I.  -I. -I./include -I./lib   -g -O2 -c alias.c
rm -f array.o
gcc  -DPROGRAM='"bash"' -DCONF_HOSTTYPE='"i686"' -DCONF_OSTYPE='"linux-gnu"' -DCONF_MACHTYPE='"i686-pc-linux-gnu"' -DCONF_VENDOR='"pc"' -DLOCALEDIR='"/usr/share/locale"' -DPACKAGE='"bash"' -DSHELL -DHAVE_CONFIG_H   -I.  -I. -I./include -I./lib   -g -O2 -c array.c
rm -f arrayfunc.o
gcc  -DPROGRAM='"bash"' -DCONF_HOSTTYPE='"i686"' -DCONF_OSTYPE='"linux-gnu"' -DCONF_MACHTYPE='"i686-pc-linux-gnu"' -DCONF_VENDOR='"pc"' -DLOCALEDIR='"/usr/share/locale"' -DPACKAGE='"bash"' -DSHELL -DHAVE_CONFIG_H   -I.  -I. -I./include -I./lib   -g -O2 -c arrayfunc.c
rm -f braces.o
gcc  -DPROGRAM='"bash"' -DCONF_HOSTTYPE='"i686"' -DCONF_OSTYPE='"linux-gnu"' -DCONF_MACHTYPE='"i686-pc-linux-gnu"' -DCONF_VENDOR='"pc"' -DLOCALEDIR='"/usr/share/locale"' -DPACKAGE='"bash"' -DSHELL -DHAVE_CONFIG_H   -I.  -I. -I./include -I./lib   -g -O2 -c braces.c
rm -f bracecomp.o
gcc  -DPROGRAM='"bash"' -DCONF_HOSTTYPE='"i686"' -DCONF_OSTYPE='"linux-gnu"' -DCONF_MACHTYPE='"i686-pc-linux-gnu"' -DCONF_VENDOR='"pc"' -DLOCALEDIR='"/usr/share/locale"' -DPACKAGE='"bash"' -DSHELL -DHAVE_CONFIG_H   -I.  -I. -I./include -I./lib   -g -O2 -c bracecomp.c
rm -f bashhist.o
gcc  -DPROGRAM='"bash"' -DCONF_HOSTTYPE='"i686"' -DCONF_OSTYPE='"linux-gnu"' -DCONF_MACHTYPE='"i686-pc-linux-gnu"' -DCONF_VENDOR='"pc"' -DLOCALEDIR='"/usr/share/locale"' -DPACKAGE='"bash"' -DSHELL -DHAVE_CONFIG_H   -I.  -I. -I./include -I./lib   -g -O2 -c bashhist.c
rm -f bashline.o
gcc  -DPROGRAM='"bash"' -DCONF_HOSTTYPE='"i686"' -DCONF_OSTYPE='"linux-gnu"' -DCONF_MACHTYPE='"i686-pc-linux-gnu"' -DCONF_VENDOR='"pc"' -DLOCALEDIR='"/usr/share/locale"' -DPACKAGE='"bash"' -DSHELL -DHAVE_CONFIG_H   -I.  -I. -I./include -I./lib   -g -O2 -c bashline.c
rm -f list.o
gcc  -DPROGRAM='"bash"' -DCONF_HOSTTYPE='"i686"' -DCONF_OSTYPE='"linux-gnu"' -DCONF_MACHTYPE='"i686-pc-linux-gnu"' -DCONF_VENDOR='"pc"' -DLOCALEDIR='"/usr/share/locale"' -DPACKAGE='"bash"' -DSHELL -DHAVE_CONFIG_H   -I.  -I. -I./include -I./lib   -g -O2 -c list.c
rm -f stringlib.o
gcc  -DPROGRAM='"bash"' -DCONF_HOSTTYPE='"i686"' -DCONF_OSTYPE='"linux-gnu"' -DCONF_MACHTYPE='"i686-pc-linux-gnu"' -DCONF_VENDOR='"pc"' -DLOCALEDIR='"/usr/share/locale"' -DPACKAGE='"bash"' -DSHELL -DHAVE_CONFIG_H   -I.  -I. -I./include -I./lib   -g -O2 -c stringlib.c
rm -f locale.o
gcc  -DPROGRAM='"bash"' -DCONF_HOSTTYPE='"i686"' -DCONF_OSTYPE='"linux-gnu"' -DCONF_MACHTYPE='"i686-pc-linux-gnu"' -DCONF_VENDOR='"pc"' -DLOCALEDIR='"/usr/share/locale"' -DPACKAGE='"bash"' -DSHELL -DHAVE_CONFIG_H   -I.  -I. -I./include -I./lib   -g -O2 -c locale.c
rm -f findcmd.o
gcc  -DPROGRAM='"bash"' -DCONF_HOSTTYPE='"i686"' -DCONF_OSTYPE='"linux-gnu"' -DCONF_MACHTYPE='"i686-pc-linux-gnu"' -DCONF_VENDOR='"pc"' -DLOCALEDIR='"/usr/share/locale"' -DPACKAGE='"bash"' -DSHELL -DHAVE_CONFIG_H   -I.  -I. -I./include -I./lib   -g -O2 -c findcmd.c
rm -f redir.o
gcc  -DPROGRAM='"bash"' -DCONF_HOSTTYPE='"i686"' -DCONF_OSTYPE='"linux-gnu"' -DCONF_MACHTYPE='"i686-pc-linux-gnu"' -DCONF_VENDOR='"pc"' -DLOCALEDIR='"/usr/share/locale"' -DPACKAGE='"bash"' -DSHELL -DHAVE_CONFIG_H   -I.  -I. -I./include -I./lib   -g -O2 -c redir.c
rm -f pcomplete.o
gcc  -DPROGRAM='"bash"' -DCONF_HOSTTYPE='"i686"' -DCONF_OSTYPE='"linux-gnu"' -DCONF_MACHTYPE='"i686-pc-linux-gnu"' -DCONF_VENDOR='"pc"' -DLOCALEDIR='"/usr/share/locale"' -DPACKAGE='"bash"' -DSHELL -DHAVE_CONFIG_H   -I.  -I. -I./include -I./lib   -g -O2 -c pcomplete.c
rm -f pcomplib.o
gcc  -DPROGRAM='"bash"' -DCONF_HOSTTYPE='"i686"' -DCONF_OSTYPE='"linux-gnu"' -DCONF_MACHTYPE='"i686-pc-linux-gnu"' -DCONF_VENDOR='"pc"' -DLOCALEDIR='"/usr/share/locale"' -DPACKAGE='"bash"' -DSHELL -DHAVE_CONFIG_H   -I.  -I. -I./include -I./lib   -g -O2 -c pcomplib.c
rm -f syntax.o
gcc  -DPROGRAM='"bash"' -DCONF_HOSTTYPE='"i686"' -DCONF_OSTYPE='"linux-gnu"' -DCONF_MACHTYPE='"i686-pc-linux-gnu"' -DCONF_VENDOR='"pc"' -DLOCALEDIR='"/usr/share/locale"' -DPACKAGE='"bash"' -DSHELL -DHAVE_CONFIG_H   -I.  -I. -I./include -I./lib   -g -O2 -c syntax.c
rm -f xmalloc.o
gcc  -DPROGRAM='"bash"' -DCONF_HOSTTYPE='"i686"' -DCONF_OSTYPE='"linux-gnu"' -DCONF_MACHTYPE='"i686-pc-linux-gnu"' -DCONF_VENDOR='"pc"' -DLOCALEDIR='"/usr/share/locale"' -DPACKAGE='"bash"' -DSHELL -DHAVE_CONFIG_H   -I.  -I. -I./include -I./lib   -g -O2 -c xmalloc.c
make[1]: Entering directory `/mnt/sda1/aethernet/subversion/checkout/main/trunk/autobuild/packages/bash/bash-3.1/unpack/bash-3.1/builtins'
rm -f builtins.o
gcc -c  -DHAVE_CONFIG_H -DSHELL  -I. -I..  -I.. -I../include -I../lib -I.    -g -O2 builtins.c
rm -f alias.o
./mkbuiltins -D . alias.def
gcc -c  -DHAVE_CONFIG_H -DSHELL  -I. -I..  -I.. -I../include -I../lib -I.    -g -O2 alias.c || ( rm -f alias.c ; exit 1 )
rm -f alias.c
rm -f bind.o
./mkbuiltins -D . bind.def
gcc -c  -DHAVE_CONFIG_H -DSHELL  -I. -I..  -I.. -I../include -I../lib -I.    -g -O2 bind.c || ( rm -f bind.c ; exit 1 )
rm -f bind.c
rm -f break.o
./mkbuiltins -D . break.def
gcc -c  -DHAVE_CONFIG_H -DSHELL  -I. -I..  -I.. -I../include -I../lib -I.    -g -O2 break.c || ( rm -f break.c ; exit 1 )
rm -f break.c
rm -f builtin.o
./mkbuiltins -D . builtin.def
gcc -c  -DHAVE_CONFIG_H -DSHELL  -I. -I..  -I.. -I../include -I../lib -I.    -g -O2 builtin.c || ( rm -f builtin.c ; exit 1 )
rm -f builtin.c
rm -f caller.o
./mkbuiltins -D . caller.def
gcc -c  -DHAVE_CONFIG_H -DSHELL  -I. -I..  -I.. -I../include -I../lib -I.    -g -O2 caller.c || ( rm -f caller.c ; exit 1 )
rm -f caller.c
rm -f cd.o
./mkbuiltins -D . cd.def
gcc -c  -DHAVE_CONFIG_H -DSHELL  -I. -I..  -I.. -I../include -I../lib -I.    -g -O2 cd.c || ( rm -f cd.c ; exit 1 )
rm -f cd.c
rm -f colon.o
./mkbuiltins -D . colon.def
gcc -c  -DHAVE_CONFIG_H -DSHELL  -I. -I..  -I.. -I../include -I../lib -I.    -g -O2 colon.c || ( rm -f colon.c ; exit 1 )
rm -f colon.c
rm -f command.o
./mkbuiltins -D . command.def
gcc -c  -DHAVE_CONFIG_H -DSHELL  -I. -I..  -I.. -I../include -I../lib -I.    -g -O2 command.c || ( rm -f command.c ; exit 1 )
rm -f command.c
rm -f common.o
gcc -c  -DHAVE_CONFIG_H -DSHELL  -I. -I..  -I.. -I../include -I../lib -I.    -g -O2 common.c
rm -f declare.o
./mkbuiltins -D . declare.def
gcc -c  -DHAVE_CONFIG_H -DSHELL  -I. -I..  -I.. -I../include -I../lib -I.    -g -O2 declare.c || ( rm -f declare.c ; exit 1 )
rm -f declare.c
rm -f echo.o
./mkbuiltins -D . echo.def
gcc -c  -DHAVE_CONFIG_H -DSHELL  -I. -I..  -I.. -I../include -I../lib -I.    -g -O2 echo.c || ( rm -f echo.c ; exit 1 )
rm -f echo.c
rm -f enable.o
./mkbuiltins -D . enable.def
gcc -c  -DHAVE_CONFIG_H -DSHELL  -I. -I..  -I.. -I../include -I../lib -I.    -g -O2 enable.c || ( rm -f enable.c ; exit 1 )
rm -f enable.c
rm -f eval.o
./mkbuiltins -D . eval.def
gcc -c  -DHAVE_CONFIG_H -DSHELL  -I. -I..  -I.. -I../include -I../lib -I.    -g -O2 eval.c || ( rm -f eval.c ; exit 1 )
rm -f eval.c
rm -f evalfile.o
gcc -c  -DHAVE_CONFIG_H -DSHELL  -I. -I..  -I.. -I../include -I../lib -I.    -g -O2 evalfile.c
rm -f evalstring.o
gcc -c  -DHAVE_CONFIG_H -DSHELL  -I. -I..  -I.. -I../include -I../lib -I.    -g -O2 evalstring.c
rm -f exec.o
./mkbuiltins -D . exec.def
gcc -c  -DHAVE_CONFIG_H -DSHELL  -I. -I..  -I.. -I../include -I../lib -I.    -g -O2 exec.c || ( rm -f exec.c ; exit 1 )
rm -f exec.c
rm -f exit.o
./mkbuiltins -D . exit.def
gcc -c  -DHAVE_CONFIG_H -DSHELL  -I. -I..  -I.. -I../include -I../lib -I.    -g -O2 exit.c || ( rm -f exit.c ; exit 1 )
rm -f exit.c
rm -f fc.o
./mkbuiltins -D . fc.def
gcc -c  -DHAVE_CONFIG_H -DSHELL  -I. -I..  -I.. -I../include -I../lib -I.    -g -O2 fc.c || ( rm -f fc.c ; exit 1 )
rm -f fc.c
rm -f fg_bg.o
./mkbuiltins -D . fg_bg.def
gcc -c  -DHAVE_CONFIG_H -DSHELL  -I. -I..  -I.. -I../include -I../lib -I.    -g -O2 fg_bg.c || ( rm -f fg_bg.c ; exit 1 )
rm -f fg_bg.c
rm -f hash.o
./mkbuiltins -D . hash.def
gcc -c  -DHAVE_CONFIG_H -DSHELL  -I. -I..  -I.. -I../include -I../lib -I.    -g -O2 hash.c || ( rm -f hash.c ; exit 1 )
rm -f hash.c
rm -f help.o
./mkbuiltins -D . help.def
gcc -c  -DHAVE_CONFIG_H -DSHELL  -I. -I..  -I.. -I../include -I../lib -I.    -g -O2 help.c || ( rm -f help.c ; exit 1 )
rm -f help.c
rm -f history.o
./mkbuiltins -D . history.def
gcc -c  -DHAVE_CONFIG_H -DSHELL  -I. -I..  -I.. -I../include -I../lib -I.    -g -O2 history.c || ( rm -f history.c ; exit 1 )
rm -f history.c
rm -f jobs.o
./mkbuiltins -D . jobs.def
gcc -c  -DHAVE_CONFIG_H -DSHELL  -I. -I..  -I.. -I../include -I../lib -I.    -g -O2 jobs.c || ( rm -f jobs.c ; exit 1 )
rm -f jobs.c
rm -f kill.o
./mkbuiltins -D . kill.def
gcc -c  -DHAVE_CONFIG_H -DSHELL  -I. -I..  -I.. -I../include -I../lib -I.    -g -O2 kill.c || ( rm -f kill.c ; exit 1 )
rm -f kill.c
rm -f let.o
./mkbuiltins -D . let.def
gcc -c  -DHAVE_CONFIG_H -DSHELL  -I. -I..  -I.. -I../include -I../lib -I.    -g -O2 let.c || ( rm -f let.c ; exit 1 )
rm -f let.c
rm -f pushd.o
./mkbuiltins -D . pushd.def
gcc -c  -DHAVE_CONFIG_H -DSHELL  -I. -I..  -I.. -I../include -I../lib -I.    -g -O2 pushd.c || ( rm -f pushd.c ; exit 1 )
rm -f pushd.c
rm -f read.o
./mkbuiltins -D . read.def
gcc -c  -DHAVE_CONFIG_H -DSHELL  -I. -I..  -I.. -I../include -I../lib -I.    -g -O2 read.c || ( rm -f read.c ; exit 1 )
rm -f read.c
rm -f return.o
./mkbuiltins -D . return.def
gcc -c  -DHAVE_CONFIG_H -DSHELL  -I. -I..  -I.. -I../include -I../lib -I.    -g -O2 return.c || ( rm -f return.c ; exit 1 )
rm -f return.c
rm -f set.o
./mkbuiltins -D . set.def
gcc -c  -DHAVE_CONFIG_H -DSHELL  -I. -I..  -I.. -I../include -I../lib -I.    -g -O2 set.c || ( rm -f set.c ; exit 1 )
rm -f set.c
rm -f setattr.o
./mkbuiltins -D . setattr.def
gcc -c  -DHAVE_CONFIG_H -DSHELL  -I. -I..  -I.. -I../include -I../lib -I.    -g -O2 setattr.c || ( rm -f setattr.c ; exit 1 )
rm -f setattr.c
rm -f shift.o
./mkbuiltins -D . shift.def
gcc -c  -DHAVE_CONFIG_H -DSHELL  -I. -I..  -I.. -I../include -I../lib -I.    -g -O2 shift.c || ( rm -f shift.c ; exit 1 )
rm -f shift.c
rm -f source.o
./mkbuiltins -D . source.def
gcc -c  -DHAVE_CONFIG_H -DSHELL  -I. -I..  -I.. -I../include -I../lib -I.    -g -O2 source.c || ( rm -f source.c ; exit 1 )
rm -f source.c
rm -f suspend.o
./mkbuiltins -D . suspend.def
gcc -c  -DHAVE_CONFIG_H -DSHELL  -I. -I..  -I.. -I../include -I../lib -I.    -g -O2 suspend.c || ( rm -f suspend.c ; exit 1 )
rm -f suspend.c
rm -f test.o
./mkbuiltins -D . test.def
gcc -c  -DHAVE_CONFIG_H -DSHELL  -I. -I..  -I.. -I../include -I../lib -I.    -g -O2 test.c || ( rm -f test.c ; exit 1 )
rm -f test.c
rm -f times.o
./mkbuiltins -D . times.def
gcc -c  -DHAVE_CONFIG_H -DSHELL  -I. -I..  -I.. -I../include -I../lib -I.    -g -O2 times.c || ( rm -f times.c ; exit 1 )
rm -f times.c
rm -f trap.o
./mkbuiltins -D . trap.def
gcc -c  -DHAVE_CONFIG_H -DSHELL  -I. -I..  -I.. -I../include -I../lib -I.    -g -O2 trap.c || ( rm -f trap.c ; exit 1 )
rm -f trap.c
rm -f type.o
./mkbuiltins -D . type.def
gcc -c  -DHAVE_CONFIG_H -DSHELL  -I. -I..  -I.. -I../include -I../lib -I.    -g -O2 type.c || ( rm -f type.c ; exit 1 )
rm -f type.c
gcc  -DHAVE_CONFIG_H -DSHELL  -I. -I..  -I.. -I../include -I../lib -I.    -g  -o psize.aux ./psize.c
/bin/sh ./psize.sh > pipesize.h
rm -f ulimit.o
./mkbuiltins -D . ulimit.def
gcc -c  -DHAVE_CONFIG_H -DSHELL  -I. -I..  -I.. -I../include -I../lib -I.    -g -O2 ulimit.c || ( rm -f ulimit.c ; exit 1 )
rm -f ulimit.c
rm -f umask.o
./mkbuiltins -D . umask.def
gcc -c  -DHAVE_CONFIG_H -DSHELL  -I. -I..  -I.. -I../include -I../lib -I.    -g -O2 umask.c || ( rm -f umask.c ; exit 1 )
rm -f umask.c
rm -f wait.o
./mkbuiltins -D . wait.def
gcc -c  -DHAVE_CONFIG_H -DSHELL  -I. -I..  -I.. -I../include -I../lib -I.    -g -O2 wait.c || ( rm -f wait.c ; exit 1 )
rm -f wait.c
rm -f getopts.o
./mkbuiltins -D . getopts.def
gcc -c  -DHAVE_CONFIG_H -DSHELL  -I. -I..  -I.. -I../include -I../lib -I.    -g -O2 getopts.c || ( rm -f getopts.c ; exit 1 )
rm -f getopts.c
rm -f shopt.o
./mkbuiltins -D . shopt.def
gcc -c  -DHAVE_CONFIG_H -DSHELL  -I. -I..  -I.. -I../include -I../lib -I.    -g -O2 shopt.c || ( rm -f shopt.c ; exit 1 )
rm -f shopt.c
rm -f printf.o
./mkbuiltins -D . printf.def
gcc -c  -DHAVE_CONFIG_H -DSHELL  -I. -I..  -I.. -I../include -I../lib -I.    -g -O2 printf.c || ( rm -f printf.c ; exit 1 )
rm -f printf.c
rm -f getopt.o
gcc -c  -DHAVE_CONFIG_H -DSHELL  -I. -I..  -I.. -I../include -I../lib -I.    -g -O2 getopt.c
rm -f bashgetopt.o
gcc -c  -DHAVE_CONFIG_H -DSHELL  -I. -I..  -I.. -I../include -I../lib -I.    -g -O2 bashgetopt.c
rm -f complete.o
./mkbuiltins -D . complete.def
gcc -c  -DHAVE_CONFIG_H -DSHELL  -I. -I..  -I.. -I../include -I../lib -I.    -g -O2 complete.c || ( rm -f complete.c ; exit 1 )
rm -f complete.c
rm -f libbuiltins.a
ar cr libbuiltins.a builtins.o alias.o bind.o break.o builtin.o caller.o cd.o colon.o command.o common.o declare.o echo.o enable.o eval.o evalfile.o evalstring.o exec.o exit.o fc.o fg_bg.o hash.o help.o history.o jobs.o kill.o let.o pushd.o read.o return.o set.o setattr.o shift.o source.o suspend.o test.o times.o trap.o type.o ulimit.o umask.o wait.o getopts.o shopt.o printf.o getopt.o bashgetopt.o complete.o
ranlib libbuiltins.a
make[1]: Leaving directory `/mnt/sda1/aethernet/subversion/checkout/main/trunk/autobuild/packages/bash/bash-3.1/unpack/bash-3.1/builtins'
making lib/sh/libsh.a in ./lib/sh
make[1]: Entering directory `/mnt/sda1/aethernet/subversion/checkout/main/trunk/autobuild/packages/bash/bash-3.1/unpack/bash-3.1/lib/sh'
gcc -c  -I. -I../.. -I../.. -I../../lib -I../../include -I.  -DHAVE_CONFIG_H -DSHELL  -g -O2   clktck.c
gcc -c  -I. -I../.. -I../.. -I../../lib -I../../include -I.  -DHAVE_CONFIG_H -DSHELL  -g -O2   clock.c
gcc -c  -I. -I../.. -I../.. -I../../lib -I../../include -I.  -DHAVE_CONFIG_H -DSHELL  -g -O2   getenv.c
gcc -c  -I. -I../.. -I../.. -I../../lib -I../../include -I.  -DHAVE_CONFIG_H -DSHELL  -g -O2   oslib.c
gcc -c  -I. -I../.. -I../.. -I../../lib -I../../include -I.  -DHAVE_CONFIG_H -DSHELL  -g -O2   setlinebuf.c
gcc -c  -I. -I../.. -I../.. -I../../lib -I../../include -I.  -DHAVE_CONFIG_H -DSHELL  -g -O2   strnlen.c
gcc -c  -I. -I../.. -I../.. -I../../lib -I../../include -I.  -DHAVE_CONFIG_H -DSHELL  -g -O2   itos.c
gcc -c  -I. -I../.. -I../.. -I../../lib -I../../include -I.  -DHAVE_CONFIG_H -DSHELL  -g -O2   zread.c
gcc -c  -I. -I../.. -I../.. -I../../lib -I../../include -I.  -DHAVE_CONFIG_H -DSHELL  -g -O2   zwrite.c
gcc -c  -I. -I../.. -I../.. -I../../lib -I../../include -I.  -DHAVE_CONFIG_H -DSHELL  -g -O2   shtty.c
gcc -c  -I. -I../.. -I../.. -I../../lib -I../../include -I.  -DHAVE_CONFIG_H -DSHELL  -g -O2   shmatch.c
gcc -c  -I. -I../.. -I../.. -I../../lib -I../../include -I.  -DHAVE_CONFIG_H -DSHELL  -g -O2   netconn.c
gcc -c  -I. -I../.. -I../.. -I../../lib -I../../include -I.  -DHAVE_CONFIG_H -DSHELL  -g -O2   netopen.c
gcc -c  -I. -I../.. -I../.. -I../../lib -I../../include -I.  -DHAVE_CONFIG_H -DSHELL  -g -O2   timeval.c
gcc -c  -I. -I../.. -I../.. -I../../lib -I../../include -I.  -DHAVE_CONFIG_H -DSHELL  -g -O2   makepath.c
gcc -c  -I. -I../.. -I../.. -I../../lib -I../../include -I.  -DHAVE_CONFIG_H -DSHELL  -g -O2   pathcanon.c
gcc -c  -I. -I../.. -I../.. -I../../lib -I../../include -I.  -DHAVE_CONFIG_H -DSHELL  -g -O2   pathphys.c
gcc -c  -I. -I../.. -I../.. -I../../lib -I../../include -I.  -DHAVE_CONFIG_H -DSHELL  -g -O2   tmpfile.c
gcc -c  -I. -I../.. -I../.. -I../../lib -I../../include -I.  -DHAVE_CONFIG_H -DSHELL  -g -O2   stringlist.c
gcc -c  -I. -I../.. -I../.. -I../../lib -I../../include -I.  -DHAVE_CONFIG_H -DSHELL  -g -O2   stringvec.c
gcc -c  -I. -I../.. -I../.. -I../../lib -I../../include -I.  -DHAVE_CONFIG_H -DSHELL  -g -O2   spell.c
gcc -c  -I. -I../.. -I../.. -I../../lib -I../../include -I.  -DHAVE_CONFIG_H -DSHELL  -g -O2   shquote.c
gcc -c  -I. -I../.. -I../.. -I../../lib -I../../include -I.  -DHAVE_CONFIG_H -DSHELL  -g -O2   strtrans.c
gcc -c  -I. -I../.. -I../.. -I../../lib -I../../include -I.  -DHAVE_CONFIG_H -DSHELL  -g -O2   strindex.c
gcc -c  -I. -I../.. -I../.. -I../../lib -I../../include -I.  -DHAVE_CONFIG_H -DSHELL  -g -O2   snprintf.c
gcc -c  -I. -I../.. -I../.. -I../../lib -I../../include -I.  -DHAVE_CONFIG_H -DSHELL  -g -O2   mailstat.c
gcc -c  -I. -I../.. -I../.. -I../../lib -I../../include -I.  -DHAVE_CONFIG_H -DSHELL  -g -O2   fmtulong.c
gcc -c  -I. -I../.. -I../.. -I../../lib -I../../include -I.  -DHAVE_CONFIG_H -DSHELL  -g -O2   fmtullong.c
gcc -c  -I. -I../.. -I../.. -I../../lib -I../../include -I.  -DHAVE_CONFIG_H -DSHELL  -g -O2   fmtumax.c
gcc -c  -I. -I../.. -I../.. -I../../lib -I../../include -I.  -DHAVE_CONFIG_H -DSHELL  -g -O2   xstrchr.c
gcc -c  -I. -I../.. -I../.. -I../../lib -I../../include -I.  -DHAVE_CONFIG_H -DSHELL  -g -O2   zcatfd.c
gcc -c  -I. -I../.. -I../.. -I../../lib -I../../include -I.  -DHAVE_CONFIG_H -DSHELL  -g -O2   winsize.c
rm -f libsh.a
ar cr libsh.a clktck.o clock.o getenv.o oslib.o setlinebuf.o strnlen.o itos.o zread.o zwrite.o shtty.o shmatch.o netconn.o netopen.o timeval.o makepath.o pathcanon.o pathphys.o tmpfile.o stringlist.o stringvec.o spell.o shquote.o strtrans.o strindex.o snprintf.o mailstat.o fmtulong.o fmtullong.o fmtumax.o xstrchr.o zcatfd.o winsize.o 
test -n "ranlib" && ranlib libsh.a
make[1]: Leaving directory `/mnt/sda1/aethernet/subversion/checkout/main/trunk/autobuild/packages/bash/bash-3.1/unpack/bash-3.1/lib/sh'
making lib/glob/libglob.a in ./lib/glob
make[1]: Entering directory `/mnt/sda1/aethernet/subversion/checkout/main/trunk/autobuild/packages/bash/bash-3.1/unpack/bash-3.1/lib/glob'
gcc -c  -DHAVE_CONFIG_H -DSHELL  -I. -I../.. -I../.. -I../../include -I../../lib  -g -O2 glob.c
gcc -c  -DHAVE_CONFIG_H -DSHELL  -I. -I../.. -I../.. -I../../include -I../../lib  -g -O2 strmatch.c
gcc -c  -DHAVE_CONFIG_H -DSHELL  -I. -I../.. -I../.. -I../../include -I../../lib  -g -O2 smatch.c
gcc -c  -DHAVE_CONFIG_H -DSHELL  -I. -I../.. -I../.. -I../../include -I../../lib  -g -O2 xmbsrtowcs.c
rm -f libglob.a
ar cr libglob.a glob.o strmatch.o smatch.o xmbsrtowcs.o
test -n "ranlib" && ranlib libglob.a
make[1]: Leaving directory `/mnt/sda1/aethernet/subversion/checkout/main/trunk/autobuild/packages/bash/bash-3.1/unpack/bash-3.1/lib/glob'
making lib/tilde/libtilde.a in ./lib/tilde
make[1]: Entering directory `/mnt/sda1/aethernet/subversion/checkout/main/trunk/autobuild/packages/bash/bash-3.1/unpack/bash-3.1/lib/tilde'
gcc -c  -DHAVE_CONFIG_H -DSHELL  -I. -I../.. -I../.. -I../../include -I../../lib  -g -O2 tilde.c
rm -f libtilde.a
ar cr libtilde.a tilde.o
test -n "ranlib" && ranlib libtilde.a
make[1]: Leaving directory `/mnt/sda1/aethernet/subversion/checkout/main/trunk/autobuild/packages/bash/bash-3.1/unpack/bash-3.1/lib/tilde'
rm -f bash
gcc -L./builtins -L/usr/lib -L/usr/lib -L./lib/glob -L./lib/tilde  -L./lib/sh  -rdynamic  -g -O2 -o bash shell.o eval.o y.tab.o general.o make_cmd.o print_cmd.o  dispose_cmd.o execute_cmd.o variables.o copy_cmd.o error.o expr.o flags.o jobs.o subst.o hashcmd.o hashlib.o mailcheck.o trap.o input.o unwind_prot.o pathexp.o sig.o test.o version.o alias.o array.o arrayfunc.o braces.o bracecomp.o bashhist.o bashline.o  list.o stringlib.o locale.o findcmd.o redir.o pcomplete.o pcomplib.o syntax.o xmalloc.o -lbuiltins -lsh -lreadline -lhistory -lcurses -lglob -ltilde    -ldl 
ls -l bash
-rwxr-xr-x 1 root root 1456920 Sep 23 11:45 bash
size bash
   text	   data	    bss	    dec	    hex	filename
 503175	  10384	  25392	 538951	  83947	bash
