create hard link `usr/bin/cc' to `usr/bin/gcc'
removed `usr/share/info/dir'
removed `usr/share/locale/zh_TW/LC_MESSAGES/cpplib.mo'
removed `usr/share/locale/zh_TW/LC_MESSAGES/gcc.mo'
removed directory: `usr/share/locale/zh_TW/LC_MESSAGES'
removed directory: `usr/share/locale/zh_TW'
removed `usr/share/locale/id/LC_MESSAGES/cpplib.mo'
removed `usr/share/locale/id/LC_MESSAGES/gcc.mo'
removed directory: `usr/share/locale/id/LC_MESSAGES'
removed directory: `usr/share/locale/id'
removed `usr/share/locale/nl/LC_MESSAGES/cpplib.mo'
removed `usr/share/locale/nl/LC_MESSAGES/gcc.mo'
removed directory: `usr/share/locale/nl/LC_MESSAGES'
removed directory: `usr/share/locale/nl'
removed `usr/share/locale/ru/LC_MESSAGES/gcc.mo'
removed directory: `usr/share/locale/ru/LC_MESSAGES'
removed directory: `usr/share/locale/ru'
removed `usr/share/locale/el/LC_MESSAGES/cpplib.mo'
removed `usr/share/locale/el/LC_MESSAGES/gcc.mo'
removed directory: `usr/share/locale/el/LC_MESSAGES'
removed directory: `usr/share/locale/el'
removed `usr/share/locale/sr/LC_MESSAGES/gcc.mo'
removed directory: `usr/share/locale/sr/LC_MESSAGES'
removed directory: `usr/share/locale/sr'
removed `usr/share/locale/tr/LC_MESSAGES/cpplib.mo'
removed `usr/share/locale/tr/LC_MESSAGES/gcc.mo'
removed directory: `usr/share/locale/tr/LC_MESSAGES'
removed directory: `usr/share/locale/tr'
removed `usr/share/locale/de/LC_MESSAGES/cpplib.mo'
removed `usr/share/locale/de/LC_MESSAGES/gcc.mo'
removed directory: `usr/share/locale/de/LC_MESSAGES'
removed directory: `usr/share/locale/de'
removed `usr/share/locale/da/LC_MESSAGES/cpplib.mo'
removed `usr/share/locale/da/LC_MESSAGES/gcc.mo'
removed directory: `usr/share/locale/da/LC_MESSAGES'
removed directory: `usr/share/locale/da'
removed `usr/share/locale/sv/LC_MESSAGES/cpplib.mo'
removed `usr/share/locale/sv/LC_MESSAGES/gcc.mo'
removed directory: `usr/share/locale/sv/LC_MESSAGES'
removed directory: `usr/share/locale/sv'
removed `usr/share/locale/fr/LC_MESSAGES/cpplib.mo'
removed `usr/share/locale/fr/LC_MESSAGES/gcc.mo'
removed directory: `usr/share/locale/fr/LC_MESSAGES'
removed directory: `usr/share/locale/fr'
removed `usr/share/locale/ja/LC_MESSAGES/cpplib.mo'
removed `usr/share/locale/ja/LC_MESSAGES/gcc.mo'
removed directory: `usr/share/locale/ja/LC_MESSAGES'
removed directory: `usr/share/locale/ja'
removed `usr/share/locale/fi/LC_MESSAGES/gcc.mo'
removed directory: `usr/share/locale/fi/LC_MESSAGES'
removed directory: `usr/share/locale/fi'
removed `usr/share/locale/ca/LC_MESSAGES/cpplib.mo'
removed directory: `usr/share/locale/ca/LC_MESSAGES'
removed directory: `usr/share/locale/ca'
removed `usr/share/locale/vi/LC_MESSAGES/cpplib.mo'
removed directory: `usr/share/locale/vi/LC_MESSAGES'
removed directory: `usr/share/locale/vi'
removed `usr/share/locale/be/LC_MESSAGES/cpplib.mo'
removed `usr/share/locale/be/LC_MESSAGES/gcc.mo'
removed directory: `usr/share/locale/be/LC_MESSAGES'
removed directory: `usr/share/locale/be'
removed `usr/share/locale/uk/LC_MESSAGES/cpplib.mo'
removed directory: `usr/share/locale/uk/LC_MESSAGES'
removed directory: `usr/share/locale/uk'
removed `usr/share/locale/es/LC_MESSAGES/cpplib.mo'
removed `usr/share/locale/es/LC_MESSAGES/gcc.mo'
removed directory: `usr/share/locale/es/LC_MESSAGES'
removed directory: `usr/share/locale/es'
removed `usr/share/locale/zh_CN/LC_MESSAGES/cpplib.mo'
removed `usr/share/locale/zh_CN/LC_MESSAGES/gcc.mo'
removed directory: `usr/share/locale/zh_CN/LC_MESSAGES'
removed directory: `usr/share/locale/zh_CN'
removed directory: `usr/share/locale'
