dpkg-deb: building package `mktemp-1.5' in `debian.deb'.
 new debian package, version 2.0.
 size 8034 bytes: control archive= 993 bytes.
     274 bytes,    10 lines      control              
     789 bytes,    18 lines      copyright            
       6 bytes,     1 lines      debian-binary        
     110 bytes,     3 lines   *  postinst             #!/bin/bash
     108 bytes,     3 lines   *  postrm               #!/bin/bash
     111 bytes,     3 lines   *  preinst              #!/bin/bash
     109 bytes,     3 lines   *  prerm                #!/bin/bash
 Package: mktemp-1.5
 Version: 1.5
 Section: unknown
 Priority: required
 Architecture: all
 Essential: no
 Depends: aaa-base
 Maintainer: Aethernet support team [support@aethernet.co.uk]
 Provides: mktemp
 Description: Programs used to create secure temporary files in shell scripts
