Found a patch, skipping...
groff-1.19.2/
groff-1.19.2/src/
groff-1.19.2/src/include/
groff-1.19.2/src/include/assert.h
groff-1.19.2/src/include/cmap.h
groff-1.19.2/src/include/color.h
groff-1.19.2/src/include/config.hin
groff-1.19.2/src/include/cset.h
groff-1.19.2/src/include/device.h
groff-1.19.2/src/include/driver.h
groff-1.19.2/src/include/DviChar.h
groff-1.19.2/src/include/errarg.h
groff-1.19.2/src/include/error.h
groff-1.19.2/src/include/font.h
groff-1.19.2/src/include/geometry.h
groff-1.19.2/src/include/getopt.h
groff-1.19.2/src/include/getopt_int.h
groff-1.19.2/src/include/gettext.h
groff-1.19.2/src/include/htmlhint.h
groff-1.19.2/src/include/html-strings.h
groff-1.19.2/src/include/index.h
groff-1.19.2/src/include/lib.h
groff-1.19.2/src/include/macropath.h
groff-1.19.2/src/include/Makefile.sub
groff-1.19.2/src/include/nonposix.h
groff-1.19.2/src/include/paper.h
groff-1.19.2/src/include/posix.h
groff-1.19.2/src/include/printer.h
groff-1.19.2/src/include/ptable.h
groff-1.19.2/src/include/refid.h
groff-1.19.2/src/include/relocate.h
groff-1.19.2/src/include/search.h
groff-1.19.2/src/include/searchpath.h
groff-1.19.2/src/include/stringclass.h
groff-1.19.2/src/include/symbol.h
groff-1.19.2/src/include/unicode.h
groff-1.19.2/src/include/XFontName.h
groff-1.19.2/src/libs/
groff-1.19.2/src/libs/libgroff/
groff-1.19.2/src/libs/libgroff/assert.cpp
groff-1.19.2/src/libs/libgroff/change_lf.cpp
groff-1.19.2/src/libs/libgroff/cmap.cpp
groff-1.19.2/src/libs/libgroff/color.cpp
groff-1.19.2/src/libs/libgroff/cset.cpp
groff-1.19.2/src/libs/libgroff/device.cpp
groff-1.19.2/src/libs/libgroff/errarg.cpp
groff-1.19.2/src/libs/libgroff/error.cpp
groff-1.19.2/src/libs/libgroff/fatal.cpp
groff-1.19.2/src/libs/libgroff/filename.cpp
groff-1.19.2/src/libs/libgroff/fmod.c
groff-1.19.2/src/libs/libgroff/font.cpp
groff-1.19.2/src/libs/libgroff/fontfile.cpp
groff-1.19.2/src/libs/libgroff/geometry.cpp
groff-1.19.2/src/libs/libgroff/getcwd.c
groff-1.19.2/src/libs/libgroff/getopt1.c
groff-1.19.2/src/libs/libgroff/getopt.c
groff-1.19.2/src/libs/libgroff/glyphuni.cpp
groff-1.19.2/src/libs/libgroff/htmlhint.cpp
groff-1.19.2/src/libs/libgroff/hypot.cpp
groff-1.19.2/src/libs/libgroff/iftoa.c
groff-1.19.2/src/libs/libgroff/invalid.cpp
groff-1.19.2/src/libs/libgroff/itoa.c
groff-1.19.2/src/libs/libgroff/lf.cpp
groff-1.19.2/src/libs/libgroff/lineno.cpp
groff-1.19.2/src/libs/libgroff/macropath.cpp
groff-1.19.2/src/libs/libgroff/Makefile.sub
groff-1.19.2/src/libs/libgroff/matherr.c
groff-1.19.2/src/libs/libgroff/maxfilename.cpp
groff-1.19.2/src/libs/libgroff/maxpathname.cpp
groff-1.19.2/src/libs/libgroff/mksdir.cpp
groff-1.19.2/src/libs/libgroff/mkstemp.cpp
groff-1.19.2/src/libs/libgroff/nametoindex.cpp
groff-1.19.2/src/libs/libgroff/new.cpp
groff-1.19.2/src/libs/libgroff/paper.cpp
groff-1.19.2/src/libs/libgroff/prime.cpp
groff-1.19.2/src/libs/libgroff/progname.c
groff-1.19.2/src/libs/libgroff/ptable.cpp
groff-1.19.2/src/libs/libgroff/putenv.c
groff-1.19.2/src/libs/libgroff/quotearg.c
groff-1.19.2/src/libs/libgroff/relocate.cpp
groff-1.19.2/src/libs/libgroff/searchpath.cpp
groff-1.19.2/src/libs/libgroff/spawnvp.c
groff-1.19.2/src/libs/libgroff/strcasecmp.c
groff-1.19.2/src/libs/libgroff/strerror.c
groff-1.19.2/src/libs/libgroff/string.cpp
groff-1.19.2/src/libs/libgroff/strncasecmp.c
groff-1.19.2/src/libs/libgroff/strsave.cpp
groff-1.19.2/src/libs/libgroff/strtol.c
groff-1.19.2/src/libs/libgroff/symbol.cpp
groff-1.19.2/src/libs/libgroff/tmpfile.cpp
groff-1.19.2/src/libs/libgroff/tmpname.cpp
groff-1.19.2/src/libs/libgroff/unicode.cpp
groff-1.19.2/src/libs/libgroff/uniglyph.cpp
groff-1.19.2/src/libs/libgroff/uniuni.cpp
groff-1.19.2/src/libs/libdriver/
groff-1.19.2/src/libs/libdriver/input.cpp
groff-1.19.2/src/libs/libdriver/Makefile.sub
groff-1.19.2/src/libs/libdriver/printer.cpp
groff-1.19.2/src/libs/libbib/
groff-1.19.2/src/libs/libbib/common.cpp
groff-1.19.2/src/libs/libbib/index.cpp
groff-1.19.2/src/libs/libbib/linear.cpp
groff-1.19.2/src/libs/libbib/Makefile.sub
groff-1.19.2/src/libs/libbib/map.c
groff-1.19.2/src/libs/libbib/search.cpp
groff-1.19.2/src/libs/libxutil/
groff-1.19.2/src/libs/libxutil/DviChar.c
groff-1.19.2/src/libs/libxutil/Makefile.sub
groff-1.19.2/src/libs/libxutil/XFontName.c
groff-1.19.2/src/libs/libxutil/xmalloc.c
groff-1.19.2/src/libs/snprintf/
groff-1.19.2/src/libs/snprintf/README
groff-1.19.2/src/libs/snprintf/snprintf.c
groff-1.19.2/src/roff/
groff-1.19.2/src/roff/groff/
groff-1.19.2/src/roff/groff/groff.cpp
groff-1.19.2/src/roff/groff/groff.man
groff-1.19.2/src/roff/groff/Makefile.sub
groff-1.19.2/src/roff/groff/pipeline.c
groff-1.19.2/src/roff/groff/pipeline.h
groff-1.19.2/src/roff/troff/
groff-1.19.2/src/roff/troff/charinfo.h
groff-1.19.2/src/roff/troff/column.cpp
groff-1.19.2/src/roff/troff/dictionary.cpp
groff-1.19.2/src/roff/troff/dictionary.h
groff-1.19.2/src/roff/troff/div.cpp
groff-1.19.2/src/roff/troff/div.h
groff-1.19.2/src/roff/troff/env.cpp
groff-1.19.2/src/roff/troff/env.h
groff-1.19.2/src/roff/troff/hvunits.h
groff-1.19.2/src/roff/troff/input.cpp
groff-1.19.2/src/roff/troff/input.h
groff-1.19.2/src/roff/troff/Makefile.sub
groff-1.19.2/src/roff/troff/mtsm.cpp
groff-1.19.2/src/roff/troff/mtsm.h
groff-1.19.2/src/roff/troff/node.cpp
groff-1.19.2/src/roff/troff/node.h
groff-1.19.2/src/roff/troff/number.cpp
groff-1.19.2/src/roff/troff/reg.cpp
groff-1.19.2/src/roff/troff/reg.h
groff-1.19.2/src/roff/troff/request.h
groff-1.19.2/src/roff/troff/TODO
groff-1.19.2/src/roff/troff/token.h
groff-1.19.2/src/roff/troff/troff.h
groff-1.19.2/src/roff/troff/troff.man
groff-1.19.2/src/roff/grog/
groff-1.19.2/src/roff/grog/grog.man
groff-1.19.2/src/roff/grog/grog.pl
groff-1.19.2/src/roff/grog/grog.sh
groff-1.19.2/src/roff/grog/Makefile.sub
groff-1.19.2/src/roff/nroff/
groff-1.19.2/src/roff/nroff/Makefile.sub
groff-1.19.2/src/roff/nroff/nroff.man
groff-1.19.2/src/roff/nroff/nroff.sh
groff-1.19.2/src/preproc/
groff-1.19.2/src/preproc/tbl/
groff-1.19.2/src/preproc/tbl/main.cpp
groff-1.19.2/src/preproc/tbl/Makefile.sub
groff-1.19.2/src/preproc/tbl/table.cpp
groff-1.19.2/src/preproc/tbl/table.h
groff-1.19.2/src/preproc/tbl/tbl.man
groff-1.19.2/src/preproc/pic/
groff-1.19.2/src/preproc/pic/common.cpp
groff-1.19.2/src/preproc/pic/common.h
groff-1.19.2/src/preproc/pic/lex.cpp
groff-1.19.2/src/preproc/pic/main.cpp
groff-1.19.2/src/preproc/pic/Makefile.sub
groff-1.19.2/src/preproc/pic/object.cpp
groff-1.19.2/src/preproc/pic/object.h
groff-1.19.2/src/preproc/pic/output.h
groff-1.19.2/src/preproc/pic/pic.h
groff-1.19.2/src/preproc/pic/pic.man
groff-1.19.2/src/preproc/pic/pic.y
groff-1.19.2/src/preproc/pic/position.h
groff-1.19.2/src/preproc/pic/tex.cpp
groff-1.19.2/src/preproc/pic/text.h
groff-1.19.2/src/preproc/pic/TODO
groff-1.19.2/src/preproc/pic/troff.cpp
groff-1.19.2/src/preproc/pic/pic.cpp
groff-1.19.2/src/preproc/pic/pic_tab.h
groff-1.19.2/src/preproc/eqn/
groff-1.19.2/src/preproc/eqn/box.cpp
groff-1.19.2/src/preproc/eqn/box.h
groff-1.19.2/src/preproc/eqn/delim.cpp
groff-1.19.2/src/preproc/eqn/eqn.h
groff-1.19.2/src/preproc/eqn/eqn.man
groff-1.19.2/src/preproc/eqn/eqn.y
groff-1.19.2/src/preproc/eqn/lex.cpp
groff-1.19.2/src/preproc/eqn/limit.cpp
groff-1.19.2/src/preproc/eqn/list.cpp
groff-1.19.2/src/preproc/eqn/main.cpp
groff-1.19.2/src/preproc/eqn/Makefile.sub
groff-1.19.2/src/preproc/eqn/mark.cpp
groff-1.19.2/src/preproc/eqn/neqn.man
groff-1.19.2/src/preproc/eqn/neqn.sh
groff-1.19.2/src/preproc/eqn/other.cpp
groff-1.19.2/src/preproc/eqn/over.cpp
groff-1.19.2/src/preproc/eqn/pbox.h
groff-1.19.2/src/preproc/eqn/pile.cpp
groff-1.19.2/src/preproc/eqn/script.cpp
groff-1.19.2/src/preproc/eqn/special.cpp
groff-1.19.2/src/preproc/eqn/sqrt.cpp
groff-1.19.2/src/preproc/eqn/text.cpp
groff-1.19.2/src/preproc/eqn/TODO
groff-1.19.2/src/preproc/eqn/eqn.cpp
groff-1.19.2/src/preproc/eqn/eqn_tab.h
groff-1.19.2/src/preproc/grn/
groff-1.19.2/src/preproc/grn/gprint.h
groff-1.19.2/src/preproc/grn/grn.man
groff-1.19.2/src/preproc/grn/hdb.cpp
groff-1.19.2/src/preproc/grn/hgraph.cpp
groff-1.19.2/src/preproc/grn/hpoint.cpp
groff-1.19.2/src/preproc/grn/main.cpp
groff-1.19.2/src/preproc/grn/Makefile.sub
groff-1.19.2/src/preproc/grn/README
groff-1.19.2/src/preproc/refer/
groff-1.19.2/src/preproc/refer/command.cpp
groff-1.19.2/src/preproc/refer/command.h
groff-1.19.2/src/preproc/refer/label.y
groff-1.19.2/src/preproc/refer/Makefile.sub
groff-1.19.2/src/preproc/refer/ref.cpp
groff-1.19.2/src/preproc/refer/refer.cpp
groff-1.19.2/src/preproc/refer/refer.h
groff-1.19.2/src/preproc/refer/refer.man
groff-1.19.2/src/preproc/refer/ref.h
groff-1.19.2/src/preproc/refer/TODO
groff-1.19.2/src/preproc/refer/token.cpp
groff-1.19.2/src/preproc/refer/token.h
groff-1.19.2/src/preproc/refer/label.cpp
groff-1.19.2/src/preproc/soelim/
groff-1.19.2/src/preproc/soelim/Makefile.sub
groff-1.19.2/src/preproc/soelim/soelim.cpp
groff-1.19.2/src/preproc/soelim/soelim.man
groff-1.19.2/src/preproc/soelim/TODO
groff-1.19.2/src/preproc/html/
groff-1.19.2/src/preproc/html/Makefile.sub
groff-1.19.2/src/preproc/html/pre-html.cpp
groff-1.19.2/src/preproc/html/pre-html.h
groff-1.19.2/src/preproc/html/pushback.cpp
groff-1.19.2/src/preproc/html/pushback.h
groff-1.19.2/src/devices/
groff-1.19.2/src/devices/grops/
groff-1.19.2/src/devices/grops/grops.man
groff-1.19.2/src/devices/grops/Makefile.sub
groff-1.19.2/src/devices/grops/ps.cpp
groff-1.19.2/src/devices/grops/psfig.diff
groff-1.19.2/src/devices/grops/ps.h
groff-1.19.2/src/devices/grops/psrm.cpp
groff-1.19.2/src/devices/grops/TODO
groff-1.19.2/src/devices/grotty/
groff-1.19.2/src/devices/grotty/grotty.man
groff-1.19.2/src/devices/grotty/Makefile.sub
groff-1.19.2/src/devices/grotty/TODO
groff-1.19.2/src/devices/grotty/tty.cpp
groff-1.19.2/src/devices/grodvi/
groff-1.19.2/src/devices/grodvi/dvi.cpp
groff-1.19.2/src/devices/grodvi/grodvi.man
groff-1.19.2/src/devices/grodvi/Makefile.sub
groff-1.19.2/src/devices/grolj4/
groff-1.19.2/src/devices/grolj4/grolj4.man
groff-1.19.2/src/devices/grolj4/lj4.cpp
groff-1.19.2/src/devices/grolj4/lj4_font.man
groff-1.19.2/src/devices/grolj4/Makefile.sub
groff-1.19.2/src/devices/grohtml/
groff-1.19.2/src/devices/grohtml/grohtml.man
groff-1.19.2/src/devices/grohtml/html.h
groff-1.19.2/src/devices/grohtml/html-table.cpp
groff-1.19.2/src/devices/grohtml/html-table.h
groff-1.19.2/src/devices/grohtml/html-text.cpp
groff-1.19.2/src/devices/grohtml/html-text.h
groff-1.19.2/src/devices/grohtml/Makefile.sub
groff-1.19.2/src/devices/grohtml/output.cpp
groff-1.19.2/src/devices/grohtml/post-html.cpp
groff-1.19.2/src/devices/grolbp/
groff-1.19.2/src/devices/grolbp/charset.h
groff-1.19.2/src/devices/grolbp/grolbp.man
groff-1.19.2/src/devices/grolbp/lbp.cpp
groff-1.19.2/src/devices/grolbp/lbp.h
groff-1.19.2/src/devices/grolbp/Makefile.sub
groff-1.19.2/src/devices/xditview/
groff-1.19.2/src/devices/xditview/ad2c
groff-1.19.2/src/devices/xditview/ChangeLog
groff-1.19.2/src/devices/xditview/DESC.in
groff-1.19.2/src/devices/xditview/device.c
groff-1.19.2/src/devices/xditview/device.h
groff-1.19.2/src/devices/xditview/draw.c
groff-1.19.2/src/devices/xditview/Dvi.c
groff-1.19.2/src/devices/xditview/Dvi.h
groff-1.19.2/src/devices/xditview/DviP.h
groff-1.19.2/src/devices/xditview/font.c
groff-1.19.2/src/devices/xditview/FontMap
groff-1.19.2/src/devices/xditview/gray1.bm
groff-1.19.2/src/devices/xditview/gray2.bm
groff-1.19.2/src/devices/xditview/gray3.bm
groff-1.19.2/src/devices/xditview/gray4.bm
groff-1.19.2/src/devices/xditview/gray5.bm
groff-1.19.2/src/devices/xditview/gray6.bm
groff-1.19.2/src/devices/xditview/gray7.bm
groff-1.19.2/src/devices/xditview/gray8.bm
groff-1.19.2/src/devices/xditview/GXditview.ad
groff-1.19.2/src/devices/xditview/gxditview.man
groff-1.19.2/src/devices/xditview/lex.c
groff-1.19.2/src/devices/xditview/Makefile.sub
groff-1.19.2/src/devices/xditview/Menu.h
groff-1.19.2/src/devices/xditview/page.c
groff-1.19.2/src/devices/xditview/parse.c
groff-1.19.2/src/devices/xditview/README
groff-1.19.2/src/devices/xditview/TODO
groff-1.19.2/src/devices/xditview/xdit.bm
groff-1.19.2/src/devices/xditview/xdit_mask.bm
groff-1.19.2/src/devices/xditview/xditview.c
groff-1.19.2/src/utils/
groff-1.19.2/src/utils/tfmtodit/
groff-1.19.2/src/utils/tfmtodit/Makefile.sub
groff-1.19.2/src/utils/tfmtodit/tfmtodit.cpp
groff-1.19.2/src/utils/tfmtodit/tfmtodit.man
groff-1.19.2/src/utils/hpftodit/
groff-1.19.2/src/utils/hpftodit/hpftodit.cpp
groff-1.19.2/src/utils/hpftodit/hpftodit.man
groff-1.19.2/src/utils/hpftodit/hpuni.cpp
groff-1.19.2/src/utils/hpftodit/Makefile.sub
groff-1.19.2/src/utils/lookbib/
groff-1.19.2/src/utils/lookbib/lookbib.cpp
groff-1.19.2/src/utils/lookbib/lookbib.man
groff-1.19.2/src/utils/lookbib/Makefile.sub
groff-1.19.2/src/utils/indxbib/
groff-1.19.2/src/utils/indxbib/eign
groff-1.19.2/src/utils/indxbib/indxbib.cpp
groff-1.19.2/src/utils/indxbib/indxbib.man
groff-1.19.2/src/utils/indxbib/Makefile.sub
groff-1.19.2/src/utils/indxbib/signal.c
groff-1.19.2/src/utils/lkbib/
groff-1.19.2/src/utils/lkbib/lkbib.cpp
groff-1.19.2/src/utils/lkbib/lkbib.man
groff-1.19.2/src/utils/lkbib/Makefile.sub
groff-1.19.2/src/utils/addftinfo/
groff-1.19.2/src/utils/addftinfo/addftinfo.cpp
groff-1.19.2/src/utils/addftinfo/addftinfo.man
groff-1.19.2/src/utils/addftinfo/guess.cpp
groff-1.19.2/src/utils/addftinfo/guess.h
groff-1.19.2/src/utils/addftinfo/Makefile.sub
groff-1.19.2/src/utils/pfbtops/
groff-1.19.2/src/utils/pfbtops/Makefile.sub
groff-1.19.2/src/utils/pfbtops/pfbtops.c
groff-1.19.2/src/utils/pfbtops/pfbtops.man
groff-1.19.2/src/utils/xtotroff/
groff-1.19.2/src/utils/xtotroff/Makefile.in
groff-1.19.2/src/utils/xtotroff/Makefile.sub
groff-1.19.2/src/utils/xtotroff/xtotroff.c
groff-1.19.2/src/utils/xtotroff/xtotroff.man
groff-1.19.2/src/utils/afmtodit/
groff-1.19.2/src/utils/afmtodit/afmtodit.man
groff-1.19.2/src/utils/afmtodit/afmtodit.pl
groff-1.19.2/src/utils/afmtodit/Makefile.sub
groff-1.19.2/arch/
groff-1.19.2/arch/misc/
groff-1.19.2/arch/misc/Makefile.sub
groff-1.19.2/arch/misc/shdeps.sh
groff-1.19.2/arch/djgpp/
groff-1.19.2/arch/djgpp/config.bat
groff-1.19.2/arch/djgpp/config.sed
groff-1.19.2/arch/djgpp/config.site
groff-1.19.2/arch/djgpp/README
groff-1.19.2/arch/djgpp/t-groff.bat
groff-1.19.2/font/
groff-1.19.2/font/devps/
groff-1.19.2/font/devps/generate/
groff-1.19.2/font/devps/generate/afmname
groff-1.19.2/font/devps/generate/dingbats.map
groff-1.19.2/font/devps/generate/dingbats.rmap
groff-1.19.2/font/devps/generate/freeeuro.sfd
groff-1.19.2/font/devps/generate/lgreekmap
groff-1.19.2/font/devps/generate/Makefile
groff-1.19.2/font/devps/generate/sfdtopfa.pe
groff-1.19.2/font/devps/generate/symbolchars
groff-1.19.2/font/devps/generate/symbol.sed
groff-1.19.2/font/devps/generate/symbolsl.afm
groff-1.19.2/font/devps/generate/textmap
groff-1.19.2/font/devps/AB
groff-1.19.2/font/devps/ABI
groff-1.19.2/font/devps/AI
groff-1.19.2/font/devps/AR
groff-1.19.2/font/devps/BMB
groff-1.19.2/font/devps/BMBI
groff-1.19.2/font/devps/BMI
groff-1.19.2/font/devps/BMR
groff-1.19.2/font/devps/CB
groff-1.19.2/font/devps/CBI
groff-1.19.2/font/devps/CI
groff-1.19.2/font/devps/CR
groff-1.19.2/font/devps/DESC.in
groff-1.19.2/font/devps/download
groff-1.19.2/font/devps/EURO
groff-1.19.2/font/devps/freeeuro.afm
groff-1.19.2/font/devps/freeeuro.pfa
groff-1.19.2/font/devps/HB
groff-1.19.2/font/devps/HBI
groff-1.19.2/font/devps/HI
groff-1.19.2/font/devps/HNB
groff-1.19.2/font/devps/HNBI
groff-1.19.2/font/devps/HNI
groff-1.19.2/font/devps/HNR
groff-1.19.2/font/devps/HR
groff-1.19.2/font/devps/Makefile.sub
groff-1.19.2/font/devps/NB
groff-1.19.2/font/devps/NBI
groff-1.19.2/font/devps/NI
groff-1.19.2/font/devps/NR
groff-1.19.2/font/devps/PB
groff-1.19.2/font/devps/PBI
groff-1.19.2/font/devps/PI
groff-1.19.2/font/devps/PR
groff-1.19.2/font/devps/prologue.ps
groff-1.19.2/font/devps/psstrip.sed
groff-1.19.2/font/devps/S
groff-1.19.2/font/devps/SS
groff-1.19.2/font/devps/symbol.afm
groff-1.19.2/font/devps/symbolmap
groff-1.19.2/font/devps/symbolsl.ps
groff-1.19.2/font/devps/TB
groff-1.19.2/font/devps/TBI
groff-1.19.2/font/devps/text.enc
groff-1.19.2/font/devps/TI
groff-1.19.2/font/devps/TR
groff-1.19.2/font/devps/zapfdr.afm
groff-1.19.2/font/devps/zapfdr.ps
groff-1.19.2/font/devps/ZCMI
groff-1.19.2/font/devps/ZD
groff-1.19.2/font/devps/ZDR
groff-1.19.2/font/devdvi/
groff-1.19.2/font/devdvi/generate/
groff-1.19.2/font/devdvi/generate/CompileFonts
groff-1.19.2/font/devdvi/generate/ec.map
groff-1.19.2/font/devdvi/generate/Makefile
groff-1.19.2/font/devdvi/generate/msam.map
groff-1.19.2/font/devdvi/generate/msbm.map
groff-1.19.2/font/devdvi/generate/tc.map
groff-1.19.2/font/devdvi/generate/texb.map
groff-1.19.2/font/devdvi/generate/texex.map
groff-1.19.2/font/devdvi/generate/texi.map
groff-1.19.2/font/devdvi/generate/texmi.map
groff-1.19.2/font/devdvi/generate/texr.map
groff-1.19.2/font/devdvi/generate/texsy.map
groff-1.19.2/font/devdvi/generate/textex.map
groff-1.19.2/font/devdvi/generate/textt.map
groff-1.19.2/font/devdvi/CW
groff-1.19.2/font/devdvi/CWEC
groff-1.19.2/font/devdvi/CWI
groff-1.19.2/font/devdvi/CWIEC
groff-1.19.2/font/devdvi/CWITC
groff-1.19.2/font/devdvi/CWTC
groff-1.19.2/font/devdvi/DESC.in
groff-1.19.2/font/devdvi/EX
groff-1.19.2/font/devdvi/HB
groff-1.19.2/font/devdvi/HBEC
groff-1.19.2/font/devdvi/HBI
groff-1.19.2/font/devdvi/HBIEC
groff-1.19.2/font/devdvi/HBITC
groff-1.19.2/font/devdvi/HBTC
groff-1.19.2/font/devdvi/HI
groff-1.19.2/font/devdvi/HIEC
groff-1.19.2/font/devdvi/HITC
groff-1.19.2/font/devdvi/HR
groff-1.19.2/font/devdvi/HREC
groff-1.19.2/font/devdvi/HRTC
groff-1.19.2/font/devdvi/Makefile.sub
groff-1.19.2/font/devdvi/MI
groff-1.19.2/font/devdvi/S
groff-1.19.2/font/devdvi/SA
groff-1.19.2/font/devdvi/SB
groff-1.19.2/font/devdvi/SC
groff-1.19.2/font/devdvi/TB
groff-1.19.2/font/devdvi/TBEC
groff-1.19.2/font/devdvi/TBI
groff-1.19.2/font/devdvi/TBIEC
groff-1.19.2/font/devdvi/TBITC
groff-1.19.2/font/devdvi/TBTC
groff-1.19.2/font/devdvi/TI
groff-1.19.2/font/devdvi/TIEC
groff-1.19.2/font/devdvi/TITC
groff-1.19.2/font/devdvi/TR
groff-1.19.2/font/devdvi/TREC
groff-1.19.2/font/devdvi/TRTC
groff-1.19.2/font/devhtml/
groff-1.19.2/font/devhtml/DESC.proto
groff-1.19.2/font/devhtml/Makefile.sub
groff-1.19.2/font/devhtml/R.proto
groff-1.19.2/font/devX75/
groff-1.19.2/font/devX75/CB
groff-1.19.2/font/devX75/CBI
groff-1.19.2/font/devX75/CI
groff-1.19.2/font/devX75/CR
groff-1.19.2/font/devX75/DESC
groff-1.19.2/font/devX75/HB
groff-1.19.2/font/devX75/HBI
groff-1.19.2/font/devX75/HI
groff-1.19.2/font/devX75/HR
groff-1.19.2/font/devX75/Makefile.sub
groff-1.19.2/font/devX75/NB
groff-1.19.2/font/devX75/NBI
groff-1.19.2/font/devX75/NI
groff-1.19.2/font/devX75/NR
groff-1.19.2/font/devX75/S
groff-1.19.2/font/devX75/TB
groff-1.19.2/font/devX75/TBI
groff-1.19.2/font/devX75/TI
groff-1.19.2/font/devX75/TR
groff-1.19.2/font/devX75-12/
groff-1.19.2/font/devX75-12/CB
groff-1.19.2/font/devX75-12/CBI
groff-1.19.2/font/devX75-12/CI
groff-1.19.2/font/devX75-12/CR
groff-1.19.2/font/devX75-12/DESC
groff-1.19.2/font/devX75-12/HB
groff-1.19.2/font/devX75-12/HBI
groff-1.19.2/font/devX75-12/HI
groff-1.19.2/font/devX75-12/HR
groff-1.19.2/font/devX75-12/Makefile.sub
groff-1.19.2/font/devX75-12/NB
groff-1.19.2/font/devX75-12/NBI
groff-1.19.2/font/devX75-12/NI
groff-1.19.2/font/devX75-12/NR
groff-1.19.2/font/devX75-12/S
groff-1.19.2/font/devX75-12/TB
groff-1.19.2/font/devX75-12/TBI
groff-1.19.2/font/devX75-12/TI
groff-1.19.2/font/devX75-12/TR
groff-1.19.2/font/devX100/
groff-1.19.2/font/devX100/CB
groff-1.19.2/font/devX100/CBI
groff-1.19.2/font/devX100/CI
groff-1.19.2/font/devX100/CR
groff-1.19.2/font/devX100/DESC
groff-1.19.2/font/devX100/HB
groff-1.19.2/font/devX100/HBI
groff-1.19.2/font/devX100/HI
groff-1.19.2/font/devX100/HR
groff-1.19.2/font/devX100/Makefile.sub
groff-1.19.2/font/devX100/NB
groff-1.19.2/font/devX100/NBI
groff-1.19.2/font/devX100/NI
groff-1.19.2/font/devX100/NR
groff-1.19.2/font/devX100/S
groff-1.19.2/font/devX100/TB
groff-1.19.2/font/devX100/TBI
groff-1.19.2/font/devX100/TI
groff-1.19.2/font/devX100/TR
groff-1.19.2/font/devX100-12/
groff-1.19.2/font/devX100-12/CB
groff-1.19.2/font/devX100-12/CBI
groff-1.19.2/font/devX100-12/CI
groff-1.19.2/font/devX100-12/CR
groff-1.19.2/font/devX100-12/DESC
groff-1.19.2/font/devX100-12/HB
groff-1.19.2/font/devX100-12/HBI
groff-1.19.2/font/devX100-12/HI
groff-1.19.2/font/devX100-12/HR
groff-1.19.2/font/devX100-12/Makefile.sub
groff-1.19.2/font/devX100-12/NB
groff-1.19.2/font/devX100-12/NBI
groff-1.19.2/font/devX100-12/NI
groff-1.19.2/font/devX100-12/NR
groff-1.19.2/font/devX100-12/S
groff-1.19.2/font/devX100-12/TB
groff-1.19.2/font/devX100-12/TBI
groff-1.19.2/font/devX100-12/TI
groff-1.19.2/font/devX100-12/TR
groff-1.19.2/font/devlj4/
groff-1.19.2/font/devlj4/generate/
groff-1.19.2/font/devlj4/generate/Makefile
groff-1.19.2/font/devlj4/generate/special.awk
groff-1.19.2/font/devlj4/generate/special.map
groff-1.19.2/font/devlj4/generate/symbol.map
groff-1.19.2/font/devlj4/generate/text.map
groff-1.19.2/font/devlj4/generate/wingdings.map
groff-1.19.2/font/devlj4/AB
groff-1.19.2/font/devlj4/ABI
groff-1.19.2/font/devlj4/AI
groff-1.19.2/font/devlj4/ALBB
groff-1.19.2/font/devlj4/ALBR
groff-1.19.2/font/devlj4/AOB
groff-1.19.2/font/devlj4/AOI
groff-1.19.2/font/devlj4/AOR
groff-1.19.2/font/devlj4/AR
groff-1.19.2/font/devlj4/CB
groff-1.19.2/font/devlj4/CBI
groff-1.19.2/font/devlj4/CI
groff-1.19.2/font/devlj4/CLARENDON
groff-1.19.2/font/devlj4/CORONET
groff-1.19.2/font/devlj4/CR
groff-1.19.2/font/devlj4/DESC.in
groff-1.19.2/font/devlj4/GB
groff-1.19.2/font/devlj4/GBI
groff-1.19.2/font/devlj4/GI
groff-1.19.2/font/devlj4/GR
groff-1.19.2/font/devlj4/LGB
groff-1.19.2/font/devlj4/LGI
groff-1.19.2/font/devlj4/LGR
groff-1.19.2/font/devlj4/Makefile.sub
groff-1.19.2/font/devlj4/MARIGOLD
groff-1.19.2/font/devlj4/OB
groff-1.19.2/font/devlj4/OBI
groff-1.19.2/font/devlj4/OI
groff-1.19.2/font/devlj4/OR
groff-1.19.2/font/devlj4/S
groff-1.19.2/font/devlj4/SYMBOL
groff-1.19.2/font/devlj4/TB
groff-1.19.2/font/devlj4/TBI
groff-1.19.2/font/devlj4/TI
groff-1.19.2/font/devlj4/TNRB
groff-1.19.2/font/devlj4/TNRBI
groff-1.19.2/font/devlj4/TNRI
groff-1.19.2/font/devlj4/TNRR
groff-1.19.2/font/devlj4/TR
groff-1.19.2/font/devlj4/UB
groff-1.19.2/font/devlj4/UBI
groff-1.19.2/font/devlj4/UCB
groff-1.19.2/font/devlj4/UCBI
groff-1.19.2/font/devlj4/UCI
groff-1.19.2/font/devlj4/UCR
groff-1.19.2/font/devlj4/UI
groff-1.19.2/font/devlj4/UR
groff-1.19.2/font/devlj4/WINGDINGS
groff-1.19.2/font/devlbp/
groff-1.19.2/font/devlbp/CB
groff-1.19.2/font/devlbp/CI
groff-1.19.2/font/devlbp/CR
groff-1.19.2/font/devlbp/DESC.in
groff-1.19.2/font/devlbp/EB
groff-1.19.2/font/devlbp/EI
groff-1.19.2/font/devlbp/ER
groff-1.19.2/font/devlbp/HB
groff-1.19.2/font/devlbp/HBI
groff-1.19.2/font/devlbp/HI
groff-1.19.2/font/devlbp/HNB
groff-1.19.2/font/devlbp/HNBI
groff-1.19.2/font/devlbp/HNI
groff-1.19.2/font/devlbp/HNR
groff-1.19.2/font/devlbp/HR
groff-1.19.2/font/devlbp/Makefile.sub
groff-1.19.2/font/devlbp/TB
groff-1.19.2/font/devlbp/TBI
groff-1.19.2/font/devlbp/TI
groff-1.19.2/font/devlbp/TR
groff-1.19.2/font/devascii/
groff-1.19.2/font/devascii/DESC.proto
groff-1.19.2/font/devascii/Makefile.sub
groff-1.19.2/font/devascii/R.proto
groff-1.19.2/font/devlatin1/
groff-1.19.2/font/devlatin1/DESC.proto
groff-1.19.2/font/devlatin1/Makefile.sub
groff-1.19.2/font/devlatin1/R.proto
groff-1.19.2/font/devutf8/
groff-1.19.2/font/devutf8/DESC.proto
groff-1.19.2/font/devutf8/Makefile.sub
groff-1.19.2/font/devutf8/NOTES
groff-1.19.2/font/devutf8/R.proto
groff-1.19.2/font/devcp1047/
groff-1.19.2/font/devcp1047/DESC.proto
groff-1.19.2/font/devcp1047/Makefile.sub
groff-1.19.2/font/devcp1047/R.proto
groff-1.19.2/man/
groff-1.19.2/man/ditroff.man
groff-1.19.2/man/groff_char.man
groff-1.19.2/man/groff_diff.man
groff-1.19.2/man/groff_font.man
groff-1.19.2/man/groff.man
groff-1.19.2/man/groff_out.man
groff-1.19.2/man/groff_tmac.man
groff-1.19.2/man/Makefile.sub
groff-1.19.2/man/roff.man
groff-1.19.2/tmac/
groff-1.19.2/tmac/a4.tmac
groff-1.19.2/tmac/andoc.tmac
groff-1.19.2/tmac/an-old.tmac
groff-1.19.2/tmac/an.tmac
groff-1.19.2/tmac/composite.tmac
groff-1.19.2/tmac/cp1047.tmac
groff-1.19.2/tmac/devtag.tmac
groff-1.19.2/tmac/doc-common
groff-1.19.2/tmac/doc-ditroff
groff-1.19.2/tmac/doc-nroff
groff-1.19.2/tmac/doc-old.tmac
groff-1.19.2/tmac/doc-syms
groff-1.19.2/tmac/doc.tmac
groff-1.19.2/tmac/dvi.tmac
groff-1.19.2/tmac/ec.tmac
groff-1.19.2/tmac/eqnrc
groff-1.19.2/tmac/e.tmac
groff-1.19.2/tmac/europs.tmac
groff-1.19.2/tmac/fixmacros.sed
groff-1.19.2/tmac/groff_man.man
groff-1.19.2/tmac/groff_mdoc.man
groff-1.19.2/tmac/groff_me.man
groff-1.19.2/tmac/groff_ms.man
groff-1.19.2/tmac/groff_trace.man
groff-1.19.2/tmac/groff_www.man
groff-1.19.2/tmac/html-end.tmac
groff-1.19.2/tmac/html.tmac
groff-1.19.2/tmac/hyphenex.pl
groff-1.19.2/tmac/hyphenex.us
groff-1.19.2/tmac/hyphen.us
groff-1.19.2/tmac/latin1.tmac
groff-1.19.2/tmac/latin2.tmac
groff-1.19.2/tmac/latin5.tmac
groff-1.19.2/tmac/latin9.tmac
groff-1.19.2/tmac/lbp.tmac
groff-1.19.2/tmac/lj4.tmac
groff-1.19.2/tmac/Makefile.sub
groff-1.19.2/tmac/mandoc.tmac
groff-1.19.2/tmac/man.local
groff-1.19.2/tmac/man.tmac
groff-1.19.2/tmac/man.ultrix
groff-1.19.2/tmac/mdoc.local
groff-1.19.2/tmac/mdoc.tmac
groff-1.19.2/tmac/me.tmac
groff-1.19.2/tmac/ms.tmac
groff-1.19.2/tmac/papersize.tmac
groff-1.19.2/tmac/pic.tmac
groff-1.19.2/tmac/psatk.tmac
groff-1.19.2/tmac/psfig.tmac
groff-1.19.2/tmac/psold.tmac
groff-1.19.2/tmac/pspic.tmac
groff-1.19.2/tmac/ps.tmac
groff-1.19.2/tmac/README
groff-1.19.2/tmac/safer.tmac
groff-1.19.2/tmac/s.tmac
groff-1.19.2/tmac/strip.sed
groff-1.19.2/tmac/TODO
groff-1.19.2/tmac/trace.tmac
groff-1.19.2/tmac/troffrc
groff-1.19.2/tmac/troffrc-end
groff-1.19.2/tmac/tty-char.tmac
groff-1.19.2/tmac/tty.tmac
groff-1.19.2/tmac/unicode.tmac
groff-1.19.2/tmac/www.tmac
groff-1.19.2/tmac/Xps.tmac
groff-1.19.2/tmac/X.tmac
groff-1.19.2/doc/
groff-1.19.2/doc/fdl.texi
groff-1.19.2/doc/fixinfo.sh
groff-1.19.2/doc/gnu.xpm
groff-1.19.2/doc/grnexmpl.g
groff-1.19.2/doc/grnexmpl.me
groff-1.19.2/doc/groff.css
groff-1.19.2/doc/groff.texinfo
groff-1.19.2/doc/Makefile.in
groff-1.19.2/doc/Makefile.sub
groff-1.19.2/doc/meintro.me
groff-1.19.2/doc/meref.me
groff-1.19.2/doc/pic.ms
groff-1.19.2/doc/texinfo.tex
groff-1.19.2/doc/webpage.ms
groff-1.19.2/doc/groff
groff-1.19.2/doc/groff-1
groff-1.19.2/doc/groff-2
groff-1.19.2/doc/groff-3
groff-1.19.2/doc/gnu.eps
groff-1.19.2/doc/gnu.png
groff-1.19.2/contrib/
groff-1.19.2/contrib/mm/
groff-1.19.2/contrib/mm/examples/
groff-1.19.2/contrib/mm/examples/APP
groff-1.19.2/contrib/mm/examples/B1B2
groff-1.19.2/contrib/mm/examples/COVER
groff-1.19.2/contrib/mm/examples/IND
groff-1.19.2/contrib/mm/examples/LT
groff-1.19.2/contrib/mm/examples/LT.se
groff-1.19.2/contrib/mm/examples/ML
groff-1.19.2/contrib/mm/examples/MOVE
groff-1.19.2/contrib/mm/examples/MUL
groff-1.19.2/contrib/mm/examples/NCOL
groff-1.19.2/contrib/mm/examples/ND
groff-1.19.2/contrib/mm/examples/README
groff-1.19.2/contrib/mm/examples/References
groff-1.19.2/contrib/mm/examples/SETR
groff-1.19.2/contrib/mm/mm/
groff-1.19.2/contrib/mm/mm/0.MT
groff-1.19.2/contrib/mm/mm/4.MT
groff-1.19.2/contrib/mm/mm/5.MT
groff-1.19.2/contrib/mm/mm/ms.cov
groff-1.19.2/contrib/mm/mm/se_ms.cov
groff-1.19.2/contrib/mm/ChangeLog
groff-1.19.2/contrib/mm/groff_mm.man
groff-1.19.2/contrib/mm/groff_mmse.man
groff-1.19.2/contrib/mm/Makefile.sim
groff-1.19.2/contrib/mm/Makefile.sub
groff-1.19.2/contrib/mm/mmroff.man
groff-1.19.2/contrib/mm/mmroff.pl
groff-1.19.2/contrib/mm/mmse.tmac
groff-1.19.2/contrib/mm/mm.tmac
groff-1.19.2/contrib/mm/mse.tmac
groff-1.19.2/contrib/mm/m.tmac
groff-1.19.2/contrib/mm/NOTES
groff-1.19.2/contrib/mm/README
groff-1.19.2/contrib/pic2graph/
groff-1.19.2/contrib/pic2graph/Makefile.sub
groff-1.19.2/contrib/pic2graph/pic2graph.man
groff-1.19.2/contrib/pic2graph/pic2graph.sh
groff-1.19.2/contrib/eqn2graph/
groff-1.19.2/contrib/eqn2graph/eqn2graph.man
groff-1.19.2/contrib/eqn2graph/eqn2graph.sh
groff-1.19.2/contrib/eqn2graph/Makefile.sub
groff-1.19.2/contrib/grap2graph/
groff-1.19.2/contrib/grap2graph/grap2graph.man
groff-1.19.2/contrib/grap2graph/grap2graph.sh
groff-1.19.2/contrib/grap2graph/Makefile.sub
groff-1.19.2/contrib/groffer/
groff-1.19.2/contrib/groffer/ChangeLog
groff-1.19.2/contrib/groffer/groffer2.sh
groff-1.19.2/contrib/groffer/groffer.man
groff-1.19.2/contrib/groffer/groffer.sh
groff-1.19.2/contrib/groffer/Makefile.sub
groff-1.19.2/contrib/groffer/README
groff-1.19.2/contrib/groffer/README_SH
groff-1.19.2/contrib/groffer/TODO
groff-1.19.2/contrib/mom/
groff-1.19.2/contrib/mom/examples/
groff-1.19.2/contrib/mom/examples/elvis_syntax
groff-1.19.2/contrib/mom/examples/elvis_syntax.new
groff-1.19.2/contrib/mom/examples/letter.mom
groff-1.19.2/contrib/mom/examples/penguin.ps
groff-1.19.2/contrib/mom/examples/README.txt
groff-1.19.2/contrib/mom/examples/sample_docs.mom
groff-1.19.2/contrib/mom/examples/typesetting.mom
groff-1.19.2/contrib/mom/momdoc/
groff-1.19.2/contrib/mom/momdoc/appendices.html
groff-1.19.2/contrib/mom/momdoc/color.html
groff-1.19.2/contrib/mom/momdoc/cover.html
groff-1.19.2/contrib/mom/momdoc/definitions.html
groff-1.19.2/contrib/mom/momdoc/docelement.html
groff-1.19.2/contrib/mom/momdoc/docprocessing.html
groff-1.19.2/contrib/mom/momdoc/goodies.html
groff-1.19.2/contrib/mom/momdoc/headfootpage.html
groff-1.19.2/contrib/mom/momdoc/inlines.html
groff-1.19.2/contrib/mom/momdoc/intro.html
groff-1.19.2/contrib/mom/momdoc/letters.html
groff-1.19.2/contrib/mom/momdoc/macrolist.html
groff-1.19.2/contrib/mom/momdoc/rectoverso.html
groff-1.19.2/contrib/mom/momdoc/refer.html
groff-1.19.2/contrib/mom/momdoc/reserved.html
groff-1.19.2/contrib/mom/momdoc/toc.html
groff-1.19.2/contrib/mom/momdoc/typemacdoc.html
groff-1.19.2/contrib/mom/momdoc/typesetting.html
groff-1.19.2/contrib/mom/momdoc/using.html
groff-1.19.2/contrib/mom/BUGS
groff-1.19.2/contrib/mom/ChangeLog
groff-1.19.2/contrib/mom/copyright
groff-1.19.2/contrib/mom/groff_mom.man
groff-1.19.2/contrib/mom/Makefile.sub
groff-1.19.2/contrib/mom/mom.tmac
groff-1.19.2/contrib/mom/NEWS
groff-1.19.2/contrib/mom/om.tmac
groff-1.19.2/contrib/mom/TODO
groff-1.19.2/contrib/pdfmark/
groff-1.19.2/contrib/pdfmark/ChangeLog
groff-1.19.2/contrib/pdfmark/cover.ms
groff-1.19.2/contrib/pdfmark/Makefile.sub
groff-1.19.2/contrib/pdfmark/pdfmark.ms
groff-1.19.2/contrib/pdfmark/pdfmark.tmac
groff-1.19.2/contrib/pdfmark/pdfroff.man
groff-1.19.2/contrib/pdfmark/pdfroff.sh
groff-1.19.2/contrib/pdfmark/PROBLEMS
groff-1.19.2/contrib/pdfmark/README
groff-1.19.2/contrib/pdfmark/spdf.tmac
groff-1.19.2/contrib/pdfmark/TODO
groff-1.19.2/contrib/gdiffmk/
groff-1.19.2/contrib/gdiffmk/tests/
groff-1.19.2/contrib/gdiffmk/tests/file1
groff-1.19.2/contrib/gdiffmk/tests/file2
groff-1.19.2/contrib/gdiffmk/tests/runtests.in
groff-1.19.2/contrib/gdiffmk/tests/test_baseline
groff-1.19.2/contrib/gdiffmk/tests/test_baseline10
groff-1.19.2/contrib/gdiffmk/tests/test_baseline6
groff-1.19.2/contrib/gdiffmk/tests/test_baseline7
groff-1.19.2/contrib/gdiffmk/tests/test_baseline8
groff-1.19.2/contrib/gdiffmk/tests/test_baseline9
groff-1.19.2/contrib/gdiffmk/ChangeLog
groff-1.19.2/contrib/gdiffmk/gdiffmk.man
groff-1.19.2/contrib/gdiffmk/gdiffmk.sh
groff-1.19.2/contrib/gdiffmk/Makefile.sub
groff-1.19.2/contrib/gdiffmk/README
groff-1.19.2/Makefile
groff-1.19.2/aclocal.m4
groff-1.19.2/BUG-REPORT
groff-1.19.2/ChangeLog
groff-1.19.2/ChangeLog.115
groff-1.19.2/ChangeLog.116
groff-1.19.2/ChangeLog.117
groff-1.19.2/ChangeLog.118
groff-1.19.2/configure
groff-1.19.2/configure.ac
groff-1.19.2/COPYING
groff-1.19.2/FDL
groff-1.19.2/gendef.sh
groff-1.19.2/INSTALL
groff-1.19.2/INSTALL.gen
groff-1.19.2/install-sh
groff-1.19.2/LICENSE
groff-1.19.2/Makefile.ccpg
groff-1.19.2/Makefile.comm
groff-1.19.2/Makefile.cpg
groff-1.19.2/Makefile.dev
groff-1.19.2/Makefile.in
groff-1.19.2/Makefile.init
groff-1.19.2/Makefile.lib
groff-1.19.2/Makefile.man
groff-1.19.2/Makefile.sub
groff-1.19.2/MANIFEST
groff-1.19.2/mdate.sh
groff-1.19.2/mkinstalldirs
groff-1.19.2/MORE.STUFF
groff-1.19.2/NEWS
groff-1.19.2/PROBLEMS
groff-1.19.2/PROJECTS
groff-1.19.2/README
groff-1.19.2/README.MinGW
groff-1.19.2/REVISION
groff-1.19.2/stamp-h.in
groff-1.19.2/test-groff.in
groff-1.19.2/TODO
groff-1.19.2/VERSION
