patching file ChangeLog
patching file ChangeLog.115
patching file ChangeLog.116
patching file ChangeLog.117
patching file ChangeLog.118
patching file INSTALL
patching file INSTALL.gen
patching file LICENSE
patching file LICENSES
patching file MANIFEST
patching file MORE.STUFF
patching file Makefile.ccpg
patching file Makefile.comm
patching file Makefile.cpg
patching file Makefile.dev
patching file Makefile.in
patching file Makefile.init
patching file Makefile.lib
patching file Makefile.man
patching file Makefile.sub
patching file NEWS
patching file PROBLEMS
patching file README
patching file README.MinGW
patching file REVISION
patching file aclocal.m4
patching file config.guess
patching file config.rpath
patching file config.sub
patching file configure
patching file configure.ac
patching file gendef.sh
patching file install-sh
patching file mdate.sh
patching file mkinstalldirs
patching file test-groff.in
patching file contrib/chem/.cvsignore
patching file contrib/chem/ChangeLog
patching file contrib/chem/Makefile.sub
patching file contrib/chem/README.txt
patching file contrib/chem/chem.man
patching file contrib/chem/chem.pic
patching file contrib/chem/chem.pl
patching file contrib/chem/examples/.cvsignore
patching file contrib/chem/examples/README.txt
patching file contrib/chem/examples/atp.chem
patching file contrib/chem/examples/cholesterin.chem
patching file contrib/chem/examples/ethamivan.chem
patching file contrib/chem/examples/lsd.chem
patching file contrib/chem/examples/morphine.chem
patching file contrib/chem/examples/penicillin.chem
patching file contrib/chem/examples/reserpine.chem
patching file contrib/chem/examples/122/README
patching file contrib/chem/examples/122/ch2a_ethyl.chem
patching file contrib/chem/examples/122/ch2b_benzene.chem
patching file contrib/chem/examples/122/ch2c_benzene_right.chem
patching file contrib/chem/examples/122/ch4a_stick.chem
patching file contrib/chem/examples/122/ch4b_methyl_acetate.chem
patching file contrib/chem/examples/122/ch4c_colon.chem
patching file contrib/chem/examples/122/ch4d_HCl.H2O.chem
patching file contrib/chem/examples/122/ch4e_CaSO4.2H2O.chem
patching file contrib/chem/examples/122/ch4f_C.chem
patching file contrib/chem/examples/122/ch4g_BP.chem
patching file contrib/chem/examples/122/ch4h_methacrylate.chem
patching file contrib/chem/examples/122/ch4i_cyclo.chem
patching file contrib/chem/examples/122/ch4j_ring4.chem
patching file contrib/chem/examples/122/ch4k_ring3.chem
patching file contrib/chem/examples/122/ch4l_vertex.chem
patching file contrib/chem/examples/122/ch4m_double.chem
patching file contrib/chem/examples/122/ch4n_triple.chem
patching file contrib/chem/examples/122/ch4o_aromatic.chem
patching file contrib/chem/examples/122/ch4p_cholestanol.chem
patching file contrib/chem/examples/122/ch4q_rings.chem
patching file contrib/chem/examples/122/ch4r_spiro.chem
patching file contrib/chem/examples/122/ch4s_heteroatoms.chem
patching file contrib/chem/examples/122/ch4t_polycyclic.chem
patching file contrib/chem/examples/122/ch4u_nicotine.chem
patching file contrib/chem/examples/122/ch4v_histidine.chem
patching file contrib/chem/examples/122/ch4w_lsd.chem
patching file contrib/chem/examples/122/ch4x_anisole.chem
patching file contrib/chem/examples/122/ch4y_reserpine.chem
patching file contrib/chem/examples/122/ch4z1_eqn_glutamic.chem
patching file contrib/chem/examples/122/ch4z2_text.chem
patching file contrib/chem/examples/122/ch5a_size.chem
patching file contrib/chem/examples/122/ch6a_pic.chem
patching file contrib/chem/examples/122/ch6b_dna.chem
patching file contrib/chem/examples/122/chAa_polymer.chem
patching file contrib/chem/examples/122/chAb_vinyl_chloro.chem
patching file contrib/chem/examples/122/chAc_morphine.chem
patching file contrib/chem/examples/122/chAd_chlorophyll.chem
patching file contrib/chem/examples/122/chAe_chair.chem
patching file contrib/chem/examples/122/chAf_arrow.chem
patching file contrib/chem/examples/122/chAg_circle.chem
patching file contrib/chem/examples/122/chAh_brackets.chem
patching file contrib/chem/examples/122/chAi_poly_vinyl_chloride.chem
patching file contrib/chem/examples/122/chBa_jump.chem
patching file contrib/chem/examples/122/chBb_bonds.chem
patching file contrib/chem/examples/122/chBc_rings.chem
patching file contrib/eqn2graph/Makefile.sub
patching file contrib/gdiffmk/ChangeLog
patching file contrib/gdiffmk/Makefile.sub
patching file contrib/gdiffmk/tests/baseline
patching file contrib/gdiffmk/tests/baseline.10
patching file contrib/gdiffmk/tests/baseline.6
patching file contrib/gdiffmk/tests/baseline.7
patching file contrib/gdiffmk/tests/baseline.8
patching file contrib/gdiffmk/tests/baseline.9
patching file contrib/gdiffmk/tests/runtests.in
patching file contrib/gdiffmk/tests/test_baseline
patching file contrib/gdiffmk/tests/test_baseline10
patching file contrib/gdiffmk/tests/test_baseline6
patching file contrib/gdiffmk/tests/test_baseline7
patching file contrib/gdiffmk/tests/test_baseline8
patching file contrib/gdiffmk/tests/test_baseline9
patching file contrib/grap2graph/Makefile.sub
can't find file to patch at input line 31062
Perhaps you used the wrong -p or --strip option?
The text leading up to this was:
--------------------------
|Index: groff/contrib/groffer/.cvsignore
|diff -u groff/contrib/groffer/.cvsignore:1.1 groff/contrib/groffer/.cvsignore:1.2
|--- groff/contrib/groffer/.cvsignore:1.1	Sun May 26 13:39:09 2002
|+++ groff/contrib/groffer/.cvsignore	Sat Oct 14 05:59:54 2006
--------------------------
File to patch: 
Skip this patch? [y] 
Skipping patch.
1 out of 1 hunk ignored
patching file contrib/groffer/ChangeLog
patching file contrib/groffer/Makefile.sub
patching file contrib/groffer/README
patching file contrib/groffer/README_SH
patching file contrib/groffer/TODO
patching file contrib/groffer/groffer.man
patching file contrib/groffer/groffer.sh
patching file contrib/groffer/groffer2.sh
patching file contrib/groffer/roff2.man
patching file contrib/groffer/version.sh
patching file contrib/groffer/perl/README_PERL
patching file contrib/groffer/perl/func.pl
patching file contrib/groffer/perl/groffer.man
patching file contrib/groffer/perl/groffer.pl
patching file contrib/groffer/perl/man.pl
patching file contrib/groffer/perl/perl_test.pl
patching file contrib/groffer/perl/roff2.pl
patching file contrib/groffer/perl/split_env.sh
patching file contrib/groffer/shell/ChangeLog.0
patching file contrib/groffer/shell/README_SH
patching file contrib/groffer/shell/groffer.man
patching file contrib/groffer/shell/groffer.sh
patching file contrib/groffer/shell/groffer2.sh
patching file contrib/groffer/shell/roff2.sh
patching file contrib/hdtbl/ChangeLog
patching file contrib/hdtbl/Makefile.sub
patching file contrib/hdtbl/README
patching file contrib/hdtbl/groff_hdtbl.man
patching file contrib/hdtbl/hdmisc.tmac
patching file contrib/hdtbl/hdtbl.tmac
patching file contrib/hdtbl/examples/chess_board.roff
patching file contrib/hdtbl/examples/col_rowspan_colors.roff
patching file contrib/hdtbl/examples/color_boxes.roff
patching file contrib/hdtbl/examples/color_nested_tables.roff
patching file contrib/hdtbl/examples/color_table_cells.roff
patching file contrib/hdtbl/examples/color_transitions.roff
patching file contrib/hdtbl/examples/fonts_n.in
patching file contrib/hdtbl/examples/fonts_x.in
patching file contrib/hdtbl/examples/mixed_pickles.roff
patching file contrib/hdtbl/examples/rainbow.roff
patching file contrib/hdtbl/examples/short_reference.roff
patching file contrib/mm/ChangeLog
patching file contrib/mm/Makefile.sub
patching file contrib/mm/groff_mm.man
patching file contrib/mm/groff_mmse.man
patching file contrib/mm/m.tmac
patching file contrib/mm/mmroff.man
patching file contrib/mm/mse.tmac
patching file contrib/mm/examples/README
patching file contrib/mm/mm/ms.cov
patching file contrib/mom/BUGS
patching file contrib/mom/ChangeLog
patching file contrib/mom/Makefile.sub
patching file contrib/mom/NEWS
patching file contrib/mom/TODO
patching file contrib/mom/copyright
patching file contrib/mom/groff_mom.man
patching file contrib/mom/om.tmac
patching file contrib/mom/examples/elvis_syntax.new
patching file contrib/mom/examples/mom.vim
patching file contrib/mom/momdoc/appendices.html
patching file contrib/mom/momdoc/color.html
patching file contrib/mom/momdoc/cover.html
patching file contrib/mom/momdoc/definitions.html
patching file contrib/mom/momdoc/docelement.html
patching file contrib/mom/momdoc/docprocessing.html
patching file contrib/mom/momdoc/goodies.html
patching file contrib/mom/momdoc/graphical.html
patching file contrib/mom/momdoc/headfootpage.html
patching file contrib/mom/momdoc/inlines.html
patching file contrib/mom/momdoc/intro.html
patching file contrib/mom/momdoc/letters.html
patching file contrib/mom/momdoc/macrolist.html
patching file contrib/mom/momdoc/rectoverso.html
patching file contrib/mom/momdoc/refer.html
patching file contrib/mom/momdoc/reserved.html
patching file contrib/mom/momdoc/toc.html
patching file contrib/mom/momdoc/typemacdoc.html
patching file contrib/mom/momdoc/typesetting.html
patching file contrib/mom/momdoc/using.html
patching file contrib/pdfmark/ChangeLog
patching file contrib/pdfmark/Makefile.sub
patching file contrib/pdfmark/pdfmark.ms
patching file contrib/pdfmark/pdfmark.tmac
patching file contrib/pdfmark/pdfroff.man
patching file contrib/pdfmark/pdfroff.sh
patching file contrib/pic2graph/Makefile.sub
patching file doc/Makefile.in
patching file doc/Makefile.sub
patching file doc/groff.css
patching file doc/groff.texinfo
patching file doc/meref.me
patching file doc/pic.ms
patching file doc/webpage.ms
patching file font/make-Rproto
patching file font/devcp1047/R.proto
patching file font/devdvi/CWITC
patching file font/devdvi/CWTC
patching file font/devdvi/HBITC
patching file font/devdvi/HBTC
patching file font/devdvi/HITC
patching file font/devdvi/HRTC
patching file font/devdvi/TBITC
patching file font/devdvi/TBTC
patching file font/devdvi/TITC
patching file font/devdvi/TRTC
patching file font/devdvi/generate/tc.map
patching file font/devhtml/DESC.proto
patching file font/devhtml/R.in
patching file font/devhtml/R.proto
patching file font/devlatin1/R.proto
patching file font/devps/AB
patching file font/devps/ABI
patching file font/devps/AI
patching file font/devps/AR
patching file font/devps/BMB
patching file font/devps/BMBI
patching file font/devps/BMI
patching file font/devps/BMR
patching file font/devps/CB
patching file font/devps/CBI
patching file font/devps/CI
patching file font/devps/CR
patching file font/devps/EURO
patching file font/devps/HB
patching file font/devps/HBI
patching file font/devps/HI
patching file font/devps/HNB
patching file font/devps/HNBI
patching file font/devps/HNI
patching file font/devps/HNR
patching file font/devps/HR
patching file font/devps/Makefile.sub
patching file font/devps/NB
patching file font/devps/NBI
patching file font/devps/NI
patching file font/devps/NR
patching file font/devps/PB
patching file font/devps/PBI
patching file font/devps/PI
patching file font/devps/PR
patching file font/devps/S
patching file font/devps/SS
patching file font/devps/TB
patching file font/devps/TBI
patching file font/devps/TI
patching file font/devps/TR
patching file font/devps/ZCMI
patching file font/devps/ZD
patching file font/devps/ZDR
patching file font/devps/freeeuro.afm
patching file font/devps/freeeuro.pfa
patching file font/devps/prologue.ps
patching file font/devps/symbol.afm
patching file font/devps/symbolsl.ps
patching file font/devps/zapfdr.afm
patching file font/devps/zapfdr.ps
patching file font/devps/generate/Makefile
patching file font/devps/generate/freeeuro.sfd
patching file font/devps/generate/make-zapfdr
patching file font/devps/generate/symbol.sed
patching file font/devps/generate/symbolsl.afm
patching file font/devps/generate/symbolsl.awk
patching file font/devps/generate/textmap
patching file font/devps/generate/zapfdr.sed
patching file font/devps/old/CB
patching file font/devps/old/CBI
patching file font/devps/old/CI
patching file font/devps/old/CR
patching file font/devps/old/HB
patching file font/devps/old/HBI
patching file font/devps/old/HI
patching file font/devps/old/HNB
patching file font/devps/old/HNBI
patching file font/devps/old/HNI
patching file font/devps/old/HNR
patching file font/devps/old/HR
patching file font/devps/old/NB
patching file font/devps/old/NBI
patching file font/devps/old/NI
patching file font/devps/old/NR
patching file font/devps/old/PB
patching file font/devps/old/PBI
patching file font/devps/old/PI
patching file font/devps/old/PR
patching file font/devps/old/S
patching file font/devps/old/SS
patching file font/devps/old/TB
patching file font/devps/old/TBI
patching file font/devps/old/TI
patching file font/devps/old/TR
patching file font/devps/old/symbol.afm
patching file font/devps/old/symbolsl.afm
patching file font/devps/old/zapfdr.afm
patching file font/devps/old/zapfdr.ps
patching file font/devutf8/DESC.proto
patching file font/devutf8/R.in
patching file font/devutf8/R.proto
patching file m4/codeset.m4
patching file m4/glibc21.m4
patching file m4/groff.m4
patching file m4/iconv.m4
patching file m4/lib-ld.m4
patching file m4/lib-link.m4
patching file m4/lib-prefix.m4
patching file man/ditroff.man
patching file man/groff.man
patching file man/groff_char.man
patching file man/groff_diff.man
patching file man/groff_font.man
patching file man/groff_out.man
patching file man/groff_tmac.man
patching file man/roff.man
patching file src/devices/grodvi/dvi.cpp
patching file src/devices/grodvi/grodvi.man
patching file src/devices/grohtml/grohtml.man
patching file src/devices/grohtml/post-html.cpp
patching file src/devices/grolbp/grolbp.man
patching file src/devices/grolbp/lbp.cpp
patching file src/devices/grolj4/grolj4.man
patching file src/devices/grolj4/lj4.cpp
patching file src/devices/grops/grops.man
patching file src/devices/grops/ps.cpp
patching file src/devices/grotty/grotty.man
patching file src/devices/grotty/tty.cpp
patching file src/devices/xditview/DviP.h
patching file src/devices/xditview/GXditview-color.ad
patching file src/devices/xditview/GXditview.ad
patching file src/devices/xditview/Makefile.sub
patching file src/devices/xditview/TODO
patching file src/devices/xditview/gxditview.man
patching file src/devices/xditview/xditview.c
patching file src/include/config.hin
patching file src/include/device.h
patching file src/include/font.h
patching file src/include/itable.h
patching file src/include/lib.h
patching file src/include/localcharset.h
patching file src/include/printer.h
patching file src/include/ptable.h
patching file src/include/relocate.h
patching file src/include/unicode.h
patching file src/libs/libdriver/input.cpp
patching file src/libs/libdriver/printer.cpp
patching file src/libs/libgroff/Makefile.sub
patching file src/libs/libgroff/config.charset
patching file src/libs/libgroff/font.cpp
patching file src/libs/libgroff/fontfile.cpp
patching file src/libs/libgroff/glyphuni.cpp
patching file src/libs/libgroff/localcharset.c
patching file src/libs/libgroff/make-uniuni
patching file src/libs/libgroff/nametoindex.cpp
patching file src/libs/libgroff/ptable.cpp
patching file src/libs/libgroff/putenv.c
patching file src/libs/libgroff/ref-add.sin
patching file src/libs/libgroff/ref-del.sin
patching file src/libs/libgroff/relocatable.h
patching file src/libs/libgroff/uniglyph.cpp
patching file src/libs/libgroff/uniuni.cpp
patching file src/libs/snprintf/README
patching file src/preproc/eqn/Makefile.sub
patching file src/preproc/eqn/box.cpp
patching file src/preproc/eqn/delim.cpp
patching file src/preproc/eqn/eqn.h
patching file src/preproc/eqn/eqn.man
patching file src/preproc/eqn/lex.cpp
patching file src/preproc/eqn/limit.cpp
patching file src/preproc/eqn/list.cpp
patching file src/preproc/eqn/main.cpp
patching file src/preproc/eqn/other.cpp
patching file src/preproc/eqn/over.cpp
patching file src/preproc/eqn/pile.cpp
patching file src/preproc/eqn/script.cpp
patching file src/preproc/eqn/special.cpp
patching file src/preproc/eqn/sqrt.cpp
patching file src/preproc/eqn/text.cpp
patching file src/preproc/grn/grn.man
patching file src/preproc/grn/hdb.cpp
patching file src/preproc/grn/main.cpp
patching file src/preproc/html/pre-html.cpp
patching file src/preproc/html/pre-html.h
patching file src/preproc/pic/common.cpp
patching file src/preproc/pic/common.h
patching file src/preproc/pic/lex.cpp
patching file src/preproc/pic/main.cpp
patching file src/preproc/pic/object.cpp
patching file src/preproc/pic/output.h
patching file src/preproc/pic/pic.y
patching file src/preproc/preconv/.cvsignore
patching file src/preproc/preconv/Makefile.sub
patching file src/preproc/preconv/preconv.cpp
patching file src/preproc/preconv/preconv.man
patching file src/preproc/refer/command.cpp
patching file src/preproc/refer/command.h
patching file src/preproc/refer/refer.cpp
patching file src/preproc/refer/refer.man
patching file src/preproc/soelim/soelim.cpp
patching file src/preproc/soelim/soelim.man
patching file src/preproc/tbl/main.cpp
patching file src/preproc/tbl/table.cpp
patching file src/preproc/tbl/table.h
patching file src/preproc/tbl/tbl.man
patching file src/roff/groff/groff.cpp
patching file src/roff/groff/groff.man
patching file src/roff/groff/pipeline.c
patching file src/roff/groff/pipeline.h
patching file src/roff/grog/Makefile.sub
patching file src/roff/grog/grog.man
patching file src/roff/grog/grog.pl
patching file src/roff/grog/grog.sh
patching file src/roff/nroff/Makefile.sub
patching file src/roff/troff/TODO
patching file src/roff/troff/charinfo.h
patching file src/roff/troff/div.cpp
patching file src/roff/troff/env.cpp
patching file src/roff/troff/env.h
patching file src/roff/troff/input.cpp
patching file src/roff/troff/input.h
patching file src/roff/troff/node.cpp
patching file src/roff/troff/node.h
patching file src/roff/troff/troff.man
patching file src/utils/afmtodit/Makefile.sub
patching file src/utils/afmtodit/afmtodit.man
patching file src/utils/afmtodit/afmtodit.pl
patching file src/utils/afmtodit/afmtodit.tables
patching file src/utils/afmtodit/make-afmtodit-tables
patching file src/utils/indxbib/Makefile.sub
patching file src/utils/pfbtops/pfbtops.c
patching file src/utils/xtotroff/xtotroff.c
patching file tmac/62bit.tmac
patching file tmac/LOCALIZATION
patching file tmac/Makefile.sub
patching file tmac/README
patching file tmac/TESTING-HINTS
patching file tmac/an-ext.tmac
patching file tmac/an-old.tmac
patching file tmac/composite.tmac
patching file tmac/de.tmac
patching file tmac/den.tmac
patching file tmac/doc-common
patching file tmac/doc-old.tmac
patching file tmac/doc-syms
patching file tmac/dvi.tmac
patching file tmac/e.tmac
patching file tmac/fr.tmac
patching file tmac/groff_man.man
patching file tmac/groff_mdoc.man
patching file tmac/groff_ms.man
patching file tmac/groff_trace.man
patching file tmac/groff_www.man
patching file tmac/html.tmac
patching file tmac/hyphen.den
patching file tmac/hyphen.det
patching file tmac/hyphen.fr
patching file tmac/hyphen.sv
patching file tmac/hyphenex.det
patching file tmac/hyphenex.us
patching file tmac/papersize.tmac
patching file tmac/ps.tmac
patching file tmac/pspic.tmac
patching file tmac/s.tmac
patching file tmac/strip.sed
patching file tmac/sv.tmac
patching file tmac/trace.tmac
patching file tmac/trans.tmac
patching file tmac/troffrc
patching file tmac/www.tmac
