dpkg-deb: building package `groff-1.19.2' in `debian.deb'.
 new debian package, version 2.0.
 size 5849930 bytes: control archive= 1396 bytes.
     258 bytes,    10 lines      control              
     789 bytes,    18 lines      copyright            
       6 bytes,     1 lines      debian-binary        
     889 bytes,    38 lines   *  postinst             #!/bin/bash
     108 bytes,     3 lines   *  postrm               #!/bin/bash
     111 bytes,     3 lines   *  preinst              #!/bin/bash
     477 bytes,    17 lines   *  prerm                #!/bin/bash
 Package: groff-1.19.2
 Version: 1.19.2
 Section: unknown
 Priority: optional
 Architecture: all
 Essential: no
 Depends: aaa-base
 Maintainer: Aethernet support team [support@aethernet.co.uk]
 Provides: groff
 Description: Programs for processing and formatting text
