autoconf-2.59/
autoconf-2.59/config/
autoconf-2.59/config/m4.m4
autoconf-2.59/config/Makefile.in
autoconf-2.59/config/Makefile.am
autoconf-2.59/config/config.guess
autoconf-2.59/config/config.sub
autoconf-2.59/config/elisp-comp
autoconf-2.59/config/install-sh
autoconf-2.59/config/mdate-sh
autoconf-2.59/config/missing
autoconf-2.59/config/mkinstalldirs
autoconf-2.59/config/texinfo.tex
autoconf-2.59/config/move-if-change
autoconf-2.59/config/prev-version.txt
autoconf-2.59/tests/
autoconf-2.59/tests/Makefile.in
autoconf-2.59/tests/Makefile.am
autoconf-2.59/tests/atlocal.in
autoconf-2.59/tests/wrapper.in
autoconf-2.59/tests/aclang.at
autoconf-2.59/tests/acc.at
autoconf-2.59/tests/acfortran.at
autoconf-2.59/tests/acgeneral.at
autoconf-2.59/tests/acstatus.at
autoconf-2.59/tests/acautoheader.at
autoconf-2.59/tests/acautoupdate.at
autoconf-2.59/tests/acspecific.at
autoconf-2.59/tests/acfunctions.at
autoconf-2.59/tests/acheaders.at
autoconf-2.59/tests/actypes.at
autoconf-2.59/tests/aclibs.at
autoconf-2.59/tests/acprograms.at
autoconf-2.59/tests/suite.at
autoconf-2.59/tests/m4sugar.at
autoconf-2.59/tests/m4sh.at
autoconf-2.59/tests/base.at
autoconf-2.59/tests/tools.at
autoconf-2.59/tests/torture.at
autoconf-2.59/tests/compile.at
autoconf-2.59/tests/c.at
autoconf-2.59/tests/fortran.at
autoconf-2.59/tests/semantics.at
autoconf-2.59/tests/foreign.at
autoconf-2.59/tests/local.at
autoconf-2.59/tests/mktests.sh
autoconf-2.59/tests/package.m4
autoconf-2.59/tests/wrapper.as
autoconf-2.59/README
autoconf-2.59/configure.ac
autoconf-2.59/aclocal.m4
autoconf-2.59/Makefile.in
autoconf-2.59/configure
autoconf-2.59/AUTHORS
autoconf-2.59/COPYING
autoconf-2.59/ChangeLog
autoconf-2.59/INSTALL
autoconf-2.59/Makefile.am
autoconf-2.59/NEWS
autoconf-2.59/THANKS
autoconf-2.59/TODO
autoconf-2.59/ChangeLog.0
autoconf-2.59/ChangeLog.1
autoconf-2.59/ChangeLog.2
autoconf-2.59/BUGS
autoconf-2.59/GNUmakefile
autoconf-2.59/Makefile.maint
autoconf-2.59/Makefile.cfg
autoconf-2.59/bin/
autoconf-2.59/bin/Makefile.in
autoconf-2.59/bin/Makefile.am
autoconf-2.59/bin/autoconf.in
autoconf-2.59/bin/autoheader.in
autoconf-2.59/bin/autoreconf.in
autoconf-2.59/bin/autoupdate.in
autoconf-2.59/bin/ifnames.in
autoconf-2.59/bin/autoscan.in
autoconf-2.59/bin/autom4te.in
autoconf-2.59/bin/autoconf.as
autoconf-2.59/lib/
autoconf-2.59/lib/freeze.mk
autoconf-2.59/lib/Makefile.in
autoconf-2.59/lib/Makefile.am
autoconf-2.59/lib/autom4te.in
autoconf-2.59/lib/Autom4te/
autoconf-2.59/lib/Autom4te/C4che.pm
autoconf-2.59/lib/Autom4te/ChannelDefs.pm
autoconf-2.59/lib/Autom4te/Channels.pm
autoconf-2.59/lib/Autom4te/Configure_ac.pm
autoconf-2.59/lib/Autom4te/FileUtils.pm
autoconf-2.59/lib/Autom4te/General.pm
autoconf-2.59/lib/Autom4te/Request.pm
autoconf-2.59/lib/Autom4te/Struct.pm
autoconf-2.59/lib/Autom4te/XFile.pm
autoconf-2.59/lib/Autom4te/Makefile.in
autoconf-2.59/lib/Autom4te/Makefile.am
autoconf-2.59/lib/m4sugar/
autoconf-2.59/lib/m4sugar/m4sugar.m4
autoconf-2.59/lib/m4sugar/m4sh.m4
autoconf-2.59/lib/m4sugar/Makefile.in
autoconf-2.59/lib/m4sugar/Makefile.am
autoconf-2.59/lib/autoconf/
autoconf-2.59/lib/autoconf/autoconf.m4
autoconf-2.59/lib/autoconf/general.m4
autoconf-2.59/lib/autoconf/status.m4
autoconf-2.59/lib/autoconf/oldnames.m4
autoconf-2.59/lib/autoconf/specific.m4
autoconf-2.59/lib/autoconf/autoheader.m4
autoconf-2.59/lib/autoconf/autoupdate.m4
autoconf-2.59/lib/autoconf/autotest.m4
autoconf-2.59/lib/autoconf/autoscan.m4
autoconf-2.59/lib/autoconf/lang.m4
autoconf-2.59/lib/autoconf/c.m4
autoconf-2.59/lib/autoconf/fortran.m4
autoconf-2.59/lib/autoconf/functions.m4
autoconf-2.59/lib/autoconf/headers.m4
autoconf-2.59/lib/autoconf/types.m4
autoconf-2.59/lib/autoconf/libs.m4
autoconf-2.59/lib/autoconf/programs.m4
autoconf-2.59/lib/autoconf/Makefile.in
autoconf-2.59/lib/autoconf/Makefile.am
autoconf-2.59/lib/autotest/
autoconf-2.59/lib/autotest/autotest.m4
autoconf-2.59/lib/autotest/general.m4
autoconf-2.59/lib/autotest/Makefile.in
autoconf-2.59/lib/autotest/Makefile.am
autoconf-2.59/lib/autoscan/
autoconf-2.59/lib/autoscan/Makefile.in
autoconf-2.59/lib/autoscan/Makefile.am
autoconf-2.59/lib/autoscan/autoscan.pre
autoconf-2.59/lib/emacs/
autoconf-2.59/lib/emacs/autoconf-mode.el
autoconf-2.59/lib/emacs/autotest-mode.el
autoconf-2.59/lib/emacs/Makefile.in
autoconf-2.59/lib/emacs/Makefile.am
autoconf-2.59/man/
autoconf-2.59/man/autoconf.1
autoconf-2.59/man/autoreconf.1
autoconf-2.59/man/autoheader.1
autoconf-2.59/man/autoupdate.1
autoconf-2.59/man/ifnames.1
autoconf-2.59/man/autoscan.1
autoconf-2.59/man/autom4te.1
autoconf-2.59/man/config.guess.1
autoconf-2.59/man/config.sub.1
autoconf-2.59/man/Makefile.in
autoconf-2.59/man/Makefile.am
autoconf-2.59/man/autoconf.x
autoconf-2.59/man/autoreconf.x
autoconf-2.59/man/autoheader.x
autoconf-2.59/man/autoupdate.x
autoconf-2.59/man/ifnames.x
autoconf-2.59/man/autoscan.x
autoconf-2.59/man/autom4te.x
autoconf-2.59/man/config.guess.x
autoconf-2.59/man/config.sub.x
autoconf-2.59/man/common.x
autoconf-2.59/doc/
autoconf-2.59/doc/fdl.texi
autoconf-2.59/doc/install.texi
autoconf-2.59/doc/Makefile.in
autoconf-2.59/doc/make-stds.texi
autoconf-2.59/doc/Makefile.am
autoconf-2.59/doc/stamp-vti
autoconf-2.59/doc/texinfo.tex
autoconf-2.59/doc/version.texi
autoconf-2.59/doc/autoconf.texi
autoconf-2.59/doc/standards.texi
autoconf-2.59/doc/autoconf.info
autoconf-2.59/doc/standards.info
