Skipping patch file...
Skipping patch file...
vim70
vim70/README.txt
vim70/runtime
vim70/runtime/bugreport.vim
vim70/runtime/doc
vim70/runtime/doc/makehtml.awk
vim70/runtime/doc/maketags.awk
vim70/runtime/doc/vim2html.pl
vim70/runtime/doc/arabic.txt
vim70/runtime/doc/autocmd.txt
vim70/runtime/doc/change.txt
vim70/runtime/doc/cmdline.txt
vim70/runtime/doc/debug.txt
vim70/runtime/doc/debugger.txt
vim70/runtime/doc/develop.txt
vim70/runtime/doc/diff.txt
vim70/runtime/doc/digraph.txt
vim70/runtime/doc/editing.txt
vim70/runtime/doc/eval.txt
vim70/runtime/doc/farsi.txt
vim70/runtime/doc/filetype.txt
vim70/runtime/doc/fold.txt
vim70/runtime/doc/getscript.txt
vim70/runtime/doc/gui.txt
vim70/runtime/doc/gui_w16.txt
vim70/runtime/doc/gui_w32.txt
vim70/runtime/doc/gui_x11.txt
vim70/runtime/doc/hangulin.txt
vim70/runtime/doc/hebrew.txt
vim70/runtime/doc/help.txt
vim70/runtime/doc/howto.txt
vim70/runtime/doc/if_cscop.txt
vim70/runtime/doc/if_mzsch.txt
vim70/runtime/doc/if_ole.txt
vim70/runtime/doc/if_perl.txt
vim70/runtime/doc/if_pyth.txt
vim70/runtime/doc/if_ruby.txt
vim70/runtime/doc/if_sniff.txt
vim70/runtime/doc/if_tcl.txt
vim70/runtime/doc/indent.txt
vim70/runtime/doc/index.txt
vim70/runtime/doc/insert.txt
vim70/runtime/doc/intro.txt
vim70/runtime/doc/map.txt
vim70/runtime/doc/mbyte.txt
vim70/runtime/doc/message.txt
vim70/runtime/doc/mlang.txt
vim70/runtime/doc/motion.txt
vim70/runtime/doc/netbeans.txt
vim70/runtime/doc/options.txt
vim70/runtime/doc/os_390.txt
vim70/runtime/doc/os_amiga.txt
vim70/runtime/doc/sql.txt
vim70/runtime/doc/os_beos.txt
vim70/runtime/doc/os_dos.txt
vim70/runtime/doc/os_mac.txt
vim70/runtime/doc/os_mint.txt
vim70/runtime/doc/os_msdos.txt
vim70/runtime/doc/os_os2.txt
vim70/runtime/doc/os_qnx.txt
vim70/runtime/doc/os_risc.txt
vim70/runtime/doc/os_unix.txt
vim70/runtime/doc/os_vms.txt
vim70/runtime/doc/os_win32.txt
vim70/runtime/doc/pattern.txt
vim70/runtime/doc/pi_gzip.txt
vim70/runtime/doc/pi_netrw.txt
vim70/runtime/doc/pi_paren.txt
vim70/runtime/doc/pi_spec.txt
vim70/runtime/doc/pi_tar.txt
vim70/runtime/doc/pi_vimball.txt
vim70/runtime/doc/pi_zip.txt
vim70/runtime/doc/print.txt
vim70/runtime/doc/quickfix.txt
vim70/runtime/doc/quickref.txt
vim70/runtime/doc/quotes.txt
vim70/runtime/doc/recover.txt
vim70/runtime/doc/remote.txt
vim70/runtime/doc/repeat.txt
vim70/runtime/doc/rileft.txt
vim70/runtime/doc/russian.txt
vim70/runtime/doc/scroll.txt
vim70/runtime/doc/sign.txt
vim70/runtime/doc/spell.txt
vim70/runtime/doc/sponsor.txt
vim70/runtime/doc/starting.txt
vim70/runtime/doc/syntax.txt
vim70/runtime/doc/tabpage.txt
vim70/runtime/doc/tagsrch.txt
vim70/runtime/doc/term.txt
vim70/runtime/doc/tips.txt
vim70/runtime/doc/todo.txt
vim70/runtime/doc/uganda.txt
vim70/runtime/doc/undo.txt
vim70/runtime/doc/usr_01.txt
vim70/runtime/doc/usr_02.txt
vim70/runtime/doc/usr_03.txt
vim70/runtime/doc/usr_04.txt
vim70/runtime/doc/usr_05.txt
vim70/runtime/doc/usr_06.txt
vim70/runtime/doc/usr_07.txt
vim70/runtime/doc/usr_08.txt
vim70/runtime/doc/usr_09.txt
vim70/runtime/doc/usr_10.txt
vim70/runtime/doc/usr_11.txt
vim70/runtime/doc/usr_12.txt
vim70/runtime/doc/usr_20.txt
vim70/runtime/doc/usr_21.txt
vim70/runtime/doc/usr_22.txt
vim70/runtime/doc/usr_23.txt
vim70/runtime/doc/usr_24.txt
vim70/runtime/doc/usr_25.txt
vim70/runtime/doc/usr_26.txt
vim70/runtime/doc/usr_27.txt
vim70/runtime/doc/usr_28.txt
vim70/runtime/doc/usr_29.txt
vim70/runtime/doc/usr_30.txt
vim70/runtime/doc/usr_31.txt
vim70/runtime/doc/usr_32.txt
vim70/runtime/doc/usr_40.txt
vim70/runtime/doc/usr_41.txt
vim70/runtime/doc/usr_42.txt
vim70/runtime/doc/usr_43.txt
vim70/runtime/doc/usr_44.txt
vim70/runtime/doc/usr_45.txt
vim70/runtime/doc/usr_90.txt
vim70/runtime/doc/usr_toc.txt
vim70/runtime/doc/various.txt
vim70/runtime/doc/version4.txt
vim70/runtime/doc/version5.txt
vim70/runtime/doc/version6.txt
vim70/runtime/doc/version7.txt
vim70/runtime/doc/vi_diff.txt
vim70/runtime/doc/visual.txt
vim70/runtime/doc/windows.txt
vim70/runtime/doc/workshop.txt
vim70/runtime/doc/Makefile
vim70/runtime/doc/doctags.c
vim70/runtime/doc/vim.1
vim70/runtime/doc/evim.1
vim70/runtime/doc/vimdiff.1
vim70/runtime/doc/vimtutor.1
vim70/runtime/doc/xxd.1
vim70/runtime/doc/tags
vim70/runtime/doc/evim-fr.1
vim70/runtime/doc/vim-fr.1
vim70/runtime/doc/vimdiff-fr.1
vim70/runtime/doc/vimtutor-fr.1
vim70/runtime/doc/xxd-fr.1
vim70/runtime/doc/evim-fr.UTF-8.1
vim70/runtime/doc/vim-fr.UTF-8.1
vim70/runtime/doc/vimdiff-fr.UTF-8.1
vim70/runtime/doc/vimtutor-fr.UTF-8.1
vim70/runtime/doc/xxd-fr.UTF-8.1
vim70/runtime/doc/evim-it.1
vim70/runtime/doc/vim-it.1
vim70/runtime/doc/vimdiff-it.1
vim70/runtime/doc/vimtutor-it.1
vim70/runtime/doc/xxd-it.1
vim70/runtime/doc/evim-it.UTF-8.1
vim70/runtime/doc/vim-it.UTF-8.1
vim70/runtime/doc/vimdiff-it.UTF-8.1
vim70/runtime/doc/vimtutor-it.UTF-8.1
vim70/runtime/doc/xxd-it.UTF-8.1
vim70/runtime/doc/evim-pl.1
vim70/runtime/doc/vim-pl.1
vim70/runtime/doc/vimdiff-pl.1
vim70/runtime/doc/vimtutor-pl.1
vim70/runtime/doc/xxd-pl.1
vim70/runtime/doc/evim-pl.UTF-8.1
vim70/runtime/doc/vim-pl.UTF-8.1
vim70/runtime/doc/vimdiff-pl.UTF-8.1
vim70/runtime/doc/vimtutor-pl.UTF-8.1
vim70/runtime/doc/xxd-pl.UTF-8.1
vim70/runtime/doc/evim-ru.1
vim70/runtime/doc/vim-ru.1
vim70/runtime/doc/vimdiff-ru.1
vim70/runtime/doc/vimtutor-ru.1
vim70/runtime/doc/xxd-ru.1
vim70/runtime/doc/evim-ru.UTF-8.1
vim70/runtime/doc/vim-ru.UTF-8.1
vim70/runtime/doc/vimdiff-ru.UTF-8.1
vim70/runtime/doc/vimtutor-ru.UTF-8.1
vim70/runtime/doc/xxd-ru.UTF-8.1
vim70/runtime/ftoff.vim
vim70/runtime/gvimrc_example.vim
vim70/runtime/macros
vim70/runtime/macros/README.txt
vim70/runtime/macros/dvorak
vim70/runtime/macros/editexisting.vim
vim70/runtime/macros/hanoi
vim70/runtime/macros/hanoi/click.me
vim70/runtime/macros/hanoi/hanoi.vim
vim70/runtime/macros/hanoi/poster
vim70/runtime/macros/justify.vim
vim70/runtime/macros/less.sh
vim70/runtime/macros/less.vim
vim70/runtime/macros/life
vim70/runtime/macros/life/click.me
vim70/runtime/macros/life/life.vim
vim70/runtime/macros/matchit.vim
vim70/runtime/macros/matchit.txt
vim70/runtime/macros/maze
vim70/runtime/macros/maze/README.txt
vim70/runtime/macros/maze/Makefile
vim70/runtime/macros/maze/main.aap
vim70/runtime/macros/maze/maze.c
vim70/runtime/macros/maze/maze_5.78
vim70/runtime/macros/maze/maze_mac
vim70/runtime/macros/maze/mazeansi.c
vim70/runtime/macros/maze/mazeclean.c
vim70/runtime/macros/maze/poster
vim70/runtime/macros/shellmenu.vim
vim70/runtime/macros/swapmous.vim
vim70/runtime/macros/urm
vim70/runtime/macros/urm/README.txt
vim70/runtime/macros/urm/examples
vim70/runtime/macros/urm/urm
vim70/runtime/macros/urm/urm.vim
vim70/runtime/mswin.vim
vim70/runtime/evim.vim
vim70/runtime/optwin.vim
vim70/runtime/ftplugin.vim
vim70/runtime/ftplugof.vim
vim70/runtime/indent.vim
vim70/runtime/indoff.vim
vim70/runtime/termcap
vim70/runtime/tools
vim70/runtime/tools/README.txt
vim70/runtime/tools/blink.c
vim70/runtime/tools/ccfilter.1
vim70/runtime/tools/ccfilter.c
vim70/runtime/tools/ccfilter_README.txt
vim70/runtime/tools/efm_filter.pl
vim70/runtime/tools/efm_filter.txt
vim70/runtime/tools/efm_perl.pl
vim70/runtime/tools/mve.awk
vim70/runtime/tools/mve.txt
vim70/runtime/tools/pltags.pl
vim70/runtime/tools/ref
vim70/runtime/tools/shtags.1
vim70/runtime/tools/shtags.pl
vim70/runtime/tools/vim132
vim70/runtime/tools/vim_vs_net.cmd
vim70/runtime/tools/vimm
vim70/runtime/tools/vimspell.sh
vim70/runtime/tools/vimspell.txt
vim70/runtime/tools/xcmdsrv_client.c
vim70/runtime/tutor
vim70/runtime/tutor/README.txt
vim70/runtime/tutor/tutor
vim70/runtime/tutor/tutor.vim
vim70/runtime/tutor/README.gr.cp737.txt
vim70/runtime/tutor/README.gr.txt
vim70/runtime/tutor/Makefile
vim70/runtime/tutor/tutor.ca
vim70/runtime/tutor/tutor.de
vim70/runtime/tutor/tutor.es
vim70/runtime/tutor/tutor.fr
vim70/runtime/tutor/tutor.gr
vim70/runtime/tutor/tutor.it
vim70/runtime/tutor/tutor.no
vim70/runtime/tutor/tutor.pl
vim70/runtime/tutor/tutor.ru
vim70/runtime/tutor/tutor.sk
vim70/runtime/tutor/tutor.sv
vim70/runtime/tutor/tutor.gr.cp737
vim70/runtime/tutor/tutor.ja.euc
vim70/runtime/tutor/tutor.ja.sjis
vim70/runtime/tutor/tutor.ja.utf-8
vim70/runtime/tutor/tutor.ko.euc
vim70/runtime/tutor/tutor.ko.utf-8
vim70/runtime/tutor/tutor.pl.cp1250
vim70/runtime/tutor/tutor.pl.utf-8
vim70/runtime/tutor/tutor.ru.cp1251
vim70/runtime/tutor/tutor.sk.cp1250
vim70/runtime/tutor/tutor.zh.big5
vim70/runtime/tutor/tutor.zh.euc
vim70/runtime/vimrc_example.vim
vim70/runtime/print
vim70/runtime/print/ascii.ps
vim70/runtime/print/cidfont.ps
vim70/runtime/print/cns_roman.ps
vim70/runtime/print/cp1250.ps
vim70/runtime/print/cp1251.ps
vim70/runtime/print/cp1252.ps
vim70/runtime/print/cp1253.ps
vim70/runtime/print/cp1254.ps
vim70/runtime/print/cp1255.ps
vim70/runtime/print/cp1257.ps
vim70/runtime/print/dec-mcs.ps
vim70/runtime/print/ebcdic-uk.ps
vim70/runtime/print/gb_roman.ps
vim70/runtime/print/hp-roman8.ps
vim70/runtime/print/iso-8859-10.ps
vim70/runtime/print/iso-8859-11.ps
vim70/runtime/print/iso-8859-13.ps
vim70/runtime/print/iso-8859-14.ps
vim70/runtime/print/iso-8859-15.ps
vim70/runtime/print/iso-8859-2.ps
vim70/runtime/print/iso-8859-3.ps
vim70/runtime/print/iso-8859-4.ps
vim70/runtime/print/iso-8859-5.ps
vim70/runtime/print/iso-8859-7.ps
vim70/runtime/print/iso-8859-8.ps
vim70/runtime/print/iso-8859-9.ps
vim70/runtime/print/jis_roman.ps
vim70/runtime/print/koi8-r.ps
vim70/runtime/print/koi8-u.ps
vim70/runtime/print/ks_roman.ps
vim70/runtime/print/latin1.ps
vim70/runtime/print/mac-roman.ps
vim70/runtime/print/prolog.ps
vim70/runtime/hi16-action-make.png
vim70/runtime/hi22-action-make.png
vim70/runtime/vim16x16.png
vim70/runtime/vim16x16.xpm
vim70/runtime/vim32x32.png
vim70/runtime/vim32x32.xpm
vim70/runtime/vim48x48.png
vim70/runtime/vim48x48.xpm
vim70/runtime/vim16x16.gif
vim70/runtime/vim32x32.gif
vim70/runtime/vim48x48.gif
vim70/runtime/filetype.vim
vim70/runtime/scripts.vim
vim70/runtime/menu.vim
vim70/runtime/macmap.vim
vim70/runtime/delmenu.vim
vim70/runtime/synmenu.vim
vim70/runtime/makemenu.vim
vim70/runtime/autoload
vim70/runtime/autoload/ccomplete.vim
vim70/runtime/autoload/csscomplete.vim
vim70/runtime/autoload/gzip.vim
vim70/runtime/autoload/htmlcomplete.vim
vim70/runtime/autoload/javascriptcomplete.vim
vim70/runtime/autoload/netrw.vim
vim70/runtime/autoload/netrwFileHandlers.vim
vim70/runtime/autoload/netrwSettings.vim
vim70/runtime/autoload/paste.vim
vim70/runtime/autoload/phpcomplete.vim
vim70/runtime/autoload/pythoncomplete.vim
vim70/runtime/autoload/rubycomplete.vim
vim70/runtime/autoload/spellfile.vim
vim70/runtime/autoload/sqlcomplete.vim
vim70/runtime/autoload/syntaxcomplete.vim
vim70/runtime/autoload/tar.vim
vim70/runtime/autoload/vimball.vim
vim70/runtime/autoload/xmlcomplete.vim
vim70/runtime/autoload/zip.vim
vim70/runtime/autoload/README.txt
vim70/runtime/autoload/xml
vim70/runtime/autoload/xml/html32.vim
vim70/runtime/autoload/xml/html401f.vim
vim70/runtime/autoload/xml/html401s.vim
vim70/runtime/autoload/xml/html401t.vim
vim70/runtime/autoload/xml/html40f.vim
vim70/runtime/autoload/xml/html40s.vim
vim70/runtime/autoload/xml/html40t.vim
vim70/runtime/autoload/xml/xhtml10f.vim
vim70/runtime/autoload/xml/xhtml10s.vim
vim70/runtime/autoload/xml/xhtml10t.vim
vim70/runtime/autoload/xml/xhtml11.vim
vim70/runtime/autoload/xml/xsl.vim
vim70/runtime/colors
vim70/runtime/colors/blue.vim
vim70/runtime/colors/darkblue.vim
vim70/runtime/colors/default.vim
vim70/runtime/colors/delek.vim
vim70/runtime/colors/desert.vim
vim70/runtime/colors/elflord.vim
vim70/runtime/colors/evening.vim
vim70/runtime/colors/koehler.vim
vim70/runtime/colors/morning.vim
vim70/runtime/colors/murphy.vim
vim70/runtime/colors/pablo.vim
vim70/runtime/colors/peachpuff.vim
vim70/runtime/colors/ron.vim
vim70/runtime/colors/shine.vim
vim70/runtime/colors/slate.vim
vim70/runtime/colors/torte.vim
vim70/runtime/colors/zellner.vim
vim70/runtime/colors/README.txt
vim70/runtime/compiler
vim70/runtime/compiler/ant.vim
vim70/runtime/compiler/bcc.vim
vim70/runtime/compiler/bdf.vim
vim70/runtime/compiler/checkstyle.vim
vim70/runtime/compiler/cs.vim
vim70/runtime/compiler/dot.vim
vim70/runtime/compiler/eruby.vim
vim70/runtime/compiler/fortran_F.vim
vim70/runtime/compiler/fortran_cv.vim
vim70/runtime/compiler/fortran_elf90.vim
vim70/runtime/compiler/fortran_g77.vim
vim70/runtime/compiler/fortran_lf95.vim
vim70/runtime/compiler/fpc.vim
vim70/runtime/compiler/gcc.vim
vim70/runtime/compiler/hp_acc.vim
vim70/runtime/compiler/icc.vim
vim70/runtime/compiler/intel.vim
vim70/runtime/compiler/irix5_c.vim
vim70/runtime/compiler/irix5_cpp.vim
vim70/runtime/compiler/javac.vim
vim70/runtime/compiler/jikes.vim
vim70/runtime/compiler/mips_c.vim
vim70/runtime/compiler/mipspro_c89.vim
vim70/runtime/compiler/msvc.vim
vim70/runtime/compiler/mipspro_cpp.vim
vim70/runtime/compiler/modelsim_vcom.vim
vim70/runtime/compiler/neato.vim
vim70/runtime/compiler/onsgmls.vim
vim70/runtime/compiler/pbx.vim
vim70/runtime/compiler/perl.vim
vim70/runtime/compiler/php.vim
vim70/runtime/compiler/pyunit.vim
vim70/runtime/compiler/rst.vim
vim70/runtime/compiler/ruby.vim
vim70/runtime/compiler/rubyunit.vim
vim70/runtime/compiler/se.vim
vim70/runtime/compiler/splint.vim
vim70/runtime/compiler/tcl.vim
vim70/runtime/compiler/tex.vim
vim70/runtime/compiler/tidy.vim
vim70/runtime/compiler/xmllint.vim
vim70/runtime/compiler/xmlwf.vim
vim70/runtime/compiler/README.txt
vim70/runtime/indent
vim70/runtime/indent/GenericIndent.vim
vim70/runtime/indent/aap.vim
vim70/runtime/indent/ada.vim
vim70/runtime/indent/ant.vim
vim70/runtime/indent/automake.vim
vim70/runtime/indent/awk.vim
vim70/runtime/indent/bib.vim
vim70/runtime/indent/c.vim
vim70/runtime/indent/cdl.vim
vim70/runtime/indent/ch.vim
vim70/runtime/indent/changelog.vim
vim70/runtime/indent/cmake.vim
vim70/runtime/indent/config.vim
vim70/runtime/indent/cpp.vim
vim70/runtime/indent/cs.vim
vim70/runtime/indent/css.vim
vim70/runtime/indent/d.vim
vim70/runtime/indent/dictconf.vim
vim70/runtime/indent/dictdconf.vim
vim70/runtime/indent/docbk.vim
vim70/runtime/indent/dylan.vim
vim70/runtime/indent/eiffel.vim
vim70/runtime/indent/eruby.vim
vim70/runtime/indent/eterm.vim
vim70/runtime/indent/fortran.vim
vim70/runtime/indent/html.vim
vim70/runtime/indent/idlang.vim
vim70/runtime/indent/ishd.vim
vim70/runtime/indent/java.vim
vim70/runtime/indent/ld.vim
vim70/runtime/indent/lisp.vim
vim70/runtime/indent/lua.vim
vim70/runtime/indent/make.vim
vim70/runtime/indent/matlab.vim
vim70/runtime/indent/mma.vim
vim70/runtime/indent/mp.vim
vim70/runtime/indent/mupad.vim
vim70/runtime/indent/objc.vim
vim70/runtime/indent/ocaml.vim
vim70/runtime/indent/occam.vim
vim70/runtime/indent/pascal.vim
vim70/runtime/indent/perl.vim
vim70/runtime/indent/php.vim
vim70/runtime/indent/postscr.vim
vim70/runtime/indent/pov.vim
vim70/runtime/indent/prolog.vim
vim70/runtime/indent/pyrex.vim
vim70/runtime/indent/python.vim
vim70/runtime/indent/readline.vim
vim70/runtime/indent/rpl.vim
vim70/runtime/indent/rst.vim
vim70/runtime/indent/ruby.vim
vim70/runtime/indent/scheme.vim
vim70/runtime/indent/sdl.vim
vim70/runtime/indent/sh.vim
vim70/runtime/indent/sml.vim
vim70/runtime/indent/sql.vim
vim70/runtime/indent/sqlanywhere.vim
vim70/runtime/indent/tcl.vim
vim70/runtime/indent/tcsh.vim
vim70/runtime/indent/tilde.vim
vim70/runtime/indent/vb.vim
vim70/runtime/indent/verilog.vim
vim70/runtime/indent/vhdl.vim
vim70/runtime/indent/vim.vim
vim70/runtime/indent/xf86conf.vim
vim70/runtime/indent/xhtml.vim
vim70/runtime/indent/xinetd.vim
vim70/runtime/indent/xml.vim
vim70/runtime/indent/xsd.vim
vim70/runtime/indent/xslt.vim
vim70/runtime/indent/yacc.vim
vim70/runtime/indent/zsh.vim
vim70/runtime/indent/README.txt
vim70/runtime/ftplugin
vim70/runtime/ftplugin/AppendMatchGroup.vim
vim70/runtime/ftplugin/a2ps.vim
vim70/runtime/ftplugin/aap.vim
vim70/runtime/ftplugin/abaqus.vim
vim70/runtime/ftplugin/ada.vim
vim70/runtime/ftplugin/alsaconf.vim
vim70/runtime/ftplugin/ant.vim
vim70/runtime/ftplugin/arch.vim
vim70/runtime/ftplugin/art.vim
vim70/runtime/ftplugin/aspvbs.vim
vim70/runtime/ftplugin/automake.vim
vim70/runtime/ftplugin/bdf.vim
vim70/runtime/ftplugin/btm.vim
vim70/runtime/ftplugin/c.vim
vim70/runtime/ftplugin/calendar.vim
vim70/runtime/ftplugin/ch.vim
vim70/runtime/ftplugin/changelog.vim
vim70/runtime/ftplugin/conf.vim
vim70/runtime/ftplugin/config.vim
vim70/runtime/ftplugin/context.vim
vim70/runtime/ftplugin/cpp.vim
vim70/runtime/ftplugin/crm.vim
vim70/runtime/ftplugin/cs.vim
vim70/runtime/ftplugin/csc.vim
vim70/runtime/ftplugin/csh.vim
vim70/runtime/ftplugin/css.vim
vim70/runtime/ftplugin/cvsrc.vim
vim70/runtime/ftplugin/debchangelog.vim
vim70/runtime/ftplugin/dictconf.vim
vim70/runtime/ftplugin/dictdconf.vim
vim70/runtime/ftplugin/diff.vim
vim70/runtime/ftplugin/dircolors.vim
vim70/runtime/ftplugin/dosbatch.vim
vim70/runtime/ftplugin/dtd.vim
vim70/runtime/ftplugin/elinks.vim
vim70/runtime/ftplugin/eruby.vim
vim70/runtime/ftplugin/eterm.vim
vim70/runtime/ftplugin/fetchmail.vim
vim70/runtime/ftplugin/flexwiki.vim
vim70/runtime/ftplugin/fortran.vim
vim70/runtime/ftplugin/gpg.vim
vim70/runtime/ftplugin/group.vim
vim70/runtime/ftplugin/grub.vim
vim70/runtime/ftplugin/haskell.vim
vim70/runtime/ftplugin/help.vim
vim70/runtime/ftplugin/html.vim
vim70/runtime/ftplugin/indent.vim
vim70/runtime/ftplugin/initex.vim
vim70/runtime/ftplugin/ishd.vim
vim70/runtime/ftplugin/java.vim
vim70/runtime/ftplugin/javascript.vim
vim70/runtime/ftplugin/jsp.vim
vim70/runtime/ftplugin/kconfig.vim
vim70/runtime/ftplugin/kwt.vim
vim70/runtime/ftplugin/ld.vim
vim70/runtime/ftplugin/lftp.vim
vim70/runtime/ftplugin/libao.vim
vim70/runtime/ftplugin/limits.vim
vim70/runtime/ftplugin/lisp.vim
vim70/runtime/ftplugin/loginaccess.vim
vim70/runtime/ftplugin/logindefs.vim
vim70/runtime/ftplugin/lprolog.vim
vim70/runtime/ftplugin/lua.vim
vim70/runtime/ftplugin/m4.vim
vim70/runtime/ftplugin/mail.vim
vim70/runtime/ftplugin/mailaliases.vim
vim70/runtime/ftplugin/mailcap.vim
vim70/runtime/ftplugin/make.vim
vim70/runtime/ftplugin/man.vim
vim70/runtime/ftplugin/manconf.vim
vim70/runtime/ftplugin/matlab.vim
vim70/runtime/ftplugin/mf.vim
vim70/runtime/ftplugin/modconf.vim
vim70/runtime/ftplugin/mp.vim
vim70/runtime/ftplugin/mplayerconf.vim
vim70/runtime/ftplugin/mrxvtrc.vim
vim70/runtime/ftplugin/mupad.vim
vim70/runtime/ftplugin/muttrc.vim
vim70/runtime/ftplugin/nanorc.vim
vim70/runtime/ftplugin/netrc.vim
vim70/runtime/ftplugin/objc.vim
vim70/runtime/ftplugin/ocaml.vim
vim70/runtime/ftplugin/occam.vim
vim70/runtime/ftplugin/pamconf.vim
vim70/runtime/ftplugin/pascal.vim
vim70/runtime/ftplugin/passwd.vim
vim70/runtime/ftplugin/perl.vim
vim70/runtime/ftplugin/php.vim
vim70/runtime/ftplugin/pinfo.vim
vim70/runtime/ftplugin/plaintex.vim
vim70/runtime/ftplugin/postscr.vim
vim70/runtime/ftplugin/procmail.vim
vim70/runtime/ftplugin/prolog.vim
vim70/runtime/ftplugin/protocols.vim
vim70/runtime/ftplugin/pyrex.vim
vim70/runtime/ftplugin/python.vim
vim70/runtime/ftplugin/quake.vim
vim70/runtime/ftplugin/racc.vim
vim70/runtime/ftplugin/readline.vim
vim70/runtime/ftplugin/rnc.vim
vim70/runtime/ftplugin/rpl.vim
vim70/runtime/ftplugin/rst.vim
vim70/runtime/ftplugin/ruby.vim
vim70/runtime/ftplugin/scheme.vim
vim70/runtime/ftplugin/screen.vim
vim70/runtime/ftplugin/sensors.vim
vim70/runtime/ftplugin/services.vim
vim70/runtime/ftplugin/setserial.vim
vim70/runtime/ftplugin/sgml.vim
vim70/runtime/ftplugin/sh.vim
vim70/runtime/ftplugin/sieve.vim
vim70/runtime/ftplugin/slpconf.vim
vim70/runtime/ftplugin/slpreg.vim
vim70/runtime/ftplugin/slpspi.vim
vim70/runtime/ftplugin/spec.vim
vim70/runtime/ftplugin/sql.vim
vim70/runtime/ftplugin/sshconfig.vim
vim70/runtime/ftplugin/sudoers.vim
vim70/runtime/ftplugin/svg.vim
vim70/runtime/ftplugin/sysctl.vim
vim70/runtime/ftplugin/tcsh.vim
vim70/runtime/ftplugin/terminfo.vim
vim70/runtime/ftplugin/tex.vim
vim70/runtime/ftplugin/udevconf.vim
vim70/runtime/ftplugin/udevperm.vim
vim70/runtime/ftplugin/udevrules.vim
vim70/runtime/ftplugin/updatedb.vim
vim70/runtime/ftplugin/vb.vim
vim70/runtime/ftplugin/verilog.vim
vim70/runtime/ftplugin/vhdl.vim
vim70/runtime/ftplugin/vim.vim
vim70/runtime/ftplugin/xdefaults.vim
vim70/runtime/ftplugin/xf86conf.vim
vim70/runtime/ftplugin/xhtml.vim
vim70/runtime/ftplugin/xinetd.vim
vim70/runtime/ftplugin/xml.vim
vim70/runtime/ftplugin/xmodmap.vim
vim70/runtime/ftplugin/xs.vim
vim70/runtime/ftplugin/xsd.vim
vim70/runtime/ftplugin/xslt.vim
vim70/runtime/ftplugin/yaml.vim
vim70/runtime/ftplugin/zsh.vim
vim70/runtime/ftplugin/README.txt
vim70/runtime/plugin
vim70/runtime/plugin/getscript.vim
vim70/runtime/plugin/gzip.vim
vim70/runtime/plugin/matchparen.vim
vim70/runtime/plugin/netrwPlugin.vim
vim70/runtime/plugin/rrhelper.vim
vim70/runtime/plugin/spellfile.vim
vim70/runtime/plugin/tarPlugin.vim
vim70/runtime/plugin/tohtml.vim
vim70/runtime/plugin/vimballPlugin.vim
vim70/runtime/plugin/zipPlugin.vim
vim70/runtime/plugin/README.txt
vim70/runtime/syntax
vim70/runtime/syntax/2html.vim
vim70/runtime/syntax/a2ps.vim
vim70/runtime/syntax/a65.vim
vim70/runtime/syntax/aap.vim
vim70/runtime/syntax/abap.vim
vim70/runtime/syntax/abaqus.vim
vim70/runtime/syntax/abc.vim
vim70/runtime/syntax/abel.vim
vim70/runtime/syntax/acedb.vim
vim70/runtime/syntax/ada.vim
vim70/runtime/syntax/aflex.vim
vim70/runtime/syntax/ahdl.vim
vim70/runtime/syntax/alsaconf.vim
vim70/runtime/syntax/amiga.vim
vim70/runtime/syntax/aml.vim
vim70/runtime/syntax/ampl.vim
vim70/runtime/syntax/ant.vim
vim70/runtime/syntax/antlr.vim
vim70/runtime/syntax/apache.vim
vim70/runtime/syntax/apachestyle.vim
vim70/runtime/syntax/arch.vim
vim70/runtime/syntax/art.vim
vim70/runtime/syntax/asm.vim
vim70/runtime/syntax/asm68k.vim
vim70/runtime/syntax/asmh8300.vim
vim70/runtime/syntax/asn.vim
vim70/runtime/syntax/aspperl.vim
vim70/runtime/syntax/aspvbs.vim
vim70/runtime/syntax/asterisk.vim
vim70/runtime/syntax/asteriskvm.vim
vim70/runtime/syntax/atlas.vim
vim70/runtime/syntax/automake.vim
vim70/runtime/syntax/ave.vim
vim70/runtime/syntax/awk.vim
vim70/runtime/syntax/ayacc.vim
vim70/runtime/syntax/b.vim
vim70/runtime/syntax/baan.vim
vim70/runtime/syntax/basic.vim
vim70/runtime/syntax/bc.vim
vim70/runtime/syntax/bdf.vim
vim70/runtime/syntax/bib.vim
vim70/runtime/syntax/bindzone.vim
vim70/runtime/syntax/blank.vim
vim70/runtime/syntax/bst.vim
vim70/runtime/syntax/btm.vim
vim70/runtime/syntax/c.vim
vim70/runtime/syntax/calendar.vim
vim70/runtime/syntax/catalog.vim
vim70/runtime/syntax/cdl.vim
vim70/runtime/syntax/cf.vim
vim70/runtime/syntax/cfg.vim
vim70/runtime/syntax/ch.vim
vim70/runtime/syntax/change.vim
vim70/runtime/syntax/changelog.vim
vim70/runtime/syntax/chaskell.vim
vim70/runtime/syntax/cheetah.vim
vim70/runtime/syntax/chill.vim
vim70/runtime/syntax/chordpro.vim
vim70/runtime/syntax/cl.vim
vim70/runtime/syntax/clean.vim
vim70/runtime/syntax/clipper.vim
vim70/runtime/syntax/cmake.vim
vim70/runtime/syntax/cobol.vim
vim70/runtime/syntax/colortest.vim
vim70/runtime/syntax/conf.vim
vim70/runtime/syntax/config.vim
vim70/runtime/syntax/context.vim
vim70/runtime/syntax/cpp.vim
vim70/runtime/syntax/crm.vim
vim70/runtime/syntax/crontab.vim
vim70/runtime/syntax/cs.vim
vim70/runtime/syntax/csc.vim
vim70/runtime/syntax/csh.vim
vim70/runtime/syntax/csp.vim
vim70/runtime/syntax/css.vim
vim70/runtime/syntax/cterm.vim
vim70/runtime/syntax/ctrlh.vim
vim70/runtime/syntax/cupl.vim
vim70/runtime/syntax/cuplsim.vim
vim70/runtime/syntax/cvs.vim
vim70/runtime/syntax/cvsrc.vim
vim70/runtime/syntax/cweb.vim
vim70/runtime/syntax/cynlib.vim
vim70/runtime/syntax/cynpp.vim
vim70/runtime/syntax/d.vim
vim70/runtime/syntax/dcd.vim
vim70/runtime/syntax/dcl.vim
vim70/runtime/syntax/debchangelog.vim
vim70/runtime/syntax/debcontrol.vim
vim70/runtime/syntax/debsources.vim
vim70/runtime/syntax/def.vim
vim70/runtime/syntax/desc.vim
vim70/runtime/syntax/desktop.vim
vim70/runtime/syntax/dictconf.vim
vim70/runtime/syntax/dictdconf.vim
vim70/runtime/syntax/diff.vim
vim70/runtime/syntax/dircolors.vim
vim70/runtime/syntax/diva.vim
vim70/runtime/syntax/django.vim
vim70/runtime/syntax/dns.vim
vim70/runtime/syntax/docbk.vim
vim70/runtime/syntax/docbksgml.vim
vim70/runtime/syntax/docbkxml.vim
vim70/runtime/syntax/dosbatch.vim
vim70/runtime/syntax/dosini.vim
vim70/runtime/syntax/dot.vim
vim70/runtime/syntax/doxygen.vim
vim70/runtime/syntax/dracula.vim
vim70/runtime/syntax/dsl.vim
vim70/runtime/syntax/dtd.vim
vim70/runtime/syntax/dtml.vim
vim70/runtime/syntax/dylan.vim
vim70/runtime/syntax/dylanintr.vim
vim70/runtime/syntax/dylanlid.vim
vim70/runtime/syntax/ecd.vim
vim70/runtime/syntax/edif.vim
vim70/runtime/syntax/eiffel.vim
vim70/runtime/syntax/elf.vim
vim70/runtime/syntax/elinks.vim
vim70/runtime/syntax/elmfilt.vim
vim70/runtime/syntax/erlang.vim
vim70/runtime/syntax/eruby.vim
vim70/runtime/syntax/esmtprc.vim
vim70/runtime/syntax/esqlc.vim
vim70/runtime/syntax/esterel.vim
vim70/runtime/syntax/eterm.vim
vim70/runtime/syntax/eviews.vim
vim70/runtime/syntax/exim.vim
vim70/runtime/syntax/expect.vim
vim70/runtime/syntax/exports.vim
vim70/runtime/syntax/fasm.vim
vim70/runtime/syntax/fdcc.vim
vim70/runtime/syntax/fetchmail.vim
vim70/runtime/syntax/fgl.vim
vim70/runtime/syntax/flexwiki.vim
vim70/runtime/syntax/focexec.vim
vim70/runtime/syntax/form.vim
vim70/runtime/syntax/forth.vim
vim70/runtime/syntax/fortran.vim
vim70/runtime/syntax/foxpro.vim
vim70/runtime/syntax/fstab.vim
vim70/runtime/syntax/fvwm.vim
vim70/runtime/syntax/fvwm2m4.vim
vim70/runtime/syntax/gdb.vim
vim70/runtime/syntax/gdmo.vim
vim70/runtime/syntax/gedcom.vim
vim70/runtime/syntax/gkrellmrc.vim
vim70/runtime/syntax/gnuplot.vim
vim70/runtime/syntax/gp.vim
vim70/runtime/syntax/gpg.vim
vim70/runtime/syntax/grads.vim
vim70/runtime/syntax/gretl.vim
vim70/runtime/syntax/groff.vim
vim70/runtime/syntax/groovy.vim
vim70/runtime/syntax/gsp.vim
vim70/runtime/syntax/group.vim
vim70/runtime/syntax/grub.vim
vim70/runtime/syntax/gtkrc.vim
vim70/runtime/syntax/haskell.vim
vim70/runtime/syntax/hb.vim
vim70/runtime/syntax/help.vim
vim70/runtime/syntax/hercules.vim
vim70/runtime/syntax/hex.vim
vim70/runtime/syntax/hitest.vim
vim70/runtime/syntax/hog.vim
vim70/runtime/syntax/html.vim
vim70/runtime/syntax/htmlcheetah.vim
vim70/runtime/syntax/htmldjango.vim
vim70/runtime/syntax/htmlm4.vim
vim70/runtime/syntax/htmlos.vim
vim70/runtime/syntax/ia64.vim
vim70/runtime/syntax/icemenu.vim
vim70/runtime/syntax/icon.vim
vim70/runtime/syntax/idl.vim
vim70/runtime/syntax/idlang.vim
vim70/runtime/syntax/indent.vim
vim70/runtime/syntax/inform.vim
vim70/runtime/syntax/initex.vim
vim70/runtime/syntax/inittab.vim
vim70/runtime/syntax/ipfilter.vim
vim70/runtime/syntax/ishd.vim
vim70/runtime/syntax/iss.vim
vim70/runtime/syntax/ist.vim
vim70/runtime/syntax/jal.vim
vim70/runtime/syntax/jam.vim
vim70/runtime/syntax/jargon.vim
vim70/runtime/syntax/java.vim
vim70/runtime/syntax/javacc.vim
vim70/runtime/syntax/javascript.vim
vim70/runtime/syntax/jess.vim
vim70/runtime/syntax/jgraph.vim
vim70/runtime/syntax/jproperties.vim
vim70/runtime/syntax/jsp.vim
vim70/runtime/syntax/kconfig.vim
vim70/runtime/syntax/kix.vim
vim70/runtime/syntax/kscript.vim
vim70/runtime/syntax/kwt.vim
vim70/runtime/syntax/lace.vim
vim70/runtime/syntax/latte.vim
vim70/runtime/syntax/ld.vim
vim70/runtime/syntax/ldif.vim
vim70/runtime/syntax/lex.vim
vim70/runtime/syntax/lftp.vim
vim70/runtime/syntax/lhaskell.vim
vim70/runtime/syntax/libao.vim
vim70/runtime/syntax/lifelines.vim
vim70/runtime/syntax/lilo.vim
vim70/runtime/syntax/limits.vim
vim70/runtime/syntax/lisp.vim
vim70/runtime/syntax/lite.vim
vim70/runtime/syntax/loginaccess.vim
vim70/runtime/syntax/logindefs.vim
vim70/runtime/syntax/logtalk.vim
vim70/runtime/syntax/lotos.vim
vim70/runtime/syntax/lout.vim
vim70/runtime/syntax/lpc.vim
vim70/runtime/syntax/lprolog.vim
vim70/runtime/syntax/lscript.vim
vim70/runtime/syntax/lss.vim
vim70/runtime/syntax/lua.vim
vim70/runtime/syntax/lynx.vim
vim70/runtime/syntax/m4.vim
vim70/runtime/syntax/mail.vim
vim70/runtime/syntax/mailaliases.vim
vim70/runtime/syntax/mailcap.vim
vim70/runtime/syntax/make.vim
vim70/runtime/syntax/man.vim
vim70/runtime/syntax/manconf.vim
vim70/runtime/syntax/manual.vim
vim70/runtime/syntax/maple.vim
vim70/runtime/syntax/masm.vim
vim70/runtime/syntax/mason.vim
vim70/runtime/syntax/master.vim
vim70/runtime/syntax/matlab.vim
vim70/runtime/syntax/maxima.vim
vim70/runtime/syntax/mel.vim
vim70/runtime/syntax/mf.vim
vim70/runtime/syntax/mgl.vim
vim70/runtime/syntax/mgp.vim
vim70/runtime/syntax/mib.vim
vim70/runtime/syntax/mma.vim
vim70/runtime/syntax/mmix.vim
vim70/runtime/syntax/modconf.vim
vim70/runtime/syntax/model.vim
vim70/runtime/syntax/modsim3.vim
vim70/runtime/syntax/modula2.vim
vim70/runtime/syntax/modula3.vim
vim70/runtime/syntax/monk.vim
vim70/runtime/syntax/moo.vim
vim70/runtime/syntax/mp.vim
vim70/runtime/syntax/mplayerconf.vim
vim70/runtime/syntax/mrxvtrc.vim
vim70/runtime/syntax/msidl.vim
vim70/runtime/syntax/msql.vim
vim70/runtime/syntax/mupad.vim
vim70/runtime/syntax/mush.vim
vim70/runtime/syntax/muttrc.vim
vim70/runtime/syntax/mysql.vim
vim70/runtime/syntax/named.vim
vim70/runtime/syntax/nanorc.vim
vim70/runtime/syntax/nasm.vim
vim70/runtime/syntax/nastran.vim
vim70/runtime/syntax/natural.vim
vim70/runtime/syntax/ncf.vim
vim70/runtime/syntax/netrc.vim
vim70/runtime/syntax/netrw.vim
vim70/runtime/syntax/nosyntax.vim
vim70/runtime/syntax/nqc.vim
vim70/runtime/syntax/nroff.vim
vim70/runtime/syntax/nsis.vim
vim70/runtime/syntax/objc.vim
vim70/runtime/syntax/objcpp.vim
vim70/runtime/syntax/ocaml.vim
vim70/runtime/syntax/occam.vim
vim70/runtime/syntax/omnimark.vim
vim70/runtime/syntax/openroad.vim
vim70/runtime/syntax/opl.vim
vim70/runtime/syntax/ora.vim
vim70/runtime/syntax/pamconf.vim
vim70/runtime/syntax/papp.vim
vim70/runtime/syntax/pascal.vim
vim70/runtime/syntax/passwd.vim
vim70/runtime/syntax/pcap.vim
vim70/runtime/syntax/pccts.vim
vim70/runtime/syntax/pf.vim
vim70/runtime/syntax/perl.vim
vim70/runtime/syntax/pfmain.vim
vim70/runtime/syntax/php.vim
vim70/runtime/syntax/phtml.vim
vim70/runtime/syntax/pic.vim
vim70/runtime/syntax/pike.vim
vim70/runtime/syntax/pilrc.vim
vim70/runtime/syntax/pine.vim
vim70/runtime/syntax/pinfo.vim
vim70/runtime/syntax/plaintex.vim
vim70/runtime/syntax/plm.vim
vim70/runtime/syntax/plp.vim
vim70/runtime/syntax/plsql.vim
vim70/runtime/syntax/po.vim
vim70/runtime/syntax/pod.vim
vim70/runtime/syntax/postscr.vim
vim70/runtime/syntax/pov.vim
vim70/runtime/syntax/povini.vim
vim70/runtime/syntax/ppd.vim
vim70/runtime/syntax/ppwiz.vim
vim70/runtime/syntax/prescribe.vim
vim70/runtime/syntax/procmail.vim
vim70/runtime/syntax/progress.vim
vim70/runtime/syntax/prolog.vim
vim70/runtime/syntax/protocols.vim
vim70/runtime/syntax/psf.vim
vim70/runtime/syntax/ptcap.vim
vim70/runtime/syntax/purifylog.vim
vim70/runtime/syntax/pyrex.vim
vim70/runtime/syntax/python.vim
vim70/runtime/syntax/qf.vim
vim70/runtime/syntax/quake.vim
vim70/runtime/syntax/r.vim
vim70/runtime/syntax/racc.vim
vim70/runtime/syntax/radiance.vim
vim70/runtime/syntax/ratpoison.vim
vim70/runtime/syntax/rc.vim
vim70/runtime/syntax/rcs.vim
vim70/runtime/syntax/rcslog.vim
vim70/runtime/syntax/readline.vim
vim70/runtime/syntax/rebol.vim
vim70/runtime/syntax/registry.vim
vim70/runtime/syntax/remind.vim
vim70/runtime/syntax/resolv.vim
vim70/runtime/syntax/rexx.vim
vim70/runtime/syntax/rhelp.vim
vim70/runtime/syntax/rib.vim
vim70/runtime/syntax/rnc.vim
vim70/runtime/syntax/rnoweb.vim
vim70/runtime/syntax/robots.vim
vim70/runtime/syntax/rpcgen.vim
vim70/runtime/syntax/rpl.vim
vim70/runtime/syntax/rst.vim
vim70/runtime/syntax/rtf.vim
vim70/runtime/syntax/ruby.vim
vim70/runtime/syntax/samba.vim
vim70/runtime/syntax/sas.vim
vim70/runtime/syntax/sather.vim
vim70/runtime/syntax/scheme.vim
vim70/runtime/syntax/scilab.vim
vim70/runtime/syntax/screen.vim
vim70/runtime/syntax/sdl.vim
vim70/runtime/syntax/sed.vim
vim70/runtime/syntax/sendpr.vim
vim70/runtime/syntax/sensors.vim
vim70/runtime/syntax/services.vim
vim70/runtime/syntax/setserial.vim
vim70/runtime/syntax/sgml.vim
vim70/runtime/syntax/sgmldecl.vim
vim70/runtime/syntax/sgmllnx.vim
vim70/runtime/syntax/sh.vim
vim70/runtime/syntax/sicad.vim
vim70/runtime/syntax/sieve.vim
vim70/runtime/syntax/simula.vim
vim70/runtime/syntax/sinda.vim
vim70/runtime/syntax/sindacmp.vim
vim70/runtime/syntax/sindaout.vim
vim70/runtime/syntax/sl.vim
vim70/runtime/syntax/sisu.vim
vim70/runtime/syntax/skill.vim
vim70/runtime/syntax/slang.vim
vim70/runtime/syntax/slice.vim
vim70/runtime/syntax/slpconf.vim
vim70/runtime/syntax/slpreg.vim
vim70/runtime/syntax/slpspi.vim
vim70/runtime/syntax/slrnrc.vim
vim70/runtime/syntax/slrnsc.vim
vim70/runtime/syntax/sm.vim
vim70/runtime/syntax/smarty.vim
vim70/runtime/syntax/smcl.vim
vim70/runtime/syntax/smil.vim
vim70/runtime/syntax/smith.vim
vim70/runtime/syntax/sml.vim
vim70/runtime/syntax/snnsnet.vim
vim70/runtime/syntax/snnspat.vim
vim70/runtime/syntax/snnsres.vim
vim70/runtime/syntax/snobol4.vim
vim70/runtime/syntax/spec.vim
vim70/runtime/syntax/specman.vim
vim70/runtime/syntax/spice.vim
vim70/runtime/syntax/splint.vim
vim70/runtime/syntax/spup.vim
vim70/runtime/syntax/spyce.vim
vim70/runtime/syntax/sql.vim
vim70/runtime/syntax/sqlanywhere.vim
vim70/runtime/syntax/sqlforms.vim
vim70/runtime/syntax/sqlinformix.vim
vim70/runtime/syntax/sqlj.vim
vim70/runtime/syntax/sqloracle.vim
vim70/runtime/syntax/sqr.vim
vim70/runtime/syntax/squid.vim
vim70/runtime/syntax/sshconfig.vim
vim70/runtime/syntax/sshdconfig.vim
vim70/runtime/syntax/st.vim
vim70/runtime/syntax/stata.vim
vim70/runtime/syntax/stp.vim
vim70/runtime/syntax/strace.vim
vim70/runtime/syntax/sudoers.vim
vim70/runtime/syntax/svn.vim
vim70/runtime/syntax/syncolor.vim
vim70/runtime/syntax/synload.vim
vim70/runtime/syntax/syntax.vim
vim70/runtime/syntax/sysctl.vim
vim70/runtime/syntax/tads.vim
vim70/runtime/syntax/tags.vim
vim70/runtime/syntax/tak.vim
vim70/runtime/syntax/takcmp.vim
vim70/runtime/syntax/takout.vim
vim70/runtime/syntax/tar.vim
vim70/runtime/syntax/tasm.vim
vim70/runtime/syntax/tcl.vim
vim70/runtime/syntax/tcsh.vim
vim70/runtime/syntax/terminfo.vim
vim70/runtime/syntax/tex.vim
vim70/runtime/syntax/texinfo.vim
vim70/runtime/syntax/texmf.vim
vim70/runtime/syntax/tf.vim
vim70/runtime/syntax/tidy.vim
vim70/runtime/syntax/tilde.vim
vim70/runtime/syntax/tli.vim
vim70/runtime/syntax/tpp.vim
vim70/runtime/syntax/trasys.vim
vim70/runtime/syntax/trustees.vim
vim70/runtime/syntax/tsalt.vim
vim70/runtime/syntax/tsscl.vim
vim70/runtime/syntax/tssgm.vim
vim70/runtime/syntax/tssop.vim
vim70/runtime/syntax/uc.vim
vim70/runtime/syntax/udevconf.vim
vim70/runtime/syntax/udevperm.vim
vim70/runtime/syntax/udevrules.vim
vim70/runtime/syntax/uil.vim
vim70/runtime/syntax/updatedb.vim
vim70/runtime/syntax/valgrind.vim
vim70/runtime/syntax/vb.vim
vim70/runtime/syntax/vera.vim
vim70/runtime/syntax/verilog.vim
vim70/runtime/syntax/verilogams.vim
vim70/runtime/syntax/vgrindefs.vim
vim70/runtime/syntax/vhdl.vim
vim70/runtime/syntax/vim.vim
vim70/runtime/syntax/viminfo.vim
vim70/runtime/syntax/virata.vim
vim70/runtime/syntax/vmasm.vim
vim70/runtime/syntax/vrml.vim
vim70/runtime/syntax/vsejcl.vim
vim70/runtime/syntax/wdiff.vim
vim70/runtime/syntax/web.vim
vim70/runtime/syntax/webmacro.vim
vim70/runtime/syntax/wget.vim
vim70/runtime/syntax/whitespace.vim
vim70/runtime/syntax/winbatch.vim
vim70/runtime/syntax/wml.vim
vim70/runtime/syntax/wsh.vim
vim70/runtime/syntax/wsml.vim
vim70/runtime/syntax/wvdial.vim
vim70/runtime/syntax/xdefaults.vim
vim70/runtime/syntax/xf86conf.vim
vim70/runtime/syntax/xhtml.vim
vim70/runtime/syntax/xinetd.vim
vim70/runtime/syntax/xkb.vim
vim70/runtime/syntax/xmath.vim
vim70/runtime/syntax/xml.vim
vim70/runtime/syntax/xmodmap.vim
vim70/runtime/syntax/xpm.vim
vim70/runtime/syntax/xpm2.vim
vim70/runtime/syntax/xquery.vim
vim70/runtime/syntax/xs.vim
vim70/runtime/syntax/xsd.vim
vim70/runtime/syntax/xslt.vim
vim70/runtime/syntax/xxd.vim
vim70/runtime/syntax/yacc.vim
vim70/runtime/syntax/yaml.vim
vim70/runtime/syntax/z8a.vim
vim70/runtime/syntax/zsh.vim
vim70/runtime/syntax/README.txt
vim70/runtime/lang
vim70/runtime/lang/README.txt
vim70/runtime/lang/menu_af.latin1.vim
vim70/runtime/lang/menu_af.utf-8.vim
vim70/runtime/lang/menu_af_af.latin1.vim
vim70/runtime/lang/menu_af_af.utf-8.vim
vim70/runtime/lang/menu_ca.latin1.vim
vim70/runtime/lang/menu_ca.utf-8.vim
vim70/runtime/lang/menu_ca_es.latin1.vim
vim70/runtime/lang/menu_ca_es.utf-8.vim
vim70/runtime/lang/menu_chinese(gb)_gb.936.vim
vim70/runtime/lang/menu_chinese(taiwan)_taiwan.950.vim
vim70/runtime/lang/menu_chinese_gb.936.vim
vim70/runtime/lang/menu_chinese_taiwan.950.vim
vim70/runtime/lang/menu_cs.cp1250.vim
vim70/runtime/lang/menu_cs.latin1.vim
vim70/runtime/lang/menu_ko_kr.vim
vim70/runtime/lang/menu_cs_cz.cp1250.vim
vim70/runtime/lang/menu_cs_cz.iso_8859-2.vim
vim70/runtime/lang/menu_cs_cz.latin1.vim
vim70/runtime/lang/menu_czech_czech_republic.1250.vim
vim70/runtime/lang/menu_czech_czech_republic.1252.vim
vim70/runtime/lang/menu_czech_czech_republic.ascii.vim
vim70/runtime/lang/menu_de.latin1.vim
vim70/runtime/lang/menu_de.utf-8.vim
vim70/runtime/lang/menu_de_de.latin1.vim
vim70/runtime/lang/menu_de_de.utf-8.vim
vim70/runtime/lang/menu_en_gb.latin1.vim
vim70/runtime/lang/menu_en_gb.utf-8.vim
vim70/runtime/lang/menu_english_united_kingdom.1252.vim
vim70/runtime/lang/menu_english_united_kingdom.ascii.vim
vim70/runtime/lang/menu_es.latin1.vim
vim70/runtime/lang/menu_es.utf-8.vim
vim70/runtime/lang/menu_es_es.latin1.vim
vim70/runtime/lang/menu_es_es.utf-8.vim
vim70/runtime/lang/menu_fr.latin1.vim
vim70/runtime/lang/menu_fr.utf-8.vim
vim70/runtime/lang/menu_fr_fr.latin1.vim
vim70/runtime/lang/menu_fr_fr.utf-8.vim
vim70/runtime/lang/menu_french_france.1252.vim
vim70/runtime/lang/menu_german_germany.1252.vim
vim70/runtime/lang/menu_hu.iso_8859-2.vim
vim70/runtime/lang/menu_hu.utf-8.vim
vim70/runtime/lang/menu_hu_hu.iso_8859-2.vim
vim70/runtime/lang/menu_hu_hu.utf-8.vim
vim70/runtime/lang/menu_it.latin1.vim
vim70/runtime/lang/menu_it.utf-8.vim
vim70/runtime/lang/menu_it_it.latin1.vim
vim70/runtime/lang/menu_it_it.utf-8.vim
vim70/runtime/lang/menu_italian_italy.1252.vim
vim70/runtime/lang/menu_ja.cp932.vim
vim70/runtime/lang/menu_ja.euc-jp.vim
vim70/runtime/lang/menu_ja.eucjp.vim
vim70/runtime/lang/menu_ja.ujis.vim
vim70/runtime/lang/menu_ja.utf-8.vim
vim70/runtime/lang/menu_ja_jp.cp932.vim
vim70/runtime/lang/menu_ja_jp.euc-jp.vim
vim70/runtime/lang/menu_ja_jp.eucjp.vim
vim70/runtime/lang/menu_ja_jp.ujis.vim
vim70/runtime/lang/menu_ja_jp.utf-8.vim
vim70/runtime/lang/menu_japanese_japan.932.vim
vim70/runtime/lang/menu_ko.utf-8.vim
vim70/runtime/lang/menu_ko_kr.euckr.vim
vim70/runtime/lang/menu_ko_kr.utf-8.vim
vim70/runtime/lang/menu_nl.latin1.vim
vim70/runtime/lang/menu_nl.utf-8.vim
vim70/runtime/lang/menu_nl_nl.latin1.vim
vim70/runtime/lang/menu_nl_nl.utf-8.vim
vim70/runtime/lang/menu_no.latin1.vim
vim70/runtime/lang/menu_no.utf-8.vim
vim70/runtime/lang/menu_no_no.latin1.vim
vim70/runtime/lang/menu_no_no.utf-8.vim
vim70/runtime/lang/menu_pl.cp1250.vim
vim70/runtime/lang/menu_pl_pl.cp1250.vim
vim70/runtime/lang/menu_pl_pl.iso_8859-2.vim
vim70/runtime/lang/menu_pl_pl.utf-8.vim
vim70/runtime/lang/menu_polish_poland.1250.vim
vim70/runtime/lang/menu_pt_br.latin1.vim
vim70/runtime/lang/menu_pt_br.utf-8.vim
vim70/runtime/lang/menu_pt_br.vim
vim70/runtime/lang/menu_pt_pt.latin1.vim
vim70/runtime/lang/menu_pt_pt.utf-8.vim
vim70/runtime/lang/menu_pt_pt.vim
vim70/runtime/lang/menu_ru.utf-8.vim
vim70/runtime/lang/menu_ru_ru.koi8-r.vim
vim70/runtime/lang/menu_ru_ru.utf-8.vim
vim70/runtime/lang/menu_ru_ru.vim
vim70/runtime/lang/menu_sk.cp1250.vim
vim70/runtime/lang/menu_sk_sk.1250.vim
vim70/runtime/lang/menu_sk_sk.cp1250.vim
vim70/runtime/lang/menu_sk_sk.iso_8859-2.vim
vim70/runtime/lang/menu_sk_sk.vim
vim70/runtime/lang/menu_slovak_slovak_republic.1250.vim
vim70/runtime/lang/menu_spanish_spain.850.vim
vim70/runtime/lang/menu_sr.utf-8.vim
vim70/runtime/lang/menu_vi_vn.vim
vim70/runtime/lang/menu_sr_yu.ascii.vim
vim70/runtime/lang/menu_sr_yu.iso_8859-2.vim
vim70/runtime/lang/menu_sr_yu.iso_8859-5.vim
vim70/runtime/lang/menu_sr_yu.utf-8.vim
vim70/runtime/lang/menu_sv.latin1.vim
vim70/runtime/lang/menu_sv.utf-8.vim
vim70/runtime/lang/menu_sv_se.latin1.vim
vim70/runtime/lang/menu_sv_se.utf-8.vim
vim70/runtime/lang/menu_uk_ua.cp1251.vim
vim70/runtime/lang/menu_uk_ua.koi8-u.vim
vim70/runtime/lang/menu_zh.big5.vim
vim70/runtime/lang/menu_zh.cp936.vim
vim70/runtime/lang/menu_zh.cp950.vim
vim70/runtime/lang/menu_zh.gb2312.vim
vim70/runtime/lang/menu_zh_cn.18030.vim
vim70/runtime/lang/menu_zh_cn.cp936.vim
vim70/runtime/lang/menu_zh_cn.gb2312.vim
vim70/runtime/lang/menu_zh_cn.gbk.vim
vim70/runtime/lang/menu_zh_cn.utf-8.vim
vim70/runtime/lang/menu_zh_tw.big5.vim
vim70/runtime/lang/menu_zh_tw.cp950.vim
vim70/runtime/lang/menu_zh_tw.utf-8.vim
vim70/runtime/keymap
vim70/runtime/keymap/README.txt
vim70/runtime/keymap/accents.vim
vim70/runtime/keymap/arabic.vim
vim70/runtime/keymap/arabic_utf-8.vim
vim70/runtime/keymap/bulgarian.vim
vim70/runtime/keymap/canfr-win.vim
vim70/runtime/keymap/czech.vim
vim70/runtime/keymap/czech_utf-8.vim
vim70/runtime/keymap/esperanto.vim
vim70/runtime/keymap/esperanto_utf-8.vim
vim70/runtime/keymap/greek.vim
vim70/runtime/keymap/greek_cp1253.vim
vim70/runtime/keymap/greek_cp737.vim
vim70/runtime/keymap/greek_iso-8859-7.vim
vim70/runtime/keymap/greek_utf-8.vim
vim70/runtime/keymap/hebrew.vim
vim70/runtime/keymap/hebrew_cp1255.vim
vim70/runtime/keymap/hebrew_iso-8859-8.vim
vim70/runtime/keymap/hebrew_utf-8.vim
vim70/runtime/keymap/hebrewp.vim
vim70/runtime/keymap/hebrewp_cp1255.vim
vim70/runtime/keymap/hebrewp_iso-8859-8.vim
vim70/runtime/keymap/hebrewp_utf-8.vim
vim70/runtime/keymap/kana.vim
vim70/runtime/keymap/lithuanian-baltic.vim
vim70/runtime/keymap/magyar_utf-8.vim
vim70/runtime/keymap/persian-iranian_utf-8.vim
vim70/runtime/keymap/persian.vim
vim70/runtime/keymap/pinyin.vim
vim70/runtime/keymap/polish-slash.vim
vim70/runtime/keymap/polish-slash_cp1250.vim
vim70/runtime/keymap/polish-slash_cp852.vim
vim70/runtime/keymap/polish-slash_iso-8859-2.vim
vim70/runtime/keymap/polish-slash_utf-8.vim
vim70/runtime/keymap/russian-jcuken.vim
vim70/runtime/keymap/russian-jcukenwin.vim
vim70/runtime/keymap/russian-yawerty.vim
vim70/runtime/keymap/serbian.vim
vim70/runtime/keymap/serbian-latin.vim
vim70/runtime/keymap/serbian-latin_utf-8.vim
vim70/runtime/keymap/serbian_cp1250.vim
vim70/runtime/keymap/serbian_cp1251.vim
vim70/runtime/keymap/serbian_iso-8859-2.vim
vim70/runtime/keymap/serbian_iso-8859-5.vim
vim70/runtime/keymap/serbian_utf-8.vim
vim70/runtime/keymap/sinhala-phonetic_utf-8.vim
vim70/runtime/keymap/sinhala.vim
vim70/runtime/keymap/slovak.vim
vim70/runtime/keymap/slovak_cp1250.vim
vim70/runtime/keymap/slovak_iso-8859-2.vim
vim70/runtime/keymap/slovak_utf-8.vim
vim70/runtime/keymap/tamil_tscii.vim
vim70/runtime/keymap/ukrainian-jcuken.vim
vim70/runtime/spell
vim70/runtime/spell/README.txt
vim70/runtime/spell/af
vim70/runtime/spell/af/af_ZA.diff
vim70/runtime/spell/af/main.aap
vim70/runtime/spell/am
vim70/runtime/spell/am/am_ET.diff
vim70/runtime/spell/am/main.aap
vim70/runtime/spell/bg
vim70/runtime/spell/bg/bg_BG.diff
vim70/runtime/spell/bg/main.aap
vim70/runtime/spell/ca
vim70/runtime/spell/ca/ca_ES.diff
vim70/runtime/spell/ca/main.aap
vim70/runtime/spell/cs
vim70/runtime/spell/cs/cs_CZ.diff
vim70/runtime/spell/cs/main.aap
vim70/runtime/spell/cy
vim70/runtime/spell/cy/cy_GB.diff
vim70/runtime/spell/cy/main.aap
vim70/runtime/spell/da
vim70/runtime/spell/da/da_DK.diff
vim70/runtime/spell/da/main.aap
vim70/runtime/spell/de
vim70/runtime/spell/de/de_19.diff
vim70/runtime/spell/de/de_20.diff
vim70/runtime/spell/de/de_AT.diff
vim70/runtime/spell/de/de_CH.diff
vim70/runtime/spell/de/de_DE.diff
vim70/runtime/spell/de/main.aap
vim70/runtime/spell/el
vim70/runtime/spell/el/el_GR.diff
vim70/runtime/spell/el/main.aap
vim70/runtime/spell/en
vim70/runtime/spell/en/en_AU.diff
vim70/runtime/spell/en/en_CA.diff
vim70/runtime/spell/en/en_GB.diff
vim70/runtime/spell/en/en_NZ.diff
vim70/runtime/spell/en/en_US.diff
vim70/runtime/spell/en/main.aap
vim70/runtime/spell/eo
vim70/runtime/spell/eo/eo_l3.diff
vim70/runtime/spell/eo/main.aap
vim70/runtime/spell/es
vim70/runtime/spell/es/es_ES.diff
vim70/runtime/spell/es/es_MX.diff
vim70/runtime/spell/es/main.aap
vim70/runtime/spell/fo
vim70/runtime/spell/fo/fo_FO.diff
vim70/runtime/spell/fo/main.aap
vim70/runtime/spell/fr
vim70/runtime/spell/fr/fr_FR.diff
vim70/runtime/spell/fr/main.aap
vim70/runtime/spell/ga
vim70/runtime/spell/ga/ga_IE.diff
vim70/runtime/spell/ga/main.aap
vim70/runtime/spell/gd
vim70/runtime/spell/gd/gd_GB.diff
vim70/runtime/spell/gd/main.aap
vim70/runtime/spell/gl
vim70/runtime/spell/gl/gl_ES.diff
vim70/runtime/spell/gl/main.aap
vim70/runtime/spell/he
vim70/runtime/spell/he/he_IL.diff
vim70/runtime/spell/he/main.aap
vim70/runtime/spell/hr
vim70/runtime/spell/hr/hr_HR.diff
vim70/runtime/spell/hr/main.aap
vim70/runtime/spell/hu
vim70/runtime/spell/hu/hu_HU.diff
vim70/runtime/spell/hu/main.aap
vim70/runtime/spell/id
vim70/runtime/spell/id/id_ID.diff
vim70/runtime/spell/id/main.aap
vim70/runtime/spell/it
vim70/runtime/spell/it/it_IT.diff
vim70/runtime/spell/it/main.aap
vim70/runtime/spell/ku
vim70/runtime/spell/ku/ku_TR.diff
vim70/runtime/spell/ku/main.aap
vim70/runtime/spell/la
vim70/runtime/spell/la/la.diff
vim70/runtime/spell/la/main.aap
vim70/runtime/spell/lt
vim70/runtime/spell/lt/lt_LT.diff
vim70/runtime/spell/lt/main.aap
vim70/runtime/spell/lv
vim70/runtime/spell/lv/lv_LV.diff
vim70/runtime/spell/lv/main.aap
vim70/runtime/spell/mg
vim70/runtime/spell/mg/mg_MG.diff
vim70/runtime/spell/mg/main.aap
vim70/runtime/spell/mi
vim70/runtime/spell/mi/mi_NZ.diff
vim70/runtime/spell/mi/main.aap
vim70/runtime/spell/ms
vim70/runtime/spell/ms/ms_MY.diff
vim70/runtime/spell/ms/main.aap
vim70/runtime/spell/nb
vim70/runtime/spell/nb/nb_NO.diff
vim70/runtime/spell/nb/main.aap
vim70/runtime/spell/nl
vim70/runtime/spell/nl/nl_NL.diff
vim70/runtime/spell/nl/main.aap
vim70/runtime/spell/nn
vim70/runtime/spell/nn/nn_NO.diff
vim70/runtime/spell/nn/main.aap
vim70/runtime/spell/ny
vim70/runtime/spell/ny/ny_MW.diff
vim70/runtime/spell/ny/main.aap
vim70/runtime/spell/pl
vim70/runtime/spell/pl/pl_PL.diff
vim70/runtime/spell/pl/main.aap
vim70/runtime/spell/pt
vim70/runtime/spell/pt/pt_BR.diff
vim70/runtime/spell/pt/pt_PT.diff
vim70/runtime/spell/pt/main.aap
vim70/runtime/spell/ro
vim70/runtime/spell/ro/ro_RO.diff
vim70/runtime/spell/ro/main.aap
vim70/runtime/spell/ru
vim70/runtime/spell/ru/ru_RU.diff
vim70/runtime/spell/ru/ru_YO.diff
vim70/runtime/spell/ru/main.aap
vim70/runtime/spell/rw
vim70/runtime/spell/rw/rw_RW.diff
vim70/runtime/spell/rw/main.aap
vim70/runtime/spell/sk
vim70/runtime/spell/sk/sk_SK.diff
vim70/runtime/spell/sk/main.aap
vim70/runtime/spell/sl
vim70/runtime/spell/sl/sl_SI.diff
vim70/runtime/spell/sl/main.aap
vim70/runtime/spell/sv
vim70/runtime/spell/sv/sv_SE.diff
vim70/runtime/spell/sv/main.aap
vim70/runtime/spell/sw
vim70/runtime/spell/sw/sw_KE.diff
vim70/runtime/spell/sw/main.aap
vim70/runtime/spell/th
vim70/runtime/spell/th/th.diff
vim70/runtime/spell/th/main.aap
vim70/runtime/spell/tl
vim70/runtime/spell/tl/tl_PH.diff
vim70/runtime/spell/tl/main.aap
vim70/runtime/spell/tn
vim70/runtime/spell/tn/tn_ZA.diff
vim70/runtime/spell/tn/main.aap
vim70/runtime/spell/uk
vim70/runtime/spell/uk/uk_UA.diff
vim70/runtime/spell/uk/main.aap
vim70/runtime/spell/yi
vim70/runtime/spell/yi/yi.diff
vim70/runtime/spell/yi/yi_tr.diff
vim70/runtime/spell/yi/main.aap
vim70/runtime/spell/yi/README.txt
vim70/runtime/spell/zu
vim70/runtime/spell/zu/zu_ZA.diff
vim70/runtime/spell/zu/main.aap
vim70/runtime/spell/main.aap
vim70/runtime/spell/cleanadd.vim
vim70/runtime/spell/he.vim
vim70/runtime/spell/yi.vim
vim70/runtime/spell/fixdup
vim70/runtime/spell/README_en.txt
vim70/runtime/spell/en.ascii.spl
vim70/runtime/spell/en.latin1.spl
vim70/runtime/spell/en.utf-8.spl
vim70/runtime/spell/en.ascii.sug
vim70/runtime/spell/en.latin1.sug
vim70/runtime/spell/en.utf-8.sug
vim70/README_unix.txt
vim70/README_lang.txt
vim70/src
vim70/src/README.txt
vim70/src/arabic.c
vim70/src/arabic.h
vim70/src/ascii.h
vim70/src/buffer.c
vim70/src/charset.c
vim70/src/diff.c
vim70/src/digraph.c
vim70/src/edit.c
vim70/src/eval.c
vim70/src/ex_cmds.c
vim70/src/ex_cmds.h
vim70/src/ex_cmds2.c
vim70/src/ex_docmd.c
vim70/src/ex_eval.c
vim70/src/ex_getln.c
vim70/src/farsi.c
vim70/src/farsi.h
vim70/src/feature.h
vim70/src/fileio.c
vim70/src/fold.c
vim70/src/getchar.c
vim70/src/globals.h
vim70/src/gui.c
vim70/src/gui.h
vim70/src/gui_beval.c
vim70/src/gui_beval.h
vim70/src/hardcopy.c
vim70/src/hashtab.c
vim70/src/keymap.h
vim70/src/macros.h
vim70/src/main.c
vim70/src/mark.c
vim70/src/mbyte.c
vim70/src/memfile.c
vim70/src/memline.c
vim70/src/menu.c
vim70/src/message.c
vim70/src/misc1.c
vim70/src/misc2.c
vim70/src/move.c
vim70/src/mysign
vim70/src/nbdebug.c
vim70/src/nbdebug.h
vim70/src/netbeans.c
vim70/src/normal.c
vim70/src/ops.c
vim70/src/option.c
vim70/src/option.h
vim70/src/popupmnu.c
vim70/src/quickfix.c
vim70/src/regexp.c
vim70/src/regexp.h
vim70/src/screen.c
vim70/src/search.c
vim70/src/structs.h
vim70/src/spell.c
vim70/src/syntax.c
vim70/src/tag.c
vim70/src/term.c
vim70/src/term.h
vim70/src/termlib.c
vim70/src/ui.c
vim70/src/undo.c
vim70/src/version.c
vim70/src/version.h
vim70/src/vim.h
vim70/src/window.c
vim70/src/xxd
vim70/src/xxd/xxd.c
vim70/src/xxd/Makefile
vim70/src/main.aap
vim70/src/testdir
vim70/src/testdir/main.aap
vim70/src/testdir/dotest.in
vim70/src/testdir/test1.in
vim70/src/testdir/test10.in
vim70/src/testdir/test10a.in
vim70/src/testdir/test11.in
vim70/src/testdir/test12.in
vim70/src/testdir/test13.in
vim70/src/testdir/test14.in
vim70/src/testdir/test15.in
vim70/src/testdir/test16.in
vim70/src/testdir/test17.in
vim70/src/testdir/test17a.in
vim70/src/testdir/test18.in
vim70/src/testdir/test19.in
vim70/src/testdir/test2.in
vim70/src/testdir/test20.in
vim70/src/testdir/test21.in
vim70/src/testdir/test22.in
vim70/src/testdir/test23.in
vim70/src/testdir/test24.in
vim70/src/testdir/test25.in
vim70/src/testdir/test26.in
vim70/src/testdir/test27.in
vim70/src/testdir/test28.in
vim70/src/testdir/test29.in
vim70/src/testdir/test3.in
vim70/src/testdir/test30.in
vim70/src/testdir/test31.in
vim70/src/testdir/test32.in
vim70/src/testdir/test33.in
vim70/src/testdir/test34.in
vim70/src/testdir/test35.in
vim70/src/testdir/test36.in
vim70/src/testdir/test37.in
vim70/src/testdir/test38.in
vim70/src/testdir/test39.in
vim70/src/testdir/test4.in
vim70/src/testdir/test40.in
vim70/src/testdir/test41.in
vim70/src/testdir/test42.in
vim70/src/testdir/test43.in
vim70/src/testdir/test44.in
vim70/src/testdir/test45.in
vim70/src/testdir/test46.in
vim70/src/testdir/test47.in
vim70/src/testdir/test48.in
vim70/src/testdir/test49.in
vim70/src/testdir/test5.in
vim70/src/testdir/test50.in
vim70/src/testdir/test51.in
vim70/src/testdir/test52.in
vim70/src/testdir/test53.in
vim70/src/testdir/test54.in
vim70/src/testdir/test55.in
vim70/src/testdir/test56.in
vim70/src/testdir/test57.in
vim70/src/testdir/test58.in
vim70/src/testdir/test59.in
vim70/src/testdir/test6.in
vim70/src/testdir/test60.in
vim70/src/testdir/test61.in
vim70/src/testdir/test62.in
vim70/src/testdir/test7.in
vim70/src/testdir/test8.in
vim70/src/testdir/test9.in
vim70/src/testdir/test1.ok
vim70/src/testdir/test10.ok
vim70/src/testdir/test10a.ok
vim70/src/testdir/test11.ok
vim70/src/testdir/test12.ok
vim70/src/testdir/test13.ok
vim70/src/testdir/test14.ok
vim70/src/testdir/test15.ok
vim70/src/testdir/test16.ok
vim70/src/testdir/test17.ok
vim70/src/testdir/test18.ok
vim70/src/testdir/test19.ok
vim70/src/testdir/test2.ok
vim70/src/testdir/test20.ok
vim70/src/testdir/test21.ok
vim70/src/testdir/test22.ok
vim70/src/testdir/test23.ok
vim70/src/testdir/test24.ok
vim70/src/testdir/test25.ok
vim70/src/testdir/test26.ok
vim70/src/testdir/test27.ok
vim70/src/testdir/test28.ok
vim70/src/testdir/test29.ok
vim70/src/testdir/test3.ok
vim70/src/testdir/test30.ok
vim70/src/testdir/test31.ok
vim70/src/testdir/test32.ok
vim70/src/testdir/test33.ok
vim70/src/testdir/test34.ok
vim70/src/testdir/test35.ok
vim70/src/testdir/test36.ok
vim70/src/testdir/test37.ok
vim70/src/testdir/test38.ok
vim70/src/testdir/test39.ok
vim70/src/testdir/test4.ok
vim70/src/testdir/test40.ok
vim70/src/testdir/test41.ok
vim70/src/testdir/test42.ok
vim70/src/testdir/test43.ok
vim70/src/testdir/test44.ok
vim70/src/testdir/test45.ok
vim70/src/testdir/test46.ok
vim70/src/testdir/test47.ok
vim70/src/testdir/test48.ok
vim70/src/testdir/test49.ok
vim70/src/testdir/test5.ok
vim70/src/testdir/test50.ok
vim70/src/testdir/test51.ok
vim70/src/testdir/test52.ok
vim70/src/testdir/test53.ok
vim70/src/testdir/test54.ok
vim70/src/testdir/test55.ok
vim70/src/testdir/test56.ok
vim70/src/testdir/test57.ok
vim70/src/testdir/test58.ok
vim70/src/testdir/test59.ok
vim70/src/testdir/test6.ok
vim70/src/testdir/test60.ok
vim70/src/testdir/test61.ok
vim70/src/testdir/test62.ok
vim70/src/testdir/test7.ok
vim70/src/testdir/test8.ok
vim70/src/testdir/test9.ok
vim70/src/testdir/test49.vim
vim70/src/testdir/test60.vim
vim70/src/testdir/Makefile
vim70/src/testdir/unix.vim
vim70/src/proto.h
vim70/src/proto
vim70/src/proto/buffer.pro
vim70/src/proto/charset.pro
vim70/src/proto/diff.pro
vim70/src/proto/digraph.pro
vim70/src/proto/edit.pro
vim70/src/proto/eval.pro
vim70/src/proto/ex_cmds.pro
vim70/src/proto/ex_cmds2.pro
vim70/src/proto/ex_docmd.pro
vim70/src/proto/ex_eval.pro
vim70/src/proto/ex_getln.pro
vim70/src/proto/fileio.pro
vim70/src/proto/fold.pro
vim70/src/proto/getchar.pro
vim70/src/proto/gui.pro
vim70/src/proto/gui_beval.pro
vim70/src/proto/hardcopy.pro
vim70/src/proto/hashtab.pro
vim70/src/proto/main.pro
vim70/src/proto/mark.pro
vim70/src/proto/mbyte.pro
vim70/src/proto/memfile.pro
vim70/src/proto/memline.pro
vim70/src/proto/menu.pro
vim70/src/proto/message.pro
vim70/src/proto/misc1.pro
vim70/src/proto/misc2.pro
vim70/src/proto/move.pro
vim70/src/proto/netbeans.pro
vim70/src/proto/normal.pro
vim70/src/proto/ops.pro
vim70/src/proto/option.pro
vim70/src/proto/popupmnu.pro
vim70/src/proto/quickfix.pro
vim70/src/proto/regexp.pro
vim70/src/proto/screen.pro
vim70/src/proto/search.pro
vim70/src/proto/spell.pro
vim70/src/proto/syntax.pro
vim70/src/proto/tag.pro
vim70/src/proto/term.pro
vim70/src/proto/termlib.pro
vim70/src/proto/ui.pro
vim70/src/proto/undo.pro
vim70/src/proto/version.pro
vim70/src/proto/window.pro
vim70/src/proto/gui_athena.pro
vim70/src/proto/gui_gtk.pro
vim70/src/proto/gui_gtk_x11.pro
vim70/src/proto/gui_motif.pro
vim70/src/proto/gui_xmdlg.pro
vim70/src/proto/gui_x11.pro
vim70/src/proto/hangulin.pro
vim70/src/proto/if_xcmdsrv.pro
vim70/src/proto/os_unix.pro
vim70/src/proto/pty.pro
vim70/src/proto/workshop.pro
vim70/src/proto/if_cscope.pro
vim70/src/proto/if_mzsch.pro
vim70/src/proto/if_perl.pro
vim70/src/proto/if_perlsfio.pro
vim70/src/proto/if_python.pro
vim70/src/proto/if_ruby.pro
vim70/src/proto/if_tcl.pro
vim70/src/INSTALL
vim70/src/Makefile
vim70/src/auto
vim70/src/auto/configure
vim70/src/auto/config.mk
vim70/src/auto/config.h
vim70/src/config.aap.in
vim70/src/config.h.in
vim70/src/config.mk.dist
vim70/src/config.mk.in
vim70/src/link.sh
vim70/src/configure
vim70/src/configure.in
vim70/src/gui_at_fs.c
vim70/src/gui_at_sb.c
vim70/src/gui_at_sb.h
vim70/src/gui_athena.c
vim70/src/gui_gtk.c
vim70/src/gui_gtk_f.c
vim70/src/gui_gtk_f.h
vim70/src/gui_gtk_x11.c
vim70/src/gui_motif.c
vim70/src/gui_xmdlg.c
vim70/src/gui_xmebw.c
vim70/src/gui_xmebw.h
vim70/src/gui_xmebwp.h
vim70/src/gui_x11.c
vim70/src/gui_x11_pm.h
vim70/src/hangulin.c
vim70/src/if_xcmdsrv.c
vim70/src/integration.c
vim70/src/integration.h
vim70/src/installman.sh
vim70/src/installml.sh
vim70/src/mkinstalldirs
vim70/src/os_unix.c
vim70/src/os_unix.h
vim70/src/os_unixx.h
vim70/src/osdef.sh
vim70/src/osdef1.h.in
vim70/src/osdef2.h.in
vim70/src/pathdef.sh
vim70/src/pty.c
vim70/src/toolcheck
vim70/src/vim_icon.xbm
vim70/src/vim_mask.xbm
vim70/src/vimtutor
vim70/src/which.sh
vim70/src/workshop.c
vim70/src/workshop.h
vim70/src/wsdebug.c
vim70/src/wsdebug.h
vim70/src/if_cscope.c
vim70/src/if_cscope.h
vim70/src/if_mzsch.c
vim70/src/if_mzsch.h
vim70/src/if_perl.xs
vim70/src/if_perlsfio.c
vim70/src/if_python.c
vim70/src/if_ruby.c
vim70/src/if_sniff.h
vim70/src/if_tcl.c
vim70/src/typemap
vim70/Makefile
vim70/Filelist
vim70/README_src.txt
vim70/configure
vim70/pixmaps
vim70/pixmaps/alert.xpm
vim70/pixmaps/error.xpm
vim70/pixmaps/generic.xpm
vim70/pixmaps/info.xpm
vim70/pixmaps/quest.xpm
vim70/pixmaps/tb_blank.xpm
vim70/pixmaps/tb_close.xpm
vim70/pixmaps/tb_copy.xpm
vim70/pixmaps/tb_ctags.xpm
vim70/pixmaps/tb_cut.xpm
vim70/pixmaps/tb_exit.xpm
vim70/pixmaps/tb_find.xpm
vim70/pixmaps/tb_find_help.xpm
vim70/pixmaps/tb_find_next.xpm
vim70/pixmaps/tb_find_prev.xpm
vim70/pixmaps/tb_help.xpm
vim70/pixmaps/tb_jump.xpm
vim70/pixmaps/tb_load_session.xpm
vim70/pixmaps/tb_macro.xpm
vim70/pixmaps/tb_make.xpm
vim70/pixmaps/tb_maximize.xpm
vim70/pixmaps/tb_maxwidth.xpm
vim70/pixmaps/tb_minimize.xpm
vim70/pixmaps/tb_minwidth.xpm
vim70/pixmaps/tb_new.xpm
vim70/pixmaps/tb_new_session.xpm
vim70/pixmaps/tb_open.xpm
vim70/pixmaps/tb_paste.xpm
vim70/pixmaps/tb_print.xpm
vim70/pixmaps/tb_redo.xpm
vim70/pixmaps/tb_replace.xpm
vim70/pixmaps/tb_save.xpm
vim70/pixmaps/tb_save_all.xpm
vim70/pixmaps/tb_save_session.xpm
vim70/pixmaps/tb_shell.xpm
vim70/pixmaps/tb_split.xpm
vim70/pixmaps/tb_undo.xpm
vim70/pixmaps/tb_vsplit.xpm
vim70/pixmaps/gen-inline-pixbufs.sh
vim70/pixmaps/stock_icons.h
