configure: creating cache auto/config.cache
checking whether make sets $(MAKE)... yes
checking for gcc... gcc
checking for C compiler default output file name... a.out
checking whether the C compiler works... yes
checking whether we are cross compiling... no
checking for suffix of executables... 
checking for suffix of object files... o
checking whether we are using the GNU C compiler... yes
checking whether gcc accepts -g... yes
checking for gcc option to accept ANSI C... none needed
checking how to run the C preprocessor... gcc -E
checking for egrep... grep -E
checking for library containing strerror... none required
checking for gawk... gawk
checking for strip... strip
configure: checking for buggy tools...
- sh is	'GNU bash, version 3.1.17(1)-release (i686-pc-linux-gnu)
Copyright (C) 2005 Free Software Foundation, Inc.' - probably OK.
- sed is	'GNU sed version 4.1.5
Copyright (C) 2003 Free Software Foundation, Inc.
This is free software; see the source for copying conditions.  There is NO
warranty; not even for MERCHANTABILITY or FITNESS FOR A PARTICULAR PURPOSE,
to the extent permitted by law.'.
checking for BeOS... no
checking for QNX... no
checking for Darwin (Mac OS X)... no
checking --with-vim-name argument... Defaulting to vim
checking --with-ex-name argument... Defaulting to ex
checking --with-view-name argument... Defaulting to view
checking --with-global-runtime argument... no
checking --with-modified-by argument... no
checking if character set is EBCDIC... no
checking --with-features argument... tiny
checking --with-compiledby argument... no
checking --disable-xsmp argument... no
checking --disable-xsmp-interact argument... no
checking --enable-mzschemeinterp argument... no
checking --enable-perlinterp argument... no
checking --enable-pythoninterp argument... no
checking --enable-tclinterp argument... no
checking --enable-rubyinterp argument... no
checking --enable-cscope argument... no
checking --enable-workshop argument... no
checking --disable-netbeans argument... no
checking for socket in -lsocket... no
checking for gethostbyname in -lnsl... yes
checking whether compiling netbeans integration is possible... yes
checking --enable-sniff argument... no
checking --enable-multibyte argument... yes
checking --enable-hangulinput argument... no
checking --enable-xim argument... defaulting to auto
checking --enable-fontset argument... no
checking for xmkmf... no
checking for X... no
checking if X11 header files can be found... no
checking --enable-gui argument... no GUI support
checking X11/SM/SMlib.h usability... no
checking X11/SM/SMlib.h presence... no
checking for X11/SM/SMlib.h... no
checking quality of toupper... good
checking whether __DATE__ and __TIME__ work... yes
checking elf.h usability... yes
checking elf.h presence... yes
checking for elf.h... yes
checking for main in -lelf... no
checking for dirent.h that defines DIR... yes
checking for library containing opendir... none required
checking for ANSI C header files... yes
checking for sys/wait.h that is POSIX.1 compatible... yes
checking stdarg.h usability... yes
checking stdarg.h presence... yes
checking for stdarg.h... yes
checking stdlib.h usability... yes
checking stdlib.h presence... yes
checking for stdlib.h... yes
checking string.h usability... yes
checking string.h presence... yes
checking for string.h... yes
checking sys/select.h usability... yes
checking sys/select.h presence... yes
checking for sys/select.h... yes
checking sys/utsname.h usability... yes
checking sys/utsname.h presence... yes
checking for sys/utsname.h... yes
checking termcap.h usability... yes
checking termcap.h presence... yes
checking for termcap.h... yes
checking fcntl.h usability... yes
checking fcntl.h presence... yes
checking for fcntl.h... yes
checking sgtty.h usability... yes
checking sgtty.h presence... yes
checking for sgtty.h... yes
checking sys/ioctl.h usability... yes
checking sys/ioctl.h presence... yes
checking for sys/ioctl.h... yes
checking sys/time.h usability... yes
checking sys/time.h presence... yes
checking for sys/time.h... yes
checking termio.h usability... yes
checking termio.h presence... yes
checking for termio.h... yes
checking iconv.h usability... yes
checking iconv.h presence... yes
checking for iconv.h... yes
checking langinfo.h usability... yes
checking langinfo.h presence... yes
checking for langinfo.h... yes
checking unistd.h usability... yes
checking unistd.h presence... yes
checking for unistd.h... yes
checking stropts.h usability... yes
checking stropts.h presence... yes
checking for stropts.h... yes
checking errno.h usability... yes
checking errno.h presence... yes
checking for errno.h... yes
checking sys/resource.h usability... yes
checking sys/resource.h presence... yes
checking for sys/resource.h... yes
checking sys/systeminfo.h usability... no
checking sys/systeminfo.h presence... no
checking for sys/systeminfo.h... no
checking locale.h usability... yes
checking locale.h presence... yes
checking for locale.h... yes
checking sys/stream.h usability... no
checking sys/stream.h presence... no
checking for sys/stream.h... no
checking sys/ptem.h usability... no
checking sys/ptem.h presence... no
checking for sys/ptem.h... no
checking termios.h usability... yes
checking termios.h presence... yes
checking for termios.h... yes
checking libc.h usability... no
checking libc.h presence... no
checking for libc.h... no
checking sys/statfs.h usability... yes
checking sys/statfs.h presence... yes
checking for sys/statfs.h... yes
checking poll.h usability... yes
checking poll.h presence... yes
checking for poll.h... yes
checking sys/poll.h usability... yes
checking sys/poll.h presence... yes
checking for sys/poll.h... yes
checking pwd.h usability... yes
checking pwd.h presence... yes
checking for pwd.h... yes
checking utime.h usability... yes
checking utime.h presence... yes
checking for utime.h... yes
checking sys/param.h usability... yes
checking sys/param.h presence... yes
checking for sys/param.h... yes
checking libintl.h usability... yes
checking libintl.h presence... yes
checking for libintl.h... yes
checking libgen.h usability... yes
checking libgen.h presence... yes
checking for libgen.h... yes
checking util/debug.h usability... no
checking util/debug.h presence... no
checking for util/debug.h... no
checking util/msg18n.h usability... no
checking util/msg18n.h presence... no
checking for util/msg18n.h... no
checking frame.h usability... no
checking frame.h presence... no
checking for frame.h... no
checking sys/acl.h usability... no
checking sys/acl.h presence... no
checking for sys/acl.h... no
checking sys/access.h usability... no
checking sys/access.h presence... no
checking for sys/access.h... no
checking sys/sysctl.h usability... yes
checking sys/sysctl.h presence... yes
checking for sys/sysctl.h... yes
checking sys/sysinfo.h usability... yes
checking sys/sysinfo.h presence... yes
checking for sys/sysinfo.h... yes
checking wchar.h usability... yes
checking wchar.h presence... yes
checking for wchar.h... yes
checking wctype.h usability... yes
checking wctype.h presence... yes
checking for wctype.h... yes
checking for pthread_np.h... no
checking strings.h usability... yes
checking strings.h presence... yes
checking for strings.h... yes
checking if strings.h can be included after string.h... yes
checking whether gcc needs -traditional... no
checking for an ANSI C-conforming const... yes
checking for mode_t... yes
checking for off_t... yes
checking for pid_t... yes
checking for size_t... yes
checking for uid_t in sys/types.h... yes
checking whether time.h and sys/time.h may both be included... yes
checking for ino_t... yes
checking for dev_t... yes
checking for rlim_t... yes
checking for stack_t... yes
checking whether stack_t has an ss_base field... no
checking --with-tlib argument... empty: automatic terminal library selection
checking for tgetent in -lncurses... yes
checking whether we talk terminfo... yes -- terminfo spoken here
checking what tgetent() returns for an unknown terminal... zero
checking whether termcap.h contains ospeed... yes
checking whether termcap.h contains UP, BC and PC... yes
checking whether tputs() uses outfuntype... no
checking whether sys/select.h and sys/time.h may both be included... yes
checking for /dev/ptc... no
checking for SVR4 ptys... yes
checking for ptyranges... abcdepqrstuvwxyz / 0123456789abcdef
checking default tty permissions/group... pty mode: 0620, group: 4
checking return type of signal handlers... void
checking for struct sigcontext... yes
checking getcwd implementation... it is usable
checking for bcmp... yes
checking for fchdir... yes
checking for fchown... yes
checking for fseeko... yes
checking for fsync... yes
checking for ftello... yes
checking for getcwd... yes
checking for getpseudotty... no
checking for getpwnam... yes
checking for getpwuid... yes
checking for getrlimit... yes
checking for gettimeofday... yes
checking for getwd... yes
checking for lstat... yes
checking for memcmp... yes
checking for memset... yes
checking for nanosleep... yes
checking for opendir... yes
checking for putenv... yes
checking for qsort... yes
checking for readlink... yes
checking for select... yes
checking for setenv... yes
checking for setpgid... yes
checking for setsid... yes
checking for sigaltstack... yes
checking for sigstack... yes
checking for sigset... yes
checking for sigsetjmp... no
checking for sigaction... yes
checking for sigvec... yes
checking for strcasecmp... yes
checking for strerror... yes
checking for strftime... yes
checking for stricmp... no
checking for strncasecmp... yes
checking for strnicmp... no
checking for strpbrk... yes
checking for strtol... yes
checking for tgetent... yes
checking for towlower... yes
checking for towupper... yes
checking for iswupper... yes
checking for usleep... yes
checking for utime... yes
checking for utimes... yes
checking for st_blksize... yes
checking whether stat() ignores a trailing slash... no
checking for iconv_open()... yes
checking for nl_langinfo(CODESET)... yes
checking --disable-acl argument... no
checking for acl_get_file in -lposix1e... no
checking for acl_get_file in -lacl... no
checking for POSIX ACL support... no
checking for Solaris ACL support... no
checking for AIX ACL support... no
checking --disable-gpm argument... yes
checking for rename... yes
checking for sysctl... not usable
checking for sysinfo... yes
checking for sysconf... yes
checking size of int... 4
checking whether memmove/bcopy/memcpy handle overlaps... memmove does
checking whether X_LOCALE needed... no
checking for _xpg4_setrunelocale in -lxpg4... no
checking how to create tags... ctags -t
checking how to run man with a section nr... man
checking --disable-nls argument... no
checking for msgfmt... msgfmt
checking for NLS... no "po/Makefile" - disabled
checking dlfcn.h usability... yes
checking dlfcn.h presence... yes
checking for dlfcn.h... yes
checking for dlopen()... no
checking for dlopen() in -ldl... yes
checking for dlsym()... yes
checking setjmp.h usability... yes
checking setjmp.h presence... yes
checking for setjmp.h... yes
checking for GCC 3 or later... yes
updating cache auto/config.cache
configure: creating auto/config.status
config.status: creating auto/config.mk
config.status: creating auto/config.h
