dpkg-deb: building package `vim-7.0-1' in `debian.deb'.
 new debian package, version 2.0.
 size 3730064 bytes: control archive= 1334 bytes.
     221 bytes,    10 lines      control              
     789 bytes,    18 lines      copyright            
       6 bytes,     1 lines      debian-binary        
     769 bytes,    30 lines   *  postinst             #!/bin/bash
     108 bytes,     3 lines   *  postrm               #!/bin/bash
     111 bytes,     3 lines   *  preinst              #!/bin/bash
     365 bytes,    11 lines   *  prerm                #!/bin/bash
 Package: vim-7.0-1
 Version: 1194
 Section: unknown
 Priority: optional
 Architecture: all
 Essential: no
 Depends: aaa-base
 Maintainer: Aethernet support team [support@aethernet.co.uk]
 Provides: vim
 Description: A text editor
